ARM GAS  C:\cygwin\tmp\ccb8mOLr.s 			page 1


   1              		.syntax unified
   2              		.cpu cortex-m4
   3              		.fpu softvfp
   4              		.eabi_attribute 20, 1
   5              		.eabi_attribute 21, 1
   6              		.eabi_attribute 23, 3
   7              		.eabi_attribute 24, 1
   8              		.eabi_attribute 25, 1
   9              		.eabi_attribute 26, 1
  10              		.eabi_attribute 30, 2
  11              		.eabi_attribute 34, 1
  12              		.eabi_attribute 18, 4
  13              		.thumb
  14              		.file	"board.c"
  15              		.text
  16              	.Ltext0:
  17              		.cfi_sections	.debug_frame
  18              		.section	.text.__early_init,"ax",%progbits
  19              		.align	2
  20              		.p2align 4,,15
  21              		.global	__early_init
  22              		.thumb
  23              		.thumb_func
  24              		.type	__early_init, %function
  25              	__early_init:
  26              	.LFB255:
  27              		.file 1 "../../../os/hal/boards/ST_NUCLEO_F401RE/board.c"
  28              		.loc 1 70 0
  29              		.cfi_startproc
  30              		@ args = 0, pretend = 0, frame = 0
  31              		@ frame_needed = 0, uses_anonymous_args = 0
  32              		@ link register save eliminated.
  33              		.loc 1 72 0
  34 0000 FFF7FEBF 		b	stm32_clock_init
  35              	.LVL0:
  36              		.cfi_endproc
  37              	.LFE255:
  38              		.size	__early_init, .-__early_init
  39 0004 AFF30080 		.section	.text.boardInit,"ax",%progbits
  39      AFF30080 
  39      AFF30080 
  40              		.align	2
  41              		.p2align 4,,15
  42              		.global	boardInit
  43              		.thumb
  44              		.thumb_func
  45              		.type	boardInit, %function
  46              	boardInit:
  47              	.LFB256:
  48              		.loc 1 123 0
  49              		.cfi_startproc
  50              		@ args = 0, pretend = 0, frame = 0
  51              		@ frame_needed = 0, uses_anonymous_args = 0
  52              		@ link register save eliminated.
  53 0000 7047     		bx	lr
  54              		.cfi_endproc
  55              	.LFE256:
ARM GAS  C:\cygwin\tmp\ccb8mOLr.s 			page 2


  56              		.size	boardInit, .-boardInit
  57              		.global	pal_default_config
  58 0002 00BFAFF3 		.section	.rodata.pal_default_config,"a",%progbits
  58      0080AFF3 
  58      0080AFF3 
  58      0080
  59              		.align	2
  60              		.type	pal_default_config, %object
  61              		.size	pal_default_config, 168
  62              	pal_default_config:
  63 0000 A004802A 		.word	713032864
  64 0004 00000000 		.word	0
  65 0008 AFFBFFFF 		.word	-1105
  66 000c 05511564 		.word	1679118597
  67 0010 DFFF0000 		.word	65503
  68 0014 00770000 		.word	30464
  69 0018 00A00A00 		.word	696320
  70 001c 80000000 		.word	128
  71 0020 00000000 		.word	0
  72 0024 FFFFFFFF 		.word	-1
  73 0028 55555555 		.word	1431655765
  74 002c FFFF0000 		.word	65535
  75 0030 00000000 		.word	0
  76 0034 00000000 		.word	0
  77 0038 00000000 		.word	0
  78 003c 00000000 		.word	0
  79 0040 FFFFFFFF 		.word	-1
  80 0044 55555551 		.word	1364546901
  81 0048 FFFF0000 		.word	65535
  82 004c 00000000 		.word	0
  83 0050 00000000 		.word	0
  84 0054 00000000 		.word	0
  85 0058 00000000 		.word	0
  86 005c FFFFFFFF 		.word	-1
  87 0060 55555555 		.word	1431655765
  88 0064 FFFF0000 		.word	65535
  89 0068 00000000 		.word	0
  90 006c 00000000 		.word	0
  91 0070 00000000 		.word	0
  92 0074 00000000 		.word	0
  93 0078 FFFFFFFF 		.word	-1
  94 007c 45000000 		.word	69
  95 0080 FFFF0000 		.word	65535
  96 0084 00000000 		.word	0
  97 0088 00000000 		.word	0
  98 008c 00000000 		.word	0
  99 0090 00000000 		.word	0
 100 0094 FFFFFFFF 		.word	-1
 101 0098 00000000 		.word	0
 102 009c FFFF0000 		.word	65535
 103 00a0 00000000 		.word	0
 104 00a4 00000000 		.word	0
 105              		.text
 106              	.Letext0:
 107              		.file 2 "c:\\program files\\gnu tools arm embedded\\4.9 2014q4\\lib\\gcc\\arm-none-eabi\\4.9.3\\in
 108              		.file 3 "c:\\program files\\gnu tools arm embedded\\4.9 2014q4\\arm-none-eabi\\include\\machine\\_
 109              		.file 4 "c:\\program files\\gnu tools arm embedded\\4.9 2014q4\\arm-none-eabi\\include\\stdint.h"
ARM GAS  C:\cygwin\tmp\ccb8mOLr.s 			page 3


 110              		.file 5 "../../../os/rt/ports/ARMCMx/compilers/GCC/chtypes.h"
 111              		.file 6 "../../../os/rt/include/chsystypes.h"
 112              		.file 7 "../../../os/rt/include/chschd.h"
 113              		.file 8 "../../../os/rt/ports/ARMCMx/chcore.h"
 114              		.file 9 "../../../os/rt/ports/ARMCMx/chcore_v7m.h"
 115              		.file 10 "../../../os/rt/include/chtm.h"
 116              		.file 11 "../../../os/rt/include/chmtx.h"
 117              		.file 12 "../../../os/hal/ports/STM32/LLD/GPIOv2/pal_lld.h"
 118              		.file 13 "../../../os/ext/CMSIS/include/core_cm4.h"
 119              		.file 14 "../../../os/hal/ports/STM32/STM32F4xx/hal_lld.h"
 120              		.section	.debug_info,"",%progbits
 121              	.Ldebug_info0:
 122 0000 E7060000 		.4byte	0x6e7
 123 0004 0400     		.2byte	0x4
 124 0006 00000000 		.4byte	.Ldebug_abbrev0
 125 000a 04       		.byte	0x4
 126 000b 01       		.uleb128 0x1
 127 000c 40020000 		.4byte	.LASF111
 128 0010 01       		.byte	0x1
 129 0011 2E000000 		.4byte	.LASF112
 130 0015 A3030000 		.4byte	.LASF113
 131 0019 00000000 		.4byte	.Ldebug_ranges0+0
 132 001d 00000000 		.4byte	0
 133 0021 00000000 		.4byte	.Ldebug_line0
 134 0025 02       		.uleb128 0x2
 135 0026 04       		.byte	0x4
 136 0027 05       		.byte	0x5
 137 0028 696E7400 		.ascii	"int\000"
 138 002c 03       		.uleb128 0x3
 139 002d 20000000 		.4byte	.LASF2
 140 0031 02       		.byte	0x2
 141 0032 D4       		.byte	0xd4
 142 0033 37000000 		.4byte	0x37
 143 0037 04       		.uleb128 0x4
 144 0038 04       		.byte	0x4
 145 0039 07       		.byte	0x7
 146 003a A9010000 		.4byte	.LASF0
 147 003e 04       		.uleb128 0x4
 148 003f 01       		.byte	0x1
 149 0040 06       		.byte	0x6
 150 0041 0D010000 		.4byte	.LASF1
 151 0045 03       		.uleb128 0x3
 152 0046 67000000 		.4byte	.LASF3
 153 004a 03       		.byte	0x3
 154 004b 1D       		.byte	0x1d
 155 004c 50000000 		.4byte	0x50
 156 0050 04       		.uleb128 0x4
 157 0051 01       		.byte	0x1
 158 0052 08       		.byte	0x8
 159 0053 35040000 		.4byte	.LASF4
 160 0057 04       		.uleb128 0x4
 161 0058 02       		.byte	0x2
 162 0059 05       		.byte	0x5
 163 005a 52040000 		.4byte	.LASF5
 164 005e 04       		.uleb128 0x4
 165 005f 02       		.byte	0x2
 166 0060 07       		.byte	0x7
ARM GAS  C:\cygwin\tmp\ccb8mOLr.s 			page 4


 167 0061 E5010000 		.4byte	.LASF6
 168 0065 03       		.uleb128 0x3
 169 0066 36020000 		.4byte	.LASF7
 170 006a 03       		.byte	0x3
 171 006b 3F       		.byte	0x3f
 172 006c 70000000 		.4byte	0x70
 173 0070 04       		.uleb128 0x4
 174 0071 04       		.byte	0x4
 175 0072 05       		.byte	0x5
 176 0073 39010000 		.4byte	.LASF8
 177 0077 03       		.uleb128 0x3
 178 0078 1D050000 		.4byte	.LASF9
 179 007c 03       		.byte	0x3
 180 007d 41       		.byte	0x41
 181 007e 82000000 		.4byte	0x82
 182 0082 04       		.uleb128 0x4
 183 0083 04       		.byte	0x4
 184 0084 07       		.byte	0x7
 185 0085 D8040000 		.4byte	.LASF10
 186 0089 04       		.uleb128 0x4
 187 008a 08       		.byte	0x8
 188 008b 05       		.byte	0x5
 189 008c FF000000 		.4byte	.LASF11
 190 0090 03       		.uleb128 0x3
 191 0091 98030000 		.4byte	.LASF12
 192 0095 03       		.byte	0x3
 193 0096 5B       		.byte	0x5b
 194 0097 9B000000 		.4byte	0x9b
 195 009b 04       		.uleb128 0x4
 196 009c 08       		.byte	0x8
 197 009d 07       		.byte	0x7
 198 009e 93000000 		.4byte	.LASF13
 199 00a2 03       		.uleb128 0x3
 200 00a3 6D050000 		.4byte	.LASF14
 201 00a7 04       		.byte	0x4
 202 00a8 15       		.byte	0x15
 203 00a9 45000000 		.4byte	0x45
 204 00ad 03       		.uleb128 0x3
 205 00ae 2D040000 		.4byte	.LASF15
 206 00b2 04       		.byte	0x4
 207 00b3 2C       		.byte	0x2c
 208 00b4 65000000 		.4byte	0x65
 209 00b8 03       		.uleb128 0x3
 210 00b9 AE040000 		.4byte	.LASF16
 211 00bd 04       		.byte	0x4
 212 00be 2D       		.byte	0x2d
 213 00bf 77000000 		.4byte	0x77
 214 00c3 03       		.uleb128 0x3
 215 00c4 5E000000 		.4byte	.LASF17
 216 00c8 04       		.byte	0x4
 217 00c9 39       		.byte	0x39
 218 00ca 90000000 		.4byte	0x90
 219 00ce 05       		.uleb128 0x5
 220 00cf AD000000 		.4byte	0xad
 221 00d3 03       		.uleb128 0x3
 222 00d4 41050000 		.4byte	.LASF18
 223 00d8 05       		.byte	0x5
ARM GAS  C:\cygwin\tmp\ccb8mOLr.s 			page 5


 224 00d9 45       		.byte	0x45
 225 00da B8000000 		.4byte	0xb8
 226 00de 03       		.uleb128 0x3
 227 00df 14020000 		.4byte	.LASF19
 228 00e3 05       		.byte	0x5
 229 00e4 48       		.byte	0x48
 230 00e5 A2000000 		.4byte	0xa2
 231 00e9 03       		.uleb128 0x3
 232 00ea 49010000 		.4byte	.LASF20
 233 00ee 05       		.byte	0x5
 234 00ef 49       		.byte	0x49
 235 00f0 A2000000 		.4byte	0xa2
 236 00f4 03       		.uleb128 0x3
 237 00f5 EA030000 		.4byte	.LASF21
 238 00f9 05       		.byte	0x5
 239 00fa 4A       		.byte	0x4a
 240 00fb A2000000 		.4byte	0xa2
 241 00ff 03       		.uleb128 0x3
 242 0100 09040000 		.4byte	.LASF22
 243 0104 05       		.byte	0x5
 244 0105 4C       		.byte	0x4c
 245 0106 B8000000 		.4byte	0xb8
 246 010a 03       		.uleb128 0x3
 247 010b 02020000 		.4byte	.LASF23
 248 010f 05       		.byte	0x5
 249 0110 4D       		.byte	0x4d
 250 0111 AD000000 		.4byte	0xad
 251 0115 03       		.uleb128 0x3
 252 0116 2A020000 		.4byte	.LASF24
 253 011a 05       		.byte	0x5
 254 011b 4F       		.byte	0x4f
 255 011c B8000000 		.4byte	0xb8
 256 0120 03       		.uleb128 0x3
 257 0121 FF040000 		.4byte	.LASF25
 258 0125 06       		.byte	0x6
 259 0126 33       		.byte	0x33
 260 0127 B8000000 		.4byte	0xb8
 261 012b 03       		.uleb128 0x3
 262 012c EF040000 		.4byte	.LASF26
 263 0130 06       		.byte	0x6
 264 0131 3F       		.byte	0x3f
 265 0132 36010000 		.4byte	0x136
 266 0136 06       		.uleb128 0x6
 267 0137 F8010000 		.4byte	.LASF45
 268 013b 44       		.byte	0x44
 269 013c 07       		.byte	0x7
 270 013d BE       		.byte	0xbe
 271 013e 23020000 		.4byte	0x223
 272 0142 07       		.uleb128 0x7
 273 0143 83040000 		.4byte	.LASF27
 274 0147 07       		.byte	0x7
 275 0148 BF       		.byte	0xbf
 276 0149 07050000 		.4byte	0x507
 277 014d 00       		.byte	0
 278 014e 07       		.uleb128 0x7
 279 014f 02040000 		.4byte	.LASF28
 280 0153 07       		.byte	0x7
ARM GAS  C:\cygwin\tmp\ccb8mOLr.s 			page 6


 281 0154 C1       		.byte	0xc1
 282 0155 07050000 		.4byte	0x507
 283 0159 04       		.byte	0x4
 284 015a 07       		.uleb128 0x7
 285 015b F8000000 		.4byte	.LASF29
 286 015f 07       		.byte	0x7
 287 0160 C3       		.byte	0xc3
 288 0161 FF000000 		.4byte	0xff
 289 0165 08       		.byte	0x8
 290 0166 07       		.uleb128 0x7
 291 0167 C4050000 		.4byte	.LASF30
 292 016b 07       		.byte	0x7
 293 016c C4       		.byte	0xc4
 294 016d 4D040000 		.4byte	0x44d
 295 0171 0C       		.byte	0xc
 296 0172 07       		.uleb128 0x7
 297 0173 52010000 		.4byte	.LASF31
 298 0177 07       		.byte	0x7
 299 0178 C6       		.byte	0xc6
 300 0179 07050000 		.4byte	0x507
 301 017d 10       		.byte	0x10
 302 017e 07       		.uleb128 0x7
 303 017f 5B030000 		.4byte	.LASF32
 304 0183 07       		.byte	0x7
 305 0184 C7       		.byte	0xc7
 306 0185 07050000 		.4byte	0x507
 307 0189 14       		.byte	0x14
 308 018a 07       		.uleb128 0x7
 309 018b 7C050000 		.4byte	.LASF33
 310 018f 07       		.byte	0x7
 311 0190 CE       		.byte	0xce
 312 0191 45050000 		.4byte	0x545
 313 0195 18       		.byte	0x18
 314 0196 07       		.uleb128 0x7
 315 0197 5C040000 		.4byte	.LASF34
 316 019b 07       		.byte	0x7
 317 019c D9       		.byte	0xd9
 318 019d E9000000 		.4byte	0xe9
 319 01a1 1C       		.byte	0x1c
 320 01a2 07       		.uleb128 0x7
 321 01a3 8A040000 		.4byte	.LASF35
 322 01a7 07       		.byte	0x7
 323 01a8 DD       		.byte	0xdd
 324 01a9 DE000000 		.4byte	0xde
 325 01ad 1D       		.byte	0x1d
 326 01ae 07       		.uleb128 0x7
 327 01af 60050000 		.4byte	.LASF36
 328 01b3 07       		.byte	0x7
 329 01b4 E2       		.byte	0xe2
 330 01b5 F4000000 		.4byte	0xf4
 331 01b9 1E       		.byte	0x1e
 332 01ba 08       		.uleb128 0x8
 333 01bb 705F7500 		.ascii	"p_u\000"
 334 01bf 07       		.byte	0x7
 335 01c0 1401     		.2byte	0x114
 336 01c2 0D050000 		.4byte	0x50d
 337 01c6 20       		.byte	0x20
ARM GAS  C:\cygwin\tmp\ccb8mOLr.s 			page 7


 338 01c7 09       		.uleb128 0x9
 339 01c8 25030000 		.4byte	.LASF37
 340 01cc 07       		.byte	0x7
 341 01cd 1901     		.2byte	0x119
 342 01cf 23020000 		.4byte	0x223
 343 01d3 24       		.byte	0x24
 344 01d4 09       		.uleb128 0x9
 345 01d5 BE010000 		.4byte	.LASF38
 346 01d9 07       		.byte	0x7
 347 01da 1F01     		.2byte	0x11f
 348 01dc 47020000 		.4byte	0x247
 349 01e0 28       		.byte	0x28
 350 01e1 09       		.uleb128 0x9
 351 01e2 99050000 		.4byte	.LASF39
 352 01e6 07       		.byte	0x7
 353 01e7 2301     		.2byte	0x123
 354 01e9 0A010000 		.4byte	0x10a
 355 01ed 30       		.byte	0x30
 356 01ee 09       		.uleb128 0x9
 357 01ef A3040000 		.4byte	.LASF40
 358 01f3 07       		.byte	0x7
 359 01f4 2901     		.2byte	0x129
 360 01f6 15010000 		.4byte	0x115
 361 01fa 34       		.byte	0x34
 362 01fb 09       		.uleb128 0x9
 363 01fc 48040000 		.4byte	.LASF41
 364 0200 07       		.byte	0x7
 365 0201 3001     		.2byte	0x130
 366 0203 88050000 		.4byte	0x588
 367 0207 38       		.byte	0x38
 368 0208 09       		.uleb128 0x9
 369 0209 09050000 		.4byte	.LASF42
 370 020d 07       		.byte	0x7
 371 020e 3401     		.2byte	0x134
 372 0210 FF000000 		.4byte	0xff
 373 0214 3C       		.byte	0x3c
 374 0215 09       		.uleb128 0x9
 375 0216 19010000 		.4byte	.LASF43
 376 021a 07       		.byte	0x7
 377 021b 3A01     		.2byte	0x13a
 378 021d FA020000 		.4byte	0x2fa
 379 0221 40       		.byte	0x40
 380 0222 00       		.byte	0
 381 0223 03       		.uleb128 0x3
 382 0224 8A050000 		.4byte	.LASF44
 383 0228 06       		.byte	0x6
 384 0229 44       		.byte	0x44
 385 022a 2E020000 		.4byte	0x22e
 386 022e 06       		.uleb128 0x6
 387 022f C8040000 		.4byte	.LASF46
 388 0233 04       		.byte	0x4
 389 0234 07       		.byte	0x7
 390 0235 AC       		.byte	0xac
 391 0236 47020000 		.4byte	0x247
 392 023a 07       		.uleb128 0x7
 393 023b 83040000 		.4byte	.LASF27
 394 023f 07       		.byte	0x7
ARM GAS  C:\cygwin\tmp\ccb8mOLr.s 			page 8


 395 0240 AD       		.byte	0xad
 396 0241 07050000 		.4byte	0x507
 397 0245 00       		.byte	0
 398 0246 00       		.byte	0
 399 0247 03       		.uleb128 0x3
 400 0248 50050000 		.4byte	.LASF47
 401 024c 06       		.byte	0x6
 402 024d 4B       		.byte	0x4b
 403 024e 52020000 		.4byte	0x252
 404 0252 06       		.uleb128 0x6
 405 0253 E7000000 		.4byte	.LASF48
 406 0257 08       		.byte	0x8
 407 0258 07       		.byte	0x7
 408 0259 B3       		.byte	0xb3
 409 025a 77020000 		.4byte	0x277
 410 025e 07       		.uleb128 0x7
 411 025f 83040000 		.4byte	.LASF27
 412 0263 07       		.byte	0x7
 413 0264 B4       		.byte	0xb4
 414 0265 07050000 		.4byte	0x507
 415 0269 00       		.byte	0
 416 026a 07       		.uleb128 0x7
 417 026b 02040000 		.4byte	.LASF28
 418 026f 07       		.byte	0x7
 419 0270 B5       		.byte	0xb5
 420 0271 07050000 		.4byte	0x507
 421 0275 04       		.byte	0x4
 422 0276 00       		.byte	0
 423 0277 03       		.uleb128 0x3
 424 0278 13000000 		.4byte	.LASF49
 425 027c 06       		.byte	0x6
 426 027d 52       		.byte	0x52
 427 027e 82020000 		.4byte	0x282
 428 0282 0A       		.uleb128 0xa
 429 0283 1C020000 		.4byte	.LASF50
 430 0287 1C       		.byte	0x1c
 431 0288 07       		.byte	0x7
 432 0289 7201     		.2byte	0x172
 433 028b DE020000 		.4byte	0x2de
 434 028f 09       		.uleb128 0x9
 435 0290 B7040000 		.4byte	.LASF51
 436 0294 07       		.byte	0x7
 437 0295 7301     		.2byte	0x173
 438 0297 47020000 		.4byte	0x247
 439 029b 00       		.byte	0
 440 029c 09       		.uleb128 0x9
 441 029d 6E040000 		.4byte	.LASF52
 442 02a1 07       		.byte	0x7
 443 02a2 7401     		.2byte	0x174
 444 02a4 FF000000 		.4byte	0xff
 445 02a8 08       		.byte	0x8
 446 02a9 09       		.uleb128 0x9
 447 02aa 63030000 		.4byte	.LASF53
 448 02ae 07       		.byte	0x7
 449 02af 7601     		.2byte	0x176
 450 02b1 4D040000 		.4byte	0x44d
 451 02b5 0C       		.byte	0xc
ARM GAS  C:\cygwin\tmp\ccb8mOLr.s 			page 9


 452 02b6 09       		.uleb128 0x9
 453 02b7 5A010000 		.4byte	.LASF54
 454 02bb 07       		.byte	0x7
 455 02bc 7901     		.2byte	0x179
 456 02be 07050000 		.4byte	0x507
 457 02c2 10       		.byte	0x10
 458 02c3 09       		.uleb128 0x9
 459 02c4 90030000 		.4byte	.LASF55
 460 02c8 07       		.byte	0x7
 461 02c9 7A01     		.2byte	0x17a
 462 02cb 07050000 		.4byte	0x507
 463 02cf 14       		.byte	0x14
 464 02d0 09       		.uleb128 0x9
 465 02d1 86030000 		.4byte	.LASF56
 466 02d5 07       		.byte	0x7
 467 02d6 7D01     		.2byte	0x17d
 468 02d8 07050000 		.4byte	0x507
 469 02dc 18       		.byte	0x18
 470 02dd 00       		.byte	0
 471 02de 03       		.uleb128 0x3
 472 02df 14050000 		.4byte	.LASF57
 473 02e3 06       		.byte	0x6
 474 02e4 57       		.byte	0x57
 475 02e5 E9020000 		.4byte	0x2e9
 476 02e9 0B       		.uleb128 0xb
 477 02ea 04       		.byte	0x4
 478 02eb EF020000 		.4byte	0x2ef
 479 02ef 0C       		.uleb128 0xc
 480 02f0 FA020000 		.4byte	0x2fa
 481 02f4 0D       		.uleb128 0xd
 482 02f5 FA020000 		.4byte	0x2fa
 483 02f9 00       		.byte	0
 484 02fa 0E       		.uleb128 0xe
 485 02fb 04       		.byte	0x4
 486 02fc 03       		.uleb128 0x3
 487 02fd F2030000 		.4byte	.LASF58
 488 0301 06       		.byte	0x6
 489 0302 5C       		.byte	0x5c
 490 0303 07030000 		.4byte	0x307
 491 0307 0A       		.uleb128 0xa
 492 0308 92040000 		.4byte	.LASF59
 493 030c 14       		.byte	0x14
 494 030d 07       		.byte	0x7
 495 030e 4D01     		.2byte	0x14d
 496 0310 56030000 		.4byte	0x356
 497 0314 09       		.uleb128 0x9
 498 0315 B6010000 		.4byte	.LASF60
 499 0319 07       		.byte	0x7
 500 031a 4E01     		.2byte	0x14e
 501 031c 8E050000 		.4byte	0x58e
 502 0320 00       		.byte	0
 503 0321 09       		.uleb128 0x9
 504 0322 6B010000 		.4byte	.LASF61
 505 0326 07       		.byte	0x7
 506 0327 4F01     		.2byte	0x14f
 507 0329 8E050000 		.4byte	0x58e
 508 032d 04       		.byte	0x4
ARM GAS  C:\cygwin\tmp\ccb8mOLr.s 			page 10


 509 032e 09       		.uleb128 0x9
 510 032f BF040000 		.4byte	.LASF62
 511 0333 07       		.byte	0x7
 512 0334 5001     		.2byte	0x150
 513 0336 20010000 		.4byte	0x120
 514 033a 08       		.byte	0x8
 515 033b 09       		.uleb128 0x9
 516 033c CA050000 		.4byte	.LASF63
 517 0340 07       		.byte	0x7
 518 0341 5101     		.2byte	0x151
 519 0343 DE020000 		.4byte	0x2de
 520 0347 0C       		.byte	0xc
 521 0348 09       		.uleb128 0x9
 522 0349 49050000 		.4byte	.LASF64
 523 034d 07       		.byte	0x7
 524 034e 5301     		.2byte	0x153
 525 0350 FA020000 		.4byte	0x2fa
 526 0354 10       		.byte	0x10
 527 0355 00       		.byte	0
 528 0356 03       		.uleb128 0x3
 529 0357 C4000000 		.4byte	.LASF65
 530 035b 06       		.byte	0x6
 531 035c 61       		.byte	0x61
 532 035d 61030000 		.4byte	0x361
 533 0361 0A       		.uleb128 0xa
 534 0362 38030000 		.4byte	.LASF66
 535 0366 10       		.byte	0x10
 536 0367 07       		.byte	0x7
 537 0368 5D01     		.2byte	0x15d
 538 036a A3030000 		.4byte	0x3a3
 539 036e 09       		.uleb128 0x9
 540 036f B6010000 		.4byte	.LASF60
 541 0373 07       		.byte	0x7
 542 0374 5E01     		.2byte	0x15e
 543 0376 8E050000 		.4byte	0x58e
 544 037a 00       		.byte	0
 545 037b 09       		.uleb128 0x9
 546 037c 6B010000 		.4byte	.LASF61
 547 0380 07       		.byte	0x7
 548 0381 6001     		.2byte	0x160
 549 0383 8E050000 		.4byte	0x58e
 550 0387 04       		.byte	0x4
 551 0388 09       		.uleb128 0x9
 552 0389 BF040000 		.4byte	.LASF62
 553 038d 07       		.byte	0x7
 554 038e 6201     		.2byte	0x162
 555 0390 20010000 		.4byte	0x120
 556 0394 08       		.byte	0x8
 557 0395 09       		.uleb128 0x9
 558 0396 4F030000 		.4byte	.LASF67
 559 039a 07       		.byte	0x7
 560 039b 6A01     		.2byte	0x16a
 561 039d 20010000 		.4byte	0x120
 562 03a1 0C       		.byte	0xc
 563 03a2 00       		.byte	0
 564 03a3 03       		.uleb128 0x3
 565 03a4 7D000000 		.4byte	.LASF68
ARM GAS  C:\cygwin\tmp\ccb8mOLr.s 			page 11


 566 03a8 06       		.byte	0x6
 567 03a9 66       		.byte	0x66
 568 03aa AE030000 		.4byte	0x3ae
 569 03ae 0A       		.uleb128 0xa
 570 03af 17040000 		.4byte	.LASF69
 571 03b3 04       		.byte	0x4
 572 03b4 07       		.byte	0x7
 573 03b5 8401     		.2byte	0x184
 574 03b7 C9030000 		.4byte	0x3c9
 575 03bb 09       		.uleb128 0x9
 576 03bc 28050000 		.4byte	.LASF70
 577 03c0 07       		.byte	0x7
 578 03c1 8C01     		.2byte	0x18c
 579 03c3 94050000 		.4byte	0x594
 580 03c7 00       		.byte	0
 581 03c8 00       		.byte	0
 582 03c9 03       		.uleb128 0x3
 583 03ca 08020000 		.4byte	.LASF71
 584 03ce 06       		.byte	0x6
 585 03cf 6B       		.byte	0x6b
 586 03d0 D4030000 		.4byte	0x3d4
 587 03d4 0F       		.uleb128 0xf
 588 03d5 2F010000 		.4byte	.LASF72
 589 03d9 5001     		.2byte	0x150
 590 03db 07       		.byte	0x7
 591 03dc A401     		.2byte	0x1a4
 592 03de 30040000 		.4byte	0x430
 593 03e2 09       		.uleb128 0x9
 594 03e3 67050000 		.4byte	.LASF73
 595 03e7 07       		.byte	0x7
 596 03e8 A801     		.2byte	0x1a8
 597 03ea 77020000 		.4byte	0x277
 598 03ee 00       		.byte	0
 599 03ef 09       		.uleb128 0x9
 600 03f0 73010000 		.4byte	.LASF74
 601 03f4 07       		.byte	0x7
 602 03f5 AC01     		.2byte	0x1ac
 603 03f7 56030000 		.4byte	0x356
 604 03fb 1C       		.byte	0x1c
 605 03fc 08       		.uleb128 0x8
 606 03fd 64626700 		.ascii	"dbg\000"
 607 0401 07       		.byte	0x7
 608 0402 B001     		.2byte	0x1b0
 609 0404 A3030000 		.4byte	0x3a3
 610 0408 2C       		.byte	0x2c
 611 0409 09       		.uleb128 0x9
 612 040a B9000000 		.4byte	.LASF75
 613 040e 07       		.byte	0x7
 614 040f B401     		.2byte	0x1b4
 615 0411 2B010000 		.4byte	0x12b
 616 0415 30       		.byte	0x30
 617 0416 08       		.uleb128 0x8
 618 0417 746D00   		.ascii	"tm\000"
 619 041a 07       		.byte	0x7
 620 041b B901     		.2byte	0x1b9
 621 041d FC040000 		.4byte	0x4fc
 622 0421 74       		.byte	0x74
ARM GAS  C:\cygwin\tmp\ccb8mOLr.s 			page 12


 623 0422 09       		.uleb128 0x9
 624 0423 9A010000 		.4byte	.LASF76
 625 0427 07       		.byte	0x7
 626 0428 C501     		.2byte	0x1c5
 627 042a 99050000 		.4byte	0x599
 628 042e 78       		.byte	0x78
 629 042f 00       		.byte	0
 630 0430 04       		.uleb128 0x4
 631 0431 04       		.byte	0x4
 632 0432 07       		.byte	0x7
 633 0433 2F030000 		.4byte	.LASF77
 634 0437 03       		.uleb128 0x3
 635 0438 62010000 		.4byte	.LASF78
 636 043c 08       		.byte	0x8
 637 043d 85       		.byte	0x85
 638 043e FA020000 		.4byte	0x2fa
 639 0442 03       		.uleb128 0x3
 640 0443 1A030000 		.4byte	.LASF79
 641 0447 08       		.byte	0x8
 642 0448 8D       		.byte	0x8d
 643 0449 C3000000 		.4byte	0xc3
 644 044d 06       		.uleb128 0x6
 645 044e 39050000 		.4byte	.LASF80
 646 0452 04       		.byte	0x4
 647 0453 08       		.byte	0x8
 648 0454 A9       		.byte	0xa9
 649 0455 66040000 		.4byte	0x466
 650 0459 10       		.uleb128 0x10
 651 045a 72313300 		.ascii	"r13\000"
 652 045e 08       		.byte	0x8
 653 045f AA       		.byte	0xaa
 654 0460 E1040000 		.4byte	0x4e1
 655 0464 00       		.byte	0
 656 0465 00       		.byte	0
 657 0466 06       		.uleb128 0x6
 658 0467 71000000 		.4byte	.LASF81
 659 046b 24       		.byte	0x24
 660 046c 09       		.byte	0x9
 661 046d F4       		.byte	0xf4
 662 046e E1040000 		.4byte	0x4e1
 663 0472 08       		.uleb128 0x8
 664 0473 723400   		.ascii	"r4\000"
 665 0476 09       		.byte	0x9
 666 0477 0701     		.2byte	0x107
 667 0479 37040000 		.4byte	0x437
 668 047d 00       		.byte	0
 669 047e 08       		.uleb128 0x8
 670 047f 723500   		.ascii	"r5\000"
 671 0482 09       		.byte	0x9
 672 0483 0801     		.2byte	0x108
 673 0485 37040000 		.4byte	0x437
 674 0489 04       		.byte	0x4
 675 048a 08       		.uleb128 0x8
 676 048b 723600   		.ascii	"r6\000"
 677 048e 09       		.byte	0x9
 678 048f 0901     		.2byte	0x109
 679 0491 37040000 		.4byte	0x437
ARM GAS  C:\cygwin\tmp\ccb8mOLr.s 			page 13


 680 0495 08       		.byte	0x8
 681 0496 08       		.uleb128 0x8
 682 0497 723700   		.ascii	"r7\000"
 683 049a 09       		.byte	0x9
 684 049b 0A01     		.2byte	0x10a
 685 049d 37040000 		.4byte	0x437
 686 04a1 0C       		.byte	0xc
 687 04a2 08       		.uleb128 0x8
 688 04a3 723800   		.ascii	"r8\000"
 689 04a6 09       		.byte	0x9
 690 04a7 0B01     		.2byte	0x10b
 691 04a9 37040000 		.4byte	0x437
 692 04ad 10       		.byte	0x10
 693 04ae 08       		.uleb128 0x8
 694 04af 723900   		.ascii	"r9\000"
 695 04b2 09       		.byte	0x9
 696 04b3 0C01     		.2byte	0x10c
 697 04b5 37040000 		.4byte	0x437
 698 04b9 14       		.byte	0x14
 699 04ba 08       		.uleb128 0x8
 700 04bb 72313000 		.ascii	"r10\000"
 701 04bf 09       		.byte	0x9
 702 04c0 0D01     		.2byte	0x10d
 703 04c2 37040000 		.4byte	0x437
 704 04c6 18       		.byte	0x18
 705 04c7 08       		.uleb128 0x8
 706 04c8 72313100 		.ascii	"r11\000"
 707 04cc 09       		.byte	0x9
 708 04cd 0E01     		.2byte	0x10e
 709 04cf 37040000 		.4byte	0x437
 710 04d3 1C       		.byte	0x1c
 711 04d4 08       		.uleb128 0x8
 712 04d5 6C7200   		.ascii	"lr\000"
 713 04d8 09       		.byte	0x9
 714 04d9 0F01     		.2byte	0x10f
 715 04db 37040000 		.4byte	0x437
 716 04df 20       		.byte	0x20
 717 04e0 00       		.byte	0
 718 04e1 0B       		.uleb128 0xb
 719 04e2 04       		.byte	0x4
 720 04e3 66040000 		.4byte	0x466
 721 04e7 11       		.uleb128 0x11
 722 04e8 04       		.byte	0x4
 723 04e9 0A       		.byte	0xa
 724 04ea 38       		.byte	0x38
 725 04eb FC040000 		.4byte	0x4fc
 726 04ef 07       		.uleb128 0x7
 727 04f0 32050000 		.4byte	.LASF82
 728 04f4 0A       		.byte	0xa
 729 04f5 3C       		.byte	0x3c
 730 04f6 D3000000 		.4byte	0xd3
 731 04fa 00       		.byte	0
 732 04fb 00       		.byte	0
 733 04fc 03       		.uleb128 0x3
 734 04fd 69030000 		.4byte	.LASF83
 735 0501 0A       		.byte	0xa
 736 0502 3D       		.byte	0x3d
ARM GAS  C:\cygwin\tmp\ccb8mOLr.s 			page 14


 737 0503 E7040000 		.4byte	0x4e7
 738 0507 0B       		.uleb128 0xb
 739 0508 04       		.byte	0x4
 740 0509 2B010000 		.4byte	0x12b
 741 050d 12       		.uleb128 0x12
 742 050e 04       		.byte	0x4
 743 050f 07       		.byte	0x7
 744 0510 F6       		.byte	0xf6
 745 0511 45050000 		.4byte	0x545
 746 0515 13       		.uleb128 0x13
 747 0516 27000000 		.4byte	.LASF84
 748 051a 07       		.byte	0x7
 749 051b FD       		.byte	0xfd
 750 051c 0A010000 		.4byte	0x10a
 751 0520 14       		.uleb128 0x14
 752 0521 B0000000 		.4byte	.LASF85
 753 0525 07       		.byte	0x7
 754 0526 0401     		.2byte	0x104
 755 0528 0A010000 		.4byte	0x10a
 756 052c 14       		.uleb128 0x14
 757 052d 75050000 		.4byte	.LASF86
 758 0531 07       		.byte	0x7
 759 0532 0B01     		.2byte	0x10b
 760 0534 FA020000 		.4byte	0x2fa
 761 0538 14       		.uleb128 0x14
 762 0539 7C040000 		.4byte	.LASF87
 763 053d 07       		.byte	0x7
 764 053e 1201     		.2byte	0x112
 765 0540 15010000 		.4byte	0x115
 766 0544 00       		.byte	0
 767 0545 0B       		.uleb128 0xb
 768 0546 04       		.byte	0x4
 769 0547 4B050000 		.4byte	0x54b
 770 054b 15       		.uleb128 0x15
 771 054c 50050000 		.4byte	0x550
 772 0550 04       		.uleb128 0x4
 773 0551 01       		.byte	0x1
 774 0552 08       		.byte	0x8
 775 0553 EA040000 		.4byte	.LASF88
 776 0557 06       		.uleb128 0x6
 777 0558 11040000 		.4byte	.LASF89
 778 055c 10       		.byte	0x10
 779 055d 0B       		.byte	0xb
 780 055e 39       		.byte	0x39
 781 055f 88050000 		.4byte	0x588
 782 0563 07       		.uleb128 0x7
 783 0564 21010000 		.4byte	.LASF90
 784 0568 0B       		.byte	0xb
 785 0569 3A       		.byte	0x3a
 786 056a 47020000 		.4byte	0x247
 787 056e 00       		.byte	0
 788 056f 07       		.uleb128 0x7
 789 0570 A9050000 		.4byte	.LASF91
 790 0574 0B       		.byte	0xb
 791 0575 3C       		.byte	0x3c
 792 0576 07050000 		.4byte	0x507
 793 057a 08       		.byte	0x8
ARM GAS  C:\cygwin\tmp\ccb8mOLr.s 			page 15


 794 057b 07       		.uleb128 0x7
 795 057c F8040000 		.4byte	.LASF92
 796 0580 0B       		.byte	0xb
 797 0581 3E       		.byte	0x3e
 798 0582 B4050000 		.4byte	0x5b4
 799 0586 0C       		.byte	0xc
 800 0587 00       		.byte	0
 801 0588 0B       		.uleb128 0xb
 802 0589 04       		.byte	0x4
 803 058a 57050000 		.4byte	0x557
 804 058e 0B       		.uleb128 0xb
 805 058f 04       		.byte	0x4
 806 0590 FC020000 		.4byte	0x2fc
 807 0594 05       		.uleb128 0x5
 808 0595 45050000 		.4byte	0x545
 809 0599 16       		.uleb128 0x16
 810 059a 42040000 		.4byte	0x442
 811 059e A9050000 		.4byte	0x5a9
 812 05a2 17       		.uleb128 0x17
 813 05a3 30040000 		.4byte	0x430
 814 05a7 1A       		.byte	0x1a
 815 05a8 00       		.byte	0
 816 05a9 03       		.uleb128 0x3
 817 05aa 8B010000 		.4byte	.LASF93
 818 05ae 0B       		.byte	0xb
 819 05af 34       		.byte	0x34
 820 05b0 57050000 		.4byte	0x557
 821 05b4 0B       		.uleb128 0xb
 822 05b5 04       		.byte	0x4
 823 05b6 A9050000 		.4byte	0x5a9
 824 05ba 04       		.uleb128 0x4
 825 05bb 01       		.byte	0x1
 826 05bc 02       		.byte	0x2
 827 05bd 27040000 		.4byte	.LASF94
 828 05c1 11       		.uleb128 0x11
 829 05c2 1C       		.byte	0x1c
 830 05c3 0C       		.byte	0xc
 831 05c4 C1       		.byte	0xc1
 832 05c5 1E060000 		.4byte	0x61e
 833 05c9 07       		.uleb128 0x7
 834 05ca 29010000 		.4byte	.LASF95
 835 05ce 0C       		.byte	0xc
 836 05cf C3       		.byte	0xc3
 837 05d0 B8000000 		.4byte	0xb8
 838 05d4 00       		.byte	0
 839 05d5 07       		.uleb128 0x7
 840 05d6 D1010000 		.4byte	.LASF96
 841 05da 0C       		.byte	0xc
 842 05db C5       		.byte	0xc5
 843 05dc B8000000 		.4byte	0xb8
 844 05e0 04       		.byte	0x4
 845 05e1 07       		.uleb128 0x7
 846 05e2 C9010000 		.4byte	.LASF97
 847 05e6 0C       		.byte	0xc
 848 05e7 C7       		.byte	0xc7
 849 05e8 B8000000 		.4byte	0xb8
 850 05ec 08       		.byte	0x8
ARM GAS  C:\cygwin\tmp\ccb8mOLr.s 			page 16


 851 05ed 07       		.uleb128 0x7
 852 05ee AA000000 		.4byte	.LASF98
 853 05f2 0C       		.byte	0xc
 854 05f3 C9       		.byte	0xc9
 855 05f4 B8000000 		.4byte	0xb8
 856 05f8 0C       		.byte	0xc
 857 05f9 10       		.uleb128 0x10
 858 05fa 6F647200 		.ascii	"odr\000"
 859 05fe 0C       		.byte	0xc
 860 05ff CB       		.byte	0xcb
 861 0600 B8000000 		.4byte	0xb8
 862 0604 10       		.byte	0x10
 863 0605 07       		.uleb128 0x7
 864 0606 43040000 		.4byte	.LASF99
 865 060a 0C       		.byte	0xc
 866 060b CD       		.byte	0xcd
 867 060c B8000000 		.4byte	0xb8
 868 0610 14       		.byte	0x14
 869 0611 07       		.uleb128 0x7
 870 0612 7A030000 		.4byte	.LASF100
 871 0616 0C       		.byte	0xc
 872 0617 CF       		.byte	0xcf
 873 0618 B8000000 		.4byte	0xb8
 874 061c 18       		.byte	0x18
 875 061d 00       		.byte	0
 876 061e 03       		.uleb128 0x3
 877 061f 00000000 		.4byte	.LASF101
 878 0623 0C       		.byte	0xc
 879 0624 D0       		.byte	0xd0
 880 0625 C1050000 		.4byte	0x5c1
 881 0629 11       		.uleb128 0x11
 882 062a A8       		.byte	0xa8
 883 062b 0C       		.byte	0xc
 884 062c D9       		.byte	0xd9
 885 062d 7A060000 		.4byte	0x67a
 886 0631 07       		.uleb128 0x7
 887 0632 75040000 		.4byte	.LASF102
 888 0636 0C       		.byte	0xc
 889 0637 DC       		.byte	0xdc
 890 0638 1E060000 		.4byte	0x61e
 891 063c 00       		.byte	0
 892 063d 07       		.uleb128 0x7
 893 063e 93010000 		.4byte	.LASF103
 894 0642 0C       		.byte	0xc
 895 0643 E0       		.byte	0xe0
 896 0644 1E060000 		.4byte	0x61e
 897 0648 1C       		.byte	0x1c
 898 0649 07       		.uleb128 0x7
 899 064a 83050000 		.4byte	.LASF104
 900 064e 0C       		.byte	0xc
 901 064f E4       		.byte	0xe4
 902 0650 1E060000 		.4byte	0x61e
 903 0654 38       		.byte	0x38
 904 0655 07       		.uleb128 0x7
 905 0656 7F030000 		.4byte	.LASF105
 906 065a 0C       		.byte	0xc
 907 065b E8       		.byte	0xe8
ARM GAS  C:\cygwin\tmp\ccb8mOLr.s 			page 17


 908 065c 1E060000 		.4byte	0x61e
 909 0660 54       		.byte	0x54
 910 0661 07       		.uleb128 0x7
 911 0662 42010000 		.4byte	.LASF106
 912 0666 0C       		.byte	0xc
 913 0667 EC       		.byte	0xec
 914 0668 1E060000 		.4byte	0x61e
 915 066c 70       		.byte	0x70
 916 066d 07       		.uleb128 0x7
 917 066e 8C000000 		.4byte	.LASF107
 918 0672 0C       		.byte	0xc
 919 0673 F8       		.byte	0xf8
 920 0674 1E060000 		.4byte	0x61e
 921 0678 8C       		.byte	0x8c
 922 0679 00       		.byte	0
 923 067a 03       		.uleb128 0x3
 924 067b 9F050000 		.4byte	.LASF108
 925 067f 0C       		.byte	0xc
 926 0680 FE       		.byte	0xfe
 927 0681 29060000 		.4byte	0x629
 928 0685 18       		.uleb128 0x18
 929 0686 D8010000 		.4byte	.LASF114
 930 068a 01       		.byte	0x1
 931 068b 46       		.byte	0x46
 932 068c 00000000 		.4byte	.LFB255
 933 0690 04000000 		.4byte	.LFE255-.LFB255
 934 0694 01       		.uleb128 0x1
 935 0695 9C       		.byte	0x9c
 936 0696 A4060000 		.4byte	0x6a4
 937 069a 19       		.uleb128 0x19
 938 069b 04000000 		.4byte	.LVL0
 939 069f E2060000 		.4byte	0x6e2
 940 06a3 00       		.byte	0
 941 06a4 1A       		.uleb128 0x1a
 942 06a5 64040000 		.4byte	.LASF115
 943 06a9 01       		.byte	0x1
 944 06aa 7B       		.byte	0x7b
 945 06ab 00000000 		.4byte	.LFB256
 946 06af 02000000 		.4byte	.LFE256-.LFB256
 947 06b3 01       		.uleb128 0x1
 948 06b4 9C       		.byte	0x9c
 949 06b5 1B       		.uleb128 0x1b
 950 06b6 DA000000 		.4byte	.LASF109
 951 06ba 0D       		.byte	0xd
 952 06bb A706     		.2byte	0x6a7
 953 06bd CE000000 		.4byte	0xce
 954 06c1 1C       		.uleb128 0x1c
 955 06c2 636800   		.ascii	"ch\000"
 956 06c5 07       		.byte	0x7
 957 06c6 EB01     		.2byte	0x1eb
 958 06c8 C9030000 		.4byte	0x3c9
 959 06cc 1D       		.uleb128 0x1d
 960 06cd B1050000 		.4byte	.LASF110
 961 06d1 01       		.byte	0x1
 962 06d2 19       		.byte	0x19
 963 06d3 DD060000 		.4byte	0x6dd
 964 06d7 05       		.uleb128 0x5
ARM GAS  C:\cygwin\tmp\ccb8mOLr.s 			page 18


 965 06d8 03       		.byte	0x3
 966 06d9 00000000 		.4byte	pal_default_config
 967 06dd 15       		.uleb128 0x15
 968 06de 7A060000 		.4byte	0x67a
 969 06e2 1E       		.uleb128 0x1e
 970 06e3 7A010000 		.4byte	.LASF116
 971 06e7 0E       		.byte	0xe
 972 06e8 C905     		.2byte	0x5c9
 973 06ea 00       		.byte	0
 974              		.section	.debug_abbrev,"",%progbits
 975              	.Ldebug_abbrev0:
 976 0000 01       		.uleb128 0x1
 977 0001 11       		.uleb128 0x11
 978 0002 01       		.byte	0x1
 979 0003 25       		.uleb128 0x25
 980 0004 0E       		.uleb128 0xe
 981 0005 13       		.uleb128 0x13
 982 0006 0B       		.uleb128 0xb
 983 0007 03       		.uleb128 0x3
 984 0008 0E       		.uleb128 0xe
 985 0009 1B       		.uleb128 0x1b
 986 000a 0E       		.uleb128 0xe
 987 000b 55       		.uleb128 0x55
 988 000c 17       		.uleb128 0x17
 989 000d 11       		.uleb128 0x11
 990 000e 01       		.uleb128 0x1
 991 000f 10       		.uleb128 0x10
 992 0010 17       		.uleb128 0x17
 993 0011 00       		.byte	0
 994 0012 00       		.byte	0
 995 0013 02       		.uleb128 0x2
 996 0014 24       		.uleb128 0x24
 997 0015 00       		.byte	0
 998 0016 0B       		.uleb128 0xb
 999 0017 0B       		.uleb128 0xb
 1000 0018 3E       		.uleb128 0x3e
 1001 0019 0B       		.uleb128 0xb
 1002 001a 03       		.uleb128 0x3
 1003 001b 08       		.uleb128 0x8
 1004 001c 00       		.byte	0
 1005 001d 00       		.byte	0
 1006 001e 03       		.uleb128 0x3
 1007 001f 16       		.uleb128 0x16
 1008 0020 00       		.byte	0
 1009 0021 03       		.uleb128 0x3
 1010 0022 0E       		.uleb128 0xe
 1011 0023 3A       		.uleb128 0x3a
 1012 0024 0B       		.uleb128 0xb
 1013 0025 3B       		.uleb128 0x3b
 1014 0026 0B       		.uleb128 0xb
 1015 0027 49       		.uleb128 0x49
 1016 0028 13       		.uleb128 0x13
 1017 0029 00       		.byte	0
 1018 002a 00       		.byte	0
 1019 002b 04       		.uleb128 0x4
 1020 002c 24       		.uleb128 0x24
 1021 002d 00       		.byte	0
ARM GAS  C:\cygwin\tmp\ccb8mOLr.s 			page 19


 1022 002e 0B       		.uleb128 0xb
 1023 002f 0B       		.uleb128 0xb
 1024 0030 3E       		.uleb128 0x3e
 1025 0031 0B       		.uleb128 0xb
 1026 0032 03       		.uleb128 0x3
 1027 0033 0E       		.uleb128 0xe
 1028 0034 00       		.byte	0
 1029 0035 00       		.byte	0
 1030 0036 05       		.uleb128 0x5
 1031 0037 35       		.uleb128 0x35
 1032 0038 00       		.byte	0
 1033 0039 49       		.uleb128 0x49
 1034 003a 13       		.uleb128 0x13
 1035 003b 00       		.byte	0
 1036 003c 00       		.byte	0
 1037 003d 06       		.uleb128 0x6
 1038 003e 13       		.uleb128 0x13
 1039 003f 01       		.byte	0x1
 1040 0040 03       		.uleb128 0x3
 1041 0041 0E       		.uleb128 0xe
 1042 0042 0B       		.uleb128 0xb
 1043 0043 0B       		.uleb128 0xb
 1044 0044 3A       		.uleb128 0x3a
 1045 0045 0B       		.uleb128 0xb
 1046 0046 3B       		.uleb128 0x3b
 1047 0047 0B       		.uleb128 0xb
 1048 0048 01       		.uleb128 0x1
 1049 0049 13       		.uleb128 0x13
 1050 004a 00       		.byte	0
 1051 004b 00       		.byte	0
 1052 004c 07       		.uleb128 0x7
 1053 004d 0D       		.uleb128 0xd
 1054 004e 00       		.byte	0
 1055 004f 03       		.uleb128 0x3
 1056 0050 0E       		.uleb128 0xe
 1057 0051 3A       		.uleb128 0x3a
 1058 0052 0B       		.uleb128 0xb
 1059 0053 3B       		.uleb128 0x3b
 1060 0054 0B       		.uleb128 0xb
 1061 0055 49       		.uleb128 0x49
 1062 0056 13       		.uleb128 0x13
 1063 0057 38       		.uleb128 0x38
 1064 0058 0B       		.uleb128 0xb
 1065 0059 00       		.byte	0
 1066 005a 00       		.byte	0
 1067 005b 08       		.uleb128 0x8
 1068 005c 0D       		.uleb128 0xd
 1069 005d 00       		.byte	0
 1070 005e 03       		.uleb128 0x3
 1071 005f 08       		.uleb128 0x8
 1072 0060 3A       		.uleb128 0x3a
 1073 0061 0B       		.uleb128 0xb
 1074 0062 3B       		.uleb128 0x3b
 1075 0063 05       		.uleb128 0x5
 1076 0064 49       		.uleb128 0x49
 1077 0065 13       		.uleb128 0x13
 1078 0066 38       		.uleb128 0x38
ARM GAS  C:\cygwin\tmp\ccb8mOLr.s 			page 20


 1079 0067 0B       		.uleb128 0xb
 1080 0068 00       		.byte	0
 1081 0069 00       		.byte	0
 1082 006a 09       		.uleb128 0x9
 1083 006b 0D       		.uleb128 0xd
 1084 006c 00       		.byte	0
 1085 006d 03       		.uleb128 0x3
 1086 006e 0E       		.uleb128 0xe
 1087 006f 3A       		.uleb128 0x3a
 1088 0070 0B       		.uleb128 0xb
 1089 0071 3B       		.uleb128 0x3b
 1090 0072 05       		.uleb128 0x5
 1091 0073 49       		.uleb128 0x49
 1092 0074 13       		.uleb128 0x13
 1093 0075 38       		.uleb128 0x38
 1094 0076 0B       		.uleb128 0xb
 1095 0077 00       		.byte	0
 1096 0078 00       		.byte	0
 1097 0079 0A       		.uleb128 0xa
 1098 007a 13       		.uleb128 0x13
 1099 007b 01       		.byte	0x1
 1100 007c 03       		.uleb128 0x3
 1101 007d 0E       		.uleb128 0xe
 1102 007e 0B       		.uleb128 0xb
 1103 007f 0B       		.uleb128 0xb
 1104 0080 3A       		.uleb128 0x3a
 1105 0081 0B       		.uleb128 0xb
 1106 0082 3B       		.uleb128 0x3b
 1107 0083 05       		.uleb128 0x5
 1108 0084 01       		.uleb128 0x1
 1109 0085 13       		.uleb128 0x13
 1110 0086 00       		.byte	0
 1111 0087 00       		.byte	0
 1112 0088 0B       		.uleb128 0xb
 1113 0089 0F       		.uleb128 0xf
 1114 008a 00       		.byte	0
 1115 008b 0B       		.uleb128 0xb
 1116 008c 0B       		.uleb128 0xb
 1117 008d 49       		.uleb128 0x49
 1118 008e 13       		.uleb128 0x13
 1119 008f 00       		.byte	0
 1120 0090 00       		.byte	0
 1121 0091 0C       		.uleb128 0xc
 1122 0092 15       		.uleb128 0x15
 1123 0093 01       		.byte	0x1
 1124 0094 27       		.uleb128 0x27
 1125 0095 19       		.uleb128 0x19
 1126 0096 01       		.uleb128 0x1
 1127 0097 13       		.uleb128 0x13
 1128 0098 00       		.byte	0
 1129 0099 00       		.byte	0
 1130 009a 0D       		.uleb128 0xd
 1131 009b 05       		.uleb128 0x5
 1132 009c 00       		.byte	0
 1133 009d 49       		.uleb128 0x49
 1134 009e 13       		.uleb128 0x13
 1135 009f 00       		.byte	0
ARM GAS  C:\cygwin\tmp\ccb8mOLr.s 			page 21


 1136 00a0 00       		.byte	0
 1137 00a1 0E       		.uleb128 0xe
 1138 00a2 0F       		.uleb128 0xf
 1139 00a3 00       		.byte	0
 1140 00a4 0B       		.uleb128 0xb
 1141 00a5 0B       		.uleb128 0xb
 1142 00a6 00       		.byte	0
 1143 00a7 00       		.byte	0
 1144 00a8 0F       		.uleb128 0xf
 1145 00a9 13       		.uleb128 0x13
 1146 00aa 01       		.byte	0x1
 1147 00ab 03       		.uleb128 0x3
 1148 00ac 0E       		.uleb128 0xe
 1149 00ad 0B       		.uleb128 0xb
 1150 00ae 05       		.uleb128 0x5
 1151 00af 3A       		.uleb128 0x3a
 1152 00b0 0B       		.uleb128 0xb
 1153 00b1 3B       		.uleb128 0x3b
 1154 00b2 05       		.uleb128 0x5
 1155 00b3 01       		.uleb128 0x1
 1156 00b4 13       		.uleb128 0x13
 1157 00b5 00       		.byte	0
 1158 00b6 00       		.byte	0
 1159 00b7 10       		.uleb128 0x10
 1160 00b8 0D       		.uleb128 0xd
 1161 00b9 00       		.byte	0
 1162 00ba 03       		.uleb128 0x3
 1163 00bb 08       		.uleb128 0x8
 1164 00bc 3A       		.uleb128 0x3a
 1165 00bd 0B       		.uleb128 0xb
 1166 00be 3B       		.uleb128 0x3b
 1167 00bf 0B       		.uleb128 0xb
 1168 00c0 49       		.uleb128 0x49
 1169 00c1 13       		.uleb128 0x13
 1170 00c2 38       		.uleb128 0x38
 1171 00c3 0B       		.uleb128 0xb
 1172 00c4 00       		.byte	0
 1173 00c5 00       		.byte	0
 1174 00c6 11       		.uleb128 0x11
 1175 00c7 13       		.uleb128 0x13
 1176 00c8 01       		.byte	0x1
 1177 00c9 0B       		.uleb128 0xb
 1178 00ca 0B       		.uleb128 0xb
 1179 00cb 3A       		.uleb128 0x3a
 1180 00cc 0B       		.uleb128 0xb
 1181 00cd 3B       		.uleb128 0x3b
 1182 00ce 0B       		.uleb128 0xb
 1183 00cf 01       		.uleb128 0x1
 1184 00d0 13       		.uleb128 0x13
 1185 00d1 00       		.byte	0
 1186 00d2 00       		.byte	0
 1187 00d3 12       		.uleb128 0x12
 1188 00d4 17       		.uleb128 0x17
 1189 00d5 01       		.byte	0x1
 1190 00d6 0B       		.uleb128 0xb
 1191 00d7 0B       		.uleb128 0xb
 1192 00d8 3A       		.uleb128 0x3a
ARM GAS  C:\cygwin\tmp\ccb8mOLr.s 			page 22


 1193 00d9 0B       		.uleb128 0xb
 1194 00da 3B       		.uleb128 0x3b
 1195 00db 0B       		.uleb128 0xb
 1196 00dc 01       		.uleb128 0x1
 1197 00dd 13       		.uleb128 0x13
 1198 00de 00       		.byte	0
 1199 00df 00       		.byte	0
 1200 00e0 13       		.uleb128 0x13
 1201 00e1 0D       		.uleb128 0xd
 1202 00e2 00       		.byte	0
 1203 00e3 03       		.uleb128 0x3
 1204 00e4 0E       		.uleb128 0xe
 1205 00e5 3A       		.uleb128 0x3a
 1206 00e6 0B       		.uleb128 0xb
 1207 00e7 3B       		.uleb128 0x3b
 1208 00e8 0B       		.uleb128 0xb
 1209 00e9 49       		.uleb128 0x49
 1210 00ea 13       		.uleb128 0x13
 1211 00eb 00       		.byte	0
 1212 00ec 00       		.byte	0
 1213 00ed 14       		.uleb128 0x14
 1214 00ee 0D       		.uleb128 0xd
 1215 00ef 00       		.byte	0
 1216 00f0 03       		.uleb128 0x3
 1217 00f1 0E       		.uleb128 0xe
 1218 00f2 3A       		.uleb128 0x3a
 1219 00f3 0B       		.uleb128 0xb
 1220 00f4 3B       		.uleb128 0x3b
 1221 00f5 05       		.uleb128 0x5
 1222 00f6 49       		.uleb128 0x49
 1223 00f7 13       		.uleb128 0x13
 1224 00f8 00       		.byte	0
 1225 00f9 00       		.byte	0
 1226 00fa 15       		.uleb128 0x15
 1227 00fb 26       		.uleb128 0x26
 1228 00fc 00       		.byte	0
 1229 00fd 49       		.uleb128 0x49
 1230 00fe 13       		.uleb128 0x13
 1231 00ff 00       		.byte	0
 1232 0100 00       		.byte	0
 1233 0101 16       		.uleb128 0x16
 1234 0102 01       		.uleb128 0x1
 1235 0103 01       		.byte	0x1
 1236 0104 49       		.uleb128 0x49
 1237 0105 13       		.uleb128 0x13
 1238 0106 01       		.uleb128 0x1
 1239 0107 13       		.uleb128 0x13
 1240 0108 00       		.byte	0
 1241 0109 00       		.byte	0
 1242 010a 17       		.uleb128 0x17
 1243 010b 21       		.uleb128 0x21
 1244 010c 00       		.byte	0
 1245 010d 49       		.uleb128 0x49
 1246 010e 13       		.uleb128 0x13
 1247 010f 2F       		.uleb128 0x2f
 1248 0110 0B       		.uleb128 0xb
 1249 0111 00       		.byte	0
ARM GAS  C:\cygwin\tmp\ccb8mOLr.s 			page 23


 1250 0112 00       		.byte	0
 1251 0113 18       		.uleb128 0x18
 1252 0114 2E       		.uleb128 0x2e
 1253 0115 01       		.byte	0x1
 1254 0116 3F       		.uleb128 0x3f
 1255 0117 19       		.uleb128 0x19
 1256 0118 03       		.uleb128 0x3
 1257 0119 0E       		.uleb128 0xe
 1258 011a 3A       		.uleb128 0x3a
 1259 011b 0B       		.uleb128 0xb
 1260 011c 3B       		.uleb128 0x3b
 1261 011d 0B       		.uleb128 0xb
 1262 011e 27       		.uleb128 0x27
 1263 011f 19       		.uleb128 0x19
 1264 0120 11       		.uleb128 0x11
 1265 0121 01       		.uleb128 0x1
 1266 0122 12       		.uleb128 0x12
 1267 0123 06       		.uleb128 0x6
 1268 0124 40       		.uleb128 0x40
 1269 0125 18       		.uleb128 0x18
 1270 0126 9742     		.uleb128 0x2117
 1271 0128 19       		.uleb128 0x19
 1272 0129 01       		.uleb128 0x1
 1273 012a 13       		.uleb128 0x13
 1274 012b 00       		.byte	0
 1275 012c 00       		.byte	0
 1276 012d 19       		.uleb128 0x19
 1277 012e 898201   		.uleb128 0x4109
 1278 0131 00       		.byte	0
 1279 0132 11       		.uleb128 0x11
 1280 0133 01       		.uleb128 0x1
 1281 0134 9542     		.uleb128 0x2115
 1282 0136 19       		.uleb128 0x19
 1283 0137 31       		.uleb128 0x31
 1284 0138 13       		.uleb128 0x13
 1285 0139 00       		.byte	0
 1286 013a 00       		.byte	0
 1287 013b 1A       		.uleb128 0x1a
 1288 013c 2E       		.uleb128 0x2e
 1289 013d 00       		.byte	0
 1290 013e 3F       		.uleb128 0x3f
 1291 013f 19       		.uleb128 0x19
 1292 0140 03       		.uleb128 0x3
 1293 0141 0E       		.uleb128 0xe
 1294 0142 3A       		.uleb128 0x3a
 1295 0143 0B       		.uleb128 0xb
 1296 0144 3B       		.uleb128 0x3b
 1297 0145 0B       		.uleb128 0xb
 1298 0146 27       		.uleb128 0x27
 1299 0147 19       		.uleb128 0x19
 1300 0148 11       		.uleb128 0x11
 1301 0149 01       		.uleb128 0x1
 1302 014a 12       		.uleb128 0x12
 1303 014b 06       		.uleb128 0x6
 1304 014c 40       		.uleb128 0x40
 1305 014d 18       		.uleb128 0x18
 1306 014e 9742     		.uleb128 0x2117
ARM GAS  C:\cygwin\tmp\ccb8mOLr.s 			page 24


 1307 0150 19       		.uleb128 0x19
 1308 0151 00       		.byte	0
 1309 0152 00       		.byte	0
 1310 0153 1B       		.uleb128 0x1b
 1311 0154 34       		.uleb128 0x34
 1312 0155 00       		.byte	0
 1313 0156 03       		.uleb128 0x3
 1314 0157 0E       		.uleb128 0xe
 1315 0158 3A       		.uleb128 0x3a
 1316 0159 0B       		.uleb128 0xb
 1317 015a 3B       		.uleb128 0x3b
 1318 015b 05       		.uleb128 0x5
 1319 015c 49       		.uleb128 0x49
 1320 015d 13       		.uleb128 0x13
 1321 015e 3F       		.uleb128 0x3f
 1322 015f 19       		.uleb128 0x19
 1323 0160 3C       		.uleb128 0x3c
 1324 0161 19       		.uleb128 0x19
 1325 0162 00       		.byte	0
 1326 0163 00       		.byte	0
 1327 0164 1C       		.uleb128 0x1c
 1328 0165 34       		.uleb128 0x34
 1329 0166 00       		.byte	0
 1330 0167 03       		.uleb128 0x3
 1331 0168 08       		.uleb128 0x8
 1332 0169 3A       		.uleb128 0x3a
 1333 016a 0B       		.uleb128 0xb
 1334 016b 3B       		.uleb128 0x3b
 1335 016c 05       		.uleb128 0x5
 1336 016d 49       		.uleb128 0x49
 1337 016e 13       		.uleb128 0x13
 1338 016f 3F       		.uleb128 0x3f
 1339 0170 19       		.uleb128 0x19
 1340 0171 3C       		.uleb128 0x3c
 1341 0172 19       		.uleb128 0x19
 1342 0173 00       		.byte	0
 1343 0174 00       		.byte	0
 1344 0175 1D       		.uleb128 0x1d
 1345 0176 34       		.uleb128 0x34
 1346 0177 00       		.byte	0
 1347 0178 03       		.uleb128 0x3
 1348 0179 0E       		.uleb128 0xe
 1349 017a 3A       		.uleb128 0x3a
 1350 017b 0B       		.uleb128 0xb
 1351 017c 3B       		.uleb128 0x3b
 1352 017d 0B       		.uleb128 0xb
 1353 017e 49       		.uleb128 0x49
 1354 017f 13       		.uleb128 0x13
 1355 0180 3F       		.uleb128 0x3f
 1356 0181 19       		.uleb128 0x19
 1357 0182 02       		.uleb128 0x2
 1358 0183 18       		.uleb128 0x18
 1359 0184 00       		.byte	0
 1360 0185 00       		.byte	0
 1361 0186 1E       		.uleb128 0x1e
 1362 0187 2E       		.uleb128 0x2e
 1363 0188 00       		.byte	0
ARM GAS  C:\cygwin\tmp\ccb8mOLr.s 			page 25


 1364 0189 3F       		.uleb128 0x3f
 1365 018a 19       		.uleb128 0x19
 1366 018b 03       		.uleb128 0x3
 1367 018c 0E       		.uleb128 0xe
 1368 018d 3A       		.uleb128 0x3a
 1369 018e 0B       		.uleb128 0xb
 1370 018f 3B       		.uleb128 0x3b
 1371 0190 05       		.uleb128 0x5
 1372 0191 27       		.uleb128 0x27
 1373 0192 19       		.uleb128 0x19
 1374 0193 3C       		.uleb128 0x3c
 1375 0194 19       		.uleb128 0x19
 1376 0195 00       		.byte	0
 1377 0196 00       		.byte	0
 1378 0197 00       		.byte	0
 1379              		.section	.debug_aranges,"",%progbits
 1380 0000 24000000 		.4byte	0x24
 1381 0004 0200     		.2byte	0x2
 1382 0006 00000000 		.4byte	.Ldebug_info0
 1383 000a 04       		.byte	0x4
 1384 000b 00       		.byte	0
 1385 000c 0000     		.2byte	0
 1386 000e 0000     		.2byte	0
 1387 0010 00000000 		.4byte	.LFB255
 1388 0014 04000000 		.4byte	.LFE255-.LFB255
 1389 0018 00000000 		.4byte	.LFB256
 1390 001c 02000000 		.4byte	.LFE256-.LFB256
 1391 0020 00000000 		.4byte	0
 1392 0024 00000000 		.4byte	0
 1393              		.section	.debug_ranges,"",%progbits
 1394              	.Ldebug_ranges0:
 1395 0000 00000000 		.4byte	.LFB255
 1396 0004 04000000 		.4byte	.LFE255
 1397 0008 00000000 		.4byte	.LFB256
 1398 000c 02000000 		.4byte	.LFE256
 1399 0010 00000000 		.4byte	0
 1400 0014 00000000 		.4byte	0
 1401              		.section	.debug_line,"",%progbits
 1402              	.Ldebug_line0:
 1403 0000 D4020000 		.section	.debug_str,"MS",%progbits,1
 1403      0200AD02 
 1403      00000201 
 1403      FB0E0D00 
 1403      01010101 
 1404              	.LASF101:
 1405 0000 73746D33 		.ascii	"stm32_gpio_setup_t\000"
 1405      325F6770 
 1405      696F5F73 
 1405      65747570 
 1405      5F7400
 1406              	.LASF49:
 1407 0013 72656164 		.ascii	"ready_list_t\000"
 1407      795F6C69 
 1407      73745F74 
 1407      00
 1408              	.LASF2:
 1409 0020 73697A65 		.ascii	"size_t\000"
ARM GAS  C:\cygwin\tmp\ccb8mOLr.s 			page 26


 1409      5F7400
 1410              	.LASF84:
 1411 0027 7264796D 		.ascii	"rdymsg\000"
 1411      736700
 1412              	.LASF112:
 1413 002e 2E2E2F2E 		.ascii	"../../../os/hal/boards/ST_NUCLEO_F401RE/board.c\000"
 1413      2E2F2E2E 
 1413      2F6F732F 
 1413      68616C2F 
 1413      626F6172 
 1414              	.LASF17:
 1415 005e 75696E74 		.ascii	"uint64_t\000"
 1415      36345F74 
 1415      00
 1416              	.LASF3:
 1417 0067 5F5F7569 		.ascii	"__uint8_t\000"
 1417      6E74385F 
 1417      7400
 1418              	.LASF81:
 1419 0071 706F7274 		.ascii	"port_intctx\000"
 1419      5F696E74 
 1419      63747800 
 1420              	.LASF68:
 1421 007d 73797374 		.ascii	"system_debug_t\000"
 1421      656D5F64 
 1421      65627567 
 1421      5F7400
 1422              	.LASF107:
 1423 008c 50484461 		.ascii	"PHData\000"
 1423      746100
 1424              	.LASF13:
 1425 0093 6C6F6E67 		.ascii	"long long unsigned int\000"
 1425      206C6F6E 
 1425      6720756E 
 1425      7369676E 
 1425      65642069 
 1426              	.LASF98:
 1427 00aa 70757064 		.ascii	"pupdr\000"
 1427      7200
 1428              	.LASF85:
 1429 00b0 65786974 		.ascii	"exitcode\000"
 1429      636F6465 
 1429      00
 1430              	.LASF75:
 1431 00b9 6D61696E 		.ascii	"mainthread\000"
 1431      74687265 
 1431      616400
 1432              	.LASF65:
 1433 00c4 76697274 		.ascii	"virtual_timers_list_t\000"
 1433      75616C5F 
 1433      74696D65 
 1433      72735F6C 
 1433      6973745F 
 1434              	.LASF109:
 1435 00da 49544D5F 		.ascii	"ITM_RxBuffer\000"
 1435      52784275 
 1435      66666572 
ARM GAS  C:\cygwin\tmp\ccb8mOLr.s 			page 27


 1435      00
 1436              	.LASF48:
 1437 00e7 63685F74 		.ascii	"ch_threads_queue\000"
 1437      68726561 
 1437      64735F71 
 1437      75657565 
 1437      00
 1438              	.LASF29:
 1439 00f8 705F7072 		.ascii	"p_prio\000"
 1439      696F00
 1440              	.LASF11:
 1441 00ff 6C6F6E67 		.ascii	"long long int\000"
 1441      206C6F6E 
 1441      6720696E 
 1441      7400
 1442              	.LASF1:
 1443 010d 7369676E 		.ascii	"signed char\000"
 1443      65642063 
 1443      68617200 
 1444              	.LASF43:
 1445 0119 705F6D70 		.ascii	"p_mpool\000"
 1445      6F6F6C00 
 1446              	.LASF90:
 1447 0121 6D5F7175 		.ascii	"m_queue\000"
 1447      65756500 
 1448              	.LASF95:
 1449 0129 6D6F6465 		.ascii	"moder\000"
 1449      7200
 1450              	.LASF72:
 1451 012f 63685F73 		.ascii	"ch_system\000"
 1451      79737465 
 1451      6D00
 1452              	.LASF8:
 1453 0139 6C6F6E67 		.ascii	"long int\000"
 1453      20696E74 
 1453      00
 1454              	.LASF106:
 1455 0142 50454461 		.ascii	"PEData\000"
 1455      746100
 1456              	.LASF20:
 1457 0149 74737461 		.ascii	"tstate_t\000"
 1457      74655F74 
 1457      00
 1458              	.LASF31:
 1459 0152 705F6E65 		.ascii	"p_newer\000"
 1459      77657200 
 1460              	.LASF54:
 1461 015a 725F6E65 		.ascii	"r_newer\000"
 1461      77657200 
 1462              	.LASF78:
 1463 0162 72656761 		.ascii	"regarm_t\000"
 1463      726D5F74 
 1463      00
 1464              	.LASF61:
 1465 016b 76745F70 		.ascii	"vt_prev\000"
 1465      72657600 
 1466              	.LASF74:
ARM GAS  C:\cygwin\tmp\ccb8mOLr.s 			page 28


 1467 0173 76746C69 		.ascii	"vtlist\000"
 1467      737400
 1468              	.LASF116:
 1469 017a 73746D33 		.ascii	"stm32_clock_init\000"
 1469      325F636C 
 1469      6F636B5F 
 1469      696E6974 
 1469      00
 1470              	.LASF93:
 1471 018b 6D757465 		.ascii	"mutex_t\000"
 1471      785F7400 
 1472              	.LASF103:
 1473 0193 50424461 		.ascii	"PBData\000"
 1473      746100
 1474              	.LASF76:
 1475 019a 69646C65 		.ascii	"idle_thread_wa\000"
 1475      5F746872 
 1475      6561645F 
 1475      776100
 1476              	.LASF0:
 1477 01a9 756E7369 		.ascii	"unsigned int\000"
 1477      676E6564 
 1477      20696E74 
 1477      00
 1478              	.LASF60:
 1479 01b6 76745F6E 		.ascii	"vt_next\000"
 1479      65787400 
 1480              	.LASF38:
 1481 01be 705F6D73 		.ascii	"p_msgqueue\000"
 1481      67717565 
 1481      756500
 1482              	.LASF97:
 1483 01c9 6F737065 		.ascii	"ospeedr\000"
 1483      65647200 
 1484              	.LASF96:
 1485 01d1 6F747970 		.ascii	"otyper\000"
 1485      657200
 1486              	.LASF114:
 1487 01d8 5F5F6561 		.ascii	"__early_init\000"
 1487      726C795F 
 1487      696E6974 
 1487      00
 1488              	.LASF6:
 1489 01e5 73686F72 		.ascii	"short unsigned int\000"
 1489      7420756E 
 1489      7369676E 
 1489      65642069 
 1489      6E7400
 1490              	.LASF45:
 1491 01f8 63685F74 		.ascii	"ch_thread\000"
 1491      68726561 
 1491      6400
 1492              	.LASF23:
 1493 0202 6D73675F 		.ascii	"msg_t\000"
 1493      7400
 1494              	.LASF71:
 1495 0208 63685F73 		.ascii	"ch_system_t\000"
ARM GAS  C:\cygwin\tmp\ccb8mOLr.s 			page 29


 1495      79737465 
 1495      6D5F7400 
 1496              	.LASF19:
 1497 0214 746D6F64 		.ascii	"tmode_t\000"
 1497      655F7400 
 1498              	.LASF50:
 1499 021c 63685F72 		.ascii	"ch_ready_list\000"
 1499      65616479 
 1499      5F6C6973 
 1499      7400
 1500              	.LASF24:
 1501 022a 6576656E 		.ascii	"eventmask_t\000"
 1501      746D6173 
 1501      6B5F7400 
 1502              	.LASF7:
 1503 0236 5F5F696E 		.ascii	"__int32_t\000"
 1503      7433325F 
 1503      7400
 1504              	.LASF111:
 1505 0240 474E5520 		.ascii	"GNU C 4.9.3 20141119 (release) [ARM/embedded-4_9-br"
 1505      4320342E 
 1505      392E3320 
 1505      32303134 
 1505      31313139 
 1506 0273 616E6368 		.ascii	"anch revision 218278] -mcpu=cortex-m4 -mno-thumb-in"
 1506      20726576 
 1506      6973696F 
 1506      6E203231 
 1506      38323738 
 1507 02a6 74657277 		.ascii	"terwork -mthumb -ggdb -O2 -fomit-frame-pointer -fal"
 1507      6F726B20 
 1507      2D6D7468 
 1507      756D6220 
 1507      2D676764 
 1508 02d9 69676E2D 		.ascii	"ign-functions=16 -ffunction-sections -fdata-section"
 1508      66756E63 
 1508      74696F6E 
 1508      733D3136 
 1508      202D6666 
 1509 030c 73202D66 		.ascii	"s -fno-common\000"
 1509      6E6F2D63 
 1509      6F6D6D6F 
 1509      6E00
 1510              	.LASF79:
 1511 031a 73746B61 		.ascii	"stkalign_t\000"
 1511      6C69676E 
 1511      5F7400
 1512              	.LASF37:
 1513 0325 705F7761 		.ascii	"p_waiting\000"
 1513      6974696E 
 1513      6700
 1514              	.LASF77:
 1515 032f 73697A65 		.ascii	"sizetype\000"
 1515      74797065 
 1515      00
 1516              	.LASF66:
 1517 0338 63685F76 		.ascii	"ch_virtual_timers_list\000"
ARM GAS  C:\cygwin\tmp\ccb8mOLr.s 			page 30


 1517      69727475 
 1517      616C5F74 
 1517      696D6572 
 1517      735F6C69 
 1518              	.LASF67:
 1519 034f 76745F6C 		.ascii	"vt_lasttime\000"
 1519      61737474 
 1519      696D6500 
 1520              	.LASF32:
 1521 035b 705F6F6C 		.ascii	"p_older\000"
 1521      64657200 
 1522              	.LASF53:
 1523 0363 725F6374 		.ascii	"r_ctx\000"
 1523      7800
 1524              	.LASF83:
 1525 0369 746D5F63 		.ascii	"tm_calibration_t\000"
 1525      616C6962 
 1525      72617469 
 1525      6F6E5F74 
 1525      00
 1526              	.LASF100:
 1527 037a 61667268 		.ascii	"afrh\000"
 1527      00
 1528              	.LASF105:
 1529 037f 50444461 		.ascii	"PDData\000"
 1529      746100
 1530              	.LASF56:
 1531 0386 725F6375 		.ascii	"r_current\000"
 1531      7272656E 
 1531      7400
 1532              	.LASF55:
 1533 0390 725F6F6C 		.ascii	"r_older\000"
 1533      64657200 
 1534              	.LASF12:
 1535 0398 5F5F7569 		.ascii	"__uint64_t\000"
 1535      6E743634 
 1535      5F7400
 1536              	.LASF113:
 1537 03a3 433A5C55 		.ascii	"C:\\Users\\Jo\\Documents\\GitHub\\ChibiOS\\demos\\S"
 1537      73657273 
 1537      5C4A6F5C 
 1537      446F6375 
 1537      6D656E74 
 1538 03cf 544D3332 		.ascii	"TM32\\RT-STM32F401RE-NUCLEO\000"
 1538      5C52542D 
 1538      53544D33 
 1538      32463430 
 1538      3152452D 
 1539              	.LASF21:
 1540 03ea 74726566 		.ascii	"trefs_t\000"
 1540      735F7400 
 1541              	.LASF58:
 1542 03f2 76697274 		.ascii	"virtual_timer_t\000"
 1542      75616C5F 
 1542      74696D65 
 1542      725F7400 
 1543              	.LASF28:
ARM GAS  C:\cygwin\tmp\ccb8mOLr.s 			page 31


 1544 0402 705F7072 		.ascii	"p_prev\000"
 1544      657600
 1545              	.LASF22:
 1546 0409 74707269 		.ascii	"tprio_t\000"
 1546      6F5F7400 
 1547              	.LASF89:
 1548 0411 6D757465 		.ascii	"mutex\000"
 1548      7800
 1549              	.LASF69:
 1550 0417 63685F73 		.ascii	"ch_system_debug\000"
 1550      79737465 
 1550      6D5F6465 
 1550      62756700 
 1551              	.LASF94:
 1552 0427 5F426F6F 		.ascii	"_Bool\000"
 1552      6C00
 1553              	.LASF15:
 1554 042d 696E7433 		.ascii	"int32_t\000"
 1554      325F7400 
 1555              	.LASF4:
 1556 0435 756E7369 		.ascii	"unsigned char\000"
 1556      676E6564 
 1556      20636861 
 1556      7200
 1557              	.LASF99:
 1558 0443 6166726C 		.ascii	"afrl\000"
 1558      00
 1559              	.LASF41:
 1560 0448 705F6D74 		.ascii	"p_mtxlist\000"
 1560      786C6973 
 1560      7400
 1561              	.LASF5:
 1562 0452 73686F72 		.ascii	"short int\000"
 1562      7420696E 
 1562      7400
 1563              	.LASF34:
 1564 045c 705F7374 		.ascii	"p_state\000"
 1564      61746500 
 1565              	.LASF115:
 1566 0464 626F6172 		.ascii	"boardInit\000"
 1566      64496E69 
 1566      7400
 1567              	.LASF52:
 1568 046e 725F7072 		.ascii	"r_prio\000"
 1568      696F00
 1569              	.LASF102:
 1570 0475 50414461 		.ascii	"PAData\000"
 1570      746100
 1571              	.LASF87:
 1572 047c 65776D61 		.ascii	"ewmask\000"
 1572      736B00
 1573              	.LASF27:
 1574 0483 705F6E65 		.ascii	"p_next\000"
 1574      787400
 1575              	.LASF35:
 1576 048a 705F666C 		.ascii	"p_flags\000"
 1576      61677300 
ARM GAS  C:\cygwin\tmp\ccb8mOLr.s 			page 32


 1577              	.LASF59:
 1578 0492 63685F76 		.ascii	"ch_virtual_timer\000"
 1578      69727475 
 1578      616C5F74 
 1578      696D6572 
 1578      00
 1579              	.LASF40:
 1580 04a3 705F6570 		.ascii	"p_epending\000"
 1580      656E6469 
 1580      6E6700
 1581              	.LASF16:
 1582 04ae 75696E74 		.ascii	"uint32_t\000"
 1582      33325F74 
 1582      00
 1583              	.LASF51:
 1584 04b7 725F7175 		.ascii	"r_queue\000"
 1584      65756500 
 1585              	.LASF62:
 1586 04bf 76745F64 		.ascii	"vt_delta\000"
 1586      656C7461 
 1586      00
 1587              	.LASF46:
 1588 04c8 63685F74 		.ascii	"ch_threads_list\000"
 1588      68726561 
 1588      64735F6C 
 1588      69737400 
 1589              	.LASF10:
 1590 04d8 6C6F6E67 		.ascii	"long unsigned int\000"
 1590      20756E73 
 1590      69676E65 
 1590      6420696E 
 1590      7400
 1591              	.LASF88:
 1592 04ea 63686172 		.ascii	"char\000"
 1592      00
 1593              	.LASF26:
 1594 04ef 74687265 		.ascii	"thread_t\000"
 1594      61645F74 
 1594      00
 1595              	.LASF92:
 1596 04f8 6D5F6E65 		.ascii	"m_next\000"
 1596      787400
 1597              	.LASF25:
 1598 04ff 73797374 		.ascii	"systime_t\000"
 1598      696D655F 
 1598      7400
 1599              	.LASF42:
 1600 0509 705F7265 		.ascii	"p_realprio\000"
 1600      616C7072 
 1600      696F00
 1601              	.LASF57:
 1602 0514 76746675 		.ascii	"vtfunc_t\000"
 1602      6E635F74 
 1602      00
 1603              	.LASF9:
 1604 051d 5F5F7569 		.ascii	"__uint32_t\000"
 1604      6E743332 
ARM GAS  C:\cygwin\tmp\ccb8mOLr.s 			page 33


 1604      5F7400
 1605              	.LASF70:
 1606 0528 70616E69 		.ascii	"panic_msg\000"
 1606      635F6D73 
 1606      6700
 1607              	.LASF82:
 1608 0532 6F666673 		.ascii	"offset\000"
 1608      657400
 1609              	.LASF80:
 1610 0539 636F6E74 		.ascii	"context\000"
 1610      65787400 
 1611              	.LASF18:
 1612 0541 7274636E 		.ascii	"rtcnt_t\000"
 1612      745F7400 
 1613              	.LASF64:
 1614 0549 76745F70 		.ascii	"vt_par\000"
 1614      617200
 1615              	.LASF47:
 1616 0550 74687265 		.ascii	"threads_queue_t\000"
 1616      6164735F 
 1616      71756575 
 1616      655F7400 
 1617              	.LASF36:
 1618 0560 705F7265 		.ascii	"p_refs\000"
 1618      667300
 1619              	.LASF73:
 1620 0567 726C6973 		.ascii	"rlist\000"
 1620      7400
 1621              	.LASF14:
 1622 056d 75696E74 		.ascii	"uint8_t\000"
 1622      385F7400 
 1623              	.LASF86:
 1624 0575 77746F62 		.ascii	"wtobjp\000"
 1624      6A7000
 1625              	.LASF33:
 1626 057c 705F6E61 		.ascii	"p_name\000"
 1626      6D6500
 1627              	.LASF104:
 1628 0583 50434461 		.ascii	"PCData\000"
 1628      746100
 1629              	.LASF44:
 1630 058a 74687265 		.ascii	"threads_list_t\000"
 1630      6164735F 
 1630      6C697374 
 1630      5F7400
 1631              	.LASF39:
 1632 0599 705F6D73 		.ascii	"p_msg\000"
 1632      6700
 1633              	.LASF108:
 1634 059f 50414C43 		.ascii	"PALConfig\000"
 1634      6F6E6669 
 1634      6700
 1635              	.LASF91:
 1636 05a9 6D5F6F77 		.ascii	"m_owner\000"
 1636      6E657200 
 1637              	.LASF110:
 1638 05b1 70616C5F 		.ascii	"pal_default_config\000"
ARM GAS  C:\cygwin\tmp\ccb8mOLr.s 			page 34


 1638      64656661 
 1638      756C745F 
 1638      636F6E66 
 1638      696700
 1639              	.LASF30:
 1640 05c4 705F6374 		.ascii	"p_ctx\000"
 1640      7800
 1641              	.LASF63:
 1642 05ca 76745F66 		.ascii	"vt_func\000"
 1642      756E6300 
 1643              		.ident	"GCC: (GNU Tools for ARM Embedded Processors) 4.9.3 20141119 (release) [ARM/embedded-4_9-br
ARM GAS  C:\cygwin\tmp\ccb8mOLr.s 			page 35


DEFINED SYMBOLS
                            *ABS*:00000000 board.c
C:\cygwin\tmp\ccb8mOLr.s:19     .text.__early_init:00000000 $t
C:\cygwin\tmp\ccb8mOLr.s:25     .text.__early_init:00000000 __early_init
C:\cygwin\tmp\ccb8mOLr.s:40     .text.boardInit:00000000 $t
C:\cygwin\tmp\ccb8mOLr.s:46     .text.boardInit:00000000 boardInit
C:\cygwin\tmp\ccb8mOLr.s:62     .rodata.pal_default_config:00000000 pal_default_config
C:\cygwin\tmp\ccb8mOLr.s:59     .rodata.pal_default_config:00000000 $d
                     .debug_frame:00000010 $d

UNDEFINED SYMBOLS
stm32_clock_init
