ARM GAS  C:\cygwin\tmp\ccCUmRuG.s 			page 1


   1              		.syntax unified
   2              		.cpu cortex-m4
   3              		.fpu softvfp
   4              		.eabi_attribute 20, 1
   5              		.eabi_attribute 21, 1
   6              		.eabi_attribute 23, 3
   7              		.eabi_attribute 24, 1
   8              		.eabi_attribute 25, 1
   9              		.eabi_attribute 26, 1
  10              		.eabi_attribute 30, 2
  11              		.eabi_attribute 34, 1
  12              		.eabi_attribute 18, 4
  13              		.thumb
  14              		.file	"nvic.c"
  15              		.text
  16              	.Ltext0:
  17              		.cfi_sections	.debug_frame
  18              		.section	.text.nvicEnableVector,"ax",%progbits
  19              		.align	2
  20              		.p2align 4,,15
  21              		.global	nvicEnableVector
  22              		.thumb
  23              		.thumb_func
  24              		.type	nvicEnableVector, %function
  25              	nvicEnableVector:
  26              	.LFB255:
  27              		.file 1 "../../../os/hal/ports/common/ARMCMx/nvic.c"
  28              		.loc 1 57 0
  29              		.cfi_startproc
  30              		@ args = 0, pretend = 0, frame = 0
  31              		@ frame_needed = 0, uses_anonymous_args = 0
  32              		@ link register save eliminated.
  33              	.LVL0:
  34              		.loc 1 60 0
  35 0000 4309     		lsrs	r3, r0, #5
  36 0002 9B00     		lsls	r3, r3, #2
  37              		.loc 1 57 0
  38 0004 10B4     		push	{r4}
  39              		.cfi_def_cfa_offset 4
  40              		.cfi_offset 4, -4
  41 0006 03F16043 		add	r3, r3, #-536870912
  42              		.loc 1 59 0
  43 000a 00F16044 		add	r4, r0, #-536870912
  44 000e 04F56144 		add	r4, r4, #57600
  45 0012 03F56143 		add	r3, r3, #57600
  46 0016 0901     		lsls	r1, r1, #4
  47              	.LVL1:
  48              		.loc 1 60 0
  49 0018 00F01F00 		and	r0, r0, #31
  50              	.LVL2:
  51 001c 0122     		movs	r2, #1
  52 001e 8240     		lsls	r2, r2, r0
  53              		.loc 1 59 0
  54 0020 C9B2     		uxtb	r1, r1
  55 0022 84F80013 		strb	r1, [r4, #768]
  56              		.loc 1 60 0
  57 0026 C3F88021 		str	r2, [r3, #384]
ARM GAS  C:\cygwin\tmp\ccCUmRuG.s 			page 2


  58              		.loc 1 61 0
  59 002a 1A60     		str	r2, [r3]
  60              		.loc 1 62 0
  61 002c 5DF8044B 		ldr	r4, [sp], #4
  62              		.cfi_restore 4
  63              		.cfi_def_cfa_offset 0
  64              	.LVL3:
  65 0030 7047     		bx	lr
  66              		.cfi_endproc
  67              	.LFE255:
  68              		.size	nvicEnableVector, .-nvicEnableVector
  69 0032 00BFAFF3 		.section	.text.nvicDisableVector,"ax",%progbits
  69      0080AFF3 
  69      0080AFF3 
  69      0080
  70              		.align	2
  71              		.p2align 4,,15
  72              		.global	nvicDisableVector
  73              		.thumb
  74              		.thumb_func
  75              		.type	nvicDisableVector, %function
  76              	nvicDisableVector:
  77              	.LFB256:
  78              		.loc 1 69 0
  79              		.cfi_startproc
  80              		@ args = 0, pretend = 0, frame = 0
  81              		@ frame_needed = 0, uses_anonymous_args = 0
  82              		@ link register save eliminated.
  83              	.LVL4:
  84              		.loc 1 71 0
  85 0000 0849     		ldr	r1, .L5
  86 0002 4309     		lsrs	r3, r0, #5
  87              		.loc 1 69 0
  88 0004 10B4     		push	{r4}
  89              		.cfi_def_cfa_offset 4
  90              		.cfi_offset 4, -4
  91              		.loc 1 71 0
  92 0006 2033     		adds	r3, r3, #32
  93 0008 00F01F04 		and	r4, r0, #31
  94 000c 0122     		movs	r2, #1
  95              		.loc 1 72 0
  96 000e 0844     		add	r0, r0, r1
  97              	.LVL5:
  98              		.loc 1 71 0
  99 0010 A240     		lsls	r2, r2, r4
 100              		.loc 1 72 0
 101 0012 0024     		movs	r4, #0
 102              		.loc 1 71 0
 103 0014 41F82320 		str	r2, [r1, r3, lsl #2]
 104              		.loc 1 72 0
 105 0018 80F80043 		strb	r4, [r0, #768]
 106              		.loc 1 73 0
 107 001c 5DF8044B 		ldr	r4, [sp], #4
 108              		.cfi_restore 4
 109              		.cfi_def_cfa_offset 0
 110 0020 7047     		bx	lr
 111              	.L6:
ARM GAS  C:\cygwin\tmp\ccCUmRuG.s 			page 3


 112 0022 00BF     		.align	2
 113              	.L5:
 114 0024 00E100E0 		.word	-536813312
 115              		.cfi_endproc
 116              	.LFE256:
 117              		.size	nvicDisableVector, .-nvicDisableVector
 118 0028 AFF30080 		.section	.text.nvicSetSystemHandlerPriority,"ax",%progbits
 118      AFF30080 
 119              		.align	2
 120              		.p2align 4,,15
 121              		.global	nvicSetSystemHandlerPriority
 122              		.thumb
 123              		.thumb_func
 124              		.type	nvicSetSystemHandlerPriority, %function
 125              	nvicSetSystemHandlerPriority:
 126              	.LFB257:
 127              		.loc 1 81 0
 128              		.cfi_startproc
 129              		@ args = 0, pretend = 0, frame = 0
 130              		@ frame_needed = 0, uses_anonymous_args = 0
 131              		@ link register save eliminated.
 132              	.LVL6:
 133              		.loc 1 85 0
 134 0000 00F16040 		add	r0, r0, #-536870912
 135              	.LVL7:
 136 0004 00F56D40 		add	r0, r0, #60672
 137              	.LVL8:
 138 0008 0901     		lsls	r1, r1, #4
 139              	.LVL9:
 140 000a C9B2     		uxtb	r1, r1
 141 000c 0176     		strb	r1, [r0, #24]
 142 000e 7047     		bx	lr
 143              		.cfi_endproc
 144              	.LFE257:
 145              		.size	nvicSetSystemHandlerPriority, .-nvicSetSystemHandlerPriority
 146              		.text
 147              	.Letext0:
 148              		.file 2 "c:\\program files\\gnu tools arm embedded\\4.9 2014q4\\arm-none-eabi\\include\\machine\\_
 149              		.file 3 "c:\\program files\\gnu tools arm embedded\\4.9 2014q4\\arm-none-eabi\\include\\stdint.h"
 150              		.file 4 "../../../os/rt/ports/ARMCMx/compilers/GCC/chtypes.h"
 151              		.file 5 "../../../os/rt/include/chsystypes.h"
 152              		.file 6 "../../../os/rt/include/chschd.h"
 153              		.file 7 "../../../os/ext/CMSIS/include/core_cm4.h"
 154              		.file 8 "../../../os/rt/ports/ARMCMx/chcore.h"
 155              		.file 9 "../../../os/rt/ports/ARMCMx/chcore_v7m.h"
 156              		.file 10 "../../../os/rt/include/chtm.h"
 157              		.file 11 "../../../os/rt/include/chmtx.h"
 158              		.section	.debug_info,"",%progbits
 159              	.Ldebug_info0:
 160 0000 3C090000 		.4byte	0x93c
 161 0004 0400     		.2byte	0x4
 162 0006 00000000 		.4byte	.Ldebug_abbrev0
 163 000a 04       		.byte	0x4
 164 000b 01       		.uleb128 0x1
 165 000c FD010000 		.4byte	.LASF128
 166 0010 01       		.byte	0x1
 167 0011 8D050000 		.4byte	.LASF129
ARM GAS  C:\cygwin\tmp\ccCUmRuG.s 			page 4


 168 0015 76030000 		.4byte	.LASF130
 169 0019 00000000 		.4byte	.Ldebug_ranges0+0
 170 001d 00000000 		.4byte	0
 171 0021 00000000 		.4byte	.Ldebug_line0
 172 0025 02       		.uleb128 0x2
 173 0026 04       		.byte	0x4
 174 0027 05       		.byte	0x5
 175 0028 696E7400 		.ascii	"int\000"
 176 002c 03       		.uleb128 0x3
 177 002d 04       		.byte	0x4
 178 002e 07       		.byte	0x7
 179 002f 68010000 		.4byte	.LASF0
 180 0033 03       		.uleb128 0x3
 181 0034 01       		.byte	0x1
 182 0035 06       		.byte	0x6
 183 0036 DE000000 		.4byte	.LASF1
 184 003a 04       		.uleb128 0x4
 185 003b 31000000 		.4byte	.LASF5
 186 003f 02       		.byte	0x2
 187 0040 1D       		.byte	0x1d
 188 0041 45000000 		.4byte	0x45
 189 0045 03       		.uleb128 0x3
 190 0046 01       		.byte	0x1
 191 0047 08       		.byte	0x8
 192 0048 20040000 		.4byte	.LASF2
 193 004c 03       		.uleb128 0x3
 194 004d 02       		.byte	0x2
 195 004e 05       		.byte	0x5
 196 004f 53040000 		.4byte	.LASF3
 197 0053 03       		.uleb128 0x3
 198 0054 02       		.byte	0x2
 199 0055 07       		.byte	0x7
 200 0056 AF040000 		.4byte	.LASF4
 201 005a 04       		.uleb128 0x4
 202 005b F3010000 		.4byte	.LASF6
 203 005f 02       		.byte	0x2
 204 0060 3F       		.byte	0x3f
 205 0061 65000000 		.4byte	0x65
 206 0065 03       		.uleb128 0x3
 207 0066 04       		.byte	0x4
 208 0067 05       		.byte	0x5
 209 0068 0B010000 		.4byte	.LASF7
 210 006c 04       		.uleb128 0x4
 211 006d 61050000 		.4byte	.LASF8
 212 0071 02       		.byte	0x2
 213 0072 41       		.byte	0x41
 214 0073 77000000 		.4byte	0x77
 215 0077 03       		.uleb128 0x3
 216 0078 04       		.byte	0x4
 217 0079 07       		.byte	0x7
 218 007a 12050000 		.4byte	.LASF9
 219 007e 03       		.uleb128 0x3
 220 007f 08       		.byte	0x8
 221 0080 05       		.byte	0x5
 222 0081 D0000000 		.4byte	.LASF10
 223 0085 04       		.uleb128 0x4
 224 0086 6B030000 		.4byte	.LASF11
ARM GAS  C:\cygwin\tmp\ccCUmRuG.s 			page 5


 225 008a 02       		.byte	0x2
 226 008b 5B       		.byte	0x5b
 227 008c 90000000 		.4byte	0x90
 228 0090 03       		.uleb128 0x3
 229 0091 08       		.byte	0x8
 230 0092 07       		.byte	0x7
 231 0093 56000000 		.4byte	.LASF12
 232 0097 04       		.uleb128 0x4
 233 0098 E1050000 		.4byte	.LASF13
 234 009c 03       		.byte	0x3
 235 009d 15       		.byte	0x15
 236 009e 3A000000 		.4byte	0x3a
 237 00a2 04       		.uleb128 0x4
 238 00a3 18040000 		.4byte	.LASF14
 239 00a7 03       		.byte	0x3
 240 00a8 2C       		.byte	0x2c
 241 00a9 5A000000 		.4byte	0x5a
 242 00ad 04       		.uleb128 0x4
 243 00ae E8040000 		.4byte	.LASF15
 244 00b2 03       		.byte	0x3
 245 00b3 2D       		.byte	0x2d
 246 00b4 6C000000 		.4byte	0x6c
 247 00b8 04       		.uleb128 0x4
 248 00b9 28000000 		.4byte	.LASF16
 249 00bd 03       		.byte	0x3
 250 00be 39       		.byte	0x39
 251 00bf 85000000 		.4byte	0x85
 252 00c3 05       		.uleb128 0x5
 253 00c4 A2000000 		.4byte	0xa2
 254 00c8 05       		.uleb128 0x5
 255 00c9 AD000000 		.4byte	0xad
 256 00cd 04       		.uleb128 0x4
 257 00ce 85050000 		.4byte	.LASF17
 258 00d2 04       		.byte	0x4
 259 00d3 45       		.byte	0x45
 260 00d4 AD000000 		.4byte	0xad
 261 00d8 04       		.uleb128 0x4
 262 00d9 D1010000 		.4byte	.LASF18
 263 00dd 04       		.byte	0x4
 264 00de 48       		.byte	0x48
 265 00df 97000000 		.4byte	0x97
 266 00e3 04       		.uleb128 0x4
 267 00e4 14010000 		.4byte	.LASF19
 268 00e8 04       		.byte	0x4
 269 00e9 49       		.byte	0x49
 270 00ea 97000000 		.4byte	0x97
 271 00ee 04       		.uleb128 0x4
 272 00ef BD030000 		.4byte	.LASF20
 273 00f3 04       		.byte	0x4
 274 00f4 4A       		.byte	0x4a
 275 00f5 97000000 		.4byte	0x97
 276 00f9 04       		.uleb128 0x4
 277 00fa F4030000 		.4byte	.LASF21
 278 00fe 04       		.byte	0x4
 279 00ff 4C       		.byte	0x4c
 280 0100 AD000000 		.4byte	0xad
 281 0104 04       		.uleb128 0x4
ARM GAS  C:\cygwin\tmp\ccCUmRuG.s 			page 6


 282 0105 AE010000 		.4byte	.LASF22
 283 0109 04       		.byte	0x4
 284 010a 4D       		.byte	0x4d
 285 010b A2000000 		.4byte	0xa2
 286 010f 04       		.uleb128 0x4
 287 0110 E7010000 		.4byte	.LASF23
 288 0114 04       		.byte	0x4
 289 0115 4F       		.byte	0x4f
 290 0116 AD000000 		.4byte	0xad
 291 011a 04       		.uleb128 0x4
 292 011b 43050000 		.4byte	.LASF24
 293 011f 05       		.byte	0x5
 294 0120 33       		.byte	0x33
 295 0121 AD000000 		.4byte	0xad
 296 0125 04       		.uleb128 0x4
 297 0126 33050000 		.4byte	.LASF25
 298 012a 05       		.byte	0x5
 299 012b 3F       		.byte	0x3f
 300 012c 30010000 		.4byte	0x130
 301 0130 06       		.uleb128 0x6
 302 0131 9F010000 		.4byte	.LASF44
 303 0135 44       		.byte	0x44
 304 0136 06       		.byte	0x6
 305 0137 BE       		.byte	0xbe
 306 0138 1D020000 		.4byte	0x21d
 307 013c 07       		.uleb128 0x7
 308 013d 97040000 		.4byte	.LASF26
 309 0141 06       		.byte	0x6
 310 0142 BF       		.byte	0xbf
 311 0143 C7070000 		.4byte	0x7c7
 312 0147 00       		.byte	0
 313 0148 07       		.uleb128 0x7
 314 0149 ED030000 		.4byte	.LASF27
 315 014d 06       		.byte	0x6
 316 014e C1       		.byte	0xc1
 317 014f C7070000 		.4byte	0x7c7
 318 0153 04       		.byte	0x4
 319 0154 07       		.uleb128 0x7
 320 0155 B3000000 		.4byte	.LASF28
 321 0159 06       		.byte	0x6
 322 015a C3       		.byte	0xc3
 323 015b F9000000 		.4byte	0xf9
 324 015f 08       		.byte	0x8
 325 0160 07       		.uleb128 0x7
 326 0161 1E060000 		.4byte	.LASF29
 327 0165 06       		.byte	0x6
 328 0166 C4       		.byte	0xc4
 329 0167 0D070000 		.4byte	0x70d
 330 016b 0C       		.byte	0xc
 331 016c 07       		.uleb128 0x7
 332 016d 1D010000 		.4byte	.LASF30
 333 0171 06       		.byte	0x6
 334 0172 C6       		.byte	0xc6
 335 0173 C7070000 		.4byte	0x7c7
 336 0177 10       		.byte	0x10
 337 0178 07       		.uleb128 0x7
 338 0179 3A030000 		.4byte	.LASF31
ARM GAS  C:\cygwin\tmp\ccCUmRuG.s 			page 7


 339 017d 06       		.byte	0x6
 340 017e C7       		.byte	0xc7
 341 017f C7070000 		.4byte	0x7c7
 342 0183 14       		.byte	0x14
 343 0184 07       		.uleb128 0x7
 344 0185 FE050000 		.4byte	.LASF32
 345 0189 06       		.byte	0x6
 346 018a CE       		.byte	0xce
 347 018b 05080000 		.4byte	0x805
 348 018f 18       		.byte	0x18
 349 0190 07       		.uleb128 0x7
 350 0191 41040000 		.4byte	.LASF33
 351 0195 06       		.byte	0x6
 352 0196 D9       		.byte	0xd9
 353 0197 E3000000 		.4byte	0xe3
 354 019b 1C       		.byte	0x1c
 355 019c 07       		.uleb128 0x7
 356 019d 9E040000 		.4byte	.LASF34
 357 01a1 06       		.byte	0x6
 358 01a2 DD       		.byte	0xdd
 359 01a3 D8000000 		.4byte	0xd8
 360 01a7 1D       		.byte	0x1d
 361 01a8 07       		.uleb128 0x7
 362 01a9 CF050000 		.4byte	.LASF35
 363 01ad 06       		.byte	0x6
 364 01ae E2       		.byte	0xe2
 365 01af EE000000 		.4byte	0xee
 366 01b3 1E       		.byte	0x1e
 367 01b4 08       		.uleb128 0x8
 368 01b5 705F7500 		.ascii	"p_u\000"
 369 01b9 06       		.byte	0x6
 370 01ba 1401     		.2byte	0x114
 371 01bc CD070000 		.4byte	0x7cd
 372 01c0 20       		.byte	0x20
 373 01c1 09       		.uleb128 0x9
 374 01c2 FA020000 		.4byte	.LASF36
 375 01c6 06       		.byte	0x6
 376 01c7 1901     		.2byte	0x119
 377 01c9 1D020000 		.4byte	0x21d
 378 01cd 24       		.byte	0x24
 379 01ce 09       		.uleb128 0x9
 380 01cf 8F010000 		.4byte	.LASF37
 381 01d3 06       		.byte	0x6
 382 01d4 1F01     		.2byte	0x11f
 383 01d6 41020000 		.4byte	0x241
 384 01da 28       		.byte	0x28
 385 01db 09       		.uleb128 0x9
 386 01dc 05060000 		.4byte	.LASF38
 387 01e0 06       		.byte	0x6
 388 01e1 2301     		.2byte	0x123
 389 01e3 04010000 		.4byte	0x104
 390 01e7 30       		.byte	0x30
 391 01e8 09       		.uleb128 0x9
 392 01e9 D3040000 		.4byte	.LASF39
 393 01ed 06       		.byte	0x6
 394 01ee 2901     		.2byte	0x129
 395 01f0 0F010000 		.4byte	0x10f
ARM GAS  C:\cygwin\tmp\ccCUmRuG.s 			page 8


 396 01f4 34       		.byte	0x34
 397 01f5 09       		.uleb128 0x9
 398 01f6 49040000 		.4byte	.LASF40
 399 01fa 06       		.byte	0x6
 400 01fb 3001     		.2byte	0x130
 401 01fd 48080000 		.4byte	0x848
 402 0201 38       		.byte	0x38
 403 0202 09       		.uleb128 0x9
 404 0203 4D050000 		.4byte	.LASF41
 405 0207 06       		.byte	0x6
 406 0208 3401     		.2byte	0x134
 407 020a F9000000 		.4byte	0xf9
 408 020e 3C       		.byte	0x3c
 409 020f 09       		.uleb128 0x9
 410 0210 EA000000 		.4byte	.LASF42
 411 0214 06       		.byte	0x6
 412 0215 3A01     		.2byte	0x13a
 413 0217 F4020000 		.4byte	0x2f4
 414 021b 40       		.byte	0x40
 415 021c 00       		.byte	0
 416 021d 04       		.uleb128 0x4
 417 021e 00000000 		.4byte	.LASF43
 418 0222 05       		.byte	0x5
 419 0223 44       		.byte	0x44
 420 0224 28020000 		.4byte	0x228
 421 0228 06       		.uleb128 0x6
 422 0229 02050000 		.4byte	.LASF45
 423 022d 04       		.byte	0x4
 424 022e 06       		.byte	0x6
 425 022f AC       		.byte	0xac
 426 0230 41020000 		.4byte	0x241
 427 0234 07       		.uleb128 0x7
 428 0235 97040000 		.4byte	.LASF26
 429 0239 06       		.byte	0x6
 430 023a AD       		.byte	0xad
 431 023b C7070000 		.4byte	0x7c7
 432 023f 00       		.byte	0
 433 0240 00       		.byte	0
 434 0241 04       		.uleb128 0x4
 435 0242 BF050000 		.4byte	.LASF46
 436 0246 05       		.byte	0x5
 437 0247 4B       		.byte	0x4b
 438 0248 4C020000 		.4byte	0x24c
 439 024c 06       		.uleb128 0x6
 440 024d 9D000000 		.4byte	.LASF47
 441 0251 08       		.byte	0x8
 442 0252 06       		.byte	0x6
 443 0253 B3       		.byte	0xb3
 444 0254 71020000 		.4byte	0x271
 445 0258 07       		.uleb128 0x7
 446 0259 97040000 		.4byte	.LASF26
 447 025d 06       		.byte	0x6
 448 025e B4       		.byte	0xb4
 449 025f C7070000 		.4byte	0x7c7
 450 0263 00       		.byte	0
 451 0264 07       		.uleb128 0x7
 452 0265 ED030000 		.4byte	.LASF27
ARM GAS  C:\cygwin\tmp\ccCUmRuG.s 			page 9


 453 0269 06       		.byte	0x6
 454 026a B5       		.byte	0xb5
 455 026b C7070000 		.4byte	0x7c7
 456 026f 04       		.byte	0x4
 457 0270 00       		.byte	0
 458 0271 04       		.uleb128 0x4
 459 0272 14000000 		.4byte	.LASF48
 460 0276 05       		.byte	0x5
 461 0277 52       		.byte	0x52
 462 0278 7C020000 		.4byte	0x27c
 463 027c 0A       		.uleb128 0xa
 464 027d D9010000 		.4byte	.LASF49
 465 0281 1C       		.byte	0x1c
 466 0282 06       		.byte	0x6
 467 0283 7201     		.2byte	0x172
 468 0285 D8020000 		.4byte	0x2d8
 469 0289 09       		.uleb128 0x9
 470 028a F1040000 		.4byte	.LASF50
 471 028e 06       		.byte	0x6
 472 028f 7301     		.2byte	0x173
 473 0291 41020000 		.4byte	0x241
 474 0295 00       		.byte	0
 475 0296 09       		.uleb128 0x9
 476 0297 89040000 		.4byte	.LASF51
 477 029b 06       		.byte	0x6
 478 029c 7401     		.2byte	0x174
 479 029e F9000000 		.4byte	0xf9
 480 02a2 08       		.byte	0x8
 481 02a3 09       		.uleb128 0x9
 482 02a4 42030000 		.4byte	.LASF52
 483 02a8 06       		.byte	0x6
 484 02a9 7601     		.2byte	0x176
 485 02ab 0D070000 		.4byte	0x70d
 486 02af 0C       		.byte	0xc
 487 02b0 09       		.uleb128 0x9
 488 02b1 2F010000 		.4byte	.LASF53
 489 02b5 06       		.byte	0x6
 490 02b6 7901     		.2byte	0x179
 491 02b8 C7070000 		.4byte	0x7c7
 492 02bc 10       		.byte	0x10
 493 02bd 09       		.uleb128 0x9
 494 02be 63030000 		.4byte	.LASF54
 495 02c2 06       		.byte	0x6
 496 02c3 7A01     		.2byte	0x17a
 497 02c5 C7070000 		.4byte	0x7c7
 498 02c9 14       		.byte	0x14
 499 02ca 09       		.uleb128 0x9
 500 02cb 24050000 		.4byte	.LASF55
 501 02cf 06       		.byte	0x6
 502 02d0 7D01     		.2byte	0x17d
 503 02d2 C7070000 		.4byte	0x7c7
 504 02d6 18       		.byte	0x18
 505 02d7 00       		.byte	0
 506 02d8 04       		.uleb128 0x4
 507 02d9 58050000 		.4byte	.LASF56
 508 02dd 05       		.byte	0x5
 509 02de 57       		.byte	0x57
ARM GAS  C:\cygwin\tmp\ccCUmRuG.s 			page 10


 510 02df E3020000 		.4byte	0x2e3
 511 02e3 0B       		.uleb128 0xb
 512 02e4 04       		.byte	0x4
 513 02e5 E9020000 		.4byte	0x2e9
 514 02e9 0C       		.uleb128 0xc
 515 02ea F4020000 		.4byte	0x2f4
 516 02ee 0D       		.uleb128 0xd
 517 02ef F4020000 		.4byte	0x2f4
 518 02f3 00       		.byte	0
 519 02f4 0E       		.uleb128 0xe
 520 02f5 04       		.byte	0x4
 521 02f6 04       		.uleb128 0x4
 522 02f7 EA020000 		.4byte	.LASF57
 523 02fb 05       		.byte	0x5
 524 02fc 5C       		.byte	0x5c
 525 02fd 01030000 		.4byte	0x301
 526 0301 0A       		.uleb128 0xa
 527 0302 C2040000 		.4byte	.LASF58
 528 0306 14       		.byte	0x14
 529 0307 06       		.byte	0x6
 530 0308 4D01     		.2byte	0x14d
 531 030a 50030000 		.4byte	0x350
 532 030e 09       		.uleb128 0x9
 533 030f 75010000 		.4byte	.LASF59
 534 0313 06       		.byte	0x6
 535 0314 4E01     		.2byte	0x14e
 536 0316 4E080000 		.4byte	0x84e
 537 031a 00       		.byte	0
 538 031b 09       		.uleb128 0x9
 539 031c 40010000 		.4byte	.LASF60
 540 0320 06       		.byte	0x6
 541 0321 4F01     		.2byte	0x14f
 542 0323 4E080000 		.4byte	0x84e
 543 0327 04       		.byte	0x4
 544 0328 09       		.uleb128 0x9
 545 0329 F9040000 		.4byte	.LASF61
 546 032d 06       		.byte	0x6
 547 032e 5001     		.2byte	0x150
 548 0330 1A010000 		.4byte	0x11a
 549 0334 08       		.byte	0x8
 550 0335 09       		.uleb128 0x9
 551 0336 24060000 		.4byte	.LASF62
 552 033a 06       		.byte	0x6
 553 033b 5101     		.2byte	0x151
 554 033d D8020000 		.4byte	0x2d8
 555 0341 0C       		.byte	0xc
 556 0342 09       		.uleb128 0x9
 557 0343 B8050000 		.4byte	.LASF63
 558 0347 06       		.byte	0x6
 559 0348 5301     		.2byte	0x153
 560 034a F4020000 		.4byte	0x2f4
 561 034e 10       		.byte	0x10
 562 034f 00       		.byte	0
 563 0350 04       		.uleb128 0x4
 564 0351 81000000 		.4byte	.LASF64
 565 0355 05       		.byte	0x5
 566 0356 61       		.byte	0x61
ARM GAS  C:\cygwin\tmp\ccCUmRuG.s 			page 11


 567 0357 5B030000 		.4byte	0x35b
 568 035b 0A       		.uleb128 0xa
 569 035c 0D030000 		.4byte	.LASF65
 570 0360 10       		.byte	0x10
 571 0361 06       		.byte	0x6
 572 0362 5D01     		.2byte	0x15d
 573 0364 9D030000 		.4byte	0x39d
 574 0368 09       		.uleb128 0x9
 575 0369 75010000 		.4byte	.LASF59
 576 036d 06       		.byte	0x6
 577 036e 5E01     		.2byte	0x15e
 578 0370 4E080000 		.4byte	0x84e
 579 0374 00       		.byte	0
 580 0375 09       		.uleb128 0x9
 581 0376 40010000 		.4byte	.LASF60
 582 037a 06       		.byte	0x6
 583 037b 6001     		.2byte	0x160
 584 037d 4E080000 		.4byte	0x84e
 585 0381 04       		.byte	0x4
 586 0382 09       		.uleb128 0x9
 587 0383 F9040000 		.4byte	.LASF61
 588 0387 06       		.byte	0x6
 589 0388 6201     		.2byte	0x162
 590 038a 1A010000 		.4byte	0x11a
 591 038e 08       		.byte	0x8
 592 038f 09       		.uleb128 0x9
 593 0390 2E030000 		.4byte	.LASF66
 594 0394 06       		.byte	0x6
 595 0395 6A01     		.2byte	0x16a
 596 0397 1A010000 		.4byte	0x11a
 597 039b 0C       		.byte	0xc
 598 039c 00       		.byte	0
 599 039d 04       		.uleb128 0x4
 600 039e 47000000 		.4byte	.LASF67
 601 03a2 05       		.byte	0x5
 602 03a3 66       		.byte	0x66
 603 03a4 A8030000 		.4byte	0x3a8
 604 03a8 0A       		.uleb128 0xa
 605 03a9 02040000 		.4byte	.LASF68
 606 03ad 04       		.byte	0x4
 607 03ae 06       		.byte	0x6
 608 03af 8401     		.2byte	0x184
 609 03b1 C3030000 		.4byte	0x3c3
 610 03b5 09       		.uleb128 0x9
 611 03b6 6C050000 		.4byte	.LASF69
 612 03ba 06       		.byte	0x6
 613 03bb 8C01     		.2byte	0x18c
 614 03bd 54080000 		.4byte	0x854
 615 03c1 00       		.byte	0
 616 03c2 00       		.byte	0
 617 03c3 04       		.uleb128 0x4
 618 03c4 C5010000 		.4byte	.LASF70
 619 03c8 05       		.byte	0x5
 620 03c9 6B       		.byte	0x6b
 621 03ca CE030000 		.4byte	0x3ce
 622 03ce 0F       		.uleb128 0xf
 623 03cf 01010000 		.4byte	.LASF71
ARM GAS  C:\cygwin\tmp\ccCUmRuG.s 			page 12


 624 03d3 5001     		.2byte	0x150
 625 03d5 06       		.byte	0x6
 626 03d6 A401     		.2byte	0x1a4
 627 03d8 2A040000 		.4byte	0x42a
 628 03dc 09       		.uleb128 0x9
 629 03dd DB050000 		.4byte	.LASF72
 630 03e1 06       		.byte	0x6
 631 03e2 A801     		.2byte	0x1a8
 632 03e4 71020000 		.4byte	0x271
 633 03e8 00       		.byte	0
 634 03e9 09       		.uleb128 0x9
 635 03ea FA000000 		.4byte	.LASF73
 636 03ee 06       		.byte	0x6
 637 03ef AC01     		.2byte	0x1ac
 638 03f1 50030000 		.4byte	0x350
 639 03f5 1C       		.byte	0x1c
 640 03f6 08       		.uleb128 0x8
 641 03f7 64626700 		.ascii	"dbg\000"
 642 03fb 06       		.byte	0x6
 643 03fc B001     		.2byte	0x1b0
 644 03fe 9D030000 		.4byte	0x39d
 645 0402 2C       		.byte	0x2c
 646 0403 09       		.uleb128 0x9
 647 0404 76000000 		.4byte	.LASF74
 648 0408 06       		.byte	0x6
 649 0409 B401     		.2byte	0x1b4
 650 040b 25010000 		.4byte	0x125
 651 040f 30       		.byte	0x30
 652 0410 08       		.uleb128 0x8
 653 0411 746D00   		.ascii	"tm\000"
 654 0414 06       		.byte	0x6
 655 0415 B901     		.2byte	0x1b9
 656 0417 BC070000 		.4byte	0x7bc
 657 041b 74       		.byte	0x74
 658 041c 09       		.uleb128 0x9
 659 041d 59010000 		.4byte	.LASF75
 660 0421 06       		.byte	0x6
 661 0422 C501     		.2byte	0x1c5
 662 0424 59080000 		.4byte	0x859
 663 0428 78       		.byte	0x78
 664 0429 00       		.byte	0
 665 042a 10       		.uleb128 0x10
 666 042b 040E     		.2byte	0xe04
 667 042d 07       		.byte	0x7
 668 042e 5001     		.2byte	0x150
 669 0430 E6040000 		.4byte	0x4e6
 670 0434 09       		.uleb128 0x9
 671 0435 5D040000 		.4byte	.LASF76
 672 0439 07       		.byte	0x7
 673 043a 5201     		.2byte	0x152
 674 043c FD040000 		.4byte	0x4fd
 675 0440 00       		.byte	0
 676 0441 09       		.uleb128 0x9
 677 0442 C5030000 		.4byte	.LASF77
 678 0446 07       		.byte	0x7
 679 0447 5301     		.2byte	0x153
 680 0449 02050000 		.4byte	0x502
ARM GAS  C:\cygwin\tmp\ccCUmRuG.s 			page 13


 681 044d 20       		.byte	0x20
 682 044e 09       		.uleb128 0x9
 683 044f 59030000 		.4byte	.LASF78
 684 0453 07       		.byte	0x7
 685 0454 5401     		.2byte	0x154
 686 0456 12050000 		.4byte	0x512
 687 045a 80       		.byte	0x80
 688 045b 09       		.uleb128 0x9
 689 045c E9050000 		.4byte	.LASF79
 690 0460 07       		.byte	0x7
 691 0461 5501     		.2byte	0x155
 692 0463 02050000 		.4byte	0x502
 693 0467 A0       		.byte	0xa0
 694 0468 11       		.uleb128 0x11
 695 0469 AE000000 		.4byte	.LASF80
 696 046d 07       		.byte	0x7
 697 046e 5601     		.2byte	0x156
 698 0470 17050000 		.4byte	0x517
 699 0474 0001     		.2byte	0x100
 700 0476 11       		.uleb128 0x11
 701 0477 CF030000 		.4byte	.LASF81
 702 047b 07       		.byte	0x7
 703 047c 5701     		.2byte	0x157
 704 047e 02050000 		.4byte	0x502
 705 0482 2001     		.2byte	0x120
 706 0484 11       		.uleb128 0x11
 707 0485 0F000000 		.4byte	.LASF82
 708 0489 07       		.byte	0x7
 709 048a 5801     		.2byte	0x158
 710 048c 1C050000 		.4byte	0x51c
 711 0490 8001     		.2byte	0x180
 712 0492 11       		.uleb128 0x11
 713 0493 D9030000 		.4byte	.LASF83
 714 0497 07       		.byte	0x7
 715 0498 5901     		.2byte	0x159
 716 049a 02050000 		.4byte	0x502
 717 049e A001     		.2byte	0x1a0
 718 04a0 11       		.uleb128 0x11
 719 04a1 29030000 		.4byte	.LASF84
 720 04a5 07       		.byte	0x7
 721 04a6 5A01     		.2byte	0x15a
 722 04a8 21050000 		.4byte	0x521
 723 04ac 0002     		.2byte	0x200
 724 04ae 11       		.uleb128 0x11
 725 04af E3030000 		.4byte	.LASF85
 726 04b3 07       		.byte	0x7
 727 04b4 5B01     		.2byte	0x15b
 728 04b6 26050000 		.4byte	0x526
 729 04ba 2002     		.2byte	0x220
 730 04bc 12       		.uleb128 0x12
 731 04bd 495000   		.ascii	"IP\000"
 732 04c0 07       		.byte	0x7
 733 04c1 5C01     		.2byte	0x15c
 734 04c3 46050000 		.4byte	0x546
 735 04c7 0003     		.2byte	0x300
 736 04c9 11       		.uleb128 0x11
 737 04ca DE040000 		.4byte	.LASF86
ARM GAS  C:\cygwin\tmp\ccCUmRuG.s 			page 14


 738 04ce 07       		.byte	0x7
 739 04cf 5D01     		.2byte	0x15d
 740 04d1 4B050000 		.4byte	0x54b
 741 04d5 F003     		.2byte	0x3f0
 742 04d7 11       		.uleb128 0x11
 743 04d8 F2050000 		.4byte	.LASF87
 744 04dc 07       		.byte	0x7
 745 04dd 5E01     		.2byte	0x15e
 746 04df C8000000 		.4byte	0xc8
 747 04e3 000E     		.2byte	0xe00
 748 04e5 00       		.byte	0
 749 04e6 13       		.uleb128 0x13
 750 04e7 AD000000 		.4byte	0xad
 751 04eb F6040000 		.4byte	0x4f6
 752 04ef 14       		.uleb128 0x14
 753 04f0 F6040000 		.4byte	0x4f6
 754 04f4 07       		.byte	0x7
 755 04f5 00       		.byte	0
 756 04f6 03       		.uleb128 0x3
 757 04f7 04       		.byte	0x4
 758 04f8 07       		.byte	0x7
 759 04f9 04030000 		.4byte	.LASF88
 760 04fd 05       		.uleb128 0x5
 761 04fe E6040000 		.4byte	0x4e6
 762 0502 13       		.uleb128 0x13
 763 0503 AD000000 		.4byte	0xad
 764 0507 12050000 		.4byte	0x512
 765 050b 14       		.uleb128 0x14
 766 050c F6040000 		.4byte	0x4f6
 767 0510 17       		.byte	0x17
 768 0511 00       		.byte	0
 769 0512 05       		.uleb128 0x5
 770 0513 E6040000 		.4byte	0x4e6
 771 0517 05       		.uleb128 0x5
 772 0518 E6040000 		.4byte	0x4e6
 773 051c 05       		.uleb128 0x5
 774 051d E6040000 		.4byte	0x4e6
 775 0521 05       		.uleb128 0x5
 776 0522 E6040000 		.4byte	0x4e6
 777 0526 13       		.uleb128 0x13
 778 0527 AD000000 		.4byte	0xad
 779 052b 36050000 		.4byte	0x536
 780 052f 14       		.uleb128 0x14
 781 0530 F6040000 		.4byte	0x4f6
 782 0534 37       		.byte	0x37
 783 0535 00       		.byte	0
 784 0536 13       		.uleb128 0x13
 785 0537 97000000 		.4byte	0x97
 786 053b 46050000 		.4byte	0x546
 787 053f 14       		.uleb128 0x14
 788 0540 F6040000 		.4byte	0x4f6
 789 0544 EF       		.byte	0xef
 790 0545 00       		.byte	0
 791 0546 05       		.uleb128 0x5
 792 0547 36050000 		.4byte	0x536
 793 054b 13       		.uleb128 0x13
 794 054c AD000000 		.4byte	0xad
ARM GAS  C:\cygwin\tmp\ccCUmRuG.s 			page 15


 795 0550 5C050000 		.4byte	0x55c
 796 0554 15       		.uleb128 0x15
 797 0555 F6040000 		.4byte	0x4f6
 798 0559 8302     		.2byte	0x283
 799 055b 00       		.byte	0
 800 055c 16       		.uleb128 0x16
 801 055d 62040000 		.4byte	.LASF89
 802 0561 07       		.byte	0x7
 803 0562 5F01     		.2byte	0x15f
 804 0564 2A040000 		.4byte	0x42a
 805 0568 17       		.uleb128 0x17
 806 0569 8C       		.byte	0x8c
 807 056a 07       		.byte	0x7
 808 056b 7001     		.2byte	0x170
 809 056d 83060000 		.4byte	0x683
 810 0571 09       		.uleb128 0x9
 811 0572 97000000 		.4byte	.LASF90
 812 0576 07       		.byte	0x7
 813 0577 7201     		.2byte	0x172
 814 0579 83060000 		.4byte	0x683
 815 057d 00       		.byte	0
 816 057e 09       		.uleb128 0x9
 817 057f A9010000 		.4byte	.LASF91
 818 0583 07       		.byte	0x7
 819 0584 7301     		.2byte	0x173
 820 0586 C8000000 		.4byte	0xc8
 821 058a 04       		.byte	0x4
 822 058b 09       		.uleb128 0x9
 823 058c 9A010000 		.4byte	.LASF92
 824 0590 07       		.byte	0x7
 825 0591 7401     		.2byte	0x174
 826 0593 C8000000 		.4byte	0xc8
 827 0597 08       		.byte	0x8
 828 0598 09       		.uleb128 0x9
 829 0599 B4010000 		.4byte	.LASF93
 830 059d 07       		.byte	0x7
 831 059e 7501     		.2byte	0x175
 832 05a0 C8000000 		.4byte	0xc8
 833 05a4 0C       		.byte	0xc
 834 05a5 08       		.uleb128 0x8
 835 05a6 53435200 		.ascii	"SCR\000"
 836 05aa 07       		.byte	0x7
 837 05ab 7601     		.2byte	0x176
 838 05ad C8000000 		.4byte	0xc8
 839 05b1 10       		.byte	0x10
 840 05b2 08       		.uleb128 0x8
 841 05b3 43435200 		.ascii	"CCR\000"
 842 05b7 07       		.byte	0x7
 843 05b8 7701     		.2byte	0x177
 844 05ba C8000000 		.4byte	0xc8
 845 05be 14       		.byte	0x14
 846 05bf 08       		.uleb128 0x8
 847 05c0 53485000 		.ascii	"SHP\000"
 848 05c4 07       		.byte	0x7
 849 05c5 7801     		.2byte	0x178
 850 05c7 98060000 		.4byte	0x698
 851 05cb 18       		.byte	0x18
ARM GAS  C:\cygwin\tmp\ccCUmRuG.s 			page 16


 852 05cc 09       		.uleb128 0x9
 853 05cd 2E040000 		.4byte	.LASF94
 854 05d1 07       		.byte	0x7
 855 05d2 7901     		.2byte	0x179
 856 05d4 C8000000 		.4byte	0xc8
 857 05d8 24       		.byte	0x24
 858 05d9 09       		.uleb128 0x9
 859 05da 24030000 		.4byte	.LASF95
 860 05de 07       		.byte	0x7
 861 05df 7A01     		.2byte	0x17a
 862 05e1 C8000000 		.4byte	0xc8
 863 05e5 28       		.byte	0x28
 864 05e6 09       		.uleb128 0x9
 865 05e7 11060000 		.4byte	.LASF96
 866 05eb 07       		.byte	0x7
 867 05ec 7B01     		.2byte	0x17b
 868 05ee C8000000 		.4byte	0xc8
 869 05f2 2C       		.byte	0x2c
 870 05f3 09       		.uleb128 0x9
 871 05f4 BA010000 		.4byte	.LASF97
 872 05f8 07       		.byte	0x7
 873 05f9 7C01     		.2byte	0x17c
 874 05fb C8000000 		.4byte	0xc8
 875 05ff 30       		.byte	0x30
 876 0600 09       		.uleb128 0x9
 877 0601 BF010000 		.4byte	.LASF98
 878 0605 07       		.byte	0x7
 879 0606 7D01     		.2byte	0x17d
 880 0608 C8000000 		.4byte	0xc8
 881 060c 34       		.byte	0x34
 882 060d 09       		.uleb128 0x9
 883 060e 25010000 		.4byte	.LASF99
 884 0612 07       		.byte	0x7
 885 0613 7E01     		.2byte	0x17e
 886 0615 C8000000 		.4byte	0xc8
 887 0619 38       		.byte	0x38
 888 061a 09       		.uleb128 0x9
 889 061b 2A010000 		.4byte	.LASF100
 890 061f 07       		.byte	0x7
 891 0620 7F01     		.2byte	0x17f
 892 0622 C8000000 		.4byte	0xc8
 893 0626 3C       		.byte	0x3c
 894 0627 08       		.uleb128 0x8
 895 0628 50465200 		.ascii	"PFR\000"
 896 062c 07       		.byte	0x7
 897 062d 8001     		.2byte	0x180
 898 062f AD060000 		.4byte	0x6ad
 899 0633 40       		.byte	0x40
 900 0634 08       		.uleb128 0x8
 901 0635 44465200 		.ascii	"DFR\000"
 902 0639 07       		.byte	0x7
 903 063a 8101     		.2byte	0x181
 904 063c 83060000 		.4byte	0x683
 905 0640 48       		.byte	0x48
 906 0641 08       		.uleb128 0x8
 907 0642 41445200 		.ascii	"ADR\000"
 908 0646 07       		.byte	0x7
ARM GAS  C:\cygwin\tmp\ccCUmRuG.s 			page 17


 909 0647 8201     		.2byte	0x182
 910 0649 83060000 		.4byte	0x683
 911 064d 4C       		.byte	0x4c
 912 064e 09       		.uleb128 0x9
 913 064f D6050000 		.4byte	.LASF101
 914 0653 07       		.byte	0x7
 915 0654 8301     		.2byte	0x183
 916 0656 C7060000 		.4byte	0x6c7
 917 065a 50       		.byte	0x50
 918 065b 09       		.uleb128 0x9
 919 065c CB000000 		.4byte	.LASF102
 920 0660 07       		.byte	0x7
 921 0661 8401     		.2byte	0x184
 922 0663 E1060000 		.4byte	0x6e1
 923 0667 60       		.byte	0x60
 924 0668 09       		.uleb128 0x9
 925 0669 C5030000 		.4byte	.LASF77
 926 066d 07       		.byte	0x7
 927 066e 8501     		.2byte	0x185
 928 0670 D1060000 		.4byte	0x6d1
 929 0674 74       		.byte	0x74
 930 0675 09       		.uleb128 0x9
 931 0676 0B060000 		.4byte	.LASF103
 932 067a 07       		.byte	0x7
 933 067b 8601     		.2byte	0x186
 934 067d C8000000 		.4byte	0xc8
 935 0681 88       		.byte	0x88
 936 0682 00       		.byte	0
 937 0683 18       		.uleb128 0x18
 938 0684 C8000000 		.4byte	0xc8
 939 0688 13       		.uleb128 0x13
 940 0689 97000000 		.4byte	0x97
 941 068d 98060000 		.4byte	0x698
 942 0691 14       		.uleb128 0x14
 943 0692 F6040000 		.4byte	0x4f6
 944 0696 0B       		.byte	0xb
 945 0697 00       		.byte	0
 946 0698 05       		.uleb128 0x5
 947 0699 88060000 		.4byte	0x688
 948 069d 13       		.uleb128 0x13
 949 069e AD000000 		.4byte	0xad
 950 06a2 AD060000 		.4byte	0x6ad
 951 06a6 14       		.uleb128 0x14
 952 06a7 F6040000 		.4byte	0x4f6
 953 06ab 01       		.byte	0x1
 954 06ac 00       		.byte	0
 955 06ad 18       		.uleb128 0x18
 956 06ae B2060000 		.4byte	0x6b2
 957 06b2 05       		.uleb128 0x5
 958 06b3 9D060000 		.4byte	0x69d
 959 06b7 13       		.uleb128 0x13
 960 06b8 AD000000 		.4byte	0xad
 961 06bc C7060000 		.4byte	0x6c7
 962 06c0 14       		.uleb128 0x14
 963 06c1 F6040000 		.4byte	0x4f6
 964 06c5 03       		.byte	0x3
 965 06c6 00       		.byte	0
ARM GAS  C:\cygwin\tmp\ccCUmRuG.s 			page 18


 966 06c7 18       		.uleb128 0x18
 967 06c8 CC060000 		.4byte	0x6cc
 968 06cc 05       		.uleb128 0x5
 969 06cd B7060000 		.4byte	0x6b7
 970 06d1 13       		.uleb128 0x13
 971 06d2 AD000000 		.4byte	0xad
 972 06d6 E1060000 		.4byte	0x6e1
 973 06da 14       		.uleb128 0x14
 974 06db F6040000 		.4byte	0x4f6
 975 06df 04       		.byte	0x4
 976 06e0 00       		.byte	0
 977 06e1 18       		.uleb128 0x18
 978 06e2 E6060000 		.4byte	0x6e6
 979 06e6 05       		.uleb128 0x5
 980 06e7 D1060000 		.4byte	0x6d1
 981 06eb 16       		.uleb128 0x16
 982 06ec 48010000 		.4byte	.LASF104
 983 06f0 07       		.byte	0x7
 984 06f1 8701     		.2byte	0x187
 985 06f3 68050000 		.4byte	0x568
 986 06f7 04       		.uleb128 0x4
 987 06f8 37010000 		.4byte	.LASF105
 988 06fc 08       		.byte	0x8
 989 06fd 85       		.byte	0x85
 990 06fe F4020000 		.4byte	0x2f4
 991 0702 04       		.uleb128 0x4
 992 0703 D7020000 		.4byte	.LASF106
 993 0707 08       		.byte	0x8
 994 0708 8D       		.byte	0x8d
 995 0709 B8000000 		.4byte	0xb8
 996 070d 06       		.uleb128 0x6
 997 070e 7D050000 		.4byte	.LASF107
 998 0712 04       		.byte	0x4
 999 0713 08       		.byte	0x8
 1000 0714 A9       		.byte	0xa9
 1001 0715 26070000 		.4byte	0x726
 1002 0719 19       		.uleb128 0x19
 1003 071a 72313300 		.ascii	"r13\000"
 1004 071e 08       		.byte	0x8
 1005 071f AA       		.byte	0xaa
 1006 0720 A1070000 		.4byte	0x7a1
 1007 0724 00       		.byte	0
 1008 0725 00       		.byte	0
 1009 0726 06       		.uleb128 0x6
 1010 0727 3B000000 		.4byte	.LASF108
 1011 072b 24       		.byte	0x24
 1012 072c 09       		.byte	0x9
 1013 072d F4       		.byte	0xf4
 1014 072e A1070000 		.4byte	0x7a1
 1015 0732 08       		.uleb128 0x8
 1016 0733 723400   		.ascii	"r4\000"
 1017 0736 09       		.byte	0x9
 1018 0737 0701     		.2byte	0x107
 1019 0739 F7060000 		.4byte	0x6f7
 1020 073d 00       		.byte	0
 1021 073e 08       		.uleb128 0x8
 1022 073f 723500   		.ascii	"r5\000"
ARM GAS  C:\cygwin\tmp\ccCUmRuG.s 			page 19


 1023 0742 09       		.byte	0x9
 1024 0743 0801     		.2byte	0x108
 1025 0745 F7060000 		.4byte	0x6f7
 1026 0749 04       		.byte	0x4
 1027 074a 08       		.uleb128 0x8
 1028 074b 723600   		.ascii	"r6\000"
 1029 074e 09       		.byte	0x9
 1030 074f 0901     		.2byte	0x109
 1031 0751 F7060000 		.4byte	0x6f7
 1032 0755 08       		.byte	0x8
 1033 0756 08       		.uleb128 0x8
 1034 0757 723700   		.ascii	"r7\000"
 1035 075a 09       		.byte	0x9
 1036 075b 0A01     		.2byte	0x10a
 1037 075d F7060000 		.4byte	0x6f7
 1038 0761 0C       		.byte	0xc
 1039 0762 08       		.uleb128 0x8
 1040 0763 723800   		.ascii	"r8\000"
 1041 0766 09       		.byte	0x9
 1042 0767 0B01     		.2byte	0x10b
 1043 0769 F7060000 		.4byte	0x6f7
 1044 076d 10       		.byte	0x10
 1045 076e 08       		.uleb128 0x8
 1046 076f 723900   		.ascii	"r9\000"
 1047 0772 09       		.byte	0x9
 1048 0773 0C01     		.2byte	0x10c
 1049 0775 F7060000 		.4byte	0x6f7
 1050 0779 14       		.byte	0x14
 1051 077a 08       		.uleb128 0x8
 1052 077b 72313000 		.ascii	"r10\000"
 1053 077f 09       		.byte	0x9
 1054 0780 0D01     		.2byte	0x10d
 1055 0782 F7060000 		.4byte	0x6f7
 1056 0786 18       		.byte	0x18
 1057 0787 08       		.uleb128 0x8
 1058 0788 72313100 		.ascii	"r11\000"
 1059 078c 09       		.byte	0x9
 1060 078d 0E01     		.2byte	0x10e
 1061 078f F7060000 		.4byte	0x6f7
 1062 0793 1C       		.byte	0x1c
 1063 0794 08       		.uleb128 0x8
 1064 0795 6C7200   		.ascii	"lr\000"
 1065 0798 09       		.byte	0x9
 1066 0799 0F01     		.2byte	0x10f
 1067 079b F7060000 		.4byte	0x6f7
 1068 079f 20       		.byte	0x20
 1069 07a0 00       		.byte	0
 1070 07a1 0B       		.uleb128 0xb
 1071 07a2 04       		.byte	0x4
 1072 07a3 26070000 		.4byte	0x726
 1073 07a7 1A       		.uleb128 0x1a
 1074 07a8 04       		.byte	0x4
 1075 07a9 0A       		.byte	0xa
 1076 07aa 38       		.byte	0x38
 1077 07ab BC070000 		.4byte	0x7bc
 1078 07af 07       		.uleb128 0x7
 1079 07b0 76050000 		.4byte	.LASF109
ARM GAS  C:\cygwin\tmp\ccCUmRuG.s 			page 20


 1080 07b4 0A       		.byte	0xa
 1081 07b5 3C       		.byte	0x3c
 1082 07b6 CD000000 		.4byte	0xcd
 1083 07ba 00       		.byte	0
 1084 07bb 00       		.byte	0
 1085 07bc 04       		.uleb128 0x4
 1086 07bd 48030000 		.4byte	.LASF110
 1087 07c1 0A       		.byte	0xa
 1088 07c2 3D       		.byte	0x3d
 1089 07c3 A7070000 		.4byte	0x7a7
 1090 07c7 0B       		.uleb128 0xb
 1091 07c8 04       		.byte	0x4
 1092 07c9 25010000 		.4byte	0x125
 1093 07cd 1B       		.uleb128 0x1b
 1094 07ce 04       		.byte	0x4
 1095 07cf 06       		.byte	0x6
 1096 07d0 F6       		.byte	0xf6
 1097 07d1 05080000 		.4byte	0x805
 1098 07d5 1C       		.uleb128 0x1c
 1099 07d6 21000000 		.4byte	.LASF111
 1100 07da 06       		.byte	0x6
 1101 07db FD       		.byte	0xfd
 1102 07dc 04010000 		.4byte	0x104
 1103 07e0 1D       		.uleb128 0x1d
 1104 07e1 6D000000 		.4byte	.LASF112
 1105 07e5 06       		.byte	0x6
 1106 07e6 0401     		.2byte	0x104
 1107 07e8 04010000 		.4byte	0x104
 1108 07ec 1D       		.uleb128 0x1d
 1109 07ed F7050000 		.4byte	.LASF113
 1110 07f1 06       		.byte	0x6
 1111 07f2 0B01     		.2byte	0x10b
 1112 07f4 F4020000 		.4byte	0x2f4
 1113 07f8 1D       		.uleb128 0x1d
 1114 07f9 90040000 		.4byte	.LASF114
 1115 07fd 06       		.byte	0x6
 1116 07fe 1201     		.2byte	0x112
 1117 0800 0F010000 		.4byte	0x10f
 1118 0804 00       		.byte	0
 1119 0805 0B       		.uleb128 0xb
 1120 0806 04       		.byte	0x4
 1121 0807 0B080000 		.4byte	0x80b
 1122 080b 18       		.uleb128 0x18
 1123 080c 10080000 		.4byte	0x810
 1124 0810 03       		.uleb128 0x3
 1125 0811 01       		.byte	0x1
 1126 0812 08       		.byte	0x8
 1127 0813 2E050000 		.4byte	.LASF115
 1128 0817 06       		.uleb128 0x6
 1129 0818 FC030000 		.4byte	.LASF116
 1130 081c 10       		.byte	0x10
 1131 081d 0B       		.byte	0xb
 1132 081e 39       		.byte	0x39
 1133 081f 48080000 		.4byte	0x848
 1134 0823 07       		.uleb128 0x7
 1135 0824 F2000000 		.4byte	.LASF117
 1136 0828 0B       		.byte	0xb
ARM GAS  C:\cygwin\tmp\ccCUmRuG.s 			page 21


 1137 0829 3A       		.byte	0x3a
 1138 082a 41020000 		.4byte	0x241
 1139 082e 00       		.byte	0
 1140 082f 07       		.uleb128 0x7
 1141 0830 16060000 		.4byte	.LASF118
 1142 0834 0B       		.byte	0xb
 1143 0835 3C       		.byte	0x3c
 1144 0836 C7070000 		.4byte	0x7c7
 1145 083a 08       		.byte	0x8
 1146 083b 07       		.uleb128 0x7
 1147 083c 3C050000 		.4byte	.LASF119
 1148 0840 0B       		.byte	0xb
 1149 0841 3E       		.byte	0x3e
 1150 0842 74080000 		.4byte	0x874
 1151 0846 0C       		.byte	0xc
 1152 0847 00       		.byte	0
 1153 0848 0B       		.uleb128 0xb
 1154 0849 04       		.byte	0x4
 1155 084a 17080000 		.4byte	0x817
 1156 084e 0B       		.uleb128 0xb
 1157 084f 04       		.byte	0x4
 1158 0850 F6020000 		.4byte	0x2f6
 1159 0854 05       		.uleb128 0x5
 1160 0855 05080000 		.4byte	0x805
 1161 0859 13       		.uleb128 0x13
 1162 085a 02070000 		.4byte	0x702
 1163 085e 69080000 		.4byte	0x869
 1164 0862 14       		.uleb128 0x14
 1165 0863 F6040000 		.4byte	0x4f6
 1166 0867 1A       		.byte	0x1a
 1167 0868 00       		.byte	0
 1168 0869 04       		.uleb128 0x4
 1169 086a 51010000 		.4byte	.LASF120
 1170 086e 0B       		.byte	0xb
 1171 086f 34       		.byte	0x34
 1172 0870 17080000 		.4byte	0x817
 1173 0874 0B       		.uleb128 0xb
 1174 0875 04       		.byte	0x4
 1175 0876 69080000 		.4byte	0x869
 1176 087a 03       		.uleb128 0x3
 1177 087b 01       		.byte	0x1
 1178 087c 02       		.byte	0x2
 1179 087d 12040000 		.4byte	.LASF121
 1180 0881 1E       		.uleb128 0x1e
 1181 0882 BA000000 		.4byte	.LASF123
 1182 0886 01       		.byte	0x1
 1183 0887 39       		.byte	0x39
 1184 0888 00000000 		.4byte	.LFB255
 1185 088c 32000000 		.4byte	.LFE255-.LFB255
 1186 0890 01       		.uleb128 0x1
 1187 0891 9C       		.byte	0x9c
 1188 0892 B3080000 		.4byte	0x8b3
 1189 0896 1F       		.uleb128 0x1f
 1190 0897 6E00     		.ascii	"n\000"
 1191 0899 01       		.byte	0x1
 1192 089a 39       		.byte	0x39
 1193 089b AD000000 		.4byte	0xad
ARM GAS  C:\cygwin\tmp\ccCUmRuG.s 			page 22


 1194 089f 00000000 		.4byte	.LLST0
 1195 08a3 20       		.uleb128 0x20
 1196 08a4 5E030000 		.4byte	.LASF122
 1197 08a8 01       		.byte	0x1
 1198 08a9 39       		.byte	0x39
 1199 08aa AD000000 		.4byte	0xad
 1200 08ae 32000000 		.4byte	.LLST1
 1201 08b2 00       		.byte	0
 1202 08b3 1E       		.uleb128 0x1e
 1203 08b4 7D010000 		.4byte	.LASF124
 1204 08b8 01       		.byte	0x1
 1205 08b9 45       		.byte	0x45
 1206 08ba 00000000 		.4byte	.LFB256
 1207 08be 28000000 		.4byte	.LFE256-.LFB256
 1208 08c2 01       		.uleb128 0x1
 1209 08c3 9C       		.byte	0x9c
 1210 08c4 D6080000 		.4byte	0x8d6
 1211 08c8 1F       		.uleb128 0x1f
 1212 08c9 6E00     		.ascii	"n\000"
 1213 08cb 01       		.byte	0x1
 1214 08cc 45       		.byte	0x45
 1215 08cd AD000000 		.4byte	0xad
 1216 08d1 53000000 		.4byte	.LLST2
 1217 08d5 00       		.byte	0
 1218 08d6 1E       		.uleb128 0x1e
 1219 08d7 6C040000 		.4byte	.LASF125
 1220 08db 01       		.byte	0x1
 1221 08dc 51       		.byte	0x51
 1222 08dd 00000000 		.4byte	.LFB257
 1223 08e1 10000000 		.4byte	.LFE257-.LFB257
 1224 08e5 01       		.uleb128 0x1
 1225 08e6 9C       		.byte	0x9c
 1226 08e7 13090000 		.4byte	0x913
 1227 08eb 20       		.uleb128 0x20
 1228 08ec E2020000 		.4byte	.LASF126
 1229 08f0 01       		.byte	0x1
 1230 08f1 51       		.byte	0x51
 1231 08f2 AD000000 		.4byte	0xad
 1232 08f6 77000000 		.4byte	.LLST3
 1233 08fa 20       		.uleb128 0x20
 1234 08fb 5E030000 		.4byte	.LASF122
 1235 08ff 01       		.byte	0x1
 1236 0900 51       		.byte	0x51
 1237 0901 AD000000 		.4byte	0xad
 1238 0905 AC000000 		.4byte	.LLST4
 1239 0909 21       		.uleb128 0x21
 1240 090a A6040000 		.4byte	.LASF131
 1241 090e 23090000 		.4byte	0x923
 1242 0912 00       		.byte	0
 1243 0913 13       		.uleb128 0x13
 1244 0914 10080000 		.4byte	0x810
 1245 0918 23090000 		.4byte	0x923
 1246 091c 14       		.uleb128 0x14
 1247 091d F6040000 		.4byte	0x4f6
 1248 0921 1C       		.byte	0x1c
 1249 0922 00       		.byte	0
 1250 0923 18       		.uleb128 0x18
ARM GAS  C:\cygwin\tmp\ccCUmRuG.s 			page 23


 1251 0924 13090000 		.4byte	0x913
 1252 0928 22       		.uleb128 0x22
 1253 0929 34040000 		.4byte	.LASF127
 1254 092d 07       		.byte	0x7
 1255 092e A706     		.2byte	0x6a7
 1256 0930 C3000000 		.4byte	0xc3
 1257 0934 23       		.uleb128 0x23
 1258 0935 636800   		.ascii	"ch\000"
 1259 0938 06       		.byte	0x6
 1260 0939 EB01     		.2byte	0x1eb
 1261 093b C3030000 		.4byte	0x3c3
 1262 093f 00       		.byte	0
 1263              		.section	.debug_abbrev,"",%progbits
 1264              	.Ldebug_abbrev0:
 1265 0000 01       		.uleb128 0x1
 1266 0001 11       		.uleb128 0x11
 1267 0002 01       		.byte	0x1
 1268 0003 25       		.uleb128 0x25
 1269 0004 0E       		.uleb128 0xe
 1270 0005 13       		.uleb128 0x13
 1271 0006 0B       		.uleb128 0xb
 1272 0007 03       		.uleb128 0x3
 1273 0008 0E       		.uleb128 0xe
 1274 0009 1B       		.uleb128 0x1b
 1275 000a 0E       		.uleb128 0xe
 1276 000b 55       		.uleb128 0x55
 1277 000c 17       		.uleb128 0x17
 1278 000d 11       		.uleb128 0x11
 1279 000e 01       		.uleb128 0x1
 1280 000f 10       		.uleb128 0x10
 1281 0010 17       		.uleb128 0x17
 1282 0011 00       		.byte	0
 1283 0012 00       		.byte	0
 1284 0013 02       		.uleb128 0x2
 1285 0014 24       		.uleb128 0x24
 1286 0015 00       		.byte	0
 1287 0016 0B       		.uleb128 0xb
 1288 0017 0B       		.uleb128 0xb
 1289 0018 3E       		.uleb128 0x3e
 1290 0019 0B       		.uleb128 0xb
 1291 001a 03       		.uleb128 0x3
 1292 001b 08       		.uleb128 0x8
 1293 001c 00       		.byte	0
 1294 001d 00       		.byte	0
 1295 001e 03       		.uleb128 0x3
 1296 001f 24       		.uleb128 0x24
 1297 0020 00       		.byte	0
 1298 0021 0B       		.uleb128 0xb
 1299 0022 0B       		.uleb128 0xb
 1300 0023 3E       		.uleb128 0x3e
 1301 0024 0B       		.uleb128 0xb
 1302 0025 03       		.uleb128 0x3
 1303 0026 0E       		.uleb128 0xe
 1304 0027 00       		.byte	0
 1305 0028 00       		.byte	0
 1306 0029 04       		.uleb128 0x4
 1307 002a 16       		.uleb128 0x16
ARM GAS  C:\cygwin\tmp\ccCUmRuG.s 			page 24


 1308 002b 00       		.byte	0
 1309 002c 03       		.uleb128 0x3
 1310 002d 0E       		.uleb128 0xe
 1311 002e 3A       		.uleb128 0x3a
 1312 002f 0B       		.uleb128 0xb
 1313 0030 3B       		.uleb128 0x3b
 1314 0031 0B       		.uleb128 0xb
 1315 0032 49       		.uleb128 0x49
 1316 0033 13       		.uleb128 0x13
 1317 0034 00       		.byte	0
 1318 0035 00       		.byte	0
 1319 0036 05       		.uleb128 0x5
 1320 0037 35       		.uleb128 0x35
 1321 0038 00       		.byte	0
 1322 0039 49       		.uleb128 0x49
 1323 003a 13       		.uleb128 0x13
 1324 003b 00       		.byte	0
 1325 003c 00       		.byte	0
 1326 003d 06       		.uleb128 0x6
 1327 003e 13       		.uleb128 0x13
 1328 003f 01       		.byte	0x1
 1329 0040 03       		.uleb128 0x3
 1330 0041 0E       		.uleb128 0xe
 1331 0042 0B       		.uleb128 0xb
 1332 0043 0B       		.uleb128 0xb
 1333 0044 3A       		.uleb128 0x3a
 1334 0045 0B       		.uleb128 0xb
 1335 0046 3B       		.uleb128 0x3b
 1336 0047 0B       		.uleb128 0xb
 1337 0048 01       		.uleb128 0x1
 1338 0049 13       		.uleb128 0x13
 1339 004a 00       		.byte	0
 1340 004b 00       		.byte	0
 1341 004c 07       		.uleb128 0x7
 1342 004d 0D       		.uleb128 0xd
 1343 004e 00       		.byte	0
 1344 004f 03       		.uleb128 0x3
 1345 0050 0E       		.uleb128 0xe
 1346 0051 3A       		.uleb128 0x3a
 1347 0052 0B       		.uleb128 0xb
 1348 0053 3B       		.uleb128 0x3b
 1349 0054 0B       		.uleb128 0xb
 1350 0055 49       		.uleb128 0x49
 1351 0056 13       		.uleb128 0x13
 1352 0057 38       		.uleb128 0x38
 1353 0058 0B       		.uleb128 0xb
 1354 0059 00       		.byte	0
 1355 005a 00       		.byte	0
 1356 005b 08       		.uleb128 0x8
 1357 005c 0D       		.uleb128 0xd
 1358 005d 00       		.byte	0
 1359 005e 03       		.uleb128 0x3
 1360 005f 08       		.uleb128 0x8
 1361 0060 3A       		.uleb128 0x3a
 1362 0061 0B       		.uleb128 0xb
 1363 0062 3B       		.uleb128 0x3b
 1364 0063 05       		.uleb128 0x5
ARM GAS  C:\cygwin\tmp\ccCUmRuG.s 			page 25


 1365 0064 49       		.uleb128 0x49
 1366 0065 13       		.uleb128 0x13
 1367 0066 38       		.uleb128 0x38
 1368 0067 0B       		.uleb128 0xb
 1369 0068 00       		.byte	0
 1370 0069 00       		.byte	0
 1371 006a 09       		.uleb128 0x9
 1372 006b 0D       		.uleb128 0xd
 1373 006c 00       		.byte	0
 1374 006d 03       		.uleb128 0x3
 1375 006e 0E       		.uleb128 0xe
 1376 006f 3A       		.uleb128 0x3a
 1377 0070 0B       		.uleb128 0xb
 1378 0071 3B       		.uleb128 0x3b
 1379 0072 05       		.uleb128 0x5
 1380 0073 49       		.uleb128 0x49
 1381 0074 13       		.uleb128 0x13
 1382 0075 38       		.uleb128 0x38
 1383 0076 0B       		.uleb128 0xb
 1384 0077 00       		.byte	0
 1385 0078 00       		.byte	0
 1386 0079 0A       		.uleb128 0xa
 1387 007a 13       		.uleb128 0x13
 1388 007b 01       		.byte	0x1
 1389 007c 03       		.uleb128 0x3
 1390 007d 0E       		.uleb128 0xe
 1391 007e 0B       		.uleb128 0xb
 1392 007f 0B       		.uleb128 0xb
 1393 0080 3A       		.uleb128 0x3a
 1394 0081 0B       		.uleb128 0xb
 1395 0082 3B       		.uleb128 0x3b
 1396 0083 05       		.uleb128 0x5
 1397 0084 01       		.uleb128 0x1
 1398 0085 13       		.uleb128 0x13
 1399 0086 00       		.byte	0
 1400 0087 00       		.byte	0
 1401 0088 0B       		.uleb128 0xb
 1402 0089 0F       		.uleb128 0xf
 1403 008a 00       		.byte	0
 1404 008b 0B       		.uleb128 0xb
 1405 008c 0B       		.uleb128 0xb
 1406 008d 49       		.uleb128 0x49
 1407 008e 13       		.uleb128 0x13
 1408 008f 00       		.byte	0
 1409 0090 00       		.byte	0
 1410 0091 0C       		.uleb128 0xc
 1411 0092 15       		.uleb128 0x15
 1412 0093 01       		.byte	0x1
 1413 0094 27       		.uleb128 0x27
 1414 0095 19       		.uleb128 0x19
 1415 0096 01       		.uleb128 0x1
 1416 0097 13       		.uleb128 0x13
 1417 0098 00       		.byte	0
 1418 0099 00       		.byte	0
 1419 009a 0D       		.uleb128 0xd
 1420 009b 05       		.uleb128 0x5
 1421 009c 00       		.byte	0
ARM GAS  C:\cygwin\tmp\ccCUmRuG.s 			page 26


 1422 009d 49       		.uleb128 0x49
 1423 009e 13       		.uleb128 0x13
 1424 009f 00       		.byte	0
 1425 00a0 00       		.byte	0
 1426 00a1 0E       		.uleb128 0xe
 1427 00a2 0F       		.uleb128 0xf
 1428 00a3 00       		.byte	0
 1429 00a4 0B       		.uleb128 0xb
 1430 00a5 0B       		.uleb128 0xb
 1431 00a6 00       		.byte	0
 1432 00a7 00       		.byte	0
 1433 00a8 0F       		.uleb128 0xf
 1434 00a9 13       		.uleb128 0x13
 1435 00aa 01       		.byte	0x1
 1436 00ab 03       		.uleb128 0x3
 1437 00ac 0E       		.uleb128 0xe
 1438 00ad 0B       		.uleb128 0xb
 1439 00ae 05       		.uleb128 0x5
 1440 00af 3A       		.uleb128 0x3a
 1441 00b0 0B       		.uleb128 0xb
 1442 00b1 3B       		.uleb128 0x3b
 1443 00b2 05       		.uleb128 0x5
 1444 00b3 01       		.uleb128 0x1
 1445 00b4 13       		.uleb128 0x13
 1446 00b5 00       		.byte	0
 1447 00b6 00       		.byte	0
 1448 00b7 10       		.uleb128 0x10
 1449 00b8 13       		.uleb128 0x13
 1450 00b9 01       		.byte	0x1
 1451 00ba 0B       		.uleb128 0xb
 1452 00bb 05       		.uleb128 0x5
 1453 00bc 3A       		.uleb128 0x3a
 1454 00bd 0B       		.uleb128 0xb
 1455 00be 3B       		.uleb128 0x3b
 1456 00bf 05       		.uleb128 0x5
 1457 00c0 01       		.uleb128 0x1
 1458 00c1 13       		.uleb128 0x13
 1459 00c2 00       		.byte	0
 1460 00c3 00       		.byte	0
 1461 00c4 11       		.uleb128 0x11
 1462 00c5 0D       		.uleb128 0xd
 1463 00c6 00       		.byte	0
 1464 00c7 03       		.uleb128 0x3
 1465 00c8 0E       		.uleb128 0xe
 1466 00c9 3A       		.uleb128 0x3a
 1467 00ca 0B       		.uleb128 0xb
 1468 00cb 3B       		.uleb128 0x3b
 1469 00cc 05       		.uleb128 0x5
 1470 00cd 49       		.uleb128 0x49
 1471 00ce 13       		.uleb128 0x13
 1472 00cf 38       		.uleb128 0x38
 1473 00d0 05       		.uleb128 0x5
 1474 00d1 00       		.byte	0
 1475 00d2 00       		.byte	0
 1476 00d3 12       		.uleb128 0x12
 1477 00d4 0D       		.uleb128 0xd
 1478 00d5 00       		.byte	0
ARM GAS  C:\cygwin\tmp\ccCUmRuG.s 			page 27


 1479 00d6 03       		.uleb128 0x3
 1480 00d7 08       		.uleb128 0x8
 1481 00d8 3A       		.uleb128 0x3a
 1482 00d9 0B       		.uleb128 0xb
 1483 00da 3B       		.uleb128 0x3b
 1484 00db 05       		.uleb128 0x5
 1485 00dc 49       		.uleb128 0x49
 1486 00dd 13       		.uleb128 0x13
 1487 00de 38       		.uleb128 0x38
 1488 00df 05       		.uleb128 0x5
 1489 00e0 00       		.byte	0
 1490 00e1 00       		.byte	0
 1491 00e2 13       		.uleb128 0x13
 1492 00e3 01       		.uleb128 0x1
 1493 00e4 01       		.byte	0x1
 1494 00e5 49       		.uleb128 0x49
 1495 00e6 13       		.uleb128 0x13
 1496 00e7 01       		.uleb128 0x1
 1497 00e8 13       		.uleb128 0x13
 1498 00e9 00       		.byte	0
 1499 00ea 00       		.byte	0
 1500 00eb 14       		.uleb128 0x14
 1501 00ec 21       		.uleb128 0x21
 1502 00ed 00       		.byte	0
 1503 00ee 49       		.uleb128 0x49
 1504 00ef 13       		.uleb128 0x13
 1505 00f0 2F       		.uleb128 0x2f
 1506 00f1 0B       		.uleb128 0xb
 1507 00f2 00       		.byte	0
 1508 00f3 00       		.byte	0
 1509 00f4 15       		.uleb128 0x15
 1510 00f5 21       		.uleb128 0x21
 1511 00f6 00       		.byte	0
 1512 00f7 49       		.uleb128 0x49
 1513 00f8 13       		.uleb128 0x13
 1514 00f9 2F       		.uleb128 0x2f
 1515 00fa 05       		.uleb128 0x5
 1516 00fb 00       		.byte	0
 1517 00fc 00       		.byte	0
 1518 00fd 16       		.uleb128 0x16
 1519 00fe 16       		.uleb128 0x16
 1520 00ff 00       		.byte	0
 1521 0100 03       		.uleb128 0x3
 1522 0101 0E       		.uleb128 0xe
 1523 0102 3A       		.uleb128 0x3a
 1524 0103 0B       		.uleb128 0xb
 1525 0104 3B       		.uleb128 0x3b
 1526 0105 05       		.uleb128 0x5
 1527 0106 49       		.uleb128 0x49
 1528 0107 13       		.uleb128 0x13
 1529 0108 00       		.byte	0
 1530 0109 00       		.byte	0
 1531 010a 17       		.uleb128 0x17
 1532 010b 13       		.uleb128 0x13
 1533 010c 01       		.byte	0x1
 1534 010d 0B       		.uleb128 0xb
 1535 010e 0B       		.uleb128 0xb
ARM GAS  C:\cygwin\tmp\ccCUmRuG.s 			page 28


 1536 010f 3A       		.uleb128 0x3a
 1537 0110 0B       		.uleb128 0xb
 1538 0111 3B       		.uleb128 0x3b
 1539 0112 05       		.uleb128 0x5
 1540 0113 01       		.uleb128 0x1
 1541 0114 13       		.uleb128 0x13
 1542 0115 00       		.byte	0
 1543 0116 00       		.byte	0
 1544 0117 18       		.uleb128 0x18
 1545 0118 26       		.uleb128 0x26
 1546 0119 00       		.byte	0
 1547 011a 49       		.uleb128 0x49
 1548 011b 13       		.uleb128 0x13
 1549 011c 00       		.byte	0
 1550 011d 00       		.byte	0
 1551 011e 19       		.uleb128 0x19
 1552 011f 0D       		.uleb128 0xd
 1553 0120 00       		.byte	0
 1554 0121 03       		.uleb128 0x3
 1555 0122 08       		.uleb128 0x8
 1556 0123 3A       		.uleb128 0x3a
 1557 0124 0B       		.uleb128 0xb
 1558 0125 3B       		.uleb128 0x3b
 1559 0126 0B       		.uleb128 0xb
 1560 0127 49       		.uleb128 0x49
 1561 0128 13       		.uleb128 0x13
 1562 0129 38       		.uleb128 0x38
 1563 012a 0B       		.uleb128 0xb
 1564 012b 00       		.byte	0
 1565 012c 00       		.byte	0
 1566 012d 1A       		.uleb128 0x1a
 1567 012e 13       		.uleb128 0x13
 1568 012f 01       		.byte	0x1
 1569 0130 0B       		.uleb128 0xb
 1570 0131 0B       		.uleb128 0xb
 1571 0132 3A       		.uleb128 0x3a
 1572 0133 0B       		.uleb128 0xb
 1573 0134 3B       		.uleb128 0x3b
 1574 0135 0B       		.uleb128 0xb
 1575 0136 01       		.uleb128 0x1
 1576 0137 13       		.uleb128 0x13
 1577 0138 00       		.byte	0
 1578 0139 00       		.byte	0
 1579 013a 1B       		.uleb128 0x1b
 1580 013b 17       		.uleb128 0x17
 1581 013c 01       		.byte	0x1
 1582 013d 0B       		.uleb128 0xb
 1583 013e 0B       		.uleb128 0xb
 1584 013f 3A       		.uleb128 0x3a
 1585 0140 0B       		.uleb128 0xb
 1586 0141 3B       		.uleb128 0x3b
 1587 0142 0B       		.uleb128 0xb
 1588 0143 01       		.uleb128 0x1
 1589 0144 13       		.uleb128 0x13
 1590 0145 00       		.byte	0
 1591 0146 00       		.byte	0
 1592 0147 1C       		.uleb128 0x1c
ARM GAS  C:\cygwin\tmp\ccCUmRuG.s 			page 29


 1593 0148 0D       		.uleb128 0xd
 1594 0149 00       		.byte	0
 1595 014a 03       		.uleb128 0x3
 1596 014b 0E       		.uleb128 0xe
 1597 014c 3A       		.uleb128 0x3a
 1598 014d 0B       		.uleb128 0xb
 1599 014e 3B       		.uleb128 0x3b
 1600 014f 0B       		.uleb128 0xb
 1601 0150 49       		.uleb128 0x49
 1602 0151 13       		.uleb128 0x13
 1603 0152 00       		.byte	0
 1604 0153 00       		.byte	0
 1605 0154 1D       		.uleb128 0x1d
 1606 0155 0D       		.uleb128 0xd
 1607 0156 00       		.byte	0
 1608 0157 03       		.uleb128 0x3
 1609 0158 0E       		.uleb128 0xe
 1610 0159 3A       		.uleb128 0x3a
 1611 015a 0B       		.uleb128 0xb
 1612 015b 3B       		.uleb128 0x3b
 1613 015c 05       		.uleb128 0x5
 1614 015d 49       		.uleb128 0x49
 1615 015e 13       		.uleb128 0x13
 1616 015f 00       		.byte	0
 1617 0160 00       		.byte	0
 1618 0161 1E       		.uleb128 0x1e
 1619 0162 2E       		.uleb128 0x2e
 1620 0163 01       		.byte	0x1
 1621 0164 3F       		.uleb128 0x3f
 1622 0165 19       		.uleb128 0x19
 1623 0166 03       		.uleb128 0x3
 1624 0167 0E       		.uleb128 0xe
 1625 0168 3A       		.uleb128 0x3a
 1626 0169 0B       		.uleb128 0xb
 1627 016a 3B       		.uleb128 0x3b
 1628 016b 0B       		.uleb128 0xb
 1629 016c 27       		.uleb128 0x27
 1630 016d 19       		.uleb128 0x19
 1631 016e 11       		.uleb128 0x11
 1632 016f 01       		.uleb128 0x1
 1633 0170 12       		.uleb128 0x12
 1634 0171 06       		.uleb128 0x6
 1635 0172 40       		.uleb128 0x40
 1636 0173 18       		.uleb128 0x18
 1637 0174 9742     		.uleb128 0x2117
 1638 0176 19       		.uleb128 0x19
 1639 0177 01       		.uleb128 0x1
 1640 0178 13       		.uleb128 0x13
 1641 0179 00       		.byte	0
 1642 017a 00       		.byte	0
 1643 017b 1F       		.uleb128 0x1f
 1644 017c 05       		.uleb128 0x5
 1645 017d 00       		.byte	0
 1646 017e 03       		.uleb128 0x3
 1647 017f 08       		.uleb128 0x8
 1648 0180 3A       		.uleb128 0x3a
 1649 0181 0B       		.uleb128 0xb
ARM GAS  C:\cygwin\tmp\ccCUmRuG.s 			page 30


 1650 0182 3B       		.uleb128 0x3b
 1651 0183 0B       		.uleb128 0xb
 1652 0184 49       		.uleb128 0x49
 1653 0185 13       		.uleb128 0x13
 1654 0186 02       		.uleb128 0x2
 1655 0187 17       		.uleb128 0x17
 1656 0188 00       		.byte	0
 1657 0189 00       		.byte	0
 1658 018a 20       		.uleb128 0x20
 1659 018b 05       		.uleb128 0x5
 1660 018c 00       		.byte	0
 1661 018d 03       		.uleb128 0x3
 1662 018e 0E       		.uleb128 0xe
 1663 018f 3A       		.uleb128 0x3a
 1664 0190 0B       		.uleb128 0xb
 1665 0191 3B       		.uleb128 0x3b
 1666 0192 0B       		.uleb128 0xb
 1667 0193 49       		.uleb128 0x49
 1668 0194 13       		.uleb128 0x13
 1669 0195 02       		.uleb128 0x2
 1670 0196 17       		.uleb128 0x17
 1671 0197 00       		.byte	0
 1672 0198 00       		.byte	0
 1673 0199 21       		.uleb128 0x21
 1674 019a 34       		.uleb128 0x34
 1675 019b 00       		.byte	0
 1676 019c 03       		.uleb128 0x3
 1677 019d 0E       		.uleb128 0xe
 1678 019e 49       		.uleb128 0x49
 1679 019f 13       		.uleb128 0x13
 1680 01a0 34       		.uleb128 0x34
 1681 01a1 19       		.uleb128 0x19
 1682 01a2 00       		.byte	0
 1683 01a3 00       		.byte	0
 1684 01a4 22       		.uleb128 0x22
 1685 01a5 34       		.uleb128 0x34
 1686 01a6 00       		.byte	0
 1687 01a7 03       		.uleb128 0x3
 1688 01a8 0E       		.uleb128 0xe
 1689 01a9 3A       		.uleb128 0x3a
 1690 01aa 0B       		.uleb128 0xb
 1691 01ab 3B       		.uleb128 0x3b
 1692 01ac 05       		.uleb128 0x5
 1693 01ad 49       		.uleb128 0x49
 1694 01ae 13       		.uleb128 0x13
 1695 01af 3F       		.uleb128 0x3f
 1696 01b0 19       		.uleb128 0x19
 1697 01b1 3C       		.uleb128 0x3c
 1698 01b2 19       		.uleb128 0x19
 1699 01b3 00       		.byte	0
 1700 01b4 00       		.byte	0
 1701 01b5 23       		.uleb128 0x23
 1702 01b6 34       		.uleb128 0x34
 1703 01b7 00       		.byte	0
 1704 01b8 03       		.uleb128 0x3
 1705 01b9 08       		.uleb128 0x8
 1706 01ba 3A       		.uleb128 0x3a
ARM GAS  C:\cygwin\tmp\ccCUmRuG.s 			page 31


 1707 01bb 0B       		.uleb128 0xb
 1708 01bc 3B       		.uleb128 0x3b
 1709 01bd 05       		.uleb128 0x5
 1710 01be 49       		.uleb128 0x49
 1711 01bf 13       		.uleb128 0x13
 1712 01c0 3F       		.uleb128 0x3f
 1713 01c1 19       		.uleb128 0x19
 1714 01c2 3C       		.uleb128 0x3c
 1715 01c3 19       		.uleb128 0x19
 1716 01c4 00       		.byte	0
 1717 01c5 00       		.byte	0
 1718 01c6 00       		.byte	0
 1719              		.section	.debug_loc,"",%progbits
 1720              	.Ldebug_loc0:
 1721              	.LLST0:
 1722 0000 00000000 		.4byte	.LVL0
 1723 0004 1C000000 		.4byte	.LVL2
 1724 0008 0100     		.2byte	0x1
 1725 000a 50       		.byte	0x50
 1726 000b 1C000000 		.4byte	.LVL2
 1727 000f 30000000 		.4byte	.LVL3
 1728 0013 0700     		.2byte	0x7
 1729 0015 74       		.byte	0x74
 1730 0016 80BEFCFF 		.sleb128 536813312
 1730      01
 1731 001b 9F       		.byte	0x9f
 1732 001c 30000000 		.4byte	.LVL3
 1733 0020 32000000 		.4byte	.LFE255
 1734 0024 0400     		.2byte	0x4
 1735 0026 F3       		.byte	0xf3
 1736 0027 01       		.uleb128 0x1
 1737 0028 50       		.byte	0x50
 1738 0029 9F       		.byte	0x9f
 1739 002a 00000000 		.4byte	0
 1740 002e 00000000 		.4byte	0
 1741              	.LLST1:
 1742 0032 00000000 		.4byte	.LVL0
 1743 0036 18000000 		.4byte	.LVL1
 1744 003a 0100     		.2byte	0x1
 1745 003c 51       		.byte	0x51
 1746 003d 18000000 		.4byte	.LVL1
 1747 0041 32000000 		.4byte	.LFE255
 1748 0045 0400     		.2byte	0x4
 1749 0047 F3       		.byte	0xf3
 1750 0048 01       		.uleb128 0x1
 1751 0049 51       		.byte	0x51
 1752 004a 9F       		.byte	0x9f
 1753 004b 00000000 		.4byte	0
 1754 004f 00000000 		.4byte	0
 1755              	.LLST2:
 1756 0053 00000000 		.4byte	.LVL4
 1757 0057 10000000 		.4byte	.LVL5
 1758 005b 0100     		.2byte	0x1
 1759 005d 50       		.byte	0x50
 1760 005e 10000000 		.4byte	.LVL5
 1761 0062 28000000 		.4byte	.LFE256
 1762 0066 0700     		.2byte	0x7
ARM GAS  C:\cygwin\tmp\ccCUmRuG.s 			page 32


 1763 0068 70       		.byte	0x70
 1764 0069 80BEFCFF 		.sleb128 536813312
 1764      01
 1765 006e 9F       		.byte	0x9f
 1766 006f 00000000 		.4byte	0
 1767 0073 00000000 		.4byte	0
 1768              	.LLST3:
 1769 0077 00000000 		.4byte	.LVL6
 1770 007b 04000000 		.4byte	.LVL7
 1771 007f 0100     		.2byte	0x1
 1772 0081 50       		.byte	0x50
 1773 0082 04000000 		.4byte	.LVL7
 1774 0086 08000000 		.4byte	.LVL8
 1775 008a 0700     		.2byte	0x7
 1776 008c 70       		.byte	0x70
 1777 008d 80808080 		.sleb128 536870912
 1777      02
 1778 0092 9F       		.byte	0x9f
 1779 0093 08000000 		.4byte	.LVL8
 1780 0097 10000000 		.4byte	.LFE257
 1781 009b 0700     		.2byte	0x7
 1782 009d 70       		.byte	0x70
 1783 009e 80A6FCFF 		.sleb128 536810240
 1783      01
 1784 00a3 9F       		.byte	0x9f
 1785 00a4 00000000 		.4byte	0
 1786 00a8 00000000 		.4byte	0
 1787              	.LLST4:
 1788 00ac 00000000 		.4byte	.LVL6
 1789 00b0 0A000000 		.4byte	.LVL9
 1790 00b4 0100     		.2byte	0x1
 1791 00b6 51       		.byte	0x51
 1792 00b7 0A000000 		.4byte	.LVL9
 1793 00bb 10000000 		.4byte	.LFE257
 1794 00bf 0400     		.2byte	0x4
 1795 00c1 F3       		.byte	0xf3
 1796 00c2 01       		.uleb128 0x1
 1797 00c3 51       		.byte	0x51
 1798 00c4 9F       		.byte	0x9f
 1799 00c5 00000000 		.4byte	0
 1800 00c9 00000000 		.4byte	0
 1801              		.section	.debug_aranges,"",%progbits
 1802 0000 2C000000 		.4byte	0x2c
 1803 0004 0200     		.2byte	0x2
 1804 0006 00000000 		.4byte	.Ldebug_info0
 1805 000a 04       		.byte	0x4
 1806 000b 00       		.byte	0
 1807 000c 0000     		.2byte	0
 1808 000e 0000     		.2byte	0
 1809 0010 00000000 		.4byte	.LFB255
 1810 0014 32000000 		.4byte	.LFE255-.LFB255
 1811 0018 00000000 		.4byte	.LFB256
 1812 001c 28000000 		.4byte	.LFE256-.LFB256
 1813 0020 00000000 		.4byte	.LFB257
 1814 0024 10000000 		.4byte	.LFE257-.LFB257
 1815 0028 00000000 		.4byte	0
 1816 002c 00000000 		.4byte	0
ARM GAS  C:\cygwin\tmp\ccCUmRuG.s 			page 33


 1817              		.section	.debug_ranges,"",%progbits
 1818              	.Ldebug_ranges0:
 1819 0000 00000000 		.4byte	.LFB255
 1820 0004 32000000 		.4byte	.LFE255
 1821 0008 00000000 		.4byte	.LFB256
 1822 000c 28000000 		.4byte	.LFE256
 1823 0010 00000000 		.4byte	.LFB257
 1824 0014 10000000 		.4byte	.LFE257
 1825 0018 00000000 		.4byte	0
 1826 001c 00000000 		.4byte	0
 1827              		.section	.debug_line,"",%progbits
 1828              	.Ldebug_line0:
 1829 0000 25020000 		.section	.debug_str,"MS",%progbits,1
 1829      0200DE01 
 1829      00000201 
 1829      FB0E0D00 
 1829      01010101 
 1830              	.LASF43:
 1831 0000 74687265 		.ascii	"threads_list_t\000"
 1831      6164735F 
 1831      6C697374 
 1831      5F7400
 1832              	.LASF82:
 1833 000f 49435052 		.ascii	"ICPR\000"
 1833      00
 1834              	.LASF48:
 1835 0014 72656164 		.ascii	"ready_list_t\000"
 1835      795F6C69 
 1835      73745F74 
 1835      00
 1836              	.LASF111:
 1837 0021 7264796D 		.ascii	"rdymsg\000"
 1837      736700
 1838              	.LASF16:
 1839 0028 75696E74 		.ascii	"uint64_t\000"
 1839      36345F74 
 1839      00
 1840              	.LASF5:
 1841 0031 5F5F7569 		.ascii	"__uint8_t\000"
 1841      6E74385F 
 1841      7400
 1842              	.LASF108:
 1843 003b 706F7274 		.ascii	"port_intctx\000"
 1843      5F696E74 
 1843      63747800 
 1844              	.LASF67:
 1845 0047 73797374 		.ascii	"system_debug_t\000"
 1845      656D5F64 
 1845      65627567 
 1845      5F7400
 1846              	.LASF12:
 1847 0056 6C6F6E67 		.ascii	"long long unsigned int\000"
 1847      206C6F6E 
 1847      6720756E 
 1847      7369676E 
 1847      65642069 
 1848              	.LASF112:
ARM GAS  C:\cygwin\tmp\ccCUmRuG.s 			page 34


 1849 006d 65786974 		.ascii	"exitcode\000"
 1849      636F6465 
 1849      00
 1850              	.LASF74:
 1851 0076 6D61696E 		.ascii	"mainthread\000"
 1851      74687265 
 1851      616400
 1852              	.LASF64:
 1853 0081 76697274 		.ascii	"virtual_timers_list_t\000"
 1853      75616C5F 
 1853      74696D65 
 1853      72735F6C 
 1853      6973745F 
 1854              	.LASF90:
 1855 0097 43505549 		.ascii	"CPUID\000"
 1855      4400
 1856              	.LASF47:
 1857 009d 63685F74 		.ascii	"ch_threads_queue\000"
 1857      68726561 
 1857      64735F71 
 1857      75657565 
 1857      00
 1858              	.LASF80:
 1859 00ae 49535052 		.ascii	"ISPR\000"
 1859      00
 1860              	.LASF28:
 1861 00b3 705F7072 		.ascii	"p_prio\000"
 1861      696F00
 1862              	.LASF123:
 1863 00ba 6E766963 		.ascii	"nvicEnableVector\000"
 1863      456E6162 
 1863      6C655665 
 1863      63746F72 
 1863      00
 1864              	.LASF102:
 1865 00cb 49534152 		.ascii	"ISAR\000"
 1865      00
 1866              	.LASF10:
 1867 00d0 6C6F6E67 		.ascii	"long long int\000"
 1867      206C6F6E 
 1867      6720696E 
 1867      7400
 1868              	.LASF1:
 1869 00de 7369676E 		.ascii	"signed char\000"
 1869      65642063 
 1869      68617200 
 1870              	.LASF42:
 1871 00ea 705F6D70 		.ascii	"p_mpool\000"
 1871      6F6F6C00 
 1872              	.LASF117:
 1873 00f2 6D5F7175 		.ascii	"m_queue\000"
 1873      65756500 
 1874              	.LASF73:
 1875 00fa 76746C69 		.ascii	"vtlist\000"
 1875      737400
 1876              	.LASF71:
 1877 0101 63685F73 		.ascii	"ch_system\000"
ARM GAS  C:\cygwin\tmp\ccCUmRuG.s 			page 35


 1877      79737465 
 1877      6D00
 1878              	.LASF7:
 1879 010b 6C6F6E67 		.ascii	"long int\000"
 1879      20696E74 
 1879      00
 1880              	.LASF19:
 1881 0114 74737461 		.ascii	"tstate_t\000"
 1881      74655F74 
 1881      00
 1882              	.LASF30:
 1883 011d 705F6E65 		.ascii	"p_newer\000"
 1883      77657200 
 1884              	.LASF99:
 1885 0125 42464152 		.ascii	"BFAR\000"
 1885      00
 1886              	.LASF100:
 1887 012a 41465352 		.ascii	"AFSR\000"
 1887      00
 1888              	.LASF53:
 1889 012f 725F6E65 		.ascii	"r_newer\000"
 1889      77657200 
 1890              	.LASF105:
 1891 0137 72656761 		.ascii	"regarm_t\000"
 1891      726D5F74 
 1891      00
 1892              	.LASF60:
 1893 0140 76745F70 		.ascii	"vt_prev\000"
 1893      72657600 
 1894              	.LASF104:
 1895 0148 5343425F 		.ascii	"SCB_Type\000"
 1895      54797065 
 1895      00
 1896              	.LASF120:
 1897 0151 6D757465 		.ascii	"mutex_t\000"
 1897      785F7400 
 1898              	.LASF75:
 1899 0159 69646C65 		.ascii	"idle_thread_wa\000"
 1899      5F746872 
 1899      6561645F 
 1899      776100
 1900              	.LASF0:
 1901 0168 756E7369 		.ascii	"unsigned int\000"
 1901      676E6564 
 1901      20696E74 
 1901      00
 1902              	.LASF59:
 1903 0175 76745F6E 		.ascii	"vt_next\000"
 1903      65787400 
 1904              	.LASF124:
 1905 017d 6E766963 		.ascii	"nvicDisableVector\000"
 1905      44697361 
 1905      626C6556 
 1905      6563746F 
 1905      7200
 1906              	.LASF37:
 1907 018f 705F6D73 		.ascii	"p_msgqueue\000"
ARM GAS  C:\cygwin\tmp\ccCUmRuG.s 			page 36


 1907      67717565 
 1907      756500
 1908              	.LASF92:
 1909 019a 56544F52 		.ascii	"VTOR\000"
 1909      00
 1910              	.LASF44:
 1911 019f 63685F74 		.ascii	"ch_thread\000"
 1911      68726561 
 1911      6400
 1912              	.LASF91:
 1913 01a9 49435352 		.ascii	"ICSR\000"
 1913      00
 1914              	.LASF22:
 1915 01ae 6D73675F 		.ascii	"msg_t\000"
 1915      7400
 1916              	.LASF93:
 1917 01b4 41495243 		.ascii	"AIRCR\000"
 1917      5200
 1918              	.LASF97:
 1919 01ba 44465352 		.ascii	"DFSR\000"
 1919      00
 1920              	.LASF98:
 1921 01bf 4D4D4641 		.ascii	"MMFAR\000"
 1921      5200
 1922              	.LASF70:
 1923 01c5 63685F73 		.ascii	"ch_system_t\000"
 1923      79737465 
 1923      6D5F7400 
 1924              	.LASF18:
 1925 01d1 746D6F64 		.ascii	"tmode_t\000"
 1925      655F7400 
 1926              	.LASF49:
 1927 01d9 63685F72 		.ascii	"ch_ready_list\000"
 1927      65616479 
 1927      5F6C6973 
 1927      7400
 1928              	.LASF23:
 1929 01e7 6576656E 		.ascii	"eventmask_t\000"
 1929      746D6173 
 1929      6B5F7400 
 1930              	.LASF6:
 1931 01f3 5F5F696E 		.ascii	"__int32_t\000"
 1931      7433325F 
 1931      7400
 1932              	.LASF128:
 1933 01fd 474E5520 		.ascii	"GNU C 4.9.3 20141119 (release) [ARM/embedded-4_9-br"
 1933      4320342E 
 1933      392E3320 
 1933      32303134 
 1933      31313139 
 1934 0230 616E6368 		.ascii	"anch revision 218278] -mcpu=cortex-m4 -mno-thumb-in"
 1934      20726576 
 1934      6973696F 
 1934      6E203231 
 1934      38323738 
 1935 0263 74657277 		.ascii	"terwork -mthumb -ggdb -O2 -fomit-frame-pointer -fal"
 1935      6F726B20 
ARM GAS  C:\cygwin\tmp\ccCUmRuG.s 			page 37


 1935      2D6D7468 
 1935      756D6220 
 1935      2D676764 
 1936 0296 69676E2D 		.ascii	"ign-functions=16 -ffunction-sections -fdata-section"
 1936      66756E63 
 1936      74696F6E 
 1936      733D3136 
 1936      202D6666 
 1937 02c9 73202D66 		.ascii	"s -fno-common\000"
 1937      6E6F2D63 
 1937      6F6D6D6F 
 1937      6E00
 1938              	.LASF106:
 1939 02d7 73746B61 		.ascii	"stkalign_t\000"
 1939      6C69676E 
 1939      5F7400
 1940              	.LASF126:
 1941 02e2 68616E64 		.ascii	"handler\000"
 1941      6C657200 
 1942              	.LASF57:
 1943 02ea 76697274 		.ascii	"virtual_timer_t\000"
 1943      75616C5F 
 1943      74696D65 
 1943      725F7400 
 1944              	.LASF36:
 1945 02fa 705F7761 		.ascii	"p_waiting\000"
 1945      6974696E 
 1945      6700
 1946              	.LASF88:
 1947 0304 73697A65 		.ascii	"sizetype\000"
 1947      74797065 
 1947      00
 1948              	.LASF65:
 1949 030d 63685F76 		.ascii	"ch_virtual_timers_list\000"
 1949      69727475 
 1949      616C5F74 
 1949      696D6572 
 1949      735F6C69 
 1950              	.LASF95:
 1951 0324 43465352 		.ascii	"CFSR\000"
 1951      00
 1952              	.LASF84:
 1953 0329 49414252 		.ascii	"IABR\000"
 1953      00
 1954              	.LASF66:
 1955 032e 76745F6C 		.ascii	"vt_lasttime\000"
 1955      61737474 
 1955      696D6500 
 1956              	.LASF31:
 1957 033a 705F6F6C 		.ascii	"p_older\000"
 1957      64657200 
 1958              	.LASF52:
 1959 0342 725F6374 		.ascii	"r_ctx\000"
 1959      7800
 1960              	.LASF110:
 1961 0348 746D5F63 		.ascii	"tm_calibration_t\000"
 1961      616C6962 
ARM GAS  C:\cygwin\tmp\ccCUmRuG.s 			page 38


 1961      72617469 
 1961      6F6E5F74 
 1961      00
 1962              	.LASF78:
 1963 0359 49434552 		.ascii	"ICER\000"
 1963      00
 1964              	.LASF122:
 1965 035e 7072696F 		.ascii	"prio\000"
 1965      00
 1966              	.LASF54:
 1967 0363 725F6F6C 		.ascii	"r_older\000"
 1967      64657200 
 1968              	.LASF11:
 1969 036b 5F5F7569 		.ascii	"__uint64_t\000"
 1969      6E743634 
 1969      5F7400
 1970              	.LASF130:
 1971 0376 433A5C55 		.ascii	"C:\\Users\\Jo\\Documents\\GitHub\\ChibiOS\\demos\\S"
 1971      73657273 
 1971      5C4A6F5C 
 1971      446F6375 
 1971      6D656E74 
 1972 03a2 544D3332 		.ascii	"TM32\\RT-STM32F401RE-NUCLEO\000"
 1972      5C52542D 
 1972      53544D33 
 1972      32463430 
 1972      3152452D 
 1973              	.LASF20:
 1974 03bd 74726566 		.ascii	"trefs_t\000"
 1974      735F7400 
 1975              	.LASF77:
 1976 03c5 52455345 		.ascii	"RESERVED0\000"
 1976      52564544 
 1976      3000
 1977              	.LASF81:
 1978 03cf 52455345 		.ascii	"RESERVED2\000"
 1978      52564544 
 1978      3200
 1979              	.LASF83:
 1980 03d9 52455345 		.ascii	"RESERVED3\000"
 1980      52564544 
 1980      3300
 1981              	.LASF85:
 1982 03e3 52455345 		.ascii	"RESERVED4\000"
 1982      52564544 
 1982      3400
 1983              	.LASF27:
 1984 03ed 705F7072 		.ascii	"p_prev\000"
 1984      657600
 1985              	.LASF21:
 1986 03f4 74707269 		.ascii	"tprio_t\000"
 1986      6F5F7400 
 1987              	.LASF116:
 1988 03fc 6D757465 		.ascii	"mutex\000"
 1988      7800
 1989              	.LASF68:
 1990 0402 63685F73 		.ascii	"ch_system_debug\000"
ARM GAS  C:\cygwin\tmp\ccCUmRuG.s 			page 39


 1990      79737465 
 1990      6D5F6465 
 1990      62756700 
 1991              	.LASF121:
 1992 0412 5F426F6F 		.ascii	"_Bool\000"
 1992      6C00
 1993              	.LASF14:
 1994 0418 696E7433 		.ascii	"int32_t\000"
 1994      325F7400 
 1995              	.LASF2:
 1996 0420 756E7369 		.ascii	"unsigned char\000"
 1996      676E6564 
 1996      20636861 
 1996      7200
 1997              	.LASF94:
 1998 042e 53484353 		.ascii	"SHCSR\000"
 1998      5200
 1999              	.LASF127:
 2000 0434 49544D5F 		.ascii	"ITM_RxBuffer\000"
 2000      52784275 
 2000      66666572 
 2000      00
 2001              	.LASF33:
 2002 0441 705F7374 		.ascii	"p_state\000"
 2002      61746500 
 2003              	.LASF40:
 2004 0449 705F6D74 		.ascii	"p_mtxlist\000"
 2004      786C6973 
 2004      7400
 2005              	.LASF3:
 2006 0453 73686F72 		.ascii	"short int\000"
 2006      7420696E 
 2006      7400
 2007              	.LASF76:
 2008 045d 49534552 		.ascii	"ISER\000"
 2008      00
 2009              	.LASF89:
 2010 0462 4E564943 		.ascii	"NVIC_Type\000"
 2010      5F547970 
 2010      6500
 2011              	.LASF125:
 2012 046c 6E766963 		.ascii	"nvicSetSystemHandlerPriority\000"
 2012      53657453 
 2012      79737465 
 2012      6D48616E 
 2012      646C6572 
 2013              	.LASF51:
 2014 0489 725F7072 		.ascii	"r_prio\000"
 2014      696F00
 2015              	.LASF114:
 2016 0490 65776D61 		.ascii	"ewmask\000"
 2016      736B00
 2017              	.LASF26:
 2018 0497 705F6E65 		.ascii	"p_next\000"
 2018      787400
 2019              	.LASF34:
 2020 049e 705F666C 		.ascii	"p_flags\000"
ARM GAS  C:\cygwin\tmp\ccCUmRuG.s 			page 40


 2020      61677300 
 2021              	.LASF131:
 2022 04a6 5F5F6675 		.ascii	"__func__\000"
 2022      6E635F5F 
 2022      00
 2023              	.LASF4:
 2024 04af 73686F72 		.ascii	"short unsigned int\000"
 2024      7420756E 
 2024      7369676E 
 2024      65642069 
 2024      6E7400
 2025              	.LASF58:
 2026 04c2 63685F76 		.ascii	"ch_virtual_timer\000"
 2026      69727475 
 2026      616C5F74 
 2026      696D6572 
 2026      00
 2027              	.LASF39:
 2028 04d3 705F6570 		.ascii	"p_epending\000"
 2028      656E6469 
 2028      6E6700
 2029              	.LASF86:
 2030 04de 52455345 		.ascii	"RESERVED5\000"
 2030      52564544 
 2030      3500
 2031              	.LASF15:
 2032 04e8 75696E74 		.ascii	"uint32_t\000"
 2032      33325F74 
 2032      00
 2033              	.LASF50:
 2034 04f1 725F7175 		.ascii	"r_queue\000"
 2034      65756500 
 2035              	.LASF61:
 2036 04f9 76745F64 		.ascii	"vt_delta\000"
 2036      656C7461 
 2036      00
 2037              	.LASF45:
 2038 0502 63685F74 		.ascii	"ch_threads_list\000"
 2038      68726561 
 2038      64735F6C 
 2038      69737400 
 2039              	.LASF9:
 2040 0512 6C6F6E67 		.ascii	"long unsigned int\000"
 2040      20756E73 
 2040      69676E65 
 2040      6420696E 
 2040      7400
 2041              	.LASF55:
 2042 0524 725F6375 		.ascii	"r_current\000"
 2042      7272656E 
 2042      7400
 2043              	.LASF115:
 2044 052e 63686172 		.ascii	"char\000"
 2044      00
 2045              	.LASF25:
 2046 0533 74687265 		.ascii	"thread_t\000"
 2046      61645F74 
ARM GAS  C:\cygwin\tmp\ccCUmRuG.s 			page 41


 2046      00
 2047              	.LASF119:
 2048 053c 6D5F6E65 		.ascii	"m_next\000"
 2048      787400
 2049              	.LASF24:
 2050 0543 73797374 		.ascii	"systime_t\000"
 2050      696D655F 
 2050      7400
 2051              	.LASF41:
 2052 054d 705F7265 		.ascii	"p_realprio\000"
 2052      616C7072 
 2052      696F00
 2053              	.LASF56:
 2054 0558 76746675 		.ascii	"vtfunc_t\000"
 2054      6E635F74 
 2054      00
 2055              	.LASF8:
 2056 0561 5F5F7569 		.ascii	"__uint32_t\000"
 2056      6E743332 
 2056      5F7400
 2057              	.LASF69:
 2058 056c 70616E69 		.ascii	"panic_msg\000"
 2058      635F6D73 
 2058      6700
 2059              	.LASF109:
 2060 0576 6F666673 		.ascii	"offset\000"
 2060      657400
 2061              	.LASF107:
 2062 057d 636F6E74 		.ascii	"context\000"
 2062      65787400 
 2063              	.LASF17:
 2064 0585 7274636E 		.ascii	"rtcnt_t\000"
 2064      745F7400 
 2065              	.LASF129:
 2066 058d 2E2E2F2E 		.ascii	"../../../os/hal/ports/common/ARMCMx/nvic.c\000"
 2066      2E2F2E2E 
 2066      2F6F732F 
 2066      68616C2F 
 2066      706F7274 
 2067              	.LASF63:
 2068 05b8 76745F70 		.ascii	"vt_par\000"
 2068      617200
 2069              	.LASF46:
 2070 05bf 74687265 		.ascii	"threads_queue_t\000"
 2070      6164735F 
 2070      71756575 
 2070      655F7400 
 2071              	.LASF35:
 2072 05cf 705F7265 		.ascii	"p_refs\000"
 2072      667300
 2073              	.LASF101:
 2074 05d6 4D4D4652 		.ascii	"MMFR\000"
 2074      00
 2075              	.LASF72:
 2076 05db 726C6973 		.ascii	"rlist\000"
 2076      7400
 2077              	.LASF13:
ARM GAS  C:\cygwin\tmp\ccCUmRuG.s 			page 42


 2078 05e1 75696E74 		.ascii	"uint8_t\000"
 2078      385F7400 
 2079              	.LASF79:
 2080 05e9 52534552 		.ascii	"RSERVED1\000"
 2080      56454431 
 2080      00
 2081              	.LASF87:
 2082 05f2 53544952 		.ascii	"STIR\000"
 2082      00
 2083              	.LASF113:
 2084 05f7 77746F62 		.ascii	"wtobjp\000"
 2084      6A7000
 2085              	.LASF32:
 2086 05fe 705F6E61 		.ascii	"p_name\000"
 2086      6D6500
 2087              	.LASF38:
 2088 0605 705F6D73 		.ascii	"p_msg\000"
 2088      6700
 2089              	.LASF103:
 2090 060b 43504143 		.ascii	"CPACR\000"
 2090      5200
 2091              	.LASF96:
 2092 0611 48465352 		.ascii	"HFSR\000"
 2092      00
 2093              	.LASF118:
 2094 0616 6D5F6F77 		.ascii	"m_owner\000"
 2094      6E657200 
 2095              	.LASF29:
 2096 061e 705F6374 		.ascii	"p_ctx\000"
 2096      7800
 2097              	.LASF62:
 2098 0624 76745F66 		.ascii	"vt_func\000"
 2098      756E6300 
 2099              		.ident	"GCC: (GNU Tools for ARM Embedded Processors) 4.9.3 20141119 (release) [ARM/embedded-4_9-br
ARM GAS  C:\cygwin\tmp\ccCUmRuG.s 			page 43


DEFINED SYMBOLS
                            *ABS*:00000000 nvic.c
C:\cygwin\tmp\ccCUmRuG.s:19     .text.nvicEnableVector:00000000 $t
C:\cygwin\tmp\ccCUmRuG.s:25     .text.nvicEnableVector:00000000 nvicEnableVector
C:\cygwin\tmp\ccCUmRuG.s:70     .text.nvicDisableVector:00000000 $t
C:\cygwin\tmp\ccCUmRuG.s:76     .text.nvicDisableVector:00000000 nvicDisableVector
C:\cygwin\tmp\ccCUmRuG.s:114    .text.nvicDisableVector:00000024 $d
C:\cygwin\tmp\ccCUmRuG.s:119    .text.nvicSetSystemHandlerPriority:00000000 $t
C:\cygwin\tmp\ccCUmRuG.s:125    .text.nvicSetSystemHandlerPriority:00000000 nvicSetSystemHandlerPriority
                     .debug_frame:00000010 $d
C:\cygwin\tmp\ccCUmRuG.s:118    .text.nvicDisableVector:00000028 $t

NO UNDEFINED SYMBOLS
