ARM GAS  C:\cygwin\tmp\ccSAN7jK.s 			page 1


   1              		.syntax unified
   2              		.cpu cortex-m4
   3              		.fpu softvfp
   4              		.eabi_attribute 20, 1
   5              		.eabi_attribute 21, 1
   6              		.eabi_attribute 23, 3
   7              		.eabi_attribute 24, 1
   8              		.eabi_attribute 25, 1
   9              		.eabi_attribute 26, 1
  10              		.eabi_attribute 30, 2
  11              		.eabi_attribute 34, 1
  12              		.eabi_attribute 18, 4
  13              		.thumb
  14              		.file	"st_lld.c"
  15              		.text
  16              	.Ltext0:
  17              		.cfi_sections	.debug_frame
  18              		.section	.text.VectorB0,"ax",%progbits
  19              		.align	2
  20              		.p2align 4,,15
  21              		.global	VectorB0
  22              		.thumb
  23              		.thumb_func
  24              		.type	VectorB0, %function
  25              	VectorB0:
  26              	.LFB255:
  27              		.file 1 "../../../os/hal/ports/STM32/LLD/TIMv1/st_lld.c"
  28              		.loc 1 153 0
  29              		.cfi_startproc
  30              		@ args = 0, pretend = 0, frame = 0
  31              		@ frame_needed = 0, uses_anonymous_args = 0
  32              		.loc 1 157 0
  33 0000 4FF08043 		mov	r3, #1073741824
  34              		.loc 1 153 0
  35 0004 10B5     		push	{r4, lr}
  36              		.cfi_def_cfa_offset 8
  37              		.cfi_offset 4, -8
  38              		.cfi_offset 14, -4
  39              		.loc 1 157 0
  40 0006 0024     		movs	r4, #0
  41 0008 1C61     		str	r4, [r3, #16]
  42              	.LVL0:
  43              	.LBB52:
  44              	.LBB53:
  45              	.LBB54:
  46              	.LBB55:
  47              	.LBB56:
  48              	.LBB57:
  49              		.file 2 "../../../os/ext/CMSIS/include/core_cmFunc.h"
  50              		.loc 2 546 0
  51 000a 2023     		movs	r3, #32
  52              	@ 546 "../../../os/ext/CMSIS/include/core_cmFunc.h" 1
  53 000c 83F31188 		MSR basepri, r3
  54              	@ 0 "" 2
  55              		.thumb
  56              	.LBE57:
  57              	.LBE56:
ARM GAS  C:\cygwin\tmp\ccSAN7jK.s 			page 2


  58              	.LBE55:
  59              	.LBE54:
  60              	.LBE53:
  61              	.LBE52:
  62              	.LBB58:
  63              	.LBB59:
  64              		.file 3 "../../../os/hal/osal/rt/osal.h"
  65              		.loc 3 517 0
  66 0010 FFF7FEFF 		bl	chSysTimerHandlerI
  67              	.LVL1:
  68              	.LBE59:
  69              	.LBE58:
  70              	.LBB60:
  71              	.LBB61:
  72              	.LBB62:
  73              	.LBB63:
  74              	.LBB64:
  75              	.LBB65:
  76              		.loc 2 546 0
  77              	@ 546 "../../../os/ext/CMSIS/include/core_cmFunc.h" 1
  78 0014 84F31188 		MSR basepri, r4
  79              	@ 0 "" 2
  80              		.thumb
  81              	.LBE65:
  82              	.LBE64:
  83              	.LBE63:
  84              	.LBE62:
  85              	.LBE61:
  86              	.LBE60:
  87              		.loc 1 164 0
  88 0018 BDE81040 		pop	{r4, lr}
  89              		.cfi_restore 14
  90              		.cfi_restore 4
  91              		.cfi_def_cfa_offset 0
  92              		.loc 1 163 0
  93 001c FFF7FEBF 		b	_port_irq_epilogue
  94              	.LVL2:
  95              		.cfi_endproc
  96              	.LFE255:
  97              		.size	VectorB0, .-VectorB0
  98              		.section	.text.st_lld_init,"ax",%progbits
  99              		.align	2
 100              		.p2align 4,,15
 101              		.global	st_lld_init
 102              		.thumb
 103              		.thumb_func
 104              		.type	st_lld_init, %function
 105              	st_lld_init:
 106              	.LFB256:
 107              		.loc 1 176 0
 108              		.cfi_startproc
 109              		@ args = 0, pretend = 0, frame = 0
 110              		@ frame_needed = 0, uses_anonymous_args = 0
 111              		@ link register save eliminated.
 112 0000 70B4     		push	{r4, r5, r6}
 113              		.cfi_def_cfa_offset 12
 114              		.cfi_offset 4, -12
ARM GAS  C:\cygwin\tmp\ccSAN7jK.s 			page 3


 115              		.cfi_offset 5, -8
 116              		.cfi_offset 6, -4
 117              		.loc 1 182 0
 118 0002 0D48     		ldr	r0, .L5
 119 0004 016C     		ldr	r1, [r0, #64]
 120              		.loc 1 185 0
 121 0006 4FF08043 		mov	r3, #1073741824
 122              		.loc 1 187 0
 123 000a 0022     		movs	r2, #0
 124              		.loc 1 191 0
 125 000c 0124     		movs	r4, #1
 126              		.loc 1 182 0
 127 000e 41F00101 		orr	r1, r1, #1
 128              		.loc 1 185 0
 129 0012 42F2CF06 		movw	r6, #8399
 130              		.loc 1 186 0
 131 0016 4FF0FF35 		mov	r5, #-1
 132              		.loc 1 182 0
 133 001a 0164     		str	r1, [r0, #64]
 134              		.loc 1 185 0
 135 001c 9E62     		str	r6, [r3, #40]
 136              		.loc 1 195 0
 137 001e 1C20     		movs	r0, #28
 138              		.loc 1 186 0
 139 0020 DD62     		str	r5, [r3, #44]
 140              		.loc 1 195 0
 141 0022 0821     		movs	r1, #8
 142              		.loc 1 187 0
 143 0024 9A61     		str	r2, [r3, #24]
 144              		.loc 1 188 0
 145 0026 5A63     		str	r2, [r3, #52]
 146              		.loc 1 189 0
 147 0028 DA60     		str	r2, [r3, #12]
 148              		.loc 1 190 0
 149 002a 5A60     		str	r2, [r3, #4]
 150              		.loc 1 191 0
 151 002c 5C61     		str	r4, [r3, #20]
 152              		.loc 1 192 0
 153 002e 1C60     		str	r4, [r3]
 154              		.loc 1 210 0
 155 0030 70BC     		pop	{r4, r5, r6}
 156              		.cfi_restore 6
 157              		.cfi_restore 5
 158              		.cfi_restore 4
 159              		.cfi_def_cfa_offset 0
 160              		.loc 1 195 0
 161 0032 FFF7FEBF 		b	nvicEnableVector
 162              	.LVL3:
 163              	.L6:
 164 0036 00BF     		.align	2
 165              	.L5:
 166 0038 00380240 		.word	1073887232
 167              		.cfi_endproc
 168              	.LFE256:
 169              		.size	st_lld_init, .-st_lld_init
 170 003c AFF30080 		.text
 171              	.Letext0:
ARM GAS  C:\cygwin\tmp\ccSAN7jK.s 			page 4


 172              		.file 4 "c:\\program files\\gnu tools arm embedded\\4.9 2014q4\\arm-none-eabi\\include\\machine\\_
 173              		.file 5 "c:\\program files\\gnu tools arm embedded\\4.9 2014q4\\arm-none-eabi\\include\\stdint.h"
 174              		.file 6 "../../../os/rt/ports/ARMCMx/compilers/GCC/chtypes.h"
 175              		.file 7 "../../../os/rt/include/chsystypes.h"
 176              		.file 8 "../../../os/rt/include/chschd.h"
 177              		.file 9 "../../../os/ext/CMSIS/ST/stm32f401xe.h"
 178              		.file 10 "../../../os/rt/ports/ARMCMx/chcore.h"
 179              		.file 11 "../../../os/rt/ports/ARMCMx/chcore_v7m.h"
 180              		.file 12 "../../../os/hal/ports/STM32/LLD/TIMv1/stm32_tim.h"
 181              		.file 13 "../../../os/rt/include/chtm.h"
 182              		.file 14 "../../../os/rt/include/chmtx.h"
 183              		.file 15 "../../../os/rt/include/chsys.h"
 184              		.file 16 "../../../os/ext/CMSIS/include/core_cm4.h"
 185              		.file 17 "../../../os/hal/ports/common/ARMCMx/nvic.h"
 186              		.section	.debug_info,"",%progbits
 187              	.Ldebug_info0:
 188 0000 5A0A0000 		.4byte	0xa5a
 189 0004 0400     		.2byte	0x4
 190 0006 00000000 		.4byte	.Ldebug_abbrev0
 191 000a 04       		.byte	0x4
 192 000b 01       		.uleb128 0x1
 193 000c C3020000 		.4byte	.LASF146
 194 0010 01       		.byte	0x1
 195 0011 4C020000 		.4byte	.LASF147
 196 0015 67040000 		.4byte	.LASF148
 197 0019 00000000 		.4byte	.Ldebug_ranges0+0
 198 001d 00000000 		.4byte	0
 199 0021 00000000 		.4byte	.Ldebug_line0
 200 0025 02       		.uleb128 0x2
 201 0026 04       		.byte	0x4
 202 0027 05       		.byte	0x5
 203 0028 696E7400 		.ascii	"int\000"
 204 002c 03       		.uleb128 0x3
 205 002d 04       		.byte	0x4
 206 002e 07       		.byte	0x7
 207 002f EC010000 		.4byte	.LASF0
 208 0033 03       		.uleb128 0x3
 209 0034 01       		.byte	0x1
 210 0035 06       		.byte	0x6
 211 0036 FD000000 		.4byte	.LASF1
 212 003a 04       		.uleb128 0x4
 213 003b 22000000 		.4byte	.LASF5
 214 003f 04       		.byte	0x4
 215 0040 1D       		.byte	0x1d
 216 0041 45000000 		.4byte	0x45
 217 0045 03       		.uleb128 0x3
 218 0046 01       		.byte	0x1
 219 0047 08       		.byte	0x8
 220 0048 38050000 		.4byte	.LASF2
 221 004c 03       		.uleb128 0x3
 222 004d 02       		.byte	0x2
 223 004e 05       		.byte	0x5
 224 004f 5D050000 		.4byte	.LASF3
 225 0053 03       		.uleb128 0x3
 226 0054 02       		.byte	0x2
 227 0055 07       		.byte	0x7
 228 0056 81010000 		.4byte	.LASF4
ARM GAS  C:\cygwin\tmp\ccSAN7jK.s 			page 5


 229 005a 04       		.uleb128 0x4
 230 005b B9020000 		.4byte	.LASF6
 231 005f 04       		.byte	0x4
 232 0060 3F       		.byte	0x3f
 233 0061 65000000 		.4byte	0x65
 234 0065 03       		.uleb128 0x3
 235 0066 04       		.byte	0x4
 236 0067 05       		.byte	0x5
 237 0068 39010000 		.4byte	.LASF7
 238 006c 04       		.uleb128 0x4
 239 006d 5C060000 		.4byte	.LASF8
 240 0071 04       		.byte	0x4
 241 0072 41       		.byte	0x41
 242 0073 77000000 		.4byte	0x77
 243 0077 03       		.uleb128 0x3
 244 0078 04       		.byte	0x4
 245 0079 07       		.byte	0x7
 246 007a EC050000 		.4byte	.LASF9
 247 007e 03       		.uleb128 0x3
 248 007f 08       		.byte	0x8
 249 0080 05       		.byte	0x5
 250 0081 63010000 		.4byte	.LASF10
 251 0085 04       		.uleb128 0x4
 252 0086 5C040000 		.4byte	.LASF11
 253 008a 04       		.byte	0x4
 254 008b 5B       		.byte	0x5b
 255 008c 90000000 		.4byte	0x90
 256 0090 03       		.uleb128 0x3
 257 0091 08       		.byte	0x8
 258 0092 07       		.byte	0x7
 259 0093 51000000 		.4byte	.LASF12
 260 0097 04       		.uleb128 0x4
 261 0098 08070000 		.4byte	.LASF13
 262 009c 05       		.byte	0x5
 263 009d 15       		.byte	0x15
 264 009e 3A000000 		.4byte	0x3a
 265 00a2 04       		.uleb128 0x4
 266 00a3 30050000 		.4byte	.LASF14
 267 00a7 05       		.byte	0x5
 268 00a8 2C       		.byte	0x2c
 269 00a9 5A000000 		.4byte	0x5a
 270 00ad 04       		.uleb128 0x4
 271 00ae C2050000 		.4byte	.LASF15
 272 00b2 05       		.byte	0x5
 273 00b3 2D       		.byte	0x2d
 274 00b4 6C000000 		.4byte	0x6c
 275 00b8 04       		.uleb128 0x4
 276 00b9 19000000 		.4byte	.LASF16
 277 00bd 05       		.byte	0x5
 278 00be 39       		.byte	0x39
 279 00bf 85000000 		.4byte	0x85
 280 00c3 05       		.uleb128 0x5
 281 00c4 A2000000 		.4byte	0xa2
 282 00c8 05       		.uleb128 0x5
 283 00c9 AD000000 		.4byte	0xad
 284 00cd 04       		.uleb128 0x4
 285 00ce B2060000 		.4byte	.LASF17
ARM GAS  C:\cygwin\tmp\ccSAN7jK.s 			page 6


 286 00d2 06       		.byte	0x6
 287 00d3 45       		.byte	0x45
 288 00d4 AD000000 		.4byte	0xad
 289 00d8 04       		.uleb128 0x4
 290 00d9 35070000 		.4byte	.LASF18
 291 00dd 06       		.byte	0x6
 292 00de 48       		.byte	0x48
 293 00df 97000000 		.4byte	0x97
 294 00e3 04       		.uleb128 0x4
 295 00e4 55010000 		.4byte	.LASF19
 296 00e8 06       		.byte	0x6
 297 00e9 49       		.byte	0x49
 298 00ea 97000000 		.4byte	0x97
 299 00ee 04       		.uleb128 0x4
 300 00ef AE040000 		.4byte	.LASF20
 301 00f3 06       		.byte	0x6
 302 00f4 4A       		.byte	0x4a
 303 00f5 97000000 		.4byte	0x97
 304 00f9 04       		.uleb128 0x4
 305 00fa F9040000 		.4byte	.LASF21
 306 00fe 06       		.byte	0x6
 307 00ff 4C       		.byte	0x4c
 308 0100 AD000000 		.4byte	0xad
 309 0104 04       		.uleb128 0x4
 310 0105 32020000 		.4byte	.LASF22
 311 0109 06       		.byte	0x6
 312 010a 4D       		.byte	0x4d
 313 010b A2000000 		.4byte	0xa2
 314 010f 04       		.uleb128 0x4
 315 0110 AD020000 		.4byte	.LASF23
 316 0114 06       		.byte	0x6
 317 0115 4F       		.byte	0x4f
 318 0116 AD000000 		.4byte	0xad
 319 011a 04       		.uleb128 0x4
 320 011b 36060000 		.4byte	.LASF24
 321 011f 07       		.byte	0x7
 322 0120 33       		.byte	0x33
 323 0121 AD000000 		.4byte	0xad
 324 0125 04       		.uleb128 0x4
 325 0126 26060000 		.4byte	.LASF25
 326 012a 07       		.byte	0x7
 327 012b 3F       		.byte	0x3f
 328 012c 30010000 		.4byte	0x130
 329 0130 06       		.uleb128 0x6
 330 0131 1D020000 		.4byte	.LASF44
 331 0135 44       		.byte	0x44
 332 0136 08       		.byte	0x8
 333 0137 BE       		.byte	0xbe
 334 0138 1D020000 		.4byte	0x21d
 335 013c 07       		.uleb128 0x7
 336 013d 05040000 		.4byte	.LASF26
 337 0141 08       		.byte	0x8
 338 0142 BF       		.byte	0xbf
 339 0143 DE070000 		.4byte	0x7de
 340 0147 00       		.byte	0
 341 0148 07       		.uleb128 0x7
 342 0149 E8040000 		.4byte	.LASF27
ARM GAS  C:\cygwin\tmp\ccSAN7jK.s 			page 7


 343 014d 08       		.byte	0x8
 344 014e C1       		.byte	0xc1
 345 014f DE070000 		.4byte	0x7de
 346 0153 04       		.byte	0x4
 347 0154 07       		.uleb128 0x7
 348 0155 D3000000 		.4byte	.LASF28
 349 0159 08       		.byte	0x8
 350 015a C3       		.byte	0xc3
 351 015b F9000000 		.4byte	0xf9
 352 015f 08       		.byte	0x8
 353 0160 07       		.uleb128 0x7
 354 0161 4B070000 		.4byte	.LASF29
 355 0165 08       		.byte	0x8
 356 0166 C4       		.byte	0xc4
 357 0167 02060000 		.4byte	0x602
 358 016b 0C       		.byte	0xc
 359 016c 07       		.uleb128 0x7
 360 016d 71010000 		.4byte	.LASF30
 361 0171 08       		.byte	0x8
 362 0172 C6       		.byte	0xc6
 363 0173 DE070000 		.4byte	0x7de
 364 0177 10       		.byte	0x10
 365 0178 07       		.uleb128 0x7
 366 0179 20040000 		.4byte	.LASF31
 367 017d 08       		.byte	0x8
 368 017e C7       		.byte	0xc7
 369 017f DE070000 		.4byte	0x7de
 370 0183 14       		.byte	0x14
 371 0184 07       		.uleb128 0x7
 372 0185 21070000 		.4byte	.LASF32
 373 0189 08       		.byte	0x8
 374 018a CE       		.byte	0xce
 375 018b 1C080000 		.4byte	0x81c
 376 018f 18       		.byte	0x18
 377 0190 07       		.uleb128 0x7
 378 0191 67050000 		.4byte	.LASF33
 379 0195 08       		.byte	0x8
 380 0196 D9       		.byte	0xd9
 381 0197 E3000000 		.4byte	0xe3
 382 019b 1C       		.byte	0x1c
 383 019c 07       		.uleb128 0x7
 384 019d 87050000 		.4byte	.LASF34
 385 01a1 08       		.byte	0x8
 386 01a2 DD       		.byte	0xdd
 387 01a3 D8000000 		.4byte	0xd8
 388 01a7 1D       		.byte	0x1d
 389 01a8 07       		.uleb128 0x7
 390 01a9 F6060000 		.4byte	.LASF35
 391 01ad 08       		.byte	0x8
 392 01ae E2       		.byte	0xe2
 393 01af EE000000 		.4byte	0xee
 394 01b3 1E       		.byte	0x1e
 395 01b4 08       		.uleb128 0x8
 396 01b5 705F7500 		.ascii	"p_u\000"
 397 01b9 08       		.byte	0x8
 398 01ba 1401     		.2byte	0x114
 399 01bc E4070000 		.4byte	0x7e4
ARM GAS  C:\cygwin\tmp\ccSAN7jK.s 			page 8


 400 01c0 20       		.byte	0x20
 401 01c1 09       		.uleb128 0x9
 402 01c2 DB030000 		.4byte	.LASF36
 403 01c6 08       		.byte	0x8
 404 01c7 1901     		.2byte	0x119
 405 01c9 1D020000 		.4byte	0x21d
 406 01cd 24       		.byte	0x24
 407 01ce 09       		.uleb128 0x9
 408 01cf 01020000 		.4byte	.LASF37
 409 01d3 08       		.byte	0x8
 410 01d4 1F01     		.2byte	0x11f
 411 01d6 41020000 		.4byte	0x241
 412 01da 28       		.byte	0x28
 413 01db 09       		.uleb128 0x9
 414 01dc 3D070000 		.4byte	.LASF38
 415 01e0 08       		.byte	0x8
 416 01e1 2301     		.2byte	0x123
 417 01e3 04010000 		.4byte	0x104
 418 01e7 30       		.byte	0x30
 419 01e8 09       		.uleb128 0x9
 420 01e9 AD050000 		.4byte	.LASF39
 421 01ed 08       		.byte	0x8
 422 01ee 2901     		.2byte	0x129
 423 01f0 0F010000 		.4byte	0x10f
 424 01f4 34       		.byte	0x34
 425 01f5 09       		.uleb128 0x9
 426 01f6 53050000 		.4byte	.LASF40
 427 01fa 08       		.byte	0x8
 428 01fb 3001     		.2byte	0x130
 429 01fd 5F080000 		.4byte	0x85f
 430 0201 38       		.byte	0x38
 431 0202 09       		.uleb128 0x9
 432 0203 41020000 		.4byte	.LASF41
 433 0207 08       		.byte	0x8
 434 0208 3401     		.2byte	0x134
 435 020a F9000000 		.4byte	0xf9
 436 020e 3C       		.byte	0x3c
 437 020f 09       		.uleb128 0x9
 438 0210 9C010000 		.4byte	.LASF42
 439 0214 08       		.byte	0x8
 440 0215 3A01     		.2byte	0x13a
 441 0217 F4020000 		.4byte	0x2f4
 442 021b 40       		.byte	0x40
 443 021c 00       		.byte	0
 444 021d 04       		.uleb128 0x4
 445 021e BC030000 		.4byte	.LASF43
 446 0222 07       		.byte	0x7
 447 0223 44       		.byte	0x44
 448 0224 28020000 		.4byte	0x228
 449 0228 06       		.uleb128 0x6
 450 0229 DC050000 		.4byte	.LASF45
 451 022d 04       		.byte	0x4
 452 022e 08       		.byte	0x8
 453 022f AC       		.byte	0xac
 454 0230 41020000 		.4byte	0x241
 455 0234 07       		.uleb128 0x7
 456 0235 05040000 		.4byte	.LASF26
ARM GAS  C:\cygwin\tmp\ccSAN7jK.s 			page 9


 457 0239 08       		.byte	0x8
 458 023a AD       		.byte	0xad
 459 023b DE070000 		.4byte	0x7de
 460 023f 00       		.byte	0
 461 0240 00       		.byte	0
 462 0241 04       		.uleb128 0x4
 463 0242 DA060000 		.4byte	.LASF46
 464 0246 07       		.byte	0x7
 465 0247 4B       		.byte	0x4b
 466 0248 4C020000 		.4byte	0x24c
 467 024c 06       		.uleb128 0x6
 468 024d B8000000 		.4byte	.LASF47
 469 0251 08       		.byte	0x8
 470 0252 08       		.byte	0x8
 471 0253 B3       		.byte	0xb3
 472 0254 71020000 		.4byte	0x271
 473 0258 07       		.uleb128 0x7
 474 0259 05040000 		.4byte	.LASF26
 475 025d 08       		.byte	0x8
 476 025e B4       		.byte	0xb4
 477 025f DE070000 		.4byte	0x7de
 478 0263 00       		.byte	0
 479 0264 07       		.uleb128 0x7
 480 0265 E8040000 		.4byte	.LASF27
 481 0269 08       		.byte	0x8
 482 026a B5       		.byte	0xb5
 483 026b DE070000 		.4byte	0x7de
 484 026f 04       		.byte	0x4
 485 0270 00       		.byte	0
 486 0271 04       		.uleb128 0x4
 487 0272 00000000 		.4byte	.LASF48
 488 0276 07       		.byte	0x7
 489 0277 52       		.byte	0x52
 490 0278 7C020000 		.4byte	0x27c
 491 027c 0A       		.uleb128 0xa
 492 027d 9F020000 		.4byte	.LASF49
 493 0281 1C       		.byte	0x1c
 494 0282 08       		.byte	0x8
 495 0283 7201     		.2byte	0x172
 496 0285 D8020000 		.4byte	0x2d8
 497 0289 09       		.uleb128 0x9
 498 028a CB050000 		.4byte	.LASF50
 499 028e 08       		.byte	0x8
 500 028f 7301     		.2byte	0x173
 501 0291 41020000 		.4byte	0x241
 502 0295 00       		.byte	0
 503 0296 09       		.uleb128 0x9
 504 0297 79050000 		.4byte	.LASF51
 505 029b 08       		.byte	0x8
 506 029c 7401     		.2byte	0x174
 507 029e F9000000 		.4byte	0xf9
 508 02a2 08       		.byte	0x8
 509 02a3 09       		.uleb128 0x9
 510 02a4 28040000 		.4byte	.LASF52
 511 02a8 08       		.byte	0x8
 512 02a9 7601     		.2byte	0x176
 513 02ab 02060000 		.4byte	0x602
ARM GAS  C:\cygwin\tmp\ccSAN7jK.s 			page 10


 514 02af 0C       		.byte	0xc
 515 02b0 09       		.uleb128 0x9
 516 02b1 94010000 		.4byte	.LASF53
 517 02b5 08       		.byte	0x8
 518 02b6 7901     		.2byte	0x179
 519 02b8 DE070000 		.4byte	0x7de
 520 02bc 10       		.byte	0x10
 521 02bd 09       		.uleb128 0x9
 522 02be 9E060000 		.4byte	.LASF54
 523 02c2 08       		.byte	0x8
 524 02c3 7A01     		.2byte	0x17a
 525 02c5 DE070000 		.4byte	0x7de
 526 02c9 14       		.byte	0x14
 527 02ca 09       		.uleb128 0x9
 528 02cb 49040000 		.4byte	.LASF55
 529 02cf 08       		.byte	0x8
 530 02d0 7D01     		.2byte	0x17d
 531 02d2 DE070000 		.4byte	0x7de
 532 02d6 18       		.byte	0x18
 533 02d7 00       		.byte	0
 534 02d8 04       		.uleb128 0x4
 535 02d9 53060000 		.4byte	.LASF56
 536 02dd 07       		.byte	0x7
 537 02de 57       		.byte	0x57
 538 02df E3020000 		.4byte	0x2e3
 539 02e3 0B       		.uleb128 0xb
 540 02e4 04       		.byte	0x4
 541 02e5 E9020000 		.4byte	0x2e9
 542 02e9 0C       		.uleb128 0xc
 543 02ea F4020000 		.4byte	0x2f4
 544 02ee 0D       		.uleb128 0xd
 545 02ef F4020000 		.4byte	0x2f4
 546 02f3 00       		.byte	0
 547 02f4 0E       		.uleb128 0xe
 548 02f5 04       		.byte	0x4
 549 02f6 04       		.uleb128 0x4
 550 02f7 CB030000 		.4byte	.LASF57
 551 02fb 07       		.byte	0x7
 552 02fc 5C       		.byte	0x5c
 553 02fd 01030000 		.4byte	0x301
 554 0301 0A       		.uleb128 0xa
 555 0302 97050000 		.4byte	.LASF58
 556 0306 14       		.byte	0x14
 557 0307 08       		.byte	0x8
 558 0308 4D01     		.2byte	0x14d
 559 030a 50030000 		.4byte	0x350
 560 030e 09       		.uleb128 0x9
 561 030f F9010000 		.4byte	.LASF59
 562 0313 08       		.byte	0x8
 563 0314 4E01     		.2byte	0x14e
 564 0316 65080000 		.4byte	0x865
 565 031a 00       		.byte	0
 566 031b 09       		.uleb128 0x9
 567 031c AD010000 		.4byte	.LASF60
 568 0320 08       		.byte	0x8
 569 0321 4F01     		.2byte	0x14f
 570 0323 65080000 		.4byte	0x865
ARM GAS  C:\cygwin\tmp\ccSAN7jK.s 			page 11


 571 0327 04       		.byte	0x4
 572 0328 09       		.uleb128 0x9
 573 0329 D3050000 		.4byte	.LASF61
 574 032d 08       		.byte	0x8
 575 032e 5001     		.2byte	0x150
 576 0330 1A010000 		.4byte	0x11a
 577 0334 08       		.byte	0x8
 578 0335 09       		.uleb128 0x9
 579 0336 51070000 		.4byte	.LASF62
 580 033a 08       		.byte	0x8
 581 033b 5101     		.2byte	0x151
 582 033d D8020000 		.4byte	0x2d8
 583 0341 0C       		.byte	0xc
 584 0342 09       		.uleb128 0x9
 585 0343 CD060000 		.4byte	.LASF63
 586 0347 08       		.byte	0x8
 587 0348 5301     		.2byte	0x153
 588 034a F4020000 		.4byte	0x2f4
 589 034e 10       		.byte	0x10
 590 034f 00       		.byte	0
 591 0350 04       		.uleb128 0x4
 592 0351 7C000000 		.4byte	.LASF64
 593 0355 07       		.byte	0x7
 594 0356 61       		.byte	0x61
 595 0357 5B030000 		.4byte	0x35b
 596 035b 0A       		.uleb128 0xa
 597 035c EE030000 		.4byte	.LASF65
 598 0360 10       		.byte	0x10
 599 0361 08       		.byte	0x8
 600 0362 5D01     		.2byte	0x15d
 601 0364 9D030000 		.4byte	0x39d
 602 0368 09       		.uleb128 0x9
 603 0369 F9010000 		.4byte	.LASF59
 604 036d 08       		.byte	0x8
 605 036e 5E01     		.2byte	0x15e
 606 0370 65080000 		.4byte	0x865
 607 0374 00       		.byte	0
 608 0375 09       		.uleb128 0x9
 609 0376 AD010000 		.4byte	.LASF60
 610 037a 08       		.byte	0x8
 611 037b 6001     		.2byte	0x160
 612 037d 65080000 		.4byte	0x865
 613 0381 04       		.byte	0x4
 614 0382 09       		.uleb128 0x9
 615 0383 D3050000 		.4byte	.LASF61
 616 0387 08       		.byte	0x8
 617 0388 6201     		.2byte	0x162
 618 038a 1A010000 		.4byte	0x11a
 619 038e 08       		.byte	0x8
 620 038f 09       		.uleb128 0x9
 621 0390 14040000 		.4byte	.LASF66
 622 0394 08       		.byte	0x8
 623 0395 6A01     		.2byte	0x16a
 624 0397 1A010000 		.4byte	0x11a
 625 039b 0C       		.byte	0xc
 626 039c 00       		.byte	0
 627 039d 04       		.uleb128 0x4
ARM GAS  C:\cygwin\tmp\ccSAN7jK.s 			page 12


 628 039e 38000000 		.4byte	.LASF67
 629 03a2 07       		.byte	0x7
 630 03a3 66       		.byte	0x66
 631 03a4 A8030000 		.4byte	0x3a8
 632 03a8 0A       		.uleb128 0xa
 633 03a9 1A050000 		.4byte	.LASF68
 634 03ad 04       		.byte	0x4
 635 03ae 08       		.byte	0x8
 636 03af 8401     		.2byte	0x184
 637 03b1 C3030000 		.4byte	0x3c3
 638 03b5 09       		.uleb128 0x9
 639 03b6 75060000 		.4byte	.LASF69
 640 03ba 08       		.byte	0x8
 641 03bb 8C01     		.2byte	0x18c
 642 03bd 6B080000 		.4byte	0x86b
 643 03c1 00       		.byte	0
 644 03c2 00       		.byte	0
 645 03c3 04       		.uleb128 0x4
 646 03c4 A6060000 		.4byte	.LASF70
 647 03c8 07       		.byte	0x7
 648 03c9 6B       		.byte	0x6b
 649 03ca CE030000 		.4byte	0x3ce
 650 03ce 0F       		.uleb128 0xf
 651 03cf 2F010000 		.4byte	.LASF71
 652 03d3 5001     		.2byte	0x150
 653 03d5 08       		.byte	0x8
 654 03d6 A401     		.2byte	0x1a4
 655 03d8 2A040000 		.4byte	0x42a
 656 03dc 09       		.uleb128 0x9
 657 03dd 02070000 		.4byte	.LASF72
 658 03e1 08       		.byte	0x8
 659 03e2 A801     		.2byte	0x1a8
 660 03e4 71020000 		.4byte	0x271
 661 03e8 00       		.byte	0
 662 03e9 09       		.uleb128 0x9
 663 03ea B5010000 		.4byte	.LASF73
 664 03ee 08       		.byte	0x8
 665 03ef AC01     		.2byte	0x1ac
 666 03f1 50030000 		.4byte	0x350
 667 03f5 1C       		.byte	0x1c
 668 03f6 08       		.uleb128 0x8
 669 03f7 64626700 		.ascii	"dbg\000"
 670 03fb 08       		.byte	0x8
 671 03fc B001     		.2byte	0x1b0
 672 03fe 9D030000 		.4byte	0x39d
 673 0402 2C       		.byte	0x2c
 674 0403 09       		.uleb128 0x9
 675 0404 71000000 		.4byte	.LASF74
 676 0408 08       		.byte	0x8
 677 0409 B401     		.2byte	0x1b4
 678 040b 25010000 		.4byte	0x125
 679 040f 30       		.byte	0x30
 680 0410 08       		.uleb128 0x8
 681 0411 746D00   		.ascii	"tm\000"
 682 0414 08       		.byte	0x8
 683 0415 B901     		.2byte	0x1b9
 684 0417 D3070000 		.4byte	0x7d3
ARM GAS  C:\cygwin\tmp\ccSAN7jK.s 			page 13


 685 041b 74       		.byte	0x74
 686 041c 09       		.uleb128 0x9
 687 041d DD010000 		.4byte	.LASF75
 688 0421 08       		.byte	0x8
 689 0422 C501     		.2byte	0x1c5
 690 0424 70080000 		.4byte	0x870
 691 0428 78       		.byte	0x78
 692 0429 00       		.byte	0
 693 042a 03       		.uleb128 0x3
 694 042b 04       		.byte	0x4
 695 042c 07       		.byte	0x7
 696 042d E5030000 		.4byte	.LASF76
 697 0431 10       		.uleb128 0x10
 698 0432 AD000000 		.4byte	0xad
 699 0436 41040000 		.4byte	0x441
 700 043a 11       		.uleb128 0x11
 701 043b 2A040000 		.4byte	0x42a
 702 043f 01       		.byte	0x1
 703 0440 00       		.byte	0
 704 0441 10       		.uleb128 0x10
 705 0442 AD000000 		.4byte	0xad
 706 0446 51040000 		.4byte	0x451
 707 044a 11       		.uleb128 0x11
 708 044b 2A040000 		.4byte	0x42a
 709 044f 03       		.byte	0x3
 710 0450 00       		.byte	0
 711 0451 12       		.uleb128 0x12
 712 0452 88       		.byte	0x88
 713 0453 09       		.byte	0x9
 714 0454 6401     		.2byte	0x164
 715 0456 E0050000 		.4byte	0x5e0
 716 045a 08       		.uleb128 0x8
 717 045b 435200   		.ascii	"CR\000"
 718 045e 09       		.byte	0x9
 719 045f 6601     		.2byte	0x166
 720 0461 C8000000 		.4byte	0xc8
 721 0465 00       		.byte	0
 722 0466 09       		.uleb128 0x9
 723 0467 79010000 		.4byte	.LASF77
 724 046b 09       		.byte	0x9
 725 046c 6701     		.2byte	0x167
 726 046e C8000000 		.4byte	0xc8
 727 0472 04       		.byte	0x4
 728 0473 09       		.uleb128 0x9
 729 0474 30070000 		.4byte	.LASF78
 730 0478 09       		.byte	0x9
 731 0479 6801     		.2byte	0x168
 732 047b C8000000 		.4byte	0xc8
 733 047f 08       		.byte	0x8
 734 0480 08       		.uleb128 0x8
 735 0481 43495200 		.ascii	"CIR\000"
 736 0485 09       		.byte	0x9
 737 0486 6901     		.2byte	0x169
 738 0488 C8000000 		.4byte	0xc8
 739 048c 0C       		.byte	0xc
 740 048d 09       		.uleb128 0x9
 741 048e 09010000 		.4byte	.LASF79
ARM GAS  C:\cygwin\tmp\ccSAN7jK.s 			page 14


 742 0492 09       		.byte	0x9
 743 0493 6A01     		.2byte	0x16a
 744 0495 C8000000 		.4byte	0xc8
 745 0499 10       		.byte	0x10
 746 049a 09       		.uleb128 0x9
 747 049b 08060000 		.4byte	.LASF80
 748 049f 09       		.byte	0x9
 749 04a0 6B01     		.2byte	0x16b
 750 04a2 C8000000 		.4byte	0xc8
 751 04a6 14       		.byte	0x14
 752 04a7 09       		.uleb128 0x9
 753 04a8 38020000 		.4byte	.LASF81
 754 04ac 09       		.byte	0x9
 755 04ad 6C01     		.2byte	0x16c
 756 04af C8000000 		.4byte	0xc8
 757 04b3 18       		.byte	0x18
 758 04b4 09       		.uleb128 0x9
 759 04b5 B6040000 		.4byte	.LASF82
 760 04b9 09       		.byte	0x9
 761 04ba 6D01     		.2byte	0x16d
 762 04bc AD000000 		.4byte	0xad
 763 04c0 1C       		.byte	0x1c
 764 04c1 09       		.uleb128 0x9
 765 04c2 53040000 		.4byte	.LASF83
 766 04c6 09       		.byte	0x9
 767 04c7 6E01     		.2byte	0x16e
 768 04c9 C8000000 		.4byte	0xc8
 769 04cd 20       		.byte	0x20
 770 04ce 09       		.uleb128 0x9
 771 04cf 42010000 		.4byte	.LASF84
 772 04d3 09       		.byte	0x9
 773 04d4 6F01     		.2byte	0x16f
 774 04d6 C8000000 		.4byte	0xc8
 775 04da 24       		.byte	0x24
 776 04db 09       		.uleb128 0x9
 777 04dc C0040000 		.4byte	.LASF85
 778 04e0 09       		.byte	0x9
 779 04e1 7001     		.2byte	0x170
 780 04e3 31040000 		.4byte	0x431
 781 04e7 28       		.byte	0x28
 782 04e8 09       		.uleb128 0x9
 783 04e9 28070000 		.4byte	.LASF86
 784 04ed 09       		.byte	0x9
 785 04ee 7101     		.2byte	0x171
 786 04f0 C8000000 		.4byte	0xc8
 787 04f4 30       		.byte	0x30
 788 04f5 09       		.uleb128 0x9
 789 04f6 8E060000 		.4byte	.LASF87
 790 04fa 09       		.byte	0x9
 791 04fb 7201     		.2byte	0x172
 792 04fd C8000000 		.4byte	0xc8
 793 0501 34       		.byte	0x34
 794 0502 09       		.uleb128 0x9
 795 0503 0C040000 		.4byte	.LASF88
 796 0507 09       		.byte	0x9
 797 0508 7301     		.2byte	0x173
 798 050a C8000000 		.4byte	0xc8
ARM GAS  C:\cygwin\tmp\ccSAN7jK.s 			page 15


 799 050e 38       		.byte	0x38
 800 050f 09       		.uleb128 0x9
 801 0510 CA040000 		.4byte	.LASF89
 802 0514 09       		.byte	0x9
 803 0515 7401     		.2byte	0x174
 804 0517 AD000000 		.4byte	0xad
 805 051b 3C       		.byte	0x3c
 806 051c 09       		.uleb128 0x9
 807 051d 86060000 		.4byte	.LASF90
 808 0521 09       		.byte	0x9
 809 0522 7501     		.2byte	0x175
 810 0524 C8000000 		.4byte	0xc8
 811 0528 40       		.byte	0x40
 812 0529 09       		.uleb128 0x9
 813 052a 8F050000 		.4byte	.LASF91
 814 052e 09       		.byte	0x9
 815 052f 7601     		.2byte	0x176
 816 0531 C8000000 		.4byte	0xc8
 817 0535 44       		.byte	0x44
 818 0536 09       		.uleb128 0x9
 819 0537 D4040000 		.4byte	.LASF92
 820 053b 09       		.byte	0x9
 821 053c 7701     		.2byte	0x177
 822 053e 31040000 		.4byte	0x431
 823 0542 48       		.byte	0x48
 824 0543 09       		.uleb128 0x9
 825 0544 C9000000 		.4byte	.LASF93
 826 0548 09       		.byte	0x9
 827 0549 7801     		.2byte	0x178
 828 054b C8000000 		.4byte	0xc8
 829 054f 50       		.byte	0x50
 830 0550 09       		.uleb128 0x9
 831 0551 2E040000 		.4byte	.LASF94
 832 0555 09       		.byte	0x9
 833 0556 7901     		.2byte	0x179
 834 0558 C8000000 		.4byte	0xc8
 835 055c 54       		.byte	0x54
 836 055d 09       		.uleb128 0x9
 837 055e 6F050000 		.4byte	.LASF95
 838 0562 09       		.byte	0x9
 839 0563 7A01     		.2byte	0x17a
 840 0565 C8000000 		.4byte	0xc8
 841 0569 58       		.byte	0x58
 842 056a 09       		.uleb128 0x9
 843 056b DE040000 		.4byte	.LASF96
 844 056f 09       		.byte	0x9
 845 0570 7B01     		.2byte	0x17b
 846 0572 AD000000 		.4byte	0xad
 847 0576 5C       		.byte	0x5c
 848 0577 09       		.uleb128 0x9
 849 0578 4B010000 		.4byte	.LASF97
 850 057c 09       		.byte	0x9
 851 057d 7C01     		.2byte	0x17c
 852 057f C8000000 		.4byte	0xc8
 853 0583 60       		.byte	0x60
 854 0584 09       		.uleb128 0x9
 855 0585 95020000 		.4byte	.LASF98
ARM GAS  C:\cygwin\tmp\ccSAN7jK.s 			page 16


 856 0589 09       		.byte	0x9
 857 058a 7D01     		.2byte	0x17d
 858 058c C8000000 		.4byte	0xc8
 859 0590 64       		.byte	0x64
 860 0591 09       		.uleb128 0x9
 861 0592 B8050000 		.4byte	.LASF99
 862 0596 09       		.byte	0x9
 863 0597 7E01     		.2byte	0x17e
 864 0599 31040000 		.4byte	0x431
 865 059d 68       		.byte	0x68
 866 059e 09       		.uleb128 0x9
 867 059f FD060000 		.4byte	.LASF100
 868 05a3 09       		.byte	0x9
 869 05a4 7F01     		.2byte	0x17f
 870 05a6 C8000000 		.4byte	0xc8
 871 05aa 70       		.byte	0x70
 872 05ab 08       		.uleb128 0x8
 873 05ac 43535200 		.ascii	"CSR\000"
 874 05b0 09       		.byte	0x9
 875 05b1 8001     		.2byte	0x180
 876 05b3 C8000000 		.4byte	0xc8
 877 05b7 74       		.byte	0x74
 878 05b8 09       		.uleb128 0x9
 879 05b9 EF040000 		.4byte	.LASF101
 880 05bd 09       		.byte	0x9
 881 05be 8101     		.2byte	0x181
 882 05c0 31040000 		.4byte	0x431
 883 05c4 78       		.byte	0x78
 884 05c5 09       		.uleb128 0x9
 885 05c6 D4060000 		.4byte	.LASF102
 886 05ca 09       		.byte	0x9
 887 05cb 8201     		.2byte	0x182
 888 05cd C8000000 		.4byte	0xc8
 889 05d1 80       		.byte	0x80
 890 05d2 09       		.uleb128 0x9
 891 05d3 27020000 		.4byte	.LASF103
 892 05d7 09       		.byte	0x9
 893 05d8 8301     		.2byte	0x183
 894 05da C8000000 		.4byte	0xc8
 895 05de 84       		.byte	0x84
 896 05df 00       		.byte	0
 897 05e0 13       		.uleb128 0x13
 898 05e1 0C020000 		.4byte	.LASF104
 899 05e5 09       		.byte	0x9
 900 05e6 8501     		.2byte	0x185
 901 05e8 51040000 		.4byte	0x451
 902 05ec 04       		.uleb128 0x4
 903 05ed A4010000 		.4byte	.LASF105
 904 05f1 0A       		.byte	0xa
 905 05f2 85       		.byte	0x85
 906 05f3 F4020000 		.4byte	0x2f4
 907 05f7 04       		.uleb128 0x4
 908 05f8 9D030000 		.4byte	.LASF106
 909 05fc 0A       		.byte	0xa
 910 05fd 8D       		.byte	0x8d
 911 05fe B8000000 		.4byte	0xb8
 912 0602 06       		.uleb128 0x6
ARM GAS  C:\cygwin\tmp\ccSAN7jK.s 			page 17


 913 0603 96060000 		.4byte	.LASF107
 914 0607 04       		.byte	0x4
 915 0608 0A       		.byte	0xa
 916 0609 A9       		.byte	0xa9
 917 060a 1B060000 		.4byte	0x61b
 918 060e 14       		.uleb128 0x14
 919 060f 72313300 		.ascii	"r13\000"
 920 0613 0A       		.byte	0xa
 921 0614 AA       		.byte	0xaa
 922 0615 96060000 		.4byte	0x696
 923 0619 00       		.byte	0
 924 061a 00       		.byte	0
 925 061b 06       		.uleb128 0x6
 926 061c 2C000000 		.4byte	.LASF108
 927 0620 24       		.byte	0x24
 928 0621 0B       		.byte	0xb
 929 0622 F4       		.byte	0xf4
 930 0623 96060000 		.4byte	0x696
 931 0627 08       		.uleb128 0x8
 932 0628 723400   		.ascii	"r4\000"
 933 062b 0B       		.byte	0xb
 934 062c 0701     		.2byte	0x107
 935 062e EC050000 		.4byte	0x5ec
 936 0632 00       		.byte	0
 937 0633 08       		.uleb128 0x8
 938 0634 723500   		.ascii	"r5\000"
 939 0637 0B       		.byte	0xb
 940 0638 0801     		.2byte	0x108
 941 063a EC050000 		.4byte	0x5ec
 942 063e 04       		.byte	0x4
 943 063f 08       		.uleb128 0x8
 944 0640 723600   		.ascii	"r6\000"
 945 0643 0B       		.byte	0xb
 946 0644 0901     		.2byte	0x109
 947 0646 EC050000 		.4byte	0x5ec
 948 064a 08       		.byte	0x8
 949 064b 08       		.uleb128 0x8
 950 064c 723700   		.ascii	"r7\000"
 951 064f 0B       		.byte	0xb
 952 0650 0A01     		.2byte	0x10a
 953 0652 EC050000 		.4byte	0x5ec
 954 0656 0C       		.byte	0xc
 955 0657 08       		.uleb128 0x8
 956 0658 723800   		.ascii	"r8\000"
 957 065b 0B       		.byte	0xb
 958 065c 0B01     		.2byte	0x10b
 959 065e EC050000 		.4byte	0x5ec
 960 0662 10       		.byte	0x10
 961 0663 08       		.uleb128 0x8
 962 0664 723900   		.ascii	"r9\000"
 963 0667 0B       		.byte	0xb
 964 0668 0C01     		.2byte	0x10c
 965 066a EC050000 		.4byte	0x5ec
 966 066e 14       		.byte	0x14
 967 066f 08       		.uleb128 0x8
 968 0670 72313000 		.ascii	"r10\000"
 969 0674 0B       		.byte	0xb
ARM GAS  C:\cygwin\tmp\ccSAN7jK.s 			page 18


 970 0675 0D01     		.2byte	0x10d
 971 0677 EC050000 		.4byte	0x5ec
 972 067b 18       		.byte	0x18
 973 067c 08       		.uleb128 0x8
 974 067d 72313100 		.ascii	"r11\000"
 975 0681 0B       		.byte	0xb
 976 0682 0E01     		.2byte	0x10e
 977 0684 EC050000 		.4byte	0x5ec
 978 0688 1C       		.byte	0x1c
 979 0689 08       		.uleb128 0x8
 980 068a 6C7200   		.ascii	"lr\000"
 981 068d 0B       		.byte	0xb
 982 068e 0F01     		.2byte	0x10f
 983 0690 EC050000 		.4byte	0x5ec
 984 0694 20       		.byte	0x20
 985 0695 00       		.byte	0
 986 0696 0B       		.uleb128 0xb
 987 0697 04       		.byte	0x4
 988 0698 1B060000 		.4byte	0x61b
 989 069c 12       		.uleb128 0x12
 990 069d 60       		.byte	0x60
 991 069e 0C       		.byte	0xc
 992 069f 9E01     		.2byte	0x19e
 993 06a1 A8070000 		.4byte	0x7a8
 994 06a5 08       		.uleb128 0x8
 995 06a6 43523100 		.ascii	"CR1\000"
 996 06aa 0C       		.byte	0xc
 997 06ab 9F01     		.2byte	0x19f
 998 06ad C8000000 		.4byte	0xc8
 999 06b1 00       		.byte	0
 1000 06b2 08       		.uleb128 0x8
 1001 06b3 43523200 		.ascii	"CR2\000"
 1002 06b7 0C       		.byte	0xc
 1003 06b8 A001     		.2byte	0x1a0
 1004 06ba C8000000 		.4byte	0xc8
 1005 06be 04       		.byte	0x4
 1006 06bf 09       		.uleb128 0x9
 1007 06c0 18020000 		.4byte	.LASF109
 1008 06c4 0C       		.byte	0xc
 1009 06c5 A101     		.2byte	0x1a1
 1010 06c7 C8000000 		.4byte	0xc8
 1011 06cb 08       		.byte	0x8
 1012 06cc 09       		.uleb128 0x9
 1013 06cd 0D000000 		.4byte	.LASF110
 1014 06d1 0C       		.byte	0xc
 1015 06d2 A201     		.2byte	0x1a2
 1016 06d4 C8000000 		.4byte	0xc8
 1017 06d8 0C       		.byte	0xc
 1018 06d9 08       		.uleb128 0x8
 1019 06da 535200   		.ascii	"SR\000"
 1020 06dd 0C       		.byte	0xc
 1021 06de A301     		.2byte	0x1a3
 1022 06e0 C8000000 		.4byte	0xc8
 1023 06e4 10       		.byte	0x10
 1024 06e5 08       		.uleb128 0x8
 1025 06e6 45475200 		.ascii	"EGR\000"
 1026 06ea 0C       		.byte	0xc
ARM GAS  C:\cygwin\tmp\ccSAN7jK.s 			page 19


 1027 06eb A401     		.2byte	0x1a4
 1028 06ed C8000000 		.4byte	0xc8
 1029 06f1 14       		.byte	0x14
 1030 06f2 09       		.uleb128 0x9
 1031 06f3 EB000000 		.4byte	.LASF111
 1032 06f7 0C       		.byte	0xc
 1033 06f8 A501     		.2byte	0x1a5
 1034 06fa C8000000 		.4byte	0xc8
 1035 06fe 18       		.byte	0x18
 1036 06ff 09       		.uleb128 0x9
 1037 0700 F1000000 		.4byte	.LASF112
 1038 0704 0C       		.byte	0xc
 1039 0705 A601     		.2byte	0x1a6
 1040 0707 C8000000 		.4byte	0xc8
 1041 070b 1C       		.byte	0x1c
 1042 070c 09       		.uleb128 0x9
 1043 070d 5E010000 		.4byte	.LASF113
 1044 0711 0C       		.byte	0xc
 1045 0712 A701     		.2byte	0x1a7
 1046 0714 C8000000 		.4byte	0xc8
 1047 0718 20       		.byte	0x20
 1048 0719 08       		.uleb128 0x8
 1049 071a 434E5400 		.ascii	"CNT\000"
 1050 071e 0C       		.byte	0xc
 1051 071f A801     		.2byte	0x1a8
 1052 0721 C8000000 		.4byte	0xc8
 1053 0725 24       		.byte	0x24
 1054 0726 08       		.uleb128 0x8
 1055 0727 50534300 		.ascii	"PSC\000"
 1056 072b 0C       		.byte	0xc
 1057 072c A901     		.2byte	0x1a9
 1058 072e C8000000 		.4byte	0xc8
 1059 0732 28       		.byte	0x28
 1060 0733 08       		.uleb128 0x8
 1061 0734 41525200 		.ascii	"ARR\000"
 1062 0738 0C       		.byte	0xc
 1063 0739 AA01     		.2byte	0x1aa
 1064 073b C8000000 		.4byte	0xc8
 1065 073f 2C       		.byte	0x2c
 1066 0740 08       		.uleb128 0x8
 1067 0741 52435200 		.ascii	"RCR\000"
 1068 0745 0C       		.byte	0xc
 1069 0746 AB01     		.2byte	0x1ab
 1070 0748 C8000000 		.4byte	0xc8
 1071 074c 30       		.byte	0x30
 1072 074d 08       		.uleb128 0x8
 1073 074e 43435200 		.ascii	"CCR\000"
 1074 0752 0C       		.byte	0xc
 1075 0753 AC01     		.2byte	0x1ac
 1076 0755 A8070000 		.4byte	0x7a8
 1077 0759 34       		.byte	0x34
 1078 075a 09       		.uleb128 0x9
 1079 075b B3000000 		.4byte	.LASF114
 1080 075f 0C       		.byte	0xc
 1081 0760 AD01     		.2byte	0x1ad
 1082 0762 C8000000 		.4byte	0xc8
 1083 0766 44       		.byte	0x44
ARM GAS  C:\cygwin\tmp\ccSAN7jK.s 			page 20


 1084 0767 08       		.uleb128 0x8
 1085 0768 44435200 		.ascii	"DCR\000"
 1086 076c 0C       		.byte	0xc
 1087 076d AE01     		.2byte	0x1ae
 1088 076f C8000000 		.4byte	0xc8
 1089 0773 48       		.byte	0x48
 1090 0774 09       		.uleb128 0x9
 1091 0775 03060000 		.4byte	.LASF115
 1092 0779 0C       		.byte	0xc
 1093 077a AF01     		.2byte	0x1af
 1094 077c C8000000 		.4byte	0xc8
 1095 0780 4C       		.byte	0x4c
 1096 0781 08       		.uleb128 0x8
 1097 0782 4F5200   		.ascii	"OR\000"
 1098 0785 0C       		.byte	0xc
 1099 0786 B001     		.2byte	0x1b0
 1100 0788 C8000000 		.4byte	0xc8
 1101 078c 50       		.byte	0x50
 1102 078d 09       		.uleb128 0x9
 1103 078e F7000000 		.4byte	.LASF116
 1104 0792 0C       		.byte	0xc
 1105 0793 B101     		.2byte	0x1b1
 1106 0795 C8000000 		.4byte	0xc8
 1107 0799 54       		.byte	0x54
 1108 079a 09       		.uleb128 0x9
 1109 079b A8050000 		.4byte	.LASF117
 1110 079f 0C       		.byte	0xc
 1111 07a0 B201     		.2byte	0x1b2
 1112 07a2 AD070000 		.4byte	0x7ad
 1113 07a6 58       		.byte	0x58
 1114 07a7 00       		.byte	0
 1115 07a8 05       		.uleb128 0x5
 1116 07a9 41040000 		.4byte	0x441
 1117 07ad 05       		.uleb128 0x5
 1118 07ae 31040000 		.4byte	0x431
 1119 07b2 13       		.uleb128 0x13
 1120 07b3 EA060000 		.4byte	.LASF118
 1121 07b7 0C       		.byte	0xc
 1122 07b8 B301     		.2byte	0x1b3
 1123 07ba 9C060000 		.4byte	0x69c
 1124 07be 15       		.uleb128 0x15
 1125 07bf 04       		.byte	0x4
 1126 07c0 0D       		.byte	0xd
 1127 07c1 38       		.byte	0x38
 1128 07c2 D3070000 		.4byte	0x7d3
 1129 07c6 07       		.uleb128 0x7
 1130 07c7 7F060000 		.4byte	.LASF119
 1131 07cb 0D       		.byte	0xd
 1132 07cc 3C       		.byte	0x3c
 1133 07cd CD000000 		.4byte	0xcd
 1134 07d1 00       		.byte	0
 1135 07d2 00       		.byte	0
 1136 07d3 04       		.uleb128 0x4
 1137 07d4 38040000 		.4byte	.LASF120
 1138 07d8 0D       		.byte	0xd
 1139 07d9 3D       		.byte	0x3d
 1140 07da BE070000 		.4byte	0x7be
ARM GAS  C:\cygwin\tmp\ccSAN7jK.s 			page 21


 1141 07de 0B       		.uleb128 0xb
 1142 07df 04       		.byte	0x4
 1143 07e0 25010000 		.4byte	0x125
 1144 07e4 16       		.uleb128 0x16
 1145 07e5 04       		.byte	0x4
 1146 07e6 08       		.byte	0x8
 1147 07e7 F6       		.byte	0xf6
 1148 07e8 1C080000 		.4byte	0x81c
 1149 07ec 17       		.uleb128 0x17
 1150 07ed 12000000 		.4byte	.LASF121
 1151 07f1 08       		.byte	0x8
 1152 07f2 FD       		.byte	0xfd
 1153 07f3 04010000 		.4byte	0x104
 1154 07f7 18       		.uleb128 0x18
 1155 07f8 68000000 		.4byte	.LASF122
 1156 07fc 08       		.byte	0x8
 1157 07fd 0401     		.2byte	0x104
 1158 07ff 04010000 		.4byte	0x104
 1159 0803 18       		.uleb128 0x18
 1160 0804 8E020000 		.4byte	.LASF123
 1161 0808 08       		.byte	0x8
 1162 0809 0B01     		.2byte	0x10b
 1163 080b F4020000 		.4byte	0x2f4
 1164 080f 18       		.uleb128 0x18
 1165 0810 80050000 		.4byte	.LASF124
 1166 0814 08       		.byte	0x8
 1167 0815 1201     		.2byte	0x112
 1168 0817 0F010000 		.4byte	0x10f
 1169 081b 00       		.byte	0
 1170 081c 0B       		.uleb128 0xb
 1171 081d 04       		.byte	0x4
 1172 081e 22080000 		.4byte	0x822
 1173 0822 19       		.uleb128 0x19
 1174 0823 27080000 		.4byte	0x827
 1175 0827 03       		.uleb128 0x3
 1176 0828 01       		.byte	0x1
 1177 0829 08       		.byte	0x8
 1178 082a FE050000 		.4byte	.LASF125
 1179 082e 06       		.uleb128 0x6
 1180 082f 14050000 		.4byte	.LASF126
 1181 0833 10       		.byte	0x10
 1182 0834 0E       		.byte	0xe
 1183 0835 39       		.byte	0x39
 1184 0836 5F080000 		.4byte	0x85f
 1185 083a 07       		.uleb128 0x7
 1186 083b 12010000 		.4byte	.LASF127
 1187 083f 0E       		.byte	0xe
 1188 0840 3A       		.byte	0x3a
 1189 0841 41020000 		.4byte	0x241
 1190 0845 00       		.byte	0
 1191 0846 07       		.uleb128 0x7
 1192 0847 43070000 		.4byte	.LASF128
 1193 084b 0E       		.byte	0xe
 1194 084c 3C       		.byte	0x3c
 1195 084d DE070000 		.4byte	0x7de
 1196 0851 08       		.byte	0x8
 1197 0852 07       		.uleb128 0x7
ARM GAS  C:\cygwin\tmp\ccSAN7jK.s 			page 22


 1198 0853 2F060000 		.4byte	.LASF129
 1199 0857 0E       		.byte	0xe
 1200 0858 3E       		.byte	0x3e
 1201 0859 8B080000 		.4byte	0x88b
 1202 085d 0C       		.byte	0xc
 1203 085e 00       		.byte	0
 1204 085f 0B       		.uleb128 0xb
 1205 0860 04       		.byte	0x4
 1206 0861 2E080000 		.4byte	0x82e
 1207 0865 0B       		.uleb128 0xb
 1208 0866 04       		.byte	0x4
 1209 0867 F6020000 		.4byte	0x2f6
 1210 086b 05       		.uleb128 0x5
 1211 086c 1C080000 		.4byte	0x81c
 1212 0870 10       		.uleb128 0x10
 1213 0871 F7050000 		.4byte	0x5f7
 1214 0875 80080000 		.4byte	0x880
 1215 0879 11       		.uleb128 0x11
 1216 087a 2A040000 		.4byte	0x42a
 1217 087e 1A       		.byte	0x1a
 1218 087f 00       		.byte	0
 1219 0880 04       		.uleb128 0x4
 1220 0881 CF010000 		.4byte	.LASF130
 1221 0885 0E       		.byte	0xe
 1222 0886 34       		.byte	0x34
 1223 0887 2E080000 		.4byte	0x82e
 1224 088b 0B       		.uleb128 0xb
 1225 088c 04       		.byte	0x4
 1226 088d 80080000 		.4byte	0x880
 1227 0891 03       		.uleb128 0x3
 1228 0892 01       		.byte	0x1
 1229 0893 02       		.byte	0x2
 1230 0894 2A050000 		.4byte	.LASF131
 1231 0898 1A       		.uleb128 0x1a
 1232 0899 67060000 		.4byte	.LASF149
 1233 089d 02       		.byte	0x2
 1234 089e 2002     		.2byte	0x220
 1235 08a0 03       		.byte	0x3
 1236 08a1 B2080000 		.4byte	0x8b2
 1237 08a5 1B       		.uleb128 0x1b
 1238 08a6 D7010000 		.4byte	.LASF150
 1239 08aa 02       		.byte	0x2
 1240 08ab 2002     		.2byte	0x220
 1241 08ad AD000000 		.4byte	0xad
 1242 08b1 00       		.byte	0
 1243 08b2 1C       		.uleb128 0x1c
 1244 08b3 47000000 		.4byte	.LASF132
 1245 08b7 0B       		.byte	0xb
 1246 08b8 BB01     		.2byte	0x1bb
 1247 08ba 03       		.byte	0x3
 1248 08bb 1C       		.uleb128 0x1c
 1249 08bc 23010000 		.4byte	.LASF133
 1250 08c0 0B       		.byte	0xb
 1251 08c1 C901     		.2byte	0x1c9
 1252 08c3 03       		.byte	0x3
 1253 08c4 1C       		.uleb128 0x1c
 1254 08c5 BA060000 		.4byte	.LASF134
ARM GAS  C:\cygwin\tmp\ccSAN7jK.s 			page 23


 1255 08c9 0B       		.byte	0xb
 1256 08ca D801     		.2byte	0x1d8
 1257 08cc 03       		.byte	0x3
 1258 08cd 1C       		.uleb128 0x1c
 1259 08ce 11060000 		.4byte	.LASF135
 1260 08d2 0B       		.byte	0xb
 1261 08d3 E301     		.2byte	0x1e3
 1262 08d5 03       		.byte	0x3
 1263 08d6 1C       		.uleb128 0x1c
 1264 08d7 10070000 		.4byte	.LASF136
 1265 08db 0F       		.byte	0xf
 1266 08dc 5001     		.2byte	0x150
 1267 08de 03       		.byte	0x3
 1268 08df 1C       		.uleb128 0x1c
 1269 08e0 01050000 		.4byte	.LASF137
 1270 08e4 0F       		.byte	0xf
 1271 08e5 6401     		.2byte	0x164
 1272 08e7 03       		.byte	0x3
 1273 08e8 1C       		.uleb128 0x1c
 1274 08e9 BC010000 		.4byte	.LASF138
 1275 08ed 03       		.byte	0x3
 1276 08ee BD01     		.2byte	0x1bd
 1277 08f0 03       		.byte	0x3
 1278 08f1 1C       		.uleb128 0x1c
 1279 08f2 A8030000 		.4byte	.LASF139
 1280 08f6 03       		.byte	0x3
 1281 08f7 0302     		.2byte	0x203
 1282 08f9 03       		.byte	0x3
 1283 08fa 1C       		.uleb128 0x1c
 1284 08fb 92000000 		.4byte	.LASF140
 1285 08ff 03       		.byte	0x3
 1286 0900 C801     		.2byte	0x1c8
 1287 0902 03       		.byte	0x3
 1288 0903 1D       		.uleb128 0x1d
 1289 0904 1A010000 		.4byte	.LASF141
 1290 0908 01       		.byte	0x1
 1291 0909 99       		.byte	0x99
 1292 090a 00000000 		.4byte	.LFB255
 1293 090e 20000000 		.4byte	.LFE255-.LFB255
 1294 0912 01       		.uleb128 0x1
 1295 0913 9C       		.byte	0x9c
 1296 0914 FB090000 		.4byte	0x9fb
 1297 0918 1E       		.uleb128 0x1e
 1298 0919 E8080000 		.4byte	0x8e8
 1299 091d 0A000000 		.4byte	.LBB52
 1300 0921 06000000 		.4byte	.LBE52-.LBB52
 1301 0925 01       		.byte	0x1
 1302 0926 9F       		.byte	0x9f
 1303 0927 76090000 		.4byte	0x976
 1304 092b 1F       		.uleb128 0x1f
 1305 092c D6080000 		.4byte	0x8d6
 1306 0930 0A000000 		.4byte	.LBB53
 1307 0934 06000000 		.4byte	.LBE53-.LBB53
 1308 0938 03       		.byte	0x3
 1309 0939 BF01     		.2byte	0x1bf
 1310 093b 1F       		.uleb128 0x1f
 1311 093c C4080000 		.4byte	0x8c4
ARM GAS  C:\cygwin\tmp\ccSAN7jK.s 			page 24


 1312 0940 0A000000 		.4byte	.LBB54
 1313 0944 06000000 		.4byte	.LBE54-.LBB54
 1314 0948 0F       		.byte	0xf
 1315 0949 5201     		.2byte	0x152
 1316 094b 1F       		.uleb128 0x1f
 1317 094c B2080000 		.4byte	0x8b2
 1318 0950 0A000000 		.4byte	.LBB55
 1319 0954 06000000 		.4byte	.LBE55-.LBB55
 1320 0958 0B       		.byte	0xb
 1321 0959 DA01     		.2byte	0x1da
 1322 095b 1F       		.uleb128 0x1f
 1323 095c 98080000 		.4byte	0x898
 1324 0960 0A000000 		.4byte	.LBB56
 1325 0964 06000000 		.4byte	.LBE56-.LBB56
 1326 0968 0B       		.byte	0xb
 1327 0969 BE01     		.2byte	0x1be
 1328 096b 20       		.uleb128 0x20
 1329 096c A5080000 		.4byte	0x8a5
 1330 0970 20       		.byte	0x20
 1331 0971 00       		.byte	0
 1332 0972 00       		.byte	0
 1333 0973 00       		.byte	0
 1334 0974 00       		.byte	0
 1335 0975 00       		.byte	0
 1336 0976 1E       		.uleb128 0x1e
 1337 0977 F1080000 		.4byte	0x8f1
 1338 097b 10000000 		.4byte	.LBB58
 1339 097f 04000000 		.4byte	.LBE58-.LBB58
 1340 0983 01       		.byte	0x1
 1341 0984 A0       		.byte	0xa0
 1342 0985 93090000 		.4byte	0x993
 1343 0989 21       		.uleb128 0x21
 1344 098a 14000000 		.4byte	.LVL1
 1345 098e 3C0A0000 		.4byte	0xa3c
 1346 0992 00       		.byte	0
 1347 0993 1E       		.uleb128 0x1e
 1348 0994 FA080000 		.4byte	0x8fa
 1349 0998 14000000 		.4byte	.LBB60
 1350 099c 04000000 		.4byte	.LBE60-.LBB60
 1351 09a0 01       		.byte	0x1
 1352 09a1 A1       		.byte	0xa1
 1353 09a2 F1090000 		.4byte	0x9f1
 1354 09a6 1F       		.uleb128 0x1f
 1355 09a7 DF080000 		.4byte	0x8df
 1356 09ab 14000000 		.4byte	.LBB61
 1357 09af 04000000 		.4byte	.LBE61-.LBB61
 1358 09b3 03       		.byte	0x3
 1359 09b4 CA01     		.2byte	0x1ca
 1360 09b6 1F       		.uleb128 0x1f
 1361 09b7 CD080000 		.4byte	0x8cd
 1362 09bb 14000000 		.4byte	.LBB62
 1363 09bf 04000000 		.4byte	.LBE62-.LBB62
 1364 09c3 0F       		.byte	0xf
 1365 09c4 6801     		.2byte	0x168
 1366 09c6 1F       		.uleb128 0x1f
 1367 09c7 BB080000 		.4byte	0x8bb
 1368 09cb 14000000 		.4byte	.LBB63
ARM GAS  C:\cygwin\tmp\ccSAN7jK.s 			page 25


 1369 09cf 04000000 		.4byte	.LBE63-.LBB63
 1370 09d3 0B       		.byte	0xb
 1371 09d4 E501     		.2byte	0x1e5
 1372 09d6 1F       		.uleb128 0x1f
 1373 09d7 98080000 		.4byte	0x898
 1374 09db 14000000 		.4byte	.LBB64
 1375 09df 04000000 		.4byte	.LBE64-.LBB64
 1376 09e3 0B       		.byte	0xb
 1377 09e4 CC01     		.2byte	0x1cc
 1378 09e6 20       		.uleb128 0x20
 1379 09e7 A5080000 		.4byte	0x8a5
 1380 09eb 00       		.byte	0
 1381 09ec 00       		.byte	0
 1382 09ed 00       		.byte	0
 1383 09ee 00       		.byte	0
 1384 09ef 00       		.byte	0
 1385 09f0 00       		.byte	0
 1386 09f1 22       		.uleb128 0x22
 1387 09f2 20000000 		.4byte	.LVL2
 1388 09f6 430A0000 		.4byte	0xa43
 1389 09fa 00       		.byte	0
 1390 09fb 1D       		.uleb128 0x1d
 1391 09fc A7000000 		.4byte	.LASF142
 1392 0a00 01       		.byte	0x1
 1393 0a01 B0       		.byte	0xb0
 1394 0a02 00000000 		.4byte	.LFB256
 1395 0a06 3C000000 		.4byte	.LFE256-.LFB256
 1396 0a0a 01       		.uleb128 0x1
 1397 0a0b 9C       		.byte	0x9c
 1398 0a0c 250A0000 		.4byte	0xa25
 1399 0a10 23       		.uleb128 0x23
 1400 0a11 36000000 		.4byte	.LVL3
 1401 0a15 4B0A0000 		.4byte	0xa4b
 1402 0a19 24       		.uleb128 0x24
 1403 0a1a 01       		.uleb128 0x1
 1404 0a1b 51       		.byte	0x51
 1405 0a1c 01       		.uleb128 0x1
 1406 0a1d 38       		.byte	0x38
 1407 0a1e 24       		.uleb128 0x24
 1408 0a1f 01       		.uleb128 0x1
 1409 0a20 50       		.byte	0x50
 1410 0a21 01       		.uleb128 0x1
 1411 0a22 4C       		.byte	0x4c
 1412 0a23 00       		.byte	0
 1413 0a24 00       		.byte	0
 1414 0a25 25       		.uleb128 0x25
 1415 0a26 46050000 		.4byte	.LASF143
 1416 0a2a 10       		.byte	0x10
 1417 0a2b A706     		.2byte	0x6a7
 1418 0a2d C3000000 		.4byte	0xc3
 1419 0a31 26       		.uleb128 0x26
 1420 0a32 636800   		.ascii	"ch\000"
 1421 0a35 08       		.byte	0x8
 1422 0a36 EB01     		.2byte	0x1eb
 1423 0a38 C3030000 		.4byte	0x3c3
 1424 0a3c 27       		.uleb128 0x27
 1425 0a3d 40060000 		.4byte	.LASF144
ARM GAS  C:\cygwin\tmp\ccSAN7jK.s 			page 26


 1426 0a41 0F       		.byte	0xf
 1427 0a42 E7       		.byte	0xe7
 1428 0a43 28       		.uleb128 0x28
 1429 0a44 7B020000 		.4byte	.LASF145
 1430 0a48 0B       		.byte	0xb
 1431 0a49 6501     		.2byte	0x165
 1432 0a4b 29       		.uleb128 0x29
 1433 0a4c DA000000 		.4byte	.LASF151
 1434 0a50 11       		.byte	0x11
 1435 0a51 4E       		.byte	0x4e
 1436 0a52 0D       		.uleb128 0xd
 1437 0a53 AD000000 		.4byte	0xad
 1438 0a57 0D       		.uleb128 0xd
 1439 0a58 AD000000 		.4byte	0xad
 1440 0a5c 00       		.byte	0
 1441 0a5d 00       		.byte	0
 1442              		.section	.debug_abbrev,"",%progbits
 1443              	.Ldebug_abbrev0:
 1444 0000 01       		.uleb128 0x1
 1445 0001 11       		.uleb128 0x11
 1446 0002 01       		.byte	0x1
 1447 0003 25       		.uleb128 0x25
 1448 0004 0E       		.uleb128 0xe
 1449 0005 13       		.uleb128 0x13
 1450 0006 0B       		.uleb128 0xb
 1451 0007 03       		.uleb128 0x3
 1452 0008 0E       		.uleb128 0xe
 1453 0009 1B       		.uleb128 0x1b
 1454 000a 0E       		.uleb128 0xe
 1455 000b 55       		.uleb128 0x55
 1456 000c 17       		.uleb128 0x17
 1457 000d 11       		.uleb128 0x11
 1458 000e 01       		.uleb128 0x1
 1459 000f 10       		.uleb128 0x10
 1460 0010 17       		.uleb128 0x17
 1461 0011 00       		.byte	0
 1462 0012 00       		.byte	0
 1463 0013 02       		.uleb128 0x2
 1464 0014 24       		.uleb128 0x24
 1465 0015 00       		.byte	0
 1466 0016 0B       		.uleb128 0xb
 1467 0017 0B       		.uleb128 0xb
 1468 0018 3E       		.uleb128 0x3e
 1469 0019 0B       		.uleb128 0xb
 1470 001a 03       		.uleb128 0x3
 1471 001b 08       		.uleb128 0x8
 1472 001c 00       		.byte	0
 1473 001d 00       		.byte	0
 1474 001e 03       		.uleb128 0x3
 1475 001f 24       		.uleb128 0x24
 1476 0020 00       		.byte	0
 1477 0021 0B       		.uleb128 0xb
 1478 0022 0B       		.uleb128 0xb
 1479 0023 3E       		.uleb128 0x3e
 1480 0024 0B       		.uleb128 0xb
 1481 0025 03       		.uleb128 0x3
 1482 0026 0E       		.uleb128 0xe
ARM GAS  C:\cygwin\tmp\ccSAN7jK.s 			page 27


 1483 0027 00       		.byte	0
 1484 0028 00       		.byte	0
 1485 0029 04       		.uleb128 0x4
 1486 002a 16       		.uleb128 0x16
 1487 002b 00       		.byte	0
 1488 002c 03       		.uleb128 0x3
 1489 002d 0E       		.uleb128 0xe
 1490 002e 3A       		.uleb128 0x3a
 1491 002f 0B       		.uleb128 0xb
 1492 0030 3B       		.uleb128 0x3b
 1493 0031 0B       		.uleb128 0xb
 1494 0032 49       		.uleb128 0x49
 1495 0033 13       		.uleb128 0x13
 1496 0034 00       		.byte	0
 1497 0035 00       		.byte	0
 1498 0036 05       		.uleb128 0x5
 1499 0037 35       		.uleb128 0x35
 1500 0038 00       		.byte	0
 1501 0039 49       		.uleb128 0x49
 1502 003a 13       		.uleb128 0x13
 1503 003b 00       		.byte	0
 1504 003c 00       		.byte	0
 1505 003d 06       		.uleb128 0x6
 1506 003e 13       		.uleb128 0x13
 1507 003f 01       		.byte	0x1
 1508 0040 03       		.uleb128 0x3
 1509 0041 0E       		.uleb128 0xe
 1510 0042 0B       		.uleb128 0xb
 1511 0043 0B       		.uleb128 0xb
 1512 0044 3A       		.uleb128 0x3a
 1513 0045 0B       		.uleb128 0xb
 1514 0046 3B       		.uleb128 0x3b
 1515 0047 0B       		.uleb128 0xb
 1516 0048 01       		.uleb128 0x1
 1517 0049 13       		.uleb128 0x13
 1518 004a 00       		.byte	0
 1519 004b 00       		.byte	0
 1520 004c 07       		.uleb128 0x7
 1521 004d 0D       		.uleb128 0xd
 1522 004e 00       		.byte	0
 1523 004f 03       		.uleb128 0x3
 1524 0050 0E       		.uleb128 0xe
 1525 0051 3A       		.uleb128 0x3a
 1526 0052 0B       		.uleb128 0xb
 1527 0053 3B       		.uleb128 0x3b
 1528 0054 0B       		.uleb128 0xb
 1529 0055 49       		.uleb128 0x49
 1530 0056 13       		.uleb128 0x13
 1531 0057 38       		.uleb128 0x38
 1532 0058 0B       		.uleb128 0xb
 1533 0059 00       		.byte	0
 1534 005a 00       		.byte	0
 1535 005b 08       		.uleb128 0x8
 1536 005c 0D       		.uleb128 0xd
 1537 005d 00       		.byte	0
 1538 005e 03       		.uleb128 0x3
 1539 005f 08       		.uleb128 0x8
ARM GAS  C:\cygwin\tmp\ccSAN7jK.s 			page 28


 1540 0060 3A       		.uleb128 0x3a
 1541 0061 0B       		.uleb128 0xb
 1542 0062 3B       		.uleb128 0x3b
 1543 0063 05       		.uleb128 0x5
 1544 0064 49       		.uleb128 0x49
 1545 0065 13       		.uleb128 0x13
 1546 0066 38       		.uleb128 0x38
 1547 0067 0B       		.uleb128 0xb
 1548 0068 00       		.byte	0
 1549 0069 00       		.byte	0
 1550 006a 09       		.uleb128 0x9
 1551 006b 0D       		.uleb128 0xd
 1552 006c 00       		.byte	0
 1553 006d 03       		.uleb128 0x3
 1554 006e 0E       		.uleb128 0xe
 1555 006f 3A       		.uleb128 0x3a
 1556 0070 0B       		.uleb128 0xb
 1557 0071 3B       		.uleb128 0x3b
 1558 0072 05       		.uleb128 0x5
 1559 0073 49       		.uleb128 0x49
 1560 0074 13       		.uleb128 0x13
 1561 0075 38       		.uleb128 0x38
 1562 0076 0B       		.uleb128 0xb
 1563 0077 00       		.byte	0
 1564 0078 00       		.byte	0
 1565 0079 0A       		.uleb128 0xa
 1566 007a 13       		.uleb128 0x13
 1567 007b 01       		.byte	0x1
 1568 007c 03       		.uleb128 0x3
 1569 007d 0E       		.uleb128 0xe
 1570 007e 0B       		.uleb128 0xb
 1571 007f 0B       		.uleb128 0xb
 1572 0080 3A       		.uleb128 0x3a
 1573 0081 0B       		.uleb128 0xb
 1574 0082 3B       		.uleb128 0x3b
 1575 0083 05       		.uleb128 0x5
 1576 0084 01       		.uleb128 0x1
 1577 0085 13       		.uleb128 0x13
 1578 0086 00       		.byte	0
 1579 0087 00       		.byte	0
 1580 0088 0B       		.uleb128 0xb
 1581 0089 0F       		.uleb128 0xf
 1582 008a 00       		.byte	0
 1583 008b 0B       		.uleb128 0xb
 1584 008c 0B       		.uleb128 0xb
 1585 008d 49       		.uleb128 0x49
 1586 008e 13       		.uleb128 0x13
 1587 008f 00       		.byte	0
 1588 0090 00       		.byte	0
 1589 0091 0C       		.uleb128 0xc
 1590 0092 15       		.uleb128 0x15
 1591 0093 01       		.byte	0x1
 1592 0094 27       		.uleb128 0x27
 1593 0095 19       		.uleb128 0x19
 1594 0096 01       		.uleb128 0x1
 1595 0097 13       		.uleb128 0x13
 1596 0098 00       		.byte	0
ARM GAS  C:\cygwin\tmp\ccSAN7jK.s 			page 29


 1597 0099 00       		.byte	0
 1598 009a 0D       		.uleb128 0xd
 1599 009b 05       		.uleb128 0x5
 1600 009c 00       		.byte	0
 1601 009d 49       		.uleb128 0x49
 1602 009e 13       		.uleb128 0x13
 1603 009f 00       		.byte	0
 1604 00a0 00       		.byte	0
 1605 00a1 0E       		.uleb128 0xe
 1606 00a2 0F       		.uleb128 0xf
 1607 00a3 00       		.byte	0
 1608 00a4 0B       		.uleb128 0xb
 1609 00a5 0B       		.uleb128 0xb
 1610 00a6 00       		.byte	0
 1611 00a7 00       		.byte	0
 1612 00a8 0F       		.uleb128 0xf
 1613 00a9 13       		.uleb128 0x13
 1614 00aa 01       		.byte	0x1
 1615 00ab 03       		.uleb128 0x3
 1616 00ac 0E       		.uleb128 0xe
 1617 00ad 0B       		.uleb128 0xb
 1618 00ae 05       		.uleb128 0x5
 1619 00af 3A       		.uleb128 0x3a
 1620 00b0 0B       		.uleb128 0xb
 1621 00b1 3B       		.uleb128 0x3b
 1622 00b2 05       		.uleb128 0x5
 1623 00b3 01       		.uleb128 0x1
 1624 00b4 13       		.uleb128 0x13
 1625 00b5 00       		.byte	0
 1626 00b6 00       		.byte	0
 1627 00b7 10       		.uleb128 0x10
 1628 00b8 01       		.uleb128 0x1
 1629 00b9 01       		.byte	0x1
 1630 00ba 49       		.uleb128 0x49
 1631 00bb 13       		.uleb128 0x13
 1632 00bc 01       		.uleb128 0x1
 1633 00bd 13       		.uleb128 0x13
 1634 00be 00       		.byte	0
 1635 00bf 00       		.byte	0
 1636 00c0 11       		.uleb128 0x11
 1637 00c1 21       		.uleb128 0x21
 1638 00c2 00       		.byte	0
 1639 00c3 49       		.uleb128 0x49
 1640 00c4 13       		.uleb128 0x13
 1641 00c5 2F       		.uleb128 0x2f
 1642 00c6 0B       		.uleb128 0xb
 1643 00c7 00       		.byte	0
 1644 00c8 00       		.byte	0
 1645 00c9 12       		.uleb128 0x12
 1646 00ca 13       		.uleb128 0x13
 1647 00cb 01       		.byte	0x1
 1648 00cc 0B       		.uleb128 0xb
 1649 00cd 0B       		.uleb128 0xb
 1650 00ce 3A       		.uleb128 0x3a
 1651 00cf 0B       		.uleb128 0xb
 1652 00d0 3B       		.uleb128 0x3b
 1653 00d1 05       		.uleb128 0x5
ARM GAS  C:\cygwin\tmp\ccSAN7jK.s 			page 30


 1654 00d2 01       		.uleb128 0x1
 1655 00d3 13       		.uleb128 0x13
 1656 00d4 00       		.byte	0
 1657 00d5 00       		.byte	0
 1658 00d6 13       		.uleb128 0x13
 1659 00d7 16       		.uleb128 0x16
 1660 00d8 00       		.byte	0
 1661 00d9 03       		.uleb128 0x3
 1662 00da 0E       		.uleb128 0xe
 1663 00db 3A       		.uleb128 0x3a
 1664 00dc 0B       		.uleb128 0xb
 1665 00dd 3B       		.uleb128 0x3b
 1666 00de 05       		.uleb128 0x5
 1667 00df 49       		.uleb128 0x49
 1668 00e0 13       		.uleb128 0x13
 1669 00e1 00       		.byte	0
 1670 00e2 00       		.byte	0
 1671 00e3 14       		.uleb128 0x14
 1672 00e4 0D       		.uleb128 0xd
 1673 00e5 00       		.byte	0
 1674 00e6 03       		.uleb128 0x3
 1675 00e7 08       		.uleb128 0x8
 1676 00e8 3A       		.uleb128 0x3a
 1677 00e9 0B       		.uleb128 0xb
 1678 00ea 3B       		.uleb128 0x3b
 1679 00eb 0B       		.uleb128 0xb
 1680 00ec 49       		.uleb128 0x49
 1681 00ed 13       		.uleb128 0x13
 1682 00ee 38       		.uleb128 0x38
 1683 00ef 0B       		.uleb128 0xb
 1684 00f0 00       		.byte	0
 1685 00f1 00       		.byte	0
 1686 00f2 15       		.uleb128 0x15
 1687 00f3 13       		.uleb128 0x13
 1688 00f4 01       		.byte	0x1
 1689 00f5 0B       		.uleb128 0xb
 1690 00f6 0B       		.uleb128 0xb
 1691 00f7 3A       		.uleb128 0x3a
 1692 00f8 0B       		.uleb128 0xb
 1693 00f9 3B       		.uleb128 0x3b
 1694 00fa 0B       		.uleb128 0xb
 1695 00fb 01       		.uleb128 0x1
 1696 00fc 13       		.uleb128 0x13
 1697 00fd 00       		.byte	0
 1698 00fe 00       		.byte	0
 1699 00ff 16       		.uleb128 0x16
 1700 0100 17       		.uleb128 0x17
 1701 0101 01       		.byte	0x1
 1702 0102 0B       		.uleb128 0xb
 1703 0103 0B       		.uleb128 0xb
 1704 0104 3A       		.uleb128 0x3a
 1705 0105 0B       		.uleb128 0xb
 1706 0106 3B       		.uleb128 0x3b
 1707 0107 0B       		.uleb128 0xb
 1708 0108 01       		.uleb128 0x1
 1709 0109 13       		.uleb128 0x13
 1710 010a 00       		.byte	0
ARM GAS  C:\cygwin\tmp\ccSAN7jK.s 			page 31


 1711 010b 00       		.byte	0
 1712 010c 17       		.uleb128 0x17
 1713 010d 0D       		.uleb128 0xd
 1714 010e 00       		.byte	0
 1715 010f 03       		.uleb128 0x3
 1716 0110 0E       		.uleb128 0xe
 1717 0111 3A       		.uleb128 0x3a
 1718 0112 0B       		.uleb128 0xb
 1719 0113 3B       		.uleb128 0x3b
 1720 0114 0B       		.uleb128 0xb
 1721 0115 49       		.uleb128 0x49
 1722 0116 13       		.uleb128 0x13
 1723 0117 00       		.byte	0
 1724 0118 00       		.byte	0
 1725 0119 18       		.uleb128 0x18
 1726 011a 0D       		.uleb128 0xd
 1727 011b 00       		.byte	0
 1728 011c 03       		.uleb128 0x3
 1729 011d 0E       		.uleb128 0xe
 1730 011e 3A       		.uleb128 0x3a
 1731 011f 0B       		.uleb128 0xb
 1732 0120 3B       		.uleb128 0x3b
 1733 0121 05       		.uleb128 0x5
 1734 0122 49       		.uleb128 0x49
 1735 0123 13       		.uleb128 0x13
 1736 0124 00       		.byte	0
 1737 0125 00       		.byte	0
 1738 0126 19       		.uleb128 0x19
 1739 0127 26       		.uleb128 0x26
 1740 0128 00       		.byte	0
 1741 0129 49       		.uleb128 0x49
 1742 012a 13       		.uleb128 0x13
 1743 012b 00       		.byte	0
 1744 012c 00       		.byte	0
 1745 012d 1A       		.uleb128 0x1a
 1746 012e 2E       		.uleb128 0x2e
 1747 012f 01       		.byte	0x1
 1748 0130 03       		.uleb128 0x3
 1749 0131 0E       		.uleb128 0xe
 1750 0132 3A       		.uleb128 0x3a
 1751 0133 0B       		.uleb128 0xb
 1752 0134 3B       		.uleb128 0x3b
 1753 0135 05       		.uleb128 0x5
 1754 0136 27       		.uleb128 0x27
 1755 0137 19       		.uleb128 0x19
 1756 0138 20       		.uleb128 0x20
 1757 0139 0B       		.uleb128 0xb
 1758 013a 01       		.uleb128 0x1
 1759 013b 13       		.uleb128 0x13
 1760 013c 00       		.byte	0
 1761 013d 00       		.byte	0
 1762 013e 1B       		.uleb128 0x1b
 1763 013f 05       		.uleb128 0x5
 1764 0140 00       		.byte	0
 1765 0141 03       		.uleb128 0x3
 1766 0142 0E       		.uleb128 0xe
 1767 0143 3A       		.uleb128 0x3a
ARM GAS  C:\cygwin\tmp\ccSAN7jK.s 			page 32


 1768 0144 0B       		.uleb128 0xb
 1769 0145 3B       		.uleb128 0x3b
 1770 0146 05       		.uleb128 0x5
 1771 0147 49       		.uleb128 0x49
 1772 0148 13       		.uleb128 0x13
 1773 0149 00       		.byte	0
 1774 014a 00       		.byte	0
 1775 014b 1C       		.uleb128 0x1c
 1776 014c 2E       		.uleb128 0x2e
 1777 014d 00       		.byte	0
 1778 014e 03       		.uleb128 0x3
 1779 014f 0E       		.uleb128 0xe
 1780 0150 3A       		.uleb128 0x3a
 1781 0151 0B       		.uleb128 0xb
 1782 0152 3B       		.uleb128 0x3b
 1783 0153 05       		.uleb128 0x5
 1784 0154 27       		.uleb128 0x27
 1785 0155 19       		.uleb128 0x19
 1786 0156 20       		.uleb128 0x20
 1787 0157 0B       		.uleb128 0xb
 1788 0158 00       		.byte	0
 1789 0159 00       		.byte	0
 1790 015a 1D       		.uleb128 0x1d
 1791 015b 2E       		.uleb128 0x2e
 1792 015c 01       		.byte	0x1
 1793 015d 3F       		.uleb128 0x3f
 1794 015e 19       		.uleb128 0x19
 1795 015f 03       		.uleb128 0x3
 1796 0160 0E       		.uleb128 0xe
 1797 0161 3A       		.uleb128 0x3a
 1798 0162 0B       		.uleb128 0xb
 1799 0163 3B       		.uleb128 0x3b
 1800 0164 0B       		.uleb128 0xb
 1801 0165 27       		.uleb128 0x27
 1802 0166 19       		.uleb128 0x19
 1803 0167 11       		.uleb128 0x11
 1804 0168 01       		.uleb128 0x1
 1805 0169 12       		.uleb128 0x12
 1806 016a 06       		.uleb128 0x6
 1807 016b 40       		.uleb128 0x40
 1808 016c 18       		.uleb128 0x18
 1809 016d 9742     		.uleb128 0x2117
 1810 016f 19       		.uleb128 0x19
 1811 0170 01       		.uleb128 0x1
 1812 0171 13       		.uleb128 0x13
 1813 0172 00       		.byte	0
 1814 0173 00       		.byte	0
 1815 0174 1E       		.uleb128 0x1e
 1816 0175 1D       		.uleb128 0x1d
 1817 0176 01       		.byte	0x1
 1818 0177 31       		.uleb128 0x31
 1819 0178 13       		.uleb128 0x13
 1820 0179 11       		.uleb128 0x11
 1821 017a 01       		.uleb128 0x1
 1822 017b 12       		.uleb128 0x12
 1823 017c 06       		.uleb128 0x6
 1824 017d 58       		.uleb128 0x58
ARM GAS  C:\cygwin\tmp\ccSAN7jK.s 			page 33


 1825 017e 0B       		.uleb128 0xb
 1826 017f 59       		.uleb128 0x59
 1827 0180 0B       		.uleb128 0xb
 1828 0181 01       		.uleb128 0x1
 1829 0182 13       		.uleb128 0x13
 1830 0183 00       		.byte	0
 1831 0184 00       		.byte	0
 1832 0185 1F       		.uleb128 0x1f
 1833 0186 1D       		.uleb128 0x1d
 1834 0187 01       		.byte	0x1
 1835 0188 31       		.uleb128 0x31
 1836 0189 13       		.uleb128 0x13
 1837 018a 11       		.uleb128 0x11
 1838 018b 01       		.uleb128 0x1
 1839 018c 12       		.uleb128 0x12
 1840 018d 06       		.uleb128 0x6
 1841 018e 58       		.uleb128 0x58
 1842 018f 0B       		.uleb128 0xb
 1843 0190 59       		.uleb128 0x59
 1844 0191 05       		.uleb128 0x5
 1845 0192 00       		.byte	0
 1846 0193 00       		.byte	0
 1847 0194 20       		.uleb128 0x20
 1848 0195 05       		.uleb128 0x5
 1849 0196 00       		.byte	0
 1850 0197 31       		.uleb128 0x31
 1851 0198 13       		.uleb128 0x13
 1852 0199 1C       		.uleb128 0x1c
 1853 019a 0B       		.uleb128 0xb
 1854 019b 00       		.byte	0
 1855 019c 00       		.byte	0
 1856 019d 21       		.uleb128 0x21
 1857 019e 898201   		.uleb128 0x4109
 1858 01a1 00       		.byte	0
 1859 01a2 11       		.uleb128 0x11
 1860 01a3 01       		.uleb128 0x1
 1861 01a4 31       		.uleb128 0x31
 1862 01a5 13       		.uleb128 0x13
 1863 01a6 00       		.byte	0
 1864 01a7 00       		.byte	0
 1865 01a8 22       		.uleb128 0x22
 1866 01a9 898201   		.uleb128 0x4109
 1867 01ac 00       		.byte	0
 1868 01ad 11       		.uleb128 0x11
 1869 01ae 01       		.uleb128 0x1
 1870 01af 9542     		.uleb128 0x2115
 1871 01b1 19       		.uleb128 0x19
 1872 01b2 31       		.uleb128 0x31
 1873 01b3 13       		.uleb128 0x13
 1874 01b4 00       		.byte	0
 1875 01b5 00       		.byte	0
 1876 01b6 23       		.uleb128 0x23
 1877 01b7 898201   		.uleb128 0x4109
 1878 01ba 01       		.byte	0x1
 1879 01bb 11       		.uleb128 0x11
 1880 01bc 01       		.uleb128 0x1
 1881 01bd 9542     		.uleb128 0x2115
ARM GAS  C:\cygwin\tmp\ccSAN7jK.s 			page 34


 1882 01bf 19       		.uleb128 0x19
 1883 01c0 31       		.uleb128 0x31
 1884 01c1 13       		.uleb128 0x13
 1885 01c2 00       		.byte	0
 1886 01c3 00       		.byte	0
 1887 01c4 24       		.uleb128 0x24
 1888 01c5 8A8201   		.uleb128 0x410a
 1889 01c8 00       		.byte	0
 1890 01c9 02       		.uleb128 0x2
 1891 01ca 18       		.uleb128 0x18
 1892 01cb 9142     		.uleb128 0x2111
 1893 01cd 18       		.uleb128 0x18
 1894 01ce 00       		.byte	0
 1895 01cf 00       		.byte	0
 1896 01d0 25       		.uleb128 0x25
 1897 01d1 34       		.uleb128 0x34
 1898 01d2 00       		.byte	0
 1899 01d3 03       		.uleb128 0x3
 1900 01d4 0E       		.uleb128 0xe
 1901 01d5 3A       		.uleb128 0x3a
 1902 01d6 0B       		.uleb128 0xb
 1903 01d7 3B       		.uleb128 0x3b
 1904 01d8 05       		.uleb128 0x5
 1905 01d9 49       		.uleb128 0x49
 1906 01da 13       		.uleb128 0x13
 1907 01db 3F       		.uleb128 0x3f
 1908 01dc 19       		.uleb128 0x19
 1909 01dd 3C       		.uleb128 0x3c
 1910 01de 19       		.uleb128 0x19
 1911 01df 00       		.byte	0
 1912 01e0 00       		.byte	0
 1913 01e1 26       		.uleb128 0x26
 1914 01e2 34       		.uleb128 0x34
 1915 01e3 00       		.byte	0
 1916 01e4 03       		.uleb128 0x3
 1917 01e5 08       		.uleb128 0x8
 1918 01e6 3A       		.uleb128 0x3a
 1919 01e7 0B       		.uleb128 0xb
 1920 01e8 3B       		.uleb128 0x3b
 1921 01e9 05       		.uleb128 0x5
 1922 01ea 49       		.uleb128 0x49
 1923 01eb 13       		.uleb128 0x13
 1924 01ec 3F       		.uleb128 0x3f
 1925 01ed 19       		.uleb128 0x19
 1926 01ee 3C       		.uleb128 0x3c
 1927 01ef 19       		.uleb128 0x19
 1928 01f0 00       		.byte	0
 1929 01f1 00       		.byte	0
 1930 01f2 27       		.uleb128 0x27
 1931 01f3 2E       		.uleb128 0x2e
 1932 01f4 00       		.byte	0
 1933 01f5 3F       		.uleb128 0x3f
 1934 01f6 19       		.uleb128 0x19
 1935 01f7 03       		.uleb128 0x3
 1936 01f8 0E       		.uleb128 0xe
 1937 01f9 3A       		.uleb128 0x3a
 1938 01fa 0B       		.uleb128 0xb
ARM GAS  C:\cygwin\tmp\ccSAN7jK.s 			page 35


 1939 01fb 3B       		.uleb128 0x3b
 1940 01fc 0B       		.uleb128 0xb
 1941 01fd 27       		.uleb128 0x27
 1942 01fe 19       		.uleb128 0x19
 1943 01ff 3C       		.uleb128 0x3c
 1944 0200 19       		.uleb128 0x19
 1945 0201 00       		.byte	0
 1946 0202 00       		.byte	0
 1947 0203 28       		.uleb128 0x28
 1948 0204 2E       		.uleb128 0x2e
 1949 0205 00       		.byte	0
 1950 0206 3F       		.uleb128 0x3f
 1951 0207 19       		.uleb128 0x19
 1952 0208 03       		.uleb128 0x3
 1953 0209 0E       		.uleb128 0xe
 1954 020a 3A       		.uleb128 0x3a
 1955 020b 0B       		.uleb128 0xb
 1956 020c 3B       		.uleb128 0x3b
 1957 020d 05       		.uleb128 0x5
 1958 020e 27       		.uleb128 0x27
 1959 020f 19       		.uleb128 0x19
 1960 0210 3C       		.uleb128 0x3c
 1961 0211 19       		.uleb128 0x19
 1962 0212 00       		.byte	0
 1963 0213 00       		.byte	0
 1964 0214 29       		.uleb128 0x29
 1965 0215 2E       		.uleb128 0x2e
 1966 0216 01       		.byte	0x1
 1967 0217 3F       		.uleb128 0x3f
 1968 0218 19       		.uleb128 0x19
 1969 0219 03       		.uleb128 0x3
 1970 021a 0E       		.uleb128 0xe
 1971 021b 3A       		.uleb128 0x3a
 1972 021c 0B       		.uleb128 0xb
 1973 021d 3B       		.uleb128 0x3b
 1974 021e 0B       		.uleb128 0xb
 1975 021f 27       		.uleb128 0x27
 1976 0220 19       		.uleb128 0x19
 1977 0221 3C       		.uleb128 0x3c
 1978 0222 19       		.uleb128 0x19
 1979 0223 00       		.byte	0
 1980 0224 00       		.byte	0
 1981 0225 00       		.byte	0
 1982              		.section	.debug_aranges,"",%progbits
 1983 0000 24000000 		.4byte	0x24
 1984 0004 0200     		.2byte	0x2
 1985 0006 00000000 		.4byte	.Ldebug_info0
 1986 000a 04       		.byte	0x4
 1987 000b 00       		.byte	0
 1988 000c 0000     		.2byte	0
 1989 000e 0000     		.2byte	0
 1990 0010 00000000 		.4byte	.LFB255
 1991 0014 20000000 		.4byte	.LFE255-.LFB255
 1992 0018 00000000 		.4byte	.LFB256
 1993 001c 3C000000 		.4byte	.LFE256-.LFB256
 1994 0020 00000000 		.4byte	0
 1995 0024 00000000 		.4byte	0
ARM GAS  C:\cygwin\tmp\ccSAN7jK.s 			page 36


 1996              		.section	.debug_ranges,"",%progbits
 1997              	.Ldebug_ranges0:
 1998 0000 00000000 		.4byte	.LFB255
 1999 0004 20000000 		.4byte	.LFE255
 2000 0008 00000000 		.4byte	.LFB256
 2001 000c 3C000000 		.4byte	.LFE256
 2002 0010 00000000 		.4byte	0
 2003 0014 00000000 		.4byte	0
 2004              		.section	.debug_line,"",%progbits
 2005              	.Ldebug_line0:
 2006 0000 E9020000 		.section	.debug_str,"MS",%progbits,1
 2006      02008702 
 2006      00000201 
 2006      FB0E0D00 
 2006      01010101 
 2007              	.LASF48:
 2008 0000 72656164 		.ascii	"ready_list_t\000"
 2008      795F6C69 
 2008      73745F74 
 2008      00
 2009              	.LASF110:
 2010 000d 44494552 		.ascii	"DIER\000"
 2010      00
 2011              	.LASF121:
 2012 0012 7264796D 		.ascii	"rdymsg\000"
 2012      736700
 2013              	.LASF16:
 2014 0019 75696E74 		.ascii	"uint64_t\000"
 2014      36345F74 
 2014      00
 2015              	.LASF5:
 2016 0022 5F5F7569 		.ascii	"__uint8_t\000"
 2016      6E74385F 
 2016      7400
 2017              	.LASF108:
 2018 002c 706F7274 		.ascii	"port_intctx\000"
 2018      5F696E74 
 2018      63747800 
 2019              	.LASF67:
 2020 0038 73797374 		.ascii	"system_debug_t\000"
 2020      656D5F64 
 2020      65627567 
 2020      5F7400
 2021              	.LASF132:
 2022 0047 706F7274 		.ascii	"port_lock\000"
 2022      5F6C6F63 
 2022      6B00
 2023              	.LASF12:
 2024 0051 6C6F6E67 		.ascii	"long long unsigned int\000"
 2024      206C6F6E 
 2024      6720756E 
 2024      7369676E 
 2024      65642069 
 2025              	.LASF122:
 2026 0068 65786974 		.ascii	"exitcode\000"
 2026      636F6465 
 2026      00
ARM GAS  C:\cygwin\tmp\ccSAN7jK.s 			page 37


 2027              	.LASF74:
 2028 0071 6D61696E 		.ascii	"mainthread\000"
 2028      74687265 
 2028      616400
 2029              	.LASF64:
 2030 007c 76697274 		.ascii	"virtual_timers_list_t\000"
 2030      75616C5F 
 2030      74696D65 
 2030      72735F6C 
 2030      6973745F 
 2031              	.LASF140:
 2032 0092 6F73616C 		.ascii	"osalSysUnlockFromISR\000"
 2032      53797355 
 2032      6E6C6F63 
 2032      6B46726F 
 2032      6D495352 
 2033              	.LASF142:
 2034 00a7 73745F6C 		.ascii	"st_lld_init\000"
 2034      6C645F69 
 2034      6E697400 
 2035              	.LASF114:
 2036 00b3 42445452 		.ascii	"BDTR\000"
 2036      00
 2037              	.LASF47:
 2038 00b8 63685F74 		.ascii	"ch_threads_queue\000"
 2038      68726561 
 2038      64735F71 
 2038      75657565 
 2038      00
 2039              	.LASF93:
 2040 00c9 41484231 		.ascii	"AHB1LPENR\000"
 2040      4C50454E 
 2040      5200
 2041              	.LASF28:
 2042 00d3 705F7072 		.ascii	"p_prio\000"
 2042      696F00
 2043              	.LASF151:
 2044 00da 6E766963 		.ascii	"nvicEnableVector\000"
 2044      456E6162 
 2044      6C655665 
 2044      63746F72 
 2044      00
 2045              	.LASF111:
 2046 00eb 43434D52 		.ascii	"CCMR1\000"
 2046      3100
 2047              	.LASF112:
 2048 00f1 43434D52 		.ascii	"CCMR2\000"
 2048      3200
 2049              	.LASF116:
 2050 00f7 43434D52 		.ascii	"CCMR3\000"
 2050      3300
 2051              	.LASF1:
 2052 00fd 7369676E 		.ascii	"signed char\000"
 2052      65642063 
 2052      68617200 
 2053              	.LASF79:
 2054 0109 41484231 		.ascii	"AHB1RSTR\000"
ARM GAS  C:\cygwin\tmp\ccSAN7jK.s 			page 38


 2054      52535452 
 2054      00
 2055              	.LASF127:
 2056 0112 6D5F7175 		.ascii	"m_queue\000"
 2056      65756500 
 2057              	.LASF141:
 2058 011a 56656374 		.ascii	"VectorB0\000"
 2058      6F724230 
 2058      00
 2059              	.LASF133:
 2060 0123 706F7274 		.ascii	"port_unlock\000"
 2060      5F756E6C 
 2060      6F636B00 
 2061              	.LASF71:
 2062 012f 63685F73 		.ascii	"ch_system\000"
 2062      79737465 
 2062      6D00
 2063              	.LASF7:
 2064 0139 6C6F6E67 		.ascii	"long int\000"
 2064      20696E74 
 2064      00
 2065              	.LASF84:
 2066 0142 41504232 		.ascii	"APB2RSTR\000"
 2066      52535452 
 2066      00
 2067              	.LASF97:
 2068 014b 41504231 		.ascii	"APB1LPENR\000"
 2068      4C50454E 
 2068      5200
 2069              	.LASF19:
 2070 0155 74737461 		.ascii	"tstate_t\000"
 2070      74655F74 
 2070      00
 2071              	.LASF113:
 2072 015e 43434552 		.ascii	"CCER\000"
 2072      00
 2073              	.LASF10:
 2074 0163 6C6F6E67 		.ascii	"long long int\000"
 2074      206C6F6E 
 2074      6720696E 
 2074      7400
 2075              	.LASF30:
 2076 0171 705F6E65 		.ascii	"p_newer\000"
 2076      77657200 
 2077              	.LASF77:
 2078 0179 504C4C43 		.ascii	"PLLCFGR\000"
 2078      46475200 
 2079              	.LASF4:
 2080 0181 73686F72 		.ascii	"short unsigned int\000"
 2080      7420756E 
 2080      7369676E 
 2080      65642069 
 2080      6E7400
 2081              	.LASF53:
 2082 0194 725F6E65 		.ascii	"r_newer\000"
 2082      77657200 
 2083              	.LASF42:
ARM GAS  C:\cygwin\tmp\ccSAN7jK.s 			page 39


 2084 019c 705F6D70 		.ascii	"p_mpool\000"
 2084      6F6F6C00 
 2085              	.LASF105:
 2086 01a4 72656761 		.ascii	"regarm_t\000"
 2086      726D5F74 
 2086      00
 2087              	.LASF60:
 2088 01ad 76745F70 		.ascii	"vt_prev\000"
 2088      72657600 
 2089              	.LASF73:
 2090 01b5 76746C69 		.ascii	"vtlist\000"
 2090      737400
 2091              	.LASF138:
 2092 01bc 6F73616C 		.ascii	"osalSysLockFromISR\000"
 2092      5379734C 
 2092      6F636B46 
 2092      726F6D49 
 2092      535200
 2093              	.LASF130:
 2094 01cf 6D757465 		.ascii	"mutex_t\000"
 2094      785F7400 
 2095              	.LASF150:
 2096 01d7 76616C75 		.ascii	"value\000"
 2096      6500
 2097              	.LASF75:
 2098 01dd 69646C65 		.ascii	"idle_thread_wa\000"
 2098      5F746872 
 2098      6561645F 
 2098      776100
 2099              	.LASF0:
 2100 01ec 756E7369 		.ascii	"unsigned int\000"
 2100      676E6564 
 2100      20696E74 
 2100      00
 2101              	.LASF59:
 2102 01f9 76745F6E 		.ascii	"vt_next\000"
 2102      65787400 
 2103              	.LASF37:
 2104 0201 705F6D73 		.ascii	"p_msgqueue\000"
 2104      67717565 
 2104      756500
 2105              	.LASF104:
 2106 020c 5243435F 		.ascii	"RCC_TypeDef\000"
 2106      54797065 
 2106      44656600 
 2107              	.LASF109:
 2108 0218 534D4352 		.ascii	"SMCR\000"
 2108      00
 2109              	.LASF44:
 2110 021d 63685F74 		.ascii	"ch_thread\000"
 2110      68726561 
 2110      6400
 2111              	.LASF103:
 2112 0227 504C4C49 		.ascii	"PLLI2SCFGR\000"
 2112      32534346 
 2112      475200
 2113              	.LASF22:
ARM GAS  C:\cygwin\tmp\ccSAN7jK.s 			page 40


 2114 0232 6D73675F 		.ascii	"msg_t\000"
 2114      7400
 2115              	.LASF81:
 2116 0238 41484233 		.ascii	"AHB3RSTR\000"
 2116      52535452 
 2116      00
 2117              	.LASF41:
 2118 0241 705F7265 		.ascii	"p_realprio\000"
 2118      616C7072 
 2118      696F00
 2119              	.LASF147:
 2120 024c 2E2E2F2E 		.ascii	"../../../os/hal/ports/STM32/LLD/TIMv1/st_lld.c\000"
 2120      2E2F2E2E 
 2120      2F6F732F 
 2120      68616C2F 
 2120      706F7274 
 2121              	.LASF145:
 2122 027b 5F706F72 		.ascii	"_port_irq_epilogue\000"
 2122      745F6972 
 2122      715F6570 
 2122      696C6F67 
 2122      756500
 2123              	.LASF123:
 2124 028e 77746F62 		.ascii	"wtobjp\000"
 2124      6A7000
 2125              	.LASF98:
 2126 0295 41504232 		.ascii	"APB2LPENR\000"
 2126      4C50454E 
 2126      5200
 2127              	.LASF49:
 2128 029f 63685F72 		.ascii	"ch_ready_list\000"
 2128      65616479 
 2128      5F6C6973 
 2128      7400
 2129              	.LASF23:
 2130 02ad 6576656E 		.ascii	"eventmask_t\000"
 2130      746D6173 
 2130      6B5F7400 
 2131              	.LASF6:
 2132 02b9 5F5F696E 		.ascii	"__int32_t\000"
 2132      7433325F 
 2132      7400
 2133              	.LASF146:
 2134 02c3 474E5520 		.ascii	"GNU C 4.9.3 20141119 (release) [ARM/embedded-4_9-br"
 2134      4320342E 
 2134      392E3320 
 2134      32303134 
 2134      31313139 
 2135 02f6 616E6368 		.ascii	"anch revision 218278] -mcpu=cortex-m4 -mno-thumb-in"
 2135      20726576 
 2135      6973696F 
 2135      6E203231 
 2135      38323738 
 2136 0329 74657277 		.ascii	"terwork -mthumb -ggdb -O2 -fomit-frame-pointer -fal"
 2136      6F726B20 
 2136      2D6D7468 
 2136      756D6220 
ARM GAS  C:\cygwin\tmp\ccSAN7jK.s 			page 41


 2136      2D676764 
 2137 035c 69676E2D 		.ascii	"ign-functions=16 -ffunction-sections -fdata-section"
 2137      66756E63 
 2137      74696F6E 
 2137      733D3136 
 2137      202D6666 
 2138 038f 73202D66 		.ascii	"s -fno-common\000"
 2138      6E6F2D63 
 2138      6F6D6D6F 
 2138      6E00
 2139              	.LASF106:
 2140 039d 73746B61 		.ascii	"stkalign_t\000"
 2140      6C69676E 
 2140      5F7400
 2141              	.LASF139:
 2142 03a8 6F73616C 		.ascii	"osalOsTimerHandlerI\000"
 2142      4F735469 
 2142      6D657248 
 2142      616E646C 
 2142      65724900 
 2143              	.LASF43:
 2144 03bc 74687265 		.ascii	"threads_list_t\000"
 2144      6164735F 
 2144      6C697374 
 2144      5F7400
 2145              	.LASF57:
 2146 03cb 76697274 		.ascii	"virtual_timer_t\000"
 2146      75616C5F 
 2146      74696D65 
 2146      725F7400 
 2147              	.LASF36:
 2148 03db 705F7761 		.ascii	"p_waiting\000"
 2148      6974696E 
 2148      6700
 2149              	.LASF76:
 2150 03e5 73697A65 		.ascii	"sizetype\000"
 2150      74797065 
 2150      00
 2151              	.LASF65:
 2152 03ee 63685F76 		.ascii	"ch_virtual_timers_list\000"
 2152      69727475 
 2152      616C5F74 
 2152      696D6572 
 2152      735F6C69 
 2153              	.LASF26:
 2154 0405 705F6E65 		.ascii	"p_next\000"
 2154      787400
 2155              	.LASF88:
 2156 040c 41484233 		.ascii	"AHB3ENR\000"
 2156      454E5200 
 2157              	.LASF66:
 2158 0414 76745F6C 		.ascii	"vt_lasttime\000"
 2158      61737474 
 2158      696D6500 
 2159              	.LASF31:
 2160 0420 705F6F6C 		.ascii	"p_older\000"
 2160      64657200 
ARM GAS  C:\cygwin\tmp\ccSAN7jK.s 			page 42


 2161              	.LASF52:
 2162 0428 725F6374 		.ascii	"r_ctx\000"
 2162      7800
 2163              	.LASF94:
 2164 042e 41484232 		.ascii	"AHB2LPENR\000"
 2164      4C50454E 
 2164      5200
 2165              	.LASF120:
 2166 0438 746D5F63 		.ascii	"tm_calibration_t\000"
 2166      616C6962 
 2166      72617469 
 2166      6F6E5F74 
 2166      00
 2167              	.LASF55:
 2168 0449 725F6375 		.ascii	"r_current\000"
 2168      7272656E 
 2168      7400
 2169              	.LASF83:
 2170 0453 41504231 		.ascii	"APB1RSTR\000"
 2170      52535452 
 2170      00
 2171              	.LASF11:
 2172 045c 5F5F7569 		.ascii	"__uint64_t\000"
 2172      6E743634 
 2172      5F7400
 2173              	.LASF148:
 2174 0467 433A5C55 		.ascii	"C:\\Users\\Jo\\Documents\\GitHub\\ChibiOS\\demos\\S"
 2174      73657273 
 2174      5C4A6F5C 
 2174      446F6375 
 2174      6D656E74 
 2175 0493 544D3332 		.ascii	"TM32\\RT-STM32F401RE-NUCLEO\000"
 2175      5C52542D 
 2175      53544D33 
 2175      32463430 
 2175      3152452D 
 2176              	.LASF20:
 2177 04ae 74726566 		.ascii	"trefs_t\000"
 2177      735F7400 
 2178              	.LASF82:
 2179 04b6 52455345 		.ascii	"RESERVED0\000"
 2179      52564544 
 2179      3000
 2180              	.LASF85:
 2181 04c0 52455345 		.ascii	"RESERVED1\000"
 2181      52564544 
 2181      3100
 2182              	.LASF89:
 2183 04ca 52455345 		.ascii	"RESERVED2\000"
 2183      52564544 
 2183      3200
 2184              	.LASF92:
 2185 04d4 52455345 		.ascii	"RESERVED3\000"
 2185      52564544 
 2185      3300
 2186              	.LASF96:
 2187 04de 52455345 		.ascii	"RESERVED4\000"
ARM GAS  C:\cygwin\tmp\ccSAN7jK.s 			page 43


 2187      52564544 
 2187      3400
 2188              	.LASF27:
 2189 04e8 705F7072 		.ascii	"p_prev\000"
 2189      657600
 2190              	.LASF101:
 2191 04ef 52455345 		.ascii	"RESERVED6\000"
 2191      52564544 
 2191      3600
 2192              	.LASF21:
 2193 04f9 74707269 		.ascii	"tprio_t\000"
 2193      6F5F7400 
 2194              	.LASF137:
 2195 0501 63685379 		.ascii	"chSysUnlockFromISR\000"
 2195      73556E6C 
 2195      6F636B46 
 2195      726F6D49 
 2195      535200
 2196              	.LASF126:
 2197 0514 6D757465 		.ascii	"mutex\000"
 2197      7800
 2198              	.LASF68:
 2199 051a 63685F73 		.ascii	"ch_system_debug\000"
 2199      79737465 
 2199      6D5F6465 
 2199      62756700 
 2200              	.LASF131:
 2201 052a 5F426F6F 		.ascii	"_Bool\000"
 2201      6C00
 2202              	.LASF14:
 2203 0530 696E7433 		.ascii	"int32_t\000"
 2203      325F7400 
 2204              	.LASF2:
 2205 0538 756E7369 		.ascii	"unsigned char\000"
 2205      676E6564 
 2205      20636861 
 2205      7200
 2206              	.LASF143:
 2207 0546 49544D5F 		.ascii	"ITM_RxBuffer\000"
 2207      52784275 
 2207      66666572 
 2207      00
 2208              	.LASF40:
 2209 0553 705F6D74 		.ascii	"p_mtxlist\000"
 2209      786C6973 
 2209      7400
 2210              	.LASF3:
 2211 055d 73686F72 		.ascii	"short int\000"
 2211      7420696E 
 2211      7400
 2212              	.LASF33:
 2213 0567 705F7374 		.ascii	"p_state\000"
 2213      61746500 
 2214              	.LASF95:
 2215 056f 41484233 		.ascii	"AHB3LPENR\000"
 2215      4C50454E 
 2215      5200
ARM GAS  C:\cygwin\tmp\ccSAN7jK.s 			page 44


 2216              	.LASF51:
 2217 0579 725F7072 		.ascii	"r_prio\000"
 2217      696F00
 2218              	.LASF124:
 2219 0580 65776D61 		.ascii	"ewmask\000"
 2219      736B00
 2220              	.LASF34:
 2221 0587 705F666C 		.ascii	"p_flags\000"
 2221      61677300 
 2222              	.LASF91:
 2223 058f 41504232 		.ascii	"APB2ENR\000"
 2223      454E5200 
 2224              	.LASF58:
 2225 0597 63685F76 		.ascii	"ch_virtual_timer\000"
 2225      69727475 
 2225      616C5F74 
 2225      696D6572 
 2225      00
 2226              	.LASF117:
 2227 05a8 43435852 		.ascii	"CCXR\000"
 2227      00
 2228              	.LASF39:
 2229 05ad 705F6570 		.ascii	"p_epending\000"
 2229      656E6469 
 2229      6E6700
 2230              	.LASF99:
 2231 05b8 52455345 		.ascii	"RESERVED5\000"
 2231      52564544 
 2231      3500
 2232              	.LASF15:
 2233 05c2 75696E74 		.ascii	"uint32_t\000"
 2233      33325F74 
 2233      00
 2234              	.LASF50:
 2235 05cb 725F7175 		.ascii	"r_queue\000"
 2235      65756500 
 2236              	.LASF61:
 2237 05d3 76745F64 		.ascii	"vt_delta\000"
 2237      656C7461 
 2237      00
 2238              	.LASF45:
 2239 05dc 63685F74 		.ascii	"ch_threads_list\000"
 2239      68726561 
 2239      64735F6C 
 2239      69737400 
 2240              	.LASF9:
 2241 05ec 6C6F6E67 		.ascii	"long unsigned int\000"
 2241      20756E73 
 2241      69676E65 
 2241      6420696E 
 2241      7400
 2242              	.LASF125:
 2243 05fe 63686172 		.ascii	"char\000"
 2243      00
 2244              	.LASF115:
 2245 0603 444D4152 		.ascii	"DMAR\000"
 2245      00
ARM GAS  C:\cygwin\tmp\ccSAN7jK.s 			page 45


 2246              	.LASF80:
 2247 0608 41484232 		.ascii	"AHB2RSTR\000"
 2247      52535452 
 2247      00
 2248              	.LASF135:
 2249 0611 706F7274 		.ascii	"port_unlock_from_isr\000"
 2249      5F756E6C 
 2249      6F636B5F 
 2249      66726F6D 
 2249      5F697372 
 2250              	.LASF25:
 2251 0626 74687265 		.ascii	"thread_t\000"
 2251      61645F74 
 2251      00
 2252              	.LASF129:
 2253 062f 6D5F6E65 		.ascii	"m_next\000"
 2253      787400
 2254              	.LASF24:
 2255 0636 73797374 		.ascii	"systime_t\000"
 2255      696D655F 
 2255      7400
 2256              	.LASF144:
 2257 0640 63685379 		.ascii	"chSysTimerHandlerI\000"
 2257      7354696D 
 2257      65724861 
 2257      6E646C65 
 2257      724900
 2258              	.LASF56:
 2259 0653 76746675 		.ascii	"vtfunc_t\000"
 2259      6E635F74 
 2259      00
 2260              	.LASF8:
 2261 065c 5F5F7569 		.ascii	"__uint32_t\000"
 2261      6E743332 
 2261      5F7400
 2262              	.LASF149:
 2263 0667 5F5F7365 		.ascii	"__set_BASEPRI\000"
 2263      745F4241 
 2263      53455052 
 2263      4900
 2264              	.LASF69:
 2265 0675 70616E69 		.ascii	"panic_msg\000"
 2265      635F6D73 
 2265      6700
 2266              	.LASF119:
 2267 067f 6F666673 		.ascii	"offset\000"
 2267      657400
 2268              	.LASF90:
 2269 0686 41504231 		.ascii	"APB1ENR\000"
 2269      454E5200 
 2270              	.LASF87:
 2271 068e 41484232 		.ascii	"AHB2ENR\000"
 2271      454E5200 
 2272              	.LASF107:
 2273 0696 636F6E74 		.ascii	"context\000"
 2273      65787400 
 2274              	.LASF54:
ARM GAS  C:\cygwin\tmp\ccSAN7jK.s 			page 46


 2275 069e 725F6F6C 		.ascii	"r_older\000"
 2275      64657200 
 2276              	.LASF70:
 2277 06a6 63685F73 		.ascii	"ch_system_t\000"
 2277      79737465 
 2277      6D5F7400 
 2278              	.LASF17:
 2279 06b2 7274636E 		.ascii	"rtcnt_t\000"
 2279      745F7400 
 2280              	.LASF134:
 2281 06ba 706F7274 		.ascii	"port_lock_from_isr\000"
 2281      5F6C6F63 
 2281      6B5F6672 
 2281      6F6D5F69 
 2281      737200
 2282              	.LASF63:
 2283 06cd 76745F70 		.ascii	"vt_par\000"
 2283      617200
 2284              	.LASF102:
 2285 06d4 53534347 		.ascii	"SSCGR\000"
 2285      5200
 2286              	.LASF46:
 2287 06da 74687265 		.ascii	"threads_queue_t\000"
 2287      6164735F 
 2287      71756575 
 2287      655F7400 
 2288              	.LASF118:
 2289 06ea 73746D33 		.ascii	"stm32_tim_t\000"
 2289      325F7469 
 2289      6D5F7400 
 2290              	.LASF35:
 2291 06f6 705F7265 		.ascii	"p_refs\000"
 2291      667300
 2292              	.LASF100:
 2293 06fd 42444352 		.ascii	"BDCR\000"
 2293      00
 2294              	.LASF72:
 2295 0702 726C6973 		.ascii	"rlist\000"
 2295      7400
 2296              	.LASF13:
 2297 0708 75696E74 		.ascii	"uint8_t\000"
 2297      385F7400 
 2298              	.LASF136:
 2299 0710 63685379 		.ascii	"chSysLockFromISR\000"
 2299      734C6F63 
 2299      6B46726F 
 2299      6D495352 
 2299      00
 2300              	.LASF32:
 2301 0721 705F6E61 		.ascii	"p_name\000"
 2301      6D6500
 2302              	.LASF86:
 2303 0728 41484231 		.ascii	"AHB1ENR\000"
 2303      454E5200 
 2304              	.LASF78:
 2305 0730 43464752 		.ascii	"CFGR\000"
 2305      00
ARM GAS  C:\cygwin\tmp\ccSAN7jK.s 			page 47


 2306              	.LASF18:
 2307 0735 746D6F64 		.ascii	"tmode_t\000"
 2307      655F7400 
 2308              	.LASF38:
 2309 073d 705F6D73 		.ascii	"p_msg\000"
 2309      6700
 2310              	.LASF128:
 2311 0743 6D5F6F77 		.ascii	"m_owner\000"
 2311      6E657200 
 2312              	.LASF29:
 2313 074b 705F6374 		.ascii	"p_ctx\000"
 2313      7800
 2314              	.LASF62:
 2315 0751 76745F66 		.ascii	"vt_func\000"
 2315      756E6300 
 2316              		.ident	"GCC: (GNU Tools for ARM Embedded Processors) 4.9.3 20141119 (release) [ARM/embedded-4_9-br
ARM GAS  C:\cygwin\tmp\ccSAN7jK.s 			page 48


DEFINED SYMBOLS
                            *ABS*:00000000 st_lld.c
C:\cygwin\tmp\ccSAN7jK.s:19     .text.VectorB0:00000000 $t
C:\cygwin\tmp\ccSAN7jK.s:25     .text.VectorB0:00000000 VectorB0
C:\cygwin\tmp\ccSAN7jK.s:99     .text.st_lld_init:00000000 $t
C:\cygwin\tmp\ccSAN7jK.s:105    .text.st_lld_init:00000000 st_lld_init
C:\cygwin\tmp\ccSAN7jK.s:166    .text.st_lld_init:00000038 $d
                     .debug_frame:00000010 $d
C:\cygwin\tmp\ccSAN7jK.s:170    .text.st_lld_init:0000003c $t

UNDEFINED SYMBOLS
chSysTimerHandlerI
_port_irq_epilogue
nvicEnableVector
