ARM GAS  C:\Users\jo\AppData\Local\Temp\cceyydH8.s 			page 1


   1              		.syntax unified
   2              		.cpu cortex-m4
   3              		.fpu softvfp
   4              		.eabi_attribute 20, 1
   5              		.eabi_attribute 21, 1
   6              		.eabi_attribute 23, 3
   7              		.eabi_attribute 24, 1
   8              		.eabi_attribute 25, 1
   9              		.eabi_attribute 26, 1
  10              		.eabi_attribute 30, 2
  11              		.eabi_attribute 34, 1
  12              		.eabi_attribute 18, 4
  13              		.thumb
  14              		.file	"hal_lld.c"
  15              		.text
  16              	.Ltext0:
  17              		.cfi_sections	.debug_frame
  18              		.section	.text.hal_lld_init,"ax",%progbits
  19              		.align	2
  20              		.p2align 4,,15
  21              		.global	hal_lld_init
  22              		.thumb
  23              		.thumb_func
  24              		.type	hal_lld_init, %function
  25              	hal_lld_init:
  26              	.LFB256:
  27              		.file 1 "../../../os/hal/ports/STM32/STM32F4xx/hal_lld.c"
  28              		.loc 1 108 0
  29              		.cfi_startproc
  30              		@ args = 0, pretend = 0, frame = 0
  31              		@ frame_needed = 0, uses_anonymous_args = 0
  32              		@ link register save eliminated.
  33              		.loc 1 112 0
  34 0000 174B     		ldr	r3, .L8
  35 0002 4FF0FF31 		mov	r1, #-1
  36 0006 1A69     		ldr	r2, [r3, #16]
  37 0008 0022     		movs	r2, #0
  38              		.loc 1 108 0
  39 000a 10B4     		push	{r4}
  40              		.cfi_def_cfa_offset 4
  41              		.cfi_offset 4, -4
  42              		.loc 1 112 0
  43 000c 1961     		str	r1, [r3, #16]
  44 000e 1A61     		str	r2, [r3, #16]
  45              		.loc 1 113 0
  46 0010 5869     		ldr	r0, [r3, #20]
  47 0012 5961     		str	r1, [r3, #20]
  48 0014 5A61     		str	r2, [r3, #20]
  49              		.loc 1 114 0
  50 0016 186A     		ldr	r0, [r3, #32]
  51              	.LBB4:
  52              	.LBB5:
  53              		.loc 1 51 0
  54 0018 124C     		ldr	r4, .L8+4
  55              	.LBE5:
  56              	.LBE4:
  57              		.loc 1 114 0
ARM GAS  C:\Users\jo\AppData\Local\Temp\cceyydH8.s 			page 2


  58 001a 60F08050 		orn	r0, r0, #268435456
  59 001e 1862     		str	r0, [r3, #32]
  60 0020 1A62     		str	r2, [r3, #32]
  61              		.loc 1 115 0
  62 0022 586A     		ldr	r0, [r3, #36]
  63 0024 5962     		str	r1, [r3, #36]
  64 0026 5A62     		str	r2, [r3, #36]
  65              		.loc 1 118 0
  66 0028 196C     		ldr	r1, [r3, #64]
  67 002a 41F08051 		orr	r1, r1, #268435456
  68 002e 1964     		str	r1, [r3, #64]
  69              	.LBB8:
  70              	.LBB6:
  71              		.loc 1 51 0
  72 0030 2168     		ldr	r1, [r4]
  73 0032 41F48071 		orr	r1, r1, #256
  74 0036 2160     		str	r1, [r4]
  75              		.loc 1 54 0
  76 0038 196F     		ldr	r1, [r3, #112]
  77 003a 01F44071 		and	r1, r1, #768
  78 003e B1F5007F 		cmp	r1, #512
  79 0042 03D0     		beq	.L2
  80              		.loc 1 56 0
  81 0044 4FF48031 		mov	r1, #65536
  82 0048 1967     		str	r1, [r3, #112]
  83              		.loc 1 57 0
  84 004a 1A67     		str	r2, [r3, #112]
  85              	.L2:
  86              		.loc 1 91 0
  87 004c 054A     		ldr	r2, .L8+4
  88              	.LBE6:
  89              	.LBE8:
  90              		.loc 1 131 0
  91 004e 5DF8044B 		ldr	r4, [sp], #4
  92              		.cfi_restore 4
  93              		.cfi_def_cfa_offset 0
  94              	.LBB9:
  95              	.LBB7:
  96              		.loc 1 91 0
  97 0052 5368     		ldr	r3, [r2, #4]
  98 0054 23F40073 		bic	r3, r3, #512
  99 0058 5360     		str	r3, [r2, #4]
 100              	.LBE7:
 101              	.LBE9:
 102              		.loc 1 124 0
 103 005a FFF7FEBF 		b	dmaInit
 104              	.LVL0:
 105              	.L9:
 106 005e 00BF     		.align	2
 107              	.L8:
 108 0060 00380240 		.word	1073887232
 109 0064 00700040 		.word	1073770496
 110              		.cfi_endproc
 111              	.LFE256:
 112              		.size	hal_lld_init, .-hal_lld_init
 113 0068 AFF30080 		.section	.text.stm32_clock_init,"ax",%progbits
 113      AFF30080 
ARM GAS  C:\Users\jo\AppData\Local\Temp\cceyydH8.s 			page 3


 114              		.align	2
 115              		.p2align 4,,15
 116              		.global	stm32_clock_init
 117              		.thumb
 118              		.thumb_func
 119              		.type	stm32_clock_init, %function
 120              	stm32_clock_init:
 121              	.LFB257:
 122              		.loc 1 140 0
 123              		.cfi_startproc
 124              		@ args = 0, pretend = 0, frame = 0
 125              		@ frame_needed = 0, uses_anonymous_args = 0
 126              		@ link register save eliminated.
 127              		.loc 1 144 0
 128 0000 2C49     		ldr	r1, .L31
 129              		.loc 1 148 0
 130 0002 2D4B     		ldr	r3, .L31+4
 131              		.loc 1 144 0
 132 0004 4FF08050 		mov	r0, #268435456
 133              		.loc 1 148 0
 134 0008 4FF44042 		mov	r2, #49152
 135              		.loc 1 144 0
 136 000c 0864     		str	r0, [r1, #64]
 137              		.loc 1 148 0
 138 000e 1A60     		str	r2, [r3]
 139              		.loc 1 155 0
 140 0010 0B68     		ldr	r3, [r1]
 141 0012 43F00103 		orr	r3, r3, #1
 142 0016 0B60     		str	r3, [r1]
 143              	.L11:
 144              		.loc 1 156 0 discriminator 1
 145 0018 0A68     		ldr	r2, [r1]
 146 001a 264B     		ldr	r3, .L31
 147 001c 9007     		lsls	r0, r2, #30
 148 001e FBD5     		bpl	.L11
 149              		.loc 1 162 0
 150 0020 9A68     		ldr	r2, [r3, #8]
 151 0022 22F00302 		bic	r2, r2, #3
 152 0026 9A60     		str	r2, [r3, #8]
 153              		.loc 1 163 0
 154 0028 9A68     		ldr	r2, [r3, #8]
 155 002a 9A60     		str	r2, [r3, #8]
 156              		.loc 1 164 0
 157 002c 1946     		mov	r1, r3
 158              	.L12:
 159              		.loc 1 164 0 is_stmt 0 discriminator 1
 160 002e 8B68     		ldr	r3, [r1, #8]
 161 0030 204A     		ldr	r2, .L31
 162 0032 13F00C03 		ands	r3, r3, #12
 163 0036 FAD1     		bne	.L12
 164              		.loc 1 168 0 is_stmt 1
 165 0038 1168     		ldr	r1, [r2]
 166 003a 01F0F901 		and	r1, r1, #249
 167 003e 1160     		str	r1, [r2]
 168              		.loc 1 169 0
 169 0040 9360     		str	r3, [r2, #8]
 170              		.loc 1 178 0
ARM GAS  C:\Users\jo\AppData\Local\Temp\cceyydH8.s 			page 4


 171 0042 1368     		ldr	r3, [r2]
 172 0044 43F48033 		orr	r3, r3, #65536
 173 0048 1360     		str	r3, [r2]
 174              	.L13:
 175              		.loc 1 180 0 discriminator 1
 176 004a 1168     		ldr	r1, [r2]
 177 004c 194B     		ldr	r3, .L31
 178 004e 8903     		lsls	r1, r1, #14
 179 0050 FBD5     		bpl	.L13
 180              		.loc 1 186 0
 181 0052 5A6F     		ldr	r2, [r3, #116]
 182 0054 42F00102 		orr	r2, r2, #1
 183 0058 5A67     		str	r2, [r3, #116]
 184              	.L14:
 185              		.loc 1 187 0 discriminator 1
 186 005a 5A6F     		ldr	r2, [r3, #116]
 187 005c 1549     		ldr	r1, .L31
 188 005e 9007     		lsls	r0, r2, #30
 189 0060 FBD5     		bpl	.L14
 190              		.loc 1 193 0
 191 0062 164B     		ldr	r3, .L31+8
 192 0064 4B60     		str	r3, [r1, #4]
 193              		.loc 1 195 0
 194 0066 0B68     		ldr	r3, [r1]
 195              		.loc 1 199 0
 196 0068 134A     		ldr	r2, .L31+4
 197              		.loc 1 195 0
 198 006a 43F08073 		orr	r3, r3, #16777216
 199 006e 0B60     		str	r3, [r1]
 200              	.L15:
 201              		.loc 1 199 0 discriminator 1
 202 0070 5368     		ldr	r3, [r2, #4]
 203 0072 5904     		lsls	r1, r3, #17
 204 0074 FCD5     		bpl	.L15
 205              		.loc 1 215 0 discriminator 1
 206 0076 0F49     		ldr	r1, .L31
 207              	.L25:
 208 0078 0A68     		ldr	r2, [r1]
 209 007a 0E4B     		ldr	r3, .L31
 210 007c 9201     		lsls	r2, r2, #6
 211 007e FBD5     		bpl	.L25
 212              		.loc 1 243 0
 213 0080 0F4A     		ldr	r2, .L31+12
 214              		.loc 1 230 0
 215 0082 1049     		ldr	r1, .L31+16
 216 0084 9960     		str	r1, [r3, #8]
 217              		.loc 1 243 0
 218 0086 40F20471 		movw	r1, #1796
 219 008a 1160     		str	r1, [r2]
 220              		.loc 1 249 0
 221 008c 9A68     		ldr	r2, [r3, #8]
 222 008e 42F00202 		orr	r2, r2, #2
 223 0092 9A60     		str	r2, [r3, #8]
 224              		.loc 1 250 0
 225 0094 1A46     		mov	r2, r3
 226              	.L17:
 227              		.loc 1 250 0 is_stmt 0 discriminator 1
ARM GAS  C:\Users\jo\AppData\Local\Temp\cceyydH8.s 			page 5


 228 0096 9368     		ldr	r3, [r2, #8]
 229 0098 0649     		ldr	r1, .L31
 230 009a 03F00C03 		and	r3, r3, #12
 231 009e 082B     		cmp	r3, #8
 232 00a0 F9D1     		bne	.L17
 233              		.loc 1 257 0 is_stmt 1
 234 00a2 4B6C     		ldr	r3, [r1, #68]
 235 00a4 43F48043 		orr	r3, r3, #16384
 236 00a8 4B64     		str	r3, [r1, #68]
 237 00aa 4B6E     		ldr	r3, [r1, #100]
 238 00ac 43F48043 		orr	r3, r3, #16384
 239 00b0 4B66     		str	r3, [r1, #100]
 240 00b2 7047     		bx	lr
 241              	.L32:
 242              		.align	2
 243              	.L31:
 244 00b4 00380240 		.word	1073887232
 245 00b8 00700040 		.word	1073770496
 246 00bc 194B4007 		.word	121654041
 247 00c0 003C0240 		.word	1073888256
 248 00c4 0094683D 		.word	1030263808
 249              		.cfi_endproc
 250              	.LFE257:
 251              		.size	stm32_clock_init, .-stm32_clock_init
 252 00c8 AFF30080 		.text
 252      AFF30080 
 253              	.Letext0:
 254              		.file 2 "c:\\program files\\gnu tools arm embedded\\4.9 2014q4\\arm-none-eabi\\include\\machine\\_
 255              		.file 3 "c:\\program files\\gnu tools arm embedded\\4.9 2014q4\\arm-none-eabi\\include\\stdint.h"
 256              		.file 4 "../../../os/rt/ports/ARMCMx/compilers/GCC/chtypes.h"
 257              		.file 5 "../../../os/rt/include/chsystypes.h"
 258              		.file 6 "../../../os/rt/include/chschd.h"
 259              		.file 7 "../../../os/ext/CMSIS/ST/stm32f407xx.h"
 260              		.file 8 "../../../os/rt/ports/ARMCMx/chcore.h"
 261              		.file 9 "../../../os/rt/ports/ARMCMx/chcore_v7m.h"
 262              		.file 10 "../../../os/rt/include/chdebug.h"
 263              		.file 11 "../../../os/rt/include/chtm.h"
 264              		.file 12 "../../../os/rt/include/chstats.h"
 265              		.file 13 "../../../os/rt/include/chmtx.h"
 266              		.file 14 "../../../os/ext/CMSIS/include/core_cm4.h"
 267              		.file 15 "../../../os/hal/ports/STM32/STM32F4xx/stm32_dma.h"
 268              		.section	.debug_info,"",%progbits
 269              	.Ldebug_info0:
 270 0000 050A0000 		.4byte	0xa05
 271 0004 0400     		.2byte	0x4
 272 0006 00000000 		.4byte	.Ldebug_abbrev0
 273 000a 04       		.byte	0x4
 274 000b 01       		.uleb128 0x1
 275 000c 4A030000 		.4byte	.LASF157
 276 0010 01       		.byte	0x1
 277 0011 5D020000 		.4byte	.LASF158
 278 0015 2E070000 		.4byte	.LASF159
 279 0019 20000000 		.4byte	.Ldebug_ranges0+0x20
 280 001d 00000000 		.4byte	0
 281 0021 00000000 		.4byte	.Ldebug_line0
 282 0025 02       		.uleb128 0x2
 283 0026 04       		.byte	0x4
ARM GAS  C:\Users\jo\AppData\Local\Temp\cceyydH8.s 			page 6


 284 0027 05       		.byte	0x5
 285 0028 696E7400 		.ascii	"int\000"
 286 002c 03       		.uleb128 0x3
 287 002d 04       		.byte	0x4
 288 002e 07       		.byte	0x7
 289 002f 3D020000 		.4byte	.LASF0
 290 0033 03       		.uleb128 0x3
 291 0034 01       		.byte	0x1
 292 0035 06       		.byte	0x6
 293 0036 26010000 		.4byte	.LASF1
 294 003a 04       		.uleb128 0x4
 295 003b 39000000 		.4byte	.LASF5
 296 003f 02       		.byte	0x2
 297 0040 1D       		.byte	0x1d
 298 0041 45000000 		.4byte	0x45
 299 0045 03       		.uleb128 0x3
 300 0046 01       		.byte	0x1
 301 0047 08       		.byte	0x8
 302 0048 5D050000 		.4byte	.LASF2
 303 004c 03       		.uleb128 0x3
 304 004d 02       		.byte	0x2
 305 004e 05       		.byte	0x5
 306 004f 75050000 		.4byte	.LASF3
 307 0053 03       		.uleb128 0x3
 308 0054 02       		.byte	0x2
 309 0055 07       		.byte	0x7
 310 0056 93020000 		.4byte	.LASF4
 311 005a 04       		.uleb128 0x4
 312 005b 40030000 		.4byte	.LASF6
 313 005f 02       		.byte	0x2
 314 0060 3F       		.byte	0x3f
 315 0061 65000000 		.4byte	0x65
 316 0065 03       		.uleb128 0x3
 317 0066 04       		.byte	0x4
 318 0067 05       		.byte	0x5
 319 0068 82010000 		.4byte	.LASF7
 320 006c 04       		.uleb128 0x4
 321 006d 69060000 		.4byte	.LASF8
 322 0071 02       		.byte	0x2
 323 0072 41       		.byte	0x41
 324 0073 77000000 		.4byte	0x77
 325 0077 03       		.uleb128 0x3
 326 0078 04       		.byte	0x4
 327 0079 07       		.byte	0x7
 328 007a 16060000 		.4byte	.LASF9
 329 007e 03       		.uleb128 0x3
 330 007f 08       		.byte	0x8
 331 0080 05       		.byte	0x5
 332 0081 18010000 		.4byte	.LASF10
 333 0085 04       		.uleb128 0x4
 334 0086 D7040000 		.4byte	.LASF11
 335 008a 02       		.byte	0x2
 336 008b 5B       		.byte	0x5b
 337 008c 90000000 		.4byte	0x90
 338 0090 03       		.uleb128 0x3
 339 0091 08       		.byte	0x8
 340 0092 07       		.byte	0x7
ARM GAS  C:\Users\jo\AppData\Local\Temp\cceyydH8.s 			page 7


 341 0093 95000000 		.4byte	.LASF12
 342 0097 04       		.uleb128 0x4
 343 0098 F6060000 		.4byte	.LASF13
 344 009c 03       		.byte	0x3
 345 009d 15       		.byte	0x15
 346 009e 3A000000 		.4byte	0x3a
 347 00a2 04       		.uleb128 0x4
 348 00a3 55050000 		.4byte	.LASF14
 349 00a7 03       		.byte	0x3
 350 00a8 2C       		.byte	0x2c
 351 00a9 5A000000 		.4byte	0x5a
 352 00ad 04       		.uleb128 0x4
 353 00ae E4050000 		.4byte	.LASF15
 354 00b2 03       		.byte	0x3
 355 00b3 2D       		.byte	0x2d
 356 00b4 6C000000 		.4byte	0x6c
 357 00b8 04       		.uleb128 0x4
 358 00b9 23000000 		.4byte	.LASF16
 359 00bd 03       		.byte	0x3
 360 00be 39       		.byte	0x39
 361 00bf 85000000 		.4byte	0x85
 362 00c3 05       		.uleb128 0x5
 363 00c4 A2000000 		.4byte	0xa2
 364 00c8 05       		.uleb128 0x5
 365 00c9 AD000000 		.4byte	0xad
 366 00cd 04       		.uleb128 0x4
 367 00ce B7060000 		.4byte	.LASF17
 368 00d2 04       		.byte	0x4
 369 00d3 45       		.byte	0x45
 370 00d4 AD000000 		.4byte	0xad
 371 00d8 04       		.uleb128 0x4
 372 00d9 FE000000 		.4byte	.LASF18
 373 00dd 04       		.byte	0x4
 374 00de 46       		.byte	0x46
 375 00df B8000000 		.4byte	0xb8
 376 00e3 04       		.uleb128 0x4
 377 00e4 19070000 		.4byte	.LASF19
 378 00e8 04       		.byte	0x4
 379 00e9 48       		.byte	0x48
 380 00ea 97000000 		.4byte	0x97
 381 00ee 04       		.uleb128 0x4
 382 00ef 9E010000 		.4byte	.LASF20
 383 00f3 04       		.byte	0x4
 384 00f4 49       		.byte	0x49
 385 00f5 97000000 		.4byte	0x97
 386 00f9 04       		.uleb128 0x4
 387 00fa ED040000 		.4byte	.LASF21
 388 00fe 04       		.byte	0x4
 389 00ff 4A       		.byte	0x4a
 390 0100 97000000 		.4byte	0x97
 391 0104 04       		.uleb128 0x4
 392 0105 38050000 		.4byte	.LASF22
 393 0109 04       		.byte	0x4
 394 010a 4C       		.byte	0x4c
 395 010b AD000000 		.4byte	0xad
 396 010f 04       		.uleb128 0x4
 397 0110 CA020000 		.4byte	.LASF23
ARM GAS  C:\Users\jo\AppData\Local\Temp\cceyydH8.s 			page 8


 398 0114 04       		.byte	0x4
 399 0115 4D       		.byte	0x4d
 400 0116 A2000000 		.4byte	0xa2
 401 011a 04       		.uleb128 0x4
 402 011b 34030000 		.4byte	.LASF24
 403 011f 04       		.byte	0x4
 404 0120 4F       		.byte	0x4f
 405 0121 AD000000 		.4byte	0xad
 406 0125 04       		.uleb128 0x4
 407 0126 2C020000 		.4byte	.LASF25
 408 012a 04       		.byte	0x4
 409 012b 51       		.byte	0x51
 410 012c A2000000 		.4byte	0xa2
 411 0130 04       		.uleb128 0x4
 412 0131 D9020000 		.4byte	.LASF26
 413 0135 04       		.byte	0x4
 414 0136 52       		.byte	0x52
 415 0137 AD000000 		.4byte	0xad
 416 013b 04       		.uleb128 0x4
 417 013c 4B060000 		.4byte	.LASF27
 418 0140 05       		.byte	0x5
 419 0141 33       		.byte	0x33
 420 0142 AD000000 		.4byte	0xad
 421 0146 04       		.uleb128 0x4
 422 0147 36060000 		.4byte	.LASF28
 423 014b 05       		.byte	0x5
 424 014c 3F       		.byte	0x3f
 425 014d 51010000 		.4byte	0x151
 426 0151 06       		.uleb128 0x6
 427 0152 B5020000 		.4byte	.LASF49
 428 0156 60       		.byte	0x60
 429 0157 06       		.byte	0x6
 430 0158 BE       		.byte	0xbe
 431 0159 57020000 		.4byte	0x257
 432 015d 07       		.uleb128 0x7
 433 015e 9F050000 		.4byte	.LASF29
 434 0162 06       		.byte	0x6
 435 0163 BF       		.byte	0xbf
 436 0164 D6070000 		.4byte	0x7d6
 437 0168 00       		.byte	0
 438 0169 07       		.uleb128 0x7
 439 016a 27050000 		.4byte	.LASF30
 440 016e 06       		.byte	0x6
 441 016f C1       		.byte	0xc1
 442 0170 D6070000 		.4byte	0x7d6
 443 0174 04       		.byte	0x4
 444 0175 07       		.uleb128 0x7
 445 0176 11010000 		.4byte	.LASF31
 446 017a 06       		.byte	0x6
 447 017b C3       		.byte	0xc3
 448 017c 04010000 		.4byte	0x104
 449 0180 08       		.byte	0x8
 450 0181 07       		.uleb128 0x7
 451 0182 A3070000 		.4byte	.LASF32
 452 0186 06       		.byte	0x6
 453 0187 C4       		.byte	0xc4
 454 0188 03070000 		.4byte	0x703
ARM GAS  C:\Users\jo\AppData\Local\Temp\cceyydH8.s 			page 9


 455 018c 0C       		.byte	0xc
 456 018d 07       		.uleb128 0x7
 457 018e B5010000 		.4byte	.LASF33
 458 0192 06       		.byte	0x6
 459 0193 C6       		.byte	0xc6
 460 0194 D6070000 		.4byte	0x7d6
 461 0198 10       		.byte	0x10
 462 0199 07       		.uleb128 0x7
 463 019a 9B040000 		.4byte	.LASF34
 464 019e 06       		.byte	0x6
 465 019f C7       		.byte	0xc7
 466 01a0 D6070000 		.4byte	0x7d6
 467 01a4 14       		.byte	0x14
 468 01a5 07       		.uleb128 0x7
 469 01a6 05070000 		.4byte	.LASF35
 470 01aa 06       		.byte	0x6
 471 01ab CE       		.byte	0xce
 472 01ac 20090000 		.4byte	0x920
 473 01b0 18       		.byte	0x18
 474 01b1 07       		.uleb128 0x7
 475 01b2 32020000 		.4byte	.LASF36
 476 01b6 06       		.byte	0x6
 477 01b7 D4       		.byte	0xd4
 478 01b8 32090000 		.4byte	0x932
 479 01bc 1C       		.byte	0x1c
 480 01bd 07       		.uleb128 0x7
 481 01be 7F050000 		.4byte	.LASF37
 482 01c2 06       		.byte	0x6
 483 01c3 D9       		.byte	0xd9
 484 01c4 EE000000 		.4byte	0xee
 485 01c8 20       		.byte	0x20
 486 01c9 07       		.uleb128 0x7
 487 01ca A6050000 		.4byte	.LASF38
 488 01ce 06       		.byte	0x6
 489 01cf DD       		.byte	0xdd
 490 01d0 E3000000 		.4byte	0xe3
 491 01d4 21       		.byte	0x21
 492 01d5 07       		.uleb128 0x7
 493 01d6 DC060000 		.4byte	.LASF39
 494 01da 06       		.byte	0x6
 495 01db E2       		.byte	0xe2
 496 01dc F9000000 		.4byte	0xf9
 497 01e0 22       		.byte	0x22
 498 01e1 08       		.uleb128 0x8
 499 01e2 705F7500 		.ascii	"p_u\000"
 500 01e6 06       		.byte	0x6
 501 01e7 1401     		.2byte	0x114
 502 01e9 E8080000 		.4byte	0x8e8
 503 01ed 24       		.byte	0x24
 504 01ee 09       		.uleb128 0x9
 505 01ef 4E040000 		.4byte	.LASF40
 506 01f3 06       		.byte	0x6
 507 01f4 1901     		.2byte	0x119
 508 01f6 57020000 		.4byte	0x257
 509 01fa 28       		.byte	0x28
 510 01fb 09       		.uleb128 0x9
 511 01fc 52020000 		.4byte	.LASF41
ARM GAS  C:\Users\jo\AppData\Local\Temp\cceyydH8.s 			page 10


 512 0200 06       		.byte	0x6
 513 0201 1F01     		.2byte	0x11f
 514 0203 7B020000 		.4byte	0x27b
 515 0207 2C       		.byte	0x2c
 516 0208 09       		.uleb128 0x9
 517 0209 80070000 		.4byte	.LASF42
 518 020d 06       		.byte	0x6
 519 020e 2301     		.2byte	0x123
 520 0210 0F010000 		.4byte	0x10f
 521 0214 34       		.byte	0x34
 522 0215 09       		.uleb128 0x9
 523 0216 CF050000 		.4byte	.LASF43
 524 021a 06       		.byte	0x6
 525 021b 2901     		.2byte	0x129
 526 021d 1A010000 		.4byte	0x11a
 527 0221 38       		.byte	0x38
 528 0222 09       		.uleb128 0x9
 529 0223 6B050000 		.4byte	.LASF44
 530 0227 06       		.byte	0x6
 531 0228 3001     		.2byte	0x130
 532 022a 69090000 		.4byte	0x969
 533 022e 3C       		.byte	0x3c
 534 022f 09       		.uleb128 0x9
 535 0230 55060000 		.4byte	.LASF45
 536 0234 06       		.byte	0x6
 537 0235 3401     		.2byte	0x134
 538 0237 04010000 		.4byte	0x104
 539 023b 40       		.byte	0x40
 540 023c 09       		.uleb128 0x9
 541 023d 49010000 		.4byte	.LASF46
 542 0241 06       		.byte	0x6
 543 0242 3A01     		.2byte	0x13a
 544 0244 2E030000 		.4byte	0x32e
 545 0248 44       		.byte	0x44
 546 0249 09       		.uleb128 0x9
 547 024a AE050000 		.4byte	.LASF47
 548 024e 06       		.byte	0x6
 549 024f 4001     		.2byte	0x140
 550 0251 99080000 		.4byte	0x899
 551 0255 48       		.byte	0x48
 552 0256 00       		.byte	0
 553 0257 04       		.uleb128 0x4
 554 0258 2F040000 		.4byte	.LASF48
 555 025c 05       		.byte	0x5
 556 025d 44       		.byte	0x44
 557 025e 62020000 		.4byte	0x262
 558 0262 06       		.uleb128 0x6
 559 0263 FE050000 		.4byte	.LASF50
 560 0267 04       		.byte	0x4
 561 0268 06       		.byte	0x6
 562 0269 AC       		.byte	0xac
 563 026a 7B020000 		.4byte	0x27b
 564 026e 07       		.uleb128 0x7
 565 026f 9F050000 		.4byte	.LASF29
 566 0273 06       		.byte	0x6
 567 0274 AD       		.byte	0xad
 568 0275 D6070000 		.4byte	0x7d6
ARM GAS  C:\Users\jo\AppData\Local\Temp\cceyydH8.s 			page 11


 569 0279 00       		.byte	0
 570 027a 00       		.byte	0
 571 027b 04       		.uleb128 0x4
 572 027c CC060000 		.4byte	.LASF51
 573 0280 05       		.byte	0x5
 574 0281 4B       		.byte	0x4b
 575 0282 86020000 		.4byte	0x286
 576 0286 06       		.uleb128 0x6
 577 0287 4F000000 		.4byte	.LASF52
 578 028b 08       		.byte	0x8
 579 028c 06       		.byte	0x6
 580 028d B3       		.byte	0xb3
 581 028e AB020000 		.4byte	0x2ab
 582 0292 07       		.uleb128 0x7
 583 0293 9F050000 		.4byte	.LASF29
 584 0297 06       		.byte	0x6
 585 0298 B4       		.byte	0xb4
 586 0299 D6070000 		.4byte	0x7d6
 587 029d 00       		.byte	0
 588 029e 07       		.uleb128 0x7
 589 029f 27050000 		.4byte	.LASF30
 590 02a3 06       		.byte	0x6
 591 02a4 B5       		.byte	0xb5
 592 02a5 D6070000 		.4byte	0x7d6
 593 02a9 04       		.byte	0x4
 594 02aa 00       		.byte	0
 595 02ab 04       		.uleb128 0x4
 596 02ac 07000000 		.4byte	.LASF53
 597 02b0 05       		.byte	0x5
 598 02b1 52       		.byte	0x52
 599 02b2 B6020000 		.4byte	0x2b6
 600 02b6 0A       		.uleb128 0xa
 601 02b7 26030000 		.4byte	.LASF54
 602 02bb 1C       		.byte	0x1c
 603 02bc 06       		.byte	0x6
 604 02bd 7201     		.2byte	0x172
 605 02bf 12030000 		.4byte	0x312
 606 02c3 09       		.uleb128 0x9
 607 02c4 ED050000 		.4byte	.LASF55
 608 02c8 06       		.byte	0x6
 609 02c9 7301     		.2byte	0x173
 610 02cb 7B020000 		.4byte	0x27b
 611 02cf 00       		.byte	0
 612 02d0 09       		.uleb128 0x9
 613 02d1 91050000 		.4byte	.LASF56
 614 02d5 06       		.byte	0x6
 615 02d6 7401     		.2byte	0x174
 616 02d8 04010000 		.4byte	0x104
 617 02dc 08       		.byte	0x8
 618 02dd 09       		.uleb128 0x9
 619 02de A3040000 		.4byte	.LASF57
 620 02e2 06       		.byte	0x6
 621 02e3 7601     		.2byte	0x176
 622 02e5 03070000 		.4byte	0x703
 623 02e9 0C       		.byte	0xc
 624 02ea 09       		.uleb128 0x9
 625 02eb CD010000 		.4byte	.LASF58
ARM GAS  C:\Users\jo\AppData\Local\Temp\cceyydH8.s 			page 12


 626 02ef 06       		.byte	0x6
 627 02f0 7901     		.2byte	0x179
 628 02f2 D6070000 		.4byte	0x7d6
 629 02f6 10       		.byte	0x10
 630 02f7 09       		.uleb128 0x9
 631 02f8 A2060000 		.4byte	.LASF59
 632 02fc 06       		.byte	0x6
 633 02fd 7A01     		.2byte	0x17a
 634 02ff D6070000 		.4byte	0x7d6
 635 0303 14       		.byte	0x14
 636 0304 09       		.uleb128 0x9
 637 0305 C4040000 		.4byte	.LASF60
 638 0309 06       		.byte	0x6
 639 030a 7D01     		.2byte	0x17d
 640 030c D6070000 		.4byte	0x7d6
 641 0310 18       		.byte	0x18
 642 0311 00       		.byte	0
 643 0312 04       		.uleb128 0x4
 644 0313 60060000 		.4byte	.LASF61
 645 0317 05       		.byte	0x5
 646 0318 57       		.byte	0x57
 647 0319 1D030000 		.4byte	0x31d
 648 031d 0B       		.uleb128 0xb
 649 031e 04       		.byte	0x4
 650 031f 23030000 		.4byte	0x323
 651 0323 0C       		.uleb128 0xc
 652 0324 2E030000 		.4byte	0x32e
 653 0328 0D       		.uleb128 0xd
 654 0329 2E030000 		.4byte	0x32e
 655 032d 00       		.byte	0
 656 032e 0E       		.uleb128 0xe
 657 032f 04       		.byte	0x4
 658 0330 04       		.uleb128 0x4
 659 0331 3E040000 		.4byte	.LASF62
 660 0335 05       		.byte	0x5
 661 0336 5C       		.byte	0x5c
 662 0337 3B030000 		.4byte	0x33b
 663 033b 0A       		.uleb128 0xa
 664 033c BE050000 		.4byte	.LASF63
 665 0340 14       		.byte	0x14
 666 0341 06       		.byte	0x6
 667 0342 4D01     		.2byte	0x14d
 668 0344 8A030000 		.4byte	0x38a
 669 0348 09       		.uleb128 0x9
 670 0349 4A020000 		.4byte	.LASF64
 671 034d 06       		.byte	0x6
 672 034e 4E01     		.2byte	0x14e
 673 0350 6F090000 		.4byte	0x96f
 674 0354 00       		.byte	0
 675 0355 09       		.uleb128 0x9
 676 0356 DE010000 		.4byte	.LASF65
 677 035a 06       		.byte	0x6
 678 035b 4F01     		.2byte	0x14f
 679 035d 6F090000 		.4byte	0x96f
 680 0361 04       		.byte	0x4
 681 0362 09       		.uleb128 0x9
 682 0363 F5050000 		.4byte	.LASF66
ARM GAS  C:\Users\jo\AppData\Local\Temp\cceyydH8.s 			page 13


 683 0367 06       		.byte	0x6
 684 0368 5001     		.2byte	0x150
 685 036a 3B010000 		.4byte	0x13b
 686 036e 08       		.byte	0x8
 687 036f 09       		.uleb128 0x9
 688 0370 A9070000 		.4byte	.LASF67
 689 0374 06       		.byte	0x6
 690 0375 5101     		.2byte	0x151
 691 0377 12030000 		.4byte	0x312
 692 037b 0C       		.byte	0xc
 693 037c 09       		.uleb128 0x9
 694 037d BF060000 		.4byte	.LASF68
 695 0381 06       		.byte	0x6
 696 0382 5301     		.2byte	0x153
 697 0384 2E030000 		.4byte	0x32e
 698 0388 10       		.byte	0x10
 699 0389 00       		.byte	0
 700 038a 04       		.uleb128 0x4
 701 038b DB000000 		.4byte	.LASF69
 702 038f 05       		.byte	0x5
 703 0390 61       		.byte	0x61
 704 0391 95030000 		.4byte	0x395
 705 0395 0A       		.uleb128 0xa
 706 0396 61040000 		.4byte	.LASF70
 707 039a 10       		.byte	0x10
 708 039b 06       		.byte	0x6
 709 039c 5D01     		.2byte	0x15d
 710 039e D7030000 		.4byte	0x3d7
 711 03a2 09       		.uleb128 0x9
 712 03a3 4A020000 		.4byte	.LASF64
 713 03a7 06       		.byte	0x6
 714 03a8 5E01     		.2byte	0x15e
 715 03aa 6F090000 		.4byte	0x96f
 716 03ae 00       		.byte	0
 717 03af 09       		.uleb128 0x9
 718 03b0 DE010000 		.4byte	.LASF65
 719 03b4 06       		.byte	0x6
 720 03b5 6001     		.2byte	0x160
 721 03b7 6F090000 		.4byte	0x96f
 722 03bb 04       		.byte	0x4
 723 03bc 09       		.uleb128 0x9
 724 03bd F5050000 		.4byte	.LASF66
 725 03c1 06       		.byte	0x6
 726 03c2 6201     		.2byte	0x162
 727 03c4 3B010000 		.4byte	0x13b
 728 03c8 08       		.byte	0x8
 729 03c9 09       		.uleb128 0x9
 730 03ca 8F040000 		.4byte	.LASF71
 731 03ce 06       		.byte	0x6
 732 03cf 6A01     		.2byte	0x16a
 733 03d1 3B010000 		.4byte	0x13b
 734 03d5 0C       		.byte	0xc
 735 03d6 00       		.byte	0
 736 03d7 04       		.uleb128 0x4
 737 03d8 60000000 		.4byte	.LASF72
 738 03dc 05       		.byte	0x5
 739 03dd 66       		.byte	0x66
ARM GAS  C:\Users\jo\AppData\Local\Temp\cceyydH8.s 			page 14


 740 03de E2030000 		.4byte	0x3e2
 741 03e2 0F       		.uleb128 0xf
 742 03e3 EB010000 		.4byte	.LASF73
 743 03e7 1404     		.2byte	0x414
 744 03e9 06       		.byte	0x6
 745 03ea 8401     		.2byte	0x184
 746 03ec 25040000 		.4byte	0x425
 747 03f0 09       		.uleb128 0x9
 748 03f1 79060000 		.4byte	.LASF74
 749 03f5 06       		.byte	0x6
 750 03f6 8C01     		.2byte	0x18c
 751 03f8 75090000 		.4byte	0x975
 752 03fc 00       		.byte	0
 753 03fd 09       		.uleb128 0x9
 754 03fe E3060000 		.4byte	.LASF75
 755 0402 06       		.byte	0x6
 756 0403 9101     		.2byte	0x191
 757 0405 25010000 		.4byte	0x125
 758 0409 04       		.byte	0x4
 759 040a 09       		.uleb128 0x9
 760 040b 14020000 		.4byte	.LASF76
 761 040f 06       		.byte	0x6
 762 0410 9501     		.2byte	0x195
 763 0412 25010000 		.4byte	0x125
 764 0416 08       		.byte	0x8
 765 0417 09       		.uleb128 0x9
 766 0418 21070000 		.4byte	.LASF77
 767 041c 06       		.byte	0x6
 768 041d 9B01     		.2byte	0x19b
 769 041f 2B080000 		.4byte	0x82b
 770 0423 0C       		.byte	0xc
 771 0424 00       		.byte	0
 772 0425 04       		.uleb128 0x4
 773 0426 FB020000 		.4byte	.LASF78
 774 042a 05       		.byte	0x5
 775 042b 6B       		.byte	0x6b
 776 042c 30040000 		.4byte	0x430
 777 0430 0F       		.uleb128 0xf
 778 0431 78010000 		.4byte	.LASF79
 779 0435 D805     		.2byte	0x5d8
 780 0437 06       		.byte	0x6
 781 0438 A401     		.2byte	0x1a4
 782 043a 9D040000 		.4byte	0x49d
 783 043e 09       		.uleb128 0x9
 784 043f F0060000 		.4byte	.LASF80
 785 0443 06       		.byte	0x6
 786 0444 A801     		.2byte	0x1a8
 787 0446 AB020000 		.4byte	0x2ab
 788 044a 00       		.byte	0
 789 044b 09       		.uleb128 0x9
 790 044c 59010000 		.4byte	.LASF81
 791 0450 06       		.byte	0x6
 792 0451 AC01     		.2byte	0x1ac
 793 0453 8A030000 		.4byte	0x38a
 794 0457 1C       		.byte	0x1c
 795 0458 08       		.uleb128 0x8
 796 0459 64626700 		.ascii	"dbg\000"
ARM GAS  C:\Users\jo\AppData\Local\Temp\cceyydH8.s 			page 15


 797 045d 06       		.byte	0x6
 798 045e B001     		.2byte	0x1b0
 799 0460 D7030000 		.4byte	0x3d7
 800 0464 2C       		.byte	0x2c
 801 0465 10       		.uleb128 0x10
 802 0466 D0000000 		.4byte	.LASF82
 803 046a 06       		.byte	0x6
 804 046b B401     		.2byte	0x1b4
 805 046d 46010000 		.4byte	0x146
 806 0471 4004     		.2byte	0x440
 807 0473 11       		.uleb128 0x11
 808 0474 746D00   		.ascii	"tm\000"
 809 0477 06       		.byte	0x6
 810 0478 B901     		.2byte	0x1b9
 811 047a 4B080000 		.4byte	0x84b
 812 047e A004     		.2byte	0x4a0
 813 0480 10       		.uleb128 0x10
 814 0481 2C000000 		.4byte	.LASF83
 815 0485 06       		.byte	0x6
 816 0486 BF01     		.2byte	0x1bf
 817 0488 DD080000 		.4byte	0x8dd
 818 048c A804     		.2byte	0x4a8
 819 048e 10       		.uleb128 0x10
 820 048f 1D020000 		.4byte	.LASF84
 821 0493 06       		.byte	0x6
 822 0494 C501     		.2byte	0x1c5
 823 0496 7A090000 		.4byte	0x97a
 824 049a E004     		.2byte	0x4e0
 825 049c 00       		.byte	0
 826 049d 03       		.uleb128 0x3
 827 049e 04       		.byte	0x4
 828 049f 07       		.byte	0x7
 829 04a0 58040000 		.4byte	.LASF85
 830 04a4 12       		.uleb128 0x12
 831 04a5 AD000000 		.4byte	0xad
 832 04a9 B4040000 		.4byte	0x4b4
 833 04ad 13       		.uleb128 0x13
 834 04ae 9D040000 		.4byte	0x49d
 835 04b2 01       		.byte	0x1
 836 04b3 00       		.byte	0
 837 04b4 14       		.uleb128 0x14
 838 04b5 1C       		.byte	0x1c
 839 04b6 07       		.byte	0x7
 840 04b7 DA01     		.2byte	0x1da
 841 04b9 17050000 		.4byte	0x517
 842 04bd 08       		.uleb128 0x8
 843 04be 41435200 		.ascii	"ACR\000"
 844 04c2 07       		.byte	0x7
 845 04c3 DC01     		.2byte	0x1dc
 846 04c5 C8000000 		.4byte	0xc8
 847 04c9 00       		.byte	0
 848 04ca 09       		.uleb128 0x9
 849 04cb E6010000 		.4byte	.LASF86
 850 04cf 07       		.byte	0x7
 851 04d0 DD01     		.2byte	0x1dd
 852 04d2 C8000000 		.4byte	0xc8
 853 04d6 04       		.byte	0x4
ARM GAS  C:\Users\jo\AppData\Local\Temp\cceyydH8.s 			page 16


 854 04d7 09       		.uleb128 0x9
 855 04d8 AD010000 		.4byte	.LASF87
 856 04dc 07       		.byte	0x7
 857 04dd DE01     		.2byte	0x1de
 858 04df C8000000 		.4byte	0xc8
 859 04e3 08       		.byte	0x8
 860 04e4 08       		.uleb128 0x8
 861 04e5 535200   		.ascii	"SR\000"
 862 04e8 07       		.byte	0x7
 863 04e9 DF01     		.2byte	0x1df
 864 04eb C8000000 		.4byte	0xc8
 865 04ef 0C       		.byte	0xc
 866 04f0 08       		.uleb128 0x8
 867 04f1 435200   		.ascii	"CR\000"
 868 04f4 07       		.byte	0x7
 869 04f5 E001     		.2byte	0x1e0
 870 04f7 C8000000 		.4byte	0xc8
 871 04fb 10       		.byte	0x10
 872 04fc 09       		.uleb128 0x9
 873 04fd 6F000000 		.4byte	.LASF88
 874 0501 07       		.byte	0x7
 875 0502 E101     		.2byte	0x1e1
 876 0504 C8000000 		.4byte	0xc8
 877 0508 14       		.byte	0x14
 878 0509 09       		.uleb128 0x9
 879 050a 7B000000 		.4byte	.LASF89
 880 050e 07       		.byte	0x7
 881 050f E201     		.2byte	0x1e2
 882 0511 C8000000 		.4byte	0xc8
 883 0515 18       		.byte	0x18
 884 0516 00       		.byte	0
 885 0517 15       		.uleb128 0x15
 886 0518 3B010000 		.4byte	.LASF90
 887 051c 07       		.byte	0x7
 888 051d E301     		.2byte	0x1e3
 889 051f B4040000 		.4byte	0x4b4
 890 0523 14       		.uleb128 0x14
 891 0524 08       		.byte	0x8
 892 0525 07       		.byte	0x7
 893 0526 5D02     		.2byte	0x25d
 894 0528 46050000 		.4byte	0x546
 895 052c 08       		.uleb128 0x8
 896 052d 435200   		.ascii	"CR\000"
 897 0530 07       		.byte	0x7
 898 0531 5F02     		.2byte	0x25f
 899 0533 C8000000 		.4byte	0xc8
 900 0537 00       		.byte	0
 901 0538 08       		.uleb128 0x8
 902 0539 43535200 		.ascii	"CSR\000"
 903 053d 07       		.byte	0x7
 904 053e 6002     		.2byte	0x260
 905 0540 C8000000 		.4byte	0xc8
 906 0544 04       		.byte	0x4
 907 0545 00       		.byte	0
 908 0546 15       		.uleb128 0x15
 909 0547 60010000 		.4byte	.LASF91
 910 054b 07       		.byte	0x7
ARM GAS  C:\Users\jo\AppData\Local\Temp\cceyydH8.s 			page 17


 911 054c 6102     		.2byte	0x261
 912 054e 23050000 		.4byte	0x523
 913 0552 14       		.uleb128 0x14
 914 0553 88       		.byte	0x88
 915 0554 07       		.byte	0x7
 916 0555 6702     		.2byte	0x267
 917 0557 E1060000 		.4byte	0x6e1
 918 055b 08       		.uleb128 0x8
 919 055c 435200   		.ascii	"CR\000"
 920 055f 07       		.byte	0x7
 921 0560 6902     		.2byte	0x269
 922 0562 C8000000 		.4byte	0xc8
 923 0566 00       		.byte	0
 924 0567 09       		.uleb128 0x9
 925 0568 BD010000 		.4byte	.LASF92
 926 056c 07       		.byte	0x7
 927 056d 6A02     		.2byte	0x26a
 928 056f C8000000 		.4byte	0xc8
 929 0573 04       		.byte	0x4
 930 0574 09       		.uleb128 0x9
 931 0575 14070000 		.4byte	.LASF93
 932 0579 07       		.byte	0x7
 933 057a 6B02     		.2byte	0x26b
 934 057c C8000000 		.4byte	0xc8
 935 0580 08       		.byte	0x8
 936 0581 08       		.uleb128 0x8
 937 0582 43495200 		.ascii	"CIR\000"
 938 0586 07       		.byte	0x7
 939 0587 6C02     		.2byte	0x26c
 940 0589 C8000000 		.4byte	0xc8
 941 058d 0C       		.byte	0xc
 942 058e 09       		.uleb128 0x9
 943 058f 32010000 		.4byte	.LASF94
 944 0593 07       		.byte	0x7
 945 0594 6D02     		.2byte	0x26d
 946 0596 C8000000 		.4byte	0xc8
 947 059a 10       		.byte	0x10
 948 059b 09       		.uleb128 0x9
 949 059c 2D060000 		.4byte	.LASF95
 950 05a0 07       		.byte	0x7
 951 05a1 6E02     		.2byte	0x26e
 952 05a3 C8000000 		.4byte	0xc8
 953 05a7 14       		.byte	0x14
 954 05a8 09       		.uleb128 0x9
 955 05a9 D0020000 		.4byte	.LASF96
 956 05ad 07       		.byte	0x7
 957 05ae 6F02     		.2byte	0x26f
 958 05b0 C8000000 		.4byte	0xc8
 959 05b4 18       		.byte	0x18
 960 05b5 09       		.uleb128 0x9
 961 05b6 F5040000 		.4byte	.LASF97
 962 05ba 07       		.byte	0x7
 963 05bb 7002     		.2byte	0x270
 964 05bd AD000000 		.4byte	0xad
 965 05c1 1C       		.byte	0x1c
 966 05c2 09       		.uleb128 0x9
 967 05c3 CE040000 		.4byte	.LASF98
ARM GAS  C:\Users\jo\AppData\Local\Temp\cceyydH8.s 			page 18


 968 05c7 07       		.byte	0x7
 969 05c8 7102     		.2byte	0x271
 970 05ca C8000000 		.4byte	0xc8
 971 05ce 20       		.byte	0x20
 972 05cf 09       		.uleb128 0x9
 973 05d0 8B010000 		.4byte	.LASF99
 974 05d4 07       		.byte	0x7
 975 05d5 7202     		.2byte	0x272
 976 05d7 C8000000 		.4byte	0xc8
 977 05db 24       		.byte	0x24
 978 05dc 09       		.uleb128 0x9
 979 05dd FF040000 		.4byte	.LASF100
 980 05e1 07       		.byte	0x7
 981 05e2 7302     		.2byte	0x273
 982 05e4 A4040000 		.4byte	0x4a4
 983 05e8 28       		.byte	0x28
 984 05e9 09       		.uleb128 0x9
 985 05ea 0C070000 		.4byte	.LASF101
 986 05ee 07       		.byte	0x7
 987 05ef 7402     		.2byte	0x274
 988 05f1 C8000000 		.4byte	0xc8
 989 05f5 30       		.byte	0x30
 990 05f6 09       		.uleb128 0x9
 991 05f7 92060000 		.4byte	.LASF102
 992 05fb 07       		.byte	0x7
 993 05fc 7502     		.2byte	0x275
 994 05fe C8000000 		.4byte	0xc8
 995 0602 34       		.byte	0x34
 996 0603 09       		.uleb128 0x9
 997 0604 87040000 		.4byte	.LASF103
 998 0608 07       		.byte	0x7
 999 0609 7602     		.2byte	0x276
 1000 060b C8000000 		.4byte	0xc8
 1001 060f 38       		.byte	0x38
 1002 0610 09       		.uleb128 0x9
 1003 0611 09050000 		.4byte	.LASF104
 1004 0615 07       		.byte	0x7
 1005 0616 7702     		.2byte	0x277
 1006 0618 AD000000 		.4byte	0xad
 1007 061c 3C       		.byte	0x3c
 1008 061d 09       		.uleb128 0x9
 1009 061e 8A060000 		.4byte	.LASF105
 1010 0622 07       		.byte	0x7
 1011 0623 7802     		.2byte	0x278
 1012 0625 C8000000 		.4byte	0xc8
 1013 0629 40       		.byte	0x40
 1014 062a 09       		.uleb128 0x9
 1015 062b B6050000 		.4byte	.LASF106
 1016 062f 07       		.byte	0x7
 1017 0630 7902     		.2byte	0x279
 1018 0632 C8000000 		.4byte	0xc8
 1019 0636 44       		.byte	0x44
 1020 0637 09       		.uleb128 0x9
 1021 0638 13050000 		.4byte	.LASF107
 1022 063c 07       		.byte	0x7
 1023 063d 7A02     		.2byte	0x27a
 1024 063f A4040000 		.4byte	0x4a4
ARM GAS  C:\Users\jo\AppData\Local\Temp\cceyydH8.s 			page 19


 1025 0643 48       		.byte	0x48
 1026 0644 09       		.uleb128 0x9
 1027 0645 07010000 		.4byte	.LASF108
 1028 0649 07       		.byte	0x7
 1029 064a 7B02     		.2byte	0x27b
 1030 064c C8000000 		.4byte	0xc8
 1031 0650 50       		.byte	0x50
 1032 0651 09       		.uleb128 0x9
 1033 0652 A9040000 		.4byte	.LASF109
 1034 0656 07       		.byte	0x7
 1035 0657 7C02     		.2byte	0x27c
 1036 0659 C8000000 		.4byte	0xc8
 1037 065d 54       		.byte	0x54
 1038 065e 09       		.uleb128 0x9
 1039 065f 87050000 		.4byte	.LASF110
 1040 0663 07       		.byte	0x7
 1041 0664 7D02     		.2byte	0x27d
 1042 0666 C8000000 		.4byte	0xc8
 1043 066a 58       		.byte	0x58
 1044 066b 09       		.uleb128 0x9
 1045 066c 1D050000 		.4byte	.LASF111
 1046 0670 07       		.byte	0x7
 1047 0671 7E02     		.2byte	0x27e
 1048 0673 AD000000 		.4byte	0xad
 1049 0677 5C       		.byte	0x5c
 1050 0678 09       		.uleb128 0x9
 1051 0679 94010000 		.4byte	.LASF112
 1052 067d 07       		.byte	0x7
 1053 067e 7F02     		.2byte	0x27f
 1054 0680 C8000000 		.4byte	0xc8
 1055 0684 60       		.byte	0x60
 1056 0685 09       		.uleb128 0x9
 1057 0686 11030000 		.4byte	.LASF113
 1058 068a 07       		.byte	0x7
 1059 068b 8002     		.2byte	0x280
 1060 068d C8000000 		.4byte	0xc8
 1061 0691 64       		.byte	0x64
 1062 0692 09       		.uleb128 0x9
 1063 0693 DA050000 		.4byte	.LASF114
 1064 0697 07       		.byte	0x7
 1065 0698 8102     		.2byte	0x281
 1066 069a A4040000 		.4byte	0x4a4
 1067 069e 68       		.byte	0x68
 1068 069f 09       		.uleb128 0x9
 1069 06a0 EB060000 		.4byte	.LASF115
 1070 06a4 07       		.byte	0x7
 1071 06a5 8202     		.2byte	0x282
 1072 06a7 C8000000 		.4byte	0xc8
 1073 06ab 70       		.byte	0x70
 1074 06ac 08       		.uleb128 0x8
 1075 06ad 43535200 		.ascii	"CSR\000"
 1076 06b1 07       		.byte	0x7
 1077 06b2 8302     		.2byte	0x283
 1078 06b4 C8000000 		.4byte	0xc8
 1079 06b8 74       		.byte	0x74
 1080 06b9 09       		.uleb128 0x9
 1081 06ba 2E050000 		.4byte	.LASF116
ARM GAS  C:\Users\jo\AppData\Local\Temp\cceyydH8.s 			page 20


 1082 06be 07       		.byte	0x7
 1083 06bf 8402     		.2byte	0x284
 1084 06c1 A4040000 		.4byte	0x4a4
 1085 06c5 78       		.byte	0x78
 1086 06c6 09       		.uleb128 0x9
 1087 06c7 C6060000 		.4byte	.LASF117
 1088 06cb 07       		.byte	0x7
 1089 06cc 8502     		.2byte	0x285
 1090 06ce C8000000 		.4byte	0xc8
 1091 06d2 80       		.byte	0x80
 1092 06d3 09       		.uleb128 0x9
 1093 06d4 BF020000 		.4byte	.LASF118
 1094 06d8 07       		.byte	0x7
 1095 06d9 8602     		.2byte	0x286
 1096 06db C8000000 		.4byte	0xc8
 1097 06df 84       		.byte	0x84
 1098 06e0 00       		.byte	0
 1099 06e1 15       		.uleb128 0x15
 1100 06e2 6C010000 		.4byte	.LASF119
 1101 06e6 07       		.byte	0x7
 1102 06e7 8802     		.2byte	0x288
 1103 06e9 52050000 		.4byte	0x552
 1104 06ed 04       		.uleb128 0x4
 1105 06ee D5010000 		.4byte	.LASF120
 1106 06f2 08       		.byte	0x8
 1107 06f3 85       		.byte	0x85
 1108 06f4 2E030000 		.4byte	0x32e
 1109 06f8 04       		.uleb128 0x4
 1110 06f9 24040000 		.4byte	.LASF121
 1111 06fd 08       		.byte	0x8
 1112 06fe 8D       		.byte	0x8d
 1113 06ff B8000000 		.4byte	0xb8
 1114 0703 06       		.uleb128 0x6
 1115 0704 9A060000 		.4byte	.LASF122
 1116 0708 04       		.byte	0x4
 1117 0709 08       		.byte	0x8
 1118 070a A9       		.byte	0xa9
 1119 070b 1C070000 		.4byte	0x71c
 1120 070f 16       		.uleb128 0x16
 1121 0710 72313300 		.ascii	"r13\000"
 1122 0714 08       		.byte	0x8
 1123 0715 AA       		.byte	0xaa
 1124 0716 97070000 		.4byte	0x797
 1125 071a 00       		.byte	0
 1126 071b 00       		.byte	0
 1127 071c 06       		.uleb128 0x6
 1128 071d 43000000 		.4byte	.LASF123
 1129 0721 24       		.byte	0x24
 1130 0722 09       		.byte	0x9
 1131 0723 F4       		.byte	0xf4
 1132 0724 97070000 		.4byte	0x797
 1133 0728 08       		.uleb128 0x8
 1134 0729 723400   		.ascii	"r4\000"
 1135 072c 09       		.byte	0x9
 1136 072d 0701     		.2byte	0x107
 1137 072f ED060000 		.4byte	0x6ed
 1138 0733 00       		.byte	0
ARM GAS  C:\Users\jo\AppData\Local\Temp\cceyydH8.s 			page 21


 1139 0734 08       		.uleb128 0x8
 1140 0735 723500   		.ascii	"r5\000"
 1141 0738 09       		.byte	0x9
 1142 0739 0801     		.2byte	0x108
 1143 073b ED060000 		.4byte	0x6ed
 1144 073f 04       		.byte	0x4
 1145 0740 08       		.uleb128 0x8
 1146 0741 723600   		.ascii	"r6\000"
 1147 0744 09       		.byte	0x9
 1148 0745 0901     		.2byte	0x109
 1149 0747 ED060000 		.4byte	0x6ed
 1150 074b 08       		.byte	0x8
 1151 074c 08       		.uleb128 0x8
 1152 074d 723700   		.ascii	"r7\000"
 1153 0750 09       		.byte	0x9
 1154 0751 0A01     		.2byte	0x10a
 1155 0753 ED060000 		.4byte	0x6ed
 1156 0757 0C       		.byte	0xc
 1157 0758 08       		.uleb128 0x8
 1158 0759 723800   		.ascii	"r8\000"
 1159 075c 09       		.byte	0x9
 1160 075d 0B01     		.2byte	0x10b
 1161 075f ED060000 		.4byte	0x6ed
 1162 0763 10       		.byte	0x10
 1163 0764 08       		.uleb128 0x8
 1164 0765 723900   		.ascii	"r9\000"
 1165 0768 09       		.byte	0x9
 1166 0769 0C01     		.2byte	0x10c
 1167 076b ED060000 		.4byte	0x6ed
 1168 076f 14       		.byte	0x14
 1169 0770 08       		.uleb128 0x8
 1170 0771 72313000 		.ascii	"r10\000"
 1171 0775 09       		.byte	0x9
 1172 0776 0D01     		.2byte	0x10d
 1173 0778 ED060000 		.4byte	0x6ed
 1174 077c 18       		.byte	0x18
 1175 077d 08       		.uleb128 0x8
 1176 077e 72313100 		.ascii	"r11\000"
 1177 0782 09       		.byte	0x9
 1178 0783 0E01     		.2byte	0x10e
 1179 0785 ED060000 		.4byte	0x6ed
 1180 0789 1C       		.byte	0x1c
 1181 078a 08       		.uleb128 0x8
 1182 078b 6C7200   		.ascii	"lr\000"
 1183 078e 09       		.byte	0x9
 1184 078f 0F01     		.2byte	0x10f
 1185 0791 ED060000 		.4byte	0x6ed
 1186 0795 20       		.byte	0x20
 1187 0796 00       		.byte	0
 1188 0797 0B       		.uleb128 0xb
 1189 0798 04       		.byte	0x4
 1190 0799 1C070000 		.4byte	0x71c
 1191 079d 17       		.uleb128 0x17
 1192 079e 10       		.byte	0x10
 1193 079f 0A       		.byte	0xa
 1194 07a0 56       		.byte	0x56
 1195 07a1 D6070000 		.4byte	0x7d6
ARM GAS  C:\Users\jo\AppData\Local\Temp\cceyydH8.s 			page 22


 1196 07a5 07       		.uleb128 0x7
 1197 07a6 14000000 		.4byte	.LASF124
 1198 07aa 0A       		.byte	0xa
 1199 07ab 5A       		.byte	0x5a
 1200 07ac 3B010000 		.4byte	0x13b
 1201 07b0 00       		.byte	0
 1202 07b1 07       		.uleb128 0x7
 1203 07b2 A7010000 		.4byte	.LASF125
 1204 07b6 0A       		.byte	0xa
 1205 07b7 5E       		.byte	0x5e
 1206 07b8 D6070000 		.4byte	0x7d6
 1207 07bc 04       		.byte	0x4
 1208 07bd 07       		.uleb128 0x7
 1209 07be 99070000 		.4byte	.LASF126
 1210 07c2 0A       		.byte	0xa
 1211 07c3 62       		.byte	0x62
 1212 07c4 2E030000 		.4byte	0x32e
 1213 07c8 08       		.byte	0x8
 1214 07c9 07       		.uleb128 0x7
 1215 07ca BE000000 		.4byte	.LASF127
 1216 07ce 0A       		.byte	0xa
 1217 07cf 66       		.byte	0x66
 1218 07d0 97000000 		.4byte	0x97
 1219 07d4 0C       		.byte	0xc
 1220 07d5 00       		.byte	0
 1221 07d6 0B       		.uleb128 0xb
 1222 07d7 04       		.byte	0x4
 1223 07d8 46010000 		.4byte	0x146
 1224 07dc 04       		.uleb128 0x4
 1225 07dd 78040000 		.4byte	.LASF128
 1226 07e1 0A       		.byte	0xa
 1227 07e2 67       		.byte	0x67
 1228 07e3 9D070000 		.4byte	0x79d
 1229 07e7 18       		.uleb128 0x18
 1230 07e8 0804     		.2byte	0x408
 1231 07ea 0A       		.byte	0xa
 1232 07eb 6C       		.byte	0x6c
 1233 07ec 15080000 		.4byte	0x815
 1234 07f0 07       		.uleb128 0x7
 1235 07f1 C5010000 		.4byte	.LASF129
 1236 07f5 0A       		.byte	0xa
 1237 07f6 70       		.byte	0x70
 1238 07f7 2C000000 		.4byte	0x2c
 1239 07fb 00       		.byte	0
 1240 07fc 07       		.uleb128 0x7
 1241 07fd 00000000 		.4byte	.LASF130
 1242 0801 0A       		.byte	0xa
 1243 0802 74       		.byte	0x74
 1244 0803 15080000 		.4byte	0x815
 1245 0807 04       		.byte	0x4
 1246 0808 07       		.uleb128 0x7
 1247 0809 07030000 		.4byte	.LASF131
 1248 080d 0A       		.byte	0xa
 1249 080e 78       		.byte	0x78
 1250 080f 1B080000 		.4byte	0x81b
 1251 0813 08       		.byte	0x8
 1252 0814 00       		.byte	0
ARM GAS  C:\Users\jo\AppData\Local\Temp\cceyydH8.s 			page 23


 1253 0815 0B       		.uleb128 0xb
 1254 0816 04       		.byte	0x4
 1255 0817 DC070000 		.4byte	0x7dc
 1256 081b 12       		.uleb128 0x12
 1257 081c DC070000 		.4byte	0x7dc
 1258 0820 2B080000 		.4byte	0x82b
 1259 0824 13       		.uleb128 0x13
 1260 0825 9D040000 		.4byte	0x49d
 1261 0829 3F       		.byte	0x3f
 1262 082a 00       		.byte	0
 1263 082b 04       		.uleb128 0x4
 1264 082c AC000000 		.4byte	.LASF132
 1265 0830 0A       		.byte	0xa
 1266 0831 79       		.byte	0x79
 1267 0832 E7070000 		.4byte	0x7e7
 1268 0836 17       		.uleb128 0x17
 1269 0837 04       		.byte	0x4
 1270 0838 0B       		.byte	0xb
 1271 0839 38       		.byte	0x38
 1272 083a 4B080000 		.4byte	0x84b
 1273 083e 07       		.uleb128 0x7
 1274 083f 83060000 		.4byte	.LASF133
 1275 0843 0B       		.byte	0xb
 1276 0844 3C       		.byte	0x3c
 1277 0845 CD000000 		.4byte	0xcd
 1278 0849 00       		.byte	0
 1279 084a 00       		.byte	0
 1280 084b 04       		.uleb128 0x4
 1281 084c B3040000 		.4byte	.LASF134
 1282 0850 0B       		.byte	0xb
 1283 0851 3D       		.byte	0x3d
 1284 0852 36080000 		.4byte	0x836
 1285 0856 17       		.uleb128 0x17
 1286 0857 18       		.byte	0x18
 1287 0858 0B       		.byte	0xb
 1288 0859 48       		.byte	0x48
 1289 085a 99080000 		.4byte	0x899
 1290 085e 07       		.uleb128 0x7
 1291 085f 3F060000 		.4byte	.LASF135
 1292 0863 0B       		.byte	0xb
 1293 0864 49       		.byte	0x49
 1294 0865 CD000000 		.4byte	0xcd
 1295 0869 00       		.byte	0
 1296 086a 07       		.uleb128 0x7
 1297 086b 75000000 		.4byte	.LASF136
 1298 086f 0B       		.byte	0xb
 1299 0870 4A       		.byte	0x4a
 1300 0871 CD000000 		.4byte	0xcd
 1301 0875 04       		.byte	0x4
 1302 0876 07       		.uleb128 0x7
 1303 0877 74060000 		.4byte	.LASF137
 1304 087b 0B       		.byte	0xb
 1305 087c 4B       		.byte	0x4b
 1306 087d CD000000 		.4byte	0xcd
 1307 0881 08       		.byte	0x8
 1308 0882 16       		.uleb128 0x16
 1309 0883 6E00     		.ascii	"n\000"
ARM GAS  C:\Users\jo\AppData\Local\Temp\cceyydH8.s 			page 24


 1310 0885 0B       		.byte	0xb
 1311 0886 4C       		.byte	0x4c
 1312 0887 30010000 		.4byte	0x130
 1313 088b 0C       		.byte	0xc
 1314 088c 07       		.uleb128 0x7
 1315 088d E2040000 		.4byte	.LASF138
 1316 0891 0B       		.byte	0xb
 1317 0892 4D       		.byte	0x4d
 1318 0893 D8000000 		.4byte	0xd8
 1319 0897 10       		.byte	0x10
 1320 0898 00       		.byte	0
 1321 0899 04       		.uleb128 0x4
 1322 089a 82000000 		.4byte	.LASF139
 1323 089e 0B       		.byte	0xb
 1324 089f 4E       		.byte	0x4e
 1325 08a0 56080000 		.4byte	0x856
 1326 08a4 17       		.uleb128 0x17
 1327 08a5 38       		.byte	0x38
 1328 08a6 0C       		.byte	0xc
 1329 08a7 38       		.byte	0x38
 1330 08a8 DD080000 		.4byte	0x8dd
 1331 08ac 07       		.uleb128 0x7
 1332 08ad 8D020000 		.4byte	.LASF140
 1333 08b1 0C       		.byte	0xc
 1334 08b2 39       		.byte	0x39
 1335 08b3 30010000 		.4byte	0x130
 1336 08b7 00       		.byte	0
 1337 08b8 07       		.uleb128 0x7
 1338 08b9 46050000 		.4byte	.LASF141
 1339 08bd 0C       		.byte	0xc
 1340 08be 3A       		.byte	0x3a
 1341 08bf 30010000 		.4byte	0x130
 1342 08c3 04       		.byte	0x4
 1343 08c4 07       		.uleb128 0x7
 1344 08c5 86070000 		.4byte	.LASF142
 1345 08c9 0C       		.byte	0xc
 1346 08ca 3B       		.byte	0x3b
 1347 08cb 99080000 		.4byte	0x899
 1348 08cf 08       		.byte	0x8
 1349 08d0 07       		.uleb128 0x7
 1350 08d1 1B030000 		.4byte	.LASF143
 1351 08d5 0C       		.byte	0xc
 1352 08d6 3D       		.byte	0x3d
 1353 08d7 99080000 		.4byte	0x899
 1354 08db 20       		.byte	0x20
 1355 08dc 00       		.byte	0
 1356 08dd 04       		.uleb128 0x4
 1357 08de A6020000 		.4byte	.LASF144
 1358 08e2 0C       		.byte	0xc
 1359 08e3 3F       		.byte	0x3f
 1360 08e4 A4080000 		.4byte	0x8a4
 1361 08e8 19       		.uleb128 0x19
 1362 08e9 04       		.byte	0x4
 1363 08ea 06       		.byte	0x6
 1364 08eb F6       		.byte	0xf6
 1365 08ec 20090000 		.4byte	0x920
 1366 08f0 1A       		.uleb128 0x1a
ARM GAS  C:\Users\jo\AppData\Local\Temp\cceyydH8.s 			page 25


 1367 08f1 1C000000 		.4byte	.LASF145
 1368 08f5 06       		.byte	0x6
 1369 08f6 FD       		.byte	0xfd
 1370 08f7 0F010000 		.4byte	0x10f
 1371 08fb 1B       		.uleb128 0x1b
 1372 08fc C7000000 		.4byte	.LASF146
 1373 0900 06       		.byte	0x6
 1374 0901 0401     		.2byte	0x104
 1375 0903 0F010000 		.4byte	0x10f
 1376 0907 1B       		.uleb128 0x1b
 1377 0908 FE060000 		.4byte	.LASF147
 1378 090c 06       		.byte	0x6
 1379 090d 0B01     		.2byte	0x10b
 1380 090f 2E030000 		.4byte	0x32e
 1381 0913 1B       		.uleb128 0x1b
 1382 0914 98050000 		.4byte	.LASF148
 1383 0918 06       		.byte	0x6
 1384 0919 1201     		.2byte	0x112
 1385 091b 1A010000 		.4byte	0x11a
 1386 091f 00       		.byte	0
 1387 0920 0B       		.uleb128 0xb
 1388 0921 04       		.byte	0x4
 1389 0922 26090000 		.4byte	0x926
 1390 0926 1C       		.uleb128 0x1c
 1391 0927 2B090000 		.4byte	0x92b
 1392 092b 03       		.uleb128 0x3
 1393 092c 01       		.byte	0x1
 1394 092d 08       		.byte	0x8
 1395 092e 28060000 		.4byte	.LASF149
 1396 0932 0B       		.uleb128 0xb
 1397 0933 04       		.byte	0x4
 1398 0934 F8060000 		.4byte	0x6f8
 1399 0938 06       		.uleb128 0x6
 1400 0939 40050000 		.4byte	.LASF150
 1401 093d 10       		.byte	0x10
 1402 093e 0D       		.byte	0xd
 1403 093f 39       		.byte	0x39
 1404 0940 69090000 		.4byte	0x969
 1405 0944 07       		.uleb128 0x7
 1406 0945 51010000 		.4byte	.LASF151
 1407 0949 0D       		.byte	0xd
 1408 094a 3A       		.byte	0x3a
 1409 094b 7B020000 		.4byte	0x27b
 1410 094f 00       		.byte	0
 1411 0950 07       		.uleb128 0x7
 1412 0951 91070000 		.4byte	.LASF152
 1413 0955 0D       		.byte	0xd
 1414 0956 3C       		.byte	0x3c
 1415 0957 D6070000 		.4byte	0x7d6
 1416 095b 08       		.byte	0x8
 1417 095c 07       		.uleb128 0x7
 1418 095d 44060000 		.4byte	.LASF153
 1419 0961 0D       		.byte	0xd
 1420 0962 3E       		.byte	0x3e
 1421 0963 95090000 		.4byte	0x995
 1422 0967 0C       		.byte	0xc
 1423 0968 00       		.byte	0
ARM GAS  C:\Users\jo\AppData\Local\Temp\cceyydH8.s 			page 26


 1424 0969 0B       		.uleb128 0xb
 1425 096a 04       		.byte	0x4
 1426 096b 38090000 		.4byte	0x938
 1427 096f 0B       		.uleb128 0xb
 1428 0970 04       		.byte	0x4
 1429 0971 30030000 		.4byte	0x330
 1430 0975 05       		.uleb128 0x5
 1431 0976 20090000 		.4byte	0x920
 1432 097a 12       		.uleb128 0x12
 1433 097b F8060000 		.4byte	0x6f8
 1434 097f 8A090000 		.4byte	0x98a
 1435 0983 13       		.uleb128 0x13
 1436 0984 9D040000 		.4byte	0x49d
 1437 0988 1E       		.byte	0x1e
 1438 0989 00       		.byte	0
 1439 098a 04       		.uleb128 0x4
 1440 098b 0C020000 		.4byte	.LASF154
 1441 098f 0D       		.byte	0xd
 1442 0990 34       		.byte	0x34
 1443 0991 38090000 		.4byte	0x938
 1444 0995 0B       		.uleb128 0xb
 1445 0996 04       		.byte	0x4
 1446 0997 8A090000 		.4byte	0x98a
 1447 099b 03       		.uleb128 0x3
 1448 099c 01       		.byte	0x1
 1449 099d 02       		.byte	0x2
 1450 099e 4F050000 		.4byte	.LASF155
 1451 09a2 1D       		.uleb128 0x1d
 1452 09a3 E0020000 		.4byte	.LASF160
 1453 09a7 01       		.byte	0x1
 1454 09a8 30       		.byte	0x30
 1455 09a9 01       		.byte	0x1
 1456 09aa 1E       		.uleb128 0x1e
 1457 09ab AA060000 		.4byte	.LASF161
 1458 09af 01       		.byte	0x1
 1459 09b0 6C       		.byte	0x6c
 1460 09b1 00000000 		.4byte	.LFB256
 1461 09b5 68000000 		.4byte	.LFE256-.LFB256
 1462 09b9 01       		.uleb128 0x1
 1463 09ba 9C       		.byte	0x9c
 1464 09bb D8090000 		.4byte	0x9d8
 1465 09bf 1F       		.uleb128 0x1f
 1466 09c0 A2090000 		.4byte	0x9a2
 1467 09c4 18000000 		.4byte	.LBB4
 1468 09c8 00000000 		.4byte	.Ldebug_ranges0+0
 1469 09cc 01       		.byte	0x1
 1470 09cd 79       		.byte	0x79
 1471 09ce 20       		.uleb128 0x20
 1472 09cf 5E000000 		.4byte	.LVL0
 1473 09d3 000A0000 		.4byte	0xa00
 1474 09d7 00       		.byte	0
 1475 09d8 21       		.uleb128 0x21
 1476 09d9 FB010000 		.4byte	.LASF162
 1477 09dd 01       		.byte	0x1
 1478 09de 8C       		.byte	0x8c
 1479 09df 00000000 		.4byte	.LFB257
 1480 09e3 C8000000 		.4byte	.LFE257-.LFB257
ARM GAS  C:\Users\jo\AppData\Local\Temp\cceyydH8.s 			page 27


 1481 09e7 01       		.uleb128 0x1
 1482 09e8 9C       		.byte	0x9c
 1483 09e9 22       		.uleb128 0x22
 1484 09ea F1000000 		.4byte	.LASF156
 1485 09ee 0E       		.byte	0xe
 1486 09ef A706     		.2byte	0x6a7
 1487 09f1 C3000000 		.4byte	0xc3
 1488 09f5 23       		.uleb128 0x23
 1489 09f6 636800   		.ascii	"ch\000"
 1490 09f9 06       		.byte	0x6
 1491 09fa EB01     		.2byte	0x1eb
 1492 09fc 25040000 		.4byte	0x425
 1493 0a00 24       		.uleb128 0x24
 1494 0a01 0E060000 		.4byte	.LASF163
 1495 0a05 0F       		.byte	0xf
 1496 0a06 C101     		.2byte	0x1c1
 1497 0a08 00       		.byte	0
 1498              		.section	.debug_abbrev,"",%progbits
 1499              	.Ldebug_abbrev0:
 1500 0000 01       		.uleb128 0x1
 1501 0001 11       		.uleb128 0x11
 1502 0002 01       		.byte	0x1
 1503 0003 25       		.uleb128 0x25
 1504 0004 0E       		.uleb128 0xe
 1505 0005 13       		.uleb128 0x13
 1506 0006 0B       		.uleb128 0xb
 1507 0007 03       		.uleb128 0x3
 1508 0008 0E       		.uleb128 0xe
 1509 0009 1B       		.uleb128 0x1b
 1510 000a 0E       		.uleb128 0xe
 1511 000b 55       		.uleb128 0x55
 1512 000c 17       		.uleb128 0x17
 1513 000d 11       		.uleb128 0x11
 1514 000e 01       		.uleb128 0x1
 1515 000f 10       		.uleb128 0x10
 1516 0010 17       		.uleb128 0x17
 1517 0011 00       		.byte	0
 1518 0012 00       		.byte	0
 1519 0013 02       		.uleb128 0x2
 1520 0014 24       		.uleb128 0x24
 1521 0015 00       		.byte	0
 1522 0016 0B       		.uleb128 0xb
 1523 0017 0B       		.uleb128 0xb
 1524 0018 3E       		.uleb128 0x3e
 1525 0019 0B       		.uleb128 0xb
 1526 001a 03       		.uleb128 0x3
 1527 001b 08       		.uleb128 0x8
 1528 001c 00       		.byte	0
 1529 001d 00       		.byte	0
 1530 001e 03       		.uleb128 0x3
 1531 001f 24       		.uleb128 0x24
 1532 0020 00       		.byte	0
 1533 0021 0B       		.uleb128 0xb
 1534 0022 0B       		.uleb128 0xb
 1535 0023 3E       		.uleb128 0x3e
 1536 0024 0B       		.uleb128 0xb
 1537 0025 03       		.uleb128 0x3
ARM GAS  C:\Users\jo\AppData\Local\Temp\cceyydH8.s 			page 28


 1538 0026 0E       		.uleb128 0xe
 1539 0027 00       		.byte	0
 1540 0028 00       		.byte	0
 1541 0029 04       		.uleb128 0x4
 1542 002a 16       		.uleb128 0x16
 1543 002b 00       		.byte	0
 1544 002c 03       		.uleb128 0x3
 1545 002d 0E       		.uleb128 0xe
 1546 002e 3A       		.uleb128 0x3a
 1547 002f 0B       		.uleb128 0xb
 1548 0030 3B       		.uleb128 0x3b
 1549 0031 0B       		.uleb128 0xb
 1550 0032 49       		.uleb128 0x49
 1551 0033 13       		.uleb128 0x13
 1552 0034 00       		.byte	0
 1553 0035 00       		.byte	0
 1554 0036 05       		.uleb128 0x5
 1555 0037 35       		.uleb128 0x35
 1556 0038 00       		.byte	0
 1557 0039 49       		.uleb128 0x49
 1558 003a 13       		.uleb128 0x13
 1559 003b 00       		.byte	0
 1560 003c 00       		.byte	0
 1561 003d 06       		.uleb128 0x6
 1562 003e 13       		.uleb128 0x13
 1563 003f 01       		.byte	0x1
 1564 0040 03       		.uleb128 0x3
 1565 0041 0E       		.uleb128 0xe
 1566 0042 0B       		.uleb128 0xb
 1567 0043 0B       		.uleb128 0xb
 1568 0044 3A       		.uleb128 0x3a
 1569 0045 0B       		.uleb128 0xb
 1570 0046 3B       		.uleb128 0x3b
 1571 0047 0B       		.uleb128 0xb
 1572 0048 01       		.uleb128 0x1
 1573 0049 13       		.uleb128 0x13
 1574 004a 00       		.byte	0
 1575 004b 00       		.byte	0
 1576 004c 07       		.uleb128 0x7
 1577 004d 0D       		.uleb128 0xd
 1578 004e 00       		.byte	0
 1579 004f 03       		.uleb128 0x3
 1580 0050 0E       		.uleb128 0xe
 1581 0051 3A       		.uleb128 0x3a
 1582 0052 0B       		.uleb128 0xb
 1583 0053 3B       		.uleb128 0x3b
 1584 0054 0B       		.uleb128 0xb
 1585 0055 49       		.uleb128 0x49
 1586 0056 13       		.uleb128 0x13
 1587 0057 38       		.uleb128 0x38
 1588 0058 0B       		.uleb128 0xb
 1589 0059 00       		.byte	0
 1590 005a 00       		.byte	0
 1591 005b 08       		.uleb128 0x8
 1592 005c 0D       		.uleb128 0xd
 1593 005d 00       		.byte	0
 1594 005e 03       		.uleb128 0x3
ARM GAS  C:\Users\jo\AppData\Local\Temp\cceyydH8.s 			page 29


 1595 005f 08       		.uleb128 0x8
 1596 0060 3A       		.uleb128 0x3a
 1597 0061 0B       		.uleb128 0xb
 1598 0062 3B       		.uleb128 0x3b
 1599 0063 05       		.uleb128 0x5
 1600 0064 49       		.uleb128 0x49
 1601 0065 13       		.uleb128 0x13
 1602 0066 38       		.uleb128 0x38
 1603 0067 0B       		.uleb128 0xb
 1604 0068 00       		.byte	0
 1605 0069 00       		.byte	0
 1606 006a 09       		.uleb128 0x9
 1607 006b 0D       		.uleb128 0xd
 1608 006c 00       		.byte	0
 1609 006d 03       		.uleb128 0x3
 1610 006e 0E       		.uleb128 0xe
 1611 006f 3A       		.uleb128 0x3a
 1612 0070 0B       		.uleb128 0xb
 1613 0071 3B       		.uleb128 0x3b
 1614 0072 05       		.uleb128 0x5
 1615 0073 49       		.uleb128 0x49
 1616 0074 13       		.uleb128 0x13
 1617 0075 38       		.uleb128 0x38
 1618 0076 0B       		.uleb128 0xb
 1619 0077 00       		.byte	0
 1620 0078 00       		.byte	0
 1621 0079 0A       		.uleb128 0xa
 1622 007a 13       		.uleb128 0x13
 1623 007b 01       		.byte	0x1
 1624 007c 03       		.uleb128 0x3
 1625 007d 0E       		.uleb128 0xe
 1626 007e 0B       		.uleb128 0xb
 1627 007f 0B       		.uleb128 0xb
 1628 0080 3A       		.uleb128 0x3a
 1629 0081 0B       		.uleb128 0xb
 1630 0082 3B       		.uleb128 0x3b
 1631 0083 05       		.uleb128 0x5
 1632 0084 01       		.uleb128 0x1
 1633 0085 13       		.uleb128 0x13
 1634 0086 00       		.byte	0
 1635 0087 00       		.byte	0
 1636 0088 0B       		.uleb128 0xb
 1637 0089 0F       		.uleb128 0xf
 1638 008a 00       		.byte	0
 1639 008b 0B       		.uleb128 0xb
 1640 008c 0B       		.uleb128 0xb
 1641 008d 49       		.uleb128 0x49
 1642 008e 13       		.uleb128 0x13
 1643 008f 00       		.byte	0
 1644 0090 00       		.byte	0
 1645 0091 0C       		.uleb128 0xc
 1646 0092 15       		.uleb128 0x15
 1647 0093 01       		.byte	0x1
 1648 0094 27       		.uleb128 0x27
 1649 0095 19       		.uleb128 0x19
 1650 0096 01       		.uleb128 0x1
 1651 0097 13       		.uleb128 0x13
ARM GAS  C:\Users\jo\AppData\Local\Temp\cceyydH8.s 			page 30


 1652 0098 00       		.byte	0
 1653 0099 00       		.byte	0
 1654 009a 0D       		.uleb128 0xd
 1655 009b 05       		.uleb128 0x5
 1656 009c 00       		.byte	0
 1657 009d 49       		.uleb128 0x49
 1658 009e 13       		.uleb128 0x13
 1659 009f 00       		.byte	0
 1660 00a0 00       		.byte	0
 1661 00a1 0E       		.uleb128 0xe
 1662 00a2 0F       		.uleb128 0xf
 1663 00a3 00       		.byte	0
 1664 00a4 0B       		.uleb128 0xb
 1665 00a5 0B       		.uleb128 0xb
 1666 00a6 00       		.byte	0
 1667 00a7 00       		.byte	0
 1668 00a8 0F       		.uleb128 0xf
 1669 00a9 13       		.uleb128 0x13
 1670 00aa 01       		.byte	0x1
 1671 00ab 03       		.uleb128 0x3
 1672 00ac 0E       		.uleb128 0xe
 1673 00ad 0B       		.uleb128 0xb
 1674 00ae 05       		.uleb128 0x5
 1675 00af 3A       		.uleb128 0x3a
 1676 00b0 0B       		.uleb128 0xb
 1677 00b1 3B       		.uleb128 0x3b
 1678 00b2 05       		.uleb128 0x5
 1679 00b3 01       		.uleb128 0x1
 1680 00b4 13       		.uleb128 0x13
 1681 00b5 00       		.byte	0
 1682 00b6 00       		.byte	0
 1683 00b7 10       		.uleb128 0x10
 1684 00b8 0D       		.uleb128 0xd
 1685 00b9 00       		.byte	0
 1686 00ba 03       		.uleb128 0x3
 1687 00bb 0E       		.uleb128 0xe
 1688 00bc 3A       		.uleb128 0x3a
 1689 00bd 0B       		.uleb128 0xb
 1690 00be 3B       		.uleb128 0x3b
 1691 00bf 05       		.uleb128 0x5
 1692 00c0 49       		.uleb128 0x49
 1693 00c1 13       		.uleb128 0x13
 1694 00c2 38       		.uleb128 0x38
 1695 00c3 05       		.uleb128 0x5
 1696 00c4 00       		.byte	0
 1697 00c5 00       		.byte	0
 1698 00c6 11       		.uleb128 0x11
 1699 00c7 0D       		.uleb128 0xd
 1700 00c8 00       		.byte	0
 1701 00c9 03       		.uleb128 0x3
 1702 00ca 08       		.uleb128 0x8
 1703 00cb 3A       		.uleb128 0x3a
 1704 00cc 0B       		.uleb128 0xb
 1705 00cd 3B       		.uleb128 0x3b
 1706 00ce 05       		.uleb128 0x5
 1707 00cf 49       		.uleb128 0x49
 1708 00d0 13       		.uleb128 0x13
ARM GAS  C:\Users\jo\AppData\Local\Temp\cceyydH8.s 			page 31


 1709 00d1 38       		.uleb128 0x38
 1710 00d2 05       		.uleb128 0x5
 1711 00d3 00       		.byte	0
 1712 00d4 00       		.byte	0
 1713 00d5 12       		.uleb128 0x12
 1714 00d6 01       		.uleb128 0x1
 1715 00d7 01       		.byte	0x1
 1716 00d8 49       		.uleb128 0x49
 1717 00d9 13       		.uleb128 0x13
 1718 00da 01       		.uleb128 0x1
 1719 00db 13       		.uleb128 0x13
 1720 00dc 00       		.byte	0
 1721 00dd 00       		.byte	0
 1722 00de 13       		.uleb128 0x13
 1723 00df 21       		.uleb128 0x21
 1724 00e0 00       		.byte	0
 1725 00e1 49       		.uleb128 0x49
 1726 00e2 13       		.uleb128 0x13
 1727 00e3 2F       		.uleb128 0x2f
 1728 00e4 0B       		.uleb128 0xb
 1729 00e5 00       		.byte	0
 1730 00e6 00       		.byte	0
 1731 00e7 14       		.uleb128 0x14
 1732 00e8 13       		.uleb128 0x13
 1733 00e9 01       		.byte	0x1
 1734 00ea 0B       		.uleb128 0xb
 1735 00eb 0B       		.uleb128 0xb
 1736 00ec 3A       		.uleb128 0x3a
 1737 00ed 0B       		.uleb128 0xb
 1738 00ee 3B       		.uleb128 0x3b
 1739 00ef 05       		.uleb128 0x5
 1740 00f0 01       		.uleb128 0x1
 1741 00f1 13       		.uleb128 0x13
 1742 00f2 00       		.byte	0
 1743 00f3 00       		.byte	0
 1744 00f4 15       		.uleb128 0x15
 1745 00f5 16       		.uleb128 0x16
 1746 00f6 00       		.byte	0
 1747 00f7 03       		.uleb128 0x3
 1748 00f8 0E       		.uleb128 0xe
 1749 00f9 3A       		.uleb128 0x3a
 1750 00fa 0B       		.uleb128 0xb
 1751 00fb 3B       		.uleb128 0x3b
 1752 00fc 05       		.uleb128 0x5
 1753 00fd 49       		.uleb128 0x49
 1754 00fe 13       		.uleb128 0x13
 1755 00ff 00       		.byte	0
 1756 0100 00       		.byte	0
 1757 0101 16       		.uleb128 0x16
 1758 0102 0D       		.uleb128 0xd
 1759 0103 00       		.byte	0
 1760 0104 03       		.uleb128 0x3
 1761 0105 08       		.uleb128 0x8
 1762 0106 3A       		.uleb128 0x3a
 1763 0107 0B       		.uleb128 0xb
 1764 0108 3B       		.uleb128 0x3b
 1765 0109 0B       		.uleb128 0xb
ARM GAS  C:\Users\jo\AppData\Local\Temp\cceyydH8.s 			page 32


 1766 010a 49       		.uleb128 0x49
 1767 010b 13       		.uleb128 0x13
 1768 010c 38       		.uleb128 0x38
 1769 010d 0B       		.uleb128 0xb
 1770 010e 00       		.byte	0
 1771 010f 00       		.byte	0
 1772 0110 17       		.uleb128 0x17
 1773 0111 13       		.uleb128 0x13
 1774 0112 01       		.byte	0x1
 1775 0113 0B       		.uleb128 0xb
 1776 0114 0B       		.uleb128 0xb
 1777 0115 3A       		.uleb128 0x3a
 1778 0116 0B       		.uleb128 0xb
 1779 0117 3B       		.uleb128 0x3b
 1780 0118 0B       		.uleb128 0xb
 1781 0119 01       		.uleb128 0x1
 1782 011a 13       		.uleb128 0x13
 1783 011b 00       		.byte	0
 1784 011c 00       		.byte	0
 1785 011d 18       		.uleb128 0x18
 1786 011e 13       		.uleb128 0x13
 1787 011f 01       		.byte	0x1
 1788 0120 0B       		.uleb128 0xb
 1789 0121 05       		.uleb128 0x5
 1790 0122 3A       		.uleb128 0x3a
 1791 0123 0B       		.uleb128 0xb
 1792 0124 3B       		.uleb128 0x3b
 1793 0125 0B       		.uleb128 0xb
 1794 0126 01       		.uleb128 0x1
 1795 0127 13       		.uleb128 0x13
 1796 0128 00       		.byte	0
 1797 0129 00       		.byte	0
 1798 012a 19       		.uleb128 0x19
 1799 012b 17       		.uleb128 0x17
 1800 012c 01       		.byte	0x1
 1801 012d 0B       		.uleb128 0xb
 1802 012e 0B       		.uleb128 0xb
 1803 012f 3A       		.uleb128 0x3a
 1804 0130 0B       		.uleb128 0xb
 1805 0131 3B       		.uleb128 0x3b
 1806 0132 0B       		.uleb128 0xb
 1807 0133 01       		.uleb128 0x1
 1808 0134 13       		.uleb128 0x13
 1809 0135 00       		.byte	0
 1810 0136 00       		.byte	0
 1811 0137 1A       		.uleb128 0x1a
 1812 0138 0D       		.uleb128 0xd
 1813 0139 00       		.byte	0
 1814 013a 03       		.uleb128 0x3
 1815 013b 0E       		.uleb128 0xe
 1816 013c 3A       		.uleb128 0x3a
 1817 013d 0B       		.uleb128 0xb
 1818 013e 3B       		.uleb128 0x3b
 1819 013f 0B       		.uleb128 0xb
 1820 0140 49       		.uleb128 0x49
 1821 0141 13       		.uleb128 0x13
 1822 0142 00       		.byte	0
ARM GAS  C:\Users\jo\AppData\Local\Temp\cceyydH8.s 			page 33


 1823 0143 00       		.byte	0
 1824 0144 1B       		.uleb128 0x1b
 1825 0145 0D       		.uleb128 0xd
 1826 0146 00       		.byte	0
 1827 0147 03       		.uleb128 0x3
 1828 0148 0E       		.uleb128 0xe
 1829 0149 3A       		.uleb128 0x3a
 1830 014a 0B       		.uleb128 0xb
 1831 014b 3B       		.uleb128 0x3b
 1832 014c 05       		.uleb128 0x5
 1833 014d 49       		.uleb128 0x49
 1834 014e 13       		.uleb128 0x13
 1835 014f 00       		.byte	0
 1836 0150 00       		.byte	0
 1837 0151 1C       		.uleb128 0x1c
 1838 0152 26       		.uleb128 0x26
 1839 0153 00       		.byte	0
 1840 0154 49       		.uleb128 0x49
 1841 0155 13       		.uleb128 0x13
 1842 0156 00       		.byte	0
 1843 0157 00       		.byte	0
 1844 0158 1D       		.uleb128 0x1d
 1845 0159 2E       		.uleb128 0x2e
 1846 015a 00       		.byte	0
 1847 015b 03       		.uleb128 0x3
 1848 015c 0E       		.uleb128 0xe
 1849 015d 3A       		.uleb128 0x3a
 1850 015e 0B       		.uleb128 0xb
 1851 015f 3B       		.uleb128 0x3b
 1852 0160 0B       		.uleb128 0xb
 1853 0161 27       		.uleb128 0x27
 1854 0162 19       		.uleb128 0x19
 1855 0163 20       		.uleb128 0x20
 1856 0164 0B       		.uleb128 0xb
 1857 0165 00       		.byte	0
 1858 0166 00       		.byte	0
 1859 0167 1E       		.uleb128 0x1e
 1860 0168 2E       		.uleb128 0x2e
 1861 0169 01       		.byte	0x1
 1862 016a 3F       		.uleb128 0x3f
 1863 016b 19       		.uleb128 0x19
 1864 016c 03       		.uleb128 0x3
 1865 016d 0E       		.uleb128 0xe
 1866 016e 3A       		.uleb128 0x3a
 1867 016f 0B       		.uleb128 0xb
 1868 0170 3B       		.uleb128 0x3b
 1869 0171 0B       		.uleb128 0xb
 1870 0172 27       		.uleb128 0x27
 1871 0173 19       		.uleb128 0x19
 1872 0174 11       		.uleb128 0x11
 1873 0175 01       		.uleb128 0x1
 1874 0176 12       		.uleb128 0x12
 1875 0177 06       		.uleb128 0x6
 1876 0178 40       		.uleb128 0x40
 1877 0179 18       		.uleb128 0x18
 1878 017a 9742     		.uleb128 0x2117
 1879 017c 19       		.uleb128 0x19
ARM GAS  C:\Users\jo\AppData\Local\Temp\cceyydH8.s 			page 34


 1880 017d 01       		.uleb128 0x1
 1881 017e 13       		.uleb128 0x13
 1882 017f 00       		.byte	0
 1883 0180 00       		.byte	0
 1884 0181 1F       		.uleb128 0x1f
 1885 0182 1D       		.uleb128 0x1d
 1886 0183 00       		.byte	0
 1887 0184 31       		.uleb128 0x31
 1888 0185 13       		.uleb128 0x13
 1889 0186 52       		.uleb128 0x52
 1890 0187 01       		.uleb128 0x1
 1891 0188 55       		.uleb128 0x55
 1892 0189 17       		.uleb128 0x17
 1893 018a 58       		.uleb128 0x58
 1894 018b 0B       		.uleb128 0xb
 1895 018c 59       		.uleb128 0x59
 1896 018d 0B       		.uleb128 0xb
 1897 018e 00       		.byte	0
 1898 018f 00       		.byte	0
 1899 0190 20       		.uleb128 0x20
 1900 0191 898201   		.uleb128 0x4109
 1901 0194 00       		.byte	0
 1902 0195 11       		.uleb128 0x11
 1903 0196 01       		.uleb128 0x1
 1904 0197 9542     		.uleb128 0x2115
 1905 0199 19       		.uleb128 0x19
 1906 019a 31       		.uleb128 0x31
 1907 019b 13       		.uleb128 0x13
 1908 019c 00       		.byte	0
 1909 019d 00       		.byte	0
 1910 019e 21       		.uleb128 0x21
 1911 019f 2E       		.uleb128 0x2e
 1912 01a0 00       		.byte	0
 1913 01a1 3F       		.uleb128 0x3f
 1914 01a2 19       		.uleb128 0x19
 1915 01a3 03       		.uleb128 0x3
 1916 01a4 0E       		.uleb128 0xe
 1917 01a5 3A       		.uleb128 0x3a
 1918 01a6 0B       		.uleb128 0xb
 1919 01a7 3B       		.uleb128 0x3b
 1920 01a8 0B       		.uleb128 0xb
 1921 01a9 27       		.uleb128 0x27
 1922 01aa 19       		.uleb128 0x19
 1923 01ab 11       		.uleb128 0x11
 1924 01ac 01       		.uleb128 0x1
 1925 01ad 12       		.uleb128 0x12
 1926 01ae 06       		.uleb128 0x6
 1927 01af 40       		.uleb128 0x40
 1928 01b0 18       		.uleb128 0x18
 1929 01b1 9742     		.uleb128 0x2117
 1930 01b3 19       		.uleb128 0x19
 1931 01b4 00       		.byte	0
 1932 01b5 00       		.byte	0
 1933 01b6 22       		.uleb128 0x22
 1934 01b7 34       		.uleb128 0x34
 1935 01b8 00       		.byte	0
 1936 01b9 03       		.uleb128 0x3
ARM GAS  C:\Users\jo\AppData\Local\Temp\cceyydH8.s 			page 35


 1937 01ba 0E       		.uleb128 0xe
 1938 01bb 3A       		.uleb128 0x3a
 1939 01bc 0B       		.uleb128 0xb
 1940 01bd 3B       		.uleb128 0x3b
 1941 01be 05       		.uleb128 0x5
 1942 01bf 49       		.uleb128 0x49
 1943 01c0 13       		.uleb128 0x13
 1944 01c1 3F       		.uleb128 0x3f
 1945 01c2 19       		.uleb128 0x19
 1946 01c3 3C       		.uleb128 0x3c
 1947 01c4 19       		.uleb128 0x19
 1948 01c5 00       		.byte	0
 1949 01c6 00       		.byte	0
 1950 01c7 23       		.uleb128 0x23
 1951 01c8 34       		.uleb128 0x34
 1952 01c9 00       		.byte	0
 1953 01ca 03       		.uleb128 0x3
 1954 01cb 08       		.uleb128 0x8
 1955 01cc 3A       		.uleb128 0x3a
 1956 01cd 0B       		.uleb128 0xb
 1957 01ce 3B       		.uleb128 0x3b
 1958 01cf 05       		.uleb128 0x5
 1959 01d0 49       		.uleb128 0x49
 1960 01d1 13       		.uleb128 0x13
 1961 01d2 3F       		.uleb128 0x3f
 1962 01d3 19       		.uleb128 0x19
 1963 01d4 3C       		.uleb128 0x3c
 1964 01d5 19       		.uleb128 0x19
 1965 01d6 00       		.byte	0
 1966 01d7 00       		.byte	0
 1967 01d8 24       		.uleb128 0x24
 1968 01d9 2E       		.uleb128 0x2e
 1969 01da 00       		.byte	0
 1970 01db 3F       		.uleb128 0x3f
 1971 01dc 19       		.uleb128 0x19
 1972 01dd 03       		.uleb128 0x3
 1973 01de 0E       		.uleb128 0xe
 1974 01df 3A       		.uleb128 0x3a
 1975 01e0 0B       		.uleb128 0xb
 1976 01e1 3B       		.uleb128 0x3b
 1977 01e2 05       		.uleb128 0x5
 1978 01e3 27       		.uleb128 0x27
 1979 01e4 19       		.uleb128 0x19
 1980 01e5 3C       		.uleb128 0x3c
 1981 01e6 19       		.uleb128 0x19
 1982 01e7 00       		.byte	0
 1983 01e8 00       		.byte	0
 1984 01e9 00       		.byte	0
 1985              		.section	.debug_aranges,"",%progbits
 1986 0000 24000000 		.4byte	0x24
 1987 0004 0200     		.2byte	0x2
 1988 0006 00000000 		.4byte	.Ldebug_info0
 1989 000a 04       		.byte	0x4
 1990 000b 00       		.byte	0
 1991 000c 0000     		.2byte	0
 1992 000e 0000     		.2byte	0
 1993 0010 00000000 		.4byte	.LFB256
ARM GAS  C:\Users\jo\AppData\Local\Temp\cceyydH8.s 			page 36


 1994 0014 68000000 		.4byte	.LFE256-.LFB256
 1995 0018 00000000 		.4byte	.LFB257
 1996 001c C8000000 		.4byte	.LFE257-.LFB257
 1997 0020 00000000 		.4byte	0
 1998 0024 00000000 		.4byte	0
 1999              		.section	.debug_ranges,"",%progbits
 2000              	.Ldebug_ranges0:
 2001 0000 18000000 		.4byte	.LBB4
 2002 0004 1A000000 		.4byte	.LBE4
 2003 0008 30000000 		.4byte	.LBB8
 2004 000c 4E000000 		.4byte	.LBE8
 2005 0010 52000000 		.4byte	.LBB9
 2006 0014 5A000000 		.4byte	.LBE9
 2007 0018 00000000 		.4byte	0
 2008 001c 00000000 		.4byte	0
 2009 0020 00000000 		.4byte	.LFB256
 2010 0024 68000000 		.4byte	.LFE256
 2011 0028 00000000 		.4byte	.LFB257
 2012 002c C8000000 		.4byte	.LFE257
 2013 0030 00000000 		.4byte	0
 2014 0034 00000000 		.4byte	0
 2015              		.section	.debug_line,"",%progbits
 2016              	.Ldebug_line0:
 2017 0000 C5020000 		.section	.debug_str,"MS",%progbits,1
 2017      02003602 
 2017      00000201 
 2017      FB0E0D00 
 2017      01010101 
 2018              	.LASF130:
 2019 0000 74625F70 		.ascii	"tb_ptr\000"
 2019      747200
 2020              	.LASF53:
 2021 0007 72656164 		.ascii	"ready_list_t\000"
 2021      795F6C69 
 2021      73745F74 
 2021      00
 2022              	.LASF124:
 2023 0014 73655F74 		.ascii	"se_time\000"
 2023      696D6500 
 2024              	.LASF145:
 2025 001c 7264796D 		.ascii	"rdymsg\000"
 2025      736700
 2026              	.LASF16:
 2027 0023 75696E74 		.ascii	"uint64_t\000"
 2027      36345F74 
 2027      00
 2028              	.LASF83:
 2029 002c 6B65726E 		.ascii	"kernel_stats\000"
 2029      656C5F73 
 2029      74617473 
 2029      00
 2030              	.LASF5:
 2031 0039 5F5F7569 		.ascii	"__uint8_t\000"
 2031      6E74385F 
 2031      7400
 2032              	.LASF123:
 2033 0043 706F7274 		.ascii	"port_intctx\000"
ARM GAS  C:\Users\jo\AppData\Local\Temp\cceyydH8.s 			page 37


 2033      5F696E74 
 2033      63747800 
 2034              	.LASF52:
 2035 004f 63685F74 		.ascii	"ch_threads_queue\000"
 2035      68726561 
 2035      64735F71 
 2035      75657565 
 2035      00
 2036              	.LASF72:
 2037 0060 73797374 		.ascii	"system_debug_t\000"
 2037      656D5F64 
 2037      65627567 
 2037      5F7400
 2038              	.LASF88:
 2039 006f 4F505443 		.ascii	"OPTCR\000"
 2039      5200
 2040              	.LASF136:
 2041 0075 776F7273 		.ascii	"worst\000"
 2041      7400
 2042              	.LASF89:
 2043 007b 4F505443 		.ascii	"OPTCR1\000"
 2043      523100
 2044              	.LASF139:
 2045 0082 74696D65 		.ascii	"time_measurement_t\000"
 2045      5F6D6561 
 2045      73757265 
 2045      6D656E74 
 2045      5F7400
 2046              	.LASF12:
 2047 0095 6C6F6E67 		.ascii	"long long unsigned int\000"
 2047      206C6F6E 
 2047      6720756E 
 2047      7369676E 
 2047      65642069 
 2048              	.LASF132:
 2049 00ac 63685F74 		.ascii	"ch_trace_buffer_t\000"
 2049      72616365 
 2049      5F627566 
 2049      6665725F 
 2049      7400
 2050              	.LASF127:
 2051 00be 73655F73 		.ascii	"se_state\000"
 2051      74617465 
 2051      00
 2052              	.LASF146:
 2053 00c7 65786974 		.ascii	"exitcode\000"
 2053      636F6465 
 2053      00
 2054              	.LASF82:
 2055 00d0 6D61696E 		.ascii	"mainthread\000"
 2055      74687265 
 2055      616400
 2056              	.LASF69:
 2057 00db 76697274 		.ascii	"virtual_timers_list_t\000"
 2057      75616C5F 
 2057      74696D65 
 2057      72735F6C 
ARM GAS  C:\Users\jo\AppData\Local\Temp\cceyydH8.s 			page 38


 2057      6973745F 
 2058              	.LASF156:
 2059 00f1 49544D5F 		.ascii	"ITM_RxBuffer\000"
 2059      52784275 
 2059      66666572 
 2059      00
 2060              	.LASF18:
 2061 00fe 72747469 		.ascii	"rttime_t\000"
 2061      6D655F74 
 2061      00
 2062              	.LASF108:
 2063 0107 41484231 		.ascii	"AHB1LPENR\000"
 2063      4C50454E 
 2063      5200
 2064              	.LASF31:
 2065 0111 705F7072 		.ascii	"p_prio\000"
 2065      696F00
 2066              	.LASF10:
 2067 0118 6C6F6E67 		.ascii	"long long int\000"
 2067      206C6F6E 
 2067      6720696E 
 2067      7400
 2068              	.LASF1:
 2069 0126 7369676E 		.ascii	"signed char\000"
 2069      65642063 
 2069      68617200 
 2070              	.LASF94:
 2071 0132 41484231 		.ascii	"AHB1RSTR\000"
 2071      52535452 
 2071      00
 2072              	.LASF90:
 2073 013b 464C4153 		.ascii	"FLASH_TypeDef\000"
 2073      485F5479 
 2073      70654465 
 2073      6600
 2074              	.LASF46:
 2075 0149 705F6D70 		.ascii	"p_mpool\000"
 2075      6F6F6C00 
 2076              	.LASF151:
 2077 0151 6D5F7175 		.ascii	"m_queue\000"
 2077      65756500 
 2078              	.LASF81:
 2079 0159 76746C69 		.ascii	"vtlist\000"
 2079      737400
 2080              	.LASF91:
 2081 0160 5057525F 		.ascii	"PWR_TypeDef\000"
 2081      54797065 
 2081      44656600 
 2082              	.LASF119:
 2083 016c 5243435F 		.ascii	"RCC_TypeDef\000"
 2083      54797065 
 2083      44656600 
 2084              	.LASF79:
 2085 0178 63685F73 		.ascii	"ch_system\000"
 2085      79737465 
 2085      6D00
 2086              	.LASF7:
ARM GAS  C:\Users\jo\AppData\Local\Temp\cceyydH8.s 			page 39


 2087 0182 6C6F6E67 		.ascii	"long int\000"
 2087      20696E74 
 2087      00
 2088              	.LASF99:
 2089 018b 41504232 		.ascii	"APB2RSTR\000"
 2089      52535452 
 2089      00
 2090              	.LASF112:
 2091 0194 41504231 		.ascii	"APB1LPENR\000"
 2091      4C50454E 
 2091      5200
 2092              	.LASF20:
 2093 019e 74737461 		.ascii	"tstate_t\000"
 2093      74655F74 
 2093      00
 2094              	.LASF125:
 2095 01a7 73655F74 		.ascii	"se_tp\000"
 2095      7000
 2096              	.LASF87:
 2097 01ad 4F50544B 		.ascii	"OPTKEYR\000"
 2097      45595200 
 2098              	.LASF33:
 2099 01b5 705F6E65 		.ascii	"p_newer\000"
 2099      77657200 
 2100              	.LASF92:
 2101 01bd 504C4C43 		.ascii	"PLLCFGR\000"
 2101      46475200 
 2102              	.LASF129:
 2103 01c5 74625F73 		.ascii	"tb_size\000"
 2103      697A6500 
 2104              	.LASF58:
 2105 01cd 725F6E65 		.ascii	"r_newer\000"
 2105      77657200 
 2106              	.LASF120:
 2107 01d5 72656761 		.ascii	"regarm_t\000"
 2107      726D5F74 
 2107      00
 2108              	.LASF65:
 2109 01de 76745F70 		.ascii	"vt_prev\000"
 2109      72657600 
 2110              	.LASF86:
 2111 01e6 4B455952 		.ascii	"KEYR\000"
 2111      00
 2112              	.LASF73:
 2113 01eb 63685F73 		.ascii	"ch_system_debug\000"
 2113      79737465 
 2113      6D5F6465 
 2113      62756700 
 2114              	.LASF162:
 2115 01fb 73746D33 		.ascii	"stm32_clock_init\000"
 2115      325F636C 
 2115      6F636B5F 
 2115      696E6974 
 2115      00
 2116              	.LASF154:
 2117 020c 6D757465 		.ascii	"mutex_t\000"
 2117      785F7400 
ARM GAS  C:\Users\jo\AppData\Local\Temp\cceyydH8.s 			page 40


 2118              	.LASF76:
 2119 0214 6C6F636B 		.ascii	"lock_cnt\000"
 2119      5F636E74 
 2119      00
 2120              	.LASF84:
 2121 021d 69646C65 		.ascii	"idle_thread_wa\000"
 2121      5F746872 
 2121      6561645F 
 2121      776100
 2122              	.LASF25:
 2123 022c 636E745F 		.ascii	"cnt_t\000"
 2123      7400
 2124              	.LASF36:
 2125 0232 705F7374 		.ascii	"p_stklimit\000"
 2125      6B6C696D 
 2125      697400
 2126              	.LASF0:
 2127 023d 756E7369 		.ascii	"unsigned int\000"
 2127      676E6564 
 2127      20696E74 
 2127      00
 2128              	.LASF64:
 2129 024a 76745F6E 		.ascii	"vt_next\000"
 2129      65787400 
 2130              	.LASF41:
 2131 0252 705F6D73 		.ascii	"p_msgqueue\000"
 2131      67717565 
 2131      756500
 2132              	.LASF158:
 2133 025d 2E2E2F2E 		.ascii	"../../../os/hal/ports/STM32/STM32F4xx/hal_lld.c\000"
 2133      2E2F2E2E 
 2133      2F6F732F 
 2133      68616C2F 
 2133      706F7274 
 2134              	.LASF140:
 2135 028d 6E5F6972 		.ascii	"n_irq\000"
 2135      7100
 2136              	.LASF4:
 2137 0293 73686F72 		.ascii	"short unsigned int\000"
 2137      7420756E 
 2137      7369676E 
 2137      65642069 
 2137      6E7400
 2138              	.LASF144:
 2139 02a6 6B65726E 		.ascii	"kernel_stats_t\000"
 2139      656C5F73 
 2139      74617473 
 2139      5F7400
 2140              	.LASF49:
 2141 02b5 63685F74 		.ascii	"ch_thread\000"
 2141      68726561 
 2141      6400
 2142              	.LASF118:
 2143 02bf 504C4C49 		.ascii	"PLLI2SCFGR\000"
 2143      32534346 
 2143      475200
 2144              	.LASF23:
ARM GAS  C:\Users\jo\AppData\Local\Temp\cceyydH8.s 			page 41


 2145 02ca 6D73675F 		.ascii	"msg_t\000"
 2145      7400
 2146              	.LASF96:
 2147 02d0 41484233 		.ascii	"AHB3RSTR\000"
 2147      52535452 
 2147      00
 2148              	.LASF26:
 2149 02d9 75636E74 		.ascii	"ucnt_t\000"
 2149      5F7400
 2150              	.LASF160:
 2151 02e0 68616C5F 		.ascii	"hal_lld_backup_domain_init\000"
 2151      6C6C645F 
 2151      6261636B 
 2151      75705F64 
 2151      6F6D6169 
 2152              	.LASF78:
 2153 02fb 63685F73 		.ascii	"ch_system_t\000"
 2153      79737465 
 2153      6D5F7400 
 2154              	.LASF131:
 2155 0307 74625F62 		.ascii	"tb_buffer\000"
 2155      75666665 
 2155      7200
 2156              	.LASF113:
 2157 0311 41504232 		.ascii	"APB2LPENR\000"
 2157      4C50454E 
 2157      5200
 2158              	.LASF143:
 2159 031b 6D5F6372 		.ascii	"m_crit_isr\000"
 2159      69745F69 
 2159      737200
 2160              	.LASF54:
 2161 0326 63685F72 		.ascii	"ch_ready_list\000"
 2161      65616479 
 2161      5F6C6973 
 2161      7400
 2162              	.LASF24:
 2163 0334 6576656E 		.ascii	"eventmask_t\000"
 2163      746D6173 
 2163      6B5F7400 
 2164              	.LASF6:
 2165 0340 5F5F696E 		.ascii	"__int32_t\000"
 2165      7433325F 
 2165      7400
 2166              	.LASF157:
 2167 034a 474E5520 		.ascii	"GNU C 4.9.3 20141119 (release) [ARM/embedded-4_9-br"
 2167      4320342E 
 2167      392E3320 
 2167      32303134 
 2167      31313139 
 2168 037d 616E6368 		.ascii	"anch revision 218278] -mcpu=cortex-m4 -mno-thumb-in"
 2168      20726576 
 2168      6973696F 
 2168      6E203231 
 2168      38323738 
 2169 03b0 74657277 		.ascii	"terwork -mthumb -ggdb -O2 -fomit-frame-pointer -fal"
 2169      6F726B20 
ARM GAS  C:\Users\jo\AppData\Local\Temp\cceyydH8.s 			page 42


 2169      2D6D7468 
 2169      756D6220 
 2169      2D676764 
 2170 03e3 69676E2D 		.ascii	"ign-functions=16 -ffunction-sections -fdata-section"
 2170      66756E63 
 2170      74696F6E 
 2170      733D3136 
 2170      202D6666 
 2171 0416 73202D66 		.ascii	"s -fno-common\000"
 2171      6E6F2D63 
 2171      6F6D6D6F 
 2171      6E00
 2172              	.LASF121:
 2173 0424 73746B61 		.ascii	"stkalign_t\000"
 2173      6C69676E 
 2173      5F7400
 2174              	.LASF48:
 2175 042f 74687265 		.ascii	"threads_list_t\000"
 2175      6164735F 
 2175      6C697374 
 2175      5F7400
 2176              	.LASF62:
 2177 043e 76697274 		.ascii	"virtual_timer_t\000"
 2177      75616C5F 
 2177      74696D65 
 2177      725F7400 
 2178              	.LASF40:
 2179 044e 705F7761 		.ascii	"p_waiting\000"
 2179      6974696E 
 2179      6700
 2180              	.LASF85:
 2181 0458 73697A65 		.ascii	"sizetype\000"
 2181      74797065 
 2181      00
 2182              	.LASF70:
 2183 0461 63685F76 		.ascii	"ch_virtual_timers_list\000"
 2183      69727475 
 2183      616C5F74 
 2183      696D6572 
 2183      735F6C69 
 2184              	.LASF128:
 2185 0478 63685F73 		.ascii	"ch_swc_event_t\000"
 2185      77635F65 
 2185      76656E74 
 2185      5F7400
 2186              	.LASF103:
 2187 0487 41484233 		.ascii	"AHB3ENR\000"
 2187      454E5200 
 2188              	.LASF71:
 2189 048f 76745F6C 		.ascii	"vt_lasttime\000"
 2189      61737474 
 2189      696D6500 
 2190              	.LASF34:
 2191 049b 705F6F6C 		.ascii	"p_older\000"
 2191      64657200 
 2192              	.LASF57:
 2193 04a3 725F6374 		.ascii	"r_ctx\000"
ARM GAS  C:\Users\jo\AppData\Local\Temp\cceyydH8.s 			page 43


 2193      7800
 2194              	.LASF109:
 2195 04a9 41484232 		.ascii	"AHB2LPENR\000"
 2195      4C50454E 
 2195      5200
 2196              	.LASF134:
 2197 04b3 746D5F63 		.ascii	"tm_calibration_t\000"
 2197      616C6962 
 2197      72617469 
 2197      6F6E5F74 
 2197      00
 2198              	.LASF60:
 2199 04c4 725F6375 		.ascii	"r_current\000"
 2199      7272656E 
 2199      7400
 2200              	.LASF98:
 2201 04ce 41504231 		.ascii	"APB1RSTR\000"
 2201      52535452 
 2201      00
 2202              	.LASF11:
 2203 04d7 5F5F7569 		.ascii	"__uint64_t\000"
 2203      6E743634 
 2203      5F7400
 2204              	.LASF138:
 2205 04e2 63756D75 		.ascii	"cumulative\000"
 2205      6C617469 
 2205      766500
 2206              	.LASF21:
 2207 04ed 74726566 		.ascii	"trefs_t\000"
 2207      735F7400 
 2208              	.LASF97:
 2209 04f5 52455345 		.ascii	"RESERVED0\000"
 2209      52564544 
 2209      3000
 2210              	.LASF100:
 2211 04ff 52455345 		.ascii	"RESERVED1\000"
 2211      52564544 
 2211      3100
 2212              	.LASF104:
 2213 0509 52455345 		.ascii	"RESERVED2\000"
 2213      52564544 
 2213      3200
 2214              	.LASF107:
 2215 0513 52455345 		.ascii	"RESERVED3\000"
 2215      52564544 
 2215      3300
 2216              	.LASF111:
 2217 051d 52455345 		.ascii	"RESERVED4\000"
 2217      52564544 
 2217      3400
 2218              	.LASF30:
 2219 0527 705F7072 		.ascii	"p_prev\000"
 2219      657600
 2220              	.LASF116:
 2221 052e 52455345 		.ascii	"RESERVED6\000"
 2221      52564544 
 2221      3600
ARM GAS  C:\Users\jo\AppData\Local\Temp\cceyydH8.s 			page 44


 2222              	.LASF22:
 2223 0538 74707269 		.ascii	"tprio_t\000"
 2223      6F5F7400 
 2224              	.LASF150:
 2225 0540 6D757465 		.ascii	"mutex\000"
 2225      7800
 2226              	.LASF141:
 2227 0546 6E5F6374 		.ascii	"n_ctxswc\000"
 2227      78737763 
 2227      00
 2228              	.LASF155:
 2229 054f 5F426F6F 		.ascii	"_Bool\000"
 2229      6C00
 2230              	.LASF14:
 2231 0555 696E7433 		.ascii	"int32_t\000"
 2231      325F7400 
 2232              	.LASF2:
 2233 055d 756E7369 		.ascii	"unsigned char\000"
 2233      676E6564 
 2233      20636861 
 2233      7200
 2234              	.LASF44:
 2235 056b 705F6D74 		.ascii	"p_mtxlist\000"
 2235      786C6973 
 2235      7400
 2236              	.LASF3:
 2237 0575 73686F72 		.ascii	"short int\000"
 2237      7420696E 
 2237      7400
 2238              	.LASF37:
 2239 057f 705F7374 		.ascii	"p_state\000"
 2239      61746500 
 2240              	.LASF110:
 2241 0587 41484233 		.ascii	"AHB3LPENR\000"
 2241      4C50454E 
 2241      5200
 2242              	.LASF56:
 2243 0591 725F7072 		.ascii	"r_prio\000"
 2243      696F00
 2244              	.LASF148:
 2245 0598 65776D61 		.ascii	"ewmask\000"
 2245      736B00
 2246              	.LASF29:
 2247 059f 705F6E65 		.ascii	"p_next\000"
 2247      787400
 2248              	.LASF38:
 2249 05a6 705F666C 		.ascii	"p_flags\000"
 2249      61677300 
 2250              	.LASF47:
 2251 05ae 705F7374 		.ascii	"p_stats\000"
 2251      61747300 
 2252              	.LASF106:
 2253 05b6 41504232 		.ascii	"APB2ENR\000"
 2253      454E5200 
 2254              	.LASF63:
 2255 05be 63685F76 		.ascii	"ch_virtual_timer\000"
 2255      69727475 
ARM GAS  C:\Users\jo\AppData\Local\Temp\cceyydH8.s 			page 45


 2255      616C5F74 
 2255      696D6572 
 2255      00
 2256              	.LASF43:
 2257 05cf 705F6570 		.ascii	"p_epending\000"
 2257      656E6469 
 2257      6E6700
 2258              	.LASF114:
 2259 05da 52455345 		.ascii	"RESERVED5\000"
 2259      52564544 
 2259      3500
 2260              	.LASF15:
 2261 05e4 75696E74 		.ascii	"uint32_t\000"
 2261      33325F74 
 2261      00
 2262              	.LASF55:
 2263 05ed 725F7175 		.ascii	"r_queue\000"
 2263      65756500 
 2264              	.LASF66:
 2265 05f5 76745F64 		.ascii	"vt_delta\000"
 2265      656C7461 
 2265      00
 2266              	.LASF50:
 2267 05fe 63685F74 		.ascii	"ch_threads_list\000"
 2267      68726561 
 2267      64735F6C 
 2267      69737400 
 2268              	.LASF163:
 2269 060e 646D6149 		.ascii	"dmaInit\000"
 2269      6E697400 
 2270              	.LASF9:
 2271 0616 6C6F6E67 		.ascii	"long unsigned int\000"
 2271      20756E73 
 2271      69676E65 
 2271      6420696E 
 2271      7400
 2272              	.LASF149:
 2273 0628 63686172 		.ascii	"char\000"
 2273      00
 2274              	.LASF95:
 2275 062d 41484232 		.ascii	"AHB2RSTR\000"
 2275      52535452 
 2275      00
 2276              	.LASF28:
 2277 0636 74687265 		.ascii	"thread_t\000"
 2277      61645F74 
 2277      00
 2278              	.LASF135:
 2279 063f 62657374 		.ascii	"best\000"
 2279      00
 2280              	.LASF153:
 2281 0644 6D5F6E65 		.ascii	"m_next\000"
 2281      787400
 2282              	.LASF27:
 2283 064b 73797374 		.ascii	"systime_t\000"
 2283      696D655F 
 2283      7400
ARM GAS  C:\Users\jo\AppData\Local\Temp\cceyydH8.s 			page 46


 2284              	.LASF45:
 2285 0655 705F7265 		.ascii	"p_realprio\000"
 2285      616C7072 
 2285      696F00
 2286              	.LASF61:
 2287 0660 76746675 		.ascii	"vtfunc_t\000"
 2287      6E635F74 
 2287      00
 2288              	.LASF8:
 2289 0669 5F5F7569 		.ascii	"__uint32_t\000"
 2289      6E743332 
 2289      5F7400
 2290              	.LASF137:
 2291 0674 6C617374 		.ascii	"last\000"
 2291      00
 2292              	.LASF74:
 2293 0679 70616E69 		.ascii	"panic_msg\000"
 2293      635F6D73 
 2293      6700
 2294              	.LASF133:
 2295 0683 6F666673 		.ascii	"offset\000"
 2295      657400
 2296              	.LASF105:
 2297 068a 41504231 		.ascii	"APB1ENR\000"
 2297      454E5200 
 2298              	.LASF102:
 2299 0692 41484232 		.ascii	"AHB2ENR\000"
 2299      454E5200 
 2300              	.LASF122:
 2301 069a 636F6E74 		.ascii	"context\000"
 2301      65787400 
 2302              	.LASF59:
 2303 06a2 725F6F6C 		.ascii	"r_older\000"
 2303      64657200 
 2304              	.LASF161:
 2305 06aa 68616C5F 		.ascii	"hal_lld_init\000"
 2305      6C6C645F 
 2305      696E6974 
 2305      00
 2306              	.LASF17:
 2307 06b7 7274636E 		.ascii	"rtcnt_t\000"
 2307      745F7400 
 2308              	.LASF68:
 2309 06bf 76745F70 		.ascii	"vt_par\000"
 2309      617200
 2310              	.LASF117:
 2311 06c6 53534347 		.ascii	"SSCGR\000"
 2311      5200
 2312              	.LASF51:
 2313 06cc 74687265 		.ascii	"threads_queue_t\000"
 2313      6164735F 
 2313      71756575 
 2313      655F7400 
 2314              	.LASF39:
 2315 06dc 705F7265 		.ascii	"p_refs\000"
 2315      667300
 2316              	.LASF75:
ARM GAS  C:\Users\jo\AppData\Local\Temp\cceyydH8.s 			page 47


 2317 06e3 6973725F 		.ascii	"isr_cnt\000"
 2317      636E7400 
 2318              	.LASF115:
 2319 06eb 42444352 		.ascii	"BDCR\000"
 2319      00
 2320              	.LASF80:
 2321 06f0 726C6973 		.ascii	"rlist\000"
 2321      7400
 2322              	.LASF13:
 2323 06f6 75696E74 		.ascii	"uint8_t\000"
 2323      385F7400 
 2324              	.LASF147:
 2325 06fe 77746F62 		.ascii	"wtobjp\000"
 2325      6A7000
 2326              	.LASF35:
 2327 0705 705F6E61 		.ascii	"p_name\000"
 2327      6D6500
 2328              	.LASF101:
 2329 070c 41484231 		.ascii	"AHB1ENR\000"
 2329      454E5200 
 2330              	.LASF93:
 2331 0714 43464752 		.ascii	"CFGR\000"
 2331      00
 2332              	.LASF19:
 2333 0719 746D6F64 		.ascii	"tmode_t\000"
 2333      655F7400 
 2334              	.LASF77:
 2335 0721 74726163 		.ascii	"trace_buffer\000"
 2335      655F6275 
 2335      66666572 
 2335      00
 2336              	.LASF159:
 2337 072e 433A5C55 		.ascii	"C:\\Users\\jo\\Documents\\GitHub\\ChibiOS\\demos\\S"
 2337      73657273 
 2337      5C6A6F5C 
 2337      446F6375 
 2337      6D656E74 
 2338 075a 544D3332 		.ascii	"TM32\\RT-STM32F407-DISCOVERY-ARRAYLIST\000"
 2338      5C52542D 
 2338      53544D33 
 2338      32463430 
 2338      372D4449 
 2339              	.LASF42:
 2340 0780 705F6D73 		.ascii	"p_msg\000"
 2340      6700
 2341              	.LASF142:
 2342 0786 6D5F6372 		.ascii	"m_crit_thd\000"
 2342      69745F74 
 2342      686400
 2343              	.LASF152:
 2344 0791 6D5F6F77 		.ascii	"m_owner\000"
 2344      6E657200 
 2345              	.LASF126:
 2346 0799 73655F77 		.ascii	"se_wtobjp\000"
 2346      746F626A 
 2346      7000
 2347              	.LASF32:
ARM GAS  C:\Users\jo\AppData\Local\Temp\cceyydH8.s 			page 48


 2348 07a3 705F6374 		.ascii	"p_ctx\000"
 2348      7800
 2349              	.LASF67:
 2350 07a9 76745F66 		.ascii	"vt_func\000"
 2350      756E6300 
 2351              		.ident	"GCC: (GNU Tools for ARM Embedded Processors) 4.9.3 20141119 (release) [ARM/embedded-4_9-br
ARM GAS  C:\Users\jo\AppData\Local\Temp\cceyydH8.s 			page 49


DEFINED SYMBOLS
                            *ABS*:00000000 hal_lld.c
C:\Users\jo\AppData\Local\Temp\cceyydH8.s:19     .text.hal_lld_init:00000000 $t
C:\Users\jo\AppData\Local\Temp\cceyydH8.s:25     .text.hal_lld_init:00000000 hal_lld_init
C:\Users\jo\AppData\Local\Temp\cceyydH8.s:108    .text.hal_lld_init:00000060 $d
C:\Users\jo\AppData\Local\Temp\cceyydH8.s:114    .text.stm32_clock_init:00000000 $t
C:\Users\jo\AppData\Local\Temp\cceyydH8.s:120    .text.stm32_clock_init:00000000 stm32_clock_init
C:\Users\jo\AppData\Local\Temp\cceyydH8.s:244    .text.stm32_clock_init:000000b4 $d
                     .debug_frame:00000010 $d
C:\Users\jo\AppData\Local\Temp\cceyydH8.s:113    .text.hal_lld_init:00000068 $t
C:\Users\jo\AppData\Local\Temp\cceyydH8.s:252    .text.stm32_clock_init:000000c8 $t

UNDEFINED SYMBOLS
dmaInit
