ARM GAS  C:\Users\jo\AppData\Local\Temp\ccGj2Yng.s 			page 1


   1              		.syntax unified
   2              		.cpu cortex-m4
   3              		.fpu softvfp
   4              		.eabi_attribute 20, 1
   5              		.eabi_attribute 21, 1
   6              		.eabi_attribute 23, 3
   7              		.eabi_attribute 24, 1
   8              		.eabi_attribute 25, 1
   9              		.eabi_attribute 26, 1
  10              		.eabi_attribute 30, 2
  11              		.eabi_attribute 34, 1
  12              		.eabi_attribute 18, 4
  13              		.thumb
  14              		.file	"i2c_lld.c"
  15              		.text
  16              	.Ltext0:
  17              		.cfi_sections	.debug_frame
  18              	.Letext0:
  19              		.file 1 "c:\\program files\\gnu tools arm embedded\\4.9 2014q4\\arm-none-eabi\\include\\machine\\_
  20              		.file 2 "c:\\program files\\gnu tools arm embedded\\4.9 2014q4\\arm-none-eabi\\include\\stdint.h"
  21              		.file 3 "../../../os/rt/ports/ARMCMx/compilers/GCC/chtypes.h"
  22              		.file 4 "../../../os/rt/include/chsystypes.h"
  23              		.file 5 "../../../os/rt/include/chschd.h"
  24              		.file 6 "../../../os/rt/ports/ARMCMx/chcore.h"
  25              		.file 7 "../../../os/rt/ports/ARMCMx/chcore_v7m.h"
  26              		.file 8 "../../../os/rt/include/chdebug.h"
  27              		.file 9 "../../../os/rt/include/chtm.h"
  28              		.file 10 "../../../os/rt/include/chstats.h"
  29              		.file 11 "../../../os/rt/include/chmtx.h"
  30              		.file 12 "../../../os/ext/CMSIS/include/core_cm4.h"
  31              		.section	.debug_info,"",%progbits
  32              	.Ldebug_info0:
  33 0000 60070000 		.4byte	0x760
  34 0004 0400     		.2byte	0x4
  35 0006 00000000 		.4byte	.Ldebug_abbrev0
  36 000a 04       		.byte	0x4
  37 000b 01       		.uleb128 0x1
  38 000c 95020000 		.4byte	.LASF123
  39 0010 01       		.byte	0x1
  40 0011 36020000 		.4byte	.LASF124
  41 0015 BD050000 		.4byte	.LASF125
  42 0019 00000000 		.4byte	.Ldebug_line0
  43 001d 02       		.uleb128 0x2
  44 001e 04       		.byte	0x4
  45 001f 05       		.byte	0x5
  46 0020 696E7400 		.ascii	"int\000"
  47 0024 03       		.uleb128 0x3
  48 0025 04       		.byte	0x4
  49 0026 07       		.byte	0x7
  50 0027 BE010000 		.4byte	.LASF0
  51 002b 03       		.uleb128 0x3
  52 002c 01       		.byte	0x1
  53 002d 06       		.byte	0x6
  54 002e 0F010000 		.4byte	.LASF1
  55 0032 04       		.uleb128 0x4
  56 0033 39000000 		.4byte	.LASF5
  57 0037 01       		.byte	0x1
ARM GAS  C:\Users\jo\AppData\Local\Temp\ccGj2Yng.s 			page 2


  58 0038 1D       		.byte	0x1d
  59 0039 3D000000 		.4byte	0x3d
  60 003d 03       		.uleb128 0x3
  61 003e 01       		.byte	0x1
  62 003f 08       		.byte	0x8
  63 0040 54040000 		.4byte	.LASF2
  64 0044 03       		.uleb128 0x3
  65 0045 02       		.byte	0x2
  66 0046 05       		.byte	0x5
  67 0047 6C040000 		.4byte	.LASF3
  68 004b 03       		.uleb128 0x3
  69 004c 02       		.byte	0x2
  70 004d 07       		.byte	0x7
  71 004e E4010000 		.4byte	.LASF4
  72 0052 04       		.uleb128 0x4
  73 0053 8B020000 		.4byte	.LASF6
  74 0057 01       		.byte	0x1
  75 0058 3F       		.byte	0x3f
  76 0059 5D000000 		.4byte	0x5d
  77 005d 03       		.uleb128 0x3
  78 005e 04       		.byte	0x4
  79 005f 05       		.byte	0x5
  80 0060 3C010000 		.4byte	.LASF7
  81 0064 04       		.uleb128 0x4
  82 0065 33050000 		.4byte	.LASF8
  83 0069 01       		.byte	0x1
  84 006a 41       		.byte	0x41
  85 006b 6F000000 		.4byte	0x6f
  86 006f 03       		.uleb128 0x3
  87 0070 04       		.byte	0x4
  88 0071 07       		.byte	0x7
  89 0072 E9040000 		.4byte	.LASF9
  90 0076 03       		.uleb128 0x3
  91 0077 08       		.byte	0x8
  92 0078 05       		.byte	0x5
  93 0079 01010000 		.4byte	.LASF10
  94 007d 04       		.uleb128 0x4
  95 007e F0030000 		.4byte	.LASF11
  96 0082 01       		.byte	0x1
  97 0083 5B       		.byte	0x5b
  98 0084 88000000 		.4byte	0x88
  99 0088 03       		.uleb128 0x3
 100 0089 08       		.byte	0x8
 101 008a 07       		.byte	0x7
 102 008b 88000000 		.4byte	.LASF12
 103 008f 04       		.uleb128 0x4
 104 0090 8B050000 		.4byte	.LASF13
 105 0094 02       		.byte	0x2
 106 0095 15       		.byte	0x15
 107 0096 32000000 		.4byte	0x32
 108 009a 04       		.uleb128 0x4
 109 009b 4C040000 		.4byte	.LASF14
 110 009f 02       		.byte	0x2
 111 00a0 2C       		.byte	0x2c
 112 00a1 52000000 		.4byte	0x52
 113 00a5 04       		.uleb128 0x4
 114 00a6 BF040000 		.4byte	.LASF15
ARM GAS  C:\Users\jo\AppData\Local\Temp\ccGj2Yng.s 			page 3


 115 00aa 02       		.byte	0x2
 116 00ab 2D       		.byte	0x2d
 117 00ac 64000000 		.4byte	0x64
 118 00b0 04       		.uleb128 0x4
 119 00b1 23000000 		.4byte	.LASF16
 120 00b5 02       		.byte	0x2
 121 00b6 39       		.byte	0x39
 122 00b7 7D000000 		.4byte	0x7d
 123 00bb 05       		.uleb128 0x5
 124 00bc 9A000000 		.4byte	0x9a
 125 00c0 04       		.uleb128 0x4
 126 00c1 57050000 		.4byte	.LASF17
 127 00c5 03       		.byte	0x3
 128 00c6 45       		.byte	0x45
 129 00c7 A5000000 		.4byte	0xa5
 130 00cb 04       		.uleb128 0x4
 131 00cc F1000000 		.4byte	.LASF18
 132 00d0 03       		.byte	0x3
 133 00d1 46       		.byte	0x46
 134 00d2 B0000000 		.4byte	0xb0
 135 00d6 04       		.uleb128 0x4
 136 00d7 2E020000 		.4byte	.LASF19
 137 00db 03       		.byte	0x3
 138 00dc 48       		.byte	0x48
 139 00dd 8F000000 		.4byte	0x8f
 140 00e1 04       		.uleb128 0x4
 141 00e2 45010000 		.4byte	.LASF20
 142 00e6 03       		.byte	0x3
 143 00e7 49       		.byte	0x49
 144 00e8 8F000000 		.4byte	0x8f
 145 00ec 04       		.uleb128 0x4
 146 00ed 06040000 		.4byte	.LASF21
 147 00f1 03       		.byte	0x3
 148 00f2 4A       		.byte	0x4a
 149 00f3 8F000000 		.4byte	0x8f
 150 00f7 04       		.uleb128 0x4
 151 00f8 2F040000 		.4byte	.LASF22
 152 00fc 03       		.byte	0x3
 153 00fd 4C       		.byte	0x4c
 154 00fe A5000000 		.4byte	0xa5
 155 0102 04       		.uleb128 0x4
 156 0103 10020000 		.4byte	.LASF23
 157 0107 03       		.byte	0x3
 158 0108 4D       		.byte	0x4d
 159 0109 9A000000 		.4byte	0x9a
 160 010d 04       		.uleb128 0x4
 161 010e 7F020000 		.4byte	.LASF24
 162 0112 03       		.byte	0x3
 163 0113 4F       		.byte	0x4f
 164 0114 A5000000 		.4byte	0xa5
 165 0118 04       		.uleb128 0x4
 166 0119 AD010000 		.4byte	.LASF25
 167 011d 03       		.byte	0x3
 168 011e 51       		.byte	0x51
 169 011f 9A000000 		.4byte	0x9a
 170 0123 04       		.uleb128 0x4
 171 0124 1B020000 		.4byte	.LASF26
ARM GAS  C:\Users\jo\AppData\Local\Temp\ccGj2Yng.s 			page 4


 172 0128 03       		.byte	0x3
 173 0129 52       		.byte	0x52
 174 012a A5000000 		.4byte	0xa5
 175 012e 04       		.uleb128 0x4
 176 012f 15050000 		.4byte	.LASF27
 177 0133 04       		.byte	0x4
 178 0134 33       		.byte	0x33
 179 0135 A5000000 		.4byte	0xa5
 180 0139 04       		.uleb128 0x4
 181 013a 00050000 		.4byte	.LASF28
 182 013e 04       		.byte	0x4
 183 013f 3F       		.byte	0x3f
 184 0140 44010000 		.4byte	0x144
 185 0144 06       		.uleb128 0x6
 186 0145 06020000 		.4byte	.LASF49
 187 0149 60       		.byte	0x60
 188 014a 05       		.byte	0x5
 189 014b BE       		.byte	0xbe
 190 014c 4A020000 		.4byte	0x24a
 191 0150 07       		.uleb128 0x7
 192 0151 8C040000 		.4byte	.LASF29
 193 0155 05       		.byte	0x5
 194 0156 BF       		.byte	0xbf
 195 0157 80050000 		.4byte	0x580
 196 015b 00       		.byte	0
 197 015c 07       		.uleb128 0x7
 198 015d 28040000 		.4byte	.LASF30
 199 0161 05       		.byte	0x5
 200 0162 C1       		.byte	0xc1
 201 0163 80050000 		.4byte	0x580
 202 0167 04       		.byte	0x4
 203 0168 07       		.uleb128 0x7
 204 0169 FA000000 		.4byte	.LASF31
 205 016d 05       		.byte	0x5
 206 016e C3       		.byte	0xc3
 207 016f F7000000 		.4byte	0xf7
 208 0173 08       		.byte	0x8
 209 0174 07       		.uleb128 0x7
 210 0175 32060000 		.4byte	.LASF32
 211 0179 05       		.byte	0x5
 212 017a C4       		.byte	0xc4
 213 017b AD040000 		.4byte	0x4ad
 214 017f 0C       		.byte	0xc
 215 0180 07       		.uleb128 0x7
 216 0181 54010000 		.4byte	.LASF33
 217 0185 05       		.byte	0x5
 218 0186 C6       		.byte	0xc6
 219 0187 80050000 		.4byte	0x580
 220 018b 10       		.byte	0x10
 221 018c 07       		.uleb128 0x7
 222 018d BF030000 		.4byte	.LASF34
 223 0191 05       		.byte	0x5
 224 0192 C7       		.byte	0xc7
 225 0193 80050000 		.4byte	0x580
 226 0197 14       		.byte	0x14
 227 0198 07       		.uleb128 0x7
 228 0199 9A050000 		.4byte	.LASF35
ARM GAS  C:\Users\jo\AppData\Local\Temp\ccGj2Yng.s 			page 5


 229 019d 05       		.byte	0x5
 230 019e CE       		.byte	0xce
 231 019f CA060000 		.4byte	0x6ca
 232 01a3 18       		.byte	0x18
 233 01a4 07       		.uleb128 0x7
 234 01a5 B3010000 		.4byte	.LASF36
 235 01a9 05       		.byte	0x5
 236 01aa D4       		.byte	0xd4
 237 01ab DC060000 		.4byte	0x6dc
 238 01af 1C       		.byte	0x1c
 239 01b0 07       		.uleb128 0x7
 240 01b1 76040000 		.4byte	.LASF37
 241 01b5 05       		.byte	0x5
 242 01b6 D9       		.byte	0xd9
 243 01b7 E1000000 		.4byte	0xe1
 244 01bb 20       		.byte	0x20
 245 01bc 07       		.uleb128 0x7
 246 01bd 93040000 		.4byte	.LASF38
 247 01c1 05       		.byte	0x5
 248 01c2 DD       		.byte	0xdd
 249 01c3 D6000000 		.4byte	0xd6
 250 01c7 21       		.byte	0x21
 251 01c8 07       		.uleb128 0x7
 252 01c9 76050000 		.4byte	.LASF39
 253 01cd 05       		.byte	0x5
 254 01ce E2       		.byte	0xe2
 255 01cf EC000000 		.4byte	0xec
 256 01d3 22       		.byte	0x22
 257 01d4 08       		.uleb128 0x8
 258 01d5 705F7500 		.ascii	"p_u\000"
 259 01d9 05       		.byte	0x5
 260 01da 1401     		.2byte	0x114
 261 01dc 92060000 		.4byte	0x692
 262 01e0 24       		.byte	0x24
 263 01e1 09       		.uleb128 0x9
 264 01e2 7A030000 		.4byte	.LASF40
 265 01e6 05       		.byte	0x5
 266 01e7 1901     		.2byte	0x119
 267 01e9 4A020000 		.4byte	0x24a
 268 01ed 28       		.byte	0x28
 269 01ee 09       		.uleb128 0x9
 270 01ef D3010000 		.4byte	.LASF41
 271 01f3 05       		.byte	0x5
 272 01f4 1F01     		.2byte	0x11f
 273 01f6 6E020000 		.4byte	0x26e
 274 01fa 2C       		.byte	0x2c
 275 01fb 09       		.uleb128 0x9
 276 01fc 0F060000 		.4byte	.LASF42
 277 0200 05       		.byte	0x5
 278 0201 2301     		.2byte	0x123
 279 0203 02010000 		.4byte	0x102
 280 0207 34       		.byte	0x34
 281 0208 09       		.uleb128 0x9
 282 0209 B4040000 		.4byte	.LASF43
 283 020d 05       		.byte	0x5
 284 020e 2901     		.2byte	0x129
 285 0210 0D010000 		.4byte	0x10d
ARM GAS  C:\Users\jo\AppData\Local\Temp\ccGj2Yng.s 			page 6


 286 0214 38       		.byte	0x38
 287 0215 09       		.uleb128 0x9
 288 0216 62040000 		.4byte	.LASF44
 289 021a 05       		.byte	0x5
 290 021b 3001     		.2byte	0x130
 291 021d 13070000 		.4byte	0x713
 292 0221 3C       		.byte	0x3c
 293 0222 09       		.uleb128 0x9
 294 0223 1F050000 		.4byte	.LASF45
 295 0227 05       		.byte	0x5
 296 0228 3401     		.2byte	0x134
 297 022a F7000000 		.4byte	0xf7
 298 022e 40       		.byte	0x40
 299 022f 09       		.uleb128 0x9
 300 0230 1B010000 		.4byte	.LASF46
 301 0234 05       		.byte	0x5
 302 0235 3A01     		.2byte	0x13a
 303 0237 21030000 		.4byte	0x321
 304 023b 44       		.byte	0x44
 305 023c 09       		.uleb128 0x9
 306 023d 9B040000 		.4byte	.LASF47
 307 0241 05       		.byte	0x5
 308 0242 4001     		.2byte	0x140
 309 0244 43060000 		.4byte	0x643
 310 0248 48       		.byte	0x48
 311 0249 00       		.byte	0
 312 024a 04       		.uleb128 0x4
 313 024b A1050000 		.4byte	.LASF48
 314 024f 04       		.byte	0x4
 315 0250 44       		.byte	0x44
 316 0251 55020000 		.4byte	0x255
 317 0255 06       		.uleb128 0x6
 318 0256 D9040000 		.4byte	.LASF50
 319 025a 04       		.byte	0x4
 320 025b 05       		.byte	0x5
 321 025c AC       		.byte	0xac
 322 025d 6E020000 		.4byte	0x26e
 323 0261 07       		.uleb128 0x7
 324 0262 8C040000 		.4byte	.LASF29
 325 0266 05       		.byte	0x5
 326 0267 AD       		.byte	0xad
 327 0268 80050000 		.4byte	0x580
 328 026c 00       		.byte	0
 329 026d 00       		.byte	0
 330 026e 04       		.uleb128 0x4
 331 026f 66050000 		.4byte	.LASF51
 332 0273 04       		.byte	0x4
 333 0274 4B       		.byte	0x4b
 334 0275 79020000 		.4byte	0x279
 335 0279 06       		.uleb128 0x6
 336 027a 4F000000 		.4byte	.LASF52
 337 027e 08       		.byte	0x8
 338 027f 05       		.byte	0x5
 339 0280 B3       		.byte	0xb3
 340 0281 9E020000 		.4byte	0x29e
 341 0285 07       		.uleb128 0x7
 342 0286 8C040000 		.4byte	.LASF29
ARM GAS  C:\Users\jo\AppData\Local\Temp\ccGj2Yng.s 			page 7


 343 028a 05       		.byte	0x5
 344 028b B4       		.byte	0xb4
 345 028c 80050000 		.4byte	0x580
 346 0290 00       		.byte	0
 347 0291 07       		.uleb128 0x7
 348 0292 28040000 		.4byte	.LASF30
 349 0296 05       		.byte	0x5
 350 0297 B5       		.byte	0xb5
 351 0298 80050000 		.4byte	0x580
 352 029c 04       		.byte	0x4
 353 029d 00       		.byte	0
 354 029e 04       		.uleb128 0x4
 355 029f 07000000 		.4byte	.LASF53
 356 02a3 04       		.byte	0x4
 357 02a4 52       		.byte	0x52
 358 02a5 A9020000 		.4byte	0x2a9
 359 02a9 0A       		.uleb128 0xa
 360 02aa 71020000 		.4byte	.LASF54
 361 02ae 1C       		.byte	0x1c
 362 02af 05       		.byte	0x5
 363 02b0 7201     		.2byte	0x172
 364 02b2 05030000 		.4byte	0x305
 365 02b6 09       		.uleb128 0x9
 366 02b7 C8040000 		.4byte	.LASF55
 367 02bb 05       		.byte	0x5
 368 02bc 7301     		.2byte	0x173
 369 02be 6E020000 		.4byte	0x26e
 370 02c2 00       		.byte	0
 371 02c3 09       		.uleb128 0x9
 372 02c4 7E040000 		.4byte	.LASF56
 373 02c8 05       		.byte	0x5
 374 02c9 7401     		.2byte	0x174
 375 02cb F7000000 		.4byte	0xf7
 376 02cf 08       		.byte	0x8
 377 02d0 09       		.uleb128 0x9
 378 02d1 C7030000 		.4byte	.LASF57
 379 02d5 05       		.byte	0x5
 380 02d6 7601     		.2byte	0x176
 381 02d8 AD040000 		.4byte	0x4ad
 382 02dc 0C       		.byte	0xc
 383 02dd 09       		.uleb128 0x9
 384 02de 64010000 		.4byte	.LASF58
 385 02e2 05       		.byte	0x5
 386 02e3 7901     		.2byte	0x179
 387 02e5 80050000 		.4byte	0x580
 388 02e9 10       		.byte	0x10
 389 02ea 09       		.uleb128 0x9
 390 02eb E8030000 		.4byte	.LASF59
 391 02ef 05       		.byte	0x5
 392 02f0 7A01     		.2byte	0x17a
 393 02f2 80050000 		.4byte	0x580
 394 02f6 14       		.byte	0x14
 395 02f7 09       		.uleb128 0x9
 396 02f8 DE030000 		.4byte	.LASF60
 397 02fc 05       		.byte	0x5
 398 02fd 7D01     		.2byte	0x17d
 399 02ff 80050000 		.4byte	0x580
ARM GAS  C:\Users\jo\AppData\Local\Temp\ccGj2Yng.s 			page 8


 400 0303 18       		.byte	0x18
 401 0304 00       		.byte	0
 402 0305 04       		.uleb128 0x4
 403 0306 2A050000 		.4byte	.LASF61
 404 030a 04       		.byte	0x4
 405 030b 57       		.byte	0x57
 406 030c 10030000 		.4byte	0x310
 407 0310 0B       		.uleb128 0xb
 408 0311 04       		.byte	0x4
 409 0312 16030000 		.4byte	0x316
 410 0316 0C       		.uleb128 0xc
 411 0317 21030000 		.4byte	0x321
 412 031b 0D       		.uleb128 0xd
 413 031c 21030000 		.4byte	0x321
 414 0320 00       		.byte	0
 415 0321 0E       		.uleb128 0xe
 416 0322 04       		.byte	0x4
 417 0323 04       		.uleb128 0x4
 418 0324 18040000 		.4byte	.LASF62
 419 0328 04       		.byte	0x4
 420 0329 5C       		.byte	0x5c
 421 032a 2E030000 		.4byte	0x32e
 422 032e 0A       		.uleb128 0xa
 423 032f A3040000 		.4byte	.LASF63
 424 0333 14       		.byte	0x14
 425 0334 05       		.byte	0x5
 426 0335 4D01     		.2byte	0x14d
 427 0337 7D030000 		.4byte	0x37d
 428 033b 09       		.uleb128 0x9
 429 033c CB010000 		.4byte	.LASF64
 430 0340 05       		.byte	0x5
 431 0341 4E01     		.2byte	0x14e
 432 0343 19070000 		.4byte	0x719
 433 0347 00       		.byte	0
 434 0348 09       		.uleb128 0x9
 435 0349 75010000 		.4byte	.LASF65
 436 034d 05       		.byte	0x5
 437 034e 4F01     		.2byte	0x14f
 438 0350 19070000 		.4byte	0x719
 439 0354 04       		.byte	0x4
 440 0355 09       		.uleb128 0x9
 441 0356 D0040000 		.4byte	.LASF66
 442 035a 05       		.byte	0x5
 443 035b 5001     		.2byte	0x150
 444 035d 2E010000 		.4byte	0x12e
 445 0361 08       		.byte	0x8
 446 0362 09       		.uleb128 0x9
 447 0363 38060000 		.4byte	.LASF67
 448 0367 05       		.byte	0x5
 449 0368 5101     		.2byte	0x151
 450 036a 05030000 		.4byte	0x305
 451 036e 0C       		.byte	0xc
 452 036f 09       		.uleb128 0x9
 453 0370 5F050000 		.4byte	.LASF68
 454 0374 05       		.byte	0x5
 455 0375 5301     		.2byte	0x153
 456 0377 21030000 		.4byte	0x321
ARM GAS  C:\Users\jo\AppData\Local\Temp\ccGj2Yng.s 			page 9


 457 037b 10       		.byte	0x10
 458 037c 00       		.byte	0
 459 037d 04       		.uleb128 0x4
 460 037e CE000000 		.4byte	.LASF69
 461 0382 04       		.byte	0x4
 462 0383 61       		.byte	0x61
 463 0384 88030000 		.4byte	0x388
 464 0388 0A       		.uleb128 0xa
 465 0389 8D030000 		.4byte	.LASF70
 466 038d 10       		.byte	0x10
 467 038e 05       		.byte	0x5
 468 038f 5D01     		.2byte	0x15d
 469 0391 CA030000 		.4byte	0x3ca
 470 0395 09       		.uleb128 0x9
 471 0396 CB010000 		.4byte	.LASF64
 472 039a 05       		.byte	0x5
 473 039b 5E01     		.2byte	0x15e
 474 039d 19070000 		.4byte	0x719
 475 03a1 00       		.byte	0
 476 03a2 09       		.uleb128 0x9
 477 03a3 75010000 		.4byte	.LASF65
 478 03a7 05       		.byte	0x5
 479 03a8 6001     		.2byte	0x160
 480 03aa 19070000 		.4byte	0x719
 481 03ae 04       		.byte	0x4
 482 03af 09       		.uleb128 0x9
 483 03b0 D0040000 		.4byte	.LASF66
 484 03b4 05       		.byte	0x5
 485 03b5 6201     		.2byte	0x162
 486 03b7 2E010000 		.4byte	0x12e
 487 03bb 08       		.byte	0x8
 488 03bc 09       		.uleb128 0x9
 489 03bd B3030000 		.4byte	.LASF71
 490 03c1 05       		.byte	0x5
 491 03c2 6A01     		.2byte	0x16a
 492 03c4 2E010000 		.4byte	0x12e
 493 03c8 0C       		.byte	0xc
 494 03c9 00       		.byte	0
 495 03ca 04       		.uleb128 0x4
 496 03cb 60000000 		.4byte	.LASF72
 497 03cf 04       		.byte	0x4
 498 03d0 66       		.byte	0x66
 499 03d1 D5030000 		.4byte	0x3d5
 500 03d5 0F       		.uleb128 0xf
 501 03d6 7D010000 		.4byte	.LASF73
 502 03da 1404     		.2byte	0x414
 503 03dc 05       		.byte	0x5
 504 03dd 8401     		.2byte	0x184
 505 03df 18040000 		.4byte	0x418
 506 03e3 09       		.uleb128 0x9
 507 03e4 3E050000 		.4byte	.LASF74
 508 03e8 05       		.byte	0x5
 509 03e9 8C01     		.2byte	0x18c
 510 03eb 1F070000 		.4byte	0x71f
 511 03ef 00       		.byte	0
 512 03f0 09       		.uleb128 0x9
 513 03f1 7D050000 		.4byte	.LASF75
ARM GAS  C:\Users\jo\AppData\Local\Temp\ccGj2Yng.s 			page 10


 514 03f5 05       		.byte	0x5
 515 03f6 9101     		.2byte	0x191
 516 03f8 18010000 		.4byte	0x118
 517 03fc 04       		.byte	0x4
 518 03fd 09       		.uleb128 0x9
 519 03fe 95010000 		.4byte	.LASF76
 520 0402 05       		.byte	0x5
 521 0403 9501     		.2byte	0x195
 522 0405 18010000 		.4byte	0x118
 523 0409 08       		.byte	0x8
 524 040a 09       		.uleb128 0x9
 525 040b B0050000 		.4byte	.LASF77
 526 040f 05       		.byte	0x5
 527 0410 9B01     		.2byte	0x19b
 528 0412 D5050000 		.4byte	0x5d5
 529 0416 0C       		.byte	0xc
 530 0417 00       		.byte	0
 531 0418 04       		.uleb128 0x4
 532 0419 22020000 		.4byte	.LASF78
 533 041d 04       		.byte	0x4
 534 041e 6B       		.byte	0x6b
 535 041f 23040000 		.4byte	0x423
 536 0423 0F       		.uleb128 0xf
 537 0424 32010000 		.4byte	.LASF79
 538 0428 D805     		.2byte	0x5d8
 539 042a 05       		.byte	0x5
 540 042b A401     		.2byte	0x1a4
 541 042d 90040000 		.4byte	0x490
 542 0431 09       		.uleb128 0x9
 543 0432 85050000 		.4byte	.LASF80
 544 0436 05       		.byte	0x5
 545 0437 A801     		.2byte	0x1a8
 546 0439 9E020000 		.4byte	0x29e
 547 043d 00       		.byte	0
 548 043e 09       		.uleb128 0x9
 549 043f 2B010000 		.4byte	.LASF81
 550 0443 05       		.byte	0x5
 551 0444 AC01     		.2byte	0x1ac
 552 0446 7D030000 		.4byte	0x37d
 553 044a 1C       		.byte	0x1c
 554 044b 08       		.uleb128 0x8
 555 044c 64626700 		.ascii	"dbg\000"
 556 0450 05       		.byte	0x5
 557 0451 B001     		.2byte	0x1b0
 558 0453 CA030000 		.4byte	0x3ca
 559 0457 2C       		.byte	0x2c
 560 0458 10       		.uleb128 0x10
 561 0459 C3000000 		.4byte	.LASF82
 562 045d 05       		.byte	0x5
 563 045e B401     		.2byte	0x1b4
 564 0460 39010000 		.4byte	0x139
 565 0464 4004     		.2byte	0x440
 566 0466 11       		.uleb128 0x11
 567 0467 746D00   		.ascii	"tm\000"
 568 046a 05       		.byte	0x5
 569 046b B901     		.2byte	0x1b9
 570 046d F5050000 		.4byte	0x5f5
ARM GAS  C:\Users\jo\AppData\Local\Temp\ccGj2Yng.s 			page 11


 571 0471 A004     		.2byte	0x4a0
 572 0473 10       		.uleb128 0x10
 573 0474 2C000000 		.4byte	.LASF83
 574 0478 05       		.byte	0x5
 575 0479 BF01     		.2byte	0x1bf
 576 047b 87060000 		.4byte	0x687
 577 047f A804     		.2byte	0x4a8
 578 0481 10       		.uleb128 0x10
 579 0482 9E010000 		.4byte	.LASF84
 580 0486 05       		.byte	0x5
 581 0487 C501     		.2byte	0x1c5
 582 0489 24070000 		.4byte	0x724
 583 048d E004     		.2byte	0x4e0
 584 048f 00       		.byte	0
 585 0490 03       		.uleb128 0x3
 586 0491 04       		.byte	0x4
 587 0492 07       		.byte	0x7
 588 0493 84030000 		.4byte	.LASF85
 589 0497 04       		.uleb128 0x4
 590 0498 6C010000 		.4byte	.LASF86
 591 049c 06       		.byte	0x6
 592 049d 85       		.byte	0x85
 593 049e 21030000 		.4byte	0x321
 594 04a2 04       		.uleb128 0x4
 595 04a3 6F030000 		.4byte	.LASF87
 596 04a7 06       		.byte	0x6
 597 04a8 8D       		.byte	0x8d
 598 04a9 B0000000 		.4byte	0xb0
 599 04ad 06       		.uleb128 0x6
 600 04ae 4F050000 		.4byte	.LASF88
 601 04b2 04       		.byte	0x4
 602 04b3 06       		.byte	0x6
 603 04b4 A9       		.byte	0xa9
 604 04b5 C6040000 		.4byte	0x4c6
 605 04b9 12       		.uleb128 0x12
 606 04ba 72313300 		.ascii	"r13\000"
 607 04be 06       		.byte	0x6
 608 04bf AA       		.byte	0xaa
 609 04c0 41050000 		.4byte	0x541
 610 04c4 00       		.byte	0
 611 04c5 00       		.byte	0
 612 04c6 06       		.uleb128 0x6
 613 04c7 43000000 		.4byte	.LASF89
 614 04cb 24       		.byte	0x24
 615 04cc 07       		.byte	0x7
 616 04cd F4       		.byte	0xf4
 617 04ce 41050000 		.4byte	0x541
 618 04d2 08       		.uleb128 0x8
 619 04d3 723400   		.ascii	"r4\000"
 620 04d6 07       		.byte	0x7
 621 04d7 0701     		.2byte	0x107
 622 04d9 97040000 		.4byte	0x497
 623 04dd 00       		.byte	0
 624 04de 08       		.uleb128 0x8
 625 04df 723500   		.ascii	"r5\000"
 626 04e2 07       		.byte	0x7
 627 04e3 0801     		.2byte	0x108
ARM GAS  C:\Users\jo\AppData\Local\Temp\ccGj2Yng.s 			page 12


 628 04e5 97040000 		.4byte	0x497
 629 04e9 04       		.byte	0x4
 630 04ea 08       		.uleb128 0x8
 631 04eb 723600   		.ascii	"r6\000"
 632 04ee 07       		.byte	0x7
 633 04ef 0901     		.2byte	0x109
 634 04f1 97040000 		.4byte	0x497
 635 04f5 08       		.byte	0x8
 636 04f6 08       		.uleb128 0x8
 637 04f7 723700   		.ascii	"r7\000"
 638 04fa 07       		.byte	0x7
 639 04fb 0A01     		.2byte	0x10a
 640 04fd 97040000 		.4byte	0x497
 641 0501 0C       		.byte	0xc
 642 0502 08       		.uleb128 0x8
 643 0503 723800   		.ascii	"r8\000"
 644 0506 07       		.byte	0x7
 645 0507 0B01     		.2byte	0x10b
 646 0509 97040000 		.4byte	0x497
 647 050d 10       		.byte	0x10
 648 050e 08       		.uleb128 0x8
 649 050f 723900   		.ascii	"r9\000"
 650 0512 07       		.byte	0x7
 651 0513 0C01     		.2byte	0x10c
 652 0515 97040000 		.4byte	0x497
 653 0519 14       		.byte	0x14
 654 051a 08       		.uleb128 0x8
 655 051b 72313000 		.ascii	"r10\000"
 656 051f 07       		.byte	0x7
 657 0520 0D01     		.2byte	0x10d
 658 0522 97040000 		.4byte	0x497
 659 0526 18       		.byte	0x18
 660 0527 08       		.uleb128 0x8
 661 0528 72313100 		.ascii	"r11\000"
 662 052c 07       		.byte	0x7
 663 052d 0E01     		.2byte	0x10e
 664 052f 97040000 		.4byte	0x497
 665 0533 1C       		.byte	0x1c
 666 0534 08       		.uleb128 0x8
 667 0535 6C7200   		.ascii	"lr\000"
 668 0538 07       		.byte	0x7
 669 0539 0F01     		.2byte	0x10f
 670 053b 97040000 		.4byte	0x497
 671 053f 20       		.byte	0x20
 672 0540 00       		.byte	0
 673 0541 0B       		.uleb128 0xb
 674 0542 04       		.byte	0x4
 675 0543 C6040000 		.4byte	0x4c6
 676 0547 13       		.uleb128 0x13
 677 0548 10       		.byte	0x10
 678 0549 08       		.byte	0x8
 679 054a 56       		.byte	0x56
 680 054b 80050000 		.4byte	0x580
 681 054f 07       		.uleb128 0x7
 682 0550 14000000 		.4byte	.LASF90
 683 0554 08       		.byte	0x8
 684 0555 5A       		.byte	0x5a
ARM GAS  C:\Users\jo\AppData\Local\Temp\ccGj2Yng.s 			page 13


 685 0556 2E010000 		.4byte	0x12e
 686 055a 00       		.byte	0
 687 055b 07       		.uleb128 0x7
 688 055c 4E010000 		.4byte	.LASF91
 689 0560 08       		.byte	0x8
 690 0561 5E       		.byte	0x5e
 691 0562 80050000 		.4byte	0x580
 692 0566 04       		.byte	0x4
 693 0567 07       		.uleb128 0x7
 694 0568 28060000 		.4byte	.LASF92
 695 056c 08       		.byte	0x8
 696 056d 62       		.byte	0x62
 697 056e 21030000 		.4byte	0x321
 698 0572 08       		.byte	0x8
 699 0573 07       		.uleb128 0x7
 700 0574 B1000000 		.4byte	.LASF93
 701 0578 08       		.byte	0x8
 702 0579 66       		.byte	0x66
 703 057a 8F000000 		.4byte	0x8f
 704 057e 0C       		.byte	0xc
 705 057f 00       		.byte	0
 706 0580 0B       		.uleb128 0xb
 707 0581 04       		.byte	0x4
 708 0582 39010000 		.4byte	0x139
 709 0586 04       		.uleb128 0x4
 710 0587 A4030000 		.4byte	.LASF94
 711 058b 08       		.byte	0x8
 712 058c 67       		.byte	0x67
 713 058d 47050000 		.4byte	0x547
 714 0591 14       		.uleb128 0x14
 715 0592 0804     		.2byte	0x408
 716 0594 08       		.byte	0x8
 717 0595 6C       		.byte	0x6c
 718 0596 BF050000 		.4byte	0x5bf
 719 059a 07       		.uleb128 0x7
 720 059b 5C010000 		.4byte	.LASF95
 721 059f 08       		.byte	0x8
 722 05a0 70       		.byte	0x70
 723 05a1 24000000 		.4byte	0x24
 724 05a5 00       		.byte	0
 725 05a6 07       		.uleb128 0x7
 726 05a7 00000000 		.4byte	.LASF96
 727 05ab 08       		.byte	0x8
 728 05ac 74       		.byte	0x74
 729 05ad BF050000 		.4byte	0x5bf
 730 05b1 04       		.byte	0x4
 731 05b2 07       		.uleb128 0x7
 732 05b3 0E040000 		.4byte	.LASF97
 733 05b7 08       		.byte	0x8
 734 05b8 78       		.byte	0x78
 735 05b9 C5050000 		.4byte	0x5c5
 736 05bd 08       		.byte	0x8
 737 05be 00       		.byte	0
 738 05bf 0B       		.uleb128 0xb
 739 05c0 04       		.byte	0x4
 740 05c1 86050000 		.4byte	0x586
 741 05c5 15       		.uleb128 0x15
ARM GAS  C:\Users\jo\AppData\Local\Temp\ccGj2Yng.s 			page 14


 742 05c6 86050000 		.4byte	0x586
 743 05ca D5050000 		.4byte	0x5d5
 744 05ce 16       		.uleb128 0x16
 745 05cf 90040000 		.4byte	0x490
 746 05d3 3F       		.byte	0x3f
 747 05d4 00       		.byte	0
 748 05d5 04       		.uleb128 0x4
 749 05d6 9F000000 		.4byte	.LASF98
 750 05da 08       		.byte	0x8
 751 05db 79       		.byte	0x79
 752 05dc 91050000 		.4byte	0x591
 753 05e0 13       		.uleb128 0x13
 754 05e1 04       		.byte	0x4
 755 05e2 09       		.byte	0x9
 756 05e3 38       		.byte	0x38
 757 05e4 F5050000 		.4byte	0x5f5
 758 05e8 07       		.uleb128 0x7
 759 05e9 48050000 		.4byte	.LASF99
 760 05ed 09       		.byte	0x9
 761 05ee 3C       		.byte	0x3c
 762 05ef C0000000 		.4byte	0xc0
 763 05f3 00       		.byte	0
 764 05f4 00       		.byte	0
 765 05f5 04       		.uleb128 0x4
 766 05f6 CD030000 		.4byte	.LASF100
 767 05fa 09       		.byte	0x9
 768 05fb 3D       		.byte	0x3d
 769 05fc E0050000 		.4byte	0x5e0
 770 0600 13       		.uleb128 0x13
 771 0601 18       		.byte	0x18
 772 0602 09       		.byte	0x9
 773 0603 48       		.byte	0x48
 774 0604 43060000 		.4byte	0x643
 775 0608 07       		.uleb128 0x7
 776 0609 09050000 		.4byte	.LASF101
 777 060d 09       		.byte	0x9
 778 060e 49       		.byte	0x49
 779 060f C0000000 		.4byte	0xc0
 780 0613 00       		.byte	0
 781 0614 07       		.uleb128 0x7
 782 0615 6F000000 		.4byte	.LASF102
 783 0619 09       		.byte	0x9
 784 061a 4A       		.byte	0x4a
 785 061b C0000000 		.4byte	0xc0
 786 061f 04       		.byte	0x4
 787 0620 07       		.uleb128 0x7
 788 0621 16020000 		.4byte	.LASF103
 789 0625 09       		.byte	0x9
 790 0626 4B       		.byte	0x4b
 791 0627 C0000000 		.4byte	0xc0
 792 062b 08       		.byte	0x8
 793 062c 12       		.uleb128 0x12
 794 062d 6E00     		.ascii	"n\000"
 795 062f 09       		.byte	0x9
 796 0630 4C       		.byte	0x4c
 797 0631 23010000 		.4byte	0x123
 798 0635 0C       		.byte	0xc
ARM GAS  C:\Users\jo\AppData\Local\Temp\ccGj2Yng.s 			page 15


 799 0636 07       		.uleb128 0x7
 800 0637 FB030000 		.4byte	.LASF104
 801 063b 09       		.byte	0x9
 802 063c 4D       		.byte	0x4d
 803 063d CB000000 		.4byte	0xcb
 804 0641 10       		.byte	0x10
 805 0642 00       		.byte	0
 806 0643 04       		.uleb128 0x4
 807 0644 75000000 		.4byte	.LASF105
 808 0648 09       		.byte	0x9
 809 0649 4E       		.byte	0x4e
 810 064a 00060000 		.4byte	0x600
 811 064e 13       		.uleb128 0x13
 812 064f 38       		.byte	0x38
 813 0650 0A       		.byte	0xa
 814 0651 38       		.byte	0x38
 815 0652 87060000 		.4byte	0x687
 816 0656 07       		.uleb128 0x7
 817 0657 DE010000 		.4byte	.LASF106
 818 065b 0A       		.byte	0xa
 819 065c 39       		.byte	0x39
 820 065d 23010000 		.4byte	0x123
 821 0661 00       		.byte	0
 822 0662 07       		.uleb128 0x7
 823 0663 3D040000 		.4byte	.LASF107
 824 0667 0A       		.byte	0xa
 825 0668 3A       		.byte	0x3a
 826 0669 23010000 		.4byte	0x123
 827 066d 04       		.byte	0x4
 828 066e 07       		.uleb128 0x7
 829 066f 15060000 		.4byte	.LASF108
 830 0673 0A       		.byte	0xa
 831 0674 3B       		.byte	0x3b
 832 0675 43060000 		.4byte	0x643
 833 0679 08       		.byte	0x8
 834 067a 07       		.uleb128 0x7
 835 067b 66020000 		.4byte	.LASF109
 836 067f 0A       		.byte	0xa
 837 0680 3D       		.byte	0x3d
 838 0681 43060000 		.4byte	0x643
 839 0685 20       		.byte	0x20
 840 0686 00       		.byte	0
 841 0687 04       		.uleb128 0x4
 842 0688 F7010000 		.4byte	.LASF110
 843 068c 0A       		.byte	0xa
 844 068d 3F       		.byte	0x3f
 845 068e 4E060000 		.4byte	0x64e
 846 0692 17       		.uleb128 0x17
 847 0693 04       		.byte	0x4
 848 0694 05       		.byte	0x5
 849 0695 F6       		.byte	0xf6
 850 0696 CA060000 		.4byte	0x6ca
 851 069a 18       		.uleb128 0x18
 852 069b 1C000000 		.4byte	.LASF111
 853 069f 05       		.byte	0x5
 854 06a0 FD       		.byte	0xfd
 855 06a1 02010000 		.4byte	0x102
ARM GAS  C:\Users\jo\AppData\Local\Temp\ccGj2Yng.s 			page 16


 856 06a5 19       		.uleb128 0x19
 857 06a6 BA000000 		.4byte	.LASF112
 858 06aa 05       		.byte	0x5
 859 06ab 0401     		.2byte	0x104
 860 06ad 02010000 		.4byte	0x102
 861 06b1 19       		.uleb128 0x19
 862 06b2 93050000 		.4byte	.LASF113
 863 06b6 05       		.byte	0x5
 864 06b7 0B01     		.2byte	0x10b
 865 06b9 21030000 		.4byte	0x321
 866 06bd 19       		.uleb128 0x19
 867 06be 85040000 		.4byte	.LASF114
 868 06c2 05       		.byte	0x5
 869 06c3 1201     		.2byte	0x112
 870 06c5 0D010000 		.4byte	0x10d
 871 06c9 00       		.byte	0
 872 06ca 0B       		.uleb128 0xb
 873 06cb 04       		.byte	0x4
 874 06cc D0060000 		.4byte	0x6d0
 875 06d0 1A       		.uleb128 0x1a
 876 06d1 D5060000 		.4byte	0x6d5
 877 06d5 03       		.uleb128 0x3
 878 06d6 01       		.byte	0x1
 879 06d7 08       		.byte	0x8
 880 06d8 FB040000 		.4byte	.LASF115
 881 06dc 0B       		.uleb128 0xb
 882 06dd 04       		.byte	0x4
 883 06de A2040000 		.4byte	0x4a2
 884 06e2 06       		.uleb128 0x6
 885 06e3 37040000 		.4byte	.LASF116
 886 06e7 10       		.byte	0x10
 887 06e8 0B       		.byte	0xb
 888 06e9 39       		.byte	0x39
 889 06ea 13070000 		.4byte	0x713
 890 06ee 07       		.uleb128 0x7
 891 06ef 23010000 		.4byte	.LASF117
 892 06f3 0B       		.byte	0xb
 893 06f4 3A       		.byte	0x3a
 894 06f5 6E020000 		.4byte	0x26e
 895 06f9 00       		.byte	0
 896 06fa 07       		.uleb128 0x7
 897 06fb 20060000 		.4byte	.LASF118
 898 06ff 0B       		.byte	0xb
 899 0700 3C       		.byte	0x3c
 900 0701 80050000 		.4byte	0x580
 901 0705 08       		.byte	0x8
 902 0706 07       		.uleb128 0x7
 903 0707 0E050000 		.4byte	.LASF119
 904 070b 0B       		.byte	0xb
 905 070c 3E       		.byte	0x3e
 906 070d 3F070000 		.4byte	0x73f
 907 0711 0C       		.byte	0xc
 908 0712 00       		.byte	0
 909 0713 0B       		.uleb128 0xb
 910 0714 04       		.byte	0x4
 911 0715 E2060000 		.4byte	0x6e2
 912 0719 0B       		.uleb128 0xb
ARM GAS  C:\Users\jo\AppData\Local\Temp\ccGj2Yng.s 			page 17


 913 071a 04       		.byte	0x4
 914 071b 23030000 		.4byte	0x323
 915 071f 05       		.uleb128 0x5
 916 0720 CA060000 		.4byte	0x6ca
 917 0724 15       		.uleb128 0x15
 918 0725 A2040000 		.4byte	0x4a2
 919 0729 34070000 		.4byte	0x734
 920 072d 16       		.uleb128 0x16
 921 072e 90040000 		.4byte	0x490
 922 0732 1E       		.byte	0x1e
 923 0733 00       		.byte	0
 924 0734 04       		.uleb128 0x4
 925 0735 8D010000 		.4byte	.LASF120
 926 0739 0B       		.byte	0xb
 927 073a 34       		.byte	0x34
 928 073b E2060000 		.4byte	0x6e2
 929 073f 0B       		.uleb128 0xb
 930 0740 04       		.byte	0x4
 931 0741 34070000 		.4byte	0x734
 932 0745 03       		.uleb128 0x3
 933 0746 01       		.byte	0x1
 934 0747 02       		.byte	0x2
 935 0748 46040000 		.4byte	.LASF121
 936 074c 1B       		.uleb128 0x1b
 937 074d E4000000 		.4byte	.LASF122
 938 0751 0C       		.byte	0xc
 939 0752 A706     		.2byte	0x6a7
 940 0754 BB000000 		.4byte	0xbb
 941 0758 1C       		.uleb128 0x1c
 942 0759 636800   		.ascii	"ch\000"
 943 075c 05       		.byte	0x5
 944 075d EB01     		.2byte	0x1eb
 945 075f 18040000 		.4byte	0x418
 946 0763 00       		.byte	0
 947              		.section	.debug_abbrev,"",%progbits
 948              	.Ldebug_abbrev0:
 949 0000 01       		.uleb128 0x1
 950 0001 11       		.uleb128 0x11
 951 0002 01       		.byte	0x1
 952 0003 25       		.uleb128 0x25
 953 0004 0E       		.uleb128 0xe
 954 0005 13       		.uleb128 0x13
 955 0006 0B       		.uleb128 0xb
 956 0007 03       		.uleb128 0x3
 957 0008 0E       		.uleb128 0xe
 958 0009 1B       		.uleb128 0x1b
 959 000a 0E       		.uleb128 0xe
 960 000b 10       		.uleb128 0x10
 961 000c 17       		.uleb128 0x17
 962 000d 00       		.byte	0
 963 000e 00       		.byte	0
 964 000f 02       		.uleb128 0x2
 965 0010 24       		.uleb128 0x24
 966 0011 00       		.byte	0
 967 0012 0B       		.uleb128 0xb
 968 0013 0B       		.uleb128 0xb
 969 0014 3E       		.uleb128 0x3e
ARM GAS  C:\Users\jo\AppData\Local\Temp\ccGj2Yng.s 			page 18


 970 0015 0B       		.uleb128 0xb
 971 0016 03       		.uleb128 0x3
 972 0017 08       		.uleb128 0x8
 973 0018 00       		.byte	0
 974 0019 00       		.byte	0
 975 001a 03       		.uleb128 0x3
 976 001b 24       		.uleb128 0x24
 977 001c 00       		.byte	0
 978 001d 0B       		.uleb128 0xb
 979 001e 0B       		.uleb128 0xb
 980 001f 3E       		.uleb128 0x3e
 981 0020 0B       		.uleb128 0xb
 982 0021 03       		.uleb128 0x3
 983 0022 0E       		.uleb128 0xe
 984 0023 00       		.byte	0
 985 0024 00       		.byte	0
 986 0025 04       		.uleb128 0x4
 987 0026 16       		.uleb128 0x16
 988 0027 00       		.byte	0
 989 0028 03       		.uleb128 0x3
 990 0029 0E       		.uleb128 0xe
 991 002a 3A       		.uleb128 0x3a
 992 002b 0B       		.uleb128 0xb
 993 002c 3B       		.uleb128 0x3b
 994 002d 0B       		.uleb128 0xb
 995 002e 49       		.uleb128 0x49
 996 002f 13       		.uleb128 0x13
 997 0030 00       		.byte	0
 998 0031 00       		.byte	0
 999 0032 05       		.uleb128 0x5
 1000 0033 35       		.uleb128 0x35
 1001 0034 00       		.byte	0
 1002 0035 49       		.uleb128 0x49
 1003 0036 13       		.uleb128 0x13
 1004 0037 00       		.byte	0
 1005 0038 00       		.byte	0
 1006 0039 06       		.uleb128 0x6
 1007 003a 13       		.uleb128 0x13
 1008 003b 01       		.byte	0x1
 1009 003c 03       		.uleb128 0x3
 1010 003d 0E       		.uleb128 0xe
 1011 003e 0B       		.uleb128 0xb
 1012 003f 0B       		.uleb128 0xb
 1013 0040 3A       		.uleb128 0x3a
 1014 0041 0B       		.uleb128 0xb
 1015 0042 3B       		.uleb128 0x3b
 1016 0043 0B       		.uleb128 0xb
 1017 0044 01       		.uleb128 0x1
 1018 0045 13       		.uleb128 0x13
 1019 0046 00       		.byte	0
 1020 0047 00       		.byte	0
 1021 0048 07       		.uleb128 0x7
 1022 0049 0D       		.uleb128 0xd
 1023 004a 00       		.byte	0
 1024 004b 03       		.uleb128 0x3
 1025 004c 0E       		.uleb128 0xe
 1026 004d 3A       		.uleb128 0x3a
ARM GAS  C:\Users\jo\AppData\Local\Temp\ccGj2Yng.s 			page 19


 1027 004e 0B       		.uleb128 0xb
 1028 004f 3B       		.uleb128 0x3b
 1029 0050 0B       		.uleb128 0xb
 1030 0051 49       		.uleb128 0x49
 1031 0052 13       		.uleb128 0x13
 1032 0053 38       		.uleb128 0x38
 1033 0054 0B       		.uleb128 0xb
 1034 0055 00       		.byte	0
 1035 0056 00       		.byte	0
 1036 0057 08       		.uleb128 0x8
 1037 0058 0D       		.uleb128 0xd
 1038 0059 00       		.byte	0
 1039 005a 03       		.uleb128 0x3
 1040 005b 08       		.uleb128 0x8
 1041 005c 3A       		.uleb128 0x3a
 1042 005d 0B       		.uleb128 0xb
 1043 005e 3B       		.uleb128 0x3b
 1044 005f 05       		.uleb128 0x5
 1045 0060 49       		.uleb128 0x49
 1046 0061 13       		.uleb128 0x13
 1047 0062 38       		.uleb128 0x38
 1048 0063 0B       		.uleb128 0xb
 1049 0064 00       		.byte	0
 1050 0065 00       		.byte	0
 1051 0066 09       		.uleb128 0x9
 1052 0067 0D       		.uleb128 0xd
 1053 0068 00       		.byte	0
 1054 0069 03       		.uleb128 0x3
 1055 006a 0E       		.uleb128 0xe
 1056 006b 3A       		.uleb128 0x3a
 1057 006c 0B       		.uleb128 0xb
 1058 006d 3B       		.uleb128 0x3b
 1059 006e 05       		.uleb128 0x5
 1060 006f 49       		.uleb128 0x49
 1061 0070 13       		.uleb128 0x13
 1062 0071 38       		.uleb128 0x38
 1063 0072 0B       		.uleb128 0xb
 1064 0073 00       		.byte	0
 1065 0074 00       		.byte	0
 1066 0075 0A       		.uleb128 0xa
 1067 0076 13       		.uleb128 0x13
 1068 0077 01       		.byte	0x1
 1069 0078 03       		.uleb128 0x3
 1070 0079 0E       		.uleb128 0xe
 1071 007a 0B       		.uleb128 0xb
 1072 007b 0B       		.uleb128 0xb
 1073 007c 3A       		.uleb128 0x3a
 1074 007d 0B       		.uleb128 0xb
 1075 007e 3B       		.uleb128 0x3b
 1076 007f 05       		.uleb128 0x5
 1077 0080 01       		.uleb128 0x1
 1078 0081 13       		.uleb128 0x13
 1079 0082 00       		.byte	0
 1080 0083 00       		.byte	0
 1081 0084 0B       		.uleb128 0xb
 1082 0085 0F       		.uleb128 0xf
 1083 0086 00       		.byte	0
ARM GAS  C:\Users\jo\AppData\Local\Temp\ccGj2Yng.s 			page 20


 1084 0087 0B       		.uleb128 0xb
 1085 0088 0B       		.uleb128 0xb
 1086 0089 49       		.uleb128 0x49
 1087 008a 13       		.uleb128 0x13
 1088 008b 00       		.byte	0
 1089 008c 00       		.byte	0
 1090 008d 0C       		.uleb128 0xc
 1091 008e 15       		.uleb128 0x15
 1092 008f 01       		.byte	0x1
 1093 0090 27       		.uleb128 0x27
 1094 0091 19       		.uleb128 0x19
 1095 0092 01       		.uleb128 0x1
 1096 0093 13       		.uleb128 0x13
 1097 0094 00       		.byte	0
 1098 0095 00       		.byte	0
 1099 0096 0D       		.uleb128 0xd
 1100 0097 05       		.uleb128 0x5
 1101 0098 00       		.byte	0
 1102 0099 49       		.uleb128 0x49
 1103 009a 13       		.uleb128 0x13
 1104 009b 00       		.byte	0
 1105 009c 00       		.byte	0
 1106 009d 0E       		.uleb128 0xe
 1107 009e 0F       		.uleb128 0xf
 1108 009f 00       		.byte	0
 1109 00a0 0B       		.uleb128 0xb
 1110 00a1 0B       		.uleb128 0xb
 1111 00a2 00       		.byte	0
 1112 00a3 00       		.byte	0
 1113 00a4 0F       		.uleb128 0xf
 1114 00a5 13       		.uleb128 0x13
 1115 00a6 01       		.byte	0x1
 1116 00a7 03       		.uleb128 0x3
 1117 00a8 0E       		.uleb128 0xe
 1118 00a9 0B       		.uleb128 0xb
 1119 00aa 05       		.uleb128 0x5
 1120 00ab 3A       		.uleb128 0x3a
 1121 00ac 0B       		.uleb128 0xb
 1122 00ad 3B       		.uleb128 0x3b
 1123 00ae 05       		.uleb128 0x5
 1124 00af 01       		.uleb128 0x1
 1125 00b0 13       		.uleb128 0x13
 1126 00b1 00       		.byte	0
 1127 00b2 00       		.byte	0
 1128 00b3 10       		.uleb128 0x10
 1129 00b4 0D       		.uleb128 0xd
 1130 00b5 00       		.byte	0
 1131 00b6 03       		.uleb128 0x3
 1132 00b7 0E       		.uleb128 0xe
 1133 00b8 3A       		.uleb128 0x3a
 1134 00b9 0B       		.uleb128 0xb
 1135 00ba 3B       		.uleb128 0x3b
 1136 00bb 05       		.uleb128 0x5
 1137 00bc 49       		.uleb128 0x49
 1138 00bd 13       		.uleb128 0x13
 1139 00be 38       		.uleb128 0x38
 1140 00bf 05       		.uleb128 0x5
ARM GAS  C:\Users\jo\AppData\Local\Temp\ccGj2Yng.s 			page 21


 1141 00c0 00       		.byte	0
 1142 00c1 00       		.byte	0
 1143 00c2 11       		.uleb128 0x11
 1144 00c3 0D       		.uleb128 0xd
 1145 00c4 00       		.byte	0
 1146 00c5 03       		.uleb128 0x3
 1147 00c6 08       		.uleb128 0x8
 1148 00c7 3A       		.uleb128 0x3a
 1149 00c8 0B       		.uleb128 0xb
 1150 00c9 3B       		.uleb128 0x3b
 1151 00ca 05       		.uleb128 0x5
 1152 00cb 49       		.uleb128 0x49
 1153 00cc 13       		.uleb128 0x13
 1154 00cd 38       		.uleb128 0x38
 1155 00ce 05       		.uleb128 0x5
 1156 00cf 00       		.byte	0
 1157 00d0 00       		.byte	0
 1158 00d1 12       		.uleb128 0x12
 1159 00d2 0D       		.uleb128 0xd
 1160 00d3 00       		.byte	0
 1161 00d4 03       		.uleb128 0x3
 1162 00d5 08       		.uleb128 0x8
 1163 00d6 3A       		.uleb128 0x3a
 1164 00d7 0B       		.uleb128 0xb
 1165 00d8 3B       		.uleb128 0x3b
 1166 00d9 0B       		.uleb128 0xb
 1167 00da 49       		.uleb128 0x49
 1168 00db 13       		.uleb128 0x13
 1169 00dc 38       		.uleb128 0x38
 1170 00dd 0B       		.uleb128 0xb
 1171 00de 00       		.byte	0
 1172 00df 00       		.byte	0
 1173 00e0 13       		.uleb128 0x13
 1174 00e1 13       		.uleb128 0x13
 1175 00e2 01       		.byte	0x1
 1176 00e3 0B       		.uleb128 0xb
 1177 00e4 0B       		.uleb128 0xb
 1178 00e5 3A       		.uleb128 0x3a
 1179 00e6 0B       		.uleb128 0xb
 1180 00e7 3B       		.uleb128 0x3b
 1181 00e8 0B       		.uleb128 0xb
 1182 00e9 01       		.uleb128 0x1
 1183 00ea 13       		.uleb128 0x13
 1184 00eb 00       		.byte	0
 1185 00ec 00       		.byte	0
 1186 00ed 14       		.uleb128 0x14
 1187 00ee 13       		.uleb128 0x13
 1188 00ef 01       		.byte	0x1
 1189 00f0 0B       		.uleb128 0xb
 1190 00f1 05       		.uleb128 0x5
 1191 00f2 3A       		.uleb128 0x3a
 1192 00f3 0B       		.uleb128 0xb
 1193 00f4 3B       		.uleb128 0x3b
 1194 00f5 0B       		.uleb128 0xb
 1195 00f6 01       		.uleb128 0x1
 1196 00f7 13       		.uleb128 0x13
 1197 00f8 00       		.byte	0
ARM GAS  C:\Users\jo\AppData\Local\Temp\ccGj2Yng.s 			page 22


 1198 00f9 00       		.byte	0
 1199 00fa 15       		.uleb128 0x15
 1200 00fb 01       		.uleb128 0x1
 1201 00fc 01       		.byte	0x1
 1202 00fd 49       		.uleb128 0x49
 1203 00fe 13       		.uleb128 0x13
 1204 00ff 01       		.uleb128 0x1
 1205 0100 13       		.uleb128 0x13
 1206 0101 00       		.byte	0
 1207 0102 00       		.byte	0
 1208 0103 16       		.uleb128 0x16
 1209 0104 21       		.uleb128 0x21
 1210 0105 00       		.byte	0
 1211 0106 49       		.uleb128 0x49
 1212 0107 13       		.uleb128 0x13
 1213 0108 2F       		.uleb128 0x2f
 1214 0109 0B       		.uleb128 0xb
 1215 010a 00       		.byte	0
 1216 010b 00       		.byte	0
 1217 010c 17       		.uleb128 0x17
 1218 010d 17       		.uleb128 0x17
 1219 010e 01       		.byte	0x1
 1220 010f 0B       		.uleb128 0xb
 1221 0110 0B       		.uleb128 0xb
 1222 0111 3A       		.uleb128 0x3a
 1223 0112 0B       		.uleb128 0xb
 1224 0113 3B       		.uleb128 0x3b
 1225 0114 0B       		.uleb128 0xb
 1226 0115 01       		.uleb128 0x1
 1227 0116 13       		.uleb128 0x13
 1228 0117 00       		.byte	0
 1229 0118 00       		.byte	0
 1230 0119 18       		.uleb128 0x18
 1231 011a 0D       		.uleb128 0xd
 1232 011b 00       		.byte	0
 1233 011c 03       		.uleb128 0x3
 1234 011d 0E       		.uleb128 0xe
 1235 011e 3A       		.uleb128 0x3a
 1236 011f 0B       		.uleb128 0xb
 1237 0120 3B       		.uleb128 0x3b
 1238 0121 0B       		.uleb128 0xb
 1239 0122 49       		.uleb128 0x49
 1240 0123 13       		.uleb128 0x13
 1241 0124 00       		.byte	0
 1242 0125 00       		.byte	0
 1243 0126 19       		.uleb128 0x19
 1244 0127 0D       		.uleb128 0xd
 1245 0128 00       		.byte	0
 1246 0129 03       		.uleb128 0x3
 1247 012a 0E       		.uleb128 0xe
 1248 012b 3A       		.uleb128 0x3a
 1249 012c 0B       		.uleb128 0xb
 1250 012d 3B       		.uleb128 0x3b
 1251 012e 05       		.uleb128 0x5
 1252 012f 49       		.uleb128 0x49
 1253 0130 13       		.uleb128 0x13
 1254 0131 00       		.byte	0
ARM GAS  C:\Users\jo\AppData\Local\Temp\ccGj2Yng.s 			page 23


 1255 0132 00       		.byte	0
 1256 0133 1A       		.uleb128 0x1a
 1257 0134 26       		.uleb128 0x26
 1258 0135 00       		.byte	0
 1259 0136 49       		.uleb128 0x49
 1260 0137 13       		.uleb128 0x13
 1261 0138 00       		.byte	0
 1262 0139 00       		.byte	0
 1263 013a 1B       		.uleb128 0x1b
 1264 013b 34       		.uleb128 0x34
 1265 013c 00       		.byte	0
 1266 013d 03       		.uleb128 0x3
 1267 013e 0E       		.uleb128 0xe
 1268 013f 3A       		.uleb128 0x3a
 1269 0140 0B       		.uleb128 0xb
 1270 0141 3B       		.uleb128 0x3b
 1271 0142 05       		.uleb128 0x5
 1272 0143 49       		.uleb128 0x49
 1273 0144 13       		.uleb128 0x13
 1274 0145 3F       		.uleb128 0x3f
 1275 0146 19       		.uleb128 0x19
 1276 0147 3C       		.uleb128 0x3c
 1277 0148 19       		.uleb128 0x19
 1278 0149 00       		.byte	0
 1279 014a 00       		.byte	0
 1280 014b 1C       		.uleb128 0x1c
 1281 014c 34       		.uleb128 0x34
 1282 014d 00       		.byte	0
 1283 014e 03       		.uleb128 0x3
 1284 014f 08       		.uleb128 0x8
 1285 0150 3A       		.uleb128 0x3a
 1286 0151 0B       		.uleb128 0xb
 1287 0152 3B       		.uleb128 0x3b
 1288 0153 05       		.uleb128 0x5
 1289 0154 49       		.uleb128 0x49
 1290 0155 13       		.uleb128 0x13
 1291 0156 3F       		.uleb128 0x3f
 1292 0157 19       		.uleb128 0x19
 1293 0158 3C       		.uleb128 0x3c
 1294 0159 19       		.uleb128 0x19
 1295 015a 00       		.byte	0
 1296 015b 00       		.byte	0
 1297 015c 00       		.byte	0
 1298              		.section	.debug_aranges,"",%progbits
 1299 0000 14000000 		.4byte	0x14
 1300 0004 0200     		.2byte	0x2
 1301 0006 00000000 		.4byte	.Ldebug_info0
 1302 000a 04       		.byte	0x4
 1303 000b 00       		.byte	0
 1304 000c 0000     		.2byte	0
 1305 000e 0000     		.2byte	0
 1306 0010 00000000 		.4byte	0
 1307 0014 00000000 		.4byte	0
 1308              		.section	.debug_line,"",%progbits
 1309              	.Ldebug_line0:
 1310 0000 D0010000 		.section	.debug_str,"MS",%progbits,1
 1310      0200CA01 
ARM GAS  C:\Users\jo\AppData\Local\Temp\ccGj2Yng.s 			page 24


 1310      00000201 
 1310      FB0E0D00 
 1310      01010101 
 1311              	.LASF96:
 1312 0000 74625F70 		.ascii	"tb_ptr\000"
 1312      747200
 1313              	.LASF53:
 1314 0007 72656164 		.ascii	"ready_list_t\000"
 1314      795F6C69 
 1314      73745F74 
 1314      00
 1315              	.LASF90:
 1316 0014 73655F74 		.ascii	"se_time\000"
 1316      696D6500 
 1317              	.LASF111:
 1318 001c 7264796D 		.ascii	"rdymsg\000"
 1318      736700
 1319              	.LASF16:
 1320 0023 75696E74 		.ascii	"uint64_t\000"
 1320      36345F74 
 1320      00
 1321              	.LASF83:
 1322 002c 6B65726E 		.ascii	"kernel_stats\000"
 1322      656C5F73 
 1322      74617473 
 1322      00
 1323              	.LASF5:
 1324 0039 5F5F7569 		.ascii	"__uint8_t\000"
 1324      6E74385F 
 1324      7400
 1325              	.LASF89:
 1326 0043 706F7274 		.ascii	"port_intctx\000"
 1326      5F696E74 
 1326      63747800 
 1327              	.LASF52:
 1328 004f 63685F74 		.ascii	"ch_threads_queue\000"
 1328      68726561 
 1328      64735F71 
 1328      75657565 
 1328      00
 1329              	.LASF72:
 1330 0060 73797374 		.ascii	"system_debug_t\000"
 1330      656D5F64 
 1330      65627567 
 1330      5F7400
 1331              	.LASF102:
 1332 006f 776F7273 		.ascii	"worst\000"
 1332      7400
 1333              	.LASF105:
 1334 0075 74696D65 		.ascii	"time_measurement_t\000"
 1334      5F6D6561 
 1334      73757265 
 1334      6D656E74 
 1334      5F7400
 1335              	.LASF12:
 1336 0088 6C6F6E67 		.ascii	"long long unsigned int\000"
 1336      206C6F6E 
ARM GAS  C:\Users\jo\AppData\Local\Temp\ccGj2Yng.s 			page 25


 1336      6720756E 
 1336      7369676E 
 1336      65642069 
 1337              	.LASF98:
 1338 009f 63685F74 		.ascii	"ch_trace_buffer_t\000"
 1338      72616365 
 1338      5F627566 
 1338      6665725F 
 1338      7400
 1339              	.LASF93:
 1340 00b1 73655F73 		.ascii	"se_state\000"
 1340      74617465 
 1340      00
 1341              	.LASF112:
 1342 00ba 65786974 		.ascii	"exitcode\000"
 1342      636F6465 
 1342      00
 1343              	.LASF82:
 1344 00c3 6D61696E 		.ascii	"mainthread\000"
 1344      74687265 
 1344      616400
 1345              	.LASF69:
 1346 00ce 76697274 		.ascii	"virtual_timers_list_t\000"
 1346      75616C5F 
 1346      74696D65 
 1346      72735F6C 
 1346      6973745F 
 1347              	.LASF122:
 1348 00e4 49544D5F 		.ascii	"ITM_RxBuffer\000"
 1348      52784275 
 1348      66666572 
 1348      00
 1349              	.LASF18:
 1350 00f1 72747469 		.ascii	"rttime_t\000"
 1350      6D655F74 
 1350      00
 1351              	.LASF31:
 1352 00fa 705F7072 		.ascii	"p_prio\000"
 1352      696F00
 1353              	.LASF10:
 1354 0101 6C6F6E67 		.ascii	"long long int\000"
 1354      206C6F6E 
 1354      6720696E 
 1354      7400
 1355              	.LASF1:
 1356 010f 7369676E 		.ascii	"signed char\000"
 1356      65642063 
 1356      68617200 
 1357              	.LASF46:
 1358 011b 705F6D70 		.ascii	"p_mpool\000"
 1358      6F6F6C00 
 1359              	.LASF117:
 1360 0123 6D5F7175 		.ascii	"m_queue\000"
 1360      65756500 
 1361              	.LASF81:
 1362 012b 76746C69 		.ascii	"vtlist\000"
 1362      737400
ARM GAS  C:\Users\jo\AppData\Local\Temp\ccGj2Yng.s 			page 26


 1363              	.LASF79:
 1364 0132 63685F73 		.ascii	"ch_system\000"
 1364      79737465 
 1364      6D00
 1365              	.LASF7:
 1366 013c 6C6F6E67 		.ascii	"long int\000"
 1366      20696E74 
 1366      00
 1367              	.LASF20:
 1368 0145 74737461 		.ascii	"tstate_t\000"
 1368      74655F74 
 1368      00
 1369              	.LASF91:
 1370 014e 73655F74 		.ascii	"se_tp\000"
 1370      7000
 1371              	.LASF33:
 1372 0154 705F6E65 		.ascii	"p_newer\000"
 1372      77657200 
 1373              	.LASF95:
 1374 015c 74625F73 		.ascii	"tb_size\000"
 1374      697A6500 
 1375              	.LASF58:
 1376 0164 725F6E65 		.ascii	"r_newer\000"
 1376      77657200 
 1377              	.LASF86:
 1378 016c 72656761 		.ascii	"regarm_t\000"
 1378      726D5F74 
 1378      00
 1379              	.LASF65:
 1380 0175 76745F70 		.ascii	"vt_prev\000"
 1380      72657600 
 1381              	.LASF73:
 1382 017d 63685F73 		.ascii	"ch_system_debug\000"
 1382      79737465 
 1382      6D5F6465 
 1382      62756700 
 1383              	.LASF120:
 1384 018d 6D757465 		.ascii	"mutex_t\000"
 1384      785F7400 
 1385              	.LASF76:
 1386 0195 6C6F636B 		.ascii	"lock_cnt\000"
 1386      5F636E74 
 1386      00
 1387              	.LASF84:
 1388 019e 69646C65 		.ascii	"idle_thread_wa\000"
 1388      5F746872 
 1388      6561645F 
 1388      776100
 1389              	.LASF25:
 1390 01ad 636E745F 		.ascii	"cnt_t\000"
 1390      7400
 1391              	.LASF36:
 1392 01b3 705F7374 		.ascii	"p_stklimit\000"
 1392      6B6C696D 
 1392      697400
 1393              	.LASF0:
 1394 01be 756E7369 		.ascii	"unsigned int\000"
ARM GAS  C:\Users\jo\AppData\Local\Temp\ccGj2Yng.s 			page 27


 1394      676E6564 
 1394      20696E74 
 1394      00
 1395              	.LASF64:
 1396 01cb 76745F6E 		.ascii	"vt_next\000"
 1396      65787400 
 1397              	.LASF41:
 1398 01d3 705F6D73 		.ascii	"p_msgqueue\000"
 1398      67717565 
 1398      756500
 1399              	.LASF106:
 1400 01de 6E5F6972 		.ascii	"n_irq\000"
 1400      7100
 1401              	.LASF4:
 1402 01e4 73686F72 		.ascii	"short unsigned int\000"
 1402      7420756E 
 1402      7369676E 
 1402      65642069 
 1402      6E7400
 1403              	.LASF110:
 1404 01f7 6B65726E 		.ascii	"kernel_stats_t\000"
 1404      656C5F73 
 1404      74617473 
 1404      5F7400
 1405              	.LASF49:
 1406 0206 63685F74 		.ascii	"ch_thread\000"
 1406      68726561 
 1406      6400
 1407              	.LASF23:
 1408 0210 6D73675F 		.ascii	"msg_t\000"
 1408      7400
 1409              	.LASF103:
 1410 0216 6C617374 		.ascii	"last\000"
 1410      00
 1411              	.LASF26:
 1412 021b 75636E74 		.ascii	"ucnt_t\000"
 1412      5F7400
 1413              	.LASF78:
 1414 0222 63685F73 		.ascii	"ch_system_t\000"
 1414      79737465 
 1414      6D5F7400 
 1415              	.LASF19:
 1416 022e 746D6F64 		.ascii	"tmode_t\000"
 1416      655F7400 
 1417              	.LASF124:
 1418 0236 2E2E2F2E 		.ascii	"../../../os/hal/ports/STM32/LLD/I2Cv1/i2c_lld.c\000"
 1418      2E2F2E2E 
 1418      2F6F732F 
 1418      68616C2F 
 1418      706F7274 
 1419              	.LASF109:
 1420 0266 6D5F6372 		.ascii	"m_crit_isr\000"
 1420      69745F69 
 1420      737200
 1421              	.LASF54:
 1422 0271 63685F72 		.ascii	"ch_ready_list\000"
 1422      65616479 
ARM GAS  C:\Users\jo\AppData\Local\Temp\ccGj2Yng.s 			page 28


 1422      5F6C6973 
 1422      7400
 1423              	.LASF24:
 1424 027f 6576656E 		.ascii	"eventmask_t\000"
 1424      746D6173 
 1424      6B5F7400 
 1425              	.LASF6:
 1426 028b 5F5F696E 		.ascii	"__int32_t\000"
 1426      7433325F 
 1426      7400
 1427              	.LASF123:
 1428 0295 474E5520 		.ascii	"GNU C 4.9.3 20141119 (release) [ARM/embedded-4_9-br"
 1428      4320342E 
 1428      392E3320 
 1428      32303134 
 1428      31313139 
 1429 02c8 616E6368 		.ascii	"anch revision 218278] -mcpu=cortex-m4 -mno-thumb-in"
 1429      20726576 
 1429      6973696F 
 1429      6E203231 
 1429      38323738 
 1430 02fb 74657277 		.ascii	"terwork -mthumb -ggdb -O2 -fomit-frame-pointer -fal"
 1430      6F726B20 
 1430      2D6D7468 
 1430      756D6220 
 1430      2D676764 
 1431 032e 69676E2D 		.ascii	"ign-functions=16 -ffunction-sections -fdata-section"
 1431      66756E63 
 1431      74696F6E 
 1431      733D3136 
 1431      202D6666 
 1432 0361 73202D66 		.ascii	"s -fno-common\000"
 1432      6E6F2D63 
 1432      6F6D6D6F 
 1432      6E00
 1433              	.LASF87:
 1434 036f 73746B61 		.ascii	"stkalign_t\000"
 1434      6C69676E 
 1434      5F7400
 1435              	.LASF40:
 1436 037a 705F7761 		.ascii	"p_waiting\000"
 1436      6974696E 
 1436      6700
 1437              	.LASF85:
 1438 0384 73697A65 		.ascii	"sizetype\000"
 1438      74797065 
 1438      00
 1439              	.LASF70:
 1440 038d 63685F76 		.ascii	"ch_virtual_timers_list\000"
 1440      69727475 
 1440      616C5F74 
 1440      696D6572 
 1440      735F6C69 
 1441              	.LASF94:
 1442 03a4 63685F73 		.ascii	"ch_swc_event_t\000"
 1442      77635F65 
 1442      76656E74 
ARM GAS  C:\Users\jo\AppData\Local\Temp\ccGj2Yng.s 			page 29


 1442      5F7400
 1443              	.LASF71:
 1444 03b3 76745F6C 		.ascii	"vt_lasttime\000"
 1444      61737474 
 1444      696D6500 
 1445              	.LASF34:
 1446 03bf 705F6F6C 		.ascii	"p_older\000"
 1446      64657200 
 1447              	.LASF57:
 1448 03c7 725F6374 		.ascii	"r_ctx\000"
 1448      7800
 1449              	.LASF100:
 1450 03cd 746D5F63 		.ascii	"tm_calibration_t\000"
 1450      616C6962 
 1450      72617469 
 1450      6F6E5F74 
 1450      00
 1451              	.LASF60:
 1452 03de 725F6375 		.ascii	"r_current\000"
 1452      7272656E 
 1452      7400
 1453              	.LASF59:
 1454 03e8 725F6F6C 		.ascii	"r_older\000"
 1454      64657200 
 1455              	.LASF11:
 1456 03f0 5F5F7569 		.ascii	"__uint64_t\000"
 1456      6E743634 
 1456      5F7400
 1457              	.LASF104:
 1458 03fb 63756D75 		.ascii	"cumulative\000"
 1458      6C617469 
 1458      766500
 1459              	.LASF21:
 1460 0406 74726566 		.ascii	"trefs_t\000"
 1460      735F7400 
 1461              	.LASF97:
 1462 040e 74625F62 		.ascii	"tb_buffer\000"
 1462      75666665 
 1462      7200
 1463              	.LASF62:
 1464 0418 76697274 		.ascii	"virtual_timer_t\000"
 1464      75616C5F 
 1464      74696D65 
 1464      725F7400 
 1465              	.LASF30:
 1466 0428 705F7072 		.ascii	"p_prev\000"
 1466      657600
 1467              	.LASF22:
 1468 042f 74707269 		.ascii	"tprio_t\000"
 1468      6F5F7400 
 1469              	.LASF116:
 1470 0437 6D757465 		.ascii	"mutex\000"
 1470      7800
 1471              	.LASF107:
 1472 043d 6E5F6374 		.ascii	"n_ctxswc\000"
 1472      78737763 
 1472      00
ARM GAS  C:\Users\jo\AppData\Local\Temp\ccGj2Yng.s 			page 30


 1473              	.LASF121:
 1474 0446 5F426F6F 		.ascii	"_Bool\000"
 1474      6C00
 1475              	.LASF14:
 1476 044c 696E7433 		.ascii	"int32_t\000"
 1476      325F7400 
 1477              	.LASF2:
 1478 0454 756E7369 		.ascii	"unsigned char\000"
 1478      676E6564 
 1478      20636861 
 1478      7200
 1479              	.LASF44:
 1480 0462 705F6D74 		.ascii	"p_mtxlist\000"
 1480      786C6973 
 1480      7400
 1481              	.LASF3:
 1482 046c 73686F72 		.ascii	"short int\000"
 1482      7420696E 
 1482      7400
 1483              	.LASF37:
 1484 0476 705F7374 		.ascii	"p_state\000"
 1484      61746500 
 1485              	.LASF56:
 1486 047e 725F7072 		.ascii	"r_prio\000"
 1486      696F00
 1487              	.LASF114:
 1488 0485 65776D61 		.ascii	"ewmask\000"
 1488      736B00
 1489              	.LASF29:
 1490 048c 705F6E65 		.ascii	"p_next\000"
 1490      787400
 1491              	.LASF38:
 1492 0493 705F666C 		.ascii	"p_flags\000"
 1492      61677300 
 1493              	.LASF47:
 1494 049b 705F7374 		.ascii	"p_stats\000"
 1494      61747300 
 1495              	.LASF63:
 1496 04a3 63685F76 		.ascii	"ch_virtual_timer\000"
 1496      69727475 
 1496      616C5F74 
 1496      696D6572 
 1496      00
 1497              	.LASF43:
 1498 04b4 705F6570 		.ascii	"p_epending\000"
 1498      656E6469 
 1498      6E6700
 1499              	.LASF15:
 1500 04bf 75696E74 		.ascii	"uint32_t\000"
 1500      33325F74 
 1500      00
 1501              	.LASF55:
 1502 04c8 725F7175 		.ascii	"r_queue\000"
 1502      65756500 
 1503              	.LASF66:
 1504 04d0 76745F64 		.ascii	"vt_delta\000"
 1504      656C7461 
ARM GAS  C:\Users\jo\AppData\Local\Temp\ccGj2Yng.s 			page 31


 1504      00
 1505              	.LASF50:
 1506 04d9 63685F74 		.ascii	"ch_threads_list\000"
 1506      68726561 
 1506      64735F6C 
 1506      69737400 
 1507              	.LASF9:
 1508 04e9 6C6F6E67 		.ascii	"long unsigned int\000"
 1508      20756E73 
 1508      69676E65 
 1508      6420696E 
 1508      7400
 1509              	.LASF115:
 1510 04fb 63686172 		.ascii	"char\000"
 1510      00
 1511              	.LASF28:
 1512 0500 74687265 		.ascii	"thread_t\000"
 1512      61645F74 
 1512      00
 1513              	.LASF101:
 1514 0509 62657374 		.ascii	"best\000"
 1514      00
 1515              	.LASF119:
 1516 050e 6D5F6E65 		.ascii	"m_next\000"
 1516      787400
 1517              	.LASF27:
 1518 0515 73797374 		.ascii	"systime_t\000"
 1518      696D655F 
 1518      7400
 1519              	.LASF45:
 1520 051f 705F7265 		.ascii	"p_realprio\000"
 1520      616C7072 
 1520      696F00
 1521              	.LASF61:
 1522 052a 76746675 		.ascii	"vtfunc_t\000"
 1522      6E635F74 
 1522      00
 1523              	.LASF8:
 1524 0533 5F5F7569 		.ascii	"__uint32_t\000"
 1524      6E743332 
 1524      5F7400
 1525              	.LASF74:
 1526 053e 70616E69 		.ascii	"panic_msg\000"
 1526      635F6D73 
 1526      6700
 1527              	.LASF99:
 1528 0548 6F666673 		.ascii	"offset\000"
 1528      657400
 1529              	.LASF88:
 1530 054f 636F6E74 		.ascii	"context\000"
 1530      65787400 
 1531              	.LASF17:
 1532 0557 7274636E 		.ascii	"rtcnt_t\000"
 1532      745F7400 
 1533              	.LASF68:
 1534 055f 76745F70 		.ascii	"vt_par\000"
 1534      617200
ARM GAS  C:\Users\jo\AppData\Local\Temp\ccGj2Yng.s 			page 32


 1535              	.LASF51:
 1536 0566 74687265 		.ascii	"threads_queue_t\000"
 1536      6164735F 
 1536      71756575 
 1536      655F7400 
 1537              	.LASF39:
 1538 0576 705F7265 		.ascii	"p_refs\000"
 1538      667300
 1539              	.LASF75:
 1540 057d 6973725F 		.ascii	"isr_cnt\000"
 1540      636E7400 
 1541              	.LASF80:
 1542 0585 726C6973 		.ascii	"rlist\000"
 1542      7400
 1543              	.LASF13:
 1544 058b 75696E74 		.ascii	"uint8_t\000"
 1544      385F7400 
 1545              	.LASF113:
 1546 0593 77746F62 		.ascii	"wtobjp\000"
 1546      6A7000
 1547              	.LASF35:
 1548 059a 705F6E61 		.ascii	"p_name\000"
 1548      6D6500
 1549              	.LASF48:
 1550 05a1 74687265 		.ascii	"threads_list_t\000"
 1550      6164735F 
 1550      6C697374 
 1550      5F7400
 1551              	.LASF77:
 1552 05b0 74726163 		.ascii	"trace_buffer\000"
 1552      655F6275 
 1552      66666572 
 1552      00
 1553              	.LASF125:
 1554 05bd 433A5C55 		.ascii	"C:\\Users\\jo\\Documents\\GitHub\\ChibiOS\\demos\\S"
 1554      73657273 
 1554      5C6A6F5C 
 1554      446F6375 
 1554      6D656E74 
 1555 05e9 544D3332 		.ascii	"TM32\\RT-STM32F407-DISCOVERY-ARRAYLIST\000"
 1555      5C52542D 
 1555      53544D33 
 1555      32463430 
 1555      372D4449 
 1556              	.LASF42:
 1557 060f 705F6D73 		.ascii	"p_msg\000"
 1557      6700
 1558              	.LASF108:
 1559 0615 6D5F6372 		.ascii	"m_crit_thd\000"
 1559      69745F74 
 1559      686400
 1560              	.LASF118:
 1561 0620 6D5F6F77 		.ascii	"m_owner\000"
 1561      6E657200 
 1562              	.LASF92:
 1563 0628 73655F77 		.ascii	"se_wtobjp\000"
 1563      746F626A 
ARM GAS  C:\Users\jo\AppData\Local\Temp\ccGj2Yng.s 			page 33


 1563      7000
 1564              	.LASF32:
 1565 0632 705F6374 		.ascii	"p_ctx\000"
 1565      7800
 1566              	.LASF67:
 1567 0638 76745F66 		.ascii	"vt_func\000"
 1567      756E6300 
 1568              		.ident	"GCC: (GNU Tools for ARM Embedded Processors) 4.9.3 20141119 (release) [ARM/embedded-4_9-br
ARM GAS  C:\Users\jo\AppData\Local\Temp\ccGj2Yng.s 			page 34


DEFINED SYMBOLS
                            *ABS*:00000000 i2c_lld.c

NO UNDEFINED SYMBOLS
