ARM GAS  C:\cygwin\tmp\ccsKYlMd.s 			page 1


   1              		.syntax unified
   2              		.cpu cortex-m4
   3              		.fpu softvfp
   4              		.eabi_attribute 20, 1
   5              		.eabi_attribute 21, 1
   6              		.eabi_attribute 23, 3
   7              		.eabi_attribute 24, 1
   8              		.eabi_attribute 25, 1
   9              		.eabi_attribute 26, 1
  10              		.eabi_attribute 30, 2
  11              		.eabi_attribute 34, 1
  12              		.eabi_attribute 18, 4
  13              		.thumb
  14              		.file	"board.c"
  15              		.text
  16              	.Ltext0:
  17              		.section	.gnu.lto_.profile.652beeef,"",%progbits
  18 0000 789C6366 		.ascii	"x\234cf```a\200\000F\006>f\000\000\223\000\032"
  18      60606061 
  18      80004606 
  18      3E660000 
  18      93001A
  19              		.text
  20              		.section	.gnu.lto_.jmpfuncs.652beeef,"",%progbits
  21 0000 789C6366 		.ascii	"x\234cf\300\0168\2414\023\210`\004b\000\001S\000\020"
  21      C00E38A1 
  21      34138860 
  21      04620001 
  21      530010
  22              		.text
  23              		.section	.gnu.lto_.inline.652beeef,"",%progbits
  24 0000 789C6366 		.ascii	"x\234cf\300\016\264\2414\023\003\003\013\017#\210b`"
  24      C00EB4A1 
  24      34130303 
  24      0B0F2388 
  24      6260
  25 0012 5B200FA2 		.ascii	"[ \017\242\030\030\271@\004\0033\023\2520\003\000,\231"
  25      1818B940 
  25      04033313 
  25      AA300300 
  25      2C99
  26 0024 01E6     		.ascii	"\001\346"
  27              		.text
  28              		.section	.gnu.lto_.pureconst.652beeef,"",%progbits
  29 0000 789C6366 		.ascii	"x\234cf```e\200\000&\006\011F\006\000\000\331\000$"
  29      60606065 
  29      80002606 
  29      09460600 
  29      00D90024 
  30              		.text
  31              		.section	.gnu.lto___early_init.652beeef,"",%progbits
  32 0000 789C6366 		.ascii	"x\234cf\300\004R@\274\010\210\215\200\230\221\231\201"
  32      C0045240 
  32      BC08888D 
  32      80989199 
  32      81
  33 0011 9169C239 		.ascii	"\221i\3029\006\206F\016&FF\020\203\201\221\241\236\211"
ARM GAS  C:\cygwin\tmp\ccsKYlMd.s 			page 2


  33      0686460E 
  33      26464610 
  33      838191A1 
  33      9E89
  34 0023 B19EF125 		.ascii	"\261\236\361%\323G&\306\011\007V\317\340V_\332\320\320"
  34      D34726C6 
  34      090756CF 
  34      E0565FDA 
  34      D0D0
  35 0035 F0E1D146 		.ascii	"\360\341\321F\211V\211\237L\014\014\237\231 \3060.g"
  35      8956899F 
  35      4C0C0C9F 
  35      9920C630 
  35      2E67
  36 0047 546700AA 		.ascii	"Tg\000\252\371\330\362\367:7[\013P\215\000D\216q\005"
  36      F9D8F2F7 
  36      3A375B0B 
  36      508D0044 
  36      8E7105
  37 005a 231B2390 		.ascii	"#\033#\220^/t\240\341\377\377\307s\346lfaf`x\002\224"
  37      5E2F74A0 
  37      E1FFFFC7 
  37      73E66C66 
  37      61666078 
  38 0070 0299FF94 		.ascii	"\002\231\377\224\211\011D3\337al>\260\361\030#H1\310"
  38      89094433 
  38      DF616C3E 
  38      B0F11823 
  38      4831C8
  39 0083 947997FB 		.ascii	"\224y\227\373\3261\325\376n\350h\340\370\311\304\370"
  39      D631D5FE 
  39      6EE868E0 
  39      F8C9C4F8 
  40 0093 99096800 		.ascii	"\231\011h\000\343J\306Z\206\237@\345\367\030\033\017"
  40      E34AC65A 
  40      869F40E5 
  40      F7181B0F 
  41 00a3 6C7603AB 		.ascii	"lv\003\253d\000\031\304\0102\000h\234\201\236\236>\004"
  41      640019C4 
  41      08320068 
  41      9C819E9E 
  41      3E04
  42 00b5 E517EB67 		.ascii	"\345\027\353g$\346\350'\345'\026\245\024\353\007\207"
  42      24E6E827 
  42      E52716A5 
  42      14EB0787 
  43 00c5 C4FB853A 		.ascii	"\304\373\205:\373\270\372\307\273\231\030\032\006\271"
  43      FBB8FAC7 
  43      BB99181A 
  43      06B9
  44 00d3 42C4F592 		.ascii	"B\304\365\222\031\000o\307H\340"
  44      19006FC7 
  44      48E0
  45              		.text
  46              		.section	.gnu.lto_boardInit.652beeef,"",%progbits
  47 0000 789C6366 		.ascii	"x\234cf\300\004R@\\\002\304F@\314\310\314\300\3104\341"
  47      C0045240 
ARM GAS  C:\cygwin\tmp\ccsKYlMd.s 			page 3


  47      5C02C446 
  47      40CCC8CC 
  47      C0C834E1 
  48 0014 1C034323 		.ascii	"\034\003C#\007\023##\210\301\300\310P\317\304X\317\370"
  48      07132323 
  48      88C1C0C8 
  48      50CFC458 
  48      CFF8
  49 0026 92E92313 		.ascii	"\222\351#\023\343\204\003\253gp\253/mhh\370\260i\277"
  49      E38403AB 
  49      6770AB2F 
  49      6D6868F8 
  49      B069BF
  50 0039 44ABC44F 		.ascii	"D\253\304O&\006\206\317L\020c\030\2273\2523\000\325"
  50      260686CF 
  50      4C106318 
  50      9733AA33 
  50      00D5
  51 004b 7C6CF97B 		.ascii	"|l\371{\235\233\255\005\250F\000\"\307\270\202\221\215"
  51      9D9BAD05 
  51      A8460022 
  51      C7B88291 
  51      8D
  52 005c 1148AF17 		.ascii	"\021H\257\027:\320\360\377\377\342\351g\366\263\000"
  52      3AD0F0FF 
  52      FFE2E967 
  52      F6B300
  53 006b 859F0031 		.ascii	"\205\237\0001\310\374\247LL \232\371\036##H!\310\244"
  53      C8FCA74C 
  53      4C209AF9 
  53      1E232348 
  53      21C8A4
  54 007e 274C8C20 		.ascii	"'L\214 !\240\002\003==}\010\312/\326\317H\314\321O\312"
  54      21A00203 
  54      3D3D7D08 
  54      CA2FD6CF 
  54      48CCD14F 
  55 0093 4F2C4A29 		.ascii	"O,J)\326\017\016\211\367\013u\366q\365\217w314\014r"
  55      D60F0E89 
  55      F70B75F6 
  55      71F58F77 
  55      3331340C 
  56 00a8 8588EB25 		.ascii	"\205\210\353%3\000\000\031\3427C"
  56      33000019 
  56      E23743
  57              		.text
  58              		.section	.gnu.lto_.symbol_nodes.652beeef,"",%progbits
  59 0000 789C6366 		.ascii	"x\234cf``pa\200\002\246\006\246z\006\206\011\347\030"
  59      60607061 
  59      8002A606 
  59      A67A0686 
  59      09E718
  60 0013 18EAEB19 		.ascii	"\030\352\353\031\346-\340``jd\252gD\026`\375\317\310"
  60      E62DE060 
  60      606A64AA 
  60      67441660 
  60      FDCFC8
ARM GAS  C:\cygwin\tmp\ccsKYlMd.s 			page 4


  61 0026 B010A888 		.ascii	"\260\020\250\210\261\211\251\236\011\"\301\320\320\300"
  61      B189A99E 
  61      0922C1D0 
  61      D0C0
  62 0034 C1C00C84 		.ascii	"\301\300\014\204K\036\374cd\000\000w\\\022/"
  62      4B1EFC63 
  62      64000077 
  62      5C122F
  63              		.text
  64              		.section	.gnu.lto_.refs.652beeef,"",%progbits
  65 0000 789C6366 		.ascii	"x\234cf```d\200\002\000\000=\000\005"
  65      60606064 
  65      80020000 
  65      3D0005
  66              		.text
  67              		.section	.gnu.lto_.decls.652beeef,"",%progbits
  68 0000 789CA556 		.ascii	"x\234\245VkPSG\024\276\233\233\0271\242#3\3528\035\245"
  68      6B505347 
  68      14BE9B9B 
  68      1731A223 
  68      33EA381D 
  69 0015 3A433B8E 		.ascii	":C;\216<e\034\333\037\255\026\237S\253\264\325\351\017"
  69      3C651CDB 
  69      1FAD169F 
  69      53ABB4D5 
  69      E90F
  70 0027 99496312 		.ascii	"\231Ic\0220\323@2!tt\246?.>QQA\213JE\211\212F\021BD"
  70      30D34032 
  70      217474A6 
  70      3F2E3E51 
  70      51418B4A 
  71 0042 AABC8468 		.ascii	"\252\274\204hU\220\207o|#\210\012XE\302\303\212\002"
  71      5590876F 
  71      7C23880A 
  71      5845C2C3 
  71      8A02
  72 0054 D2B3BB79 		.ascii	"\322\263\273y\3005Z\333\356d\263\367\234\363\235\357"
  72      C0355ADB 
  72      EE64B3F7 
  72      9CF39DEF 
  73 0064 9CDD3D7B 		.ascii	"\234\335={\367\262\014\303\244@\037\200\026<\214a\306"
  73      F7B20CC3 
  73      A4401F80 
  73      163C8C61 
  73      C6
  74 0075 0B188605 		.ascii	"\013\030\206\0059\222\3614,\347@\267B\267AG\030\317"
  74      3992F134 
  74      2CE740B7 
  74      42B74147 
  74      18CF
  75 0087 0C6D39CC 		.ascii	"\014m9\314 ?\000\034q\352\005N\233\215y\273Y\235\\\256"
  75      203F001C 
  75      71EA054E 
  75      9B8D79BB 
  75      599D5CAE 
  76 009b 58C8A9E3 		.ascii	"X\310\251\343\267\016\001*\262v\327\016k\025 _\231?"
  76      B70E012A 
ARM GAS  C:\cygwin\tmp\ccsKYlMd.s 			page 5


  76      B276D70E 
  76      6B15205F 
  76      993F
  77 00ad 168BB755 		.ascii	"\026\213\267U\356\022\203(\227\011\261X\322\333t]8&"
  77      EE128328 
  77      9709B158 
  77      D2DB745D 
  77      3826
  78 00bf 8D8396B2 		.ascii	"\215\203\226\262\232\033)D\221\243\221\005\215C\207"
  78      9A1B2944 
  78      91A39105 
  78      8D4387
  79 00ce D138603D 		.ascii	"\3218`=\202\306\300\377R!e:\223\332\331\206X\001\302"
  79      82C6C0FF 
  79      5221653A 
  79      93DAD986 
  79      5801C2
  80 00e1 CF07763D 		.ascii	"\317\007v=\270.\233\222\015nI\234\275\007y\302m\274"
  80      B82E9B92 
  80      0D6E499C 
  80      BD0779C2 
  80      6DBC
  81 00f3 61F9C27F 		.ascii	"a\371\302\177/g\2669\254\031\353\330t\316\274\212{3"
  81      2F67B639 
  81      AC19EBD8 
  81      74CEBC8A 
  81      7B33
  82 0105 30800817 		.ascii	"0\200\010\027\312F,:\212\246\220\214\341\231\246\236"
  82      CA462C3A 
  82      8AA6908C 
  82      E199A69E 
  83 0115 83FCC12F 		.ascii	"\203\374\301/;sk\235\204\235K\310s\272\313\212$@b\263"
  83      3B736B9D 
  83      849D4BC8 
  83      73BACB8A 
  83      244062B3 
  84 0129 997B0F88 		.ascii	"\231{\017\210+9\373\300\300\227\304?w\220\177\256\313"
  84      2B39FBC0 
  84      C097C43F 
  84      77907FAE 
  84      CB
  85 013a DF4AFC2D 		.ascii	"\337J\374-\226\033\271\"\366[\342\377du\243C\014\376"
  85      961BB922 
  85      F65BE2FF 
  85      6475A343 
  85      0CFE
  86 014c 8D9CA3EA 		.ascii	"\215\234\243\352@\363\230]\371\334\2315\\\037d\201\010"
  86      40F3985D 
  86      F9DC9935 
  86      5C1F6481 
  86      08
  87 015d 4BDE2096 		.ascii	"K\336 \226<\027\213\215\260\224\266'_\221\222\305\262"
  87      3C178B8D 
  87      B094B627 
  87      5F9192C5 
  87      B2
  88 016e CB305356 		.ascii	"\3130SVuJ:\"\253u\2300\227\364\234\260\370\022{#\221"
ARM GAS  C:\cygwin\tmp\ccsKYlMd.s 			page 6


  88      754A3A22 
  88      AB759830 
  88      97F49CB0 
  88      F8127B23 
  89 0183 F34B5B5F 		.ascii	"\363K[_\214 \366\217\260\330PV\322,f\267#b+/\3539/c"
  89      8C20F68F 
  89      B0D85056 
  89      D22C66B7 
  89      23622B2F 
  90 019b 0F512139 		.ascii	"\017Q!9\251\361\202\214\315\243B\342\241\222d\011x}"
  90      A9F1828C 
  90      CDA342E2 
  90      A1926409 
  90      787D
  91 01ad 2C234BD6 		.ascii	",#K\326\260\373U\226\017\021q)\215\000\225\240\262\231"
  91      B0FB5596 
  91      0F117129 
  91      8D0095A0 
  91      B299
  92 01bf 3BE08B02 		.ascii	";\340\213\002dY\260\300\216\327\007\233\346\255\346"
  92      6459B0C0 
  92      8ED7079B 
  92      E6ADE6
  93 01ce 66A01224 		.ascii	"f\240\022$C'\335\271\023o\334\2228n\025\336<\237J_\306"
  93      4327DDB9 
  93      136FDC92 
  93      386E15DE 
  93      3C9F4A5F 
  94 01e3 BD77A818 		.ascii	"\275w\250\030\005\000\202`Q!(\213@\011\304\347\372\312"
  94      05008260 
  94      5121288B 
  94      4009C4E7 
  94      FACA
  95 01f5 D688902C 		.ascii	"\326\210\220,\300\273\323)/N$\005\353\221\235\2439N"
  95      C0BBD329 
  95      2F4E2405 
  95      EB919DA3 
  95      394E
  96 0207 884A2185 		.ascii	"\210J!\205\023\236\024 #\367\306\367U\375V$g\233hyd"
  96      139E1420 
  96      23F7C6F7 
  96      55FD5624 
  96      679B6879 
  97 021c A664BC10 		.ascii	"\246d\274\020\261\255\316Z\351\276\334!e\333\251\220"
  97      B1ADCE5A 
  97      E9BEDC21 
  97      65DBA990 
  98 022c 95B62347 		.ascii	"\225\266#GDVL\212\305\375yE?\260/\251\251\300\234S\301"
  98      44564C8A 
  98      C5FD7945 
  98      3FB02FA9 
  98      A9C09C53 
  99 0241 B2FD54A8 		.ascii	"\262\375T\250n\352\351\222\023\334HR{mG7\371\262\211"
  99      6EEAE992 
  99      13DC4852 
  99      7B6D4737 
  99      F9B289
ARM GAS  C:\cygwin\tmp\ccsKYlMd.s 			page 7


 100 0254 2CB11D3E 		.ascii	",\261\035>\270\271\205e\327Q!\375e\315y\272\005cA\364"
 100      B8B98565 
 100      D75121FD 
 100      65CD79BA 
 100      056341F4 
 101 0268 D9707A4D 		.ascii	"\331pzM\263\034M\244\315/\300\014\363t\354\316}8\177"
 101      B31C4DA4 
 101      CD2FC00C 
 101      F374ECCE 
 101      7D387F
 102 027b FB6A2E6B 		.ascii	"\373j.k,\311\277\034\362\277\204\374<\263\376\024\227"
 102      2CC9BF1C 
 102      F2BF84FC 
 102      3CB3FE14 
 102      97
 103 028c BA05173C 		.ascii	"\272\005\027<\203\341\346\335\026qe\010\201\376\301"
 103      83E1E6DD 
 103      16716508 
 103      81FEC1
 104 029b 879E25C7 		.ascii	"\207\236%\307b\262\033\272\311\015-\363\312\352A\246"
 104      62B21BBA 
 104      C90D2DF3 
 104      CAEA41A6 
 105 02ab BB9167F8 		.ascii	"\273\221g\370\310\323\210\227\300\0367\366\234\367\004"
 105      C8D38897 
 105      C01E37F6 
 105      9CF704
 106 02ba 0661B7BA 		.ascii	"\006a\267\272\261v\357\274\236\0242\335\320\363|h\205"
 106      B176EFBC 
 106      9E1432DD 
 106      D0F37C68 
 106      85
 107 02cb 079A4ADE 		.ascii	"\007\232J\336\005\0347\303\304\240\343`/ &\214\206M"
 107      051C37C3 
 107      C4A0E360 
 107      2F20268C 
 107      864D
 108 02dd 4797A142 		.ascii	"G\227\241B\252\320DT\011\275\026z5\364\013\320k\240"
 108      AAD04454 
 108      09BD167A 
 108      35F40BD0 
 108      6BA0
 109 02ef 5F441349 		.ascii	"_D\023I1\340\212i\334`\021s\010\2731\256\263\346\252"
 109      31E08A69 
 109      DC601173 
 109      08BB31AE 
 109      B3E6AA
 110 0302 144172ED 		.ascii	"\024Ar\355\216\344\341\310/\300[$t\025\002\374\353`"
 110      8EE4E1C8 
 110      2FC05B24 
 110      741502FC 
 110      EB60
 111 0314 8763A4E8 		.ascii	"\207c\244\350\0128\375\356)M\034\331U\232u\375\265\343"
 111      0A38FDEE 
 111      294D1CD9 
 111      559A75FD 
 111      B5E3
ARM GAS  C:\cygwin\tmp\ccsKYlMd.s 			page 8


 112 0326 D953B45C 		.ascii	"\331S\264\\\032\373S\012D\354Y*\374Z\225\372#[M\237"
 112      1AFB530A 
 112      44EC592A 
 112      FC5A95FA 
 112      235B4D9F 
 113 033a 13EDB9D7 		.ascii	"\023\355\271\327$\244\216\246\223wPN\312\016\011{\225"
 113      24A48EA6 
 113      9377504E 
 113      CA0E097B 
 113      95
 114 034b DA5ACA9E 		.ascii	"\332Z\312\236q\002b\213$\357\227\362'\245\303\330\333"
 114      7102628B 
 114      24EF97F2 
 114      27A5C3D8 
 114      DB
 115 035c D496B925 		.ascii	"\324\226\271%\377\025}\241\032\260\370\333\255$_\266"
 115      FF157DA1 
 115      1AB0F8DB 
 115      AD245FB6 
 116 036c 919A0ACA 		.ascii	"\221\232\012\312\217w\322\032N\302\262\364\371\346\344"
 116      8F77D21A 
 116      4EC2B2F4 
 116      F9E6E4
 117 037b 4231F2A3 		.ascii	"B1\362\243\2659d\372\307`\372\371d\241\353\235s\177"
 117      B53964FA 
 117      C760FAF9 
 117      64A1EB9D 
 117      737F
 118 038d 0473BF0F 		.ascii	"\004s\277\017\363l\202\336\000\375!\364\007\320\033"
 118      F36C82DE 
 118      00FD21F4 
 118      07D01B
 119 039c 9DF336E3 		.ascii	"\235\3636\343y\227Z\026r\260\245x\352\327`\352\330\327"
 119      79975A16 
 119      72B0A578 
 119      EAD760EA 
 119      D8D7
 120 03ae BD9043EA 		.ascii	"\275\220C\352\2173\327|\342\004\326\361\2017\320Pd\217"
 120      8F33D77C 
 120      E204D6F1 
 120      8137D050 
 120      648F
 121 03c0 0B79978F 		.ascii	"\013y\227\217\2747\264\3708\363=\027\3646\037z\207G"
 121      BC37B4F8 
 121      38F33D17 
 121      F4361F7A 
 121      8747
 122 03d2 5AE9425E 		.ascii	"Z\351B^\347#+\370\244\267\\\320\233|\350\255AP\262\357"
 122      E7232BF8 
 122      A4B75CD0 
 122      9B7CE8AD 
 122      4150B2EF 
 123 03e6 45A4C8EA 		.ascii	"E\244\310\352\275\024\031\332\327\235sR\302\266\220"
 123      BD1419DA 
 123      D79D7352 
 123      C2B690
 124 03f5 8D1074B5 		.ascii	"\215\020t\265\332\222}P\200\037qz\003\305\322\002\264"
ARM GAS  C:\cygwin\tmp\ccsKYlMd.s 			page 9


 124      DA927D50 
 124      801F717A 
 124      03C5D202 
 124      B4
 125 0406 8F3DC552 		.ascii	"\217=\305R\357*\026o{\202\232a+>t[\360\035\362\254\365"
 125      EF2A166F 
 125      7B829A61 
 125      2B3E745B 
 125      F01DF2AC 
 126 041b BEDCCFC9 		.ascii	"\276\334\317\311d~\027\023\363O47[\036e\262l\007\255"
 126      647E1713 
 126      F34F3437 
 126      5B1E65B2 
 126      6C07AD
 127 042e A48ABEB6 		.ascii	"\244\212\276\266\014\341\2045\302=\234\224\030+\363"
 127      0CE18435 
 127      C23D9C94 
 127      182BF3
 128 043d CEFC426E 		.ascii	"\316\374Bn\014\363\006s\235\000k\356\244\255O\031NT"
 128      0CF30673 
 128      9D006BEE 
 128      A4AD4F19 
 128      4E54
 129 044f 792FF3C8 		.ascii	"y/\363\310%\202\366\236\354\354\033ATk\367\2575\213"
 129      2582F69E 
 129      ECEC1B41 
 129      546BF7AF 
 129      358B
 130 0461 B1EA76EA 		.ascii	"\261\352v\352\372b)Q5\014\260XQs\352D-\305p\317I\244"
 130      FA622951 
 130      350CB058 
 130      5173EA44 
 130      2DC570CF 
 131 0477 94DED67A 		.ascii	"\224\336\326z\312\343\2708\031+.\017\024]\0321\255\200"
 131      CAE3B838 
 131      192B2E0F 
 131      145D1A31 
 131      AD80
 132 0489 4B324F27 		.ascii	"K2O'\273\202\017\344S\230\020>\224\370\216\300\007\363"
 132      BB820FE4 
 132      5398103E 
 132      94F88EC0 
 132      07F3
 133 049b 198CF870 		.ascii	"\031\214\370p\266\301\210\017\350s\030\361!m\207\021"
 133      B6C1880F 
 133      E87318F1 
 133      216D8711 
 134 04ab 0E2A7290 		.ascii	"\016*r\220\313\007\245\225fl\243\027\035Gbu\027\333"
 134      CB07A595 
 134      666CA317 
 134      1D476275 
 134      17DB
 135 04bd EB68ACBA 		.ascii	"\353h\254\272\354\272l\021V\355|\332S u\336\205$A[\306"
 135      ECBA6C11 
 135      56ED7CDA 
 135      532075DE 
 135      8524415B 
ARM GAS  C:\cygwin\tmp\ccsKYlMd.s 			page 10


 136 04d2 BE0A5F5E 		.ascii	"\276\012_^\370N^\370\"g\370.g\370ng\370Bg\370B\032>"
 136      F84E5EF8 
 136      2267F82E 
 136      67F86E67 
 136      F84267F8 
 137 04e9 FDA83D53 		.ascii	"\375\250=SL\303s\213\261\242k\373\335\207\310\031?q"
 137      4CC3738B 
 137      B1A26BFB 
 137      DD87C819 
 137      3F71
 138 04fb 23897FE8 		.ascii	"#\211\177\350\306\336\0329\215\337A\342\3477g\037dy"
 138      C6DE1A39 
 138      8DDF41E2 
 138      E737671F 
 138      6479
 139 050d F1FF7A47 		.ascii	"\361\377zG\374\227\316\370=\336\343\337+\331\362X\302"
 139      FC97CEF8 
 139      3DDEE3DF 
 139      2BD9F258 
 139      C2
 140 051e A32AFC6F 		.ascii	"\243*\374oS)\335s\354\264\210\2449\033\213U\027Nd\013"
 140      5329DD73 
 140      ECB488A4 
 140      391B8B55 
 140      174E640B 
 141 0532 3E90B9F7 		.ascii	">\220\271\367\375\314\326\214\252\223\374\365~\027U"
 141      FDCCD68C 
 141      AA93FCF5 
 141      7E1755
 142 0541 E1FBA9FA 		.ascii	"\341\373\251\372\213k\022iV!\250\025\250p\301w\240i"
 142      8B6B1269 
 142      5621A815 
 142      A870C177 
 142      A069
 143 0553 A4E85FC0 		.ascii	"\244\350_\300\210\013\377\025\214\270\370_\303\210\017"
 143      880BFF15 
 143      8CB8F85F 
 143      C3880F
 144 0562 401F8C70 		.ascii	"@\037\214p\010P?\232\206)\266d\264\357\225L\332\307"
 144      08503F9A 
 144      8629B664 
 144      B4EF954C 
 144      DAC7
 145 0574 D9CC0E6B 		.ascii	"\331\314\016kg\026J\304\237\223\034\376\032$\204O\350"
 145      67164AC4 
 145      9F931CFE 
 145      1A24844F 
 145      E8
 146 0585 091EF4F6 		.ascii	"\011\036\364\366\304\232?\321\004\006\275\001\1774\200"
 146      C49A3FD1 
 146      0406BD01 
 146      7F3480
 147 0594 2601C7FD 		.ascii	"&\001\307\375]\366\215B\371F\317\007\017\371\010\364"
 147      5DF68D42 
 147      F946CF07 
 147      0FF908F4 
 148 05a4 7CE47202 		.ascii	"|\344r\0029\371\002\304\243\\\241\320(\215\272\225\012"
ARM GAS  C:\cygwin\tmp\ccsKYlMd.s 			page 11


 148      39F902C4 
 148      A35CA1D0 
 148      288DBA95 
 148      0A
 149 05b5 6D9CD624 		.ascii	"m\234\326$\236\273p\211\177\004\023\022\024\024L\177"
 149      9EBB7089 
 149      7F041312 
 149      14144C7F 
 150 05c5 FAF8E0E5 		.ascii	"\372\370\340\345J]\3602\275\322\250\216\017\376~\261"
 150      4A5DF032 
 150      BDD2A88E 
 150      0FFE7EB1 
 151 05d5 62E19288 		.ascii	"b\341\222\210\005\263\027)\346\204\207\206~7\233\352"
 151      05B31729 
 151      E6848786 
 151      7E379BEA 
 152 05e5 83548C0F 		.ascii	"\203T\214\017y\230\017\014#\343M\261S\303\024*\235^"
 152      79980F0C 
 152      23E34DB1 
 152      53C3142A 
 152      9D5E
 153 05f7 F513A17C 		.ascii	"\365\023\241|\213\313\2407\2320\3257S\303\350\377\234"
 153      8BCBA037 
 153      9A30D537 
 153      53C3E8FF 
 153      9C
 154 0608 F0152BB0 		.ascii	"\360\025+\260E\241\323\251\203\2263\243(C\214A\253W"
 154      45A1D3A9 
 154      839633A3 
 154      28438C41 
 154      AB57
 155 061a C46B4C09 		.ascii	"\304kL\011\006\205I\232\240\2153\201\316$S(\\\217KU"
 155      0685499A 
 155      A08D3381 
 155      CE245328 
 155      5C8F4B55 
 156 062e 9F47198C 		.ascii	"\237G\031\214\372\030\2432\326?Z\253\323\304G\305\250"
 156      FA18A332 
 156      D63F5AAB 
 156      D3C447C5 
 156      A8
 157 063f 54814A63 		.ascii	"T\201Jcl`\234>N\023\250Q.\323\006\206+>\013\014\013"
 157      6C609C3E 
 157      4E13A851 
 157      2ED30686 
 157      2B3E0B0C 
 158 0654 090D8F1A 		.ascii	"\011\015\217\032\242\216\322\306\251t\011jMT\254R\265"
 158      A28ED2C6 
 158      A974096A 
 158      4D54AC52 
 158      B5
 159 0665 5C1BA789 		.ascii	"\\\033\247\211R\2505\321\312\004\235IaZi\320\304C\012"
 159      52A835D1 
 159      CA049D49 
 159      615A69D0 
 159      C4430A
 160 0678 5FFF7FEE 		.ascii	"_\377\177\356x\223\032\022\005.Q\254^\2551\212\365\230"
ARM GAS  C:\cygwin\tmp\ccsKYlMd.s 			page 12


 160      78931A12 
 160      052E51AC 
 160      5EAD318A 
 160      F598
 161 068a DB28D1C7 		.ascii	"\333(\321\307\0334\032\265QdH0\250\215\254^m\024*\243"
 161      1B341AB5 
 161      51644830 
 161      A88DAC5E 
 161      6D142AA3 
 162 069e 8D3AFCB7 		.ascii	"\215:\374\267<\364}\013\265`\301\254\340\271\221\363"
 162      3CF47D0B 
 162      B560C1AC 
 162      E0B991F3 
 163 06ae 17FD1C16 		.ascii	"\027\375\034\026lp\257\2248r\346,\245I)\216\374\212"
 163      6C70AF94 
 163      3872E62C 
 163      A549298E 
 163      FC8A
 164 06c0 0E117498 		.ascii	"\016\021t\230E\207\331t\230\207\007\237\310\231\013"
 164      4587D974 
 164      9887079F 
 164      C8990B
 165 06cf 22F471D1 		.ascii	"\"\364q\321\332\230Q\330\3355_\025Q\215\0132\352\325"
 165      DA9851D8 
 165      DD355F15 
 165      518D0B32 
 165      EAD5
 166 06e1 000A7ADB 		.ascii	"\000\012z\333\3647\231^\022\212"
 166      F437995E 
 166      128A
 167              		.text
 168              		.section	.gnu.lto_.symtab.652beeef,"",%progbits
 169 0000 5F5F6561 		.ascii	"__early_init\000\000\000\000\000\000\000\000\000\000"
 169      726C795F 
 169      696E6974 
 169      00000000 
 169      00000000 
 170 0016 0000AC00 		.ascii	"\000\000\254\000\000\000boardInit\000\000\000\000\000"
 170      0000626F 
 170      61726449 
 170      6E697400 
 170      00000000 
 171 002a 00000000 		.ascii	"\000\000\000\000\000\000\000\256\000\000\000pal_def"
 171      000000AE 
 171      00000070 
 171      616C5F64 
 171      6566
 172 003c 61756C74 		.ascii	"ault_config\000\000\000\000\000\000\000\000\000\000"
 172      5F636F6E 
 172      66696700 
 172      00000000 
 172      00000000 
 173 0051 0000FF00 		.ascii	"\000\000\377\000\000\000stm32_clock_init\000\000\002"
 173      00007374 
 173      6D33325F 
 173      636C6F63 
 173      6B5F696E 
ARM GAS  C:\cygwin\tmp\ccsKYlMd.s 			page 13


 174 006a 00000000 		.ascii	"\000\000\000\000\000\000\000\000\000\260\000\000\000"
 174      00000000 
 174      00B00000 
 174      00
 175              		.text
 176              		.section	.gnu.lto_.opts,"",%progbits
 177 0000 272D666E 		.ascii	"'-fno-trapv' '-mcpu=cortex-m4' '-mno-thumb-interwor"
 177      6F2D7472 
 177      61707627 
 177      20272D6D 
 177      6370753D 
 178 0033 6B272027 		.ascii	"k' '-mthumb' '-ggdb' '-O2' '-fomit-frame-pointer' '"
 178      2D6D7468 
 178      756D6227 
 178      20272D67 
 178      67646227 
 179 0066 2D66616C 		.ascii	"-falign-functions=16' '-ffunction-sections' '-fdata"
 179      69676E2D 
 179      66756E63 
 179      74696F6E 
 179      733D3136 
 180 0099 2D736563 		.ascii	"-sections' '-fno-common' '-flto'\000"
 180      74696F6E 
 180      73272027 
 180      2D666E6F 
 180      2D636F6D 
 181              		.text
 182              		.comm	__gnu_lto_v1,1,1
 183              		.comm	__gnu_lto_slim,1,1
 184              		.ident	"GCC: (GNU Tools for ARM Embedded Processors) 4.9.3 20141119 (release) [ARM/embedded-4_9-br
ARM GAS  C:\cygwin\tmp\ccsKYlMd.s 			page 14


DEFINED SYMBOLS
                            *ABS*:00000000 board.c
                            *COM*:00000001 __gnu_lto_v1
                            *COM*:00000001 __gnu_lto_slim

NO UNDEFINED SYMBOLS
