ARM GAS  C:\cygwin\tmp\ccVV2zic.s 			page 1


   1              		.syntax unified
   2              		.cpu cortex-m4
   3              		.fpu softvfp
   4              		.eabi_attribute 20, 1
   5              		.eabi_attribute 21, 1
   6              		.eabi_attribute 23, 3
   7              		.eabi_attribute 24, 1
   8              		.eabi_attribute 25, 1
   9              		.eabi_attribute 26, 1
  10              		.eabi_attribute 30, 2
  11              		.eabi_attribute 34, 1
  12              		.eabi_attribute 18, 4
  13              		.thumb
  14              		.file	"chcore_v7m.c"
  15              		.text
  16              	.Ltext0:
  17              		.section	.gnu.lto_.profile.652bafd3,"",%progbits
  18 0000 789C6366 		.ascii	"x\234cf```a\200\000F\006C\031\000\000\362\000V"
  18      60606061 
  18      80004606 
  18      43190000 
  18      F20056
  19              		.text
  20              		.section	.gnu.lto_.jmpfuncs.652bafd3,"",%progbits
  21 0000 789C6366 		.ascii	"x\234cf\300\016x\24143\214`\001b\000\002\024\000\033"
  21      C00E78A1 
  21      34338C60 
  21      01620002 
  21      14001B
  22              		.text
  23              		.section	.gnu.lto_.inline.652bafd3,"",%progbits
  24 0000 789C6366 		.ascii	"x\234cf\300\016\334\24043\003\003\277\030#\003\223\310"
  24      C00EDCA0 
  24      34330303 
  24      BF182303 
  24      93C8
  25 0012 851E4606 		.ascii	"\205\036F\006\266\005\362L A&n\260\014\0277P\202gN$"
  25      B605F24C 
  25      2041266E 
  25      B00C1737 
  25      5082674E 
  26 0027 5C9C910B 		.ascii	"\\\234\221\013H\2600pr\200\304\037\304\302\305\031\000"
  26      48B03070 
  26      7280C41F 
  26      C4C2C519 
  26      00
  27 0038 005306D0 		.ascii	"\000S\006\320"
  28              		.text
  29              		.section	.gnu.lto_.pureconst.652bafd3,"",%progbits
  30 0000 789C6366 		.ascii	"x\234cf```g\200\000f\006+f+\026+\000\002\350\000\303"
  30      60606067 
  30      80006606 
  30      2B662B16 
  30      2B0002E8 
  31              		.text
  32              		.section	.gnu.lto__port_irq_epilogue.part.0.652bafd3,"",%progbits
  33 0000 789C9D54 		.ascii	"x\234\235T\357oSU\030>\3579\347\336\226\266\333\210"
ARM GAS  C:\cygwin\tmp\ccVV2zic.s 			page 2


  33      EF6F5355 
  33      183EEF39 
  33      E7DE96B6 
  33      DB88
  34 0012 1F08E287 		.ascii	"\037\010\342\207.Y\310B2v\011_\374\242!\206h\302\207"
  34      2E59C842 
  34      3276095F 
  34      FCA22186 
  34      68C287
  35 0025 46B2FE01 		.ascii	"F\262\376\001\376\270\326@\004\332\264\235\356\013\341"
  35      FEB8D640 
  35      04DAB49D 
  35      EE0BE1
  36 0034 B62B6C10 		.ascii	"\266+l\020\345\26705S\324\020\030\325\255 \202C\220"
  36      E5B73035 
  36      53D41018 
  36      D5AD2082 
  36      4390
  37 0046 2A1BCC0A 		.ascii	"*\033\314\012SB\266\016\206P\227M1\362cc\012\273\222"
  37      5342B60E 
  37      8650974D 
  37      31F26363 
  37      0ABB92
  38 0059 51DFF7DC 		.ascii	"Q\337\367\334\302\030\356\203\261i\317\271\347=\357"
  38      C218EE83 
  38      B169CFB9 
  38      E73DEF
  39 0068 73DEE73C 		.ascii	"s\336\347<\317{+\330\277?\317\343\317\320\030{\037g"
  39      CF7B2BD8 
  39      BF3FCFE3 
  39      CFD0187B 
  39      1F67
  40 007a 7031D0B7 		.ascii	"p1\320\267\366\342\203\016\\\315\234\213\346jfy$\215"
  40      F6E2830E 
  40      5CCD9C8B 
  40      E66A6679 
  40      248D
  41 008c 3E011A45 		.ascii	">\001\032E\023n\371\340A\003\240\007\006l\235\316\205"
  41      136EF9E0 
  41      4103A007 
  41      066C9DCE 
  41      85
  42 009d D4601DFC 		.ascii	"\324`\035\374\316\3078l\315\246[\274\325{-\313\032\035"
  42      CEC7386C 
  42      CDA65BBC 
  42      D57B2DCB 
  42      1A1D
  43 00af 3A3177FD 		.ascii	":1w\375\\\23336\316\235\212\260\017\252\031\346\214"
  43      5C9B3336 
  43      CE9D8AB0 
  43      0FAA19E6 
  43      8C
  44 00c0 A526F35E 		.ascii	"\245&\363^=\2059\263\235=\330\217u\031\023\270\327v"
  44      3D8539B3 
  44      9D3DD88F 
  44      751913B8 
  44      D776
ARM GAS  C:\cygwin\tmp\ccVV2zic.s 			page 3


  45 00d2 F9AF6CB9 		.ascii	"\371\257l\271\250\001\312\353l\377\363\234\367\032\267"
  45      A801CAEB 
  45      6CFFF39C 
  45      F71AB7
  46 00e1 3954D2F2 		.ascii	"9T\322\362\330\366\236\026\235\226\\\322\362\227\333"
  46      D8F69E16 
  46      9D965CD2 
  46      F297DB
  47 00f0 B76E40D5 		.ascii	"\267n@\325\307\226\225\034\375\343\360\340\234\367\254"
  47      C796951C 
  47      FDE3F0E0 
  47      9CF7AC
  48 00ff 3DC96D56 		.ascii	"=\311mV\261\270\004l.\240\015\004\236\014\007`\036\244"
  48      B1B8046C 
  48      2EA00D04 
  48      9E0C0760 
  48      1EA4
  49 0111 615EE9C6 		.ascii	"a^\351\306\360\031T!\360\327\364\316&\215\200\233\220"
  49      F0195421 
  49      F0D7F4CE 
  49      268D809B 
  49      90
  50 0122 E2806F7D 		.ascii	"\342\200o}\217\225*\024\213~\204\261\0310\237+\314\256"
  50      8F952A14 
  50      8B7E84B1 
  50      19309F2B 
  50      CCAE
  51 0134 BE736EF1 		.ascii	"\276sn\361\262b\365N~\250P\241\352\026\376\376\264\327"
  51      B262F54E 
  51      7EA850A1 
  51      EA16FEFE 
  51      B4D7
  52 0146 673D844B 		.ascii	"g=\204Kh\237\261j\007Tu<a!\265\337r\363}\240Xp\025\025"
  52      689FB16A 
  52      0754753C 
  52      6121B5DF 
  52      72F37DA0 
  53 015e 6A94CCE6 		.ascii	"j\224\314\346\232\206\203\316\3300\252A\262\016\343"
  53      9A8683CE 
  53      D830AA41 
  53      B20EE3
  54 016d 026731C2 		.ascii	"\002g1\302\271\232\007!1\224\037;\"\246\213Gh\245\035"
  54      B99A0721 
  54      31941F3B 
  54      22A68B47 
  54      68A51D
  55 0180 9BAE6AA1 		.ascii	"\233\256j\241\373\223\363\222A\006\364q\016\217\011"
  55      FB93F392 
  55      4106F471 
  55      0E8F09
  56 018f 4ED5191C 		.ascii	"N\325\031\034$\014\034\302\021e\017a\306\216\343[NV"
  56      240C1CC2 
  56      11650F61 
  56      C68EE35B 
  56      4E56
  57 01a1 F863AD56 		.ascii	"\370c\255VK\245\315]\204\271>q\241\313%\221\017|\001"
  57      4BA5CD5D 
ARM GAS  C:\cygwin\tmp\ccVV2zic.s 			page 4


  57      84B93E71 
  57      A1CB2591 
  57      0F7C01
  58 01b4 7E55E0A3 		.ascii	"~U\340\243\214e{1\002\207A\336\305\203\031|\011\222"
  58      8C657B31 
  58      028741DE 
  58      C583197C 
  58      0992
  59 01c6 F543B240 		.ascii	"\365C\262@\324\3504:\234v.Ar\240i\367\246n\2358\334"
  59      D4E8343A 
  59      9C762E41 
  59      72A069F7 
  59      A66E9D38 
  60 01db E59C62FD 		.ascii	"\345\234b\375\300iE\2341\202)\215-\033\356\354_\354"
  60      C069459C 
  60      3182298D 
  60      2D1BEEEC 
  60      5FEC
  61 01ed 64080C61 		.ascii	"d\010\014a\205k\033{&f)\207Q\321b\005\203#\250\3424"
  61      856B1B7B 
  61      26662987 
  61      51D16205 
  61      8323A8E2 
  62 0202 A0A0B347 		.ascii	"\240\240\263GG\317&5\212!\344\322@\347\244\213 \322"
  62      47CF2635 
  62      8A21E4D2 
  62      40E7A48B 
  62      20D2
  63 0214 81500B75 		.ascii	"\201P\013ul\313\210V\370 aYn\233\273\361h8Jn\320\025"
  63      6CCB8856 
  63      F8206159 
  63      6E9BBBF1 
  63      68384A6E 
  64 022a FA764D96 		.ascii	"\372vM\226-L\243\020\331'm>\013\276\202V\270\255\272"
  64      2D4CA310 
  64      D9276D3E 
  64      0BBE8256 
  64      B8ADBA
  65 023d 133A6121 		.ascii	"\023:a!&l\357\274\370\266\207\216\363`\216\233\3011"
  65      266CEFBC 
  65      F8B6878E 
  65      F3608E9B 
  65      C131
  66 024f 0462C52B 		.ascii	"\004b\305+M\367\333<\016UI$J\234\020\260\371L\"'\305"
  66      4DF7DB3C 
  66      0E554924 
  66      4A9C10B0 
  66      F94C2227 
  67 0264 5B4AE69F 		.ascii	"[J\346\237\317\246V:\215q\363T(\233\332c\335/\026U7"
  67      CFA6563A 
  67      8D71F354 
  67      289BDA63 
  67      DD2F1655 
  68 0279 7E3D635F 		.ascii	"~=c_\034\247\013I6\010\311\241\374\310\321\351\336\026"
  68      1CA70B49 
  68      3608C9A1 
  68      FCC8D1E9 
ARM GAS  C:\cygwin\tmp\ccVV2zic.s 			page 5


  68      DE16
  69 028b 46F62DA0 		.ascii	"F\366-\240\204\222\213\374\361\327\006N(\007\277\241"
  69      84928BFC 
  69      F1D7064E 
  69      2807BFA1 
  70 029b F706D806 		.ascii	"\367\006\330\006\300\355\253\327'v\010\377Np<\364\022"
  70      C0EDABD7 
  70      277608FF 
  70      4E703CF4 
  70      12
  71 02ac E2DDC17B 		.ascii	"\342\335\301{\011\217\362\360\344\003\017\177\312l\324"
  71      098FF2F0 
  71      E4030F7F 
  71      CA6CD4
  72 02bb C8C32C79 		.ascii	"\310\303,y(q\347[\220\030\357=\330u\310\345\337\015"
  72      2871E75B 
  72      9018EF3D 
  72      D875C8E5 
  72      DF0D
  73 02cd 8F344021 		.ascii	"\2174@!\263\267\033\024\370;\002\303)4\37324f\3639\237"
  73      B3B71B14 
  73      F83B02C3 
  73      2934FB32 
  73      3466F339 
  74 02e2 A3848649 		.ascii	"\243\204\206I\037^\330\334\316\327\336\263\232Ij\337"
  74      1F5ED8DC 
  74      CED7DEB3 
  74      9A496ADF 
  75 02f2 384AC3A0 		.ascii	"8J\303\240\013\326b7\227\261>H]l|u*\367\352\360\217"
  75      0BD66237 
  75      97B13E48 
  75      5D6C7C75 
  75      2AF7EAF0 
  76 0307 E7DDA42D 		.ascii	"\347\335\244-1\357.\3510\202\220\346j\201\032\337i\272"
  76      31EF2EE9 
  76      308290E6 
  76      6A811ADF 
  76      69BA
  77 0319 79607949 		.ascii	"y`yI\325\377f\341Sd\341ie!\220\240g\224\205S\224\262"
  77      D5FF66E1 
  77      5364E169 
  77      652190A0 
  77      67948553 
  78 032f CFD8BC7C 		.ascii	"\317\330\274|\\\335\262\0079Q1\371\260X\177\372\177"
  78      5CDDB207 
  78      395131F9 
  78      B0587FFA 
  78      7F
  79 0340 14FB7EAA 		.ascii	"\024\373~\252Xn\346b\370\207\012?\224\212i\352\335\275"
  79      586EE662 
  79      F8870A3F 
  79      948A69EA 
  79      DDBD
  80 0352 02896C31 		.ascii	"\002\211l1\247\372\205.<\214p\014\243\256\013jk\015"
  80      A7FA852E 
  80      3C8C700C 
  80      A3AE0B6A 
ARM GAS  C:\cygwin\tmp\ccVV2zic.s 			page 6


  80      6B0D
  81 0364 E71B8E19 		.ascii	"\347\033\216\031\321\270\021\011G\3431\343\271\272\300"
  81      D1B81109 
  81      47E331E3 
  81      B9BAC0
  82 0373 D2408361 		.ascii	"\322@\203a\2560\303\321\320Ko>\275\272\326dz4\024\253"
  82      AE30C3D1 
  82      D04B6F3E 
  82      BDBAD664 
  82      7A3414AB 
  83 0387 5F15AF79 		.ascii	"_\025\257y\024\020j\210\033K\003\301eAc\345\032sU\375"
  83      14106A88 
  83      1B4B03C1 
  83      654163E5 
  83      1A7355FD 
  84 039b 6B214301 		.ascii	"k!C\001\314\325/\324\2571kW0i\306\033\"e\201\272`\345"
  84      CCD52FD4 
  84      AF316B57 
  84      3069C61B 
  84      226581BA 
  85 03b1 FC453595 		.ascii	"\374E5\225\221X\304\303\304\263QV\036\017G^|}y4l\006"
  85      9158C4C3 
  85      C4B35156 
  85      1E0F475E 
  85      7C7D7934 
  86 03c7 E3AF986F 		.ascii	"\343\257\230o\224\005\202u\264Y\203Y\036\306\243L\304"
  86      94058275 
  86      B4598359 
  86      1EC6A34C 
  86      C4
  87 03d8 22EC1F67 		.ascii	"\"\354\037g\262\003&"
  87      B20326
  88              		.text
  89              		.section	.gnu.lto__port_irq_epilogue.652bafd3,"",%progbits
  90 0000 789C8D53 		.ascii	"x\234\215S[KTQ\024\336\337>g\306q\034Jz\2200\310\001"
  90      5B4B5451 
  90      14DEDF3E 
  90      67C6711C 
  90      4A7A9030 
  91 0016 890ACCE9 		.ascii	"\211\012\314\351)_\272\020B\320\203/\372\003\302\246"
  91      295FBA10 
  91      42D0832F 
  91      FA03C2A6 
  92 0026 01834C19 		.ascii	"\001\203L\031/\330\203\271G\247\033\224HW-\274DZ\232"
  92      2FD883B9 
  92      47A71B94 
  92      48572DBC 
  92      445A9A
  93 0039 A6A5DD9C 		.ascii	"\246\245\335\234,\315\312L\272\322Td\221\223)d\027P"
  93      2CCDCA4C 
  93      BAD25464 
  93      91932964 
  93      1750
  94 004b A7CCC962 		.ascii	"\247\314\311b\332k\317$j\005\015g\316>g\257o\255o\355"
  94      DA6BCF24 
  94      6A050D67 
  94      CE3E67AF 
ARM GAS  C:\cygwin\tmp\ccVV2zic.s 			page 7


  94      6FAD6FED 
  95 005f 6F7D4763 		.ascii	"o}Gc\177\376V\313\3772\235\261\006\271\302\310\300\313"
  95      7FFE56CB 
  95      FF329DB1 
  95      06B9C2C8 
  95      C0CB
  96 0071 1E32E632 		.ascii	"\0362\3462q\256yc\2300\353\035ILX4\030h\033zhu\231\014"
  96      71AE7963 
  96      9830EB1D 
  96      494C5834 
  96      18681B7A 
  97 0089 003D30B0 		.ascii	"\000=0\260\"\256\351\006\024a\204\217q\224u5\226G-\255"
  97      22AEE906 
  97      1461848F 
  97      71947535 
  97      96472DAD 
  98 009d 13428C0E 		.ascii	"\023B\214\016^_\270ka\2003\346\347!\"\234\301R&1c\356"
  98      5E5FB86B 
  98      618033E6 
  98      E721229C 
  98      C1522631 
  99 00b3 9F2FA28C 		.ascii	"\237/\242\214n\211\211\016\305P\017#\344\332\262\240"
  99      6E89890E 
  99      C5500F23 
  99      E4DAB2A0 
 100 00c3 4B0483EF 		.ascii	"K\004\203\357\252\233^\352&\215\0058t\27216$AD6\314"
 100      AA9B5EEA 
 100      268D0538 
 100      74BA3136 
 100      24414436 
 101 00d8 39ADDA73 		.ascii	"9\255\332s\024GS!\177\2438\254i\011\240\347\366\346"
 101      14475321 
 101      7FA338AC 
 101      6909A0E7 
 101      F6E6
 102 00ea 2F0FA2DE 		.ascii	"/\017\242\336\363\000\347Vz\365\034\354-7\322\253\246"
 102      F300E756 
 102      7AF51CEC 
 102      2D37D2AB 
 102      A6
 103 00fb D3EB47EF 		.ascii	"\323\353G\357\311:s\374I!\212G?L\234\210\251\0205\305"
 103      C93A73FC 
 103      49218A47 
 103      3F4C9C88 
 103      A91035C5 
 104 010f 65926A1D 		.ascii	"e\222j\035\002\\G\0034\331\006\316\"\026\215\210\015"
 104      025C4703 
 104      34D906CE 
 104      22168D88 
 104      0D
 105 0120 AB8226C4 		.ascii	"\253\202&\304\313\304\267\007\276\266\201\352\350V\206"
 105      CBC4B707 
 105      BEB681EA 
 105      E85686
 106 012f 7332FA0A 		.ascii	"s2\372\012\305\203\201\335\303\345\306Y\007\361\271"
 106      C58381DD 
 106      C3E5C659 
ARM GAS  C:\cygwin\tmp\ccVV2zic.s 			page 8


 106      07F1B9
 107 013e 77AA53F8 		.ascii	"w\252S\3709f\237\320\347\035Y\303\320L\021>;\322\365"
 107      39669FD0 
 107      E71D59C3 
 107      D04C113E 
 107      3BD2F5
 108 0151 63117130 		.ascii	"c\021q0\264PP\233+\014\316\313Y0\\ e\300\366A\206\007"
 108      B450509B 
 108      2B0CCECB 
 108      59305C20 
 108      65C0F641 
 109 0167 3E4D1ED2 		.ascii	">M\036\322\342\216\243R\224[\003\334@\031G^M\271\314"
 109      E28EA352 
 109      945B03DC 
 109      4019475E 
 109      4DB9CC
 110 017a BA9407AD 		.ascii	"\272\224\007\255\210c\264s|\327\261\012\213\334A\233"
 110      8863B473 
 110      7CD7B10A 
 110      8BDC419B 
 111 018a 9C1535CC 		.ascii	"\234\0255\314p\021\272\014\364\355\251\231\320\343*"
 111      7011BA0C 
 111      F4EDA999 
 111      D0E32A
 112 0199 C3D946C2 		.ascii	"\303\331F\302>\376\324\343\211T\331\227(\033\227\245"
 112      3EFED4E3 
 112      8954D997 
 112      281B97A5 
 113 01a9 E0FDE8BE 		.ascii	"\340\375\350\276\334~\257z\025\235\346\033\327H\273"
 113      DC7EAF7A 
 113      159DE61B 
 113      D748BB
 114 01b8 F1D20133 		.ascii	"\361\322\0013I\020!\372K\304<J\034\030z\364\304\244"
 114      491021FA 
 114      4BC43C4A 
 114      1C187AF4 
 114      C4A4
 115 01ca B614E785 		.ascii	"\266\024\347\205\276`\237\245\022'\244\232&\\\2212^"
 115      BE609FA5 
 115      1227A49A 
 115      265C9132 
 115      5E
 116 01db 255E1928 		.ascii	"%^\031(\365\367\276\215\\\321(\3342\022\211vTb\\y\001"
 116      F5F7BE8D 
 116      5CD128DC 
 116      32128976 
 116      54625C79 
 117 01f0 1EAC904C 		.ascii	"\036\254\220L%\223\273\275<D\244\207\270|\236\373\325"
 117      2593BBBD 
 117      3C44A487 
 117      B87C9EFB 
 117      D5
 118 0201 AA304882 		.ascii	"\2520H\202k\262\3143\270_\226\304\206A\022\341:}m\177"
 118      6BB2CC33 
 118      B85F96C4 
 118      864112E1 
 118      3A7D6D7F 
ARM GAS  C:\cygwin\tmp\ccVV2zic.s 			page 9


 119 0215 8442C832 		.ascii	"\204B\3102\035\341q\015K\375\2741\332k\224D\023\222"
 119      1DE1710D 
 119      4BFDBC31 
 119      DA6B9444 
 119      1392
 120 0227 A8AB9E96 		.ascii	"\250\253\236\2266\363\302)\261W\230\002\334\354\347"
 120      36F3C229 
 120      B1579802 
 120      DCECE7
 121 0236 D2E0B88E 		.ascii	"\322\340\270\216Bi\250(\225\240\263\216\244i#\315\264"
 121      4269A828 
 121      95A0B38E 
 121      A46923CD 
 121      B4
 122 0247 476BD57F 		.ascii	"Gk\325\177\331\343\206\262\307\264\020T\276\363\337"
 122      D9E386B2 
 122      C7B41054 
 122      BEF3DF
 123 0256 F6A86D45 		.ascii	"\366\250mE\330\037\206\271\376\270\264\226\241\213\""
 123      D81F86B9 
 123      FEB8B496 
 123      A18B22
 124 0265 C639FEB8 		.ascii	"\3069\376\270\272\230H\030n\376\335\037\335\312\037"
 124      BA984818 
 124      6EFEDD1F 
 124      DDCA1F
 125 0274 B766F8A3 		.ascii	"\267f\370\243\366\263\317c\374=\372N5\372\333j\364s"
 125      F6B3CF63 
 125      FC3DFA4E 
 125      35FADB6A 
 125      F473
 126 0286 E77C47CE 		.ascii	"\347|G\316\23140\250\257\351\015\\\276\341\226\345\022"
 126      993430A8 
 126      AFE90D5C 
 126      BEE196E5 
 126      12
 127 0297 77F4D903 		.ascii	"w\364\331\003\223V\007e\341\003/\006}\363\225$\276\357"
 127      93560765 
 127      E1032F06 
 127      7DF39524 
 127      BEEF
 128 02a9 A71E5A44 		.ascii	"\247\036ZD\257p\373\202\301\270\000\267\240\347o\202"
 128      AF70FB82 
 128      C1B800B7 
 128      A0E76F82 
 129 02b9 CC6E0F77 		.ascii	"\314n\017w\251\363z\325b/\335\351#\006\321\311.\226"
 129      A9F37AD5 
 129      622FDDE9 
 129      2306D1C9 
 129      2E96
 130 02cb 2726DA42 		.ascii	"'&\332BWV\216\315\231k\313\316r\346\346\330\326\247"
 130      57568ECD 
 130      996BCBCE 
 130      72E6E6D8 
 130      D6A7
 131 02dd A624A714 		.ascii	"\246$\247\024\330\354\031\366,\247cS~Rf\242\235\031"
 131      D8EC19F6 
ARM GAS  C:\cygwin\tmp\ccVV2zic.s 			page 10


 131      2CA76353 
 131      7E5266A2 
 131      9D19
 132 02ef F2D3B7E5 		.ascii	"\362\323\267\3459\376\027\237\301\022f\"\035\005\271"
 132      39FE179F 
 132      C1126622 
 132      1D05B9
 133 02fe B6E494B4 		.ascii	"\266\344\224\264\215i\266\255\333\355\333\362\2668l"
 133      8D69B6AD 
 133      DBEDDBF2 
 133      B6386C
 134 030d 0A69CFDC 		.ascii	"\012i\317\334\220\267\335.\301\321)i\251\326\315\351"
 134      90B7DD2E 
 134      C1D12969 
 134      A9D6CDE9 
 135 031d 398E6CE7 		.ascii	"9\216l\347\326\004\353\222\225\214;YD\246#3\313\271"
 135      D604EB92 
 135      958C3B59 
 135      44A62333 
 135      CBB9
 136 032f 83E9F6DC 		.ascii	"\203\351\366\334\202\354_\276\243\252="
 136      82EC5FBE 
 136      A3AA3D
 137              		.text
 138              		.section	.gnu.lto_SVC_Handler.652bafd3,"",%progbits
 139 0000 789C8D93 		.ascii	"x\234\215\223\333o\023W\020\306g\316\331\254M\"B\304"
 139      DB6F1357 
 139      10C667CE 
 139      D9AC4D22 
 139      42C4
 140 0012 030F79A8 		.ascii	"\003\017y\250-EUT)\212\313S\237\020BHH<X\240\370\017"
 140      2D455554 
 140      298ACB53 
 140      9F104248 
 140      483C58A0 
 141 0028 4061314D 		.ascii	"@a1M\332\004[k\207\246O\254\035\013\213\007.\015\267"
 141      DA045B6B 
 141      87A64FAC 
 141      1D0B8B07 
 141      2E0DB7
 142 003b 840A11A4 		.ascii	"\204\012\021\244Xm\010\205@)\227@\213\333&!\334i\013"
 142      586D0885 
 142      40299740 
 142      8BDB2621 
 142      DC690B
 143 004e 0111084B 		.ascii	"\001\021\010K\010\210Kh1\341\022\013\201;s\326Hq\210"
 143      08884B68 
 143      31E1120B 
 143      813B73D6 
 143      487188
 144 0061 D45AEBBD 		.ascii	"\324Z\353\275\234\371\346\233\231\337\331\225\360\341"
 144      9CF9E69B 
 144      99DFD995 
 144      F0E1
 145 006f AF9CFE61 		.ascii	"\257\234\376a\015\340\036]Q\002\212-\227\000bn\201\310"
 145      0DE01E5D 
 145      51028A2D 
ARM GAS  C:\cygwin\tmp\ccVV2zic.s 			page 11


 145      9700626E 
 145      81C8
 146 0081 3780B04E 		.ascii	"7\200\260N\340:|$2\002\267\244\273\333J*S\226e=\373"
 146      E03A7C24 
 146      3202B7A4 
 146      BBDB4A2A 
 146      5396653D 
 147 0096 F3726C79 		.ascii	"\363rly\032\263\002`B8>\370\035V\002\211v\\\273\350"
 147      1AB30260 
 147      42383EF8 
 147      1D560289 
 147      765CBBE8 
 148 00aa 9655C8B7 		.ascii	"\226U\310\267'\016\274\270X\362Pd\005z\371\261\267u"
 148      270EBCB8 
 148      58F25064 
 148      057AF9B1 
 148      B775
 149 00bc B04DE747 		.ascii	"\260M\347G\241\361\343\306\353\243\366\234\212\275\226"
 149      A1F1E3C6 
 149      EBA3F69C 
 149      8ABD96
 150 00cb 15B7DF8D 		.ascii	"\025\267\337\215\254J':\254w\271\034YJ\374\036%\271"
 150      AC4A273A 
 150      AC77B91C 
 150      594AFC1E 
 150      25B9
 151 00dd 621796E3 		.ascii	"b\027\226\343>,\317\367I\031\231\304\333\353%z\202\352"
 151      3E2CCFF7 
 151      491999C4 
 151      DBEB257A 
 151      82EA
 152 00ef 97613756 		.ascii	"\227a7V8\245q?\352\010 x\2054]\267^\246K\345|U\377\356"
 152      38A5713F 
 152      EA082078 
 152      85345DB7 
 152      5EA64BE5 
 153 0107 F37F9EA2 		.ascii	"\363\177\236\242\252\360l\362\310\360\274v\253#\376"
 153      AAF06CF2 
 153      C8F0BC76 
 153      AB23FE
 154 0116 8D95CB2D 		.ascii	"\215\225\313-\244\"\032\3760S\021<\200\025\007\347\246"
 154      A4221AFE 
 154      3053113C 
 154      801507E7 
 154      A6
 155 0127 4974F251 		.ascii	"It\362Q2Y\271K\270HB\306R\2355\310\212\"]\211\000\306"
 155      3259B94B 
 155      B84842C6 
 155      529D35C8 
 155      8A225D89 
 156 013d A83813BA 		.ascii	"\2508\023\272/\004_\3450\306F3\231\243\262\240O\273"
 156      2F045FE5 
 156      30C64633 
 156      99A3B2A0 
 156      4FBB
 157 014f FF5E5A53 		.ascii	"\377^ZS-N\010\234>\002\333\340A\324\251l\017\235i\210"
 157      2D4E089C 
ARM GAS  C:\cygwin\tmp\ccVV2zic.s 			page 12


 157      3E02DBE0 
 157      41D4A96C 
 157      0F9D6988 
 158 0163 2029B69E 		.ascii	" )\266\236\332|z\216'\262\333j\363f\205\3169\343\223"
 158      DA7C7A8E 
 158      27B2DB6A 
 158      F36685CE 
 158      39E393
 159 0176 7FF5B934 		.ascii	"\177\365\2714*\207\207\320\243@\354\351\261\262%\264"
 159      2A8787D0 
 159      A340ECE9 
 159      B1B225B4 
 160 0186 8287517B 		.ascii	"\202\207Q{-\330\340G\324`\010\3436w\300nl\316\221\233"
 160      2DD8E047 
 160      D46008E3 
 160      3677C06E 
 160      6CCE919B 
 161 019a 18BF91DC 		.ascii	"\030\277\221\334\271\251E\347\036^\013\301kC(\024\264"
 161      B9A945E7 
 161      1E5E0BC1 
 161      6B432814 
 161      B4
 162 01ab 6E960892 		.ascii	"n\226\010\222\264\264\255\037j/u\024\222\226\246n\235"
 162      B4B4AD1F 
 162      6A2F7514 
 162      9296A66E 
 162      9D
 163 01bc F0021E21 		.ascii	"\360\002\036!>\005I\222}G\222\177\267\347m5^\312+(y"
 163      3E054992 
 163      7D47927F 
 163      B7E76D35 
 163      5ECA2B28 
 164 01d1 D399D839 		.ascii	"\323\231\3309M~\245\006\276}!Q\357l\362\333\375\372"
 164      4D7EA506 
 164      BE7D2151 
 164      EF6CF2DB 
 164      FDFA
 165 01e3 A095B073 		.ascii	"\240\225\260s9\017\343\377iF\374G\331]\203a\214\217"
 165      390FE3FF 
 165      6946FC47 
 165      D95D8361 
 165      8C8F
 166 01f5 66EE1F9B 		.ascii	"f\356\037\233\306\262\363s\216\347i\212i4\001\217)\222"
 166      C6B2F373 
 166      8EE7698A 
 166      6934018F 
 166      2992
 167 0207 C7F96D40 		.ascii	"\307\371m@X\217\024\2763>\271Uz\266\241\303\322\305"
 167      588F14BE 
 167      333EB955 
 167      7AB6A1C3 
 167      D2C5
 168 0219 19DB87DF 		.ascii	"\031\333\207\337\304\212\025\313\023\357Y^\351\331P"
 168      C48A15CB 
 168      13EF595E 
 168      E9D950
 169 0228 C42C7B99 		.ascii	"\304,{\231%}\010x\0225Z\277t\250\357\260\313\263\023"
ARM GAS  C:\cygwin\tmp\ccVV2zic.s 			page 13


 169      257D0878 
 169      12355ABF 
 169      74A8EFB0 
 169      CBB313
 170 023b A76C84DD 		.ascii	"\247l\204\335\223\352G\225|\212\223\361g\007z\031\307"
 170      93EA4795 
 170      7C8A93F1 
 170      67077A19 
 170      C7
 171 024c 26BAAD6D 		.ascii	"&\272\255mR~\213j\350'W\367\246\212\235\027\357l\352"
 171      527E8B6A 
 171      E82757F7 
 171      A68A9D17 
 171      EF6CEA
 172 025f 81D1DA62 		.ascii	"\201\321\332bu\322mn\241\232\374\227\031'?\255\336\336"
 172      75D26D6E 
 172      A19AFC97 
 172      19273FAD 
 172      DEDE
 173 0271 3B6397FF 		.ascii	";c\227\377p3v\356#MQE\242k`~!\211\304\027y\012\262\220"
 173      703376EE 
 173      234D5145 
 173      A26B607E 
 173      2189C417 
 174 0289 82DD7AFE 		.ascii	"\202\335z\376\201\013\360W\016i\205\241\364\361\217"
 174      810BF057 
 174      0E6985A1 
 174      F4F18F
 175 0298 B806E06F 		.ascii	"\270\006\340o\034,\372\200\336\357\212^\237C\357\374"
 175      1C2CFA80 
 175      DEEF8A5E 
 175      9F43EFFC 
 176 02a8 7FD2EBCF 		.ascii	"\177\322\353\317\323\353|j\367\352Lo\0005\3250\340\031"
 176      D3EB7C6A 
 176      F7EA4C6F 
 176      0035D530 
 176      E019
 177 02ba 85EF5CB2 		.ascii	"\205\357\\\262\343\225\346\271\225\317v\263\366\312"
 177      E395E6B9 
 177      95CF76B3 
 177      F6CA
 178 02c8 F840EF2C 		.ascii	"\370@\357,\225=\250\360\235%|#\030\263S\217\335<\015"
 178      953DA8F0 
 178      9D257C23 
 178      18B3538F 
 178      DD3C0D
 179 02db 6318A3AF 		.ascii	"c\030\243\257\204>&\322|R]\355s\216P\304gF}\341\220"
 179      843E26D2 
 179      7C525DED 
 179      738E50C4 
 179      67467DE1 
 180 02f0 198DF816 		.ascii	"\031\215\370\026\325\370\027\373\233}F\235\0212\203"
 180      D5F817FB 
 180      9B7D469D 
 180      113283
 181 02ff 2BD67ED6 		.ascii	"+\326~\326Xm\200fD\233\303\272\031\21445D\253\246f\005"
 181      586D8066 
ARM GAS  C:\cygwin\tmp\ccVV2zic.s 			page 14


 181      449BC3BA 
 181      198C3435 
 181      44ABA666 
 182 0314 9BA3BEC5 		.ascii	"\233\243\276\305\376\300\322\200\257~\215\321\320\264"
 182      FEC0D280 
 182      AF7E8DD1 
 182      D0B4
 183 0322 2AE85359 		.ascii	"*\350SYF\343\222\2465Fu\035\314\366\327\004\274\037"
 183      46E392A6 
 183      3546751D 
 183      CCF6D704 
 183      BC1F
 184 0334 7F5AE50D 		.ascii	"\177Z\345\015G\302\305 \027\230P\032\015\205\227\255"
 184      47C2C520 
 184      1798501A 
 184      0D8597AD 
 185 0344 5E6E868C 		.ascii	"^n\206\214@\264\326\370r\266?P\303\301*R\025\2030AF"
 185      40B4D6F8 
 185      72B63F50 
 185      C3C12A52 
 185      15833041 
 186 0359 C250B4B6 		.ascii	"\302P\264\266\266\241)\370\177\333\253\20326YY\033\011"
 186      B6A129F8 
 186      7FDBAB83 
 186      32365959 
 186      1B09
 187 036b 86CD7A36 		.ascii	"\206\315z6\002Wc\2601d~\015\377\002\210\300\310\301"
 187      025763B0 
 187      31647E0D 
 187      FF0288C0 
 187      C8C1
 188              		.text
 189              		.section	.gnu.lto_.symbol_nodes.652bafd3,"",%progbits
 190 0000 789C4D8B 		.ascii	"x\234M\213\275\015@`\030\006\357\371^\022[\350L\250"
 190      BD0D4060 
 190      1806EFF9 
 190      5E125BE8 
 190      4CA8
 191 0012 7F55A2B4 		.ascii	"\177U\242\264\000\021\2355\014`\010\177\015C\220 q\335"
 191      00119D35 
 191      0C60087F 
 191      0D439020 
 191      71DD
 192 0024 5D7206E4 		.ascii	"]r\006\344\274\204C\016\365\004\356j\372\004mr=\201"
 192      BC84430E 
 192      F504EE6A 
 192      FA046D72 
 192      3D81
 193 0036 A2BA7D97 		.ascii	"\242\272}\227\207\237\207En\357@\333\335a\226G\377\240"
 193      879F8745 
 193      6EEF40DB 
 193      DD619647 
 193      FFA0
 194 0048 551E7F47 		.ascii	"U\036\177G\221`\304\254\345\231\232\3018d\\\254\310"
 194      9160C4AC 
 194      E5999AC1 
 194      38645CAC 
ARM GAS  C:\cygwin\tmp\ccVV2zic.s 			page 15


 194      C8
 195 0059 20AA     		.ascii	" \252"
 196              		.text
 197              		.section	.gnu.lto_.refs.652bafd3,"",%progbits
 198 0000 789C6366 		.ascii	"x\234cf``\340d\200\000&\006&F^&&>\006\000\001~\0001"
 198      6060E064 
 198      80002606 
 198      26465E26 
 198      263E0600 
 199              		.text
 200              		.section	.gnu.lto_.decls.652bafd3,"",%progbits
 201 0000 789CBD58 		.ascii	"x\234\275X{PSW\032\277\347\236\020H\010\340hk[fg\026"
 201      7B505357 
 201      1ABFE79E 
 201      104808E0 
 201      686B5B66 
 202 0016 9D5946BB 		.ascii	"\235YF\273\276j;\273\335\375\247\"\352\312t\\\331\320"
 202      BE6A3BBB 
 202      DDFDA722 
 202      EACA745C 
 202      D9D0
 203 0028 BA3B5B67 		.ascii	"\272;[gR6\244\302,\257\206\270\265\377]\014UDy\210\012"
 203      5236A4C2 
 203      2CAF86B8 
 203      B5FF5D0C 
 203      55447988 
 204 003d F840A3A0 		.ascii	"\370@\243\240\274\344\015\012\212\200\370BA\305'Z\004"
 204      BCE40D0A 
 204      8A80F842 
 204      41C5275A 
 204      04
 205 004e 825A5111 		.ascii	"\202ZQ\021E\213\012>\310~\347\234{\223\233\030jgvf\357"
 205      458B0A3E 
 205      C87EE79C 
 205      7B939B18 
 205      6A677666 
 206 0063 F0857CF7 		.ascii	"\360\205|\367\374\316\357\373\276\363}\347\025\314q"
 206      FCCEEFFB 
 206      BEF37DE7 
 206      15CC71
 207 0072 5C32E238 		.ascii	"\\2\3428\033<'&s\\$\3468\005\274\013\345\034\217\022"
 207      1B3C2726 
 207      735C24E6 
 207      3805BC0B 
 207      E51C8F12 
 208 0086 643F4839 		.ascii	"d?H9H%H5H-\310\021\356\315\207\340\374\304\376\276 "
 208      48254835 
 208      482DC811 
 208      EECD87E0 
 208      FCC4FEBE 
 209 009b 1A90E320 		.ascii	"\032\220\343 } S@\352@\006@zA\332@\226\202<\004y\004"
 209      7D205340 
 209      EA400640 
 209      7A41DA40 
 209      96823C04 
 210 00b1 72186408 		.ascii	"r\030d\010\204\007\351\006\271.\263\375\024\344\205"
 210      8407E906 
ARM GAS  C:\cygwin\tmp\ccVV2zic.s 			page 16


 210      B92EB3FD 
 210      14E485
 211 00c0 6853F2C3 		.ascii	"hS\362\303\365!~\371\210\266\247\270\330'6l \177\207"
 211      F5217EF9 
 211      88B6A7B8 
 211      D827366C 
 211      207F87
 212 00d3 58978178 		.ascii	"X\227\201x\200\374\003\244H\364\015\276r!\360\341)\362"
 212      80FC03A4 
 212      48F40DBE 
 212      7221F0E1 
 212      29F2
 213 00e5 FC13BE2F 		.ascii	"\374\023\276/\007\321!f?\034\376\353\321\2336\3118\250"
 213      07D12166 
 213      3F1CFEEB 
 213      D19B36C9 
 213      38A8
 214 00f7 5CE2ED13 		.ascii	"\\\342\355\023mN\021c\225lKcY+\213G\342\325\271\341"
 214      6D4E1163 
 214      956C4B63 
 214      592B8B47 
 214      E2D5B9E1 
 215 010b 7ECCA3FA 		.ascii	"~\314\243\372\262\341\263\336wy\344\253\016 \352\241"
 215      B2E1B3DE 
 215      7779E4AB 
 215      0E20EAA1 
 216 011b CCD61C25 		.ascii	"\314\326\034%\250\032\265\202\250\207_\336\274\254x"
 216      A81AB582 
 216      A8875FDE 
 216      BCAC78
 217 012a 6F8B004F 		.ascii	"o\213\000O\206Y\230\240@\241\223Q\001\362G\205\310\037"
 217      865998A0 
 217      40A19351 
 217      01F24785 
 217      C81F
 218 013c 222A42EF 		.ascii	"\"*B\357\301\347W\012\306TU\221tC\205yD\276\347\345"
 218      C1E7570A 
 218      C6545591 
 218      74438579 
 218      44BEE7E5 
 219 0150 F45D56CF 		.ascii	"\364]V\317(\206n\311B\263\025;\314\355\335S\261\031"
 219      28866EC9 
 219      42B3153B 
 219      CCEDDD53 
 219      B119
 220 0162 05EC149A 		.ascii	"\005\354\024\232+\206\332n\254\305[3,\253\2051\233\015"
 220      2B86DA6E 
 220      ACC55B33 
 220      2CAB8531 
 220      9B0D
 221 0174 093C6143 		.ascii	"\011<aC\305\010\243\0224\203\200\311w\332\013\355G\001"
 221      C508A312 
 221      348380C9 
 221      77DA0BED 
 221      4701
 222 0186 6F75A5D4 		.ascii	"ou\245\324\311\025K\305\276~/\274\204\272r\360\\\315"
 222      C9154BC5 
ARM GAS  C:\cygwin\tmp\ccVV2zic.s 			page 17


 222      BE7E2FBC 
 222      84BA72F0 
 222      5CCD
 223 0198 5362D12A 		.ascii	"Sb\321*\014\265\231\237\315\337h\316\310\027\2546\333"
 223      0CB5999F 
 223      CDDF68CE 
 223      C817AC36 
 223      DB
 224 01a9 6F691F54 		.ascii	"oi\037T&3X&\031,\247\006\333\266e\235\340q*b\001\335"
 224      26335826 
 224      192CA706 
 224      DBB6659D 
 224      E0712A62 
 225 01bf 1EECD150 		.ascii	"\036\354\321P\026\313\365\2225\001\255B\263\315\366"
 225      16CBF592 
 225      3501AD42 
 225      B3CDF6
 226 01ce 1965A890 		.ascii	"\031e\250\2201TH\014\225\224\241`\340P\261\012\357f"
 226      3154480C 
 226      9594A160 
 226      E050B10A 
 226      EF66
 227 01e0 0CDB5377 		.ascii	"\014\333Sw\265\372\000\203E\214\\\020#\347)K\225\214"
 227      B5FA0083 
 227      458C5C10 
 227      23E7294B 
 227      958C
 228 01f2 A54A62A9 		.ascii	"\245Jb\251\246,\311\003]\367\325\270\206\261X\313\213"
 228      A62CC903 
 228      5DF7D5B8 
 228      86B158CB 
 228      8B
 229 0203 B6785216 		.ascii	"\266xR\026\313\353*a^\222\360\312f\303\224\241F\306"
 229      CBEB2A61 
 229      5E92F0CA 
 229      66C394A1 
 229      46C6
 230 0215 502331D4 		.ascii	"P#1\324R\206\354\254\266\035\236\270\2312(n\217\366"
 230      5286ECAC 
 230      B61D9EB8 
 230      9932286E 
 230      8FF6
 231 0227 3CF744FE 		.ascii	"<\367D\376\252@\377\034\301\013\325!\025\267V\020V\013"
 231      AA40FF1C 
 231      C10BD521 
 231      15B75610 
 231      560B
 232 0239 43AB3326 		.ascii	"C\2533&|\313\241\031\376h\272?\207\352Q m\342\320A\030"
 232      7CCBA119 
 232      FE68BA3F 
 232      87EA5120 
 232      6DE2D041 
 233 024e E24330C4 		.ascii	"\342C0\304\3714\227\363\310[t\000I\031%O\016\274gD`"
 233      F93497F3 
 233      C85B7400 
 233      4919254F 
 233      0EBC6744 
ARM GAS  C:\cygwin\tmp\ccVV2zic.s 			page 18


 234 0263 EA52739A 		.ascii	"\352Rs\232\315C\236%\202w\244\351\260S\232\316\327\357"
 234      CD439E25 
 234      8277A4E9 
 234      B0539ACE 
 234      D7EF
 235 0275 1CF2C627 		.ascii	"\034\362\306'Yd\005\235]\335~,O\255\247\306\202ey\202"
 235      5964059D 
 235      5DDD7E2C 
 235      4FADA7C6 
 235      82657982 
 236 0289 4EA84116 		.ascii	"N\250A\026]\203\024\335\021\032]S\343\310I5Nd\205\267"
 236      5D8314DD 
 236      111A5D53 
 236      E3C84935 
 236      4E6485B7 
 237 029d 21D97A5A 		.ascii	"!\331zZ\215S\230\222\270\357\360\006O(\346)jj\256w\373"
 237      8D539892 
 237      B8EFF006 
 237      4F28E629 
 237      6A6AAE77 
 238 02b2 68BE8AAA 		.ascii	"h\276\212\252d-\362\203W|\353\035!\317\027\005\252I"
 238      642DF283 
 238      577CEB1D 
 238      21CF1705 
 238      AA49
 239 02c4 7443A545 		.ascii	"tC\245E7\027\233!\304cH\215\232\354\366ho\362$\223a"
 239      37179B21 
 239      C463488D 
 239      9AECF668 
 239      6FF22493 
 240 02d9 82A054AD 		.ascii	"\202\240T\255\276\234=$\324\002#5EM\261\250\031^\036"
 240      BE9C3D24 
 240      D4022335 
 240      454DB1A8 
 240      195E1E
 241 02ec 8597407C 		.ascii	"\205\227@|\342Uc\222\007R\007\272\357t\302M'\352\302"
 241      E2556392 
 241      075207BA 
 241      EF74C24D 
 241      27EAC2
 242 02ff BD92ECC9 		.ascii	"\275\222\354\311\202\240@\307\301\205F\207\013\340\021"
 242      82A040C7 
 242      C1854687 
 242      0BE011
 243 030e F3813490 		.ascii	"\363\2014\220\271\320^T\316\323I+\360\362I\254a\223"
 243      B9D05E54 
 243      CED3492B 
 243      F0F249AC 
 243      6193
 244 0320 386BE78B 		.ascii	"8k\347\213N%>\202\351 \\|R/x\342\323T\341S/\364\216"
 244      4E253E82 
 244      E9205C7C 
 244      522F78E2 
 244      D354E153 
 245 0337 2950A086 		.ascii	")P\240\206\032+.\317\373>\021\342mC\032t\332al\251\206"
 245      1A2B2ECF 
 245      FB3E11E2 
ARM GAS  C:\cygwin\tmp\ccVV2zic.s 			page 19


 245      6D431A74 
 245      DA616CA9 
 246 034c D94A71B8 		.ascii	"\331Jq\270.\237k\350\0148\277T#\242\301\300\256\314"
 246      2E9F6BE8 
 246      0C38BF54 
 246      23A2C1C0 
 246      AECC
 247 035e FC321E8F 		.ascii	"\3742\036\2170kCu\217\373|\361K\246\364T]8\341\207\307"
 247      306B4375 
 247      8FFB7CF1 
 247      4BA6F454 
 247      5D38E187 
 248 0373 9892BF25 		.ascii	"\230\222\277%k\277\007\365\321\213\256\026\215[\273"
 248      6BBF07F5 
 248      D18BAE16 
 248      8D5BBB
 249 0382 BC71A282 		.ascii	"\274q\242\202\266\275\2768j\363\301ILi\2739\362\263"
 249      B6BDBE38 
 249      6AF3C149 
 249      4C69BB39 
 249      F2B3
 250 0394 86022710 		.ascii	"\206\002'\020\265k\367\3603_\234\314\332\322\333j[\274"
 250      B56BF7F0 
 250      335F9CCC 
 250      DAD2DB6A 
 250      5BBC
 251 03a6 703A53B6 		.ascii	"p:S\266>o?\351G\201\357\0235\347A{*\306\231\264M=\226"
 251      3E6F3FE9 
 251      4781EF13 
 251      35E7417B 
 251      2AC699B4 
 252 03bd 9B97ED85 		.ascii	"\233\227\355\205\246\262'p\322T\013\0043\324v\354aH"
 252      A6B22770 
 252      D2540B04 
 252      33D476EC 
 252      6148
 253 03cf A659C87F 		.ascii	"\246Y\310\177\237\206|\001B\356E\223\034\201]\244%\372"
 253      9F867C01 
 253      42EE4593 
 253      1C815DA4 
 253      25FA
 254 03e1 217C7004 		.ascii	"!|p\004n)/P\266\316\241\320\263\256\320i\004Y\200\354"
 254      6E292F50 
 254      B6CEA1D0 
 254      B3AED069 
 254      045980EC 
 255 03f5 D0063BF4 		.ascii	"\320\006;\364\262+\364\212\013\353a;\364\222{\007d\264"
 255      B22BF48A 
 255      0BEB613B 
 255      F4927B07 
 255      64B4
 256 0407 7576EC39 		.ascii	"uv\3549W\354y\027\3322;\264\335\255\263\016\344\021"
 256      57EC7917 
 256      DA323BB4 
 256      DDADB30E 
 256      E411
 257 0419 3BF2AA7B 		.ascii	";\362\252{_\231\003\244D\254\245k\225\002\"\030N\232"
ARM GAS  C:\cygwin\tmp\ccVV2zic.s 			page 20


 257      5F9903A4 
 257      44ACA56B 
 257      95022218 
 257      4E9A
 258 042b 7DECD948 		.ascii	"}\354\331H'\270 \3143q\350$\364>Ez\267\212t\200D=P$"
 258      27B820CC 
 258      3371E824 
 258      F43E457A 
 258      B78A7480 
 259 0443 37D05474 		.ascii	"7\320Tt\015\244\013\304\012\322\011\362#\310u\220n4"
 259      0DA40BC4 
 259      0AD209F2 
 259      23C87590 
 259      6E34
 260 0455 9512118F 		.ascii	"\225\022\021\217\254\365\005g4\202\350S\207\373@\231"
 260      ACF50567 
 260      3482E853 
 260      87FB4099 
 261 0465 4F90E53B 		.ascii	"O\220\345;\275\375YJ\215\2746\345h\016\365!Z\276\344"
 261      BDFD594A 
 261      8DBC36E5 
 261      680EF521 
 261      5ABEE4
 262 0478 3FA05B4B 		.ascii	"?\240[Kr\277\306\331\264$\024\267vT\034\360C\201\376"
 262      72BFC6D9 
 262      B42414B7 
 262      76541CF0 
 262      4381FE
 263 048b FE6A692D 		.ascii	"\376ji-\273\003\263\354\346\033k\331\310g\244\201#\253"
 263      BB03B3EC 
 263      E61B6BD9 
 263      C867A481 
 263      23AB
 264 049d 23F94F67 		.ascii	"#\371Og\360P\246\200\337\267\257\216\267 8\322\304\241"
 264      F050A680 
 264      DFB7AF8E 
 264      B72038D2 
 264      C4A1
 265 04af 9FC0EE6D 		.ascii	"\237\300\356m:\343\355\325\350\313\2521\255,\377gV\234"
 265      3AE3EDD5 
 265      E8CBAA31 
 265      AD2CFF67 
 265      569C
 266 04c1 98A8DB3A 		.ascii	"\230\250\333:\177\032\306T\245\023\266\352j\227\237"
 266      7F1AC654 
 266      A513B6EA 
 266      6A979F
 267 04d0 3A595C25 		.ascii	":Y\\%I\020\032\265,\206\373\224{\232?\272\307\250\213"
 267      49101AB5 
 267      2C86FB94 
 267      7B9A3FBA 
 267      C7A88B
 268 04e3 CF6CBEE5 		.ascii	"\317l\276\34511C\034\363\000D\035\357\007\370]\012\037"
 268      3131431C 
 268      F300441D 
 268      EF07F85D 
 268      0A1F
ARM GAS  C:\cygwin\tmp\ccVV2zic.s 			page 21


 269 04f5 4013A54E 		.ascii	"@\023\245NT\221\315!_6\207R\326W\332<\307\2677(\331"
 269      5491CD21 
 269      5F368752 
 269      D657DA3C 
 269      C7B73728 
 270 050a 9B4ECDED 		.ascii	"\233N\315\355\274\233\265M%\232\263H\346\036 \346\016"
 270      BC9BB54D 
 270      259AB348 
 270      E61E20E6 
 270      0E
 271 051b 871E5273 		.ascii	"\207\036Rs\203\314\334Cj\256eSm\261\267SR\310\232\355"
 271      83CCDC43 
 271      6AAE6553 
 271      6DB1B753 
 271      52C89AED 
 272 052f 30F0484C 		.ascii	"0\360HL\312#\232\224\236\234\346\024\205\023\272\324"
 272      CA239A94 
 272      9E9CE614 
 272      8513BAD4 
 273 053f 093D24A2 		.ascii	"\011=$\242\207(zt\340\374\240Z\276\243\220\265\321\001"
 273      87287A74 
 273      E0FCA05A 
 273      BEA390B5 
 273      D101
 274 0551 7EECB4A3 		.ascii	"~\354\264\243lM{\325\356\211w\260\365a\367\275\353\351"
 274      6C4D7BD5 
 274      EE8977B0 
 274      F561F7BD 
 274      EBE9
 275 0563 6ABC8F29 		.ascii	"j\274\217)\203\247\306\252=\024<\207~\246\011\2077G"
 275      83A7C6AA 
 275      3D143C87 
 275      7EA60987 
 275      3747
 276 0575 F6E55DF5 		.ascii	"\366\345]\365fG\221\007\225\326?\300v\332L\267S\224"
 276      66479107 
 276      95D63FC0 
 276      76DA4CB7 
 276      5394
 277 0587 983485D0 		.ascii	"\2304\205\320\242'\322\232\210\206\221\202#*[\203\237"
 277      A227D29A 
 277      88869182 
 277      232A5B83 
 277      9F
 278 0598 B26DB9B4 		.ascii	"\262m\271\264\242A\005\204tM&\016\220\265\252z\354\241"
 278      A2410584 
 278      744D260E 
 278      90B5AA7A 
 278      ECA1
 279 05aa DFB86794 		.ascii	"\337\270g\224\347\324\325gH\364u\323\001\241\300\013"
 279      E7D4D567 
 279      48F475D3 
 279      01A1C00B 
 280 05ba F78DE7DE 		.ascii	"\367\215\347\336H\352p\237\206\272g}T\332\003\363\203"
 280      48EA709F 
 280      86BA677D 
 280      54DA03F3 
ARM GAS  C:\cygwin\tmp\ccVV2zic.s 			page 22


 280      83
 281 05cb 1C399A84 		.ascii	"\0349\232\204)\012\302\203F\354\276\215\022\337F$\337"
 281      290AC283 
 281      46ECBE8D 
 281      12DF4624 
 281      DF
 282 05dc 5E50DF12 		.ascii	"^P\337\022\233K/y\322\364\177J\250\236\347Y\007\020"
 282      9B4B2F79 
 282      D2F47F4A 
 282      A89EE759 
 282      0710
 283 05ee 2D3E4FA2 		.ascii	"->O\242f\376PW\347KU%]\230\363\207\262|\306/\2161\251"
 283      66FE5057 
 283      E74B5525 
 283      5D98F387 
 283      B27CC62F 
 284 0605 385EB362 		.ascii	"8^\263b\0344\017\224*]\213\361%\300_Q\270\215V\307\030"
 284      1C340F94 
 284      2A5D8BF1 
 284      25C05F51 
 284      B88D56C7 
 285 061a AB0E1BAD 		.ascii	"\253\016\033\255\216\206\236u\367U\324\033+]\372\317"
 285      8E869E75 
 285      F755D41B 
 285      2B5DFACF 
 286 062a D83625B2 		.ascii	"\3306%\262\235`\003\215\275\252?u\215\037\036`\003\221"
 286      9D60038D 
 286      BDAA3F75 
 286      8D1F1E60 
 286      0391
 287 063c 623E5DAC 		.ascii	"b>]\254&\336\230\301\233\344\267o\233$\221\347\313Z"
 287      26DE98C1 
 287      9BE4B76F 
 287      9B2491E7 
 287      CB5A
 288 064e FCF0B038 		.ascii	"\374\360\2608\220-\371\253\244\356\277b\327%se\270\271"
 288      902DF9AB 
 288      A4EEBF62 
 288      D7257365 
 288      B8B9
 289 0660 42855FB0 		.ascii	"B\205_\260\356O\037\265t{a\033Sj\332\315\215J\014\373"
 289      EE4F1FB5 
 289      747B611B 
 289      536ADACD 
 289      8D4A0CFB 
 290 0674 3855D6D5 		.ascii	"8U\326\325\236U\342\024\246\244dm>\211p\232\207\323"
 290      9E55E214 
 290      A6A4646D 
 290      3E89709A 
 290      87D3
 291 0686 3163323B 		.ascii	"1c2;f\244\265m;\212\251j\243\315\331\027\256\035T\340"
 291      66A4B56D 
 291      3B8AA96A 
 291      A3CDD917 
 291      AE1D54E0 
 292 069a 4CB16357 		.ascii	"L\261cW\021\024\3506\252\360\231\267\206\367\"\351\220"
 292      1114E836 
ARM GAS  C:\cygwin\tmp\ccVV2zic.s 			page 23


 292      AAF099B7 
 292      86F722E9 
 292      90
 293 06ab E0BCC464 		.ascii	"\340\274\304d\360\201@\300|]\317\373\243\015\274xB("
 293      F08140C0 
 293      7C5DCFFB 
 293      A30DBC78 
 293      4228
 294 06bd 2D4AFF0D 		.ascii	"-J\377\0159!\244\363j\224\306\3337\355\311j\351\210"
 294      3921A4F3 
 294      6A94C6DB 
 294      37EDC96A 
 294      E988
 295 06cf CD5B3BF7 		.ascii	"\315[;\367\376\315=i\346x\244\367J\332\336%\244\033"
 295      FECD3D69 
 295      E678A4F7 
 295      4ADADE25 
 295      A41B
 296 06e1 8134D541 		.ascii	"\2014\325A\0126\354\007\367\253\033\022\2631\033\330"
 296      0A36EC07 
 296      F7AB1B12 
 296      B3311BD8 
 297 06f1 B79302BE 		.ascii	"\267\223\002\276\242\251d\035K\372\327\264\004\177\030"
 297      A2A9641D 
 297      4BFAD7B4 
 297      047F18
 298 0700 5AA7A639 		.ascii	"Z\247\2469\327\020\265?\243\260\234\355\361\336\364"
 298      D710B53F 
 298      A3B09CED 
 298      F1DEF4
 299 070f D6F178E7 		.ascii	"\326\361x\347/\225`6/\226`\026\343\316\355\350\334\356"
 299      2F956036 
 299      2F966016 
 299      E3CEEDE8 
 299      DCEE
 300 0721 232F41E2 		.ascii	"#/A\342\367f\260\275\205'\360\034~\242\324\211\240\033"
 300      F766B0BD 
 300      8527F01C 
 300      7EA2D489 
 300      A01B
 301 0733 5FF65CF4 		.ascii	"_\366\\\364\226\2437\375\022\272i\370\211\315\033\347"
 301      96A337FD 
 301      12BA69F8 
 301      89CD1BE7 
 302 0743 B36C759C 		.ascii	"\263lu\234<\006\207\224B\246$\013\346R5.cJ\341\315s"
 302      3C068794 
 302      42A6240B 
 302      E652352E 
 302      634AE1CD 
 303 0758 993E3480 		.ascii	"\231>4\200i\364\330s{`\273\017\256fm\367\367\024^\323"
 303      69F4D873 
 303      7B60BB0F 
 303      AE666DF7 
 303      F7145ED3 
 304 076c E03AA6F4 		.ascii	"\340:\246\364>\357m\361\244\3009D=\272:\367\2007>\302"
 304      3EEF6DF1 
 304      A4C03944 
ARM GAS  C:\cygwin\tmp\ccVV2zic.s 			page 24


 304      3DBA3AF7 
 304      80373EC2 
 305 0780 DAFA1F64 		.ascii	"\332\372\037d>R\340cb\025\211sV\303\346\354\256'{\326"
 305      3E52E063 
 305      62158973 
 305      56C3E6EC 
 305      AE277BD6 
 306 0794 78E156D6 		.ascii	"x\341V\326V\225\267\367\000\033\314y\024\232\273\327"
 306      5695B7F7 
 306      001BCC79 
 306      149ABBD7 
 307 07a4 8A1D0BB4 		.ascii	"\212\035\013\264\211\256@{!\"\266W\356\343\035\0134"
 307      89AE407B 
 307      2122B657 
 307      EEE31D0B 
 307      34
 308 07b5 A04F6FCA 		.ascii	"\240Oo\312\355W\312\321f\376\027\320\365-\235c\336\370"
 308      ED57CAD1 
 308      66FE17D0 
 308      F52D9D63 
 308      DEF8
 309 07c7 ACB35D0D 		.ascii	"\254\263]\015\263\373\312,T"
 309      B3FBCA2C 
 309      54
 310 07d0 ABF005D6 		.ascii	"\253\360\005\326V_\2311\312V\221\305DmI\026vk\360\025"
 310      565F9931 
 310      CA5691C5 
 310      446D4916 
 310      766BF015 
 311 07e4 D6B6A561 		.ascii	"\326\266\245aG&\363W`\243\265\373F;\036?\277eR~\357"
 311      4726F357 
 311      60A3B5FB 
 311      463B1E3F 
 311      BF65527E 
 312 07f9 B219993B 		.ascii	"\262\031\231;\320Q\354\347\310\030\213\257\024<f\007"
 312      D051ECE7 
 312      C8188BAF 
 312      143C6607 
 313 0809 A472EA71 		.ascii	"\244r\352q\231\224\261\224\321\312&,G\223\370\306E?"
 313      9994B194 
 313      D1CA262C 
 313      4793F8C6 
 313      453F
 314 081b AA2ADCAE 		.ascii	"\252*\334\256\301\327\305\0044>\020x\032C(Q\217_\350"
 314      C1D7C504 
 314      343E1078 
 314      1A432851 
 314      8F5FE8
 315 082e 2A5152B7 		.ascii	"*QR\267-,\214\266\272nV\264\357\320m\370v\345]\257\361"
 315      2D2C8CB6 
 315      BA6E56B4 
 315      EFD06DF8 
 315      76E55DAF 
 316 0843 A3A895A2 		.ascii	"\243\250\225\242(dQ\034\332S\023\341\032D5\270UC\313"
 316      2864511C 
 316      DA5313E1 
 316      1A4435B8 
ARM GAS  C:\cygwin\tmp\ccVV2zic.s 			page 25


 316      5543CB
 317 0856 EE0075AB 		.ascii	"\356\000u\253Vr\353\331\313\222\3767\202\030\027\375"
 317      5672EBD9 
 317      CB92FE37 
 317      821817FD 
 318 0866 E0EAB1F5 		.ascii	"\340\352\261\365\032\334\303\202\220f\232\206\315\264"
 318      1ADCC382 
 318      90669A86 
 318      CDB4
 319 0874 FC6BE93B 		.ascii	"\374k\351;0\276\305\332v\245U\215\262\353|<Q\327d'\235"
 319      30BEC5DA 
 319      76A5558D 
 319      B2EB7C3C 
 319      51D76427 
 320 0889 55E04171 		.ascii	"U\340AqAk\252~\302\346`2\321\337+\353\275Sc?2\313\237"
 320      416BAA7E 
 320      C2E66032 
 320      D1DF2BEB 
 320      BD53633F 
 321 08a0 497082B6 		.ascii	"Ip\202\266\010I\346\241\201\203\015\263\213\3106\211"
 321      0849E6A1 
 321      81830DB3 
 321      8BC83689 
 322 08b0 D10FE05E 		.ascii	"\321\017\340^\012\254\024\027\370q\317\257If\313\303"
 322      0AAC1417 
 322      F871CFAF 
 322      4966CBC3 
 323 08c0 1272D424 		.ascii	"\022r\324$\330u\356\261\037\332\241i\245\022\264\301"
 323      D875EEB1 
 323      1FDAA169 
 323      A512B4C1 
 324 08d0 157A8477 		.ascii	"\025z\204w\206>\260\263\256u\205:\235\2127'Z\222g\002"
 324      863EB0B3 
 324      AE75853A 
 324      9D8A3727 
 324      5A926702 
 325 08e4 B2809F88 		.ascii	"\262\200\237\210\012E\244T\367\250\310\205\324f'\315"
 325      0A45A454 
 325      F7A8C885 
 325      D46627CD 
 326 08f4 7725CDE3 		.ascii	"w%\315\343\345am6[R\250\257$C\373]\261%N\330\244D\313"
 326      E5616D36 
 326      5B52A8AF 
 326      2443FB5D 
 326      B1254ED8 
 327 090b C8EF73E6 		.ascii	"\310\357s\346\240\255\340\3016\021*\255<\316\027\003"
 327      A0ADE0C1 
 327      36112AAD 
 327      3CCE1703 
 328 091b 60BD5F22 		.ascii	"`\275_\"\261&\271\262NsF\256\263\333/vo\337\021\326"
 328      B126B9B2 
 328      4E7346AE 
 328      B3DB2F76 
 328      6FDF11D6 
 329 092f 983DAC3D 		.ascii	"\230=\254=\356\303r@\007\354\3205n\355\313\362\372\302"
 329      EEC37240 
 329      07ECD035 
ARM GAS  C:\cygwin\tmp\ccVV2zic.s 			page 26


 329      6EEDCBF2 
 329      FAC2
 330 0941 0EDDE10A 		.ascii	"\016\335\341\012\315\225\263\012\202%\225d\000\312\027"
 330      CD95B30A 
 330      82259564 
 330      00CA17
 331 0950 1D129152 		.ascii	"\035\022\221RQ\243\303\316\303\232h\331@\240\007\001"
 331      51A3C3CE 
 331      C39A68D9 
 331      40A00701 
 332 0960 5AE70AAD 		.ascii	"Z\347\012\255wqu\320n?\331}\005\310|}i\307\356t\357"
 332      777175D0 
 332      6E3FD97D 
 332      05C87C7D 
 332      69C7EE74 
 333 0975 AB0CFBDA 		.ascii	"\253\014\373\332\216\335\355\212\265\270b_\331\261\273"
 333      8EDDED8A 
 333      B5B8625F 
 333      D9B1BB
 334 0984 DC63A9BB 		.ascii	"\334c\251\273\362\213\222\000\341$\322&\202&\267\244"
 334      F28B9200 
 334      E124D226 
 334      8226B7A4 
 335 0994 CBB0779E 		.ascii	"\313\260w\236\344\247\242\323 GA\316\2024\2014\202\234"
 335      E4A7A2D3 
 335      204741CE 
 335      82348134 
 335      829C
 336 09a6 00B90472 		.ascii	"\000\271\004r\006\344\034H\007\310y\220V\220c - \247"
 336      06E41C48 
 336      07C87990 
 336      56906320 
 336      2D20A7
 337 09b9 408E835C 		.ascii	"@\216\203\\\004i\007i\003i\346\245\233\025\014\351z"
 337      04690769 
 337      0369E6A5 
 337      9B150CE9 
 337      7A
 338 09ca 32A41530 		.ascii	"2\244\0250\244\225\242\217\322\272\210\252\\\206t\324"
 338      A495A28F 
 338      D2BA88AA 
 338      5C8674D4 
 339 09da 1ECE76D7 		.ascii	"\036\316v\327pN\271\336\012\357\226\220[!`\\n\205p\370"
 339      704EB9DE 
 339      0AEF9690 
 339      5B21605C 
 339      6E8570F8 
 340 09ee 48BA9E6B 		.ascii	"H\272\236kQ\242\300I\024\227\036\343\205\256\002\323"
 340      51A2C049 
 340      14971EE3 
 340      85AE02D3 
 341 09fe 6AC79182 		.ascii	"j\307\221\202tz\343\006)\015\014\272\002\343\361\377"
 341      747AE306 
 341      290D0CBA 
 341      02E3F1FF 
 342 0a0e 181B58FD 		.ascii	"\030\033X\375\326m\276R\343|e\271\312\313\357\221\235"
 342      D66DBE52 
ARM GAS  C:\cygwin\tmp\ccVV2zic.s 			page 27


 342      E37C65B9 
 342      CACBEF91 
 342      9D
 343 0a1f 3CBB84C0 		.ascii	"<\273\204\300\177\267W\226\"\247+\3135\021}\215\242"
 343      7FB75796 
 343      22A72BCB 
 343      35117D8D 
 343      A2
 344 0a30 FB2E5FE9 		.ascii	"\373._\351P\343\\%\373\335\243\270\270[-\376\342i~\250"
 344      50E35C25 
 344      FBDDA3B8 
 344      B85B2DFE 
 344      E2697EA8 
 345 0a44 27BF3FD0 		.ascii	"'\277?\320\337\265,^\364\332s\235w\374\260\005\337\331"
 345      DFB52C5E 
 345      F4DA739D 
 345      77FCB005 
 345      DFD9
 346 0a56 29FE479E 		.ascii	")\376G\236\234\342o_~,\250q\005\243\3317\330pWEi,/a"
 346      9CE26F5F 
 346      7E2CA871 
 346      05A3D937 
 346      D8705745 
 347 0a6e FA8B9701 		.ascii	"\372\213\227\001J\321%\243\350\222(nP\2121k\272\240"
 347      4AD125A3 
 347      E892286E 
 347      508A316B 
 347      BAA0
 348 0a80 C28794E3 		.ascii	"\302\207\224\343\3341\314\233\232\207\221t\005\262,"
 348      DC31CC9B 
 348      9A879174 
 348      05B22C
 349 0a8f DA58BE86 		.ascii	"\332X\276\206]3\320\256\346\014v\317\350\226\270Q\017"
 349      5D33D0AE 
 349      E60C76CF 
 349      E896B851 
 349      0F
 350 0aa0 0FF78C6E 		.ascii	"\017\367\214n\211\276\227\322g\237?=\021\2672v\313\215"
 350      89BE97D2 
 350      679F3F3D 
 350      11B73276 
 350      CB8D
 351 0ab2 8B9F8B61 		.ascii	"\213\237\213a\336z\362F\230V\231\217V\211\244\217\222"
 351      DE7AF246 
 351      9856998F 
 351      5689A48F 
 351      92
 352 0ac3 ECECE8BE 		.ascii	"\354\354\350\276\247\300\335\214e\314\334\321\353\301"
 352      A7C0DD8C 
 352      65CCDCD1 
 352      EBC1
 353 0ad1 C2DC5AEE 		.ascii	"\302\334Z\356\034\346M\031\305M\211\342\026\037\300"
 353      1CE64D19 
 353      C54D89E2 
 353      161FC0
 354 0ae0 7DA08B8F 		.ascii	"}\240\213\2173\232tQ\306ou\206\370\250\350\270\025+"
 354      339A7451 
ARM GAS  C:\cygwin\tmp\ccVV2zic.s 			page 28


 354      C66F7586 
 354      F8A8E8B8 
 354      152B
 355 0af2 0DB3E2C3 		.ascii	"\015\263\342\303\215\246Ys\224\177\371\353\227\001\301"
 355      8DA65973 
 355      947FF9EB 
 355      9701C1
 356 0b01 DCF459B3 		.ascii	"\334\364Y\263f\263\277\270\204\331F\323l\002O\230\035"
 356      66B3BFB8 
 356      84D946D3 
 356      6C024F98 
 356      1D
 357 0b12 A45D12BC 		.ascii	"\244]\022\274d\325l}\244>\316h\320\375\347\2171\263"
 357      64D56C7D 
 357      A43ECE68 
 357      D0FDE78F 
 357      31B3
 358 0b24 F4DCBB8C 		.ascii	"\364\334\273\214*\341\273(\223>R\367\2151.F\027\225"
 358      2AE1BB28 
 358      933E52F7 
 358      8D312E46 
 358      1795
 359 0b36 60FCB5FD 		.ascii	"`\374\265\375#\271I\254\277aU\224\311\336{\342\233\356"
 359      23B949AC 
 359      BF615594 
 359      C9DE7BE2 
 359      9BEE
 360 0b48 79872D0B 		.ascii	"y\207-\013\326-\016\217\215\2106\030=t\363\343\342\242"
 360      D62D0E8F 
 360      8D883618 
 360      3D74F3E3 
 360      E2A2
 361 0b5a 3FD04786 		.ascii	"?\320G\206\351#C\022B\215\006CL\274)*.Vk\370ve\224\321"
 361      E9234312 
 361      428D0643 
 361      4CBC292A 
 361      2E566BF8 
 362 0b72 1011E062 		.ascii	"\020\021\340b<*V\037\2752\302\000v\023\364\221\021`"
 362      3C2A561F 
 362      BD32C200 
 362      7613F491 
 362      1160
 363 0b84 D36B6554 		.ascii	"\323keT\254\351\343\271:\223Z\247\223\276~\245\377\363"
 363      ACE9E3B9 
 363      3A935AA7 
 363      93BE7EA5 
 363      FFF3
 364 0b96 F27863DC 		.ascii	"\362xc\334\012cxL\3007Q\321\206\204\345+\364\372\231"
 364      0A63784C 
 364      C03751D1 
 364      8684E52B 
 364      F4FA99
 365 0ba9 E1C69899 		.ascii	"\341\306\230\231\261q\261\206\231\206\360\177E\315\374"
 365      B171B186 
 365      9986F07F 
 365      45CDFC
 366 0bb8 44F7A799 		.ascii	"D\367\247\231s\347|\364\311r\247\327\313E\376\3451\341"
ARM GAS  C:\cygwin\tmp\ccVV2zic.s 			page 29


 366      73E77CF4 
 366      C972A7D7 
 366      CB45FEE5 
 366      31E1
 367 0bca FAC8A858 		.ascii	"\372\310\250X\303r]\204\341\233\360\225\321&\235\351"
 367      C3725D84 
 367      E19BF095 
 367      D1269DE9 
 368 0bda FB784302 		.ascii	"\373xC\002\330\373\374\177\347N0E\200\243\300\345-\016"
 368      D8FBFC7F 
 368      E74E3045 
 368      80A3C0E5 
 368      2D0E
 369 0bec 97496F5A 		.ascii	"\227IoZ\345e4\254\000\270\316\364\273\267\0177t\345"
 369      E56534AC 
 369      00B8CEF4 
 369      BBB70F37 
 369      74E5
 370 0bfe 8D7378E3 		.ascii	"\215sx\343G\274q.o\374\030\033?\232\253\2146\352L\221"
 370      47BC712E 
 370      6FFC181B 
 370      3F9AAB8C 
 370      36EA4C91 
 371 0c12 117CBC5E 		.ascii	"\021|\274^\261*>\301\250\320G\206\033U:\335\012\203"
 371      B12A3EC1 
 371      A8D04786 
 371      1B553ADD 
 371      0A83
 372 0c24 49171A16 		.ascii	"I\027\032\026\352\023\036\375]\370\367\011\272\250\330"
 372      EA131EFD 
 372      5DF8F709 
 372      BAA8D8
 373 0c33 68086A86 		.ascii	"h\010j\206\334\002X\237\035\274$,$\3141\264$\241\372"
 373      DC02589F 
 373      1DBC242C 
 373      24CC31B4 
 373      24A1FA
 374 0c46 98452B63 		.ascii	"\230E+c\365`\010H\022\030\211WX\360|\335\0270\014\036"
 374      F5600848 
 374      12188957 
 374      58F07CDD 
 374      17300C1E 
 375 0c5a C1A15F86 		.ascii	"\301\241_\206,P\204\004\207i\025\313\276X\252\365\010"
 375      2C508404 
 375      876915CB 
 375      BE58AAF5 
 375      08
 376 0c6b 0AD1066B 		.ascii	"\012\321\006kq\030Hp\260\326\223d\341S\235I\305\362"
 376      71184870 
 376      B0D69364 
 376      E1539D49 
 376      C5F2
 377 0c7d 01DF70D8 		.ascii	"\001\337p\330\342P\217\260\305\004\036\274\010>\026"
 377      E2508FB0 
 377      C5041EBC 
 377      083E16
 378 0c8c 938F05F0 		.ascii	"\223\217\005\360\341\261d\311\242 \255b>\371\010\002"
ARM GAS  C:\cygwin\tmp\ccVV2zic.s 			page 30


 378      E1B164C9 
 378      A220AD62 
 378      3EF90802 
 379 0c9c 1D872ED2 		.ascii	"\035\207.\322\342\005 A\013\264\012h\323*B\302\202\264"
 379      E2052041 
 379      0BB40A68 
 379      D32A42C2 
 379      82B4
 380 0cae 2AEDC2B0 		.ascii	"*\355\302\260\205\332e\013\027\314\001\303A\301\332"
 380      85DA650B 
 380      17CC01C3 
 380      41C1DA
 381 0cbd E9BFCAFD 		.ascii	"\351\277\312\375O\300\367\211t|\243\343\364\377\266"
 381      4FC0F789 
 381      747CA3E3 
 381      F4FFB6
 382 0ccc 97A3CAFE 		.ascii	"\227\243\312\376\312\207\0056?(la\2506\344\035\372~"
 382      CA870536 
 382      3F286C61 
 382      A836E41D 
 382      FA7E
 383 0cde 65AC13D8 		.ascii	"e\254\023\330[\366\362\277A\314\345\272"
 383      5BF6F2BF 
 383      41CCE5BA 
 384              		.text
 385              		.section	.gnu.lto_.symtab.652bafd3,"",%progbits
 386 0000 5F706F72 		.ascii	"_port_irq_epilogue\000\000\000\000\000\000\000\000\000"
 386      745F6972 
 386      715F6570 
 386      696C6F67 
 386      75650000 
 387 001b 000000B3 		.ascii	"\000\000\000\263\000\000\000SVC_Handler\000\000\000"
 387      00000053 
 387      56435F48 
 387      616E646C 
 387      65720000 
 388 0030 00000000 		.ascii	"\000\000\000\000\000\000\000\000\000\265\000\000\000"
 388      00000000 
 388      00B50000 
 388      00
 389 003d 5F706F72 		.ascii	"_port_switch_from_isr\000\000\002\000\000\000\000\000"
 389      745F7377 
 389      69746368 
 389      5F66726F 
 389      6D5F6973 
 390 005a 00000000 		.ascii	"\000\000\000\000\257\000\000\000_port_exit_from_isr"
 390      AF000000 
 390      5F706F72 
 390      745F6578 
 390      69745F66 
 391 0075 00000200 		.ascii	"\000\000\002\000\000\000\000\000\000\000\000\000\261"
 391      00000000 
 391      00000000 
 391      B1
 392 0082 00000063 		.ascii	"\000\000\000chSchIsPreemptionRequired\000\000\002\000"
 392      68536368 
 392      49735072 
ARM GAS  C:\cygwin\tmp\ccVV2zic.s 			page 31


 392      65656D70 
 392      74696F6E 
 393 00a2 00000000 		.ascii	"\000\000\000\000\000\000\000\000\275\000\000\000"
 393      00000000 
 393      BD000000 
 394              		.text
 395              		.section	.gnu.lto_.opts,"",%progbits
 396 0000 272D666E 		.ascii	"'-fno-trapv' '-mcpu=cortex-m4' '-mno-thumb-interwor"
 396      6F2D7472 
 396      61707627 
 396      20272D6D 
 396      6370753D 
 397 0033 6B272027 		.ascii	"k' '-mthumb' '-ggdb' '-O2' '-fomit-frame-pointer' '"
 397      2D6D7468 
 397      756D6227 
 397      20272D67 
 397      67646227 
 398 0066 2D66616C 		.ascii	"-falign-functions=16' '-ffunction-sections' '-fdata"
 398      69676E2D 
 398      66756E63 
 398      74696F6E 
 398      733D3136 
 399 0099 2D736563 		.ascii	"-sections' '-fno-common' '-flto'\000"
 399      74696F6E 
 399      73272027 
 399      2D666E6F 
 399      2D636F6D 
 400              		.text
 401              		.comm	__gnu_lto_v1,1,1
 402              		.comm	__gnu_lto_slim,1,1
 403              		.ident	"GCC: (GNU Tools for ARM Embedded Processors) 4.9.3 20141119 (release) [ARM/embedded-4_9-br
ARM GAS  C:\cygwin\tmp\ccVV2zic.s 			page 32


DEFINED SYMBOLS
                            *ABS*:00000000 chcore_v7m.c
                            *COM*:00000001 __gnu_lto_v1
                            *COM*:00000001 __gnu_lto_slim

NO UNDEFINED SYMBOLS
