ARM GAS  C:\cygwin\tmp\ccJ7ACtG.s 			page 1


   1              		.syntax unified
   2              		.cpu cortex-m4
   3              		.fpu softvfp
   4              		.eabi_attribute 20, 1
   5              		.eabi_attribute 21, 1
   6              		.eabi_attribute 23, 3
   7              		.eabi_attribute 24, 1
   8              		.eabi_attribute 25, 1
   9              		.eabi_attribute 26, 1
  10              		.eabi_attribute 30, 2
  11              		.eabi_attribute 34, 1
  12              		.eabi_attribute 18, 4
  13              		.thumb
  14              		.file	"chmempools.c"
  15              		.text
  16              	.Ltext0:
  17              		.section	.gnu.lto_.profile.652bc07a,"",%progbits
  18 0000 789C6366 		.ascii	"x\234cf```a\200\000F\206pK\000\001[\000\231"
  18      60606061 
  18      80004686 
  18      704B0001 
  18      5B0099
  19              		.text
  20              		.section	.gnu.lto_.jmpfuncs.652bc07a,"",%progbits
  21 0000 789C6366 		.ascii	"x\234cf\300\016,\2414\033\0033###{}}=#\214\301\004\244"
  21      C00E2CA1 
  21      341B0333 
  21      2323237B 
  21      7D7D3D23 
  22 0018 EB198172 		.ascii	"\353\031\201r\007\030\270\230\241\354z\006\006\026\240"
  22      0718B898 
  22      A1EC7A06 
  22      0616A0
  23 0027 38737D3D 		.ascii	"8s}=+\204b\000\000\344\203\007\277"
  23      2B846200 
  23      00E48307 
  23      BF
  24              		.text
  25              		.section	.gnu.lto_.inline.652bc07a,"",%progbits
  26 0000 789C6D4F 		.ascii	"x\234mO\241n\002A\020}ov\217].\\\332\273\012\2223\255"
  26      A16E0241 
  26      107D6F76 
  26      8F5D2E5C 
  26      DABB0A92 
  27 0016 C33528F4 		.ascii	"\3035(\364}A?\242\252\374\005\022Ar\2255Mp\004\201%"
  27      7D413FA2 
  27      AAFC0512 
  27      41729535 
  27      4D700481 
  28 002b FC458B3B 		.ascii	"\374E\213;E\015\342p \353:{\333V\261\331\354\233yov"
  28      450DE270 
  28      20EB3A7B 
  28      DB56B1D9 
  28      EC9B796F 
  29 0040 DE8CC1F5 		.ascii	"\336\214\301\365\2231bOoB\210\331\015\321o&\0228\";"
  29      9331624F 
  29      6F4288D9 
ARM GAS  C:\cygwin\tmp\ccJ7ACtG.s 			page 2


  29      0DD16F26 
  29      1238223B 
  30 0054 81142D91 		.ascii	"\201\024-\221\274>\244\350\277/D`U\022\344)\035\246"
  30      BC3EA4E8 
  30      BF2F4460 
  30      5512E429 
  30      1DA6
  31 0066 1C950678 		.ascii	"\034\225\006x\2110\275\010\277\216\037{\337\312wh\300"
  31      8930BD08 
  31      BF8E1F7B 
  31      DFCA7768 
  31      C0
  32 0077 154B53A9 		.ascii	"\025KS\251\032\2210\241g\214\036\322`\272\274\027\260"
  32      1A9130A1 
  32      678C1ED2 
  32      60BABC17 
  32      B0
  33 0088 75952099 		.ascii	"u\225 \231\217\224o8\243\327d\347\025\3015gr\253\371"
  33      8F946F38 
  33      A3D764E7 
  33      15C13567 
  33      72ABF9
  34 009b 6F00B329 		.ascii	"o\000\263),X\367l7^\222C9\276>\031\334\015t\364b\373"
  34      2C58F76C 
  34      375E9243 
  34      39BE3E19 
  34      DC0D74F4 
  35 00b1 8CF46DFC 		.ascii	"\214\364m\374\247\005\305\206\245\3309[\371\274\201"
  35      A705C586 
  35      A5D8395B 
  35      F9BC81
  36 00c0 3F3F7686 		.ascii	"??v\2066\276]%\274\323\317\256\231\374\357\215\037f"
  36      36BE5D25 
  36      BCD3CFAE 
  36      99FCEF8D 
  36      1F66
  37 00d2 C624EC   		.ascii	"\306$\354"
  38              		.text
  39              		.section	.gnu.lto_.pureconst.652bc07a,"",%progbits
  40 0000 789C6366 		.ascii	"x\234cf``\340e\200\0006\006)F+&)f+\026)V+\000\007\221"
  40      6060E065 
  40      80003606 
  40      29462B26 
  40      29662B16 
  41 001a 0122     		.ascii	"\001\""
  42              		.text
  43              		.section	.gnu.lto_chPoolObjectInit.652bc07a,"",%progbits
  44 0000 789C9590 		.ascii	"x\234\225\220\315k\023a\020\306\347\231ww\033HK\305"
  44      CD6B1361 
  44      10C6E799 
  44      77771B48 
  44      4BC5
  45 0012 53C9A920 		.ascii	"S\311\251 \261\207\222\344\340?\340I\274\371G\304\200"
  45      B18792E4 
  45      E03FE049 
  45      BCF947C4 
  45      80
ARM GAS  C:\cygwin\tmp\ccJ7ACtG.s 			page 3


  46 0023 05434222 		.ascii	"\005CB\"\036\274\364\335Z\017\202\207\252(\005-\026"
  46      1EBCF4DD 
  46      5A0F8287 
  46      AA28052D 
  46      16
  47 0034 62F1A3DA 		.ascii	"b\361\243\332\232\324\372uZ\365\242\007\033\013-~\201"
  47      9AD4FA75 
  47      5AF5A207 
  47      1B0B2D7E 
  47      81
  48 0045 5A88600F 		.ascii	"Z\210`\017\305D\003u\017\245\235\331U\220z\321e\227"
  48      C5440375 
  48      0FA59DD9 
  48      55907AD1 
  48      6597
  49 0057 79E7DD79 		.ascii	"y\347\335y~3\363\030\372\373I\311w\204\211\016H\204"
  49      7E33F318 
  49      FAFB49C9 
  49      7784890E 
  49      4884
  50 0069 21F0C412 		.ascii	"!\360\304\022\221\237`@\017\004\032e\214b\235;\214\211"
  50      919F6040 
  50      0F041A65 
  50      8C629D3B 
  50      8C89
  51 007b 60763239 		.ascii	"`v294c\255m7\026\006\316\014\204\"\373\3011\00670$%"
  51      3463AD6D 
  51      371606CE 
  51      0C8422FB 
  51      C1310637 
  52 0092 FEF2D9D3 		.ascii	"\376\362\331\323\275f\037H\316\217\347\272\257\222_"
  52      BD661F48 
  52      CE8FE7BA 
  52      AF925F
  53 00a1 39640C6A 		.ascii	"9d\014j\372\344\302\213IOSv4]\273\376l\032\351\232\265"
  53      FAE4C28B 
  53      494F5376 
  53      345DBBFE 
  53      6C1AE99A 
  54 00b6 63C152C3 		.ascii	"c\301R\303\036tB6\270\011#<\334B\012\267\221\"\271\""
  54      1E744236 
  54      B809233C 
  54      DC420AB7 
  54      9122B922 
  55 00ca CC222DD5 		.ascii	"\314\"-\325\257_\372\037\372\315\376\210\333\375\366"
  55      AF5FFA1F 
  55      FACDFE88 
  55      DBFDF6
  56 00d9 FC6D6FAC 		.ascii	"\374mo\254\\\217\225\016\356\354V:\204\273\2212\370"
  56      5C8F950E 
  56      EEEC563A 
  56      84BB9132 
  56      F8
  57 00ea 6C37FACC 		.ascii	"l7\372\314p\244\234>\177i\306\211\225\347j\336\341\220"
  57      70A49C3E 
  57      7F69C689 
  57      95E76ADE 
ARM GAS  C:\cygwin\tmp\ccJ7ACtG.s 			page 4


  57      E190
  58 00fc 5DCCED16 		.ascii	"]\314\355\026\272\204y\244\265\2723\276\365&\351\215"
  58      BA8479A4 
  58      B5BA33BE 
  58      F526E98D 
  59 010c CBBA7BB6 		.ascii	"\313\272{\266~o\212{\360 q~o`\267\267k\315\247\253\036"
  59      7E6F8A7B 
  59      F020717E 
  59      6F60B7B7 
  59      6BCDA7AB 
  60 0121 D42B99D2 		.ascii	"\324+\231\322\201v\364\020\311\251%\325j\340\027f\215"
  60      8176F410 
  60      C9A925D5 
  60      6AE01766 
  60      8D
  61 0132 E63DC6DA 		.ascii	"\346=\306\332\355f\307(@\330\237Z\315\345\204\232aH"
  61      ED66C728 
  61      40D89F5A 
  61      CDE5849A 
  61      6148
  62 0144 5B2DFEBC 		.ascii	"[-\376\274\266\3217\205+\276\265\201\033\262\267\311"
  62      B6D13785 
  62      2BBEB581 
  62      1BB2B7C9 
  63 0154 8CBA8CA3 		.ascii	"\214\272\214\243\377\256v/\276\353\317\014\207\334\203"
  63      FFAE762F 
  63      BEEBCF0C 
  63      87DC83
  64 0163 06A6F03D 		.ascii	"\006\246\360=2\034\013\310\374\211\351\221\253\373\""
  64      321C0BC8 
  64      FC89E991 
  64      ABFB22
  65 0172 903697EB 		.ascii	"\2206\227\353+k\356\2576\377\304u\260\030qu/<@fS\314"
  65      2B6BEEAF 
  65      36FFC475 
  65      B0187175 
  65      2F3C4066 
  66 0188 534E67A5 		.ascii	"SNg\245\376_\034\027\017#N\344\323#\345x\364\021~\260"
  66      FE5F1C17 
  66      0F234EE4 
  66      D323E578 
  66      F4117EB0 
  67 019c 7A48293A 		.ascii	"zH):uKz\210\031R0\230\315\346\342\267T\315UN\344\252"
  67      754B7A88 
  67      19523098 
  67      CDE6E2B7 
  67      54CD554E 
  68 01b2 957C2E7F 		.ascii	"\225|.\177\254X(\226K\245\343\325l\236\270Xv\252#\247"
  68      AC582896 
  68      4BA5E3D5 
  68      6C9EB858 
  68      76AA23A7 
  69 01c6 0A8972A5 		.ascii	"\012\211r\245tr\344h\241\262\003\276 \334D"
  69      7472E468 
  69      A1B203BE 
  69      20DC44
  70              		.text
ARM GAS  C:\cygwin\tmp\ccJ7ACtG.s 			page 5


  71              		.section	.gnu.lto_chPoolLoadArray.652bc07a,"",%progbits
  72 0000 789CA556 		.ascii	"x\234\245V]LSg\030\376\336\357\374\225\266F\266,\033"
  72      5D4C5367 
  72      18FEDEEF 
  72      FC95B646 
  72      B62C1B
  73 0013 334B4AC2 		.ascii	"3KJ\302\230l\021\330\335n\226\350b\262\305\013nt\273"
  73      986C11D8 
  73      DD6E96E8 
  73      62B2C50B 
  73      6E74BB
  74 0026 5EB46BA2 		.ascii	"^\264k\242\213\320\246U\243W\236\226\312\206q\306T\227"
  74      8BD0A655 
  74      A3579E96 
  74      CA8671C6 
  74      5497
  75 0038 E1261302 		.ascii	"\341&\023\002\316\037\234?8Tp@E\004\004A@T\320M:\004"
  75      CE1F9C3F 
  75      38547040 
  75      45040441 
  75      4054D04D 
  76 004e B2656240 		.ascii	"\262eb@\330\240\333\264{\337\357\200\266\207v7;is\276"
  76      D8A0DBB4 
  76      7BDFEF80 
  76      B6877637 
  76      3B6973BE 
  77 0062 F3BDEFF3 		.ascii	"\363\275\357\363\274\377\347;\022[|}\204\377\213\026"
  77      BCFFE73B 
  77      125B7C7D 
  77      84FF8B16 
  78 0072 C626F10E 		.ascii	"\306&\361\016\032\003\276\257\2071\277\205\203b,$\220"
  78      1A03BEAF 
  78      8731BF85 
  78      83622C24 
  78      90
  79 0083 8D856CEC 		.ascii	"\215\205l\354\\\266(\\\332\323\316\230nU\203\032\323"
  79      5CB6285C 
  79      DAD3CE98 
  79      6E55831A 
  79      D3
  80 0094 ED2A00ED 		.ascii	"\355*\000\3553`;\271$+*\354\344\012\203\030^K\205\201"
  80      33603BB9 
  80      242B2AEC 
  80      E40A8318 
  80      5E4B8581 
  81 00a8 DFF81487 		.ascii	"\337\370\024\207}\341\2322\333\362#\272\256O\206\352"
  81      7DE19A32 
  81      DBF223BA 
  81      AE4F86EA 
  82 00b8 33766544 		.ascii	"3veD9c\323\334\360\000\216\302rT\361\367\225\026\333"
  82      3963D3DC 
  82      F0008EC2 
  82      7254F1F7 
  82      9516DB
  83 00cb A52C60B8 		.ascii	"\245,`\270\256?5\323m\373\225G9d\322cC\250\243L\245"
  83      AE3F35D3 
  83      6DFB9547 
ARM GAS  C:\cygwin\tmp\ccJ7ACtG.s 			page 6


  83      3964D263 
  83      43A8A34C 
  84 00e0 472ED3E3 		.ascii	"G.\323\343/\325-\025\220]\245\353\201pw\255\276J\216"
  84      2FD52D15 
  84      905DA5EB 
  84      817077AD 
  84      BE4A8E
  85 00f3 72098E81 		.ascii	"r\011\216\201\204|p\034\226\301\011X\306p\213A\015d"
  85      847C701C 
  85      96C10958 
  85      C6708B41 
  85      0D64
  86 0105 A3F6DCB1 		.ascii	"\243\366\334\261\322F.\275!x\375u\201\277\322\014\344"
  86      D2462EBD 
  86      2178FD75 
  86      81BFD20C 
  86      E4
  87 0116 B08194E1 		.ascii	"\260\201\224\341\244\031)3\370^ \007\006\037\224\310"
  87      A4192933 
  87      F85E2007 
  87      061F94C8 
  88 0126 528E40D6 		.ascii	"R\216@\3265\236j[j \243\006R\201Sf$\306}\032\262I}*"
  88      359E6A5B 
  88      6A20A306 
  88      52815366 
  88      24C67D1A 
  89 013e F8E48E4D 		.ascii	"\370\344\216M\015b\274\351O\026B\2053\240\002\336O\277"
  89      0D62BCE9 
  89      4F164285 
  89      33A002DE 
  89      4FBF
  90 0150 18D663B1 		.ascii	"\030\326c\261\252\246\223\227\344t\020\266\270\300\311"
  90      AAA69397 
  90      E47410B6 
  90      B8C0C9
  91 015f 406B0568 		.ascii	"@k\005h\255\001y\237\206\234\252U\250\330\204\212\035"
  91      AD01799F 
  91      869CAA55 
  91      A8D8848A 
  91      1D
  92 0170 3734C646 		.ascii	"74\306F\221\016s?\3069\336\244\333\020x\201l\016\265"
  92      910E733F 
  92      C639DEA4 
  92      DB107881 
  92      6C0EB5
  93 0183 B59EB0E5 		.ascii	"\265\236\260\345|\2076+J\217\226\310@9\230\317\360Y"
  93      7C87362B 
  93      4A8F96C8 
  93      403998CF 
  93      F059
  94 0195 C8213E5C 		.ascii	"\310!>\\\216\341&V\217@\341\362vN>%@#\245GGWY\342\240"
  94      8EE12656 
  94      8F40E1F2 
  94      764E3E25 
  94      4023A547 
  95 01ae B5084538 		.ascii	"\265\010E8K\004\354\255\354\215h\322[\"5sw\2577\251"
  95      4B04ECAD 
ARM GAS  C:\cygwin\tmp\ccJ7ACtG.s 			page 7


  95      EC8D68D2 
  95      5B223573 
  95      77AF37A9 
  96 01c2 5995989A 		.ascii	"Y\225\230\232\310\265+\256p\260B\177\032\213\001\245"
  96      C8B52BAE 
  96      70B0427F 
  96      1A8B01A5 
  97 01d2 F65C6282 		.ascii	"\366\\b\202\346\031\177\200\254Y\016D\230\316\376\333"
  97      E6197F80 
  97      AC590E44 
  97      98CEFEDB 
  98 01e2 761DDAAE 		.ascii	"v\035\332\2565l\013\325\343\275\321.MX\232\034\256\335"
  98      356C0BD5 
  98      E3BDD12E 
  98      4D589A1C 
  98      AEDD
  99 01f4 FDF241BD 		.ascii	"\375\362A\275\"\260\017S\271\022\222t\300<\305y\310"
  99      22B00F53 
  99      B9129274 
  99      C03CC579 
  99      C8
 100 0205 229A2414 		.ascii	"\"\232$\024:\302\371\347a\204\247F_0\241\237\207\032"
 100      3AC2F9E7 
 100      6184A746 
 100      5F30A19F 
 100      871A
 101 0217 8F4E15E8 		.ascii	"\217N\025\350\305\304@\247k\364\003\222\364\241\310"
 101      C5C440A7 
 101      6BF40392 
 101      F4A1C8
 102 0226 D9EF0395 		.ascii	"\331\357\003\225G\254\202\350L\303\203&)>\022\013\324"
 102      47AC82E8 
 102      4CC38326 
 102      293E120B 
 102      D4
 103 0237 27656B80 		.ascii	"'ek\200,\352\375/\3768\0074\012\226L\006\227Pz\017\002"
 103      2CEAFD2F 
 103      FE380734 
 103      0A964C06 
 103      97507A0F 
 104 024c 2307778F 		.ascii	"#\007w\217\225\251\011]\027\271:\235#b\307d\213\306"
 104      95A9095D 
 104      17B93A9D 
 104      2362C764 
 104      8BC6
 105 025e 9BE690D8 		.ascii	"\233\346\220\330\227\221\346\211\003\022\271HA2\370"
 105      9791E689 
 105      0312B948 
 105      4132F8
 106 026d 9154B849 		.ascii	"\221T\270I\245\265\031\373\263\221$\222I\322\3375\201"
 106      A5B519FB 
 106      B3912492 
 106      49D2DF35 
 106      81
 107 027e 63D24422 		.ascii	"c\322D\"\331$\232)\211\251\344,\203f\022+\246q`\020"
 107      D9249A29 
 107      89A9E42C 
ARM GAS  C:\cygwin\tmp\ccJ7ACtG.s 			page 8


 107      8366122B 
 107      A6716010 
 108 0292 0615C3B9 		.ascii	"\006\025\303\271L\303\000\254\017P<\374pn\277\344\030"
 108      4CC300AC 
 108      0F503CFC 
 108      706EBFE4 
 108      18
 109 02a3 8172BD2C 		.ascii	"\201r\275,3\312\323\010\361\345\275\277\375V\031\373"
 109      33CAD308 
 109      F1E5BDBF 
 109      FD5619FB 
 110 02b3 1C5AC0C1 		.ascii	"\034Z\300\301h\347\353]_\035\264\343\016\\\001YD\316"
 110      68E7EB5D 
 110      5F1DB4E3 
 110      0E5C0159 
 110      44CE
 111 02c5 A0156414 		.ascii	"\240\025d\024t~V\361\247\354\030\233G[I\267\367a[C\232"
 111      747E56F1 
 111      A7EC189B 
 111      475B49B7 
 111      F7615B43 
 112 02da 405F2534 		.ascii	"@_%4\264\201\234\254\211Z\206\007\355z\207\036\214\304"
 112      B4819CAC 
 112      895A8607 
 112      ED7A871E 
 112      8CC4
 113 02ec 628ED44D 		.ascii	"b\216\324M\320\376\277\232\240\343Y\023\204\017w\275"
 113      D0FEBF9A 
 113      A0E35913 
 113      840F77BD 
 114 02fc 82F0D611 		.ascii	"\202\360\326\021\377\234&M\200\250\307\314\267=\375"
 114      FF9C264D 
 114      80A8C7CC 
 114      B73DFD
 115 030b B6455C1A 		.ascii	"\266E\\\032\\K\306\225\220\310p\254\013\210\234\334"
 115      5C4BC695 
 115      90C870AC 
 115      0B889CDC 
 116 031b 9B2F926A 		.ascii	"\233/\222jJ5t\222\250K\244\373:\246\273\323p\345.\004"
 116      4A357492 
 116      A84BA4FB 
 116      3AA6BBD3 
 116      70E52E04 
 117 032f CE9F7DD4 		.ascii	"\316\237}\324\242\320\336,\267S\376Go\364Y\250\251l"
 117      A2D0DE2C 
 117      B753FE47 
 117      6FF459A8 
 117      A96C
 118 0341 C248DDDC 		.ascii	"\302H\335\334\341\211%\345\360\215_\327q\032\265Y\364"
 118      E18925E5 
 118      F08D5FD7 
 118      711AB559 
 118      F4
 119 0352 A75BE4BB 		.ascii	"\247[\344\273\007\312\005<T\371\022\201\343\221Z\022"
 119      07CA053C 
 119      54F91281 
 119      E3915A12 
ARM GAS  C:\cygwin\tmp\ccJ7ACtG.s 			page 9


 120 0362 A41DADC1 		.ascii	"\244\035\255\301\015B\242\350\320\314\376\241\245\271"
 120      0D42A2E8 
 120      D0CCFEA1 
 120      A5B9
 121 0370 35E4B94A 		.ascii	"5\344\271J\021\366\"\327c\252\020\371\007}\220\213\256"
 121      11F622D7 
 121      63AA10F9 
 121      077D908B 
 121      AE
 122 0381 08EEA947 		.ascii	"\010\356\251G\217\245y\366\224\216\364#8~\264\236\217"
 122      8FA579F6 
 122      948EF423 
 122      387EB49E 
 122      8F
 123 0392 D36443D5 		.ascii	"\323dC\325\2703T\254W\3432\266\322\221z\234n\212qz\346"
 123      B83354AC 
 123      57E332B6 
 123      D2917A9C 
 123      6E8A717A 
 124 03a7 3F9E8030 		.ascii	"?\236\2000\220z\234\202#\013\223\240-\352\347[\224`"
 124      907A9C82 
 124      230B93A0 
 124      2DEAE75B 
 124      9460
 125 03b9 F378B4E2 		.ascii	"\363x\264\342Yp\233\364-\213\306\243G#\343\014\356$"
 125      59709BF4 
 125      2D8BC6A3 
 125      4723E30C 
 125      EE24
 126 03cb 1F8F4151 		.ascii	"\037\217AQ\257\241\270\361\250\236\2104\250\013\235"
 126      AFA1B8F1 
 126      A89E8834 
 126      A80B9D
 127 03da 3F201270 		.ascii	"? \022pWt\276\271\315\357a\233\323+^\026\257x\252s}"
 127      5774BEB9 
 127      CDEF619B 
 127      D32B5E16 
 127      AF78AA73 
 128 03ef F4500868 		.ascii	"\364P\010h\376gyZ|\270\222\271\\\341\202(_B\011\376"
 128      FE67795A 
 128      7CB892B9 
 128      5CE18228 
 128      5F4209FE 
 129 0403 6971BDD6 		.ascii	"iq\275\326\320a\367\263\250\027\235_p\037r\261R\305"
 129      D061F7B3 
 129      A8179D5F 
 129      701F72B1 
 129      52C5
 130 0415 6525EF1A 		.ascii	"e%\357\032\314V,\005\362c5\304\361@\307\025n\222J\250"
 130      CC562C05 
 130      F26335C4 
 130      F140C715 
 130      6E924AA8 
 131 0429 A4ADDC6E 		.ascii	"\244\255\334n(\331f9}\010<-\276y^\274\277\024\343\013"
 131      28D96639 
 131      7D083C2D 
 131      BE795EBC 
ARM GAS  C:\cygwin\tmp\ccJ7ACtG.s 			page 10


 131      BF14E30B 
 132 043d 0186D1DE 		.ascii	"\001\206\321\336\002\3604\001m\"\004\205\341G\205$\352"
 132      02F03401 
 132      6D220485 
 132      E1478524 
 132      EA
 133 044e 6B6C73A3 		.ascii	"kls\243\330\0069\260[\020\034*\276\260\367U\203\234"
 133      D80639B0 
 133      5B101C2A 
 133      BEB0F755 
 133      839C
 134 0460 C7C7A6A0 		.ascii	"\307\307\246\240\213\021\243\320\343\200\216\311\344"
 134      8B11A3D0 
 134      E3808EC9 
 134      E4
 135 046d 9D55FEA7 		.ascii	"\235U\376\247\376\265q\340\263\\\241G\233\274\347R\006"
 135      FEB571E0 
 135      B35CA147 
 135      9BBCE752 
 135      06
 136 047e 9A51E900 		.ascii	"\232Q\351\000\275\017\376p\335\007\304D\230Qd\017j\230"
 136      BD0FFE70 
 136      DD07C444 
 136      9851640F 
 136      6A98
 137 0490 D4CCBCBC 		.ascii	"\324\314\274\274|\343\347\366\345{\267\344\373\274\316"
 137      7CE3E7F6 
 137      E57BB7E4 
 137      FBBCCE
 138 049f 7CE7C642 		.ascii	"|\347\306BW\241\307\355\336\354\313s2^\350\001\017\024"
 138      57A1C7ED 
 138      DEECCB73 
 138      325EE801 
 138      0F14
 139 04b1 C9EE0D9F 		.ascii	"\311\356\015\237z^7)o*rn\336\372\211+\036\260\221)\333"
 139      7A5E3729 
 139      6F2A726E 
 139      DEFA892B 
 139      1EB09129 
 140 04c6 D66FDEEA 		.ascii	"\326o\336\352z\323\244\352q{\267\370\362\337[[\260\272"
 140      7AD3A4EA 
 140      717BB7F8 
 140      F2DF5B5B 
 140      B0BA
 141 04d8 603BEA3B 		.ascii	"`;\352;\335^\327\307\333\336)D\375\025\361\232\256\355"
 141      DD5ED7C7 
 141      DBDE2944 
 141      FD15F19A 
 141      AEED
 142 04ea 5BF25717 		.ascii	"[\362W\027\254[\263\35697i:\013\337\337Z\344DeGJ\017"
 142      AC5BB3EE 
 142      3937693A 
 142      0BDFDF5A 
 142      E4446547 
 143 0500 7C3BC878 		.ascii	"|;\310xz\301\272\265\231\033\326\373\\\036\357\246\025"
 143      7AC1BAB5 
 143      991BD6FB 
ARM GAS  C:\cygwin\tmp\ccJ7ACtG.s 			page 11


 143      5C1EEFA6 
 143      15
 144 0511 99D96F33 		.ascii	"\231\331o3\356e\032:\347\366\356`\222g\243\347_f\000"
 144      EE651A3A 
 144      E7F6EE60 
 144      9267A3E7 
 144      5F6600
 145 0524 4D87     		.ascii	"M\207"
 146              		.text
 147              		.section	.gnu.lto_chPoolAllocI.652bc07a,"",%progbits
 148 0000 789C7552 		.ascii	"x\234uR\335KTA\024?\277\231{\357\356zWZ\242'\011\022"
 148      DD4B5441 
 148      143FBF99 
 148      7BEFEE7A 
 148      575AA227 
 149 0016 C4A442F7 		.ascii	"\304\244B\367!z\012\243\307\036\372+\222@\"[Q\337\235"
 149      217A0AA3 
 149      C71EFA2B 
 149      9240225B 
 149      51DF9D
 150 0029 5DB70721 		.ascii	"]\267\007!\"\266\207\002[L,\262,MMK\243Z$D\312>\366"
 150      22B68702 
 150      5B4C2CB2 
 150      2C4D4D4B 
 150      A35A2444 
 151 0040 A1429172 		.ascii	"\241B\221rC\243\036\"7\015\275\017\272\235\231\253\371"
 151      43A31E22 
 151      370DBD0F 
 151      BA9D99AB 
 151      F9
 152 0051 D970EF9D 		.ascii	"\331p\357\235\231s\347\367q\316\031I;\307i~\023\222"
 152      9973E7F7 
 152      71CE1949 
 152      3BC7697E 
 152      1392
 153 0063 E830CF08 		.ascii	"\3500\317\010\020\304\225\267D\361\240\0202]M\252\310"
 153      10C495B7 
 153      44F1A010 
 153      325D4DAA 
 153      C8
 154 0074 5A88900A 		.ascii	"Z\210\220\012K8~\330\022v\233\016;\177t\330^\017;\200"
 154      4B387ED8 
 154      12769B0E 
 154      3B7F74D8 
 154      5E0F3B80 
 155 0088 5E10A859 		.ascii	"^\020\250YH\313v\320\214\037\"/0\334\263\370\306\375"
 155      48CB76D0 
 155      8C1F222F 
 155      30DCB3F8 
 155      C6FD
 156 009a 2E3C41A5 		.ascii	".<A\245\304\333\221\324\370uGoa\351mjld\336\256\270"
 156      C4DB91D4 
 156      F875476F 
 156      61E96D6A 
 156      6C64DEAE 
 157 00af AD5462FE 		.ascii	"\255Tb\376\353\263\351\360\305S\236\020\264 \010wP\202"
 157      EBB3E9F0 
ARM GAS  C:\cygwin\tmp\ccJ7ACtG.s 			page 12


 157      C5539E10 
 157      B4200877 
 157      5082
 158 00c1 2E9468C2 		.ascii	".\224h\302\273\250\340\223\361lkKX\226A\243r\267Fo\242"
 158      BBA8E093 
 158      F16C6B4B 
 158      589641A3 
 158      72B7466F 
 159 00d6 BC935199 		.ascii	"\274\223Q\231\327\375\352\244\345\011\211{\220\233q"
 159      D7FDEAA4 
 159      E509897B 
 159      909B71
 160 00e5 1C2274A3 		.ascii	"\034\"t\243\\\037\277\334\361~& \017\032\350\362\324"
 160      5C1FBFDC 
 160      F17E2620 
 160      0F1AE8F2 
 160      D4
 161 00f6 C473A7AC 		.ascii	"\304s\247\254\203\2413\277:\307\302j\\%g\012\205\003"
 161      83A133BF 
 161      3AC7C26A 
 161      5C25670A 
 161      8503
 162 0108 2C8BFB5B 		.ascii	",\213\373[\031\374\301\220|r\345\223\353$\225R\021<"
 162      19FCC190 
 162      7C72E593 
 162      EB249552 
 162      113C
 163 011a 40D98A20 		.ascii	"@\331\212 \355\220\215\365\300\001O:\330\2737\243\012"
 163      ED908DF5 
 163      C0014F3A 
 163      D8BB37A3 
 163      0A
 164 012b 8581A57C 		.ascii	"\205\201\245|\353\321.\021\006\351\230\005m\3006k\207"
 164      EBD12E11 
 164      06E99805 
 164      6DC0366B 
 164      87
 165 013c 0D5941FE 		.ascii	"\015YA\376\330!\3768\256\011\022\3152\217\256\332\034"
 165      D821FE38 
 165      AE0912CD 
 165      328FAEDA 
 165      1C
 166 014d 67CDB39C 		.ascii	"g\315\263\234Bb\250o5+5\365\222\260Y\374\313\354\273"
 166      4262A86F 
 166      352B35F5 
 166      92B059FC 
 166      CBECBB
 167 0160 6C50D74B 		.ascii	"lP\327K\032/\203\313\355?\213\323h\213+\2259\344\211"
 167      1A2F83CB 
 167      ED3F8BD3 
 167      688B2B95 
 167      39E489
 168 0173 C092B0D0 		.ascii	"\300\222\260\320\253\315\362\277\033\213W'\367T\036"
 168      ABCDF2BF 
 168      1B8B5727 
 168      F7541E
 169 0182 61213C44 		.ascii	"a!<D\032\277\265GB\037*\351#\022\352\270\261\313\252"
ARM GAS  C:\cygwin\tmp\ccJ7ACtG.s 			page 13


 169      1ABFB547 
 169      421F2AE9 
 169      2312EAB8 
 169      B1CBAA
 170 0195 CC4B1F90 		.ascii	"\314K\037\220\234l)YSA\205\237\354\034k\244\253\215"
 170      9C6C2959 
 170      5341859F 
 170      EC1C6BA4 
 170      AB8D
 171 01a7 87FC6A2E 		.ascii	"\207\374j.\340\377u6{\260\266x\200'\202\032\336\277"
 171      E0FF7536 
 171      7BB0B678 
 171      8027821A 
 171      DEBF
 172 01b9 537FC0E8 		.ascii	"S\177\300\350C\353?b}\246L\345\366i\302m)\004\376\237"
 172      43EB3F62 
 172      7DA64CE5 
 172      F669C26D 
 172      2904FE9F 
 173 01cd C2E0460A 		.ascii	"\302\340F\012C\250d#\306\241E\013\021\337a!\267V\245"
 173      43A86423 
 173      C6A1450B 
 173      11DF6121 
 173      B756A5
 174 01e0 E0564BBB 		.ascii	"\340VK\273\363\205\360\330\360\231\276=aK\246\002\027"
 174      F385F0D8 
 174      F099BE3D 
 174      614BA602 
 174      17
 175 01f1 3618FEE5 		.ascii	"6\030\376\345\030\342\003\303X\257\210M\355\305~W^\216"
 175      18E203C3 
 175      58AF884D 
 175      EDC57E57 
 175      5E8E
 176 0203 AEE985B6 		.ascii	"\256\351\205\266\345pbW\315n\276.\231\375\236(\302\210"
 176      E5706257 
 176      CD6EBE2E 
 176      99FD9E28 
 176      C288
 177 0215 11965AF8 		.ascii	"\021\226Z\370)\013O#\251\216\371L.K\023\023z\302\345"
 177      290B4F23 
 177      A98EF94C 
 177      2E4B1313 
 177      7AC2E5
 178 0228 16898D06 		.ascii	"\026\211\215\006\271F\3331W\202{\027!?\014\372\214x"
 178      B946DB31 
 178      57827B17 
 178      213F0CFA 
 178      8C78
 179 023a E6DA2BF8 		.ascii	"\346\332+\370p.\3577\200; '^4\361d1\227k_\312\326\362"
 179      702EEF37 
 179      803B2027 
 179      5E34F164 
 179      31976B5F 
 180 0251 B582C672 		.ascii	"\265\202\306r\262\245UUQ\377\2115F\033\232\242\215\015"
 180      B2A55555 
 180      51FF8935 
ARM GAS  C:\cygwin\tmp\ccJ7ACtG.s 			page 14


 180      461B9AA2 
 180      8D0D
 181 0263 35D19ADA 		.ascii	"5\321\232\332\272\263u\365\261\330\371\306\252\032\022"
 181      BAB375F5 
 181      B1D8F9C6 
 181      AA1A12
 182 0272 75F556EC 		.ascii	"u\365V\354\314\271\372\277\352!A\221"
 182      CCB9FABF 
 182      EA214191 
 183              		.text
 184              		.section	.gnu.lto_chPoolAlloc.652bc07a,"",%progbits
 185 0000 789C9554 		.ascii	"x\234\225T\337O[u\024\377\236\357\367\366\336\266\224"
 185      DF4F5B75 
 185      14FF9EEF 
 185      F7F6DEB6 
 185      94
 186 0011 D918E303 		.ascii	"\331\030\343\003/m\322 1\033\324\027\263\007]\324,1"
 186      2F6DD220 
 186      311BD417 
 186      B3075DD4 
 186      2C31
 187 0023 9AC8CBF8 		.ascii	"\232\310\313\370\003\314V\2330\003\264ia\331\236v\333"
 187      03CC569B 
 187      3003B469 
 187      61D99E76 
 187      DB
 188 0034 759A1935 		.ascii	"u\232\0315\013\323\310\304:\010\240c\325m\200\233R\347"
 188      0BD3C8C4 
 188      3A08A063 
 188      D56D809B 
 188      52E7
 189 0046 56192232 		.ascii	"V\031\"2\330\350d\032\266\305\225\005\214\213#\202\335"
 189      D8E8641A 
 189      B6C59505 
 189      8C8B2382 
 189      DD
 190 0057 068DBA7A 		.ascii	"\006\215\272z\316\367\266\320\026L\260i\357\355=\277"
 190      CEF7B6D0 
 190      164CB069 
 190      EFED3DBF 
 191 0067 3E9FF3F9 		.ascii	">\237\363\371\236{\004[\373y\005\177\237\250\214]\304"
 191      9E7B045B 
 191      FB79057F 
 191      9FA88C5D 
 191      C4
 192 0078 3B680CF8 		.ascii	";h\014\370\341\313\214\205\314\234\213\3506\246[\225"
 192      E1CB8C85 
 192      CC9C8BE8 
 192      36A65B95 
 193 0088 B49DE936 		.ascii	"\264\235\3516\001\252aV\270\251\235\314\352}2\233\362"
 193      01AA6156 
 193      B8A99DCC 
 193      EA7D329B 
 193      F2
 194 0099 661580FE 		.ascii	"f\025\200\3760`\373\271PL*\354\207;|\221\303\340\311"
 194      3060FBB9 
 194      504C2AEC 
ARM GAS  C:\cygwin\tmp\ccJ7ACtG.s 			page 15


 194      873B7C91 
 194      C3E0C9
 195 00ac 7B1365BF 		.ascii	"{\023e\277\361\014gN\206\217\361\326\3216\225\036A\241"
 195      F10C674E 
 195      868FF1D6 
 195      D136951E 
 195      41A1
 196 00be C7D691F8 		.ascii	"\307\326\221\370\202\251\252G\327\303\013\341k7m\007"
 196      82A9AA47 
 196      D7C30BE1 
 196      6B376D07 
 197 00ce 5FCA70CE 		.ascii	"_\312p\316\322\234\301\247P\001\307\241\202\012\366"
 197      D29CC1A7 
 197      5001C7A1 
 197      820AF6
 198 00dd 42154686 		.ascii	"B\025F\206\222\207\016\330\204\013(k\246{\250\003*\273"
 198      92870ED8 
 198      840B286B 
 198      A67BA803 
 198      2ABB
 199 00ef 302B31D6 		.ascii	"0+1\326\257?\257d\270\200\023 \012\363\320\304 \006"
 199      AF3FAF64 
 199      B8801320 
 199      0AF3D0C4 
 199      2006
 200 0101 9514FE6E 		.ascii	"\225\024\376n\347dJ\023O\310\324\345\353\343\347UW'"
 200      E7644A13 
 200      4FC8D4E5 
 200      EBE3E755 
 200      5727
 201 0113 A6A67A7B 		.ascii	"\246\246z{Fl\372\250\036Ie\263\016\204\205\317\212+"
 201      466CFAA8 
 201      1E4965B3 
 201      0E8485CF 
 201      8A2B
 202 0125 181F4C59 		.ascii	"\030\037LY\214\374\363s\231\032\321u\335\016\237\203"
 202      8CFCF373 
 202      991AD175 
 202      DD0E9F83 
 203 0135 8BE821AB 		.ascii	"\213\350!\253\223\240\002\336\310r\352\321\204\236\315"
 203      93A002DE 
 203      C872EAD1 
 203      849ECD
 204 0144 0E4CDD3E 		.ascii	"\016L\335>\344\212\361MX\002m\002\010]E\036\212\206"
 204      E48AF14D 
 204      58026D02 
 204      085D451E 
 204      8A86
 205 0156 1793192F 		.ascii	"\027\223\031/\252E\272\254\362\312\330,\326!\311\346"
 205      AA45BAAC 
 205      F2CAD82C 
 205      D621C9E6 
 206 0166 B065BC8B 		.ascii	"\260e\274\213\237 l'\274tL\177O\210\315\222\356\357"
 206      9F206C27 
 206      BC744C7F 
 206      4F88CD92 
 206      EEEF
ARM GAS  C:\cygwin\tmp\ccJ7ACtG.s 			page 16


 207 0178 539D3D56 		.ascii	"S\235=VIw\341\316\203\366\307\217\352\035\341\303\210"
 207      4977E1CE 
 207      83F6C78F 
 207      EA1DE1C3 
 207      88
 208 0189 F51C64B8 		.ascii	"\365\034d\270\006\247\326#\014\247\301E\022\275s\177"
 208      06A7D623 
 208      0CA7C145 
 208      12BD737F 
 209 0199 004867CD 		.ascii	"\000Hg\315\311\240\017\2757 |{\351\215\2716\265\250"
 209      C9A00FBD 
 209      37207C7B 
 209      E98DB936 
 209      B5A8
 210 01ab A3D4EC09 		.ascii	"\243\324\354\011\220\275\2449\024\367\232:=6\2570\350"
 210      90BDA439 
 210      14F79A3A 
 210      3D36AF30 
 210      E8
 211 01bc 27172F71 		.ascii	"'\027/q]\315l%\030\006\003\344\025%\"1\370\002p\232"
 211      5DCD6C25 
 211      180603E4 
 211      15252231 
 211      F802709A 
 212 01d0 E00C2904 		.ascii	"\340\014)\004\3548\240\373\326\335\345#\3021\010Q\275"
 212      EC38A0FB 
 212      D6DDE523 
 212      C2310851 
 212      BD
 213 01e1 CD99E166 		.ascii	"\315\231\341f\312x\377\306_!\253\202\032\300YpH\241"
 213      CA78FFC6 
 213      5F21AB82 
 213      1AC05970 
 213      48A1
 214 01f3 3F3CF8C1 		.ascii	"?<\370\301Q\033Z\340KP$g\006_\201\202\216\2617;\036"
 214      511B5AE0 
 214      4B502467 
 214      065F8182 
 214      8EB1373B 
 215 0208 288E73B9 		.ascii	"(\216s\271l\013\305N\336\035\211[d\366 eC\034\347)/"
 215      6C0BC54E 
 215      DE1D895B 
 215      64F62065 
 215      431CE729 
 216 021d 60EF64E6 		.ascii	"`\357d\346\222f\210FC\265z\306k\246$'\331\327\340Z\302"
 216      92668846 
 216      43B57AC6 
 216      6BA62427 
 216      D9D7E05A 
 217 0232 36AE43F8 		.ascii	"6\256C\370l\337\303\244(\036\223?\272\376\357\230$\246"
 217      6CDFC3A4 
 217      281E933F 
 217      BAFEEF98 
 217      24A6
 218 0244 DFB251CD 		.ascii	"\337\262Q\315\234\260J\351\020\235#\3277R\243\363\240"
 218      9CB04AE9 
 218      109D23D7 
ARM GAS  C:\cygwin\tmp\ccJ7ACtG.s 			page 17


 218      3752A3F3 
 218      A0
 219 0255 2E717A4D 		.ascii	".qzMn\315^I\232\351\274\204,vf\371\330|y\024\332C\272"
 219      6ECD5E49 
 219      9AE9BC84 
 219      2C7666F9 
 219      D87C7914 
 220 026c 6ECE702B 		.ascii	"n\316p+\262\203\013\004\206\256\217\356\035\231~\244"
 220      B2830B04 
 220      86AE8FEE 
 220      1D997EA4 
 221 027c 3A46E7F0 		.ascii	":F\347\360w\227\025\347\013\022\020\205?I\012\252\011"
 221      779715E7 
 221      0B121085 
 221      3F490AAA 
 221      09
 222 028d DF423529 		.ascii	"\337B5)\241?C\305\011\013\001\3305\210L\037\250\310"
 222      A13F43C5 
 222      090B01D8 
 222      35884C1F 
 222      A8C8
 223 029f C1419541 		.ascii	"\301A\225A{\016\301\242\333\004\265\275\370pF3\274j"
 223      7B0EC1A2 
 223      DB04B5BD 
 223      F8704633 
 223      BC6A
 224 02b1 2119651D 		.ascii	"!\031e\0352eTa\250\210\314fbqQ\262\200\034\213ad\201"
 224      32655461 
 224      A888CC66 
 224      627151B2 
 224      801C8B61 
 225 02c7 855B671E 		.ascii	"\205[g\036\243\262\033\355(\241Q\245\357\212\372\031"
 225      A3B21BED 
 225      28A151A5 
 225      EF8AFA19 
 226 02d7 816A6425 		.ascii	"\201jd%\351*,m7\350fg\204AW\333Hi\344g\203\357eU\236"
 226      E92A2C6D 
 226      37E86667 
 226      844157DB 
 226      4869E467 
 227 02f0 AB3A8AFC 		.ascii	"\253:\212\374\244(M\253uV\332\266!\366\017\220\027\311"
 227      A4284DAB 
 227      7556DAB6 
 227      21F60F90 
 227      17C9
 228 0302 C48E954B 		.ascii	"\304\216\225K\324\276\341\241\034\252y\203\250\3450"
 228      D4BEE1A1 
 228      1CAA7983 
 228      A8E530
 229 0311 2651450E 		.ascii	"&QE\016\365\022\242\336\204\210\376\264Q\306\202\270"
 229      F512A2DE 
 229      8488FEB4 
 229      51C682B8 
 230 0321 0CAB65F8 		.ascii	"\014\253e\370&<2\276z`\026\011\254\256\256\005\303l"
 230      263C32BE 
 230      7A601609 
 230      ACAEAE05 
ARM GAS  C:\cygwin\tmp\ccJ7ACtG.s 			page 18


 230      C36C
 231 0333 A58395D3 		.ascii	"\245\203\225\323E\333G.\221\374\314\027.\212\376\217"
 231      45DB472E 
 231      91FCCC17 
 231      2E8AFE8F 
 232 0343 37B428C6 		.ascii	"7\264(\306\345\242XiZC\323\304\177/\212\356X~Q\230\326"
 232      E5A25869 
 232      5A43D3C4 
 232      7F2F8AEE 
 232      587E5198 
 233 0358 BCEF9769 		.ascii	"\274\357\227i\226K\267\307\260\211\301\025\212WK\267"
 233      964BB7C7 
 233      B089C115 
 233      8A574BB7 
 234 0368 C7E2B384 		.ascii	"\307\342\263\204\315`r\375\355\221\224o\306\325\202"
 234      CD6072FD 
 234      ED91946F 
 234      C6D582
 235 0377 EDD13D9F 		.ascii	"\355\321=\237\212\253\371\3050!\027\303\217r1\224n\201"
 235      8AABF9C5 
 235      302117C3 
 235      8F723194 
 235      6E81
 236 0389 29DC02BF 		.ascii	")\334\002\277@(5\033\003\342J\212\261_\001\317\206\213"
 236      4028351B 
 236      03E24A8A 
 236      B15F01CF 
 236      868B
 237 039b F10BCD78 		.ascii	"\361\013\315xSPn\213\351\355d=n_ y1\327YS\3436\276\276"
 237      53506E8B 
 237      E9ED643D 
 237      6E5F2079 
 237      31D75953 
 238 03b3 A03BD0EC 		.ascii	"\240;\320\354\016\006<nO}\243\267\321\357\3635\004k"
 238      0E063C6E 
 238      4F7DA3B7 
 238      D1EFF335 
 238      046B
 239 03c5 3C8C37FA 		.ascii	"<\2147\372\025\337\256\327\375\246=;\033Z\274O\226\204"
 239      15DFAED7 
 239      FDA63D3B 
 239      1B5ABC4F 
 239      9684
 240 03d7 FB7D81E6 		.ascii	"\373}\201\346\240\373\205\035\265\333k\367b\236\307"
 240      A0FB851D 
 240      B5DB6BF7 
 240      629EC7
 241 03e6 17F0BEBA 		.ascii	"\027\360\276\272gkcM=\333R\030\351\335\333\354\336^"
 241      676B634D 
 241      3DDB5218 
 241      E9DDDBEC 
 241      DE5E
 242 03f8 5BF7729D 		.ascii	"[\367r\235{w\223\247\241\3455\257[Fz\032_li\362`\260"
 242      7B7793A7 
 242      A1E535AF 
 242      5B467A1A 
 242      5F6C69F2 
ARM GAS  C:\cygwin\tmp\ccJ7ACtG.s 			page 19


 243 040e A3A4EC4A 		.ascii	"\243\244\354JT}p_\020\375\366\332\272\035\316];\203"
 243      547D705F 
 243      10FDF6DA 
 243      BA1DCE5D 
 243      3B83
 244 0420 5E7F60F7 		.ascii	"^\177`\367\026g\345S\214\007\230\206$}\201}\354_\253"
 244      1667E553 
 244      8C079886 
 244      247D817D 
 244      EC5FAB
 245 0433 BA8BAB   		.ascii	"\272\213\253"
 246              		.text
 247              		.section	.gnu.lto_chPoolFreeI.652bc07a,"",%progbits
 248 0000 789C7591 		.ascii	"x\234u\221Mk\023Q\024\206\357{\356\314\244\220\212\""
 248      4D6B1351 
 248      1486EF7B 
 248      EECCA490 
 248      8A22
 249 0012 82251B0B 		.ascii	"\202%\033\013!vQ\222\374\0007\356\375\027\206B\021C"
 249      21765192 
 249      FC0037EE 
 249      FD178642 
 249      1143
 250 0024 86C67DEF 		.ascii	"\206\306}\357\304\270pa)qS\320Z\203\212\037\375\262"
 250      C4B87061 
 250      297153D0 
 250      5A838A1F 
 250      FDB2
 251 0036 ADAD1F20 		.ascii	"\255\255\037 \014\305E\245\330Z\005\245\012\032K\212"
 251      0CC545A5 
 251      D85A05A5 
 251      0A1A4B8A 
 252 0046 BAB03435 		.ascii	"\272\26045\320\316\242\304sf\024[\213\227;\234{\016"
 252      D0CEA2C4 
 252      7366145B 
 252      8B973B9C 
 252      7B0E
 253 0058 E77DEE7B 		.ascii	"\347}\356{\356hup%\370\353!\2452\034\241\025hpI)\257"
 253      EE687570 
 253      25F8EB21 
 253      A5321CA1 
 253      15687049 
 254 006e 8D003928 		.ascii	"\215\0009(\250~B?\276S\2030\350\217\016\305\273\356"
 254      A87E423F 
 254      BE538330 
 254      E88F0EC5 
 254      BBEE
 255 0080 186336D7 		.ascii	"\030c6\327V;.u\004,\373I\021\006w\321\305-\336\312\345"
 255      563B2E75 
 255      042CFB49 
 255      110677D1 
 255      C52DDECA 
 256 0095 8BED3A09 		.ascii	"\213\355:\011\305\347\247\023\315W\361o\024\020:%}V"
 256      C5E7A713 
 256      CD57F16F 
 256      14103A25 
 256      7D56
ARM GAS  C:\cygwin\tmp\ccJ7ACtG.s 			page 20


 257 00a7 59187224 		.ascii	"Y\030r$%K\322/\267\347o\"u\313\230\222\377r\332\234"
 257      254BD22F 
 257      B7E76F22 
 257      75CB9892 
 257      FF72DA9C 
 258 00bb B602D2B8 		.ascii	"\266\002\322\270\007\315<\334G\002\017\220P\\R\030E"
 258      07CD3CDC 
 258      47020F90 
 258      505C5218 
 258      45
 259 00cc 8ABB07AA 		.ascii	"\212\273\007\252\257k1}2\344\276\035\330\034s\"\345"
 259      AF6B317D 
 259      32E4BE1D 
 259      D81C7322 
 259      E5
 260 00dd C7486961 		.ascii	"\307Hia\354_\245\2450\216\224\264\277X\363vb\272;\224"
 260      EC5FA5A5 
 260      308E94B4 
 260      BF58F376 
 260      62BA3B94 
 261 00f1 366F2CBD 		.ascii	"6o,\275\211'\253,\255-\257/\266\233\005S\256\265Z'\002"
 261      8927AB2C 
 261      AD2DAF2F 
 261      B69B0553 
 261      AEB55A27 
 262 0106 B231B19F 		.ascii	"\2621\261\237\020-\2264\312\273\357\343N\231\207>\202"
 262      102D9634 
 262      CABBEFE3 
 262      4E99873E 
 262      82
 263 0117 492477FF 		.ascii	"I$w\377\314\214\207p\300q\362\250oZ\255\231\257\225"
 263      CC8C8770 
 263      C071F2A8 
 263      6F5AAD99 
 263      AF95
 264 0129 2BA7C629 		.ascii	"+\247\306)\006\310\265\032b\333b\033\266Ru\356\226\247"
 264      06C8B51A 
 264      62DB621B 
 264      B65275EE 
 264      96A7
 265 013b 5C2792A8 		.ascii	"\\'\222\250\337\241\344\217,\036\017\365\014\334&\250"
 265      DFA1E48F 
 265      2C1E0FF5 
 265      0CDC26A8 
 266 014b 0F28CD4D 		.ascii	"\017(\315Mm\314\333R\333&\213o\375\\_^i\223\307\322"
 266      6DCCDB52 
 266      DB268B6F 
 266      FD5C5F5E 
 266      6993C7D2 
 267 015f A189D99D 		.ascii	"\241\211\331\235\221\037\207\206q\015\001q\203\306\224"
 267      911F8786 
 267      710D0171 
 267      83C694
 268 016e 38E4FAF5 		.ascii	"8\344\372\365\346\325\325\303\351n\361?\215al\205?\003"
 268      E6D5D5C3 
 268      E96EF13F 
 268      8D616C85 
ARM GAS  C:\cygwin\tmp\ccJ7ACtG.s 			page 21


 268      3F03
 269 0180 33480BB2 		.ascii	"3H\013\262R=&\300\2754{\037\3153\306w\002\212\261\005"
 269      523D26C0 
 269      BD347B1F 
 269      CD33C677 
 269      028AB105 
 270 0194 3C3A489C 		.ascii	"<:H\234\015\2112#\346\220f_!\264\261\261\245\177c\367"
 270      0D893223 
 270      E690665F 
 270      21B4B1B1 
 270      A57F63F7 
 271 01a8 72ECFF3B 		.ascii	"r\354\377;{\374\327\331\023\341@}\202\347??#\024\251"
 271      7BFCD7D9 
 271      13E1407D 
 271      82E73F3F 
 271      2314A9
 272 01bb D6B9C20F 		.ascii	"\326\271\302\017\303\035\235\231L6\332\205b\266\357"
 272      C31D9D99 
 272      4C36DA85 
 272      62B6EF
 273 01ca 42B6D897 		.ascii	"B\266\330\227\313\346z\363=y\267P8_\314\344\024\345"
 273      CBE67AF3 
 273      3D79B750 
 273      385FCCE4 
 273      14E5
 274 01dc 5DAB70F6 		.ascii	"]\253p\366\234\253\335^\367\027\014\264\342\303"
 274      9CABDD5E 
 274      F7170CB4 
 274      E2C3
 275              		.text
 276              		.section	.gnu.lto_chPoolFree.652bc07a,"",%progbits
 277 0000 789C8D54 		.ascii	"x\234\215T\335O\323W\030>\317\371}\224/3b\2143\334\264"
 277      DD4FD357 
 277      183ECFF9 
 277      7D942F33 
 277      628C33DC 
 278 0015 0961C628 		.ascii	"\011a\306(\324;oLt1Y\342\0057\362\007,\3325\301\205"
 278      D43B6F4C 
 278      743159E2 
 278      0537F207 
 278      2CDA35C1 
 279 002a DAA605A2 		.ascii	"\332\246\005\242\273\361\327\212\272]\314\020\3352\234"
 279      BBF1D78A 
 279      BA5DCC10 
 279      DD329C
 280 0039 A21025D3 		.ascii	"\242\020%\323\341\374\300\217\015\346\260\253U\031("
 280      E1FCC08F 
 280      0DE6B0AB 
 280      551928
 281 0048 821A3F30 		.ascii	"\202\032?0\221J0\231\231\030*Lh\314\322\275\357iq\364"
 281      914A3099 
 281      99182A4C 
 281      68CCD2BD 
 281      EF6971F4 
 282 005c 47176DDA 		.ascii	"G\027m\332\374>\336\367y\316\363>\347<\325\304\302O"
 282      FC3EDEF7 
 282      79CEF33E 
ARM GAS  C:\cygwin\tmp\ccJ7ACtG.s 			page 22


 282      E73CD5C4 
 282      C24F
 283 006e 19FDBE30 		.ascii	"\031\375\2760\204\270AWh\002\262yP\210p\201\004\370"
 283      84B84157 
 283      6802B279 
 283      50887081 
 283      04F8
 284 0080 4640EC94 		.ascii	"F@\354\224\330\211\3472)\321\034\355l)^\336aY\326dl"
 284      D889E732 
 284      29D11CED 
 284      6C295EDE 
 284      6159D664 
 285 0095 74D9EE65 		.ascii	"t\331\356e))\304\224\314\320\340\007,\247\226\360\360"
 285      2929C494 
 285      CCD0E007 
 285      2CA796F0 
 285      F0
 286 00a6 57BB4AB4 		.ascii	"W\273J\264r\010\272\357>=}\253\370O\231\222p\361c\317"
 286      7208BAEF 
 286      3E3D7DAB 
 286      F84F9992 
 286      70F163CF 
 287 00ba FEBE1693 		.ascii	"\376\276\026\223\037\245\316\217O\217\307\332Pq\314"
 287      1FA5CE8F 
 287      4F8FC7DA 
 287      5071CC
 288 00c9 B222D1BE 		.ascii	"\262\"\321\276.k\275\236\222\032N@#>\234D\031~D\231"
 288      2E6BBD9E 
 288      921A4E40 
 288      233E9C44 
 288      197E4499 
 289 00dd A057029D 		.ascii	"\240W\002\235\250\240\356}\355C\011\207\366\221\342"
 289      A8A0EE7D 
 289      ED430987 
 289      F691E2
 290 00ec BDBB6FF2 		.ascii	"\275\273o\362\224\231A\216d\220:N\331\221\272\300O\250"
 290      9499418E 
 290      64903A4E 
 290      D991BAC0 
 290      4FA8
 291 00fe E0F664D3 		.ascii	"\340\366d\323?\017\212\315&R]\232Q\213\3230A\3273\213"
 291      3F0F8ACD 
 291      26525D9A 
 291      518BD330 
 291      41D7338B 
 292 0112 A3563A7D 		.ascii	"\243V:}\354\302\341\244^(\011bh\340\325t(\244\030\247"
 292      ECC2E1A4 
 292      5E280962 
 292      68E0D574 
 292      28A418A7 
 293 0126 5EB6E099 		.ascii	"^\266\340\231\224|\325\356#R\312|S\235\3267\232\266"
 293      947CD5EE 
 293      2352CA7C 
 293      539DD637 
 293      9AB6
 294 0138 5249F9EB 		.ascii	"RI\371\353^{GQy;I\231|\376\372\320\322\203V[\244\231"
 294      5E7B4751 
ARM GAS  C:\cygwin\tmp\ccJ7ACtG.s 			page 23


 294      793B4999 
 294      7CFEFAD0 
 294      D283565B 
 295 014e 38D72125 		.ascii	"8\327!%M\234\311\325\224\365\351,\312y\372\257\377>"
 295      4D9CC9D5 
 295      94F5E92C 
 295      CA79FAAF 
 295      FF3E
 296 0160 0F36C374 		.ascii	"\0176\303t\011\234\243\352cD\306f\366<k1s\024'\342W"
 296      099CA3EA 
 296      6344C666 
 296      F63C6B31 
 296      731427E2 
 297 0175 A0F44E49 		.ascii	"\240\364NI\344\316\2228\333?A3vqI\332JwRkx\031\201\363"
 297      E4CE9238 
 297      DB3F4133 
 297      767149DA 
 297      4A77526B 
 298 018d 5CD5EC26 		.ascii	"\\\325\354&\340\002L\022r\221]\2008\001*\217\276\230"
 298      E0024C12 
 298      72915D80 
 298      38012A8F 
 298      BE98
 299 019f 3DA039BB 		.ascii	"=\2409\273\321j\265\270R\322\301\210o\037\277\011\027"
 299      D16AB5B8 
 299      52D2C188 
 299      6F1FBF09 
 299      17
 300 01b0 E9E4012E 		.ascii	"\351\344\001.\301)\370\315\367\273\277;XBo\3603t\245"
 300      C129F8CD 
 300      F7BBBF3B 
 300      58426FF0 
 300      3374A5
 301 01c3 59E017E8 		.ascii	"Y\340\027\350T\350\337\333\366Zw^\316\242\013\270w\350"
 301      54E8DFDB 
 301      F65A775E 
 301      CEA20BB8 
 301      77E8
 302 01d5 C5F59E42 		.ascii	"\305\365\236B\205\356f4z\240\2139\003O\016\245\006\034"
 302      85EE6634 
 302      7AA08B39 
 302      034F0EA5 
 302      061C
 303 01e7 19D362A3 		.ascii	"\031\323b\243\017K\254>\253)\221N;\363\034\200\254e"
 303      0F4BAC3E 
 303      AB29914E 
 303      3BF31C80 
 303      AC65
 304 01f9 BFA27C86 		.ascii	"\277\242|\206\306\230\303\317\216\334\3545\025\336\""
 304      C698C3CF 
 304      8EDCEC35 
 304      15DE22
 305 0208 C3E59751 		.ascii	"\303\345\227Q2<\317\031\310\202/3X-\036=:\360!\301\343"
 305      323CCF19 
 305      C8822F33 
 305      582D1E3D 
 305      3AF021C1 
ARM GAS  C:\cygwin\tmp\ccJ7ACtG.s 			page 24


 306 021d 63E15987 		.ascii	"c\341Y\207\026\2072t\372\310\340\235\342\005\\\006~"
 306      16873274 
 306      FAC8E09D 
 306      E2055C06 
 306      7E
 307 022e CBC795E3 		.ascii	"\313\307\225\343c4=\000&gu\331-\322mN\243\227KW\224"
 307      63343D00 
 307      266775D9 
 307      2DD26D4E 
 307      A3974B57 
 308 0243 DB5172BB 		.ascii	"\333Qr\2737#e\004\221K\347^\306\014~7#9X\243\343\267"
 308      37236504 
 308      914BE75E 
 308      C60C7E37 
 308      233958A3 
 309 0259 870BF834 		.ascii	"\207\013\3704hj\221\213\263G'\026\265\342P\330\262\012"
 309      686A918B 
 309      B3472716 
 309      B5E250D8 
 309      B20A
 310 026b 52B29066 		.ascii	"R\262\220f\307\357,\202J\207\247\017<\372\240r%K\214"
 310      C7EF2C82 
 310      4A87A70F 
 310      3CFAA072 
 310      254B8C
 311 027e A115AFD8 		.ascii	"\241\025\257\330a^\000WQ\311\304\373\333\2270\355|N"
 311      615E0057 
 311      51C9C4FB 
 311      DB9730ED 
 311      7C4E
 312 0290 230F6711 		.ascii	"#\017g\021\351@<\207\263\223g2\231\370\232\"F\226\370"
 312      E9403C87 
 312      B3936732 
 312      99F89A22 
 312      4696F8
 313 02a3 3A2A49A4 		.ascii	":*I\244\342N\276|\245e\331\337)Q\321\031Lw#Gg\037\323"
 313      E24EBE7C 
 313      A565D9DF 
 313      2951D119 
 313      4C772347 
 314 02ba FD7716E6 		.ascii	"\375w\026\346\007\250\353\310{\005\350\017\025\240\267"
 314      07A8EBC8 
 314      7B05E80F 
 314      15A0B7
 315 02c9 E3B1B9FD 		.ascii	"\343\261\271\375\377\037\240\246\261\271\000\031\013"
 315      FF1FA0A6 
 315      B1B90019 
 315      0B
 316 02d6 7230C03B 		.ascii	"r0\300;cOU\334\020\270\311\375\246=U\311\265\274\266"
 316      634F55DC 
 316      10B8C9FD 
 316      A63D55C9 
 316      B5BCB6
 317 02e9 C0ADFCA9 		.ascii	"\300\255\374\251\032T\373|{^\252\216O$z\314\271\300"
 317      1A54FB7C 
 317      7B5EAA8E 
 317      4F247ACC 
ARM GAS  C:\cygwin\tmp\ccJ7ACtG.s 			page 25


 317      B9C0
 318 02fb F4ABC00C 		.ascii	"\364\253\300\014\251\300\330\3231L\351x\202p\242c\254"
 318      A9C0D8D3 
 318      314CE978 
 318      8270A263 
 318      AC
 319 030c 90B5F298 		.ascii	"\220\265\362\230\343\264\001\364\257C=\256\252*w\346"
 319      E3B401F4 
 319      AF433DAE 
 319      AA2A77E6 
 320 031c EB0FB983 		.ascii	"\353\017\271\203\365\356P\320\343\366\324\372\274\276"
 320      F5EE50D0 
 320      E3F6D4FA 
 320      BCBE
 321 032a 80DF5F17 		.ascii	"\200\337_\027\252\362\010\351\013\350\376-\237\007\214"
 321      AAF208E9 
 321      0BE8FE2D 
 321      9F078C
 322 0339 C6CD750D 		.ascii	"\306\315u\015\336\025\266\366\200?X\037r\177\274\251"
 322      DE15B6F6 
 322      803F581F 
 322      727FBCA9 
 323 0349 7A43F576 		.ascii	"zC\365v\302y\374A\357\247\215k|U\265b\325\374N\357\366"
 323      C279FC41 
 323      EFA78D6B 
 323      7C55B562 
 323      D5FC4EEF 
 324 035e 7AF786EA 		.ascii	"z\367\206\352\232\2155\356\255\333<u\015\237y\335\252"
 324      9A8D35EE 
 324      ADDB3C75 
 324      0D9F79DD 
 324      AA
 325 036f D3E3FBA4 		.ascii	"\323\343\373\244a\233\207\232\2356\332\267]\265\241"
 325      619B879A 
 325      9D36DAB7 
 325      5DB5A1
 326 037e 1D21AA97 		.ascii	"\035!\252\227V\327lrm\331\034\362\006\202[W\271*V\013"
 326      56D76C72 
 326      6DD91CF2 
 326      06825B57 
 326      B92A560B 
 327 0392 19140E12 		.ascii	"\031\024\016\022\351\017\356\020Z\2406\360/a\"% "
 327      E90FEE10 
 327      5AA036F0 
 327      2F612225 
 327      20
 328              		.text
 329              		.section	.gnu.lto_.symbol_nodes.652bc07a,"",%progbits
 330 0000 789C55C8 		.ascii	"x\234U\310\253\015\200P\020\005\321\331}KB\311\270\333"
 330      AB0D8050 
 330      1005D1D9 
 330      7D4B42C9 
 330      B8DB
 331 0012 02024D28 		.ascii	"\002\002M(\202\032\300Q\004_C\021 \020\354\230IN\001"
 331      821AC051 
 331      045F4311 
 331      2010EC98 
ARM GAS  C:\cygwin\tmp\ccJ7ACtG.s 			page 26


 331      494E01
 332 0025 1ABE7C35 		.ascii	"\032\276|5A\273\200D?\324\370f\262\004\273\311\023\034"
 332      41BB8044 
 332      3FD4F866 
 332      B204BBC9 
 332      131C
 333 0037 A692E034 		.ascii	"\246\222\3404E\202\313T\375!\234q\272\235(t\363{\036"
 333      4582CB54 
 333      FD219C71 
 333      BA9D2874 
 333      F37B1E
 334 004a 8718237C 		.ascii	"\207\030#|"
 335              		.text
 336              		.section	.gnu.lto_.refs.652bc07a,"",%progbits
 337 0000 789C6366 		.ascii	"x\234cf```d\200\002\000\000=\000\005"
 337      60606064 
 337      80020000 
 337      3D0005
 338              		.text
 339              		.section	.gnu.lto_.decls.652bc07a,"",%progbits
 340 0000 789CA557 		.ascii	"x\234\245WkPTG\026\276}\357\000\363\002\\M\255)\267"
 340      6B505447 
 340      16BE7DEF 
 340      00F3025C 
 340      4DAD29B7 
 341 0014 B682B8C5 		.ascii	"\266\202\270\305\352\226\200\257Z\327\324VEc\255\253"
 341      EA9680AF 
 341      5AD7D456 
 341      4563ADAB 
 342 0024 9518AD58 		.ascii	"\225\030\255X\371\261%U\023\034F!\341U\303\230\015\373"
 342      F9B12555 
 342      131C4621 
 342      E155C398 
 342      0DFB
 343 0036 EBCAC380 		.ascii	"\353\312\303\200O\304\210(\212\243  \210\016\362P\201"
 343      4FC48828 
 343      8AA32020 
 343      880EF250 
 343      81
 344 0047 E8F8E021 		.ascii	"\350\370\340!\362\212b\004\301uD\305'\012>QQ\366\364"
 344      F28A6204 
 344      C17544C5 
 344      270A3E51 
 344      51F6F4
 345 005a E97B99CB 		.ascii	"\351{\231\313\310\230\335\332)\333{\273\357\351\357"
 345      C898DDDA 
 345      29DB7BBB 
 345      EFE9EF
 346 0069 7CDF39DD 		.ascii	"|\3379\335\247\033\201\343\270F\236\343\206\340\367"
 346      A71B81E3 
 346      B8469EE3 
 346      86E0F7
 347 0078 C297E3E6 		.ascii	"\302\227\343\346\011\034\347\005cK\241\021he\034\373"
 347      091CE705 
 347      634BA111 
 347      68651CFB 
 348 0088 79426B81 		.ascii	"yBk\201v\011Z\007\264Nh\016h\335\334\273?j\247\2260"
ARM GAS  C:\cygwin\tmp\ccJ7ACtG.s 			page 27


 348      76095A07 
 348      B44E680E 
 348      68DDDCBB 
 348      3F6AA796 
 349 009d 7CA0E9A1 		.ascii	"|\240\351\241\235\203V,\341\325A\253\202\006\256\270"
 349      9D83562C 
 349      E1D541AB 
 349      8206AEB8 
 350 00ad D3D0CE42 		.ascii	"\323\320\316B\253\221\374\265H\317~\027\314K\022\226"
 350      AB91FCB5 
 350      48CF7E17 
 350      CC4B1296 
 351 00bd 2BE61209 		.ascii	"+\346\022\011w\241\2049\000\355\0154\036@\004h\225\222"
 351      77A18439 
 351      00ED0D34 
 351      1E400468 
 351      9592
 352 00cf 3F90C855 		.ascii	"?\220\310UK\2764\022\236\007a\374\325\360\324B\033C"
 352      4BBE3412 
 352      9E0761FC 
 352      D5F0D442 
 352      1B43
 353 00e1 98A6B1F0 		.ascii	"\230\246\261\360\374\2000\036\277##ytH\276e\016K$\036"
 353      FC80301E 
 353      BF232379 
 353      7448BE65 
 353      0E4B241E 
 354 00f5 D4F71189 		.ascii	"\324\367\021\211\007\365W)i\245\334l\320T\222\326jI"
 354      07F55729 
 354      69A5DC6C 
 354      D05492D6 
 354      6A49
 355 0107 EB594967 		.ascii	"\353YIg\207\364\364w\361C\343\353\373+~\224Z\377[\237"
 355      87F4F477 
 355      F143E3EB 
 355      FB2B7E94 
 355      5AFF5B9F 
 356 011b 5E12B652 		.ascii	"^\022\266Rs\207B\263\353\217\306c\264\\.\221\270\310"
 356      738742B3 
 356      EB8FC663 
 356      B45C2E91 
 356      B8C8
 357 012d 7E79852F 		.ascii	"~y\205/\"\315\243\317\311.\2304\336\272\367\340\215"
 357      22CDA3CF 
 357      C92E9834 
 357      DEBAF7E0 
 357      8D
 358 013e A64989ED 		.ascii	"\246I\211\355\305\275?g\256\277~\236\034?\364\264Iw"
 358      C5BD3F67 
 358      AEBF7E9E 
 358      1C3FF4B4 
 358      4977
 359 0150 87273E5A 		.ascii	"\207'>Z?\332\255L\257\317\364\204\256^\253\242\335\352"
 359      3FDAAD4C 
 359      AFCFF484 
 359      AE5EABA2 
 359      DDEA
ARM GAS  C:\cygwin\tmp\ccJ7ACtG.s 			page 28


 360 0162 BC120F01 		.ascii	"\274\022\017\001\274\301kN\346\3656\355\324BQ\024SD"
 360      BCC16B4E 
 360      E6F536ED 
 360      D4425114 
 360      5344
 361 0174 7B3D7122 		.ascii	"{=q\"\254\311\253\332\340\005S\026j\261{-\353e\256\006"
 361      ACC9ABDA 
 361      E0055316 
 361      6AB17B2D 
 361      EB65AE06 
 362 0188 BB74D7F8 		.ascii	"\273t\327\370\302\020\337RTz]O\264\001)\242\230 \246"
 362      C210DF52 
 362      547A5D4F 
 362      B40129A2 
 362      9820A6
 363 019b 258A9A7A 		.ascii	"%\212\232z\037\216\344\223\011\244\200L\340\310!\022"
 363      1F8EE493 
 363      09A4804C 
 363      E0C82112 
 364 01ab 00C6A490 		.ascii	"\000\306\244\220L\345H\021\014\036\204\301\\p\323W\320"
 364      4CE54811 
 364      0C1E84C1 
 364      5C70D357 
 364      D0
 365 01bc DE3C5E14 		.ascii	"\336<^\024U\244\230h\311\001\"\240\005\304\215\372\221"
 365      55A49868 
 365      C90122A0 
 365      05C48DFA 
 365      91
 366 01cd 5C3F78B9 		.ascii	"\\?x\271\367\221^\005\021@\233\345Hy\355\245\342\227"
 366      F7915E05 
 366      11409BE5 
 366      4879EDA5 
 366      E297
 367 01df EAF1DB00 		.ascii	"\352\361\333\000\200\272\032\243\"K\364\303\2768b#\343"
 367      80BA1AA3 
 367      224BF4C3 
 367      BE386223 
 367      E3
 368 01f0 E1FFC344 		.ascii	"\341\377\303D\305\000\354wK\0125\3027(0+\263g\263V\277"
 368      C500EC77 
 368      4B0A35C2 
 368      3728302B 
 368      B367B356 
 369 0205 CEC9911A 		.ascii	"\316\311\221\032+\246\036!z\211\002H\312K/*\365&\001"
 369      2BA61E21 
 369      7A890248 
 369      CA4B2F2A 
 369      F52601
 370 0218 7A24FAE8 		.ascii	"z$\372\350L\347\007\224h\031X\2248\211\302\004\306\324"
 370      4CE70794 
 370      68195894 
 370      3889C204 
 370      C6D4
 371 022a 1D262905 		.ascii	"\035&)\005\351NX:\037x\330N\026\245j0#_SZ/\222\373R"
 371      E94E583A 
 371      1F78D84E 
ARM GAS  C:\cygwin\tmp\ccJ7ACtG.s 			page 29


 371      16A56A30 
 371      235F535A 
 372 0242 B598113D 		.ascii	"\265\230\021=\355\246\347\037q\350\205,\202\224\313"
 372      EDA6E71F 
 372      71E8852C 
 372      8294CB
 373 0251 07AD831E 		.ascii	"\007\255\203\036\302\001\326\271\274'\335J\204r\354"
 373      C201D6B9 
 373      BC27DD4A 
 373      8472EC
 374 0260 A80A0B4F 		.ascii	"\250\012\013O5h\3108\275\177\300\026)\022s-\212\230"
 374      3568C838 
 374      BD7FC016 
 374      2912732D 
 374      8A98
 375 0272 1F039695 		.ascii	"\037\003\226\225d\034uL~\002\022\325\304\377\035\246"
 375      641C754C 
 375      7E0212D5 
 375      C4FF1DA6 
 376 0282 F4BB537D 		.ascii	"\364\273S}\025\023c\005\203\2767\373\263\177\277C\264"
 376      15136305 
 376      83BE37FB 
 376      B37FBF43 
 376      B4
 377 0293 9E267494 		.ascii	"\236&t\224\034\227\260\206\301'S\373?\301\177\230F\307"
 377      1C97B086 
 377      C12753FB 
 377      3FC17F98 
 377      46C7
 378 02a5 C03435FD 		.ascii	"\30045\375\316I*\235\013G,i,\347\205n\306\276\357\320"
 378      CE492A9D 
 378      0B472C69 
 378      2CE7856E 
 378      C6BEEFD0 
 379 02b9 89D744B8 		.ascii	"\211\327D\270\307:U\342\301\217\205\227\354=w[\306A"
 379      C73A55E2 
 379      C18F8597 
 379      EC3D775B 
 379      C641
 380 02cb 0FD4AF86 		.ascii	"\017\324\257\206\256G\303\306\334|_\342?\316\337?\200"
 380      AE47C3C6 
 380      DC7C5FE2 
 380      3FCEDF3F 
 380      80
 381 02dc 7271A49E 		.ascii	"rq\244\236i\326\213\365\323\220\311\011`rft&,\012\""
 381      69D68BF5 
 381      D390C909 
 381      60726674 
 381      262C0A22 
 382 02f0 46A11C3E 		.ascii	"F\241\034>W\240\2503R\010j!\004\247\211?9\013\255F\012"
 382      57A0A833 
 382      52086A21 
 382      04A7893F 
 382      390BAD46 
 383 0305 05A2AFCB 		.ascii	"\005\242\257\313a\350ty\235\034\025=\237\002\241\261"
 383      61E87479 
 383      9D1C153D 
ARM GAS  C:\cygwin\tmp\ccJ7ACtG.s 			page 30


 383      9F02A1B1 
 384 0315 75438E27 		.ascii	"uC\216'\230\322E`w5=EF\306$%\307S$\324\344\235\250\360"
 384      98D24560 
 384      77353D45 
 384      46C62425 
 384      C75324D4 
 385 032d A76B9F57 		.ascii	"\247k\237W\352\311\270\200\321\030\223z \372>\322\010"
 385      EAC9B880 
 385      D118937A 
 385      20FA3ED2 
 385      08
 386 033e BEC9A826 		.ascii	"\276\311\250&u`t\324\271\024\251'9\354\266G\317{\365"
 386      756074D4 
 386      B914A927 
 386      39ECB647 
 386      CF7BF5
 387 0351 23D679DD 		.ascii	"#\326y\335\210L\237c\231\006\313\262\343\231\305\276"
 387      884C9F63 
 387      9906CBB2 
 387      E399C5BE 
 388 0361 B8BDA828 		.ascii	"\270\275\250(\266\275\236U\336\351\322\015o\271\006"
 388      B6BD9E55 
 388      DEE9D20D 
 388      6FB906
 389 0370 8283CD3D 		.ascii	"\202\203\315=\266.5\016\302dr\236\015\332\035\326\303"
 389      B62E350E 
 389      C264729E 
 389      0DDA1DD6 
 389      C3
 390 0381 DECA8DB8 		.ascii	"\336\312\215\270\364\267\012/M\270\021\033\345\215\270"
 390      F4B70A2F 
 390      4DB8111B 
 390      E58DB8
 391 0390 FD7C7786 		.ascii	"\375|w\206\257\220\314J\315\256\213\331I\202_\266h\265"
 391      AF90CC4A 
 391      CDAE8BD9 
 391      49825FB6 
 391      68B5
 392 03a2 F51DBADB 		.ascii	"\365\035\272\3333\015\226Z\202\370vh\210\340,\322<,"
 392      330D965A 
 392      82F87668 
 392      88E02CD2 
 392      3C2C
 393 03b4 8BA3EF28 		.ascii	"\213\243\357(\213\264\020?7\365\240x\337\317\205l\014"
 393      8BB4103F 
 393      37F5A078 
 393      DFCF856C 
 393      0C
 394 03c5 0A412BA3 		.ascii	"\012A+\243\226\227y\316\241\037\346\3733\033\354\267"
 394      969779CE 
 394      A11FE6FB 
 394      331BECB7 
 395 03d5 B56E72CF 		.ascii	"\265nr\317\367\"\362\275 \363\0257f\235\340\205\243"
 395      F722F2BD 
 395      20F31537 
 395      669DE085 
 395      A3
ARM GAS  C:\cygwin\tmp\ccJ7ACtG.s 			page 31


 396 03e6 8C6FD2BE 		.ascii	"\214o\322\276\256@\244k=\007K@\264\017\015}B\355I\233"
 396      AE40A46B 
 396      3D074B40 
 396      B40F0D7D 
 396      42ED499B 
 397 03fa 82699BCC 		.ascii	"\202i\233\314\364\0222}\371KE\263\3570\003\306\2643"
 397      F412327D 
 397      F94B45B3 
 397      EF3003C6 
 397      B433
 398 040c 796B8FAF 		.ascii	"yk\217\257\333\312u\031\011\374\"\023\270\262\257d\272"
 398      DBCA7519 
 398      09FC2213 
 398      B8B2AF64 
 398      BA
 399 041d 50C7FC57 		.ascii	"P\307\374W5\036\350\324\000\001\207\315\361\360\206"
 399      351EE8D4 
 399      000187CD 
 399      F1F086
 400 042c C99E240E 		.ascii	"\311\236$\016\016\015%\252q\012iWph\2279t \207\373\025"
 400      0E0D25AA 
 400      710A6957 
 400      70689739 
 400      742087FB 
 401 0441 DD6F7C84 		.ascii	"\335o|\2046\206Q\321\362\274B\307D\024\354\227EP\200"
 401      368651D1 
 401      F2BC42C7 
 401      4414EC97 
 401      455080
 402 0454 2B0A802B 		.ascii	"+\012\200+2@'\002\234n9\226A\344\3202\015M\26767;#\333"
 402      32402702 
 402      9C6E3996 
 402      41E4D032 
 402      0D4DB736 
 403 046c C5225BD1 		.ascii	"\305\"[\321\323>\240v\033\331\177\243\260\253\262\260"
 403      D33EA076 
 403      1BD97FA3 
 403      B0ABB2B0 
 404 047c 67E5853F 		.ascii	"g\345\205?\252\005\007c\325T\3700\305\213)k\256Q(\203"
 404      AA050763 
 404      D554F830 
 404      C58B296B 
 404      AE512883 
 405 0490 39E49A82 		.ascii	"9\344\232\202\3305\231\230\003\211\325\355~\263\303"
 405      D8359998 
 405      0389D5ED 
 405      7EB3C3
 406 049f 5778C030 		.ascii	"Wx\3000\266\357\335o'\210a\035\224\224\235\204\315G"
 406      B6EFDD6F 
 406      2788611D 
 406      94949D84 
 406      CD47
 407 04b1 21AE2B20 		.ascii	"!\256+ \256\313\020\335\010Q_\264\373k\341\005\"\250"
 407      AECB10DD 
 407      08515FB4 
 407      FB6BE105 
 407      22A8
ARM GAS  C:\cygwin\tmp\ccJ7ACtG.s 			page 32


 408 04c3 6EECB255 		.ascii	"n\354\262U\370\222\200\011\023\264\271x\374\315%\267"
 408      F8928009 
 408      13B4B978 
 408      FCCD25B7 
 409 04d3 6179DD90 		.ascii	"ay\335\220&\260_&\214\017|B?\300\253\032\237x\334\365"
 409      26B05F26 
 409      8C0F7C42 
 409      3FC0AB1A 
 409      9F78DCF5 
 410 04e7 A58BC287 		.ascii	"\245\213\302\207\034\231:\201L\201\375{\023\366,\375"
 410      1C993A81 
 410      4C81FD7B 
 410      13F62CFD 
 411 04f7 C4911ED0 		.ascii	"\304\221\036\320\177\013\364\203\253\356\255\375\251"
 411      7F0BF483 
 411      ABEEADFD 
 411      A9
 412 0504 1E5AC93A 		.ascii	"\036Z\311:\345\327\254\313N\226>\326\343\361\220\202"
 412      E5D7ACCB 
 412      4E963ED6 
 412      E3F19082 
 413 0514 F206BA1F 		.ascii	"\362\006\272\0377\011X\037\177C\273\347\273\007\236"
 413      3709581F 
 413      7F43BBE7 
 413      BB079E
 414 0523 E8B13B86 		.ascii	"\350\261;\206v\333\2727\355\365\241\330\242\274\331"
 414      76DBBA37 
 414      EDF5A1D8 
 414      A2BCD9
 415 0532 F55A45EC 		.ascii	"\365ZE\354\037 \372\344\011\344>\003O\020\233\006Uc"
 415      1F20FAE4 
 415      09E43E03 
 415      4F109B06 
 415      5563
 416 0544 D3A4D2E3 		.ascii	"\323\244\322\343GP\350]0\277\207\346\275d\254<\211Z"
 416      4750E85D 
 416      30BF87E6 
 416      BD64AC3C 
 416      895A
 417 0556 FFB4B3BD 		.ascii	"\377\264\263\275K\247\264\276\363>\353[\351\333\372"
 417      4BA7B4BE 
 417      F33EEB5B 
 417      E9DBFA
 418 0565 04619025 		.ascii	"\004a\220%%9\377P\243FH\026\260S\373\252d\326\244\275"
 418      2539FF50 
 418      A3464816 
 418      B053FBAA 
 418      64D6A4BD 
 419 0579 62ABD5B1 		.ascii	"b\253\325\261\373F\322\\\373\032+\356v\362\220\214%"
 419      FB46D25C 
 419      FB1A2BEE 
 419      76F2908C 
 419      25
 420 058a 8F2043B0 		.ascii	"\217 C\260\267\025\250}4\354$\217\360\034\351'\223`"
 420      B715A87D 
 420      34EC248F 
 420      F01CE927 
ARM GAS  C:\cygwin\tmp\ccJ7ACtG.s 			page 33


 420      9360
 421 059c F6C91303 		.ascii	"\366\311\023\003\265Za+\203\332\220\3428\247\025v\261"
 421      B55A612B 
 421      83DA90E2 
 421      38A71576 
 421      B1
 422 05ad 8E7C3399 		.ascii	"\216|3\2318\362f2\321y3\251\357\021s|H\000\346\265\257"
 422      38F26632 
 422      D17933A9 
 422      EF11737C 
 422      4800E6B5 
 423 05c2 A5B87B21 		.ascii	"\245\270{!\234\223\344\005\250x\342\254\235\023\245"
 423      9C93E405 
 423      A878E2AC 
 423      9D13A5
 424 05d1 FBC6E8B7 		.ascii	"\373\306\350\267\227\347\220\243\211\322\355\345)\014"
 424      97E790A3 
 424      89D2EDE5 
 424      290C
 425 05df 3EC340F2 		.ascii	">\303@\3625\203'\222<\334^y^\2162\011)\254/y\272\"\001"
 425      35832792 
 425      3CDC5E79 
 425      5E8E3209 
 425      29AC2F79 
 426 05f6 280C0085 		.ascii	"(\014\000\205\307N\012/\210\304\201~P$\331\207%y\347"
 426      C74E0A2F 
 426      88C4817E 
 426      5024D987 
 426      2579E7
 427 0609 E55B4FD9 		.ascii	"\345[O\331\022\340iw\335\372\222!/\3679\037\224s>\005"
 427      12E06977 
 427      DDFA9221 
 427      2FF7391F 
 427      94733E05 
 428 061d 539E7D27 		.ascii	"S\236}'c\247FJ\242UN\371+\260~\215\326o0\2118\007;4"
 428      63A7464A 
 428      A2554EF9 
 428      2BB07E8D 
 428      D66F3089 
 429 0635 ACF6E28B 		.ascii	"\254\366\342\213^\350\375/xA\311q\334'\350\335\013/"
 429      5EE8FD2F 
 429      7841C971 
 429      DC27E8DD 
 429      0B2F
 430 0647 28C9C78E 		.ascii	"(\311\307\216\371`\327\023\217\357\334\276\014o\367"
 430      F960D713 
 430      8FEFDCBE 
 430      0C6FF7
 431 0656 64D6F012 		.ascii	"d\326\360\022\031\221G6\275\211\367\213=]\027\340[0"
 431      19914736 
 431      BD89F78B 
 431      3D5D17E0 
 431      5B30
 432 0668 1F42F304 		.ascii	"\037B\363\004~\254<\011;0\343P\363\213/F\234f\364&\340"
 432      7EAC3C09 
 432      3B30E350 
 432      F38B2F46 
ARM GAS  C:\cygwin\tmp\ccJ7ACtG.s 			page 34


 432      9C66F426 
 433 067d 7490C8E3 		.ascii	"t\220\310\343iF\237`\334\320\334\260XhQ\341\352h\275"
 433      69469F60 
 433      DCD0DCB0 
 433      586851E1 
 433      EA68BD
 434 0690 DCF88C87 		.ascii	"\334\370\214\207\272`\267\332\336\354\317#\303\247\314"
 434      BA60B7DA 
 434      DEECCF23 
 434      C3A7CC
 435 069f A7581A92 		.ascii	"\247X\032\222xgi\200w\026\375d\236\226\206\252\327\335"
 435      78676980 
 435      7716FD64 
 435      9E9686AA 
 435      D7DD
 436 06b1 6D2AB7E5 		.ascii	"m*\267\345l-O\313\331r\251\232\235\332\231\277]#t0\217"
 436      6C2D4FCB 
 436      D972A99A 
 436      9DDA99BF 
 436      5D237430 
 437 06c6 055D4357 		.ascii	"\005]CW\351\271f\267\331\316\227\336\014Px\204I\344"
 437      E9B966B7 
 437      D9CE97DE 
 437      0C507884 
 437      49E4
 438 06d8 0785C71F 		.ascii	"\007\205\307\037d\217)\350\361f[\277\250\025\022=\020"
 438      648F29E8 
 438      F1665BBF 
 438      A815123D 
 438      10
 439 06e9 25AFB7FA 		.ascii	"%\257\267\372\216\206\241\354.\1770\333\005%U\201\222"
 439      8E86A1EC 
 439      2E7F30DB 
 439      05255581 
 439      92
 440 06fa 2AA3AC43 		.ascii	"*\243\254C\224\224b[\265\006k\363\300\360\351\330Y\372"
 440      9494625B 
 440      B5066BF3 
 440      C0F0E9D8 
 440      59FA
 441 070c F6A1AF5B 		.ascii	"\366\241\257[-\033P\313z^\022\363\326\261Y\324\010G"
 441      2D1B50CB 
 441      7A5E12F3 
 441      D6B159D4 
 441      0847
 442 071e 198DBD77 		.ascii	"\031\215\275w;6k\205\032\326\351\255{[\352\001\320d"
 442      3B366B85 
 442      1AD6E9AD 
 442      7B5BEA01 
 442      D064
 443 0730 13BA8491 		.ascii	"\023\272\204\221\304\255\366\247\004Y\366\025\035\265"
 443      C4ADF6A7 
 443      0459F615 
 443      1DB5
 444 073e 2ED87278 		.ascii	".\330rx\255\210\245\227\354\261\247\251(0\331(3%\233"
 444      AD88A597 
 444      ECB1A7A9 
ARM GAS  C:\cygwin\tmp\ccJ7ACtG.s 			page 35


 444      2830D928 
 444      33259B
 445 0751 C101ED32 		.ascii	"\301\001\3552\262iH\266\342\312\226\035zA\364D\370\267"
 445      B26948B6 
 445      E2CA961D 
 445      7A41F444 
 445      F8B7
 446 0763 1519AF78 		.ascii	"\025\031\257x\006v\276\264\354\217\007\217\210\354("
 446      0676BEB4 
 446      EC8F078F 
 446      88EC28
 447 0772 206B9208 		.ascii	" k\222\010\252\336\242P\275E\006JG\240\354\326\253w"
 447      AADEA250 
 447      BD45064A 
 447      47A0ECD6 
 447      AB77
 448 0784 55C20609 		.ascii	"U\302\006\011(\261\365\232\207\034\273\233\177u\211"
 448      28B1F59A 
 448      871CBB9B 
 448      7F7589
 449 0793 DD5605CA 		.ascii	"\335V\005\312V\031\345GD\331V\275+\235]\312E\004jw$"
 449      5619E547 
 449      44D956BD 
 449      2B9D5DCA 
 449      45046A77 
 450 07a8 34E87095 		.ascii	"4\350p\225\323:B\256\266'\354\361t\277\312\267\313\253"
 450      D33A42AE 
 450      B627ECF1 
 450      74BFCAB7 
 450      CBAB
 451 07ba 3C83ADF2 		.ascii	"<\203\255\3623\245\027\036\252]W\3716\236\225a\216d"
 451      33A5171E 
 451      AA5D57F9 
 451      369E9561 
 451      8E64
 452 07cc E22AC749 		.ascii	"\342*\307I"
 453 07d0 58D32E57 		.ascii	"X\323.W&\252\\\313\254[\353\214\033\275%\032!\223\351"
 453      26AA5CCB 
 453      AC5BEB8C 
 453      1BBD251A 
 453      2193E9
 454 07e3 7564DDEE 		.ascii	"ud\335\356\325`i\205\233\324\343\017\327\2449\000\202"
 454      D5606985 
 454      9BD4E30F 
 454      D7A43900 
 454      82
 455 07f4 9EEC6407 		.ascii	"\236\354d\007\317\212+\\G\024X;\371\341\342\232\305"
 455      CF8A2B5C 
 455      4714583B 
 455      F9E1E29A 
 455      C5
 456 0805 D3E29A95 		.ascii	"\323\342\232\225va\007\2534\341\370\007\327\021k\255"
 456      766107AB 
 456      34E1F807 
 456      D7116BAD 
 457 0815 1A657BE3 		.ascii	"\032e{\343\326\177\\\364Z\345^v\266,\273\202\235.\215"
 457      D67F5CF4 
ARM GAS  C:\cygwin\tmp\ccJ7ACtG.s 			page 36


 457      5AE55E76 
 457      B62CBB82 
 457      9D2E8D
 458 0828 9B6BDAF5 		.ascii	"\233k\332\365\256\262w\201\363\335<5\337\203B\262e!"
 458      AEB27781 
 458      F3DD3C35 
 458      DF8342B2 
 458      6521
 459 083a 4577CA0F 		.ascii	"Ew\312\017\363\256\262\335Z\037\336\263\263E'\3441\331"
 459      F3AEB2DD 
 459      5A1FDEB3 
 459      B34527E4 
 459      31D9
 460 084c C7F373EE 		.ascii	"\307\363s\356y\241l\353\253\034Q\225)&9\206\206>\"V"
 460      79A16CEB 
 460      AB1C5195 
 460      29263986 
 460      863E2256 
 461 0860 49335C7F 		.ascii	"I3\\\177\024@{\235\232\367\241\346\333i\005\207\331"
 461      14407B9D 
 461      9AF7A1E6 
 461      DB690587 
 461      D9
 462 0871 11AAC33F 		.ascii	"\021\252\303?\211\373\263\337W\301re\2219,\267u\227"
 462      89FBB3DF 
 462      57C17265 
 462      91392CB7 
 462      7597
 463 0883 D6D46A5C 		.ascii	"\326\324j\\E:\377\344\330\217\264se\332y\027\236\357"
 463      453AFFE4 
 463      D88FB473 
 463      65DA7917 
 463      9EEF
 464 0895 F17015E9 		.ascii	"\361p\025\351\326\372\340\255\207&\241\214i\254O\251"
 464      D6FAE0AD 
 464      8726A18C 
 464      69AC4FA9 
 465 08a5 7EA2671A 		.ascii	"~\242g\032\257\354wj\314\2234\302EH\201\223\357\324"
 465      AFEC776A 
 465      CC9334C2 
 465      45488193 
 465      EFD4
 466 08b7 58C04FE2 		.ascii	"X\300O\342<\343\"\376e2X<\377\376\305W~\363\271\177"
 466      3CE322FE 
 466      6532583C 
 466      FFFEC557 
 466      7EF3B97F 
 467 08cb 183F0E89 		.ascii	"\030?\016\2115\307\2542\207F\371\255\214\2104\305\205"
 467      35C7AC32 
 467      8746F9AD 
 467      8C8834C5 
 467      85
 468 08dc AC321A03 		.ascii	"\2542\032\003C\315Q\201\3211\321\246@S\350\212\210\300"
 468      43CD5181 
 468      D131D1A6 
 468      4053E88A 
 468      88C0
ARM GAS  C:\cygwin\tmp\ccJ7ACtG.s 			page 37


 469 08ee 59863981 		.ascii	"Y\2069\2013\246M\237\025\022\031\261\202~\016\031\361"
 469      33A64D9F 
 469      151219B1 
 469      827E0E19 
 469      F1
 470 08ff 396456D0 		.ascii	"9dV\320\234\240\231!\021\321\306\310\325a\246\2208K"
 470      9CA09921 
 470      11D1C6C8 
 470      D561A690 
 470      384B
 471 0911 58986965 		.ascii	"X\230ieP8\247\2172E\2552YV\256\2166\032,\223\202\202"
 471      5038A78F 
 471      3245AD32 
 471      5956AE8E 
 471      361A2C93 
 472 0927 82D9BF98 		.ascii	"\202\331\277\230\270`\263%X\262\0166\206\203\2251\306"
 472      B860B325 
 472      58B20E36 
 472      86839531 
 472      C6
 473 0938 6C8209DE 		.ascii	"l\202\011\336\360\032c\2167\304\306\304D\032,:|\204"
 473      F01A638E 
 473      37C4C6C4 
 473      441A2C3A 
 473      7C84
 474 094a 9B42C34C 		.ascii	"\233B\303Lf\257\330pC\264\351{\313\037\336\207B\355"
 474      66AFD870 
 474      43B4E97B 
 474      CB1FDE87 
 474      42ED
 475 095c E300C62B 		.ascii	"\343\000\306+*\026\215}\340\031\263\342\033\223\321"
 475      2A168D7D 
 475      E019B3E2 
 475      1B93D1
 476 096b 62A08A75 		.ascii	"b\240\212u\320\005\241\337E\000\336\030c\370R\260^\202"
 476      D005A1DF 
 476      4500DE18 
 476      63F852B0 
 476      5E82
 477 097d 5F174547 		.ascii	"_\027EGX\374\\\200\343\314F%\250\221\363e3>\217\011"
 477      58FC5C80 
 477      E3CC4625 
 477      A891F365 
 477      333E8F09 
 478 0991 0D9B6736 		.ascii	"\015\233g6\207\306\353Y\177^dd\214q\221N\321\221\336"
 478      87C6EB59 
 478      7F5E6464 
 478      8C71914E 
 478      D191DE
 479 09a4 17984DA6 		.ascii	"\027\230M\246EZ\347\273\312\030\036jV\033\014\030\015"
 479      455AE7BB 
 479      CA181E6A 
 479      561B0C18 
 479      0D
 480 09b5 83B7FC12 		.ascii	"\203\267\374\022\364\347\031sf\252WGD[f\3160X\264\006"
 480      F4E71973 
 480      66AA5747 
ARM GAS  C:\cygwin\tmp\ccJ7ACtG.s 			page 38


 480      445B66CE 
 480      3058B406 
 481 09c9 83FCBAFC 		.ascii	"\203\374\272\374\177I\313\310t\310\211\210\0125\206"
 481      7F49CBC8 
 481      74C88988 
 481      0A3586
 482 09d8 47449B42 		.ascii	"GD\233B\014\220\216\320\325\221\026\203%>\326D\003\364"
 482      0C908ED0 
 482      D5911683 
 482      253ED644 
 482      03F4
 483 09ea D9FF8F0D 		.ascii	"\331\377\217\015I\006\242\200\245\221\244\207\205\301"
 483      4906A280 
 483      A591A487 
 483      85C1
 484 09f8 DBB2F8B8 		.ascii	"\333\262\370\270\317c\214\337~\3446Kq\361\324\277&6"
 484      CF638CDF 
 484      7EE4364B 
 484      71F1D4BF 
 484      2636
 485 0a0a C66C3140 		.ascii	"\306l1@\254\276\235\342bI?\304\005\317\373r\361\374"
 485      ACBE9DE2 
 485      62493FC4 
 485      05CFFB72 
 485      F1FC
 486 0a1c C5DF8339 		.ascii	"\305\337\2039]\027\206\357fG\321\265a0\304\231,\206"
 486      5D1786EF 
 486      6647D1B5 
 486      6130C499 
 486      2C86
 487 0a2e 4FE72DFB 		.ascii	"O\347-\373\333\322/\027y\207F\37634>\316\020\021\035"
 487      DBD22F17 
 487      798746FE 
 487      33343ECE 
 487      10111D
 488 0a41 090AA72A 		.ascii	"\011\012\247*Q \361\301\363\027/[\264\314\351\226\242"
 488      5120F1C1 
 488      F3172F5B 
 488      B4CCE996 
 488      A2
 489 0a52 18A31640 		.ascii	"\030\243\026@\300\001H\2074\277\212\246\356uHd5\276"
 489      C0014887 
 489      34BF8AA6 
 489      EE754864 
 489      35BE
 490 0a64 8F48C91C 		.ascii	"\217H\311\034Eo\346\264\331\312\336\364\331\377\001"
 490      456FE6B4 
 490      D9CADEF4 
 490      D9FF01
 491 0a73 F3F43039 		.ascii	"\363\36409"
 492              		.text
 493              		.section	.gnu.lto_.symtab.652bc07a,"",%progbits
 494 0000 6368506F 		.ascii	"chPoolObjectInit\000\000\000\000\000\000\000\000\000"
 494      6F6C4F62 
 494      6A656374 
 494      496E6974 
 494      00000000 
ARM GAS  C:\cygwin\tmp\ccJ7ACtG.s 			page 39


 495 0019 000000CF 		.ascii	"\000\000\000\317\000\000\000chPoolLoadArray\000\000"
 495      00000063 
 495      68506F6F 
 495      6C4C6F61 
 495      64417272 
 496 0031 00000000 		.ascii	"\000\000\000\000\000\000\000\000\000\000\325\000\000"
 496      00000000 
 496      0000D500 
 496      00
 497 003e 00636850 		.ascii	"\000chPoolAllocI\000\000\000\000\000\000\000\000\000"
 497      6F6F6C41 
 497      6C6C6F63 
 497      49000000 
 497      00000000 
 498 0054 000000D9 		.ascii	"\000\000\000\331\000\000\000chPoolAlloc\000\000\000"
 498      00000063 
 498      68506F6F 
 498      6C416C6C 
 498      6F630000 
 499 0069 00000000 		.ascii	"\000\000\000\000\000\000\000\000\000\333\000\000\000"
 499      00000000 
 499      00DB0000 
 499      00
 500 0076 6368506F 		.ascii	"chPoolFreeI\000\000\000\000\000\000\000\000\000\000"
 500      6F6C4672 
 500      65654900 
 500      00000000 
 500      00000000 
 501 008b 0000E000 		.ascii	"\000\000\340\000\000\000chPoolFree\000\000\000\000\000"
 501      00006368 
 501      506F6F6C 
 501      46726565 
 501      00000000 
 502 00a0 00000000 		.ascii	"\000\000\000\000\000\000\000\342\000\000\000"
 502      000000E2 
 502      000000
 503              		.text
 504              		.section	.gnu.lto_.opts,"",%progbits
 505 0000 272D666E 		.ascii	"'-fno-trapv' '-mcpu=cortex-m4' '-mno-thumb-interwor"
 505      6F2D7472 
 505      61707627 
 505      20272D6D 
 505      6370753D 
 506 0033 6B272027 		.ascii	"k' '-mthumb' '-ggdb' '-O2' '-fomit-frame-pointer' '"
 506      2D6D7468 
 506      756D6227 
 506      20272D67 
 506      67646227 
 507 0066 2D66616C 		.ascii	"-falign-functions=16' '-ffunction-sections' '-fdata"
 507      69676E2D 
 507      66756E63 
 507      74696F6E 
 507      733D3136 
 508 0099 2D736563 		.ascii	"-sections' '-fno-common' '-flto'\000"
 508      74696F6E 
 508      73272027 
 508      2D666E6F 
ARM GAS  C:\cygwin\tmp\ccJ7ACtG.s 			page 40


 508      2D636F6D 
 509              		.text
 510              		.comm	__gnu_lto_v1,1,1
 511              		.comm	__gnu_lto_slim,1,1
 512              		.ident	"GCC: (GNU Tools for ARM Embedded Processors) 4.9.3 20141119 (release) [ARM/embedded-4_9-br
ARM GAS  C:\cygwin\tmp\ccJ7ACtG.s 			page 41


DEFINED SYMBOLS
                            *ABS*:00000000 chmempools.c
                            *COM*:00000001 __gnu_lto_v1
                            *COM*:00000001 __gnu_lto_slim

NO UNDEFINED SYMBOLS
