ARM GAS  C:\cygwin\tmp\cceqSbqN.s 			page 1


   1              		.syntax unified
   2              		.cpu cortex-m4
   3              		.fpu softvfp
   4              		.eabi_attribute 20, 1
   5              		.eabi_attribute 21, 1
   6              		.eabi_attribute 23, 3
   7              		.eabi_attribute 24, 1
   8              		.eabi_attribute 25, 1
   9              		.eabi_attribute 26, 1
  10              		.eabi_attribute 30, 2
  11              		.eabi_attribute 34, 1
  12              		.eabi_attribute 18, 4
  13              		.thumb
  14              		.file	"chmsg.c"
  15              		.text
  16              	.Ltext0:
  17              		.section	.gnu.lto_.profile.652bc987,"",%progbits
  18 0000 789C6366 		.ascii	"x\234cf```a\200\000F\006\177\015\000\001:\000\200"
  18      60606061 
  18      80004606 
  18      7F0D0001 
  18      3A0080
  19              		.text
  20              		.section	.gnu.lto_.jmpfuncs.652bc987,"",%progbits
  21 0000 789C6366 		.ascii	"x\234cf\300\016\002\24043\003\023##s}=#\323G&\306\025"
  21      C00E02A0 
  21      34330313 
  21      2323737D 
  21      3D23D347 
  22 0017 77CF1DE3 		.ascii	"w\317\035\343x\301\364\223\211\201\207\201q9\243\024"
  22      78C1F493 
  22      89818781 
  22      7139A314 
  23 0027 03237339 		.ascii	"\003#s9P\015\023\003\003X\372\342\346\267GX\301\322"
  23      500D1303 
  23      0358FAE2 
  23      E6B74758 
  23      C1D2
  24 0039 7C0C8C2B 		.ascii	"|\014\214+\200\322\314 \275\214\214L`U\314\345\214@"
  24      80D2CC20 
  24      BD8C8C4C 
  24      6055CCE5 
  24      8C40
  25 004b 120018A4 		.ascii	"\022\000\030\244\020\220"
  25      1090
  26              		.text
  27              		.section	.gnu.lto_.inline.652bc987,"",%progbits
  28 0000 789C6366 		.ascii	"x\234cf\300\016b\24143\003\203\250,##\003#\003\003\223"
  28      C00E62A1 
  28      34330383 
  28      A82C2323 
  28      03230303 
  29 0015 E48AC38C 		.ascii	"\344\212\303\214\014\2347\314\230@\022L\334\014@A09"
  29      0C9C37CC 
  29      9840124C 
  29      DC0C4041 
  29      3039
ARM GAS  C:\cygwin\tmp\cceqSbqN.s 			page 2


  30 0027 C18F8941 		.ascii	"\301\217\211A\220\037\310\2218\260\233\221\201m\201"
  30      901FC891 
  30      38B09B91 
  30      816D81
  31 0036 3C920266 		.ascii	"<\222\002f\006\016\001\240\014\313\002y\270\0043\017"
  31      060E01A0 
  31      0CCB0279 
  31      B804330F 
  32 0046 507282DF 		.ascii	"Pr\202\337\004?\006\000\330\213\0126"
  32      043F0600 
  32      D88B0A36 
  33              		.text
  34              		.section	.gnu.lto_.pureconst.652bc987,"",%progbits
  35 0000 789C6366 		.ascii	"x\234cf```g\200\000f\006+&+f+\000\002\342\000\301"
  35      60606067 
  35      80006606 
  35      2B262B66 
  35      2B0002E2 
  36              		.text
  37              		.section	.gnu.lto_chMsgSend.652bc987,"",%progbits
  38 0000 789C9556 		.ascii	"x\234\225VmLSg\024~\317\373\336\226\002\2052\347>\202"
  38      6D4C5367 
  38      147ECFFB 
  38      DE960285 
  38      32E73E82 
  39 0014 DB6021C4 		.ascii	"\333`!\304\031\205.\333\017\227h\366\021\223e\376\340"
  39      19852EDB 
  39      0F9768F6 
  39      119365FE 
  39      E0
  40 0025 8F26FBB1 		.ascii	"\217&\373\261?\213\253\3150\021\301\026\215\3760\336"
  40      3F8BABCD 
  40      3011C116 
  40      8DFE30DE 
  41 0035 62D5250B 		.ascii	"b\325%\013\216\3106a\240\203\240\323\211\202\342D>\246"
  41      8EC83661 
  41      A083A0D3 
  41      8982E244 
  41      3EA6
  42 0047 54E78AB2 		.ascii	"T\347\212\262\211\337\237\240\024\245**Q\254\003o\014"
  42      89DF9FA0 
  42      14A52A2A 
  42      51AC036F 
  42      0C
  43 0058 74E7BCF7 		.ascii	"t\347\274\367\216\225R2\327\000\267\367}\317y\3169\317"
  43      8E955232 
  43      D700B7F7 
  43      7DCF79CE 
  43      39CF
  44 006a F942B089 		.ascii	"\371B\260\211\237w\361w~<c\267\361\011&\006\274\244"
  44      9F77F177 
  44      7E3C63B7 
  44      F1092606 
  44      BCA4
  45 007c 93318F85 		.ascii	"\2231\217\205s\341\26715A\351x\237\251V\001\212~\254"
  45      73E1B731 
  45      3541E978 
ARM GAS  C:\cygwin\tmp\cceqSbqN.s 			page 3


  45      9FA95601 
  45      8A7EAC
  46 008f 00D01706 		.ascii	"\000\320\027\006l-\027\012\254\205~>\310\241\271\356"
  46      6C2D170A 
  46      AC857E3E 
  46      C8A1B9EE 
  47 009f C9A9C4BB 		.ascii	"\311\251\304\273\\\343,\235\341k\313\346\023efz\005"
  47      5CE32C9D 
  47      E16BCBE6 
  47      1365667A 
  47      05
  48 00b0 855EBB4A 		.ascii	"\205^\273J\302\367\222\247\357PU\365\321\343\203\335"
  48      C2F792A7 
  48      EF5055F5 
  48      D1E383DD 
  49 00c0 D6F59F68 		.ascii	"\326\365\237h\234\263\020g\260\023Ra\027\244\022\334"
  49      9CB31067 
  49      B0135261 
  49      17A412DC 
  50 00d0 CF301D25 		.ascii	"\3170\035%=\276\342\013I\342\015 \255\343\365\2274K"
  50      3DBEE20B 
  50      49E20D20 
  50      ADE3F597 
  50      344B
  51 00e2 668DAA16 		.ascii	"f\215\252\026\371Z\033\324\017\025\215\013\330\015\""
  51      F95A1BD4 
  51      0F158D0B 
  51      D80D22
  52 00f1 520F8F18 		.ascii	"R\017\217\030\324B&J\357\274;\320$\304\233R\363NE\237"
  52      D442264A 
  52      EFBC3BD0 
  52      24C49B52 
  52      F34E459F 
  53 0105 66254DD5 		.ascii	"f%M\325wJ\327\344\260'Z\023_\366B&\211\237\361k\317"
  53      774AD7E4 
  53      B0275A13 
  53      5FF64226 
  53      899FF16B 
  54 011a 9245A654 		.ascii	"\222E\246T-\351\257\332\221\234Q\215F\003M5\355V\365"
  54      2DE9AFDA 
  54      919C518D 
  54      46034D35 
  54      ED56F5
  55 012d 84EA0D84 		.ascii	"\204\352\015\204\303id\273n<\202\376A\225A\357\310\345"
  55      C36964BB 
  55      6E3C82FE 
  55      419541EF 
  55      C8E5
  56 013f 44B317AD 		.ascii	"D\263\027\255\245@=d\214pF\261aH\373\300\014\370\240"
  56      A5403D64 
  56      8C7046B1 
  56      6148FBC0 
  56      0CF8A0
  57 0152 C3FA293E 		.ascii	"\303\372)>5\034\016]\256\376:c+\237\212N\343\231B\356"
  57      351C0E5D 
  57      AEFE3A63 
  57      2B9F8A4E 
ARM GAS  C:\cygwin\tmp\cceqSbqN.s 			page 4


  57      E39942EE 
  58 0166 9B80BC88 		.ascii	"\233\200\274\210\003\212\302\202\007J\"\3761%\353\276"
  58      038AC282 
  58      074A22FE 
  58      3125EBBE 
  59 0176 B13EC421 		.ascii	"\261>\304!\266\203\350->\3055(j\334\337}V\020\3640\027"
  59      B683E82D 
  59      3EC53528 
  59      6ADCDF7D 
  59      5610F430 
  60 018b 687CDBF9 		.ascii	"h|\333\371Mu|\3153\365+\325\242q\363\010\007\351RO\337"
  60      4D757CCD 
  60      33F52BD5 
  60      A271F308 
  60      07E9524F 
  61 01a0 E9B316E2 		.ascii	"\351\263\026\342\337,_wy\274\225\260\025*<*I\305\301"
  61      DF2C5F77 
  61      79BC95B0 
  61      152A3C2A 
  61      49C5C1
  62 01b3 7E58030D 		.ascii	"~X\003\015\024\002\336\215\356\371\246\301\234UK\\\315"
  62      1402DE8D 
  62      EEF9A6C1 
  62      9C554B5C 
  62      CD
  63 01c4 D4B8050E 		.ascii	"\324\270\005\016\240\340cn\204v\270\355\334\250\222"
  63      A0E0636E 
  63      8476B8ED 
  63      DCA892
  64 01d3 3593A2FF 		.ascii	"5\223\242\377\005\262\036\023:\203\203\220\305.A\221"
  64      05B21E13 
  64      3A838390 
  64      C52E4191 
  65 01e3 3A470688 		.ascii	":G\006\210\201\240't\220B\032\241Z\365[!fH.\357_\250"
  65      81A02774 
  65      90421AA1 
  65      5AF55B21 
  65      66482EEF 
  66 01f9 DE9120B9 		.ascii	"\336\221 \271|\3243T\361r\271ZUT\202,|\000\032\217\207"
  66      7CD43354 
  66      F172B95A 
  66      5554822C 
  66      7C001A8F 
  67 020e C6586CC2 		.ascii	"\306Xl\302!\310@\305\336\342\277\016\000\271\037\237"
  67      21C840C5 
  67      DEE2BF0E 
  67      00B91F9F 
  68 021e CEA0096F 		.ascii	"\316\240\011o\273\240\350fhC\260\314<\216\356\2007_"
  68      BBA0E866 
  68      6843B0CC 
  68      3C8EEE80 
  68      375F
  69 0230 921CE230 		.ascii	"\222\034\3420>\017\201\312\216\001\205A3]\361\250\253"
  69      3E0F81CA 
  69      8E018541 
  69      335DF1A8 
  69      AB
ARM GAS  C:\cygwin\tmp\cceqSbqN.s 			page 5


  70 0241 23DA6CB2 		.ascii	"#\332l\262\302\240\205nET\002\031\264\002r\006\277R"
  70      C2A0856E 
  70      45540219 
  70      B4027206 
  70      BF52
  71 0253 EA80FD04 		.ascii	"\352\200\375\004D\346\203\247\245\"\355\020lU\313\322"
  71      44E683A7 
  71      A522ED10 
  71      6C55CBD2 
  72 0263 359E401A 		.ascii	"5\236@\032\337u=\363$(\310\022\034\2064\311\324\017"
  72      DF753DF3 
  72      2428C812 
  72      1C8634C9 
  72      D40F
  73 0275 EBB7945B 		.ascii	"\353\267\224[\361\004\216\200\"]f\320\006\012^tl\254"
  73      F1048E80 
  73      225D66D0 
  73      060A5E74 
  73      6CAC
  74 0287 1A52D25A 		.ascii	"\032R\322Z\014\355DYo\017\374-\361R\333G\332p\024\273"
  74      0CED4459 
  74      6F0FFC2D 
  74      F152DB47 
  74      DA7014BB 
  75 029b 0433FB7D 		.ascii	"\0043\373}s\177\305\\\212'2\201B\242\037|\372\343@\222"
  75      737FC55C 
  75      8A273281 
  75      42A21F7C 
  75      FAE34092 
  76 02af 9E409F59 		.ascii	"\236@\237Y\343Vd\034\216\031\011\254|Rz\325F9\342\360"
  76      E356641C 
  76      8E1909AC 
  76      7C527AD5 
  76      4639E2F0 
  77 02c3 9BCC9DAC 		.ascii	"\233\314\235\254\275\343\2205\314M\004;\264q\250\342"
  77      BDE39035 
  77      CC4D043B 
  77      B471A8E2 
  78 02d3 33BD602C 		.ascii	"3\275`,QP\357I\250\270\211PI\360\273\204\022z\0314\356"
  78      5150EF49 
  78      A8B88950 
  78      49F0BB84 
  78      127A1934 
  79 02e8 39793E09 		.ascii	"9y>\011\213\014U\262\260D\301\217\025\300\240\035\326"
  79      8B0C55B2 
  79      B044C18F 
  79      15C0A01D 
  79      D6
  80 02f9 10FEE6DE 		.ascii	"\020\376\346\336\227\014\247\237\313\313d8!\241\025"
  80      970CA79F 
  80      CBCB6438 
  80      21A115
  81 0308 1D7AF468 		.ascii	"\035z\364hg\215M/\277i\032\267\301I*3\023E\320A\021"
  81      678D4D2F 
  81      BF691AB7 
  81      C1492A33 
  81      1345D041 
ARM GAS  C:\cygwin\tmp\cceqSbqN.s 			page 6


  82 031d 58A8B07C 		.ascii	"X\250\260|a?\030&\3265y\332\254z{\326\337r\372\274U"
  82      613F1826 
  82      D63579DA 
  82      AC7A7BD6 
  82      DF72FABC 
  83 0332 EA68380C 		.ascii	"\352h8\0141&\203QO\177\214Ug\004HC\353\325\216Dq\014"
  83      31268351 
  83      4F7F8C55 
  83      67044843 
  83      EBD58E44 
  84 0348 64D53CBC 		.ascii	"d\325<\274U|\306\034\003Q\201?c\"\236\"D\213\236\257"
  84      557CC61C 
  84      0351813F 
  84      63229E22 
  84      448B9EAF 
  85 035c F6D2B60D 		.ascii	"\366\322\266\015\266\361\345\025|\370*\211\220a\243"
  85      B6F1E515 
  85      7CF82A89 
  85      9061A3
  86 036b 36950925 		.ascii	"6\225\011%\326)K\354t4g\226\230\224\0215\2176\355\034"
  86      D6294BEC 
  86      74346796 
  86      98941135 
  86      8F36ED1C 
  87 037f B59A28CA 		.ascii	"\265\232(\3123\222;\263\216\001gu\212\344T\030)\377"
  87      33923BB3 
  87      8E016775 
  87      8AE45418 
  87      29FF
  88 0391 94208739 		.ascii	"\224 \2079\025\335\341\236\256^A\345\243\274EH\301\372"
  88      15DDE19E 
  88      AE5E41E5 
  88      A3BC4548 
  88      C1FA
  89 03a3 DAD6F831 		.ascii	"\332\326\3701#I\224\362s\206\221\335\007\366=1\351\035"
  89      234994F2 
  89      738691DD 
  89      07F63D31 
  89      E91D
  90 03b5 7E5E62C7 		.ascii	"~^b\307\031\330\0270\307\224\335j\333\377\361\324'\275"
  90      19D81730 
  90      C794DD6A 
  90      DBFFF1D4 
  90      27BD
  91 03c7 BC28912C 		.ascii	"\274(\221,\006\322%\362R\257\360\301\221\36220\360\376"
  91      06D225F2 
  91      52AFF0C1 
  91      91F23230 
  91      F0FE
  92 03d9 D3298937 		.ascii	"\323)\2117\207\360.\217\363\354\012\341\011\335\271"
  92      87F02E8F 
  92      F3EC0AE1 
  92      09DDB9
  93 03e8 5726734E 		.ascii	"W&sN\211\345\334\353\004vu\034\205\327\306\300\032\233"
  93      89E5DCEB 
  93      0476751C 
  93      85D7C6C0 
ARM GAS  C:\cygwin\tmp\cceqSbqN.s 			page 7


  93      1A9B
  94 03fa 8F56BEA3 		.ascii	"\217V\276\243\367Ib\004\"L\326#)\320%\221\342\251*\272"
  94      F7496204 
  94      224CD623 
  94      29D02591 
  94      E2A92ABA 
  95 040e 91AD8BE0 		.ascii	"\221\255\213\340\275\262.\365_\204\375\325]\3032\011"
  95      BDB22EF5 
  95      5F84FDD5 
  95      5DC33209 
  96 041e 34CEAF1B 		.ascii	"4\316\257\033\025\024Dc~\233\350\006\257\257\264\235"
  96      15144463 
  96      7E9BE806 
  96      AFAFB49D 
  97 042e 93308B9E 		.ascii	"\2230\213\236\342/\204\250\001\340\006\266\027\032\326"
  97      E22F84A8 
  97      01E006B6 
  97      171AD6
  98 043d F814A9A6 		.ascii	"\370\024\251\246\310\005@z[\332!\246\336\213!\032\367"
  98      C805407A 
  98      5BDA21A6 
  98      DE8B211A 
  98      F7
  99 044e D0837A34 		.ascii	"\320\203z4\363\257w\372\345\004I\2612\010@\252\306\247"
  99      F3AF77FA 
  99      E50449B1 
  99      320840AA 
  99      C6A7
 100 0460 EA85727B 		.ascii	"\352\205r{\271\356brT\307\2766y\307\366Fv\354H\361\303"
 100      B9EE6272 
 100      54C7BE36 
 100      79C7F646 
 100      76EC48F1 
 101 0475 1AD0F99C 		.ascii	"\032\320\371\234AC\347&ul\002\221p\313X\0146\271\030"
 101      4143E726 
 101      756C0291 
 101      70CB580C 
 101      36B918
 102 0488 7081A191 		.ascii	"p\201\241\221\261\305\020\271\014\032\266=\3272\350"
 102      B1C510B9 
 102      0C1AB63D 
 102      D732E8
 103 0497 93CB606C 		.ascii	"\223\313`l\024\"\321\020\234|\031lw\033\015\0277\241"
 103      1422D110 
 103      9C7C196C 
 103      771B0D17 
 103      37A1
 104 04a9 E16E8399 		.ascii	"\341n\203\231M\330\020\307\361_\235;$o\211\336\020\203"
 104      4DD810C7 
 104      F15F9D3B 
 104      246F89DE 
 104      1083
 105 04bb 73C93483 		.ascii	"s\3114\203\273\2617D\277l\337{\021\033b\373@\240\305"
 105      BBB13744 
 105      BF6CDF7B 
 105      111B62FB 
 105      40A0C5
ARM GAS  C:\cygwin\tmp\cceqSbqN.s 			page 8


 106 04ce FCCFF00F 		.ascii	"\374\317\360\017\312\341\177_\016\377\350I\377\000'"
 106      CAE17F5F 
 106      0EFFE849 
 106      FF0027
 107 04dd FD0DF004 		.ascii	"\375\015\360\004\372\334F\016\030\355x\240\324\242\320"
 107      FADC460E 
 107      18ED78A0 
 107      D4A2D0
 108 04ec B4EC6CBB 		.ascii	"\264\354l\273\376\223\357\266\273\012\355n\227\303\356"
 108      FE93EFB6 
 108      BB0AED6E 
 108      97C3EE
 109 04fb C8CD737F 		.ascii	"\310\315s\177\231\355`\274\260@\3407\341(,0\255\\\264"
 109      99ED60BC 
 109      B040E037 
 109      E1282C30 
 109      AD5CB4
 110 050e 74857346 		.ascii	"t\205sF\224pA\276\253\320m\377hA\316\274\234U\250\345"
 110      947041BE 
 110      ABD06DFF 
 110      6841CEBC 
 110      9C55A8E5 
 111 0522 C877393F 		.ascii	"\310w9?_9;/;\227\315\212\224t\256*\264\317\313Y8\177"
 111      5F393B2F 
 111      3B97CD8A 
 111      9474AE2A 
 111      B4CFCB59 
 112 0538 A17DC932 		.ascii	"\241}\3112\307\322\025\213\235v)\351\310\373x\3052\007"
 112      C7D2158B 
 112      9D7629E9 
 112      C8FB78C5 
 112      3207
 113 054a 0AA745C1 		.ascii	"\012\247E\301\216I\345\272W\273\361>%g\341\202\364/"
 113      8E49E5BA 
 113      57BBF13E 
 113      2567E182 
 113      F42F
 114 055c 16B99D05 		.ascii	"\026\271\235\005\256%\263\3223\337f\334\305\342\362"
 114      AE25B3D2 
 114      33DF66DC 
 114      C5E2F2
 115 056b 9C79F9AE 		.ascii	"\234y\371\256\325L\024./H\237\\\337\221\273\030\001"
 115      D54C142E 
 115      2F489F5C 
 115      DF91BB18 
 115      01
 116 057c FE06450E 		.ascii	"\376\006E\016\216\372"
 116      8EFA
 117              		.text
 118              		.section	.gnu.lto_chMsgWait.652bc987,"",%progbits
 119 0000 789C8D56 		.ascii	"x\234\215VkL\024W\024\276\347\316\354,\260\273\2264"
 119      6B4C1457 
 119      14BEE7CE 
 119      EC2CB0BB 
 119      9634
 120 0012 4D636852 		.ascii	"MchRhHC\033\\\226\244Ml\3226\2461i\332\037\374\221?"
 120      6848431B 
ARM GAS  C:\cygwin\tmp\cceqSbqN.s 			page 9


 120      5C96A44D 
 120      6CD236A6 
 120      3169DA1F 
 121 0029 FE6BE84A 		.ascii	"\376k\350J\212\011\257\356\242\321\037\326\331-V\223"
 121      8A09AFEE 
 121      A2D11FD6 
 121      D92D5693 
 122 0039 86D6A86D 		.ascii	"\206\326\250m\361\205\342#\265By,B\005\252l+\005\265"
 122      F185E223 
 122      B542792C 
 122      4205AA6C 
 122      2B05B5
 123 004c 55411454 		.ascii	"UA\024T\254,\302\326G%\362\222\272\345\261=\347\316"
 123      AC2CC2D6 
 123      4725F292 
 123      BAE5B13D 
 123      E7CE
 124 005e 40D95968 		.ascii	"@\331Yh\331\2603;s\316\371\3169\337\375\356=H,\372\363"
 124      D9B0333B 
 124      73CEF9CE 
 124      39DFFDEE 
 124      3D482CFA 
 125 0073 3A7E2196 		.ascii	":~!\226\261\031\272\233\030\360\235\227\031\363\304"
 125      B119BA9B 
 125      18F09D97 
 125      19F3C4
 126 0082 702E3D31 		.ascii	"p.=135N\336\337\306\230j\225@\326\336\313\000\364\203"
 126      33354EDE 
 126      DFC6986A 
 126      9540D6DE 
 126      CB00F483 
 127 0096 01DBCA25 		.ascii	"\001\333\312%\031\266\302\003>\302\241\261j\374\222"
 127      19B6C203 
 127      3EC2A1B1 
 127      6AFC92
 128 00a5 E53E0F71 		.ascii	"\345>\017q\226\304\360\261i\327\371R\205\036A\246\307"
 128      96C4F0B1 
 128      69D7F952 
 128      851E41A6 
 128      C7
 129 00b6 9EEED29E 		.ascii	"\236\356\322\236\330\224\343\252\352\035\366\266\344"
 129      D894E3AA 
 129      EA1DF6B6 
 129      E4
 130 00c3 EEDD7318 		.ascii	"\356\335s\030-\234\215q\006\337B\002\234\200\004\302"
 130      2D9C8D71 
 130      06DF4202 
 130      9C8004C2 
 131 00d3 FB0E52C8 		.ascii	"\373\016R\310\327\343/\271f\223^\004\372\375\351iO\213"
 131      D7E32FB9 
 131      66935E04 
 131      FAFDE969 
 131      4F8B
 132 00e5 35B91CE3 		.ascii	"5\271\034\343\002\241\243\355V\365\274Z\034\010\207"
 132      02A1A3ED 
 132      56F5BC5A 
 132      1C0887
ARM GAS  C:\cygwin\tmp\cceqSbqN.s 			page 10


 133 00f4 1331184E 		.ascii	"\0231\030N\202\024\031O\037\014\031)\236\356\261(\305"
 133      8214194F 
 133      1F0C1929 
 133      9EEEB128 
 133      C5
 134 0105 AAAAC643 		.ascii	"\252\252\306C\005$S\022\304\256\004\005\360Fo\252\237"
 134      05245312 
 134      C4AE0405 
 134      F0466FAA 
 134      9F
 135 0116 F5ABE170 		.ascii	"\365\253\341p\335T\355\366\327N\360x\211!\230L\027\205"
 135      DD54EDF6 
 135      D74EF078 
 135      8921984C 
 135      1785
 136 0128 2E66BC48 		.ascii	".f\274Hqt\2610r\266\322K\306\006\361KM\007\361\001\357"
 136      7174B130 
 136      72B6D24B 
 136      C606F14B 
 136      4D07F101 
 137 013d 523778E3 		.ascii	"R7x\343)\331X\205\272G\222^\022\265\376y\255\374x\234"
 137      29D95885 
 137      BA47925E 
 137      12B5FE79 
 137      ADFC789C 
 138 0151 A875F8CA 		.ascii	"\250u\370\312\304\376\347\367\252\207\275;1\321*\010"
 138      C4FEE7F7 
 138      AA87BD3B 
 138      31D12A08 
 139 0161 7119BE5F 		.ascii	"q\031\276_\250Z\250\202d\014\354/yR\007\304\225\234"
 139      A85AA882 
 139      640CEC2F 
 139      795207C4 
 139      959C
 140 0173 C4A01AAD 		.ascii	"\304\240\032\255\275\340\275\333\365Y\260T\211h'0\370"
 140      BDE0BDDB 
 140      F559B054 
 140      89682730 
 140      F8
 141 0184 89E8638C 		.ascii	"\211\350c\214Cd\237\201\251\366!\231A\015\231\270\301"
 141      43649F81 
 141      A9F62199 
 141      410D99B8 
 141      C1
 142 0195 54165A49 		.ascii	"T\026ZIY\030\324\222U2\020\304\300\007\012\326QG\354"
 142      5918D492 
 142      553210C4 
 142      C0070AD6 
 142      5147EC
 143 01a8 002B0334 		.ascii	"\000+\0034\367=z\272[J\254\206\203jiR\210\233(\342\253"
 143      F73D7ABA 
 143      5B4AAC86 
 143      836A6952 
 143      889B28E2 
 144 01bd DE494F9C 		.ascii	"\336IO\234\214\024\300)H\024$\357\333\366\315^+\276"
 144      8C14C029 
 144      481424EF 
ARM GAS  C:\cygwin\tmp\cceqSbqN.s 			page 11


 144      DBF6CD5E 
 144      2BBE
 145 01cf 817A9045 		.ascii	"\201z\220E\311\014\032@F\303\305\355\207'\344D\237\036"
 145      C90C1A40 
 145      46C3C5ED 
 145      8727E444 
 145      9F1E
 146 01e1 AD906FC7 		.ascii	"\255\220o\307\243\266\246X\021\375\003E\303i\224\304"
 146      A3B6A658 
 146      11FD0345 
 146      C36994C4 
 147 01f1 2DF03634 		.ascii	"-\36064\366\037J\247~\376\342\024X\326\365E\025\337"
 147      F61F4AA7 
 147      7EFEE214 
 147      58D6F545 
 147      15DF
 148 0203 32A9EE50 		.ascii	"2\251\356PcB\334<\315\265\305\354\033\274\322\031C\324"
 148      6342DC3C 
 148      CDB5C5EC 
 148      1BBCD219 
 148      43D4
 149 0215 98C5E309 		.ascii	"\230\305\343\011O\361\0018\010\373=*y\305@#l\201&\312"
 149      4FF10138 
 149      08FB3D2A 
 149      79C54023 
 149      6C8126CA 
 150 0229 8EB699CA 		.ascii	"\216\266\231\312/}\212\275\002\333\362\277\021\342\261"
 150      2F7D8ABD 
 150      02DBF2BF 
 150      11E2B1
 151 0238 D08C8EA3 		.ascii	"\320\214\216\243\\\027\305\231\226\2533\262f\\N\342"
 151      5C17C599 
 151      96AB33B2 
 151      665C4EE2 
 152 0248 F911ECA3 		.ascii	"\371\021\354\243H#Vs\006\354\254\0338\025\022\251\267"
 152      48235673 
 152      06ECAC1B 
 152      381512A9 
 152      B7
 153 0259 A7036DFF 		.ascii	"\247\003m\377\25778\013\311X\277\326\317\264\257~\012"
 153      AF37380B 
 153      C958BFD6 
 153      CFB4AF7E 
 153      0A
 154 026a 22E9DF16 		.ascii	"\"\351\337\026\366\003\371\350\013'G\361\337\"\370\367"
 154      F603F9E8 
 154      0B2747F1 
 154      DF22F8F7 
 155 027a 130BD2FC 		.ascii	"\023\013\322\374~\271(\273\376\351\241!\333\\\277q\230"
 155      7EB928BB 
 155      FEE9A121 
 155      DB5CBF71 
 155      98
 156 028b 097ED2DB 		.ascii	"\011~\322\333=0\276\373\3463\242\243\341\277\203\017"
 156      3D30BEFB 
 156      E633A2A3 
 156      E1BF830F 
ARM GAS  C:\cygwin\tmp\cceqSbqN.s 			page 12


 157 029b D7628805 		.ascii	"\327b\210\005~\026-s\015\025}\246K\036\037\005\255\353"
 157      7E162D73 
 157      0D157DA6 
 157      4B1E1F05 
 157      ADEB
 158 02ad 55D4C239 		.ascii	"U\324\3029\352Z\322\314\320\212\215c\331\023\333\307"
 158      EA5AD2CC 
 158      D08A8D63 
 158      D913DBC7 
 159 02bd 152D7FDC 		.ascii	"\025-\177\334R\023\3727S\262_\014\311\032*/t\331p\001"
 159      5213FA37 
 159      53B25F0C 
 159      C91A2A2F 
 159      74D97001 
 160 02d1 D19E8FDB 		.ascii	"\321\236\217\333\007\332\300\256%j\207-\354:\024\337"
 160      07DAC0AE 
 160      256A872D 
 160      EC3A14DF 
 161 02e1 38F7F94C 		.ascii	"8\367\371L\226\266\336\022&\023\364\005\261\232'f\351"
 161      96B6DE12 
 161      2613F405 
 161      B19A2766 
 161      E9
 162 02f2 3614FB27 		.ascii	"6\024\373'\333\305\0320\243\024\254c\250A\006\347\021"
 162      DBC51A30 
 162      A314AC63 
 162      A84106E7 
 162      11
 163 0303 044D9D75 		.ascii	"\004M\235uC\255&\342\307\266\214\301\005H\010\361e\002"
 163      43AD26E2 
 163      C7B68CC1 
 163      054808F1 
 163      6502
 164 0315 4616BB92 		.ascii	"F\026\273\222Va$\\k\326\262(\213\252\312(\243\213Q2"
 164      5661245C 
 164      6BD6B228 
 164      8BAACA28 
 164      A38B5132 
 165 0329 4A2505FD 		.ascii	"J%\005\375\032\255\240T\242\361\2679\361\\\232\345\260"
 165      1AADA054 
 165      A2F1B739 
 165      F15C9AE5 
 165      B0
 166 033a 15B49CE6 		.ascii	"\025\264\234\346H\016\375\357\011\022\025\003\211\251"
 166      480EFDEF 
 166      09121503 
 166      89A9
 167 0348 C4DF659D 		.ascii	"\304\337e\235?f o9\221w\005\201\031t`\323\377j\323\327"
 167      3F66206F 
 167      39917705 
 167      81197460 
 167      D3FF6AD3 
 168 035d 7CF3A205 		.ascii	"|\363\242\005{\024\273\377\361@I\207\262\220P%\350\\"
 168      7B14BBFF 
 168      F1404987 
 168      B2905025 
 168      E85C
ARM GAS  C:\cygwin\tmp\cceqSbqN.s 			page 13


 169 036f 50A85749 		.ascii	"P\250WI\250fM\250}c-m\313\"\324\256\342i\305w\370\361"
 169      A8664DA8 
 169      7D632D6D 
 169      CB22D4AE 
 169      E269C577 
 170 0385 B45ADAD1 		.ascii	"\264Z\332\321\032\010\206\323\011R\327\265b<x\273\310"
 170      1A0886D3 
 170      0952D7B5 
 170      623C78BB 
 170      C8
 171 0396 744D68FB 		.ascii	"tMh\373:\361b!\006\373z\373%Z;\351\025r\017VW4\307\316"
 171      3AF16221 
 171      06FB7AFB 
 171      255A3BE9 
 171      15720F56 
 172 03ae 2D828558 		.ascii	"-\202\205X\352\326Y:YW3n\322\264}\366^\330j\247\232"
 172      EAD6593A 
 172      5957336E 
 172      D2B47DF6 
 172      5ED86AA7 
 173 03c3 7A045D92 		.ascii	"z\004]\222\206\0127\304\256\365\252o\022<e\303\024\242"
 173      860A37C4 
 173      AEF5AA6F 
 173      123C65C3 
 173      14A2
 174 03d5 B791D67D 		.ascii	"\267\221\326}k\265\224\326\205\344l\211^\011\0167\005"
 174      6BB594D6 
 174      85E46C89 
 174      5E090E37 
 174      05
 175 03e6 B4AC43DF 		.ascii	"\264\254C\337\322\326tW\371s\204\263\324B\375fB\352"
 175      D2D67457 
 175      F97384B3 
 175      D442FD66 
 175      42EA
 176 03f8 8D28F236 		.ascii	"\215(\3626\330\261\014\002\373\272<E\007\213\252\310"
 176      D8B10C02 
 176      FBBA3C45 
 176      078BAAC8 
 177 0408 BAD0067B 		.ascii	"\272\320\006{\233\300~\027`&\035\354\016\201\231\251"
 177      9BC07E17 
 177      60261DEC 
 177      0E8199A9 
 178 0418 69C13DCD 		.ascii	"i\301=\3153\232n\204>\\\323:*\351\"\231/>\323b-\333"
 178      339A6E84 
 178      3E5CD33A 
 178      2AE92299 
 178      2F3ED362 
 179 042e A04F602B 		.ascii	"\240O`+$\214\000\330\321v\271\271f@\214o\233\215A?\006"
 179      248C00D8 
 179      D176B9B9 
 179      66408C6F 
 179      9B8D413F 
 180 0443 CC4EB8F9 		.ascii	"\314N\270\371S\315W\266\244\251vWL\265\271\243L\306"
 180      53CD57B6 
 180      A4A97657 
 180      4CB5B9A3 
ARM GAS  C:\cygwin\tmp\cceqSbqN.s 			page 14


 180      4CC6
 181 0455 57038B4F 		.ascii	"W\003\213O\265cG@W\2219\352t\034$\005\031g]+R\022$\377"
 181      B5634740 
 181      579139EA 
 181      741C2405 
 181      19675D2B 
 182 046d 18E3AC1B 		.ascii	"\030\343\254\033y\213r3\370c\341YwO\350\361\376\274"
 182      798B7233 
 182      F863E159 
 182      774FE8F1 
 182      FEBC
 183 047f 59776C28 		.ascii	"Ywl(\320\244\314\216\261\0011\306\036\2101f\234Y\017"
 183      D0A4CC8E 
 183      B10131C6 
 183      1E883166 
 183      9C590F
 184 0492 7166DD01 		.ascii	"qf\335\001O`\360\210\276\321-\214\376)\000:v\320\353"
 184      4F60F088 
 184      BED12D8C 
 184      FE29003A 
 184      76D0EB
 185 04a5 85B43487 		.ascii	"\205\2644\207\366W\340v\270\212\034n\227\323\341\314"
 185      F657E076 
 185      B88A1C6E 
 185      97D3E1CC 
 186 04b5 C9737F94 		.ascii	"\311s\177\224\346d\274\250\320\2641+wC\366\253\006\247"
 186      E664BCA8 
 186      D0B4312B 
 186      7743F6AB 
 186      06A7
 187 04c7 C2025791 		.ascii	"\302\002W\221\333\361\316\232\214\325\031\233\320\333"
 187      DBF1CE9A 
 187      8CD5199B 
 187      D0DB
 188 04d5 59E0CAFE 		.ascii	"Y\340\312\376`\343\312\274\264\034\266b\276g\366\246"
 188      60E3CABC 
 188      B41CB662 
 188      BE67F6A6 
 189 04e5 22C7EA8C 		.ascii	"\"\307\352\214\314\3673\035\353\363\235\271\033\326"
 189      CCF7331D 
 189      EBF39DB9 
 189      1BD6
 190 04f3 653B84A7 		.ascii	"e;\204\2473\357\335\015\371NtN4\300\316y\345\2707\273"
 190      33EFDD0D 
 190      F94E744E 
 190      34C0CE79 
 190      E5B837BB 
 191 0507 D11E9F91 		.ascii	"\321\036\237\221\271&\351\303,wv\241k\375\212\244\227"
 191      B926E9C3 
 191      2C7776A1 
 191      6BFD8AA4 
 191      97
 192 0518 D3197731 		.ascii	"\323\031w1s^v^\201k\363\177\304R\3559L*\372\2700iq|"
 192      735E765E 
 192      816BF37F 
 192      C452ED39 
 192      4C2AFAB8 
ARM GAS  C:\cygwin\tmp\cceqSbqN.s 			page 15


 193 0530 67CE3A74 		.ascii	"g\316:t\372\007\346\220\205s"
 193      FA07E690 
 193      8573
 194              		.text
 195              		.section	.gnu.lto_chMsgRelease.652bc987,"",%progbits
 196 0000 789C8D53 		.ascii	"x\234\215S]H\223Q\030>\357\371\276\375\350\026H\027"
 196      5D489351 
 196      183EEFF9 
 196      BEFDE816 
 196      4817
 197 0012 21066D21 		.ascii	"!\006m!C\002\331\352\312\233\240B\010\272\330\215\322"
 197      4302D9EA 
 197      CA9BA042 
 197      08BAD88D 
 197      D2
 198 0023 75D81A29 		.ascii	"u\330\032)8\225m\212^\210gk\2267\206\224\221&\211\246"
 198      38956D8A 
 198      5E88676B 
 198      96378694 
 198      912689A6 
 199 0037 62B9D2D2 		.ascii	"b\271\322\3222]\232\263\324\304(\213\324\202U\256P2"
 199      325D9AB3 
 199      D4C4288B 
 199      D48255AE 
 199      5032
 200 0049 525096D6 		.ascii	"RP\226\326\207\210\275\347\333&nZ46\316\317\373<\357"
 200      8788BDE7 
 200      DB266E5A 
 200      3436CECF 
 200      FB3CEF
 201 005c 79CE739E 		.ascii	"y\316s\236\011d\347'\005\177\247EB>\341\010\002\001"
 201      0964E727 
 201      057FA745 
 201      423EE108 
 201      0201
 202 006e 5AF39A10 		.ascii	"Z\363\232\020\227\232\002\360\011\001RA\241\002\276"
 202      979A02F0 
 202      09015241 
 202      A102BE
 203 007d D3150A35 		.ascii	"\323\025\0125~o\235&\255\2151\266\354\236N\256L\226"
 203      7E6F9D26 
 203      AD8D31B6 
 203      EC9E4EAE 
 203      4C96
 204 008f 2821211A 		.ascii	"(!!\032n\003\355\220\206\020\227\277zj\217p\000\010"
 204      6E03ED90 
 204      861097BF 
 204      7A6A8F70 
 204      0008
 205 00a1 CEFB3B7F 		.ascii	"\316\373;\177\276\322,P\211\202\236/}W\306\353\224|"
 205      BED22C50 
 205      89829E2F 
 205      7D57C6EB 
 205      947C
 206 00b3 4945BE1C 		.ascii	"IE\276\034\351\232\221\324\206\026\306\334\376\301n"
 206      E99A91D4 
 206      8616C6DC 
ARM GAS  C:\cygwin\tmp\cceqSbqN.s 			page 16


 206      FEC16E
 207 00c2 765C94A8 		.ascii	"v\\\224\250\000\267A\300~p\007R\240\003R\010n\021\360"
 207      00B741C0 
 207      7E700752 
 207      A0035208 
 207      6E11F0
 208 00d5 8201D1ED 		.ascii	"\202\001\321\355\013K}\202pP\356\373\255aN\322r&\363"
 208      0B4B7D82 
 208      7050EEFB 
 208      AD614ED2 
 208      7226F3
 209 00e8 4F869922 		.ascii	"O\206\231\"\334\215g\212\004\356\201\201\303W<\033\357"
 209      DC8D678A 
 209      04EE8181 
 209      C3573C1B 
 209      EF
 210 00f9 354A0FC2 		.ascii	"5J\017\302\2236\242\202\241\023\224\200c\327^?\333\334"
 210      9336A282 
 210      A1139480 
 210      63D75E3F 
 210      DBDC
 211 010b 6CE95C9C 		.ascii	"l\351\\\234\026U\002\360\263D\220yd\016a\334\200yJ\371"
 211      165502F0 
 211      B3449079 
 211      640E61DC 
 211      80794AF9 
 212 011f 28CC803B 		.ascii	"(\314\200;\211w\013yY\255 \030d!?\246\232\333\022S\233"
 212      89770B79 
 212      59AD2018 
 212      64213FA6 
 212      9ADB1253 
 213 0134 F10ACB81 		.ascii	"\361\012\313\201\265\206}\365\254\311]\203\355\216\201"
 213      B5867DF5 
 213      ACC95D83 
 213      ED8E81
 214 0143 4415D015 		.ascii	"D\025\320\025\253(\342\322}HE\342\227\352\325\036\340"
 214      AB28E2D2 
 214      7D4845E2 
 214      97EAD51E 
 214      E0
 215 0154 5628F404 		.ascii	"V(\364\004\036`5\000\356\257\201\213\363u\312\030\275"
 215      1E603500 
 215      EEAF818B 
 215      F375CA18 
 215      BD
 216 0165 C1910E90 		.ascii	"\301\221\016\220\245\206(\304\336$X;\261\2047\354\346"
 216      A58628C4 
 216      DE24583B 
 216      B18437EC 
 216      E6
 217 0176 251A57EA 		.ascii	"%\032W\352\2252\3701\004zxU\210\263\200\300CP\242\220"
 217      9532F831 
 217      047A7855 
 217      88B380C0 
 217      4350A290 
 218 018a 47DC0020 		.ascii	"G\334\000 \267\000\313\263\213\277\257\012\272\036\270"
 218      B700CBB3 
ARM GAS  C:\cygwin\tmp\cceqSbqN.s 			page 17


 218      8BBFAF0A 
 218      BA1EB8
 219 0199 C9EAF412 		.ascii	"\311\352\364\022Ur\306\265\300\272+QD\017\240\027t\204"
 219      5572C6B5 
 219      C0BA2B51 
 219      440FA017 
 219      7484
 220 01ab EFDCA8BC 		.ascii	"\357\334\250\274^\257\305\035x\014\242\254\231@\037"
 220      5EAFC51D 
 220      780CA2AC 
 220      99401F
 221 01ba 885898B8 		.ascii	"\210X\230\270\324\264&\352z#l\025\307\276Y\034\363%"
 221      D4B426EA 
 221      7A236C15 
 221      C7BE591C 
 221      F325
 222 01cc C8EC7ECE 		.ascii	"\310\354~\316\006\037\210$j\340\205>\327\2206l\232{"
 222      061F8824 
 222      6AE0853E 
 222      D790366C 
 222      9A7B
 223 01de FA83968D 		.ascii	"\372\203\226\2153OpsS\267\313\363G,{\002\251\277\360"
 223      334F7073 
 223      53B7CBF3 
 223      472C7B02 
 223      A9BFF0
 224 01f1 1A51FEC0 		.ascii	"\032Q\376\300\252oT\303\371\214\241\341\264\312\217"
 224      AA6F54C3 
 224      F98CA1E1 
 224      B4CA8F
 225 0200 86EF9280 		.ascii	"\206\357\222\200\010y\200\223E\362\021*\203\033/W\217"
 225      08798093 
 225      45F2112A 
 225      831B2F57 
 225      8F
 226 0211 C43AE5F1 		.ascii	"\304:\345\361\002\007\360\023\"6\213;\334\032\224\335"
 226      0207F013 
 226      22368B3B 
 226      DC1A94DD 
 227 0221 7A0AB22B 		.ascii	"z\012\262+\215\357.w\322\362uV\305\324\022U\207\360"
 227      8DEF2E77 
 227      D2F27556 
 227      C5D41255 
 227      87F0
 228 0233 95791986 		.ascii	"\225y\031\206\240\234\240D<H\242\011[B\267\247\243\273"
 228      A09CA044 
 228      3C48A209 
 228      5B42B7A7 
 228      A3BB
 229 0245 F1BFD2E1 		.ascii	"\361\277\322\341\227\3231;7\371V-\247\003\267\206\377"
 229      97D3313B 
 229      37F9562D 
 229      A703B786 
 229      FF
 230 0256 9E8E566F 		.ascii	"\236\216Vo4\035\312\035\262\237q\331\361\221\031Q\020"
 230      341DCA1D 
 230      B29F71D9 
ARM GAS  C:\cygwin\tmp\cceqSbqN.s 			page 18


 230      F1911951 
 230      10
 231 0267 78CEF1AA 		.ascii	"x\316\361\252\370\310\254\034\345g\023\030\331=2\243"
 231      F8C8AC1C 
 231      E5671318 
 231      D93D32A3 
 232 0277 B20963DB 		.ascii	"\262\011c\333\"\323\272\024\364)\243i\030\226\323\360"
 232      22D3BA14 
 232      F429A369 
 232      1896D3F0 
 233 0287 424E43FC 		.ascii	"BNC\374\323\217\343\323\177\006Wp\324\233\300\265\362"
 233      D38FE3D3 
 233      7F065770 
 233      D49BC0B5 
 233      F2
 234 0298 6BCE619A 		.ascii	"k\316a\232\361/\205\230\375F\243)\374-t\230\354N\223"
 234      F12F8598 
 234      FD46A329 
 234      FC2D7498 
 234      EC4E93
 235 02ab C36E3159 		.ascii	"\303n1Yrm\216\363F\013\241\316\"\001g\212\222\234\374"
 235      726D8EF3 
 235      460BA1CE 
 235      2201678A 
 235      929CFC
 236 02be 62EBA138 		.ascii	"b\353\2418`Q\241\335\3510\235\3102g\232K\221a)\264["
 236      6051A1DD 
 236      E9309DC8 
 236      32679A4B 
 236      916129B4 
 237 02d3 CF9464D8 		.ascii	"\317\224d\330\214\271$};\322Z\3524e\232\263Oe\233\362"
 237      8CB9247D 
 237      3BD25AEA 
 237      34659AB3 
 237      4F659BF2 
 238 02e7 0A2CF9C5 		.ascii	"\012,\371\305\347\254&\031i\261\235,.\260 X\027\327"
 238      E7AC2619 
 238      69B19D2C 
 238      2EB02058 
 238      17D7
 239 02f9 760B95EB 		.ascii	"v\013\225\353(s`=\311\234\235\245?\233\343\260\026\331"
 239      2873603D 
 239      C99C9DA5 
 239      3F9BE3B0 
 239      16D9
 240 030b F3D2F586 		.ascii	"\363\322\365\206\303\204\332\211\312f\265\025\332\313"
 240      C384DA89 
 240      CA66B515 
 240      DACB
 241 0319 FEC1E5FA 		.ascii	"\376\301\345\372s\311\037:\376\302\267"
 241      73C91F3A 
 241      FEC2B7
 242              		.text
 243              		.section	.gnu.lto_.symbol_nodes.652bc987,"",%progbits
 244 0000 789C4DC8 		.ascii	"x\234M\310\273\015\302@\024\005\321\271\357\355\"Bw"
 244      BB0DC240 
 244      1405D1B9 
ARM GAS  C:\cygwin\tmp\cceqSbqN.s 			page 19


 244      EFED2242 
 244      77
 245 0011 40A9D701 		.ascii	"@\251\327\001\021\"\240\002D\340R\020H\004\364\300\317"
 245      1122A002 
 245      44E05210 
 245      4804F4C0 
 245      CF
 246 0022 04500302 		.ascii	"\004P\003\002\011\007;\331\231\004\326L\305U\206\315"
 246      09073BD9 
 246      9904D64C 
 246      C55586CD 
 247 0032 196CB6BB 		.ascii	"\031l\266\2739\365!:\0237Y\355\217\273\034\355\320S"
 247      39F5213A 
 247      133759ED 
 247      8FBB1CED 
 247      D053
 248 0044 CEFFA0EF 		.ascii	"\316\377\240\357\177\036\345\322\372%\327\306Ie8\035"
 248      7F1EE5D2 
 248      FA25D7C6 
 248      4965381D 
 249 0054 3329EC57 		.ascii	"3)\354W\357EFay\030\2259c\270|\304\027\376\216'\202"
 249      EF454661 
 249      79189539 
 249      63B87CC4 
 249      17FE8E27 
 250              		.text
 251              		.section	.gnu.lto_.refs.652bc987,"",%progbits
 252 0000 789C6366 		.ascii	"x\234cf``\340c\200\000F bdbb`df`\344d\000\000\002\013"
 252      6060E063 
 252      80004620 
 252      62646262 
 252      60646660 
 253 001a 0027     		.ascii	"\000'"
 254              		.text
 255              		.section	.gnu.lto_.decls.652bc987,"",%progbits
 256 0000 789CB55A 		.ascii	"x\234\265Z{XTG\226\357\272\325t\323M\003I\314c>6;1\314"
 256      7B585447 
 256      96EFBAD5 
 256      74D34D03 
 256      49CC633E 
 257 0018 0C3BD989 		.ascii	"\014;\331\211\321<&\223\314\037\233\327<\276\314l&\231"
 257      D13C2693 
 257      CC1F9BD7 
 257      3CBECC6C 
 257      2699
 258 002a 38F3CD1F 		.ascii	"8\363\315\037\223\375z\011\266\300\206\3274M\214\177"
 258      93FD7A09 
 258      B6C086D7 
 258      344D8C7F 
 259 003a 6D0322F8 		.ascii	"m\003\"\370F\020\001\025i\336\"O\025\220\227\010\370"
 259      46100115 
 259      69DE224F 
 259      15909708 
 259      F8
 260 004b 02798882 		.ascii	"\002y\210\202\002\242\274\025\020T\020\224\207\002{"
 260      02A2BC15 
 260      10541094 
ARM GAS  C:\cygwin\tmp\cceqSbqN.s 			page 20


 260      87027B
 261 005a AAEADEBE 		.ascii	"\252\352\336\276\267\233\333&\373\355\267|\036\273N"
 261      B79BDB26 
 261      FBEDB77C 
 261      1EBB4E
 262 0069 DD53E7FC 		.ascii	"\335S\347\374\316\251S\247\352V7V(\024/s\012\3052\374"
 262      CEA953A7 
 262      EA563756 
 262      28142F73 
 262      0AC532FC 
 263 007d 1D5EAB50 		.ascii	"\035^\253P\244\250\024\012%\364}\001\204\200\216)\330"
 263      A4A8140A 
 263      25F47D01 
 263      84808E29 
 263      D8
 264 008e 1F742BF4 		.ascii	"\037t+\364\320\3615\220/\3207@\301@\377@Ln\004)l\376"
 264      D0F13590 
 264      2FD03740 
 264      C140FF40 
 264      4C6E0429 
 265 00a4 88EC0BF0 		.ascii	"\210\354\013\360\351\006\244\003:\015\364\021\364\215"
 265      E906A403 
 265      3A0DF411 
 265      F48D
 266 00b2 02BD08ED 		.ascii	"\002\275\010\3551\370\274\005\264\015\250\005\370\273"
 266      31F8BC05 
 266      B40DA805 
 266      F8BB
 267 00c0 F0F900E8 		.ascii	"\360\371\000\350]\240\217\311X\240\317y\373\323\320"
 267      5DA08FC9 
 267      58A0CF79 
 267      FBD3D0
 268 00cf 0E049A01 		.ascii	"\016\004\232\001\362\007r\201\276\233\360\031\011\364"
 268      F2077281 
 268      BE9BF019 
 268      09F4
 269 00dd 57A02F80 		.ascii	"W\240/\200>\004z\011\350=\240\337\002\375\206\214\007"
 269      3E047A09 
 269      E83DA0DF 
 269      02FD868C 
 269      07
 270 00ee 7A1E48C3 		.ascii	"z\036H\303\343\231\005\232\007Z\006Rr\014?\361C\005"
 270      E399059A 
 270      075A0652 
 270      720C3FF1 
 270      4305
 271 0100 6D6720F8 		.ascii	"mg \370\247x\226[\351\013\361\331]\342\213\340\207\024"
 271      A778965B 
 271      E90BF1D9 
 271      5DE28BE0 
 271      8714
 272 0112 B7D41FC1 		.ascii	"\267\324\037\301\007\202\227\340'\230\325\022\314\004"
 272      078297E0 
 272      2798D512 
 272      CC04
 273 0120 EFAF79AC 		.ascii	"\357\257y\254\002N\015oG\212\321\203c\370~\314\211\030"
 273      024E0D6F 
ARM GAS  C:\cygwin\tmp\cceqSbqN.s 			page 21


 273      478AD183 
 273      63F87ECC 
 273      8918
 274 0132 E5624DE6 		.ascii	"\345bM\346C\313\317\231\024#\211\271\024\343+0\336\300"
 274      43CBCF99 
 274      142389B9 
 274      14E32B30 
 274      DEC0
 275 0144 8F75E6C7 		.ascii	"\217u\346\307I\355\275\312\261\371\224\332z\215\263"
 275      49EDBDCA 
 275      B1F994DA 
 275      7A8DB3
 276 0153 B535C5A1 		.ascii	"\2655\305\241'\213[\022\3351\207H;#i\240C\373\372Q\263"
 276      278B5B12 
 276      DD318748 
 276      3B2369A0 
 276      43FBFA51 
 277 0168 D91C63AE 		.ascii	"\331\034c\256\355B\242P\342\345\256\223J\374\034\025"
 277      ED42A250 
 277      E2E5AE93 
 277      4AFC1C15 
 278 0178 DADE93DB 		.ascii	"\332\336\223\333\254\306\036\264\035\236]\265S=\312"
 278      ACC61EB4 
 278      1D9E5DB5 
 278      533DCA
 279 0187 A117B554 		.ascii	"\241\027\265Tlw\323\201:L\331e\362\230\213\033\232\311"
 279      6C77D381 
 279      3A4CD965 
 279      F2988B1B 
 279      9AC9
 280 0199 4248EB15 		.ascii	"BH\353\025c6G\230'\343\314\370G\012\364\272\007z\315"
 280      63364798 
 280      27E3CCF8 
 280      470AF4BA 
 280      077ACD
 281 01ac 43810A91 		.ascii	"C\201\012\221\027\210\241#\350u\005\312C\036(\037y("
 281      1788A123 
 281      E87505CA 
 281      431E281F 
 281      7928
 282 01be 32C1F064 		.ascii	"2\301\360d\363B?2\233\225\250\000i\321Q\204\251\004"
 282      F3423F32 
 282      9B95A800 
 282      69D15184 
 282      A904
 283 01d0 80271618 		.ascii	"\200'\026\030\030\256\2773\353\317\362J\213\035)\215"
 283      18AEBF33 
 283      EBCFF24A 
 283      8B1D298D 
 284 01e0 C96A7A81 		.ascii	"\311jz\201(-\002\245\271\242R\260!jM\233\365\225\327"
 284      282D02A5 
 284      B9A252B0 
 284      216A4D9B 
 284      F595D7
 285 01f3 7ADC91D6 		.ascii	"z\334\221\326C9\267\375\"\315\037\242c\2405G\324Z$h"
 285      4339B7FD 
 285      22CD1FA2 
ARM GAS  C:\cygwin\tmp\cceqSbqN.s 			page 22


 285      63A03547 
 285      D45A2468 
 286 0207 250F202A 		.ascii	"%\017 *\025\2053-.\020\0257\355j\022\244\312\270\206"
 286      1585332D 
 286      2E101537 
 286      ED6A12A4 
 286      CAB886
 287 021a 2415B03A 		.ascii	"$\025\260:\255\222\260%\347\373Z\\q8\233\200\252\221"
 287      AD92B025 
 287      E7FB5A5C 
 287      71389B80 
 287      AA91
 288 022c 886E358E 		.ascii	"\210n5\216f\314\334\235\221\011\204\3670\246\360\346"
 288      66CCDC9D 
 288      910984F7 
 288      30A6F0E6 
 289 023c 994D3048 		.ascii	"\231M0H\245\005\303\3469\262\276\321\177Cwc\373\245"
 289      A505C3E6 
 289      39B2BED1 
 289      7F437763 
 289      FBA5
 290 024e 3627DA4F 		.ascii	"6'\332O\272\324\304\221\371\263\345E*\346\211\331\034"
 290      BAD4C491 
 290      F9B3E545 
 290      2AE689D9 
 290      1C
 291 025f 1B69D634 		.ascii	"\033i\3264\270)\320\011\300]\002\270Q\0258\243\342\235"
 291      B829D009 
 291      C05D02B8 
 291      511538A3 
 291      E29D
 292 0271 2987CE0A 		.ascii	")\207\316\012k\334\227\006h\334+\301\231\223\2423*1"
 292      6BDC9706 
 292      68DC2BC1 
 292      9993A233 
 292      2A31
 293 0283 42DDA569 		.ascii	"B\335\245i\225n\310K\313\"\032\325I#z\012\304\313D\361"
 293      956EC84B 
 293      CB221AD5 
 293      49237A0A 
 293      C4CB44F1 
 294 0297 4AC17779 		.ascii	"J\301wy\353\3252\326As\372\225\241\355H\320|(g\204F"
 294      EBD532D6 
 294      4173FA95 
 294      A1ED48D0 
 294      7C286784 
 295 02ac F534682E 		.ascii	"\3654h.\0255\237z\272\346\032Y\315(\253vv\007Gco\241"
 295      15359F7A 
 295      BAE61A59 
 295      CD28AB76 
 295      76074763 
 296 02c2 D13E5ABE 		.ascii	"\321>Z\276\375\2613\015\376o\010\233{\274\340\036\207"
 296      FDB1330D 
 296      FE6F089B 
 296      7BBCE01E 
 296      87
 297 02d3 93598887 		.ascii	"\223Y\210\207R\233n\273\343t\306$\214\024<\320\340|"
ARM GAS  C:\cygwin\tmp\cceqSbqN.s 			page 23


 297      529B6EBB 
 297      E374C624 
 297      8C143CD0 
 297      E07C
 298 02e5 C674EF9E 		.ascii	"\306t\357\236\216u\306'\030sm\317x\207\016W2\346t\315"
 298      8E75C627 
 298      18736DCF 
 298      78870E57 
 298      32E674CD 
 299 02f9 DC792DAE 		.ascii	"\334y-\256g\314\316\230\376F-n\342l\226\306\253li\364"
 299      67CCCE98 
 299      FE462D6E 
 299      E26C96C6 
 299      AB6C69F4 
 300 030d 1D9CCFD4 		.ascii	"\035\234\317\324P\226L\224;\361\272\341\2669\303\032"
 300      50964C94 
 300      3BF1BAE1 
 300      B639C31A 
 301 031d CFE6B8F3 		.ascii	"\317\346\270\363/\223x6\203\327\015\242\327\257\212"
 301      2F937836 
 301      83D70DA2 
 301      D7AF8A
 302 032c 4E47AC74 		.ascii	"NG\254t\272\011\234~\225w\272\021:/\262p\236{R\263\305"
 302      BA099C7E 
 302      9577BA11 
 302      3A2FB270 
 302      9E7B52B3 
 303 0341 49C8E515 		.ascii	"I\310\345\025\203Ze\006\361\213$\361E\002\241\005 \\"
 303      835A6506 
 303      F18B24F1 
 303      4502A105 
 303      205C
 304 0353 1021344B 		.ascii	"\020!4K\026I\346XD\236\223u\242\242\331D\265\201\374"
 304      1649E658 
 304      449E9375 
 304      A2A2D944 
 304      B581FC
 305 0366 7951BE05 		.ascii	"yQ\276\005=\025\363%Y\314(\365\354\3034\027|\215\305"
 305      3D15F325 
 305      59CC28F5 
 305      ECC33417 
 305      7C8DC5
 306 0379 2E33617F 		.ascii	".3a\177\276\023\235%g\302\266\017ON8\343\233\354\331"
 306      BE139D25 
 306      67C2B60F 
 306      4F4E38E3 
 306      9BECD9
 307 038c F996CBC3 		.ascii	"\371\226\313\303\210\315(G\370\264\241\213M.T\366\247"
 307      88CD2847 
 307      F8B4A18B 
 307      4D2E54F6 
 307      A7
 308 039d 848DCDA9 		.ascii	"\204\215\315\251=\357\202o1\331+\017*\314j<E\031n\327"
 308      3DEF826F 
 308      31D92B0F 
 308      2ACC6A3C 
 308      45196ED7 
ARM GAS  C:\cygwin\tmp\cceqSbqN.s 			page 24


 309 03b1 E5BE2525 		.ascii	"\345\276%%\362\322Q\354\013y\031\233\303\001{7\322\241"
 309      F2D251EC 
 309      0B79199B 
 309      C3017B37 
 309      D2A1
 310 03c3 4E11FBE7 		.ascii	"N\021\373\347:\006}\273\010\035}\361\242\010\276\013"
 310      3A067DBB 
 310      081D7DF1 
 310      A208BE0B 
 311 03d3 C07FAEE3 		.ascii	"\300\177\256\343\245A\357#\363\371\355\356\330\202Y"
 311      A541EF23 
 311      F3F9EDEE 
 311      D88259
 312 03e2 619CDE52 		.ascii	"a\234\336R\247\303\031\214\271\177\2521\305\035g3ft"
 312      A7C3198C 
 312      B97FAA31 
 312      C51D6733 
 312      6674
 313 03f4 6AF49A1B 		.ascii	"j\364\232\033\316eL\374\235\332A7\234\317\230\246\301"
 313      CE654CFC 
 313      9DDA4137 
 313      9CCF98A6 
 313      C1
 314 0405 B9691D45 		.ascii	"\271i\035E\377\014a\323O\017E\352p\021{\326\023\273"
 314      FF0C61D3 
 314      4F0F45EA 
 314      70117BD6 
 314      13BB
 315 0417 F588061F 		.ascii	"\365\210\006\037gL\362l\363yw*\370#\302\346\247%\227"
 315      674CF26C 
 315      F379772A 
 315      F823C2E6 
 315      A72597
 316 042a 6970197B 		.ascii	"ip\031{v\2571\177\220\303\225\214\021\252\215\216V\033"
 316      76AF317F 
 316      90C3958C 
 316      11AA8D8E 
 316      561B
 317 043c 9799DCAA 		.ascii	"\227\231\334\2524\035\362d\177\253<\275<-\340\332\344"
 317      341DF264 
 317      7FAB3CBD 
 317      3C2DE0DA 
 317      E4
 318 044d E2AEEC3F 		.ascii	"\342\256\354?\304E\2323\177D\003\320\003\001\270\213"
 318      C4459A33 
 318      7F4403D0 
 318      0301B88B 
 319 045d 56896EFE 		.ascii	"V\211n\376\334CAg\014\234$\342\226C\271\252\206uT\264"
 319      DC434167 
 319      0C9C24E2 
 319      9643B9AA 
 319      867554B4 
 320 0471 DF5EB40F 		.ascii	"\337^\264\017\331\311\246Xe\007\354e\007\251\354\277"
 320      D9C9A658 
 320      6507EC65 
 320      07A9ECBF 
 321 0481 5A450F58 		.ascii	"ZE\017XEo\332\213^\261W\233l\225\275!/+\252M\265\212"
ARM GAS  C:\cygwin\tmp\cceqSbqN.s 			page 25


 321      456FDA8B 
 321      5EB1579B 
 321      6C95BD21 
 321      2F2BAA4D 
 322 0497 0EDB8BDE 		.ascii	"\016\333\213\336\262\023\335c\025\275.\033\003*\271"
 322      B213DD63 
 322      15BD2E1B 
 322      032AB9
 323 04a6 97161CB3 		.ascii	"\227\026\034\263\371C\223\002u\300\343\253\344\3615"
 323      F9439302 
 323      75C0E3AB 
 323      E4F135
 324 04b5 5E1E5201 		.ascii	"^\036R\001\335\207\254\230@\236\3506\320\035\2401\240"
 324      DD87AC98 
 324      409EE836 
 324      D01DA031 
 324      A0
 325 04c6 49A011A0 		.ascii	"I\240\021\240Q\240{@\343\310\223f\0265{\330jvH>F\314"
 325      51A07B40 
 325      E3C89366 
 325      16357BD8 
 325      6A76483E 
 326 04dc 7192A9FD 		.ascii	"q\222\251\375\023\321*3\"2\012>\355\370?\242\250\377"
 326      13D12A33 
 326      22320A3E 
 326      EDF83FA2 
 326      A8FF
 327 04ee 60EE459D 		.ascii	"`\356E\235\231W\325+?5\324\005\310\213\221\250\230L"
 327      9957D52B 
 327      3F35D405 
 327      C88B91A8 
 327      984C
 328 0500 279D34B1 		.ascii	"'\2354\261\245\302\0124\205t\374f?\026\035\365\007<"
 328      A5C20A34 
 328      8574FC66 
 328      3F161DF5 
 328      073C
 329 0512 42B309D7 		.ascii	"B\263\011\327\355\330\273\011A\332\354\345\213.\211"
 329      EDD8BB09 
 329      41DAECE5 
 329      8B2E89
 330 0521 81D5403B 		.ascii	"\201\325@;X\234\346c\360\020b0#\361qr\241\251l3K1\320"
 330      589CE663 
 330      F0106230 
 330      23F17172 
 330      A1A96C33 
 331 0538 8C1EF0A2 		.ascii	"\214\036\360\2422\341\245^vG\021/\247WxI\016(\011C["
 331      32E1A55E 
 331      7647112F 
 331      A7577849 
 331      0E280943 
 332 054d 9DF138CB 		.ascii	"\235\3618\313\356\276\262s\323\032<\305\230\003\305"
 332      EEBEB273 
 332      D31A3CC5 
 332      9803C5
 333 055c 73B35A3C 		.ascii	"s\263Z<\317\230\206\274\224\377\304\341J\322V\016\035"
 333      CF9886BC 
ARM GAS  C:\cygwin\tmp\cceqSbqN.s 			page 26


 333      94FFC4E1 
 333      4AD2560E 
 333      1D
 334 056d 2A2E7347 		.ascii	"*.sG^\036\036\264P\305\300:_\204\0325\217\260\344\350"
 334      5E1E1EB4 
 334      50C5C03A 
 334      5F841A35 
 334      8FB0E4E8 
 335 0581 9304FD73 		.ascii	"\223\004\375s\037\220\007\320t\246\2372{\377\002\270"
 335      1F9007D0 
 335      74A69F32 
 335      7BFF02B8 
 336 0591 451E29D0 		.ascii	"E\036)\320\023@\376\230\325\252\301\370\251mNZ^:\346"
 336      1340FE98 
 336      D5AAC1F8 
 336      A96D4E5A 
 336      5E3AE6
 337 05a4 FBA493B6 		.ascii	"\373\244\223\266'\305\350l\002\277\004`\304\300/[\003"
 337      27C5E86C 
 337      02BF0460 
 337      C4C02F5B 
 337      03
 338 05b5 7F75686F 		.ascii	"\177uho\035\302[\251\017\350z~\347Y\214w1\246\345jR"
 338      1DC25BA9 
 338      0FE87A7E 
 338      E7598C77 
 338      31A6E56A 
 339 05ca 942B4EA0 		.ascii	"\224+N\240\014wuq\353*\371\223\312\026\316\321I%\232"
 339      0C777571 
 339      EB2AF993 
 339      CA16CED1 
 339      49259A
 340 05dd 9D542239 		.ascii	"\235T\"9-\212\340V\236T\310\356\367\340\372\021\035"
 340      2D8AE056 
 340      9E54C8EE 
 340      F7E0FA11 
 340      1D
 341 05ee 4E61F68E 		.ascii	"Na\366\216\014\266\306\271\322\"\373s\302\036\212\236"
 341      0CB6C6B9 
 341      D222FB73 
 341      C21E8A9E 
 342 05fe 5950E22C 		.ascii	"YP\342,f\276dW_\024\226\267\277\315\201}\313\001\214"
 342      66BE6457 
 342      5F1496B7 
 342      BFCD817D 
 342      CB018C
 343 0611 500CD88E 		.ascii	"P\014\330\216\226\267=p\247&[\211\013\230\355\276\331"
 343      96B73D70 
 343      A7265B89 
 343      0B98EDBE 
 343      D9
 344 0622 BE7A35B5 		.ascii	"\276z5\265\275\216\026\364\316\356%g\\\302\236u\344"
 344      BD8E16F4 
 344      CEEE2567 
 344      5CC29E75 
 344      E4
 345 0633 B659DC71 		.ascii	"\266Y\334q\025c\272\272\317\246\250\361Y\306\034\033"
ARM GAS  C:\cygwin\tmp\cceqSbqN.s 			page 27


 345      1563BABA 
 345      CFA6A8F1 
 345      59C61C1B 
 346 0643 BBBE0637 		.ascii	"\273\276\00671\204\3113\267.\"\207\373\337^N~\377\263"
 346      3184C933 
 346      B72E2287 
 346      FBDF5E4E 
 346      7EFFB3
 347 0656 A402C858 		.ascii	"\244\002\310X\000\271\207[\271\227\201\205\224\033\331"
 347      00B9875B 
 347      B9978185 
 347      941BD9
 348 0665 A93ADC49 		.ascii	"\251:\334IM\250\026\267\366\366j\241\254>\357\351\351"
 348      4DA816B7 
 348      F6F66AA1 
 348      AC3EEFE9 
 348      E9
 349 0676 652111AE 		.ascii	"e!\021\2569Q\374\323\212\343\346\332-\230\036\\v\201"
 349      3951FCD3 
 349      8AE3E6DA 
 349      2D981E5C 
 349      7681
 350 0688 8E04EE79 		.ascii	"\216\004\356y\271|'\342\226\305\034R\001\210\344N\307"
 350      B97C27E2 
 350      96C51C52 
 350      0188E44E 
 350      C7
 351 0699 9271328B 		.ascii	"\222q2\213NA\205\311\212K\002?\366q\236(\036(\021h?"
 351      4E4185C9 
 351      8A4B023F 
 351      F6719E28 
 351      1E281168 
 352 06ae 27A93047 		.ascii	"'\2510Gi\205!\336\304=\025\011\224\220\306VZB`[\333"
 352      698521DE 
 352      C43D1509 
 352      9490C656 
 352      5A42605B 
 353 06c3 ED58942E 		.ascii	"\355X\224.\322{\276\316\344\371\312%z8\2743\336\011"
 353      D27BBECE 
 353      E4F9CA25 
 353      7A38BC33 
 353      DE09
 354 06d5 2FB39958 		.ascii	"/\263\231X\312\330Y\205p\244\023e\006\212F\3068\034"
 354      CAD85985 
 354      70A41365 
 354      068A46C6 
 354      381C
 355 06e7 C798A4D6 		.ascii	"\307\230\244\326]\355:\234\316\230\343\031Ye\032:\315"
 355      5DED3A9C 
 355      CE98E319 
 355      59651A3A 
 355      CD
 356 06f8 1FD23D2C 		.ascii	"\037\322=,:\361*\207\363\331\263\003\215=\356\270\232"
 356      3AF12A87 
 356      F3D9B303 
 356      8D3DEEB8 
 356      9A
ARM GAS  C:\cygwin\tmp\cceqSbqN.s 			page 28


 357 0709 B577D5F7 		.ascii	"\265w\325\367_q\302-N6y\251cy\231\333}\355\202\032w"
 357      5F71C22D 
 357      4E3679A9 
 357      637999DB 
 357      7DED821A 
 358 071e 39D9E48D 		.ascii	"9\331\344\215\216\345MJ\377\314\200\006\367\262g\011"
 358      8EE54D4A 
 358      FFCC8006 
 358      F7B26709 
 359 072e D587E298 		.ascii	"\325\207\342\23013\345kJ\352/j\360\030{\030q'\331\202"
 359      3133E56B 
 359      4AEA2F6A 
 359      F0187B18 
 359      7127D982 
 360 0742 F07DC6DC 		.ascii	"\360}\306\334\332z<E\211g\031\263?/eA\205\227\031\023"
 360      DA7A3C45 
 360      896719B3 
 360      3F2F6541 
 360      85971913 
 361 0756 BFBBB754 		.ascii	"\277\273\267T\207\243U\224\351=\033qM\211w3&\274\266"
 361      87A35594 
 361      E93D1B71 
 361      4D897733 
 361      26BCB6
 362 0769 A09D597E 		.ascii	"\240\235Y~\217n\325\347\022f\\p\022{\026\031Ys\336\011"
 362      8F6ED5E7 
 362      12665C70 
 362      127B1619 
 362      5973DE09 
 363 077d 67A86C7C 		.ascii	"g\250l|\326Q\237\177\0217~0\001C\022\351<\275V\255\362"
 363      D6519F7F 
 363      11377E30 
 363      014312E9 
 363      3CBD56AD 
 364 0792 82FDD96B 		.ascii	"\202\375\331k\025l\321\236\272U\244I\367\353U\360\214"
 364      156CD19E 
 364      BA55A449 
 364      F7EB55F0 
 364      8C
 365 07a3 6CDBA403 		.ascii	"l\333\244\003\376\350\204u\347\262\011#\223\233\011"
 365      FEE88475 
 365      E7B20923 
 365      939B09
 366 07b2 33D6CC49 		.ascii	"3\326\314I\312j\006g\273oN\366TL\256\217\247e\270\216"
 366      CA6A0667 
 366      BB6F4EF6 
 366      544CAE8F 
 366      A765B88E 
 367 07c6 83830BC8 		.ascii	"\203\203\013\310\227r\362{\247\264"
 367      9772F27B 
 367      A7B4
 368 07d0 424965E0 		.ascii	"BIe\340\005\210\323Y\313z\315\211\231\177\256(4\327"
 368      0588D359 
 368      CB7ACD89 
 368      997FAE28 
 368      34D7
 369 07e2 86635A4C 		.ascii	"\206cZL\242x\000|\001`\273\327VNH\231\311\203U\023\272"
ARM GAS  C:\cygwin\tmp\cceqSbqN.s 			page 29


 369      A278007C 
 369      0160BBD7 
 369      564E4899 
 369      C9835513 
 370 07f7 4633D4D7 		.ascii	"F3\324\327z\020:,.\254\032n\025\313\036\351\346\232"
 370      7A103A2C 
 370      2EAC1A6E 
 370      15CB1EE9 
 370      E69A
 371 0809 C579D04D 		.ascii	"\305y\320M\013e\3630I\232_\2074\357\200\364>\006t\232"
 371      0B65F330 
 371      499A5F87 
 371      34EF80F4 
 371      3E06749A 
 372 081d 4F71E9A0 		.ascii	"Oq\351\240Z\200YG\006\235\004\301f~P'\264\313a\300Y"
 372      5A805947 
 372      069D04C1 
 372      667E5027 
 372      B4CB61C0 
 373 0832 A08B4067 		.ascii	"\240\213@g\200\032\200.\003]\000\272\004t\002\250\035"
 373      801A802E 
 373      035D00BA 
 373      047402A8 
 373      1D
 374 0843 A816E814 		.ascii	"\250\026\350\024P\033\320U\240b\240F\240k@-\274A\232"
 374      501BD055 
 374      A062A046 
 374      A06B402D 
 374      BC419A
 375 0856 FECB2667 		.ascii	"\376\313&gT\006\006\352%gc\301\015\022\233\342\232\023"
 375      540606EA 
 375      256763C1 
 375      0D129BE2 
 375      9A13
 376 0868 4F5E4A36 		.ascii	"O^J6[\352\021\215\365Yd77\266\013\317r3\213,QA\362\312"
 376      5BEA118D 
 376      F5596437 
 376      37B60BCF 
 376      72338B2C 
 377 0880 5324276C 		.ascii	"S$'l$k\344%i\270{*\212C#\240\3167\201L\256\030\355R"
 377      246BE425 
 377      69B87B2A 
 377      8A4323A0 
 377      CE37814C 
 378 0898 DB68DB6D 		.ascii	"\333h\333m\343\347!XW\370\300uC\273B,$\244\256\015\377"
 378      E3E72158 
 378      57F8C075 
 378      43BB422C 
 378      24A4AE0D 
 379 08ad 8CAF6BD5 		.ascii	"\214\257k\325 s\310>\341nI\316+L\273\205jO\201\271$"
 379      2073C83E 
 379      E16E49CE 
 379      2B4CBB85 
 379      6A4F81B9 
 380 08c2 C9855239 		.ascii	"\311\205R9\006\231h\357\002\355\225\020\326s\222R\005"
 380      069968EF 
 380      02ED9510 
ARM GAS  C:\cygwin\tmp\cceqSbqN.s 			page 30


 380      D6739252 
 380      05
 381 08d3 98E7F80C 		.ascii	"\230\347\370\014m\005\017\217\312g\2505\243i\245\025"
 381      6D050F8F 
 381      CA67A835 
 381      A369A515 
 382 08e3 10916295 		.ascii	"\020\221b\225,\217hEJ\227\331\2444]\01448\322\\\262"
 382      2C8F6845 
 382      4A97D9A4 
 382      345D0C34 
 382      38D25CB2 
 383 08f7 822E01A0 		.ascii	"\202.\001\240O\001m\266\354\244\365\233\234h\036\331"
 383      4F016DB6 
 383      ECA4F59B 
 383      9C681ED9 
 384 0907 4FB3FDD1 		.ascii	"O\263\375\321\265\177\333\005\266`\211\315s\262I!9\347"
 384      B57FDB05 
 384      B66089CD 
 384      73B24921 
 384      39E7
 385 0919 DEB5CEF5 		.ascii	"\336\265\316\3659\331\271\026O\206\260\266\212u\015"
 385      39D9B916 
 385      4F86B0B6 
 385      8A750D
 386 0928 646D9189 		.ascii	"dm\221\2119 \316\366\025iRB\270\346^\256d\341\202\223"
 386      3920CEF6 
 386      15695242 
 386      B8E65EAE 
 386      64E18293 
 387 093c 0632DB87 		.ascii	"\0062\333\207\313\376P\276;G\0000k\217\265\317Nt\224"
 387      CBFE50BE 
 387      3B470030 
 387      6B8FB5CF 
 387      4E7494
 388 094f 6E32501D 		.ascii	"n2P\035P\236\275\326|\316v\227\331\221\303b@\336\025"
 388      509EBDD6 
 388      7CCE7697 
 388      D991C362 
 388      40DE15
 389 0962 2FCB476C 		.ascii	"/\313Gl\305Y\333Z\016\252`\006\376\327\345\340\014o"
 389      C559DB5A 
 389      0EAA6006 
 389      FED7E5E0 
 389      0C6F
 390 0974 E5FFA31C 		.ascii	"\345\377\243\034P\227\026\304\215\263\320\336\375\""
 390      509716C4 
 390      8DB3D0DE 
 390      FD22
 391 0982 4E36079B 		.ascii	"N6\007\233lr\260U,\253\375\0259\255.\346\244u\364*)"
 391      6C72B055 
 391      2CABFD15 
 391      39AD2EE6 
 391      A475F42A 
 392 0997 5CAEA68A 		.ascii	"\\\256\246\212\013\300r\3725\260J\352\251\205\027\264"
 392      0BC072FA 
 392      35B04AEA 
 392      A98517B4 
ARM GAS  C:\cygwin\tmp\cceqSbqN.s 			page 31


 393 09a7 A66D9A5D 		.ascii	"\246m\232]\324\367H2oN~6\245+\327\256.\034\344\260\243"
 393      D4F74832 
 393      6F4E7E36 
 393      A52BD7AE 
 393      2E1CE4B0 
 394 09bc BA10D17F 		.ascii	"\272\020\321\177\221\007LNu\333\345\000\357\340\004"
 394      91074C4E 
 394      75DBE500 
 394      EFE004
 395 09cb C0C53D15 		.ascii	"\300\305=\025\2438\234\326E\202:\207_\341V\324\266G"
 395      A3389CD6 
 395      45823A87 
 395      5FE156D4 
 395      B647
 396 09dd 23A8A2F9 		.ascii	"#\250\242\371^\254\212\222\343Q\272\374\016')\2164\011"
 396      5EAC8A92 
 396      E351BAFC 
 396      0E27298E 
 396      3409
 397 09ef 495E15C8 		.ascii	"I^\025\310'\241\344]j\211\276e\220\242m{\204\241\307"
 397      27A1E45D 
 397      6A89BE65 
 397      90A26D7B 
 397      84A1C7
 398 0a02 BF712744 		.ascii	"\277q'D\267%\231G7\340\321\025\331G\340\3330&\227&\245"
 398      B7259947 
 398      37E0D115 
 398      D947E0DB 
 398      30269726 
 399 0a17 2B1E93FD 		.ascii	"+\036\223\375~\241jYK\356\246\251+\177\2477P\217\352"
 399      7EA16A59 
 399      4BEEA6A9 
 399      2B7FA737 
 399      508FEA
 400 0a2a 1A6A10ED 		.ascii	"\032j\020\355#\263\322\303\321\316cwzc]^J\340g\341\031"
 400      23B3D2C3 
 400      D1CE6377 
 400      7A635D5E 
 400      4AE067E1 
 401 0a3f 25951733 		.ascii	"%\225\0273\345&\367\022\374\177\203S2\265]\335U\323"
 401      E526F712 
 401      FC7F8353 
 401      32B55DDD 
 401      55D3
 402 0a51 184FB233 		.ascii	"\030O\2623E\313\245\312>\227\325\207\315\226\342\311"
 402      45CBA5CA 
 402      3E97D587 
 402      CD96E2C9 
 403 0a61 85AA6AD7 		.ascii	"\205\252j\327D\250\244\260U-\277BG\241^kYP\2206\005"
 403      44A8A4B0 
 403      552DBF42 
 403      47A15E6B 
 403      59509036 
 404 0a76 86FAB8D5 		.ascii	"\206\372\270\3250p\266j\366\224Zj\223\340\021m\366S"
 404      3070B66A 
 404      F6945A6A 
 404      93E0116D 
ARM GAS  C:\cygwin\tmp\cceqSbqN.s 			page 32


 404      F653
 405 0a88 9B7FE74D 		.ascii	"\233\177\347M\306E?ht\306\373\325\354\242\254\264\343"
 405      C6453F68 
 405      74C6FBD5 
 405      ECA2ACB4 
 405      E3
 406 0a99 813B35D9 		.ascii	"\201;5\331?7t\0362\314\\\273\274\374\001\035\202\006"
 406      3F37741E 
 406      32CC5CBB 
 406      BCFC011D 
 406      8206
 407 0aab 24060704 		.ascii	"$\006\007\004\203\203\324\340\367Gc\210E#\273\376x\273"
 407      8383D4E0 
 407      F7476388 
 407      4523BBFE 
 407      78BB
 408 0abd 0D32C915 		.ascii	"\0152\311\025\014\324w\012lX\010FI\303\243>7la\310\012"
 408      0CD4770A 
 408      6C580846 
 408      49C3A33E 
 408      376C61C8 
 409 0ad2 EA960A10 		.ascii	"\352\226\012\020Cv\344\234\241v\213\371\311\3622\246"
 409      4376E49C 
 409      A1768BF9 
 409      C9F232A6 
 410 0ae2 43D06D09 		.ascii	"C\320m\011\260\333\002\260\021\012\354\330\334\351\036"
 410      B0DB02B0 
 410      110AECD8 
 410      DCE91E
 411 0af1 270AE298 		.ascii	"'\012\342\230\025\330`\302\265\030w\207\030\306(\206"
 411      15D860C2 
 411      B5187787 
 411      18C62886 
 412 0b01 5101C3BE 		.ascii	"Q\001\303\276\301\342\036'\\\3000\034\033\237l\325\002"
 412      C1E21E27 
 412      5CC0301C 
 412      1B9F6CD5 
 412      02
 413 0b12 867EB255 		.ascii	"\206~\262U\225\177\220t\334\\Oq D\206\241;\022\034w"
 413      957F9074 
 413      DC5C4F71 
 413      204486A1 
 413      3B121C77 
 414 0b26 041CE314 		.ascii	"\004\034\343\024GT\345\316zwk0\030\216\366\374\205\022"
 414      4754E5CE 
 414      7A776B30 
 414      188EF6FC 
 414      8512
 415 0b38 EC7896EE 		.ascii	"\354x\226\356R \023\002\220\205\370\251|-\256b@\242"
 415      52201302 
 415      9085F8A9 
 415      7C2DAE62 
 415      40A2
 416 0b4a 2D491D6E 		.ascii	"-I\035n\024H\377\335\242\013:\2130M0\006\335\223\240"
 416      1448FFDD 
 416      A20B3A8B 
 416      304D3006 
ARM GAS  C:\cygwin\tmp\cceqSbqN.s 			page 33


 416      DD93A0
 417 0b5d B827A0B8 		.ascii	"\270'\240\270OQ\354\3346\273]\215/0\035W\227\227\222"
 417      4F51ECDC 
 417      36BB5D8D 
 417      2F301D57 
 417      979792
 418 0b70 754CC7DC 		.ascii	"uL\307\334\236\363\242\016\022\321I\211\216IA\307\024"
 418      9EF3A20E 
 418      12D14989 
 418      8E4941C7 
 418      14
 419 0b81 D511579D 		.ascii	"\325\021W\235\026\341\314\316\333/\320\327\200\243Q"
 419      16E1CCCE 
 419      DB2FD0D7 
 419      80A351
 420 0b90 53ECCEBB 		.ascii	"S\354\316\273\215^\332m\355.7\340\016f\342d\335\314"
 420      8D5EDA6D 
 420      ED2E37E0 
 420      0E66E264 
 420      DDCC
 421 0ba2 B3B89FB5 		.ascii	"\263\270\237\265\253\346\312r\334\350\270~v`\256\036"
 421      ABE6CA72 
 421      DCE8B87E 
 421      7660AE1E 
 422 0bb2 7DC86EBD 		.ascii	"}\310n\275^\246'\365\305\307\303n\370\016\223\255\310"
 422      5EA627F5 
 422      C5C7C36E 
 422      F80E93AD 
 422      C8
 423 0bc3 3A99EB8A 		.ascii	":\231\353\212g\031\023\2278r\334\015G9Sf[n\323\220\016"
 423      67191397 
 423      3872DC0D 
 423      47395366 
 423      5B6ED390 
 424 0bd8 EF624CC5 		.ascii	"\357bL\305\361\322\024\016\357c\314HxZ\212\033>\300"
 424      F1D2140E 
 424      EF63CC48 
 424      785A8A1B 
 424      3EC0
 425 0bea 9873FBC6 		.ascii	"\230s\373\306\376\202\323Y\273}\360j\266+>J\031\347"
 425      FE82D359 
 425      BB7DF06A 
 425      B62B3E4A 
 425      19E7
 426 0bfc 33975BEF 		.ascii	"3\227[\357k\020;v{\262C\367|\223XI\027\301\357p,\277"
 426      6B103B76 
 426      7BB243F7 
 426      7C935849 
 426      17C1EF70 
 427 0c12 2F4AB7A2 		.ascii	"/J\267\242GP\340f\241\004\241y~\000)\244\321\330\013"
 427      4750E066 
 427      A104A179 
 427      7E0029A4 
 427      D1D80B
 428 0c25 6DC59E28 		.ascii	"m\305\236(\012(\002\310\014\264\005(\022\213\247\213"
 428      0A2802C8 
 428      0CB40528 
ARM GAS  C:\cygwin\tmp\cceqSbqN.s 			page 34


 428      128BA78B 
 429 0c35 FE7B79CC 		.ascii	"\376{y\314\0329_<\261\267\266\342|\261(\301\266l/m\277"
 429      1A395F3C 
 429      B1B7B6E2 
 429      7CB128C1 
 429      B66C2F6D 
 430 0c4a BD2FE409 		.ascii	"\275/\344\011\333\373\222\274\033\022\305\023y\342\246"
 430      DBFB92BC 
 430      1B12C513 
 430      79E2A6
 431 0c59 FD581E86 		.ascii	"\375X\036\206\370F;\376\013~WZ\340%e\352;-\302wv\220"
 431      F8463BFE 
 431      0B7E575A 
 431      E02565EA 
 431      3B2DC277 
 432 0c6f 220C122B 		.ascii	"\"\014\022+\352%7\334Z\325\241B^\253\370\343\315\021"
 432      EA2537DC 
 432      5AD5A142 
 432      5EABF8E3 
 432      CD11
 433 0c81 D71A72BC 		.ascii	"\327\032r\274\331\006\312\346\304\343\015\031\271b\333"
 433      D906CAE6 
 433      C4E30D19 
 433      B962DB
 434 0c90 B7C63A06 		.ascii	"\267\306:\006\342\373Cc\015\363~#\263\363\244\022\227"
 434      E2FB4363 
 434      0DF37E23 
 434      B3F3A412 
 434      97
 435 0ca1 B024C89D 		.ascii	"\260$\310\2359;\201q%c\012O\3246\272\3406\306\234\275"
 435      393B8171 
 435      25630A4F 
 435      D436BAE0 
 435      36C69CBD 
 436 0cb5 DC93A762 		.ascii	"\334\223\247b\227\316\354}\262\251\374\246\226\346\345"
 436      97CEEC7D 
 436      B2A9FCA6 
 436      96E6E5
 437 0cc4 F3F44E3A 		.ascii	"\363\364N:ch\237\006\217\3609V\030\001/\322\263\214"
 437      63689F06 
 437      8FF03956 
 437      18012FD2 
 437      B38C
 438 0cd6 D91F9F70 		.ascii	"\331\037\237pR\203c4\224\031\316\315hr\305\261\214i"
 438      52836334 
 438      9419CECD 
 438      6872C5B1 
 438      8C69
 439 0ce8 3D6C2971 		.ascii	"=l)q\307I\224\341\356\026\306\225\012_\200\364\217\377"
 439      C74994E1 
 439      EE16C695 
 439      0A5F80F4 
 439      8FFF
 440 0cfa 055EB3B1 		.ascii	"\005^\263\261\026\305\343\037z\247\276\017\313\336\251"
 440      16C5E31F 
 440      7AA7BE0F 
 440      CBDEA9
ARM GAS  C:\cygwin\tmp\cceqSbqN.s 			page 35


 441 0d09 67B4D794 		.ascii	"g\264\327\224\"\234\316\354\325_*\337\317*\355\347B"
 441      229CCEEC 
 441      D55F2ADF 
 441      CF2AEDE7 
 441      42
 442 0d1a 6D993D7D 		.ascii	"m\231=}nJ\345\260\306%aRZ\0221_Z\252z\247\23348\217"
 442      6E4AE5B0 
 442      C6256152 
 442      5A12315F 
 442      5AAA7AA7 
 443 0d32 29CB8F3F 		.ascii	")\313\217?Y\353bs\247\005\322\222\261\007\260xI\316"
 443      59EB6273 
 443      A705D292 
 443      B107B078 
 443      49CE
 444 0d44 E5B71F49 		.ascii	"\345\267\037IpA:/G\342\350\020\300\027G\320\030\024"
 444      70413A2F 
 444      47E2E810 
 444      C01747D0 
 444      1814
 445 0d56 45C29B3A 		.ascii	"E\302\233::\010\235\311b\024@\306\272\265\246\317\304"
 445      3A089DC9 
 445      621440C6 
 445      BAB5A6CF 
 445      C4
 446 0d67 57B8E012 		.ascii	"W\270\340\022\006\347h\177\352\274\033\256\246\214\266"
 446      06E7687F 
 446      EABC1BAE 
 446      A68CB6
 447 0d76 E65EF89B 		.ascii	"\346^\370\233\210\275I\2237k\252\256:\3439Pg\201\274"
 447      88BD4993 
 447      376BAAAE 
 447      3AE33950 
 447      6781BC
 448 0d89 D823AA4B 		.ascii	"\330#\252K\227K\244]\330\003\355\306\344\275\005@\245"
 448      974BA45D 
 448      D803EDC6 
 448      E4BD0540 
 448      A5
 449 0d9a F3897404 		.ascii	"\363\211t\004\332i\22089@\031@\231@YX\362\016\003\207"
 449      DA699038 
 449      39401940 
 449      99405958 
 449      F20E0387 
 450 0dae ECD7F943 		.ascii	"\354\327\371Cv6`\336\013F\322\361\367^&[m\305\362\362"
 450      763660DE 
 450      0B46D2F1 
 450      F75E265B 
 450      6DC5F2F2 
 451 0dc2 3FC456FF 		.ascii	"?\304V\377\021~U\222\024\331oo\310\376.<\227.w\022\307"
 451      117E5592 
 451      14D96F6F 
 451      C8FE2E3C 
 451      972E7712 
 452 0dd7 147951C9 		.ascii	"\024yQ\311r\317k\262\036h\017\333\013KJ\234t\032-Xz"
 452      72CF6BB2 
 452      1E680FDB 
ARM GAS  C:\cygwin\tmp\cceqSbqN.s 			page 36


 452      0B4B4A9C 
 452      741A2D58 
 453 0dec A0CDC6D6 		.ascii	"\240\315\306\326\003\255%\225\032&\301\210\223\015\206"
 453      03AD2595 
 453      1A26C188 
 453      930D86
 454 0dfb E4549642 		.ascii	"\344T\226B\013B\272LA@q\365\215'9|\206N\254jv\2562\331"
 454      0B42BA4C 
 454      414071F5 
 454      8D27397C 
 454      864EAC6A 
 455 0e13 9D956556 		.ascii	"\235\225eV\224\257K\"\221\013V\362\034\271'\373V\261"
 455      94AF4B22 
 455      910B56F2 
 455      1CB927FB 
 455      56B1
 456 0e25 931F4182 		.ascii	"\223\037A\202^\004A/\204@\347\003\025\000\035\225\006"
 456      5E04412F 
 456      8440E703 
 456      15001D95 
 456      06
 457 0e36 BC818F8B 		.ascii	"\274\201\217\213\340L\236\003g\330\271\330nvd0\211\347"
 457      E04C9E03 
 457      67D8B9D8 
 457      6E766430 
 457      89E7
 458 0e48 F31A89E6 		.ascii	"\363\032\211\346\275\262\232\305\262y\212F)O\256l\316"
 458      BDB29AC5 
 458      B2798A46 
 458      294FAE6C 
 458      CE
 459 0e59 8E171628 		.ascii	"\216\027\026(\305\262\231\351\326E\312\3461P\266C\314"
 459      C5B299E9 
 459      D645CAE6 
 459      3150B643 
 459      CC
 460 0e6a F63CB96C 		.ascii	"\366<\271l\267\006\243\030\002\360}\301 \227j}c\323"
 460      B706A318 
 460      02F07DC1 
 460      20976A7D 
 460      63D3
 461 0e7c 4A7C89AD 		.ascii	"J|\211\255\272\214\245\324\"g|\2151\265\267\242:\\\361"
 461      BA8CA5D4 
 461      22677C8D 
 461      31B5B7A2 
 461      3A5CF1
 462 0e8f 2DBED60C 		.ascii	"-\276\326\0146\357\320\220\362\020\371}W\336\373\313"
 462      36EFD090 
 462      F210F97D 
 462      57DEFBCB 
 463 0e9f F31F6AF0 		.ascii	"\363\037j\360C:\014_n\313\354r\206\011\206\331\335\022"
 463      433A0C5F 
 463      6ECBEC72 
 463      860986D9 
 463      DD12
 464 0eb1 096B6AF2 		.ascii	"\011kj\362\235f\266\246J!>e\340J\371\323\326\224\335"
 464      9D66B6A6 
ARM GAS  C:\cygwin\tmp\cceqSbqN.s 			page 37


 464      4A213E65 
 464      E04AF9D3 
 464      D694DD
 465 0ec4 DB4B092F 		.ascii	"\333K\011/O<\252\000\217Nb\311U\316\316]$\230\345r\301"
 465      4F3CAA00 
 465      8F4E62C9 
 465      55CECE5D 
 465      2498E572 
 466 0ed9 EC1A2ECF 		.ascii	"\354\032.\317\347\320*\371o<\252@\221#\245\020\371r"
 466      E7D02AF9 
 466      6F3CAA40 
 466      9123A510 
 466      F972
 467 0eeb 37FA3E5E 		.ascii	"7\372>^I`\212\221/\027\"\017\376.oinCx\231\205)\241"
 467      49608A91 
 467      2F17220F 
 467      FE2E6F69 
 467      6E437899 
 468 0f02 2DFF9A1A 		.ascii	"-\377\232\032Gj)\323\326\331\226\200\360n\306\364e\337"
 468      476A29D3 
 468      D6D99680 
 468      F06EC6F4 
 468      65DF
 469 0f14 5856E254 		.ascii	"XV\342T\312p\003\263\015\023\222o\307\207\350M~\035"
 469      CA7003B3 
 469      0D13926F 
 469      C787E84D 
 469      7E1D
 470 0f26 E4D7E91F 		.ascii	"\344\327\351\037\274A\324\312o\020\371#'\256c\234C\315"
 470      BC41D4CA 
 470      6F10F923 
 470      27AE639C 
 470      43CD
 471 0f38 E0A2A2EE 		.ascii	"\340\242\242\356\377p\364U\017\274N\363^\237\003Mg\245"
 471      FF70F455 
 471      0FBC4EF3 
 471      5E9F034D 
 471      67A5
 472 0f4a A5AFB77B 		.ascii	"\245\257\267{\362\217\374\005#@\252\007Hg\236\222\305"
 472      F28FFC05 
 472      2340AA07 
 472      48679E92 
 472      C5
 473 0f5b 736F3993 		.ascii	"so9\223\347+\303^\327f~\354\304\347p\377\242\012\241"
 473      E72BC35E 
 473      D7667EEC 
 473      C4E770FF 
 473      A20AA1
 474 0f6e 0BA0A546 		.ascii	"\013\240\245Ft\360\014~\352\025\026\240\222CH\276\210"
 474      74F00C7E 
 474      EA1516A0 
 474      924348BE 
 474      88
 475 0f7f 6DDDB10D 		.ascii	"m\335\261\015\341\026\026\327\324\335\307\347\33194"
 475      E11616D7 
 475      D4DDC7E7 
 475      D93934
ARM GAS  C:\cygwin\tmp\cceqSbqN.s 			page 38


 476 0f8e 84B0A7C6 		.ascii	"\204\260\247\306b\253\264\270\215=\3337Y\336\245\301"
 476      62ABB4B8 
 476      8D3DDB37 
 476      59DEA5C1 
 477 0f9e 3D8C     		.ascii	"=\214"
 478 0fa0 996A4939 		.ascii	"\231jI9\353\206\207\2656_\345{\262\257\362\347\243\267"
 478      EB8687B5 
 478      365FE57B 
 478      B2AFF2E7 
 478      A3B7
 479 0fb2 6DD15276 		.ascii	"m\321RvY\370\243\363t1jo\226N\370\332\301\022i~6\374"
 479      59F8A3F3 
 479      74316A6F 
 479      964EF8DA 
 479      C112697E 
 480 0fc8 D8CB923B 		.ascii	"\330\313\222;\2456\300\345\311\317A\013T\376V,\374\362"
 480      A536C0E5 
 480      C9CF410B 
 480      54FE562C 
 480      FCF2
 481 0fda E211FBEA 		.ascii	"\342\021\373\352\377\022\304\257Y\364\330S\374\332\375"
 481      FF12C4AF 
 481      59F4D853 
 481      FCDAFD
 482 0fe9 6669E3A2 		.ascii	"fi\343\242\223c\315W\034i\216\311:L\277\321\277\014"
 482      9363CD57 
 482      1C698EC9 
 482      3A4CBFD1 
 482      BF0C
 483 0ffb 9A9B44CD 		.ascii	"\232\233D\315`"
 483      60
 484 1000 C8AA3A79 		.ascii	"\310\252:y\372z\303S@w8R\275\220\227\363gr\323\330\016"
 484      FA7AC353 
 484      40773852 
 484      BD9097F3 
 484      6772D3D8 
 485 1015 AA2F8AAA 		.ascii	"\252/\212\252/\213\252\221\371\341\325=\356\364\320"
 485      2F8BAA91 
 485      F9E1D53D 
 485      EEF4D0
 486 1024 54EB4AF8 		.ascii	"T\353J\370\236m{#\335h\360\273\330\027\005\307N\317"
 486      9E6D7B23 
 486      DD68F0BB 
 486      D81705C7 
 486      4ECF
 487 1036 B2EFBE69 		.ascii	"\262\357\276i2^_\354\350s\327J~\335\001\017$\011\330"
 487      325E5FEC 
 487      E873D74A 
 487      7EDD010F 
 487      2409D8
 488 1049 4534433A 		.ascii	"E4C:\241NL\305O-\027M\273>\027\313\027\263\325In\024"
 488      A14E4CC5 
 488      4F2D174D 
 488      BB3E17CB 
 488      17B3D549 
 489 105f CA55C078 		.ascii	"\312U\300x\015\023\371n\374\2340\212\210Gm\177\330\256"
 489      0D13F96E 
ARM GAS  C:\cygwin\tmp\cceqSbqN.s 			page 39


 489      FC9C308A 
 489      88476D7F 
 489      D8AE
 490 1071 C3F7D984 		.ascii	"\303\367\331\204\036\273:\332\311\216o\337\221\363\376"
 490      1EBB3ADA 
 490      C98E6FDF 
 490      91F3FE
 491 1080 8E8307E7 		.ascii	"\216\203\007\347\224H\270g\027.\031\177U\021A\213\017"
 491      9448B867 
 491      172E197F 
 491      5511418B 
 491      0F
 492 1091 B9383C05 		.ascii	"\2718<\005\036\366B~Yo\227lo!\314\226\2565P\306\311"
 492      1EF6427E 
 492      596F976C 
 492      6F21CC96 
 492      AE3550C6 
 493 10a6 41753B2F 		.ascii	"Au;/i=\220\312l\375I\2604\037\300\363i\362\374!\307"
 493      693D90CA 
 493      6CFD49B0 
 493      341FC0F3 
 493      69F2FC21 
 494 10bb 0690D41D 		.ascii	"\006\220\324\035\202h\337\204\212\333\0174\010t\003"
 494      8268DF84 
 494      8ADB0F34 
 494      087403
 495 10ca 6800A84F 		.ascii	"h\000\250O\372r\260\353\276\2626i\035\361\017]\347\215"
 495      FA72B0EB 
 495      BEB23669 
 495      1DF10F5D 
 495      E78D
 496 10dc 095EA31E 		.ascii	"\011^\243\036l\003\253\377F\301\237\310\376B\266\202"
 496      6C03ABFF 
 496      46C19FC8 
 496      FE42B682 
 497 10ec E3BCACB5 		.ascii	"\343\274\254\265\344\257\270W\232/ [6Yw\015\274\254"
 497      E4AFB857 
 497      9A2F205B 
 497      3659770D 
 497      BCAC
 498 10fe 757D3562 		.ascii	"u}5b;\331Q*K\012]\265\275l\232\375\255K3-\266\275r\253"
 498      3BD9512A 
 498      4B0A5DB5 
 498      BD6C9AFD 
 498      AD4B332D 
 499 1116 7E34AF25 		.ascii	"~4\257%\007\211;\327\204[%\251\237\267@\335\214x\340"
 499      07893BD7 
 499      845B25A9 
 499      9FB740DD 
 499      8C78E0
 500 1129 EF5DB173 		.ascii	"\357]\261s\331\004p\030\202\366C\003\010s?}p\300\202"
 500      D9047018 
 500      82F64303 
 500      08733F7D 
 500      70C082
 501 113c F1124B84 		.ascii	"\361\022K\204kKi\267u?Ic\357\352\023\377\226\037a\256"
 501      6B4B69B7 
ARM GAS  C:\cygwin\tmp\cceqSbqN.s 			page 40


 501      753F4963 
 501      EFEA13FF 
 501      961F61AE 
 502 1150 4F02C41F 		.ascii	"O\002\304\037,\177@A\334f\211m\265\245 =D\017\032\301"
 502      2C7F4041 
 502      DC66896D 
 502      B5A5203D 
 502      440F1AC1 
 503 1164 3F81E177 		.ascii	"?\201\341w\357\3467r6\307\340z\233\033\276Qv \"\237"
 503      EFE63772 
 503      36C7E07A 
 503      9B1BBE51 
 503      7620229F 
 504 1178 209D7732 		.ascii	" \235w2w\334\325F\372\226\315\361i\214\227\036\243\322"
 504      77DCD546 
 504      FA96CDF1 
 504      698C971E 
 504      A3D2
 505 118a C22F43DC 		.ascii	"\302/C\334\330/C\016t\336\232\3014e\351\013\364\366"
 505      D82F430E 
 505      74DE9AC1 
 505      3465E90B 
 505      F4F6
 506 119c 1DC796D5 		.ascii	"\035\307\226\325\216\027\313\204\260X^\243k\345\360"
 506      8E17CB84 
 506      B0585EA3 
 506      6BE5F0
 507 11ab E8FE031A 		.ascii	"\350\376\003\032~\255X\314\253\021\375:\374\016$\315"
 507      7EAD58CC 
 507      AB11FD3A 
 507      FC0E24CD 
 508 11bb 389DD7BB 		.ascii	"8\235\327\273t\251\3201\224\221|\245\345\306\276\322"
 508      74A9D031 
 508      94917CA5 
 508      E5C6BED2 
 509 11cb 9ACDE81F 		.ascii	"\232\315\350\037G\324\272\232\036\313\242\312\313\331"
 509      47D4BA9A 
 509      1ECBA2CA 
 509      CBD9
 510 11d9 4A561136 		.ascii	"JV\02163sr\277\253c0S\002\230I\266r\357F\216\027\250"
 510      337372BF 
 510      AB633053 
 510      029849B6 
 510      72EF468E 
 511 11ef C495CBD0 		.ascii	"\304\225\313\320\334\0034\367)\232\007\024\315\024C"
 511      DC0334F7 
 511      299A0714 
 511      CD1443
 512 11fe F380A269 		.ascii	"\363\200\242i\312\315\036\263\375\012\235\334a\210\026"
 512      CACD1EB3 
 512      FD0A9DDC 
 512      618816
 513 120d A6F9C84D 		.ascii	"\246\371\310M\323\310\325%\027\027\332J\217\331H\317"
 513      D3C8D525 
 513      1717DA4A 
 513      8FD948CF 
 514 121d F0D23354 		.ascii	"\360\3223T\272\352\361`\207\322\341K\320C,\275\005\253"
ARM GAS  C:\cygwin\tmp\cceqSbqN.s 			page 41


 514      BAEAF160 
 514      87D2E14B 
 514      D0432CBD 
 514      05AB
 515 122f 3B9093A8 		.ascii	";\220\223\250\301\341.\354\273\310\033\3137\361\352"
 515      C1E12EEC 
 515      BBC81BCB 
 515      37F1EA
 516 123e C3E6DAE2 		.ascii	"\303\346\332\342\342\2037\207\311\225e\204y\011\266"
 516      E2833787 
 516      C9956584 
 516      7909B6
 517 124d 828FC920 		.ascii	"\202\217\311 \364\010\213\227#\2170\17792\213\311\345"
 517      F4088B97 
 517      238F307F 
 517      39328BC9 
 517      E5
 518 125e C870C794 		.ascii	"\310p\307\224Y\213\363\230\226\354\273\325\243\032\246"
 518      598BF398 
 518      96ECBBD5 
 518      A31AA6
 519 126d 65F16E0D 		.ascii	"e\361n\015\266\3232'\3212'h\231\247Zb\012\212\2535\364"
 519      B6D33227 
 519      D1322768 
 519      99A75A62 
 519      0A8AAB35 
 520 1282 7DAEC57A 		.ascii	"}\256\305zi\325sb\351\236\343K\253\307\324\227\005\341"
 520      69D57362 
 520      E99EE34B 
 520      ABC7D497 
 520      05E1
 521 1294 856EA97F 		.ascii	"\205n\251\177\217Y\203K\031\214\264\261\356=Z|\2061"
 521      8F59834B 
 521      198CB4B1 
 521      EE3D5A7C 
 521      8631
 522 12a6 772F2C9D 		.ascii	"w/,\235 \367ah\221\232$\337b\306\327\316 \212r2\267"
 522      20F76168 
 522      919A24DF 
 522      62C6D7CE 
 522      208A7232 
 523 12bb CFF2BBBD 		.ascii	"\317\362\273\275E[\331\245\037J\255\215U\022\305\350"
 523      455BD9A5 
 523      1F4AAD8D 
 523      5512C5E8 
 524 12cb 8980142D 		.ascii	"\211\200\024-\201\001\3022\260\313\024\354\303m\205"
 524      8101C232 
 524      B0CB14EC 
 524      C36D85
 525 12da 992A0A16 		.ascii	"\231*\012\026\226\002\017v\262\266pXk\275\3552+ig\357"
 525      96020F76 
 525      B2B67058 
 525      6BBDED32 
 525      2B6967EF 
 526 12ee C0D57BD8 		.ascii	"\300\325{\330\241\007\021J\342A\270\222\367\340T|}<"
 526      A107114A 
 526      E241B892 
ARM GAS  C:\cygwin\tmp\cceqSbqN.s 			page 42


 526      F7E0547C 
 526      7D3C
 527 1300 C24B0CF4 		.ascii	"\302K\014\364\275\354\233O\\\031\304\232\023\325\237"
 527      BDEC9B4F 
 527      5C19C49A 
 527      13D59F
 528 130f D7658910 		.ascii	"\327e\211\020\237!\003Q\244R\214%\264\031\274-J\002"
 528      9F210351 
 528      A4528C25 
 528      B419BC2D 
 528      4A02
 529 1321 AFECFADE 		.ascii	"\257\354\372\336d\035\336\241c\333R\331\376\005N\230"
 529      641DDEA1 
 529      63DB52D9 
 529      FE054E98 
 530 1331 D7927FB1 		.ascii	"\327\222\177\261\233\221(\211\226(A\313V\252\345p\333"
 530      9B912889 
 530      962841CB 
 530      56AAE570 
 530      DB
 531 1342 CD31254E 		.ascii	"\3151%N\344\265D\266\3659\361\363Zp\333~^\243%Z\242"
 531      E4B544B6 
 531      F539F1F3 
 531      5A70DB7E 
 531      5EA3255A 
 532 1357 052D3154 		.ascii	"\005-1T\313H\315\204\231\375b\361\013\242g\327\302T"
 532      CB48CD84 
 532      99FD62F1 
 532      0BA267D7 
 532      C254
 533 1369 0B5B6A5A 		.ascii	"\013[jZz\365\333\220\370K\312i\010W\371pk\025v\274\360"
 533      7AF5DB90 
 533      F84BCA69 
 533      0857F970 
 533      6B1576BC 
 534 137e 762AF985 		.ascii	"v*\371\205\267CI\027\336\330\366\334d\316~\341mSz\240"
 534      B7434917 
 534      DED8F6DC 
 534      64CE7EE1 
 534      6D537AA0 
 535 1392 ED4A22BE 		.ascii	"\355J\"\276K\371\2340\210\232*9Z\246\226J/=M\372V\\"
 535      4BF99C30 
 535      889A2A39 
 535      5AA6964A 
 535      2F3D4DFA 
 536 13a8 C224C619 		.ascii	"\302$\306\031\314\371\250\234\302f\015\316g\314\365"
 536      CCF9A89C 
 536      C2660DCE 
 536      67CCF5
 537 13b7 CEF4F7A1 		.ascii	"\316\364\367\241\304\266Y&\027\252F]\343\315\021;\341"
 537      C4B65926 
 537      17AA465D 
 537      E3CD113B 
 537      E1
 538 13c8 D4B8FCC1 		.ascii	"\324\270\374\301+h\267\3629\264\007\002\321\307\255"
 538      2B68B7F2 
 538      39B40702 
ARM GAS  C:\cygwin\tmp\cceqSbqN.s 			page 43


 538      D1C7AD
 539 13d7 96E88D25 		.ascii	"\226\350\215%\341@\331\010\322o\257\222\024\331\304"
 539      E140D908 
 539      D26FAF92 
 539      14D9C4
 540 13e6 FD4D87D4 		.ascii	"\375M\207\324\270\222*S\016\317\367\316\252\221\207"
 540      B8922A53 
 540      0ECFF7CE 
 540      AA9187
 541 13f5 C6CB83FC 		.ascii	"\306\313\203\374hg\237R\243\210\246?C\211\210}\346\037"
 541      68679F52 
 541      A388A63F 
 541      4389887D 
 541      E61F
 542 1407 D69FA124 		.ascii	"\326\237\241$(\275\350#\005\212\007\265\373\225\354"
 542      28BDE823 
 542      058A07B5 
 542      FB95EC
 543 1416 C8427E06 		.ascii	"\310B~\006\004\275(Ni\3773 \246\310\301\005l\312\271"
 543      04BD284E 
 543      69FF3320 
 543      A6C8C105 
 543      6CCAB9
 544 1429 B877A409 		.ascii	"\270w\244\011ITH.IhF&\012\0319RXU\243\303\265\314\361"
 544      4954482E 
 544      49684626 
 544      0A193952 
 544      5855A3C3 
 545 1440 F991F624 		.ascii	"\371\221\366$%\313\310#\323Ot\371\344]\206^\004\207"
 545      25CBC823 
 545      D34F74F9 
 545      E45D865E 
 545      0487
 546 1452 6FF9880C 		.ascii	"o\371\210\014D\311\222,H\026\262\340\200\322\321\202"
 546      44C9922C 
 546      4816B2E0 
 546      80D2D182 
 547 1462 19D877E6 		.ascii	"\031\330w\346\241\213\343\253\340C\024\312A\001Ju\263"
 547      A18BE3AB 
 547      E04314CA 
 547      41014A75 
 547      B3
 548 1473 A5D81D4F 		.ascii	"\245\330\035O2(w\026g\006t\302\342\230\373|o\216tq\300"
 548      32287716 
 548      670674C2 
 548      E298FB7C 
 548      6F8E7471 
 549 1488 40942281 		.ascii	"@\224\"\201\222\"@9L\241\264\246\014\246jm\267-\233"
 549      92224039 
 549      4CA1B4A6 
 549      0CA66A6D 
 549      B72D9B
 550 149b 729AAA64 		.ascii	"r\232\252d\345\024>A\272!j\342\006\306\021\256\324\354"
 550      E5143E41 
 550      BA216AE2 
 550      06C611AE 
 550      D4EC
ARM GAS  C:\cygwin\tmp\cceqSbqN.s 			page 44


 551 14ad 4CF6C56C 		.ascii	"L\366\305l\316\032\0017i\004\020\325b\221\230\265\010"
 551      CE1A0137 
 551      690410D5 
 551      629198B5 
 551      08
 552 14be 66D3A8D9 		.ascii	"f\323\250\331\203\261W\222\331\376\347GTM\034\267\234"
 552      83B15792 
 552      D9FEE747 
 552      544D1CB7 
 552      9C
 553 14cf 673FDCA5 		.ascii	"g?\334\245g\311\331\250\311m\354\004\247\243\354\203"
 553      67C9D9A8 
 553      C96DEC04 
 553      A7A3EC83 
 554 14df BCC74AC7 		.ascii	"\274\307J\307\013!KX\010\231l!4\3579\327\245\263_\010"
 554      0B214B58 
 554      08996C21 
 554      34EF39D7 
 554      A5B35F08 
 555 14f3 E9902B19 		.ascii	"\351\220+\0314\005\263ijg\011\251\2357ZZ\304\331/\004"
 555      3405B369 
 555      6A6709A9 
 555      9D375A5A 
 555      C4D92F04 
 556 1507 87D205DB 		.ascii	"\207\322\005\333g.\253p,\013@db\343\004\022\222?\377"
 556      672EAB70 
 556      2C0B4064 
 556      62E30412 
 556      923FFF
 557 151a 0549F2E7 		.ascii	"\005I\362\347\360\311?\002\311/\352:\"&\177\256\362"
 557      F0C93F02 
 557      C92FEA3A 
 557      22267FAE 
 557      F2
 558 152b 270A6753 		.ascii	"'\012gS\250\311\333d\320\233T\277\377\323_W\177\242"
 558      A8C9DB64 
 558      D09B54BF 
 558      FFD35F57 
 558      7FA2
 559 153d 5087F907 		.ascii	"P\207\371\007\231\336\323\2334z=\337\372\273\317\257"
 559      99DED39B 
 559      347A3DDF 
 559      FABBCFAF 
 560 154d BF0A3106 		.ascii	"\277\0121\006\373\032\275\003Wo\364\0170\204~\345\353"
 560      FB1ABD03 
 560      576FF40F 
 560      30847EE5 
 560      EB
 561 155e E3B3C6DB 		.ascii	"\343\263\306\333\030\270&(8\310\260\306\340\375\265"
 561      18B82628 
 561      38C8B0C6 
 561      E0FDB5
 562 156d FF9A77F4 		.ascii	"\377\232w\364\357\257yk\335\233\357|e\323\375\225\177"
 562      EFAF796B 
 562      DD9BEF7C 
 562      65D3FD95 
 562      7F
ARM GAS  C:\cygwin\tmp\cceqSbqN.s 			page 45


 563 157e 904F40D8 		.ascii	"\220O@\330\006\303W\201\336>~\376A\206\257\364\033\014"
 563      06C35781 
 563      DE3E7EFE 
 563      4186AFF4 
 563      1B0C
 564 1590 1BBDC302 		.ascii	"\033\275\303\002Lz\323\346\020C\350\033~\212?\376\337"
 564      4C7AD3E6 
 564      1043E81B 
 564      7E8A3FFE 
 564      DF
 565 15a1 75879A36 		.ascii	"u\207\2326\000N\320\365\316\033o\254e\377\202C\327\032"
 565      004ED0F5 
 565      CE1B6FAC 
 565      65FF8243 
 565      D71A
 566 15b3 4D6B4382 		.ascii	"MkC\202\215\246\320\265\037}\371\331'\237}\267\326'"
 566      8DA6D0B5 
 566      1F7DF9D9 
 566      279F7DB7 
 566      D627
 567 15c5 383004F4 		.ascii	"80\004\364\033C\327\376\376\223O\326\372\370\011\000"
 567      1B43D7FE 
 567      FE934FD6 
 567      FAF80900 
 568 15d5 9C02437D 		.ascii	"\234\002C}\365&5hx\373-\3524\337r6\371\031\015\336\033"
 568      F5263568 
 568      78FB2DEA 
 568      34DF7236 
 568      F9190DDE 
 569 15ea A0CBC74F 		.ascii	"\240\313\307O\317\332\252\020}\220\341;\023|\204\030"
 569      CFDAAA10 
 569      7D90E13B 
 569      137C8418 
 570 15fa 0DDFAA4D 		.ascii	"\015\337\252M!F\377`\020\014\343GhY\300H\223\212\370"
 570      2146FF60 
 570      100CE347 
 570      6859C048 
 570      938AF8
 571 160d 07AB7D82 		.ascii	"\007\253}\202\203L0\302\205 !\212}L\3379\033\015\276"
 571      834C30C2 
 571      8520218A 
 571      7D4CDF39 
 571      1B0DBE
 572 1620 E087DEF4 		.ascii	"\340\207\336\364\263\247\242\365\363\0116\032\000\036"
 572      B3A7A2F5 
 572      F309361A 
 572      001E
 573 162e 677C8733 		.ascii	"g|\2073\376\2223\276\313\031\177\305\031\337\343\214"
 573      FE9233BE 
 573      CB197FC5 
 573      19DFE38C 
 574 163e EF63E39B 		.ascii	"\357c\343\233\353\200\336\344\002\214\257}\277\012\375"
 574      EB80DEE4 
 574      028CAF7D 
 574      BF0AFD
 575 164d B7BF0A04 		.ascii	"\267\277\012\00450\340m\247\020=\330W\023'6\031\214"
 575      3530E06D 
ARM GAS  C:\cygwin\tmp\cceqSbqN.s 			page 46


 575      A7103DD8 
 575      57132736 
 575      198C
 576 165f F0191CB0 		.ascii	"\360\031\034\260\301`T\372\370y\033\211g\336\201\006"
 576      C16054FA 
 576      F8791B89 
 576      67DE8106 
 577 166f E8A3B9A0 		.ascii	"\350\243\271\2406\005\006o\200\214\000~c\200\267o\250"
 577      3605066F 
 577      808C007E 
 577      6380B76F 
 577      A8
 578 1680 DA64346C 		.ascii	"\332d4l\014\245n\221\206\312\270a3D\315\331\360\235"
 578      0CA56E91 
 578      86CAB861 
 578      3344CDD9 
 578      F09D
 579 1692 BFC90704 		.ascii	"\277\311\007\004U\233L\301_\377W\210\213\341[C\220)"
 579      559B4CC1 
 579      5FFF5788 
 579      8BE15B43 
 579      9029
 580 16a4 D03BF41B 		.ascii	"\320;\364\033\2204l\"\215\325v\000\371)\003l\241>~\033"
 580      90346C22 
 580      8DD57600 
 580      F929036C 
 580      A13E7E1B 
 581 16b8 08AE107D 		.ascii	"\010\256\020}\230\033\213n\250>\300?\024\022\303\335"
 581      981B8B6E 
 581      A83EC03F 
 581      1412C3DD 
 582 16c8 1A6FD6A3 		.ascii	"\032o\326\243\011\321o\362\3667\371\007\371\272\013"
 582      09D16FF2 
 582      F637F907 
 582      F9BA0B
 583 16d7 DDFF0833 		.ascii	"\335\377\0103\204\001\274g$\222\264K\033\242\007\\\264"
 583      8401BC67 
 583      2492B44B 
 583      1BA2075C 
 583      B4
 584 16e8 E9449BD0 		.ascii	"\351D\233\320a\0101\004A~\370:\005\206\301T\250\003"
 584      61083104 
 584      417EF83A 
 584      0586C154 
 584      A803
 585 16fa 99247C06 		.ascii	"\231$|\006o\012\202(\320^\300\033H\247\026l\005\232"
 585      6F0A8228 
 585      D05EC01B 
 585      48A7166C 
 585      059A
 586 170c BE2356B5 		.ascii	"\276#V\265\304U\357\000:\213\320\031\022\034\034\360"
 586      C455EF00 
 586      3A8BD019 
 586      121C1CF0 
 587 171c 8A436760 		.ascii	"\212Cg`\014\370\362S\307\316n\016\025\322\015\262\351"
 587      0CF8F253 
 587      C7CE6E0E 
ARM GAS  C:\cygwin\tmp\cceqSbqN.s 			page 47


 587      15D20DB2 
 587      E9
 588 172d B350DFF5 		.ascii	"\263P\337\365\200\351\237\354\304C\215>DU\250\357\033"
 588      80E99FEC 
 588      C4438D3E 
 588      4455A8EF 
 588      1B
 589 173e 3EBCD4DF 		.ascii	">\274\324\337\300m\035m}i\0100x\207\032\\}\374\326\373"
 589      C06D1D6D 
 589      7D690830 
 589      78871A5C 
 589      7DFCD6FB 
 590 1752 F8FD3E78 		.ascii	"\370\375>x}\200\301\020\262\336\205r_\202\373\233?\325"
 590      7D80C110 
 590      B2DE8572 
 590      5F82FB9B 
 590      3FD5
 591 1764 D1F6DFBC 		.ascii	"\321\366\337\274\2771\204\321\007zb\322\020\310\262"
 591      BF3184D1 
 591      077A62D2 
 591      10C8B2
 592 1773 97B57524 		.ascii	"\227\265u$P\233\371 \203&\275\310\253\215,**#M['#M\024"
 592      509BF920 
 592      8326BDC8 
 592      AB8D2C2A 
 592      2A234D5B 
 593 178b 239F2846 		.ascii	"#\237(F\226(\032\350\0153\032a\212\235\214d\320\013"
 593      96281AE8 
 593      0D331A61 
 593      8A9D8C64 
 593      D00B
 594 179d DFFA1B4D 		.ascii	"\337\372\033Ma\336\001z\223\177 ,+^\361\213\240X\346"
 594      61DE017A 
 594      937F202C 
 594      2B5EF18B 
 594      A058E6
 595 17b0 81BB4D1F 		.ascii	"\201\273M\037\233:\233.\365\267&:\003\344\223\254.\015"
 595      9B3A9B2E 
 595      F5B7263A 
 595      03E493AC 
 595      2E0D
 596 17c2 010D0F60 		.ascii	"\001\015\017`}A\317\006C\200\311\033\032\033"
 596      7D41CF06 
 596      4380C91B 
 596      1A1B
 597 17d0 C3827CF4 		.ascii	"\303\202|\364T\206\264TD\326\333\350\002\037\001\336"
 597      5486B454 
 597      44D6DBE8 
 597      021F01DE 
 598 17e0 A126220E 		.ascii	"\241&\"\016]\304\234\033\357\376\006\303\327a\276,\245"
 598      5DC49C1B 
 598      EFFE06C3 
 598      D761BE2C 
 598      A5
 599 17f1 A43D9A10 		.ascii	"\244=\232\020\357 \177\037\222 x\303\327\276\332@oX"
 599      EF207F1F 
 599      922078C3 
ARM GAS  C:\cygwin\tmp\cceqSbqN.s 			page 48


 599      D7BEDA40 
 599      6F58
 600 1803 9A348F9E 		.ascii	"\2324\217\2361\005\352}\274\003\374\2776z\233\374\203"
 600      3105EA7D 
 600      BC03FCBF 
 600      367A9BFC 
 600      83
 601 1814 83C094D1 		.ascii	"\203\300\224\321\344\023\004n\251\2027n\0145\230~\354"
 601      E413046E 
 601      A982376E 
 601      0C35987E 
 601      EC
 602 1825 708A4D64 		.ascii	"p\212Md\225q\246@m\250\351\033P\340\033\304\027\206"
 602      9571A640 
 602      6DA8E91B 
 602      50E01BC4 
 602      1786
 603 1837 77DFB116 		.ascii	"w\337\261\026\006\322t\363\337\020`\340\223\026\322"
 603      06D274F3 
 603      DF1060E0 
 603      9316D2
 604 1846 9AF3F183 		.ascii	"\232\363\361\203\011Z\2779\364\337\203}\276q\234_\200"
 604      095ABF39 
 604      F4DF837D 
 604      BE719C5F 
 604      80
 605 1857 9DA40EAD 		.ascii	"\235\244\016\255\"\001 \351\252\327\003\030\375\307"
 605      220120E9 
 605      AAD70318 
 605      FDC7
 606 1865 1FADFFED 		.ascii	"\037\255\377\355\027_~\352\352\035\260\311{s(\324\227"
 606      175F7EEA 
 606      EA1DB0C9 
 606      7B7328D4 
 606      97
 607 1876 0028B1AF 		.ascii	"\000(\261\257K\265@@\327~\362\331\372O\327\213\312H"
 607      4BB54040 
 607      D77EF2D9 
 607      FA4FD78B 
 607      CA48
 608 1888 4DF009FC 		.ascii	"M\360\011\374\035\204\017T\352\330J\362\017\0125\030"
 608      1D840F54 
 608      EAD84AF2 
 608      0F0A3518 
 609 1898 4D2E14C9 		.ascii	"M.\024\311_\203\210\005V\261\302h\333YO\243\255\327"
 609      5F838805 
 609      56B1C268 
 609      DB594FA3 
 609      ADD7
 610 18aa BB0A8D37 		.ascii	"\273\012\2157\336}\353\375\267\235\364\037\303\242p"
 610      DE7DEBFD 
 610      B79DF41F 
 610      C3A270
 611 18b9 A7F9F969 		.ascii	"\247\371\371i\350\027l\225}\372\224E\002\231\355\247"
 611      E8176C95 
 611      7DFA9445 
 611      0299EDA7 
ARM GAS  C:\cygwin\tmp\cceqSbqN.s 			page 49


 612 18c9 789659DC 		.ascii	"x\226Y\334\350\2771\030\02200\370[\222\324b\206\257"
 612      E8BF3118 
 612      123030F8 
 612      5B92D462 
 612      86AF
 613 18db 97D8787B 		.ascii	"\227\330x{\335[\377\003*\3259\214"
 613      DD5BFF03 
 613      2AD5398C 
 614              		.text
 615              		.section	.gnu.lto_.symtab.652bc987,"",%progbits
 616 0000 63684D73 		.ascii	"chMsgSend\000\000\000\000\000\000\000\000\000\000\000"
 616      6753656E 
 616      64000000 
 616      00000000 
 616      00000000 
 617 0014 005F0100 		.ascii	"\000_\001\000\000chMsgWait\000\000\000\000\000\000\000"
 617      0063684D 
 617      73675761 
 617      69740000 
 617      00000000 
 618 0029 00000000 		.ascii	"\000\000\000\000\000b\001\000\000chMsgRelease\000\000"
 618      00620100 
 618      0063684D 
 618      73675265 
 618      6C656173 
 619 0040 00000000 		.ascii	"\000\000\000\000\000\000\000\000\000\000g\001\000\000"
 619      00000000 
 619      00006701 
 619      0000
 620 004e 63680000 		.ascii	"ch\000\000\002\000\000\000\000\000\000\000\000\000\347"
 620      02000000 
 620      00000000 
 620      0000E7
 621 005d 01000063 		.ascii	"\001\000\000chSchGoSleepS\000\000\002\000\000\000\000"
 621      68536368 
 621      476F536C 
 621      65657053 
 621      00000200 
 622 0074 00000000 		.ascii	"\000\000\000\000\000k\001\000\000chSchReadyI\000\000"
 622      006B0100 
 622      00636853 
 622      63685265 
 622      61647949 
 623 008a 02000000 		.ascii	"\002\000\000\000\000\000\000\000\000\000o\001\000\000"
 623      00000000 
 623      00006F01 
 623      0000
 624 0098 63685363 		.ascii	"chSchWakeupS\000\000\002\000\000\000\000\000\000\000"
 624      6857616B 
 624      65757053 
 624      00000200 
 624      00000000 
 625 00ae 00007101 		.ascii	"\000\000q\001\000\000"
 625      0000
 626              		.text
 627              		.section	.gnu.lto_.opts,"",%progbits
 628 0000 272D666E 		.ascii	"'-fno-trapv' '-mcpu=cortex-m4' '-mno-thumb-interwor"
ARM GAS  C:\cygwin\tmp\cceqSbqN.s 			page 50


 628      6F2D7472 
 628      61707627 
 628      20272D6D 
 628      6370753D 
 629 0033 6B272027 		.ascii	"k' '-mthumb' '-ggdb' '-O2' '-fomit-frame-pointer' '"
 629      2D6D7468 
 629      756D6227 
 629      20272D67 
 629      67646227 
 630 0066 2D66616C 		.ascii	"-falign-functions=16' '-ffunction-sections' '-fdata"
 630      69676E2D 
 630      66756E63 
 630      74696F6E 
 630      733D3136 
 631 0099 2D736563 		.ascii	"-sections' '-fno-common' '-flto'\000"
 631      74696F6E 
 631      73272027 
 631      2D666E6F 
 631      2D636F6D 
 632              		.text
 633              		.comm	__gnu_lto_v1,1,1
 634              		.comm	__gnu_lto_slim,1,1
 635              		.ident	"GCC: (GNU Tools for ARM Embedded Processors) 4.9.3 20141119 (release) [ARM/embedded-4_9-br
ARM GAS  C:\cygwin\tmp\cceqSbqN.s 			page 51


DEFINED SYMBOLS
                            *ABS*:00000000 chmsg.c
                            *COM*:00000001 __gnu_lto_v1
                            *COM*:00000001 __gnu_lto_slim

NO UNDEFINED SYMBOLS
