ARM GAS  C:\cygwin\tmp\ccsMHQtC.s 			page 1


   1              		.syntax unified
   2              		.cpu cortex-m4
   3              		.fpu softvfp
   4              		.eabi_attribute 20, 1
   5              		.eabi_attribute 21, 1
   6              		.eabi_attribute 23, 3
   7              		.eabi_attribute 24, 1
   8              		.eabi_attribute 25, 1
   9              		.eabi_attribute 26, 1
  10              		.eabi_attribute 30, 2
  11              		.eabi_attribute 34, 1
  12              		.eabi_attribute 18, 4
  13              		.thumb
  14              		.file	"chtm.c"
  15              		.text
  16              	.Ltext0:
  17              		.section	.gnu.lto_.profile.652bb98d,"",%progbits
  18 0000 789C6366 		.ascii	"x\234cf```a\200\000F\206\030W\000\001q\000\252"
  18      60606061 
  18      80004686 
  18      18570001 
  18      7100AA
  19              		.text
  20              		.section	.gnu.lto_.jmpfuncs.652bb98d,"",%progbits
  21 0000 789C6366 		.ascii	"x\234cf\300\016r\2414+\003##c=#\210`\002\021,\014\014"
  21      C00E72A1 
  21      342B0323 
  21      23633D23 
  21      88600211 
  22 0017 8C20C4CA 		.ascii	"\214 \304\312\310\360\221\211\361\376\354\237K8_0\375"
  22      C8F09189 
  22      F1FEEC9F 
  22      4B385F30 
  22      FD
  23 0028 6462F80F 		.ascii	"db\370\017\004\374\014\214\313\031\245\024\200\342\215"
  23      04FC0C8C 
  23      CB19A514 
  23      80E28D
  24 0037 CB76F7B0 		.ascii	"\313v\367\260\203\305\201jW0J9\200\210\004\020\321\300"
  24      83C5816A 
  24      57304A39 
  24      80880410 
  24      D1C0
  25 0049 882C0D32 		.ascii	"\210,\0152j%\243\024+\320h\346\372z\006\000\363\"\034"
  25      6A25A314 
  25      2BD068E6 
  25      FA7A0600 
  25      F3221C
  26 005c CB       		.ascii	"\313"
  27              		.text
  28              		.section	.gnu.lto_.inline.652bb98d,"",%progbits
  29 0000 789C6366 		.ascii	"x\234cf\300\016\230\030!4+\003\003'\007#\003\023\333"
  29      C00E9818 
  29      21342B03 
  29      03270723 
  29      0313DB
  30 0013 073D069E 		.ascii	"\007=\006\236\011~L 1F\006V\026\240\012\346\035\342"
ARM GAS  C:\cygwin\tmp\ccsMHQtC.s 			page 2


  30      097E4C20 
  30      31460656 
  30      16A00AE6 
  30      1DE2
  31 0025 0CEC1DEA 		.ascii	"\014\354\035\352`!&\006I1\240ZF\006\346\004\020\341"
  31      60212606 
  31      4931A05A 
  31      4606E604 
  31      10E1
  32 0037 00221A18 		.ascii	"\000\"\032\030A\244\002\210`\340\221\270\264\224\221"
  32      41A40288 
  32      60E091B8 
  32      B49491
  33 0046 8167970B 		.ascii	"\201g\227\013\023\003\343\013v\026&\006\240f\026\020"
  33      1303E30B 
  33      76162606 
  33      A0661610 
  34 0056 93032CC0 		.ascii	"\223\003,\300\301\300t\201_\200\011L\202\370\012`Q\240"
  34      C1C07481 
  34      5F80094C 
  34      82F80A60 
  34      51A0
  35 0068 D6472C0E 		.ascii	"\326G,\016L`\022d\011\213\204\200\"\320)B\027z\030\031"
  35      4C601264 
  35      098B8480 
  35      22D02942 
  35      177A1819 
  36 007c D816C843 		.ascii	"\330\026\310C,\346\006\271\007B\2622H\2102\260\300\035"
  36      2CE606B9 
  36      0742B232 
  36      488832B0 
  36      C01D
  37 008e 816C3F97 		.ascii	"\201l?\227X\3234F\006\276\256\020\024\373\201\326q\200"
  37      58D33446 
  37      06BEAE10 
  37      14FB81D6 
  37      7180
  38 00a0 2DE50089 		.ascii	"-\345\000\211\012\200\345\004@\326)\200-U\000\207\000"
  38      0A80E504 
  38      40D62980 
  38      2D550087 
  38      00
  39 00b1 003FFB1F 		.ascii	"\000?\373\037\317"
  39      CF
  40              		.text
  41              		.section	.gnu.lto_.pureconst.652bb98d,"",%progbits
  42 0000 789C6366 		.ascii	"x\234cf``\340f\200\000V\006)F)&)\026\011V)\000\004\026"
  42      6060E066 
  42      80005606 
  42      29462926 
  42      29160956 
  43 0018 00A0     		.ascii	"\000\240"
  44              		.text
  45              		.section	.gnu.lto_chTMObjectInit.652bb98d,"",%progbits
  46 0000 789C9591 		.ascii	"x\234\225\221\273J\003Q\020\206\317?g]#A\024+\011\010"
  46      BB4A0351 
  46      1086CF3F 
ARM GAS  C:\cygwin\tmp\ccsMHQtC.s 			page 3


  46      675D2341 
  46      142B0908 
  47 0014 36622149 		.ascii	"6b!I^\301\316\007Ic#\212\246\317I\210\235\240\304&\240"
  47      5EC1CE07 
  47      4963238A 
  47      A6CF4988 
  47      9DA0C426 
  48 0029 62E1FD9A 		.ascii	"b\341\375\232\304{b\263\225\330\250\210\205h\241M\274"
  48      C47B62B3 
  48      95D8A888 
  48      8568A14D 
  48      BC
  49 003a 15C27A01 		.ascii	"\025\302z\001\335B\342\314FD\2611\207]\346\314\354\314"
  49      DD42E2CC 
  49      4644B131 
  49      875DE6CC 
  49      ECCC
  50 004c F7CFCC6A 		.ascii	"\367\317\314j\365\367\204\370M\221R\355l\241\025h\354"
  50      F5F784F8 
  50      4D9152ED 
  50      6CA11568 
  50      EC
  51 005d 58A96480 		.ascii	"X\251d\200\000\271(\250\004!\201\007z\"\2149+\331`\347"
  51      00B928A8 
  51      04218107 
  51      7A228C39 
  51      2BD960E7 
  52 0071 9C31C6CD 		.ascii	"\2341\306\315\024[\207[=.{\241*\006\013\350\344\224"
  52      145B875B 
  52      3D2E7BA1 
  52      2A060BE8 
  52      E494
  53 0083 E7E1A587 		.ascii	"\347\341\245\207\240n\203\342{q\375\365(xO\036\241]"
  53      A06E83E2 
  53      7B71FDF5 
  53      28784F1E 
  53      A15D
  54 0095 DC52E630 		.ascii	"\334R\3460k\213K\226\270g\243\007\351@\307\2141)\347"
  54      6B8B4B96 
  54      B867A307 
  54      E940C78C 
  54      3129E7
  55 00a8 62C3745B 		.ascii	"b\303t[\036i,B3\017K\010a\031!\305!\205\025tH\372S\372"
  55      1E692C42 
  55      330F4B08 
  55      611921C5 
  55      21851574 
  56 00c0 E33C68A7 		.ascii	"\343<h\247Y\273\271\252\211U\330`\233kqL\2452\223\033"
  56      59BBB9AA 
  56      8955D860 
  56      9B6B714C 
  56      A532931B 
  57 00d4 D9B7A469 		.ascii	"\331\267\244iIWeN\220\356o\210\304\352K\244\\\367\246"
  57      4957654E 
  57      90EE6F88 
  57      C4EA4BA4 
  57      5CF7A6
ARM GAS  C:\cygwin\tmp\ccsMHQtC.s 			page 4


  58 00e7 502735CC 		.ascii	"P'5\314\272.\237\234\006\244\023\255\004\275\375>\375"
  58      BA2E9F9C 
  58      06A413AD 
  58      04BDFD3E 
  58      FD
  59 00f8 D8388589 		.ascii	"\3308\205\211\2441\216\355\221\365F\2045\226\227o\223"
  59      A4318EED 
  59      91F54684 
  59      3596976F 
  59      93
  60 0109 AFE3174D 		.ascii	"\257\343\027M\341.\217\352\260\216)<\373\323\"\207\260"
  60      E12E8FEA 
  60      B08E293C 
  60      FBD32287 
  60      B0
  61 011a 6026BCD9 		.ascii	"`&\274\331\006\301\330\025>M\012y.\022\251\374\355\267"
  61      06C1D815 
  61      3E4D0A79 
  61      2E12A9FC 
  61      EDB7
  62 012c D43FD905 		.ascii	"\324?\331\005\237-\343`\303g'\347\367G\352}6\2076\277"
  62      9F2DE360 
  62      C36727E7 
  62      F747EA7D 
  62      368736BF 
  63 0140 B86ECDDC 		.ascii	"\270n\315\334-\237\353\257k\033\341oP\376\2566P=v|\220"
  63      2D9FEBAF 
  63      6B1BE16F 
  63      50FEAE36 
  63      503D767C 
  64 0155 16D0EE0F 		.ascii	"\026\320\356\017\220[#(\200=\037d\011\250\370{\322\006"
  64      905B2328 
  64      803D1F64 
  64      09A8F87B 
  64      D206
  65 0167 0E95B8E0 		.ascii	"\016\225\270\340\012I\247\320#T\331u\231\267\302\277"
  65      0A49A7D0 
  65      2354D975 
  65      99B7C2BF 
  66 0177 90470845 		.ascii	"\220G\010E\"\321\352\323?\024\035\214G\207\006c\321"
  66      22D1EAD3 
  66      3F141D8C 
  66      47870663 
  66      D1
  67 0188 586FBC2F 		.ascii	"Xo\274/\022S:\3367\360\011-\233\354\326"
  67      12533ADE 
  67      37F0092D 
  67      9BECD6
  68              		.text
  69              		.section	.gnu.lto_chTMStartMeasurementX.652bb98d,"",%progbits
  70 0000 789C6551 		.ascii	"x\234eQ\315KTQ\024?\277\363\236\257G\223)-\007\0127"
  70      CD4B5451 
  70      143FBFF3 
  70      9EAF4793 
  70      292D070A 
  71 0015 2211336F 		.ascii	"\"\0213o\3516q\021\004n\372\007\012\206`6\303\310\314"
  71      E9367111 
ARM GAS  C:\cygwin\tmp\ccsMHQtC.s 			page 5


  71      046EFA07 
  71      0A866036 
  71      C3C8CC
  72 0028 202E02EF 		.ascii	" .\002\357\310\350Jp0\021%\245\310\242\306)\277R\241"
  72      C8E84A70 
  72      301125A5 
  72      C8A2C629 
  72      BF52A1
  73 003b 407AB4D0 		.ascii	"@z\264\320\"*E\301\217D\013G\320\305\200_\240\017\021"
  73      222A45C1 
  73      8F440B47 
  73      D0C5805F 
  73      A00F11
  74 004e 3BF74D8B 		.ascii	";\367M\213\264\313\273\334{\356\371\275\337\307\275"
  74      B4CBBBDC 
  74      7BEEF9BD 
  74      DFC7BD
  75 005d 06FD3F82 		.ascii	"\006\375?\2022\227AtWV\030\004\316~'J\333\014\350\015"
  75      32974174 
  75      57561804 
  75      CE7E274A 
  75      DB0CE80D 
  76 0071 815A182D 		.ascii	"\201Z\030-\330\341=F\326\315\367\006j^*\245v\237O?R"
  76      D8E13D46 
  76      D6CDF706 
  76      6A5E2AA5 
  76      769F4F3F 
  77 0086 DD0F3C26 		.ascii	"\335\017<&:\340\022\017^\241F0\373m\271\235\200q\035"
  77      3AE0120F 
  77      5EA14630 
  77      FB6DB99D 
  77      80711D
  78 0099 24FBF7C3 		.ascii	"$\373\367\303\207\337\002\333\3541\252t\371\241\353"
  78      87DF02DB 
  78      EC31AA74 
  78      F9A1EB
  79 00a8 73AFA54B 		.ascii	"s\257\245K6u\271\3209\223\261\253\007\225ju\275qu\333"
  79      3675B9D0 
  79      3993B1AB 
  79      07956A75 
  79      BD7175DB 
  80 00bc F4D8C06B 		.ascii	"\364\330\300k\030\302\207\034\202\030B\220\344\210\220"
  80      18C2871C 
  80      82184290 
  80      E48890
  81 00cb 47B586EF 		.ascii	"G\265\206\357eN\227\002VF\304+K\232x\003K|\323\3105"
  81      654E9702 
  81      5646C42B 
  81      4B9A7803 
  81      4B7CD3C8 
  82 00e0 579D9D0D 		.ascii	"W\235\235\015~\\\2336\313\304\265\300M\371\321$*\010"
  82      7E5C9B36 
  82      CBC4B5C0 
  82      4DF9D124 
  82      2A08
  83 00f2 4A67D862 		.ascii	"Jg\330b\326\253\261\212OS\336\213\257cW\316\261\375"
  83      D6ABB18A 
ARM GAS  C:\cygwin\tmp\ccsMHQtC.s 			page 6


  83      4F53DE8B 
  83      AF6357CE 
  83      B1FD
  84 0104 6A3B3986 		.ascii	"j;9\206Ov\300\270(\204\267\260Di\030\326\021\233\322"
  84      4F76C0B8 
  84      2884B7B0 
  84      446918D6 
  84      119BD2
  85 0117 9BCD0DB5 		.ascii	"\233\315\015\265W\350\010e\352\231RW5|\243\360c\336"
  85      57E80865 
  85      EA995257 
  85      357CA3F0 
  85      63DE
  86 0129 F68F4897 		.ascii	"\366\217H\227\305\265\271\242=\200'\351\254\262=\266"
  86      C5B5B9A2 
  86      3D8027E9 
  86      ACB23DB6 
  87 0139 30225146 		.ascii	"0\"QF%\212\356u\364d\027/\207\362*\223\336\375\322\263"
  87      258AEE75 
  87      F464172F 
  87      87F22A93 
  87      DEFDD2B3 
  88 014d 1985C797 		.ascii	"\031\205\307\2270\206\001\354\213Q_\011\343\010\321"
  88      308601EC 
  88      8B515F09 
  88      E308D1
  89 015c 2A5ABBFA 		.ascii	"*Z\273\372~\337\320\216\376\2457|\212\311\343\247\305"
  89      7EDFD08E 
  89      FEA5377C 
  89      8AC9E3A7 
  89      C5
  90 016d 724DAF94 		.ascii	"rM\257\224kyl\0371\343\335_\372\376\303\307+\025\241"
  90      6B796C1F 
  90      31E3DD5F 
  90      FAFEC3C7 
  90      2B15A1
  91 0180 5B921D13 		.ascii	"[\222\035\023>\253\276\035L\"$\336i\035i\367\347\035"
  91      3EABBE1D 
  91      4C2224DE 
  91      691D69F7 
  91      E71D
  92 0192 4DAA1FAB 		.ascii	"M\252\037\253 =\271\022\321\015\206\303N\351\213'\235"
  92      203DB912 
  92      D10D86C3 
  92      4EE98B27 
  92      9D
  93 01a3 44CA4926 		.ascii	"D\312I&\"N$\232\212\205#d\244b\2157/\264\033\343\211"
  93      224E249A 
  93      8A852364 
  93      A4628D37 
  93      2FB41BE3 
  94 01b8 54D2A9BB 		.ascii	"T\322\251\273\327P\337\320,\270H<\361\360~Sm,\034\245"
  94      D750DFD0 
  94      2CB8483C 
  94      F1F07E53 
  94      6D2C1CA5 
  95 01cc 3F48B9C2 		.ascii	"?H\271\302T"
ARM GAS  C:\cygwin\tmp\ccsMHQtC.s 			page 7


  95      54
  96              		.text
  97              		.section	.gnu.lto_chTMStopMeasurementX.652bb98d,"",%progbits
  98 0000 789C9555 		.ascii	"x\234\225U]hTG\024\2363s\357\354\346\356fW\204B\011"
  98      5D685447 
  98      149E3373 
  98      EFECE6EE 
  98      66578442 
  99 0015 A805115B 		.ascii	"\250\005\021[$\273\217\012\276\264\364\255\255\010\005"
  99      24BB8F0A 
  99      BEB4F4AD 
  99      AD0805
 100 0024 5FDB4250 		.ascii	"_\333BP\362\022W\222E}\2508\233\254\321\026\251!\376"
 100      F2125792 
 100      457DA838 
 100      9BACD116 
 100      A921FE
 101 0037 20ADB6B5 		.ascii	" \255\266\265\365'1\333\330\304\23266?\253\246&\321"
 101      F52731DB 
 101      D8C49A36 
 101      363FABA6 
 101      26D1
 102 0049 188DD95A 		.ascii	"\030\215\331Z\014bS\022i}\010\2701\020/j\266\347\314"
 102      0C625312 
 102      697D08B8 
 102      31102F6A 
 102      B6E7CC
 103 005c 5CA31BF7 		.ascii	"\\\243\033\367a\263\354\236{\347\314\314\367}\363\235"
 103      61B3EC9E 
 103      7BE7CCCC 
 103      F77DF39D 
 104 006c 73EF0AF6 		.ascii	"s\357\012\366\372\347#\374E}\214m\302+\370\030\360\206"
 104      FAE723FC 
 104      457D8C6D 
 104      C22BF818 
 104      F086
 105 007e 61C6127E 		.ascii	"a\306\022~\316E\327r\246\034+\023e*(@\232\264\305mJ"
 105      CE45D772 
 105      A61C2B13 
 105      652A2840 
 105      9AB4C56D 
 106 0093 38922683 		.ascii	"8\222&\203\366\213\264\004\240\033\006l7\027\226-a7"
 106      F68BB404 
 106      A01B066C 
 106      3717962D 
 106      6137
 107 00a5 3CE4590E 		.ascii	"<\344Y\016\015\351\226\243\201\325\247\224R\217\246"
 107      0DE996A3 
 107      81D5A794 
 107      528FA6
 108 00b4 7B3F5787 		.ascii	"{?W\207>s9c\217\271a\2063\260\032\327L\357i~\030\020"
 108      3E733963 
 108      8FB96186 
 108      33B01AD7 
 108      4CEF697E 
 109 00ca CB80E17D 		.ascii	"\313\200\341}g\353\314\215\300\177\334\345\360\026\015"
 109      67EBCC8D 
ARM GAS  C:\cygwin\tmp\ccsMHQtC.s 			page 8


 109      C07FDCE5 
 109      F0160D
 110 00d9 2F360E1C 		.ascii	"/6\016\034\2254\344\026\015G\017\\M\372W\375\250Tm\372"
 110      9534E416 
 110      0D470F5C 
 110      4DFA57FD 
 110      A8546DFA 
 111 00ed 49BB7AD7 		.ascii	"I\273z\327r\271\200&\020\210\007\315P\006g\241\214a"
 111      72B98026 
 111      108807CD 
 111      500667A1 
 111      8C61
 112 00ff 8A410BAC 		.ascii	"\212A\013\254\242\345\331\344\363\277\0022\211\344K"
 112      A2E5D9E4 
 112      F3BF0232 
 112      89E44B
 113 010e 0C27A440 		.ascii	"\014'\244@\002^\317-M\253\\n\242'5b\275\301q\213%(X"
 113      025ECF2D 
 113      4DAB5C6E 
 113      A2273562 
 113      BDC1718B 
 114 0125 401B25DE 		.ascii	"@\033%\336\332>\032\373)\224Pp(\0040\310 \205R\012!"
 114      DA3E1AFB 
 114      29945070 
 114      280430C8 
 114      2085520A 
 115 013a CA852930 		.ascii	"\312\205)06\211\340t\374\007\234\323U\214\301\345\016"
 115      3689E074 
 115      FC079CD3 
 115      558CC1E5 
 115      0E
 116 014b F7E4F5B6 		.ascii	"\367\344\365\266`\236\210\361\223?\200\226\360\230\303"
 116      609E88F1 
 116      933F8096 
 116      F098C3
 117 015a 4279F013 		.ascii	"By\360\023H\324\327\012r\226K\234\353o>[\037\246\203"
 117      48D4D70A 
 117      72964B9C 
 117      EB6F3E5B 
 117      1FA683
 118 016d FBD4F74A 		.ascii	"\373\324\367J\205h\371\337\2237G\374:\305h8u\357\326"
 118      8568F9DF 
 118      933747FC 
 118      3AC56838 
 118      75EFD6
 119 0180 94FF387C 		.ascii	"\224\3778|\223hP~\227\373\341\034\032\3603\032@s\373"
 119      9368507E 
 119      97FBE11C 
 119      1AF0331A 
 119      4073FB
 120 0193 8F34649C 		.ascii	"\2174d\234\362\026\225L<\032<2Q\011./\20168\016\323"
 120      F216954C 
 120      3C1A3C32 
 120      51092E2F 
 120      8136380E 
 121 01a8 A8533341 		.ascii	"\250S3A;\224\2631\250\355\350\034l\222$i\226\013\334"
 121      3B94B331 
ARM GAS  C:\cygwin\tmp\ccsMHQtC.s 			page 9


 121      A8EDE81C 
 121      6C922469 
 121      960BDC
 122 01bb F7EDE857 		.ascii	"\367\355\350W\255|\327S\265\217 \235\347d\331\253\304"
 122      AD7CD753 
 122      B58F209D 
 122      E764D9AB 
 122      C4
 123 01cc 8E1E3625 		.ascii	"\216\0366%\222\307\200\210\025\255\012\300y\330\005"
 123      92C78088 
 123      15AD0AC0 
 123      79D805
 124 01db BF78C473 		.ascii	"\277x\304s\251\003\355\022\211\225J\177\342\362 \\\320"
 124      A903ED12 
 124      89954A7F 
 124      E2F2205C 
 124      D0
 125 01ec A46070BA 		.ascii	"\244`p\272{o\317YfR\240\307\320\001\345\323\\\227\345"
 125      7B6FCF59 
 125      6652A0C7 
 125      D001E5D3 
 125      5C97E5
 126 01ff 57547307 		.ascii	"WTs\0078\011\301u\251\375_\236qV\236\300*\217\347&\372"
 126      3809C175 
 126      A9FD5F9E 
 126      71569EC0 
 126      2A8FE726 
 127 0214 836A4025 		.ascii	"\203j@%\307s\271\025\005\212\355\265\321o\260r\026\313"
 127      C773B915 
 127      058AEDB5 
 127      D16FB072 
 127      16CB
 128 0226 70076AD3 		.ascii	"p\007j\323\007\257\201\207\222Qs}\266\370P;\3352\343"
 128      07AF8187 
 128      9251737D 
 128      B6F8503B 
 128      DD32E3
 129 0239 2A5E08D1 		.ascii	"*^\010\321\206\316\202\210\027\011Q.@L\375{~L\210\215"
 129      86CE8288 
 129      1709512E 
 129      404CFD7B 
 129      7E4C888D 
 130 024d 1AF1D9DE 		.ascii	"\032\361\331\336\323MP\030\361\367\202\210]\204(\264"
 130      D34D5018 
 130      F1F78288 
 130      5D8428B4 
 131 025d E7D92E99 		.ascii	"\347\331.\231W}M\201\363\304Jg\361z\204\277\326#\335"
 131      577D4D81 
 131      F3C44A67 
 131      F17A84BF 
 131      D623DD
 132 0270 BA477AA8 		.ascii	"\272Gz\250Z\374\325\272\010m\357\205'\337M\225\316\327"
 132      5AFCD5BA 
 132      086DEF85 
 132      27DF4D95 
 132      CED7
 133 0282 A5141D81 		.ascii	"\245\024\035\201^\257,\307f\016\336\015k\347\307\335"
ARM GAS  C:\cygwin\tmp\ccsMHQtC.s 			page 10


 133      5EAF2CC7 
 133      660EDE0D 
 133      6BE7C7DD 
 134 0292 A0CB4390 		.ascii	"\240\313C\220\326u\021\006\022.\351f\250k\254\037\002"
 134      D6751106 
 134      122EE966 
 134      A86BAC1F 
 134      02
 135 02a3 83EE3304 		.ascii	"\203\3563\004#_\237\256\323M\030\302\276\275\214X\250"
 135      235F9FAE 
 135      D34D18C2 
 135      BEBD8C58 
 135      A8
 136 02b4 BE512F29 		.ascii	"\276Q/)\226.-i\363\225<\266>(G\006\355D[\367:C\350/"
 136      962E2D69 
 136      F3953CB6 
 136      3E284706 
 136      ED445BF7 
 137 02cc 06700DB9 		.ascii	"\006p\015\271\373\207\306\262<\254\253F\371\241\372"
 137      FB87C6B2 
 137      3CACAB46 
 137      F9A1FA
 138 02db 7BDC0095 		.ascii	"{\334\000\225`\331\020\316$\237\011\223tt^\233\337\370"
 138      60D910CE 
 138      249F0993 
 138      74745E9B 
 138      DFF8
 139 02ed 4F68B1FA 		.ascii	"Oh\261\372m\350\317\343\034 \375\216\251d\367\032\303"
 139      6DE8CFE3 
 139      1C20FD8E 
 139      A964F71A 
 139      C3
 140 02fe 10281610 		.ascii	"\020(\026\020g\3020\250\361l\017\357\232y\024\357\357"
 140      67C230A8 
 140      F16C0FEF 
 140      9A7914EF 
 140      EF
 141 030f 9DF1CE10 		.ascii	"\235\361\316\0204\360X\217\027\247B\260\000\346\027"
 141      34F0588F 
 141      17A742B0 
 141      00E617
 142 031e EFBFA6BB 		.ascii	"\357\277\246\273\236G7D\362K\215\375=\021\203\037*\332"
 142      9E473744 
 142      F24B8DFD 
 142      3D11831F 
 142      2ADA
 143 0330 FE1B1A4B 		.ascii	"\376\033\032KzX\303(\375OH\016\327\225\315\033\035\322"
 143      7A58C328 
 143      FD4F480E 
 143      D795CD1B 
 143      1DD2
 144 0342 EDFE00DD 		.ascii	"\355\376\000\335\356Z.Ho\266\347\355E9\376&\321\334"
 144      EE5A2E48 
 144      6FB6E7ED 
 144      4539FE26 
 144      D1DC
 145 0354 CCA3B965 		.ascii	"\314\243\271e\034'X\213e\242B[\337\273\336p\206\213"
ARM GAS  C:\cygwin\tmp\ccsMHQtC.s 			page 11


 145      1C27588B 
 145      65A2425B 
 145      DFBBDE70 
 145      868B
 146 0366 D63EA241 		.ascii	"\326>\242A}\036\350m\243}\250n\353\274\366\260\247\335"
 146      7D1EE86D 
 146      A37DA86E 
 146      EBBCF6B0 
 146      A7DD
 147 0378 665F2CD3 		.ascii	"f_,\323\332\333\372\262b\361\342G\363x2/\305K\375\347"
 147      DADBFAB2 
 147      62F1E247 
 147      F378322F 
 147      C54BFDE7 
 148 038c 701F12E9 		.ascii	"p\037\022\351\303\037\3203Nl\223\370v\304,\276\006\313"
 148      C31FD033 
 148      4E6C93F8 
 148      76C42CBE 
 148      06CB
 149 039e 2291A8F9 		.ascii	"\"\221\250\371\306j\242\325\361hMuE\264\2422^\025\251"
 149      C66AA2D5 
 149      F1684D75 
 149      45B4A232 
 149      5E15A9
 150 03b1 60225EB5 		.ascii	"`\"^\265\355\235\005\323\333b\325\361\232\350{\037o"
 150      ED9D05D3 
 150      DB62D5F1 
 150      9AE87B1F 
 150      6F
 151 03c2 787FC34E 		.ascii	"x\177\303N\\W\021\253\336\374\351\366\265U\221J&\266"
 151      5C5711AB 
 151      DEFCE9F6 
 151      B555914A 
 151      26B6
 152 03d4 C676C8D8 		.ascii	"\306v\310\330\226-5\233\343\377\003\271k\237h"
 152      962D359B 
 152      E3FF03B9 
 152      6B9F68
 153              		.text
 154              		.section	.gnu.lto__tm_init.652bb98d,"",%progbits
 155 0000 789C8554 		.ascii	"x\234\205TMO\023Q\024}\347M;\024*b\214\013\322\304\204"
 155      4D4F1351 
 155      147DE74D 
 155      3B142A62 
 155      8C0BD2C4 
 156 0015 A40B16A6 		.ascii	"\244\013\026\246t\307Op\343\312\337\320\230\270!\032"
 156      74C74F70 
 156      E3CADFD0 
 156      98B8211A 
 157 0025 E8CE34BC 		.ascii	"\350\3164\274\301\222\240 \022V\020\004%Q\001[\371\026"
 157      C192A020 
 157      12561004 
 157      2551015B 
 157      F916
 158 0037 040406AA 		.ascii	"\004\004\006\252\200\200\0300\210(\321.@%1\261-&d\242"
 158      80801830 
 158      8828D12E 
ARM GAS  C:\cygwin\tmp\ccsMHQtC.s 			page 12


 158      402531B1 
 158      2D2664A2 
 159 004b 50EF9B99 		.ascii	"P\357\233\231T>R\234\264ysg\3569\367\334\363\336\035"
 159      543E529C 
 159      B4797367 
 159      EE39F7DC 
 159      F3DE1D
 160 005e 851DBF3C 		.ascii	"\205\035\277<\364\237w0\346\245\025\012\003oXbLsq@\336"
 160      F49F7730 
 160      E6A5150A 
 160      036F5862 
 160      4C737140 
 161 0073 30B04A8E 		.ascii	"0\260J\216Jl\363$G\203\036ir\027?\022B$V\006\012\253"
 161      4A6CF324 
 161      47831E69 
 161      72173F12 
 161      42245606 
 162 0089 0B0DCED8 		.ascii	"\013\015\316\330\016\267h\320\201bF9?\227joA9\017y\277"
 162      0EB768D0 
 162      81624639 
 162      3F976A6F 
 162      41390F79 
 163 009e 587BBF99 		.ascii	"X{\277\231\177\347\006\207n\306\315\273\2133\0052\346"
 163      7FE70687 
 163      6EC6CDBB 
 163      8B330532 
 163      E6
 164 00af 85329CD0 		.ascii	"\2052\234\320\"\365\371\336v\241\213x[\354\222\250\271"
 164      22F5F9DE 
 164      76A18B78 
 164      5BEC92A8 
 164      B9
 165 00c0 A98B3FE9 		.ascii	"\251\213?\351\264bp\005\235P\210\030]\360\340\011<\266"
 165      B4627005 
 165      9D508818 
 165      5DF0E009 
 165      3CB6
 166 00d2 528224C3 		.ascii	"R\202$\303{kn5L\012\316 \002\257U\035Q\250\240E>\351"
 166      7B6B6E35 
 166      4C0ACE20 
 166      02AF551D 
 166      51A8A045 
 167 00e8 39AB8B74 		.ascii	"9\253\213tzgi\271\332\333\302\363Ufpjm\223\262d3[\234"
 167      7A6769B9 
 167      DADBC2F3 
 167      5566706A 
 167      6D93B264 
 168 00ff CB55F988 		.ascii	"\313U\371\210\252DbUsJ \221\266\275\253\357\346\241"
 168      AA446255 
 168      734A2091 
 168      B6BDABEF 
 168      E6A1
 169 0111 DFA246B8 		.ascii	"\337\242F\270\014\356\334\343V\251/\233o\227]R\254\323"
 169      0CEEDCE3 
 169      56A92F9B 
 169      6F975D52 
 169      ACD3
ARM GAS  C:\cygwin\tmp\ccsMHQtC.s 			page 13


 170 0123 0C3BB5F0 		.ascii	"\014;\265\360=\264\242E\0232K\305S\204\320-\245\321"
 170      3DB4A245 
 170      13324BC5 
 170      5384D02D 
 170      A5D1
 171 0135 BBFDE8DD 		.ascii	"\273\375\350\335~\325\027!U\272\323\3409\350\241\304"
 171      7ED51721 
 171      55BAD3E0 
 171      39E8A1C4 
 172 0145 14B7258F 		.ascii	"\024\267%\217O\256\354;\254\227d\230\013\275\360\245"
 172      4FAEEC3B 
 172      AC976498 
 172      0BBDF0A5 
 173 0155 38A4EC3E 		.ascii	"8\244\354>\370\016\326q\321\243~b|\217*q\331\226\226"
 173      F80ED671 
 173      D1A37E62 
 173      7C8F2A71 
 173      D99696
 174 0168 AAEEDA76 		.ascii	"\252\356\332v+E\246{#\335\277\336\270M7\213d8\3328\327"
 174      2B45A67B 
 174      23DDBFDE 
 174      B84D378B 
 174      6438DA38 
 175 017d A49A663A 		.ascii	"\244\232f:d\030\255\273\335\221Gf\212\252xk\354\212"
 175      6418ADBB 
 175      DD914766 
 175      8AAA786B 
 175      EC8A
 176 018f 1E7E20F6 		.ascii	"\036~ \366\323i\030<\027\003\226\227\203\344\345\263"
 176      D369183C 
 176      17039697 
 176      83E4E5B3 
 177 019f 8C971882 		.ascii	"\214\227\030\202\227PMwb?\034\324\272\020\361h@&\223"
 177      97504D77 
 177      623F1CD4 
 177      BA10F168 
 177      402693
 178 01b2 85B234C3 		.ascii	"\205\2624\3030B\314\364i\253\317y\310x}}\006\022m\332"
 178      3042CCF4 
 178      69ABCF79 
 178      C8787D7D 
 178      06126DDA 
 179 01c6 BEC37164 		.ascii	"\276\303qd[\030\236\023\234a\304\324?\253\255\016\347"
 179      5B189E13 
 179      9C61C4D4 
 179      3FABAD0E 
 179      E7
 180 01d7 98CDC717 		.ascii	"\230\315\307\027b\220\355S\201\024m\203\231\205Q\313"
 180      6290ED53 
 180      81146D83 
 180      998551CB 
 181 01e7 8116E361 		.ascii	"\201\026\343a\256\354\304\221\246\253\200a\214d\312"
 181      AEECC491 
 181      A6AB8061 
 181      8C64CA
 182 01f6 DABD5FFB 		.ascii	"\332\275_\373\234\307\210t5C\243\3304/L\032\355\361"
 182      9CC78874 
ARM GAS  C:\cygwin\tmp\ccsMHQtC.s 			page 14


 182      3543A3D8 
 182      342F4C1A 
 182      EDF1
 183 0208 585D8E49 		.ascii	"X]\216IC\345\307m\212\304\177(\0346\305\004|\031L\357"
 183      43E5C76D 
 183      8AC47F28 
 183      1C36C504 
 183      7C194CEF 
 184 021c B72C983C 		.ascii	"\267,\230<\013\343\2641\223\0070\211l\030\267\205Qm"
 184      0BE3B431 
 184      93073089 
 184      6C18B785 
 184      516D
 185 022e 8C7E58EA 		.ascii	"\214~X\352)\222:E\024\033\010\353\237\310Wi\375\321"
 185      29923A45 
 185      141B08EB 
 185      9FC85769 
 185      FDD1
 186 0240 1399BF43 		.ascii	"\023\231\277C~1L\323\206dv\354\306\241\275\212!d\360"
 186      7E314CD3 
 186      866476EC 
 186      C6A1BD8A 
 186      2164F0
 187 0253 D326C986 		.ascii	"\323&\311\206\232\215C!\216\227\3319^Y\034\324\313P"
 187      9A8D4321 
 187      8E97D939 
 187      5E591CD4 
 187      CB50
 188 0265 726DCA1C 		.ascii	"rm\312\034\215]\376\257\235\013\007\034#\242\031\370"
 188      8D5DFEAF 
 188      9D0B071C 
 188      23A219F8 
 189 0275 646A63FB 		.ascii	"djc\373\271\023g\350\350\320\314\23604s'\015\315\353"
 189      B91367E8 
 189      E8D0CC9E 
 189      30347327 
 189      0DCDEB
 190 0288 CCD0CCC3 		.ascii	"\314\320\314\303G\272\250\370\364\007S\244\024E\000"
 190      47BAA8F8 
 190      F40753A4 
 190      144500
 191 0297 31B5BEAB 		.ascii	"1\265\276\253\226\016\212\032:dt,\026P\312>C\323\223"
 191      960E8A1A 
 191      3A64742C 
 191      1650CA3E 
 191      43D393
 192 02aa 17CDEE98 		.ascii	"\027\315\356\230\374\006@\316>\025\360\224\224\370\255"
 192      FC0640CE 
 192      3E15F094 
 192      94F8AD
 193 02b9 DFB50A7F 		.ascii	"\337\265\012\177y\320_Q\036\360\007\256\006\313J\002"
 193      79D05F51 
 193      1EF007AE 
 193      06CB4A02 
 194 02c9 8C07CB94 		.ascii	"\214\007\313\224`\331\365\277\217(\276\244"
 194      60D9F5BF 
 194      8F28BEA4 
ARM GAS  C:\cygwin\tmp\ccsMHQtC.s 			page 15


 195              		.text
 196              		.section	.gnu.lto_chTMChainMeasurementToX.652bb98d,"",%progbits
 197 0000 789C9594 		.ascii	"x\234\225\224]hTG\024\307\347\314\334{\367f?\213 H@"
 197      5D685447 
 197      14C7E7CC 
 197      DC7BF766 
 197      3F8B2048 
 198 0015 5B1A822D 		.ascii	"[\032\202-!\273\350\213B\373\320\322\227R\352\203\205"
 198      21BBE88B 
 198      42FBD0D2 
 198      9752EA83 
 198      85
 199 0026 3EF44921 		.ascii	">\364I!(y\211+\311\242}(8I\326\210\215\225\220\212H"
 199      2879892B 
 199      C9A27D28 
 199      3849D688 
 199      8D95908A 
 200 003b 5BA9ADC4 		.ascii	"[\251\255\304|l\374\210\321\330\330$n4m\242\306|\324"
 200      7C6CFC88 
 200      D1D8D824 
 200      6E346DA2 
 200      C67CD4
 201 004e 4D8B4134 		.ascii	"M\213A4b\202\365!\324\325@\274\375J\317\231\271Z\357"
 201      6282F521 
 201      D4D540BC 
 201      FD4ACF99 
 201      B95AEF
 202 0061 BA0F9B65 		.ascii	"\272\017\233ew\356\33633\277\377\177\3169\367\012\366"
 202      77EEDE33 
 202      33BFFF7F 
 202      CE39F70A 
 202      F6
 203 0072 F2E743FC 		.ascii	"\362\347C\374\225\371\030\333\202W\3601\340Mc\214\325"
 203      95F918DB 
 203      8257F031 
 203      E04D638C 
 203      D5
 204 0083 DA9C8BBE 		.ascii	"\332\234\213\2765L\372\215L\214\311\240\000K\207\015"
 204      354CFA8D 
 204      4C8CC9A0 
 204      004B870D 
 205 0093 6E52C06F 		.ascii	"nR\300o\321d\320|\026\266\000\350\017\003\266\207\013"
 205      D164D07C 
 205      16B600E8 
 205      0F03B687 
 205      0B
 206 00a4 C3B4600F 		.ascii	"\303\264`\017<\344Y\016M\351\324\221\300\332\026)\345"
 206      3CE4590E 
 206      4DE9D491 
 206      C0DA1629 
 206      E5
 207 00b5 A3BAA9CF 		.ascii	"\243\272\251\317\344\241\255\016g\354\011\327\312\320"
 207      E4A1AD0E 
 207      67EC09D7 
 207      CAD0
 208 00c3 0A6B714D 		.ascii	"\012kqM\343\314\027WCb50\374\337{j\341F\340w\356px\215"
 208      E3CC1757 
ARM GAS  C:\cygwin\tmp\ccsMHQtC.s 			page 16


 208      43623530 
 208      FCDF7B6A 
 208      E146E077 
 209 00db 6E2F368F 		.ascii	"n/6\217\034\261\350\226\033t;\321\375G\243(=.e]\372"
 209      1CB1E896 
 209      1B743BD1 
 209      FD47A328 
 209      3D2E655D 
 210 00f0 AFB3F21D 		.ascii	"\257\263\362\035\303\341\002\332@ \017\332\241\030:"
 210      C3E102DA 
 210      40200FDA 
 210      A1183A
 211 00ff A0986188 		.ascii	"\240\230a\210A\012Jq\365\367'\033[\302\342u\315}\372"
 211      410A4A71 
 211      F5F7271B 
 211      5BC2E275 
 211      CD7DFA
 212 0112 E7C190DA 		.ascii	"\347\301\220\332y\254\275\305z\2376v\346\331x\022Ji"
 212      79ACBDC5 
 212      7A9F3676 
 212      E6D97812 
 212      4A69
 213 0124 7536F9CF 		.ascii	"u6\371\317o\001+\211\256_\321f\341\024X\200\327\323"
 213      6F012B89 
 213      AE5FD166 
 213      E1145880 
 213      D7D3
 214 0136 2BD27269 		.ascii	"+\322ri\351\376\320`\326\017+9\3561\004\320&\023H\323"
 214      E9FED060 
 214      D60F2B39 
 214      EE3104D0 
 214      261348D3 
 215 014a 8701D3A6 		.ascii	"\207\001\323\246h\021\015~\032\0028XA\032B4\204)\026"
 215      68110D7E 
 215      1A023858 
 215      411A4234 
 215      842916
 216 015d A181B159 		.ascii	"\241\201\261Y$S\322\3468\247\253\230\206\313=N\353\365"
 216      2453D2E6 
 216      38A7AB98 
 216      86CB3D4E 
 216      EBF5
 217 016f AEA0C7C1 		.ascii	"\256\240\307\301\314\336\324 W\006\236p\3105\007\247"
 217      CCDED420 
 217      57069E70 
 217      C83507A7 
 218 017f C1427767 		.ascii	"\301Bwg\300Z\344>\234\033n\357h\210P\276|\362\230\224"
 218      C05AE43E 
 218      9C1B6EEF 
 218      688850BE 
 218      7CF29894 
 219 0193 615A7E77 		.ascii	"aZ~wv|\322V!F\267\363\267'\346\355\243\360um\223\264"
 219      767CD256 
 219      2146B7F3 
 219      B727E6ED 
 219      A3F0756D 
 220 01a9 1D6E4317 		.ascii	"\035nC\027\036\377,\036\237\346\016\034n\312\370\313"
ARM GAS  C:\cygwin\tmp\ccsMHQtC.s 			page 17


 220      1EFF2C1E 
 220      9FE60E1C 
 220      6ECAF8CB 
 221 01b9 533259FB 		.ascii	"S2Y\373h\374\360\375Jpx\021t\303Qx\214F\225\022\234"
 221      68FCF0FD 
 221      4A707811 
 221      74C35178 
 221      8C469512 
 222 01ce 8372360D 		.ascii	"\203r6\015u\315\275\367:\336&K/\362\205b\234\177\372"
 222      75CDBDF7 
 222      3ADE264B 
 222      2FF28562 
 222      9C7FFA
 223 01e1 ED7C88F8 		.ascii	"\355|\210\370R\246}\016\367/b\246\317\273\374o\026\276"
 223      52A67D0E 
 223      F72F62A6 
 223      CFBBFC6F 
 223      16BE
 224 01f3 BC15292F 		.ascii	"\274\025)/\303$A\217\302RJ\341\002\224\243y\366+\324"
 224      C324418F 
 224      C2524AE1 
 224      0294A379 
 224      F62BD4
 225 0206 A5EF5E03 		.ascii	"\245\357^\003\227\372xo\373\303\200\330\254\016\334"
 225      97FA786F 
 225      FBC380D8 
 225      AC0EDC
 226 0215 79E0F356 		.ascii	"y\340\363V\177\311wX\273\231\266\271\341\240\034\221"
 226      7FC97758 
 226      BB99B6B9 
 226      E1A01C91 
 227 0225 C999A5A5 		.ascii	"\311\231\245\245W\251\206?xk\350\266U/\224,r3\207\230"
 227      57A9863F 
 227      786BE8B6 
 227      552F942C 
 227      72338798 
 228 0239 91FF0E99 		.ascii	"\221\377\016\231\342cEL-8\222\347#\232p1/\361G\"\346"
 228      E263454C 
 228      2D3892E7 
 228      239A7031 
 228      2FF14722 
 229 024e 7AEC7CD0 		.ascii	"z\354|\320=-\304'\212\370\367\276\023m\220\237\330\227"
 229      3D2DC427 
 229      8AF8F7BE 
 229      136D909F 
 229      D897
 230 0260 97D80F25 		.ascii	"\227\330\017%/&\317\304\320\000\316br{\262}\226\247"
 230      2F26CFC4 
 230      D000CE62 
 230      727BB27D 
 230      96A7
 231 0272 CC4A12D7 		.ascii	"\314J\022\327\223\013:\233\333\014\374\245f\270\244"
 231      930B3A9B 
 231      DB0CFCA5 
 231      66B8A4
 232 0281 9A214DCD 		.ascii	"\232!M\315\300\275\245\260U%\314\234J\244\250\275\234"
 232      C0BDA5B0 
ARM GAS  C:\cygwin\tmp\ccsMHQtC.s 			page 18


 232      5525CC9C 
 232      4AA4A8BD 
 232      9C
 233 0292 A0C30330 		.ascii	"\240\303\0030\250\352\3015\003.\2532\32777\214\202\306"
 233      A8EAC135 
 233      032EAB32 
 233      D737378C 
 233      82C6
 234 02a4 D99A38F9 		.ascii	"\331\2328\371\325\211z\325^\001`pE\333mVK\012\225K["
 234      D5897AD5 
 234      5E016070 
 234      45DB6D56 
 234      4B0A954B 
 235 02b9 B479C8A3 		.ascii	"\264y\310\243\366\0235\200\255\216\336\325\277Q\013"
 235      F6133580 
 235      AD8EDED5 
 235      BF510B
 236 02c8 16150254 		.ascii	"\026\025\002T\235\364\263\333I\2325\254\235\037j\270"
 236      9DF4B3DB 
 236      499A35AC 
 236      9D1F6AB8 
 237 02d8 CD3508B7 		.ascii	"\3155\010\267\371\020\247\234\336\013/\327\252\011#"
 237      F910A79C 
 237      DE0B2FD7 
 237      AA0923
 238 02e7 1EFC55B2 		.ascii	"\036\374U\262\352\327U\352/\323\012\201B\2018\023\204"
 238      EAD755EA 
 238      2FD30A81 
 238      42813813 
 238      84
 239 02f8 6B8A275C 		.ascii	"k\212'\\\336u\375<\335\331\267\340\332\015j<\246\376"
 239      DE75FD3C 
 239      DDD9B7E0 
 239      DA0D6A3C 
 239      A6FE
 240 030a D90142A8 		.ascii	"\331\001B\250\200\361\345\247Z\311\215z\344n\220\375"
 240      80F1E5A7 
 240      5AC98D7A 
 240      E46E90FD 
 241 031a 90CEF440 		.ascii	"\220\316\364@T\363\303\005gzL\261\014\2275\216\326\247"
 241      54F3C305 
 241      677A4CB1 
 241      0C97358E 
 241      D6A7
 242 032c 2039565F 		.ascii	" 9V_\374<\321a\325\332s(\327\267F\220\337\354\300\033"
 242      FC3CD161 
 242      D5DA7328 
 242      D7B74690 
 242      DFECC01B 
 243 0340 CBCAF82A 		.ascii	"\313\312\370*\222\231\360\310L\352\214\023\326`\231"
 243      9299F0C8 
 243      4CEA8C13 
 243      D66099
 244 034f 9850A9BF 		.ascii	"\230P\251\277\364\226\326\214\024\354\375\027\0055]"
 244      F496D68C 
 244      14ECFD17 
 244      05355D
ARM GAS  C:\cygwin\tmp\ccsMHQtC.s 			page 19


 245 035e E84DED7D 		.ascii	"\350M\355}\264~\307s\357\021\327\273\311\366\257V\336"
 245      B47EC773 
 245      EF11D7BB 
 245      C9F6AF56 
 245      DE
 246 036f BB86B262 		.ascii	"\273\206\262b\371\3463\036\235\251\377\315[\352\025"
 246      F9E6331E 
 246      9DA9FFCD 
 246      5BEA15
 247 037e 7F076AD3 		.ascii	"\177\007j\323\331\017\350\371%\265Y\354+\214\342\333"
 247      D90FE8F9 
 247      25B559EC 
 247      2B8CE2DB 
 248 038e B5381A8D 		.ascii	"\2658\032\215\351o\274&V\235\210\325TW\304**\023U\321"
 248      E96FBC26 
 248      569D88D5 
 248      5457C42A 
 248      2A1355D1 
 249 03a2 0A6624AA 		.ascii	"\012f$\252v\256\243a\375\2339\213v\306\253\0235\261"
 249      76AEA361 
 249      FD9B398B 
 249      76C6AB13 
 249      35B1
 250 03b4 773FDAF4 		.ascii	"w?\332\364\336\246OquE\274z\333\226]\033\252\242\225"
 250      DEA64F71 
 250      7545BC7A 
 250      DB965D1B 
 250      AAA295
 251 03c7 4CE072B1 		.ascii	"L\340r\261#\276\333\212o\337^\263-\361\037\214z\240"
 251      23BEDB8A 
 251      6FDF5EB3 
 251      2DF11F8C 
 251      7AA0
 252 03d9 43       		.ascii	"C"
 253              		.text
 254              		.section	.gnu.lto_.symbol_nodes.652bb98d,"",%progbits
 255 0000 789C6366 		.ascii	"x\234cf``\310c\200\002\246'\214\365\014\014\023\316"
 255      6060C863 
 255      8002A627 
 255      8CF50C0C 
 255      13CE
 256 0012 3130D4D7 		.ascii	"10\324\3273\314[\300\301\300\364\224\261\236\021E\340"
 256      33CC5BC0 
 256      C1C0F494 
 256      B19E1145 
 256      E0
 257 0023 19633D13 		.ascii	"\031c=\023\262\000\353\013F\006\201z\006\246\307\214"
 257      B200EB0B 
 257      4606817A 
 257      06A6C78C 
 258 0033 F5CC280A 		.ascii	"\365\314(\012\2373\326\263 \0130\263024\265\275\221"
 258      9F33D6B3 
 258      200B30B3 
 258      303234B5 
 258      BD91
 259 0045 67666162 		.ascii	"gfabX\004\244\031\000\001\012\037}"
 259      5804A419 
ARM GAS  C:\cygwin\tmp\ccsMHQtC.s 			page 20


 259      00010A1F 
 259      7D
 260              		.text
 261              		.section	.gnu.lto_.refs.652bb98d,"",%progbits
 262 0000 789C6366 		.ascii	"x\234cf``\340c\200\000F&\006f&&\026FfFFfn\006\000\002"
 262      6060E063 
 262      80004626 
 262      06662626 
 262      16466646 
 263 001a 6C0034   		.ascii	"l\0004"
 264              		.text
 265              		.section	.gnu.lto_.decls.652bb98d,"",%progbits
 266 0000 789CBD3A 		.ascii	"x\234\275:iTT\331\231u\337-\212\252\242\200N\333m\022"
 266      695454D9 
 266      9975DF2D 
 266      8AAAA280 
 266      4EDB6D12 
 267 0014 4FCF8C21 		.ascii	"O\317\214!\035N'i\343\322N\27233g\322\011\335Iz\322"
 267      1D4E2769 
 267      E3D24EBA 
 267      333367D2 
 267      09DD497A 
 268 0029 763BAD99 		.ascii	"v;\255\231\3519q\016\203P*\011\333\024\205\332\277\246"
 268      E939710E 
 268      83502A09 
 268      DB1485DA 
 268      BFA6
 269 003b 04510417 		.ascii	"\004Q\004\027\004Q\020\221B@\331AZ\004dGE\026A\020\221"
 269      04511091 
 269      4240D941 
 269      5A046447 
 269      45164110 
 270 0050 4DA51015 		.ascii	"M\245\020\025PD\020l\301\215\371\356\275\257\352\275"
 270      5044106C 
 270      C18DF9EE 
 270      BDAFEABD 
 271 0060 7ABCB2CD 		.ascii	"z\274\262\315\311\231\341\370\371\336w\357w\277\375"
 271      C999E1F8 
 271      F9DE77EF 
 271      77BFFD
 272 006f 7E77A987 		.ascii	"~w\251\207\025\012\305nN\241\230\203?\327\367\024\212"
 272      150AC56E 
 272      4EA19883 
 272      3FD7F714 
 272      8A
 273 0080 EB2A8502 		.ascii	"\353*\205\002\376)V\003@\263\342\007\000\036\012\366"
 273      FE295603 
 273      40B3E207 
 273      001E0AF6 
 274 0090 E704D00F 		.ascii	"\347\004\320\0170\000p\023\3406\300=\000\004\360\024"
 274      30007013 
 274      E036C03D 
 274      0004F014 
 275 00a0 29ECFE08 		.ascii	")\354\376\010\235\226\347\343\006\240\003\350\006\350"
 275      9D96E7E3 
 275      06A003E8 
 275      06E8
ARM GAS  C:\cygwin\tmp\ccsMHQtC.s 			page 21


 276 00ae 0228E5F9 		.ascii	"\002(\345\371V\0034\363\374\011\357\313\000m\000\035"
 276      560334F3 
 276      FC09EFCB 
 276      006D001D 
 277 00be 009D00ED 		.ascii	"\000\235\000\355<\357~\305\374?\242\203F\206?\341\375"
 277      3CEF7EC5 
 277      FC3FA283 
 277      46863FE1 
 277      FD
 278 00cf 0128FE3E 		.ascii	"\001(\376>\261\0111y\304\216\345\034\343\313\361c\377"
 278      B1093179 
 278      C48EE51C 
 278      E3CBF163 
 278      FF
 279 00e0 919BCF93 		.ascii	"\221\233\317\223\330\364\232\014\317\037\360|=$\274"
 279      D8F49A0C 
 279      CF1FF07C 
 279      3D24BC
 280 00ef FF099EB3 		.ascii	"\377\011\236\263\360\034\342\345X\355Q\363\362\036A"
 280      F01CE2E5 
 280      58ED51F3 
 280      F21E41
 281 00fe BB05315B 		.ascii	"\273\0051[:x{\332x;1/\217\350\361kN\336\207\304\277"
 281      3A787BDA 
 281      783B312F 
 281      8FE8F16B 
 281      4EDE87C4 
 282 0113 EE127DBA 		.ascii	"\356\022}\272x}\304\262Ky=\305\376\364\202\376^x:+\004"
 282      787DC4B2 
 282      4B793DC5 
 282      FEF482FE 
 282      5E783A2B 
 283 0128 3DE4FCAB 		.ascii	"=\344\374\253\344\345\210\343*\247\013\211\263\353_"
 283      E4E588E3 
 283      2AA70B89 
 283      B3EB5F
 284 0137 E01BB13F 		.ascii	"\340\033\261?T\"\377[\345\212\375pO\344\007\351\337"
 284      5422FF5B 
 284      E58AFD70 
 284      4FE407E9 
 284      DF
 285 0148 2487CA0B 		.ascii	"$\207\312\013\246[]F8\344\246]L\3203q\215\211*@uZ%A"
 285      A65B5D46 
 285      38E4A65D 
 285      4CD03371 
 285      8D892A40 
 286 0160 2FC6A426 		.ascii	"/\306\244&q\264\267\026\021<\351\361\305\006w\332\375"
 286      71B4B716 
 286      113CE9F1 
 286      C50677DA 
 286      FD
 287 0171 3D823E8A 		.ascii	"=\202>\212\2644\3520G\273\322\023\007\257h\337\3151"
 287      B434EA30 
 287      47BBD213 
 287      07AF68DF 
 287      CD31
 288 0183 994C51A6 		.ascii	"\231LQ\246\332\021N\2200p\374\332\234\022\277E\211j"
ARM GAS  C:\cygwin\tmp\ccsMHQtC.s 			page 22


 288      DA114E90 
 288      3070FCDA 
 288      9C12BF45 
 288      896A
 289 0195 AA671AB4 		.ascii	"\252g\032\264\370m\372\276;\312\322\244\305K\350\373"
 289      F86DFABE 
 289      3BCAD2A4 
 289      C54BE8FB 
 290 01a5 B6E315BB 		.ascii	"\266\343\025\273\235\201\357\017\264lH\362l\206\206"
 290      9D81EF0F 
 290      B46C48F2 
 290      6C8686
 291 01b4 A264E6B8 		.ascii	"\242d\346\270C\023\327x\307\224\356\206<\265\031 `b"
 291      4313D778 
 291      C794EE86 
 291      3CB51920 
 291      6062
 292 01c6 26AEE12D 		.ascii	"&\256\341-\223I\211\276FZT\2100\312C\357\022\317\222"
 292      934989BE 
 292      465A5488 
 292      30CA43EF 
 292      12CF92
 293 01d9 D1E42FCA 		.ascii	"\321\344/\312d\0127\305F\2304\215n\012t\002-BYh\221"
 293      640A37C5 
 293      4698348D 
 293      6E0A7402 
 293      2D425968 
 294 01ee 0215234F 		.ascii	"\002\025#O\240\240\264\250\010\032OB#0>\377\254z\273"
 294      A0A0B4A8 
 294      081A4F42 
 294      23303EFF 
 294      AC7ABB
 295 0201 13D27ACA 		.ascii	"\023\322z\312\017*\221\031DU\310\313<\264\220\250p\012"
 295      0F2A9119 
 295      4455C8CB 
 295      3CB490A8 
 295      700A
 296 0213 54281054 		.ascii	"T(\020T\000\215\254\206s\203\217\033\307\220U\345\306"
 296      008DAC86 
 296      73838F1B 
 296      C79055E5 
 296      C6
 297 0224 13439B22 		.ascii	"\023C\233\"L\037\242R\240\317\027\350O\241\227\352|"
 297      4C1FA252 
 297      A0CF17E8 
 297      4FA197EA 
 297      7C
 298 0235 5A566734 		.ascii	"ZVg42<\275\317\011'0\307\267N\234\276\254\306\207\031"
 298      323CBDCF 
 298      092730C7 
 298      B74E9CBE 
 298      ACC68719 
 299 0249 F260FFD0 		.ascii	"\362`\377\320\023WlfHF\302\301<'\032-5AK\256\034*\344"
 299      13576C66 
 299      4846C2C1 
 299      3C271A2D 
 299      35414BAE 
ARM GAS  C:\cygwin\tmp\ccsMHQtC.s 			page 23


 300 0260 7026EDE3 		.ascii	"p&\355\343J\016>\254V\361\312\231s0B\325\240X\345++"
 300      4A0E3EAC 
 300      56F1CA99 
 300      733042D5 
 300      A058E52B 
 301 0275 5625AFD8 		.ascii	"V%\257\330\225\236\241\035J\234\307\304\027\247g\236"
 301      959EA11D 
 301      4A9CC7C4 
 301      17A7679E 
 302 0285 D6D0E4F9 		.ascii	"\326\320\344\371\220\240}\025;\236jp\001\353;0Q\326"
 302      90A07D15 
 302      3B9E6A70 
 302      01EB3B30 
 302      51D6
 303 0297 A3C1A50C 		.ascii	"\243\301\245\014\231lM9\347\206k9\273T\360`\2510\273"
 303      996C4D39 
 303      E7866B39 
 303      BB54F060 
 303      A930BB
 304 02aa 73D7762D 		.ascii	"s\327v-E\347\254\177T\377\346\310\375\231:k\330\314"
 304      45E7AC7F 
 304      54FFE6C8 
 304      FD993A6B 
 304      D8CC
 305 02bc 11A6EF6C 		.ascii	"\021\246\357l;\371\226\002\325\202*\025D\277\013\240"
 305      3BF99602 
 305      D5822A15 
 305      44BF0BA0 
 306 02cc 9F07AFDF 		.ascii	"\237\007\257\3379h<o\215\333\3147,u\032\300\334\263"
 306      39683C6F 
 306      8DDBCC37 
 306      2C751AC0 
 306      DCB3
 307 02de 82B91E42 		.ascii	"\202\271\036B\330\256\2274=wr\314\271\311\021\347\274"
 307      D8AE9734 
 307      3D7772CC 
 307      B9C911E7 
 307      BC
 308 02ef CCA33423 		.ascii	"\314\2434#\032\201s\275\300\271A\224\021\215\3473\256"
 308      1A8173BD 
 308      C0B94194 
 308      118DE733 
 308      AE
 309 0300 AA1DB36E 		.ascii	"\252\035\263nq\304\272\361\002K\236f`]'\260n\024X\243"
 309      71C4BAF1 
 309      024B9E66 
 309      605D27B0 
 309      6E1458A3 
 310 0314 6B550595 		.ascii	"kU\005\225Z\334\302|\330rsfJG\003\377\032\240\316I\355"
 310      5ADCC27C 
 310      D8727366 
 310      4A4703FF 
 310      1AA0CE49 
 311 0329 95EB91C7 		.ascii	"\225\353\221\307\002\017\370\3634\203\350\211\202\226"
 311      020FF8F3 
 311      3483E889 
 311      8296
ARM GAS  C:\cygwin\tmp\ccsMHQtC.s 			page 24


 312 0337 3BBF8B8F 		.ascii	";\277\213\2170e|\217\246c9p\274\204\026\010\301}g\221"
 312      30657C8F 
 312      A6633970 
 312      BC841608 
 312      C17D6791 
 313 034b 82861A38 		.ascii	"\202\206\0328\357\007\361\246X\223\351\303D\210~6\020"
 313      EF07F1A6 
 313      5893E9C3 
 313      44887E36 
 313      10
 314 035c E490664A 		.ascii	"\344\220fJ\016J\240+\240\361e\344\201\332\000:\000:"
 314      0E4AA02B 
 314      A0F165E4 
 314      81DA003A 
 314      003A
 315 036e 01DA115B 		.ascii	"\001\332\021[\322\210$s\312YUT\204\212*~\221\027c3\267"
 315      D2882473 
 315      CA595554 
 315      848A2A7E 
 315      91176333 
 316 0383 95B2FAC9 		.ascii	"\225\262\372\311\"+mr\272\252q\031\325\350\214T\243"
 316      222B6D72 
 316      BAAA7119 
 316      D5E88C54 
 316      A3
 317 0394 0A096992 		.ascii	"\012\011i\222\215\264LVy\201\362\010\245$\311]#\317"
 317      8DB44C56 
 317      7981F208 
 317      A524C95D 
 317      23CF
 318 03a6 94D949DC 		.ascii	"\224\331I\334lILW\231\020\241Q\360\036\266\0251\256"
 318      6C494C57 
 318      9910A151 
 318      F01EB615 
 318      31AE
 319 03b8 C9D2B113 		.ascii	"\311\322\261\023\243\005\236\262\376@W\301\015\257\342"
 319      A3059EB2 
 319      FE4057C1 
 319      0DAFE2
 320 03c7 122AE5A8 		.ascii	"\022*\345\250\257\032u\001q\256\020H\"\322\032\310\306"
 320      AF1A7501 
 320      71AE1048 
 320      22D21AC8 
 320      C6
 321 03d8 E8CA78AD 		.ascii	"\350\312x\255.Z\230u\224\330\252\264\002u#\035O\331"
 321      2E5A9875 
 321      94D8AAB4 
 321      0275231D 
 321      4FD9
 322 03ea 6B197CA0 		.ascii	"k\031|\240Tr\254\015\375\221\026\354\334\234\347m\252"
 322      5472AC0D 
 322      FD9116EC 
 322      DC9CE76D 
 322      AA
 323 03fb EF26502D 		.ascii	"\357&P-#L\257)\321\352\205\242\261\275\350\273\360\177"
 323      234CAF29 
 323      D1EA85A2 
ARM GAS  C:\cygwin\tmp\ccsMHQtC.s 			page 25


 323      B1BDE8BB 
 323      F07F
 324 040d 0F523206 		.ascii	"\017R2\006I\311\215\211J\374\210\345\314\270y\337\244"
 324      49C98D89 
 324      4AFC88E5 
 324      CCB879DF 
 324      A4
 325 041e CBE2A326 		.ascii	"\313\342\243&K\321\304\356\374\207\313\222L\346p\323"
 325      4BD1C4EE 
 325      FC87CB92 
 325      4CE670D3 
 326 042e 0B986C1C 		.ascii	"\013\230l\034\031\205\372l\312*\310;U\026\365\243\305"
 326      1985FA6C 
 326      CA2AC83B 
 326      5516F5A3 
 326      C5
 327 043f 30D0DCD0 		.ascii	"0\320\334\320~\307\025\247b\312e\327\376\3644\035.a"
 327      7EC715A7 
 327      62CA65D7 
 327      FEF4341D 
 327      2E61
 328 0451 48FEC103 		.ascii	"H\376\301\003]\010\024D\327\351\010h9x\365\302)7*\304"
 328      5D081444 
 328      D7E90868 
 328      3978F5C2 
 328      29372AC4 
 329 0465 7277E882 		.ascii	"rw\350\202\316\324h\252\235\233\253\371\220j\206\256"
 329      CED468AA 
 329      9D9BABF9 
 329      906A86AE 
 330 0475 5965A01B 		.ascii	"Ye\240\033\240!A\231\230\001*\346aS\3769-\256v\304\371"
 330      A0214199 
 330      98012AE6 
 330      6153FE39 
 330      2DAE76C4 
 331 048a 5A447987 		.ascii	"ZDy\207;\345l\236\203\2203\276\224\255\305\306v\220"
 331      3BE56C9E 
 331      839033BE 
 331      94ADC5C6 
 331      7690
 332 049c B0B558D9 		.ascii	"\260\265X\331\336\244l+\236\336\274\242t\350\260!\352"
 332      DEA46C2B 
 332      9EDEBCA2 
 332      74E8B021 
 332      EA
 333 04ad B03FF2FE 		.ascii	"\260?\362\376J,\277\027\353\212;\231\0129\305I\367\235"
 333      4A2CBF17 
 333      EB8A3B99 
 333      0A39C549 
 333      F79D
 334 04bf 40A0B9C8 		.ascii	"@\240\271\310\222rV_\273\335\364ln\016\323\021\350\226"
 334      9272565F 
 334      BBDDF46C 
 334      6E0ED311 
 334      E896
 335 04d1 C859B7AC 		.ascii	"\310Y\267\254\342nSqr1\313h?\222\217lmw\020m,\265\\"
 335      E26E5371 
ARM GAS  C:\cygwin\tmp\ccsMHQtC.s 			page 26


 335      7231CB68 
 335      3F928F6C 
 335      6D77106D 
 336 04e8 DBEDEC50 		.ascii	"\333\355\354P\257\021\252\327\2605\220w\372\373\203"
 336      AF11AAD7 
 336      B0359077 
 336      FAFB83
 337 04f7 F03547AE 		.ascii	"\3605G\256\271\3344P\245b\232f\335\026;\035\270\240"
 337      B9DC3450 
 337      A5629A66 
 337      DD163B1D 
 337      B8A0
 338 0509 519B77EE 		.ascii	"Q\233w\356\022\357\214Z\325\275G\325\215\253L\013W\323"
 338      12EF8C5A 
 338      D5BD47D5 
 338      8DAB4C0B 
 338      57D3
 339 051b 126E7A93 		.ascii	"\022nz\223\260\032\314\211\234d\333\203v\216\340;z\313"
 339      B01ACC89 
 339      9C64DB83 
 339      768EE03B 
 339      7ACB
 340 052d F4789A09 		.ascii	"\364x\232\011.\255\233\376\016\206\372G\336+fN\237p"
 340      2EAD9BFE 
 340      0E86FA47 
 340      DE2B664E 
 340      9F70
 341 053f A3E32C6C 		.ascii	"\243\343,l)\250\034y\304\366\015o\0214\374\371\323["
 341      29A81C79 
 341      C4F60D6F 
 341      1134FCF9 
 341      D35B
 342 0551 6E389AD1 		.ascii	"n8\232\321\226g\226f\273\342C\014\031\337y\250\013\326"
 342      96679666 
 342      BBE2430C 
 342      19DF79A8 
 342      0BD6
 343 0563 28861C6E 		.ascii	"(\206\034n\352w\307%\354=\263\366q\014\333\211\230\251"
 343      EA77C725 
 343      EC3DB3F6 
 343      710CDB89 
 343      98A9
 344 0575 7F72CAA2 		.ascii	"\177r\312\242\237\252)\307\217\010\232]\234?\316\341"
 344      9FAA29C7 
 344      8F089A5D 
 344      9C3FCEE1 
 345 0585 06463B94 		.ascii	"\006F;\224\332r\307\035_bH\302p\376C\015\356eH\357\336"
 345      DA72C71D 
 345      5F6248C2 
 345      70FE430D 
 345      EE6548EF 
 346 059a A95835B6 		.ascii	"\251X5\2660\344\352\276{Wtx\230\"\\\306hx\256\223m\261"
 346      30E4EABE 
 346      7B577478 
 346      98225CC6 
 346      6878AE93 
 347 05b0 DE394CEB 		.ascii	"\3369L\353\355\013(\033\317^yM|.\277&\246\236{\224\346"
ARM GAS  C:\cygwin\tmp\ccsMHQtC.s 			page 27


 347      ED0B281B 
 347      CF5E794D 
 347      7C2EBF26 
 347      A69E7B94 
 348 05c5 821F3099 		.ascii	"\202\0370\231\235\267&\306\324\370\033\2064\264v\334"
 348      9DB726C6 
 348      D4F81B86 
 348      34B476DC 
 349 05d5 42CC26EA 		.ascii	"B\314&\352\315\264\241\346\026\027j\323\333\004\215"
 349      CDB4A1E6 
 349      16176AD3 
 349      DB048D
 350 05e4 3D51DBE0 		.ascii	"=Q\333\340\202_0\332\313\017\313M\3168\332\211*\273"
 350      825F30DA 
 350      CB0FCB4D 
 350      CE38DA89 
 350      2ABB
 351 05f6 A763009A 		.ascii	"\247c\000\232=uT\331\334\222So\244\232Lj\264\203\323"
 351      3D7554D9 
 351      DC92536F 
 351      A49A4C6A 
 351      B483D3
 352 0609 A1ED9C4D 		.ascii	"\241\355\234M\333\317uLYq)\021%\021\212\344<\201\206"
 352      DBCF754C 
 352      59712911 
 352      25118AE4 
 352      3C8186
 353 061c A70609DF 		.ascii	"\247\006\011\337\230\032\242\335q9\225\200\242\247\266"
 353      981AA2DD 
 353      71399580 
 353      A2A7B6
 354 062b D7E97025 		.ascii	"\327\351p%C\036T5\245\270\343\032\206\214L\216\\u\303"
 354      431E5435 
 354      A5B8E31A 
 354      868C4C8E 
 354      5C75C3
 355 063e F50C89BF 		.ascii	"\365\014\211\277[{\323\015\237g\310\261\232\241\010"
 355      5B7BD30D 
 355      9F67C8B1 
 355      9AA108
 356 064d 1D6E6448 		.ascii	"\035ndH\177\354\216,\015naH^Z\322i\015\276\304\220\361"
 356      7FEC8E2C 
 356      0D6E6148 
 356      5E5AD269 
 356      0DBEC490 
 357 0662 A6BC9B1C 		.ascii	"\246\274\233\034\356d\210u\373\251\243\333O\227\351"
 357      EE648875 
 357      FBA9A3DB 
 357      4F97E9
 358 0671 EC8A341D 		.ascii	"\354\2124\035\362`\177\013<<=\330rUjy;\273\330T\273"
 358      F2607F0B 
 358      3C3C3DD8 
 358      72556A79 
 358      3BBBD854 
 359 0686 1D531BA3 		.ascii	"\035S\033\243\300\306DN~\275b5?\233\324|B\272[J\332"
 359      C0C6444E 
 359      7EBD6235 
ARM GAS  C:\cygwin\tmp\ccsMHQtC.s 			page 28


 359      3F9BD47C 
 359      42BA5B4A 
 360 069b 8A24B429 		.ascii	"\212$\264)6\332=R\332\034\311\242s\330F\032-%\255\220"
 360      36DA3D52 
 360      DA1CC9A2 
 360      73D8461A 
 360      2D25AD90 
 361 06af B24DB2D1 		.ascii	"\262M\262\321\356\222\247\025\330\246\332H\367IIc9{"
 361      EE92A715 
 361      D8A6DA48 
 361      F7494963 
 361      397B
 362 06c1 D27D36D2 		.ascii	"\322}6\322\235\262>\370\211\335\222mT\240m\334\"\024"
 362      9DB23EF8 
 362      89DD926D 
 362      54A06DDC 
 362      2214
 363 06d3 0E4C5004 		.ascii	"\016LP\004OOV\250\303\020\370C\234\007\332\017\220\000"
 363      4F4F56A8 
 363      C310F843 
 363      9C07DA0F 
 363      9000
 364 06e5 70002019 		.ascii	"p\000 \031 \016 \036 \011\340 'Z\304\217\332\304\356"
 364      200E201E 
 364      2009E020 
 364      275AC48F 
 364      DAC4EE
 365 06f8 95F79168 		.ascii	"\225\367\221h\015\035\333I\326P\240\221\254\241\204"
 365      0D1DDB49 
 365      D650A091 
 365      ACA184
 366 0707 912539BB 		.ascii	"\221%9\273\031\312\017c\025#\037\032j\002$\306pdT\206"
 366      19CA0F63 
 366      15231F1A 
 366      6A0224C6 
 366      70645486 
 367 071b 93DD3228 		.ascii	"\223\3352(&V\240#\234u\031\034\335\031\371/\330\244"
 367      2656A023 
 367      9C75191C 
 367      DD19F92F 
 367      D8A4
 368 072d 22E984EB 		.ascii	"\"\351\204\353b\366oA\2207\373\371\272I|`\023`\002\211"
 368      62F66F41 
 368      9037FBF9 
 368      BA497C60 
 368      13600289 
 369 0741 47791F98 		.ascii	"Gy\037\230\301\007\251\"\033a\026\215,,d9\006\254Q\012"
 369      C107A922 
 369      1B61168D 
 369      2C2C6439 
 369      06AC510A 
 370 0755 4F2BE35F 		.ascii	"O+\343_jfo$1\363\350<3A\237g\011C;\324x;U\010\015\234"
 370      6A666F24 
 370      31F3E83C 
 370      33419F67 
 370      09433BD4 
 371 076f 3E3FA5C1 		.ascii	">?\245\301\321\0149\\4\363X\213\343\030\322\230\233"
ARM GAS  C:\cygwin\tmp\ccsMHQtC.s 			page 29


 371      D10C395C 
 371      34F3588B 
 371      E318D298 
 371      9B
 372 0780 F25FF830 		.ascii	"\362_\3700}W\016\035):\355\216<\027-\242\345'\012*O"
 372      7D570E1D 
 372      293AED8E 
 372      3C172DA2 
 372      E5270A2A 
 373 0795 16A74519 		.ascii	"\026\247E\031\034\026\030+\022\241}\346\227\244\003"
 373      1C16182B 
 373      12A17DE6 
 373      97A403
 374 07a4 5ED5F449 		.ascii	"^\325\364I\313\320D\234\011\177O\201\336]\204~\014j"
 374      CBD0449C 
 374      097F4F81 
 374      DE5D847E 
 374      0C6A
 375 07b6 66825DA4 		.ascii	"f\202]\244\013\314\206\320\037\347h\005\272\031?\271"
 375      0BCC86D0 
 375      1FE76805 
 375      BA193FB9 
 376 07c6 CB49CB53 		.ascii	"\313I\313SG}\033ubt"
 376      477D1B75 
 376      6274
 377 07d0 6294CECE 		.ascii	"b\224\316\316\363\331\240\214\340\371\034\233\347\273"
 377      F3D9A08C 
 377      E0F91C9B 
 377      E7BB
 378 07de 86F6C36E 		.ascii	"\206\366\303n4\225\331\363\354\371\366C\356\3708C\016"
 378      3495D9F3 
 378      ECF9F643 
 378      EEF83843 
 378      0E
 379 07ef 75F4942A 		.ascii	"u\364\224*q!C\242\373\263/:\343R\225\335\366~!\333\336"
 379      712143A2 
 379      FBB32F3A 
 379      E35295DD 
 379      F67E21DB 
 380 0804 EF6D395C 		.ascii	"\357m9\\\207)\312\266\365qC\323\231\310\272C\2667\255"
 380      8729CAB6 
 380      F57143D3 
 380      99C8BA43 
 380      B637AD
 381 0817 18945DC8 		.ascii	"\030\224]\310\227\327BP\267\210\263n\351\237X\020\331"
 381      97D74250 
 381      B788B36E 
 381      E99F5810 
 381      D9
 382 0828 789F0435 		.ascii	"x\237\0045\013\204\372\267P\330w[\2723\377U\236\351"
 382      0B84FAB7 
 382      50D8775B 
 382      BA33FF55 
 382      9EE9
 383 083a 29474CF3 		.ascii	")GL\3632[\336\244GL`\232/0=\311\211\270\246=\336(\317"
 383      325BDEA4 
 383      474C609A 
ARM GAS  C:\cygwin\tmp\ccsMHQtC.s 			page 30


 383      2F303DC9 
 383      89B8A63D 
 384 0851 F5B423AE 		.ascii	"\365\264#\256\215'\356\320\205\245\004\270\346\011\\"
 384      8D27EED0 
 384      85A504B8 
 384      E6095C
 385 0860 BF16B8A2 		.ascii	"\277\026\270\242\276\274\356s\030\3271o\265v%F\272\342"
 385      BEBCEE73 
 385      18D7316F 
 385      B5762546 
 385      BAE2
 386 0872 268A705D 		.ascii	"&\212p]\317w,\220\227w\306\201<s\"\034\354\312AV\231"
 386      CF772C90 
 386      9777C681 
 386      3C73221C 
 386      ECCA4156 
 387 0887 BCACA187 		.ascii	"\274\254\241\207}Y:\334\301de\335l\213s\245\253\321"
 387      7D593ADC 
 387      C16465DD 
 387      6C8B73A5 
 387      ABD1
 388 0899 3B043DB2 		.ascii	";\004=\262s\372\211\022\3672\321\247\366\014Dby\331"
 388      73FA8912 
 388      F732D1A7 
 388      F60C4462 
 388      79D9
 389 08ab 358E641F 		.ascii	"5\216d\037&\207J\220]%/{\360n\365q%\036\344\247\311"
 389      26874A90 
 389      5D252F7B 
 389      F06EF571 
 389      251EE4A7 
 390 08c0 E3817A67 		.ascii	"\343\201zg*{\031AO5\014\264\272\342\021\326W1\034\336"
 390      2A7B1941 
 390      4F350CB4 
 390      BAE211D6 
 390      57311CDE 
 391 08d4 EB8CC719 		.ascii	"\353\214\307\0312swx\014\341o\030Rp\375\354\026\030"
 391      32737778 
 391      0CE16F18 
 391      5270FDEC 
 391      1618
 392 08e6 A4D292D9 		.ascii	"\244\322\222\331>C\217\206\377\003\315M\235\227\332"
 392      3E438F86 
 392      FF03CD4D 
 392      9D97DA
 393 08f5 9D683B69 		.ascii	"\235h;ir&\372\317\236+\203d\244\372\233\346/\334\215"
 393      7226FACF 
 393      9E2B8364 
 393      A4FA9BE6 
 393      2FDC8D
 394 0908 60828A37 		.ascii	"`\202\2127\341<\230\320`\313\254\027\2034\263.\200\031"
 394      E13C98D0 
 394      60CBAC17 
 394      8334B32E 
 394      8019
 395 091a E7043354 		.ascii	"\347\0043TB\016\364\226\244\235\261]K\344Ev\323\234"
 395      420EF496 
ARM GAS  C:\cygwin\tmp\ccsMHQtC.s 			page 31


 395      A49DB15D 
 395      4BE44576 
 395      D39C
 396 092c 6906F2B3 		.ascii	"i\006\362\263\002\371\005N\3306\310Ho\222\221\016\234"
 396      02F9054E 
 396      D836C848 
 396      6F92910E 
 396      9C
 397 093d 8F5D1E8A 		.ascii	"\217]\036\212\026\335\036\260\015\311E\340\\/pn~9\347"
 397      16DD1EB0 
 397      0DC945E0 
 397      5C2F706E 
 397      7E39E7
 398 0950 1659CE28 		.ascii	"\026Y\316(\266\273\367\205\032\233\234\251\017\257d"
 398      B6BBF785 
 398      1A9B9CA9 
 398      0FAF64
 399 095f B79BDDF1 		.ascii	"\267\233\335\361N\206\364\364\236Kq\306\261\01499\332"
 399      4E86F4F4 
 399      9E4B71C6 
 399      B10C3939 
 399      DA
 400 0970 B7041FA2 		.ascii	"\267\004\037\242\357\\\322\364\355f\344\360\222\344"
 400      EF5CD2F4 
 400      ED66E4F0 
 400      92E4
 401 097e 32277F49 		.ascii	"2'\177Ib\206C\001\352\000\225\333\271\371{(\220\220"
 401      62864301 
 401      EA0095DB 
 401      B9F97B28 
 401      9090
 402 0990 72ED78AA 		.ascii	"r\355x\252\016\247S\021\252\347;n\334\320\302\322\377"
 402      0EA75311 
 402      AAE73B6E 
 402      DCD0C2D2 
 402      FF
 403 09a1 063BA49A 		.ascii	"\006;\244\232&\372\252\212\336.g\025\231\230\335\006"
 403      26FAAA8A 
 403      DE2E6715 
 403      9998DD06 
 404 09b1 3CAE726F 		.ascii	"<\256ro88\350\231\314\317O\220E\212P\266:\246\214\223"
 404      3838E899 
 404      CCCF4F90 
 404      458A50B6 
 404      3AA68C93 
 405 09c5 59171494 		.ascii	"Y\027\024\224\230,\012\275`G\027,~W\000z\000\272\305"
 405      982C0ABD 
 405      6047172C 
 405      7E57007A 
 405      00BAC5
 406 09d8 8B600E5D 		.ascii	"\213`\016]\004\2115\235/\325\004V\271\2466\272\312\301"
 406      0489359D 
 406      2FD50456 
 406      B9A636BA 
 406      CAC1
 407 09ea E6EA9263 		.ascii	"\346\352\222cR\272\214\214oT\223\376\371\213\310\321"
 407      52BA8C8C 
ARM GAS  C:\cygwin\tmp\ccsMHQtC.s 			page 32


 407      6F5493FE 
 407      F98BC8D1 
 408 09fa 6DDDF14E 		.ascii	"m\335\361N\270\205E\342E\372\356\012\204/1d\260px\224"
 408      B88545E2 
 408      45FAEE0A 
 408      842F3164 
 408      B0707894 
 409 0a0e C3371892 		.ascii	"\3037\030\222\330\266\247S\207\307\031\262\247\336r"
 409      D8B6A753 
 409      87C719B2 
 409      A7DE72
 410 0a1d D909CF38 		.ascii	"\331\011\3178\333\315f\035\233\315\331\275W/8\343\010"
 410      DBCD661D 
 410      9BCDD9BD 
 410      572F38E3 
 410      08
 411 0a2e B5DD6CD3 		.ascii	"\265\335l\323\261\331\226b\231\036\324\340]\254/\241"
 411      B1D99662 
 411      991ED4E0 
 411      5DAC2FA1 
 412 0a3e F2481CBB 		.ascii	"\362H\034\273\2641Q\274\372T}\263\006\037`\235\341w"
 412      B43151BC 
 412      FA547DB3 
 412      061F609D 
 412      E177
 413 0a50 93CC081F 		.ascii	"\223\314\010\037f\310\355\035\305)J|\214!\007sS\236"
 413      66C8ED1D 
 413      C5294A7C 
 413      8C210773 
 413      539E
 414 0a62 A8700E43 		.ascii	"\250p\016C\342\367\336(\321\341b\206\3348\027~U\211"
 414      E2F7DE28 
 414      D1E16286 
 414      DC38177E 
 414      5589
 415 0a74 CB19B2AD 		.ascii	"\313\031\262\2556\277\223I\376\200\036@\317'L\273\340"
 415      36BF9349 
 415      FE801E40 
 415      CF274CBB 
 415      E0
 416 0a85 B3AC2F22 		.ascii	"\263\254/\"\242\272\301\011\267\251\355\356\216t\364"
 416      A2BAC109 
 416      B7A9EDEE 
 416      8E74F4
 417 0a94 EEE8A771 		.ascii	"\356\350\247q\367\222\0230$\207\316\303s\301\002Or\217"
 417      F7921330 
 417      2487CEC3 
 417      73C1024F 
 417      728F
 418 0aa6 B180DC67 		.ascii	"\261\200\334g\350\310\235\206'\335+.\200>\017\376\216"
 418      E8C89D86 
 418      27DD2B2E 
 418      803E0FFE 
 418      8E
 419 0ab7 03FE6820 		.ascii	"\003\376h z\263Y H\320`\313\211\242\261hA\037\344\354"
 419      7AB35920 
 419      48D060CB 
ARM GAS  C:\cygwin\tmp\ccsMHQtC.s 			page 33


 419      89A2B168 
 419      411FE4EC 
 420 0acb B76C1305 		.ascii	"\267l\023\005\235\023k\330\245\310\034l\000\356\000"
 420      9D136BD8 
 420      A5C81C6C 
 420      00EE00
 421 0ada FD94836D 		.ascii	"\375\224\203m\233xm\234\262\333\225L\260\265\221\362"
 421      9B786D9C 
 421      B2DB954C 
 421      B0B591F2 
 422 0aea EBAB9AFE 		.ascii	"\353\253\232\376\233\362\002S\3556LKp\005\257\000_6"
 422      9BF20253 
 422      ED364C4B 
 422      7005AF00 
 422      5F36
 423 0afc D9C6A992 		.ascii	"\331\306\251\222\263\246\302\304x\347\230\256\211l\343"
 423      B3A6C2C4 
 423      78E798AE 
 423      896CE3
 424 0b0b 4D40342D 		.ascii	"M@4-\034:\236q\374\335\200x_7\004\263\231\354\227\320"
 424      1C3A9E71 
 424      FCDD8078 
 424      5F3704B3 
 424      99EC97D0 
 425 0b1f 2D5E4D92 		.ascii	"-^M\222\276\211\330\023\305a\017\364\000R\3679\237\272"
 425      BE89D813 
 425      C5610FF4 
 425      0052F739 
 425      9FBA
 426 0b31 E241DF80 		.ascii	"\342A\337\200\232\217\311\240G\220\347D\0252\350\020"
 426      9A8FC9A0 
 426      4790E744 
 426      1532E810 
 427 0b41 0C9A8101 		.ascii	"\014\232\201\001\34100\012`\033\300\016\200}\000\221"
 427      E130300A 
 427      601BC00E 
 427      807D0091 
 428 0b51 007B0026 		.ascii	"\000{\000&\311f\021\236/\340\371\024`/\274\307\003\214"
 428      C966119E 
 428      2FE0F914 
 428      602FBCC7 
 428      038C
 429 0b63 C3FB4E78 		.ascii	"\303\373Nx\036\000\210\301\242+\2169\243\032M\203V3"
 429      1E0088C1 
 429      A22B8E39 
 429      A31A4D83 
 429      5633
 430 0b75 8219204F 		.ascii	"\202\031 O\330\010\026\201o\026&\231\314\365\210\372"
 430      D8081681 
 430      6F162699 
 430      CCF588FA 
 431 0b85 FA0990C5 		.ascii	"\372\011\220\305b\307w8c\231d\352Y)\237\311o\313(\345"
 431      62C77738 
 431      639964EA 
 431      59299FC9 
 431      6FCB28E5 
 432 0b99 9C1D65B4 		.ascii	"\234\035e\264<O\352\356\202\316\242\320p\250\250\273"
ARM GAS  C:\cygwin\tmp\ccsMHQtC.s 			page 34


 432      3C4FEAEE 
 432      82CEA2D0 
 432      70A8A8BB 
 433 0ba9 80665828 		.ascii	"\200fX(OS\366\336\226\354 \267\203\263by\307\035\204"
 433      4F53F6DE 
 433      96EC20B7 
 433      83B36279 
 433      C71D84
 434 0bbc F76F8402 		.ascii	"\367o\204\002A\352\325\255\037\361\365\352\011\250x"
 434      41EAD5AD 
 434      1FF1F5EA 
 434      09A878
 435 0bcb 5D9A70B1 		.ascii	"]\232p\261\242\204c\334\315\224\273\355>\354\021o\034"
 435      A28463DC 
 435      CD94BBED 
 435      3EEC116F 
 435      1C
 436 0bdc E19E00DC 		.ascii	"\341\236\000\334\037\203{#\260h\217Z\3209\303g\350n"
 436      1F837B23 
 436      B0688F5A 
 436      D039C367 
 436      E86E
 437 0bee AC8383A3 		.ascii	"\254\203\203\243l\206\3322\232VP\253F\244\010\365\311"
 437      6C86DA32 
 437      9A5650AB 
 437      46A408F5 
 437      C9
 438 0bff 6B342FA5 		.ascii	"k4/\245\247\355R\2328\2239G\234K6\245\037B.\275Di\223"
 438      A7ED529A 
 438      38933947 
 438      9C4B36A5 
 438      1F422EBD 
 439 0c16 7937ADCB 		.ascii	"y7\255\313d/\235&\225/=5Yv]`\023\226\310|*\033@\321"
 439      642F9D26 
 439      952F3D35 
 439      59765D60 
 439      1396C87C 
 440 0c2e 11EBBE2D 		.ascii	"\021\353\276-\326Oe\263B8\224\300\334*\3225\222\271"
 440      D64F65B3 
 440      423894C0 
 440      DC2AD235 
 440      92B9
 441 0c40 4502D32F 		.ascii	"E\002\323/D;V\234\224\340\256\231\267\3160w\301\036"
 441      443B569C 
 441      94E0AE99 
 441      B7CE3077 
 441      C11E
 442 0c52 17E54AD5 		.ascii	"\027\345J\325\225\236\007\367\236\260*pLJ*\275\332\034"
 442      959E07F7 
 442      9EB02A70 
 442      4C4A2ABD 
 442      DA1C
 443 0c64 A18B0754 		.ascii	"\241\213\007T\0074*%\275k\177\306\263\304\234`> w\017"
 443      07342A25 
 443      BD6B7FC6 
 443      B3C49C60 
 443      3E20770F 
ARM GAS  C:\cygwin\tmp\ccsMHQtC.s 			page 35


 444 0c78 73521F88 		.ascii	"sR\037\210\212\220l9\230\205h\374\305\345`\226\227\362"
 444      8A906C39 
 444      988568FC 
 444      C5E56096 
 444      97F2
 445 0c8a 7F510EA8 		.ascii	"\177Q\016\250IO\204\005qLj\376}\371\034\334\205\305"
 445      494F8405 
 445      714C6AFE 
 445      7DF91CDC 
 445      85C5
 446 0c9c 3908E96E 		.ascii	"9\010\351ncV~\242\315\305\224\270\214n\241K\345j\252"
 446      63567EA2 
 446      CDC594B8 
 446      8C6EA14B 
 446      E56AAA
 447 0caf 3001CC35 		.ascii	"0\001\3145?\006\251\244\236\336\340\011mi; \361\372"
 447      3F06A9A4 
 447      9EDEE009 
 447      6D693B20 
 447      F1FA
 448 0cc1 3E51E6A5 		.ascii	">Q\346\245\313GS<s%u\341\032\207\035\325\205pK3\257"
 448      CB47533C 
 448      732575E1 
 448      1A871DD5 
 448      85704B33 
 449 0cd6 30D90BD7 		.ascii	"0\331\013\327\312)\\\307Y\025.*\350\034\301\333h]$Z"
 449      CA295CC7 
 449      59152E2A 
 449      E81CC1DB 
 449      685D245A 
 450 0cea DFE667B8 		.ascii	"\337\346g\270Mk\373-\017T\321<OVE\311\266\307\"\277"
 450      4D6BFB2D 
 450      0F54D13C 
 450      4F5645C9 
 450      B6C722BF 
 451 0cfe C289CA28 		.ascii	"\302\211\312(MB\222W\367\344\223Pt\214\277G\317\267"
 451      4D429257 
 451      F7E49350 
 451      748CBF47 
 451      CFB7
 452 0d10 CFE69D6F 		.ascii	"\317\346\235o\351\266\356\232\023\242SG\246\353\005"
 452      E9B6EE9A 
 452      13A25347 
 452      A6EB05
 453 0d1f 7445CB76 		.ascii	"tE\313v\201m\2670\331\035O\311\035\232\343\016\015\027"
 453      816DB730 
 453      D91D4FC9 
 453      1D9AE30E 
 453      0D17
 454 0d31 BBE1640D 		.ascii	"\273\341d\015\273D\316n\031\202}!C\312\213K\3400\236"
 454      BB44CE6E 
 454      19827D21 
 454      43CA8B4B 
 454      E0309E
 455 0d44 C390E16D 		.ascii	"\303\220\341mi)n\270\210!\347\017\214\256\305e\354\275"
 455      69296EB8 
 455      8821E70F 
ARM GAS  C:\cygwin\tmp\ccsMHQtC.s 			page 36


 455      8CAEC565 
 455      ECBD
 456 0d56 F366D771 		.ascii	"\363f\327qW\\K\021\365\331\216\266\007\032\376\007\017"
 456      575C4B11 
 456      F5D98EB6 
 456      071AFE07 
 456      0F
 457 0d67 FE170F28 		.ascii	"\376\027\017(\316K\371\271MB|\004cdv0a\305sd\002\372"
 457      CE4BF9B9 
 457      4D427C04 
 457      63647630 
 457      61C57364 
 458 0d7d 2749FF14 		.ascii	"'I\377\024b\003H\204\217C\2043!\3073\000\322\000R\001"
 458      62034884 
 458      8F438433 
 458      21C73300 
 458      D2005201 
 459 0d91 D2018E89 		.ascii	"\322\001\216\211\312\236e<\227%\024)|\311Ri\363\012"
 459      CA9E653C 
 459      97251429 
 459      7CC95269 
 459      F30A
 460 0da3 DFF31621 		.ascii	"\337\363\026!\375\216J\251\245u\347I\256\265\356\244"
 460      FD8E4AA9 
 460      A575E749 
 460      AEB5EEA4 
 461 0db3 C89B2162 		.ascii	"\310\233!b<\226+T\223\303\362j\010[\350{?\345\247K\022"
 461      3C962B54 
 461      93C3F26A 
 461      085BE87B 
 461      3FE5A74B 
 462 0dc8 4F299378 		.ascii	"O)\223x4;\356\306\220\3540\317\2133\234\024n\265U\\"
 462      343BEEC6 
 462      90EC30CF 
 462      8B339C14 
 462      6EB5555C 
 463 0ddc 5121CF05 		.ascii	"Q!\317\005|\335\315r\255&u7\013\230=\0246\003f,\263"
 463      7CDDCD72 
 463      AD267537 
 463      0B983D14 
 463      3603662C 
 464 0df1 A7B1F9FA 		.ascii	"\247\261\371\372\004\370\367U}Mn\3763\272K\225\270\231"
 464      04F8F755 
 464      7D4D6EFE 
 464      33BA4B95 
 464      B899
 465 0e03 E541F6F4 		.ascii	"\345A\366\364\2711\214\333\031R\360um\223\013\276\303"
 465      B9318CDB 
 465      1952F075 
 465      6D930BBE 
 465      C3
 466 0e14 90731DFD 		.ascii	"\220s\035\375\271*v\331\3126\272-e\327\265t\207\371"
 466      B92A76D9 
 466      CA36BA2D 
 466      65D7B574 
 466      87F9
 467 0e26 06BD8B4D 		.ascii	"\006\275\213M\037:\240\301\317\3714+\010\337\313\341"
ARM GAS  C:\cygwin\tmp\ccsMHQtC.s 			page 37


 467      1F3AA0C1 
 467      CFF9342B 
 467      08DFCBE1 
 468 0e36 3D5AB6B5 		.ascii	"=Z\266\265\215O(\325\340\243\014\271\225\235\336\342"
 468      8D4F28D5 
 468      E0A30CB9 
 468      959DDEE2 
 469 0e46 8A8F33A4 		.ascii	"\212\2173\244\355\250\371\224;.\240\010w\277 \256\304"
 469      EDA8F994 
 469      3B2EA008 
 469      77BF20AE 
 469      C4
 470 0e57 7A5EB3DC 		.ascii	"z^\263\334[\253F\247\260\026\025\343W\275<\376\032\313"
 470      5BAB46A7 
 470      B01615E3 
 470      57BD3CFE 
 470      1ACB
 471 0e69 5E1EA777 		.ascii	"^\036\247wV\227 \\\306\344\325_*;\310~(\370\334\372"
 471      5697205C 
 471      C6E4D55F 
 471      2A3BC87E 
 471      28F8DCFA 
 472 0e7d DBC1E39A 		.ascii	"\333\301\343\232\363\223\216\177\357)\305\344g\202\323"
 472      F3938E7F 
 472      EF29C5E4 
 472      6782D3
 473 0e8c 98FF99A0 		.ascii	"\230\377\231\240\342\306T\213\006\3271fy\361\245\265"
 473      E2C6548B 
 473      06D73166 
 473      79F1A5B5 
 474 0e9c 2E76D73C 		.ascii	".v\327<@-\032[\216\205\273a.\2573+\301\005\351<\035"
 474      402D1A5B 
 474      8E85BB61 
 474      2EAF332B 
 474      C105E93C 
 475 0eb1 91A30A50 		.ascii	"\221\243\012P_\030A}P\030\001G\010t\006\032\313\004"
 475      5F18417D 
 475      50180147 
 475      0874061A 
 475      CB04
 476 0ec3 2F94639D 		.ascii	"/\224c\235m\316\037\233\216/w\301\315L\235\034K\352"
 476      6DCE1F9B 
 476      8E2F77C1 
 476      CD4C9D1C 
 476      4BEA
 477 0ed5 AC1BBE4C 		.ascii	"\254\033\276L\021m\365\370\266\345\210m\361\311\226"
 477      116DF5F8 
 477      B6E5886D 
 477      F1C996
 478 0ee4 9FB2AB4C 		.ascii	"\237\262\253L\177\035\330\325@^\024\010\354\352\344"
 478      7F1DD8D5 
 478      405E1408 
 478      ECEAE4
 479 0ef3 12290F2F 		.ascii	"\022)\017/B\371\030\224\252\006\245\352\370D\272\000"
 479      42F91894 
 479      AA06A5EA 
 479      F844BA00 
ARM GAS  C:\cygwin\tmp\ccsMHQtC.s 			page 38


 480 0f03 EFB59038 		.ascii	"\357\265\2208\015\000\365\000g\001\316\2117W\260\372"
 480      0D00F500 
 480      6701CE89 
 480      3757B0FA 
 481 0f13 BFCB5788 		.ascii	"\277\313W\210\363\240s\021\010\251\223\337?\312\312"
 481      F3A07311 
 481      08A993DF 
 481      3FCACA
 482 0f22 2AE4E95F 		.ascii	"*\344\351_E\226%\213\237\225$EJ\244\202\244\367\303"
 482      4596258B 
 482      9F952445 
 482      4AA482A4 
 482      F7C3
 483 0f34 D974BA13 		.ascii	"\331t\272\023?V\312\223\212\246{n\213m\245\255\222\022"
 483      3F56CA93 
 483      8AA67B6E 
 483      8B6DA5AD 
 483      9212
 484 0f46 8B4A9C38 		.ascii	"\213J\2348\2145v+\355ya\2455\247R\301\304\031'e\235"
 484      8C35762B 
 484      ED7961A5 
 484      35A752C1 
 484      C4192765 
 485 0f5b 215A2E52 		.ascii	"!Z.RhA\250\223)\010(\256\276\011\226\351^\032X\325\343"
 485      6841A893 
 485      290828AE 
 485      BE0996E9 
 485      5E1A58D5 
 486 0f70 993349EE 		.ascii	"\2313I\356\2542\263#Z\237\310\023\215 \245\331\221y"
 486      AC32B323 
 486      5A9FC813 
 486      8D20A5D9 
 486      9179
 487 0f82 B2DB9D5C 		.ascii	"\262\333\235\\~\004qz\0338\275\025\034\335\002p\021"
 487      7E04717A 
 487      1B38BD15 
 487      1CDD0270 
 487      11
 488 0f93 A049ECF0 		.ascii	"\240I\354\360F\336/Vc\232\035\030\303"
 488      46DE2F56 
 488      639A1D18 
 488      C3
 489 0fa0 166C4974 		.ascii	"\026lItdt\0226\016\325\"\316E\262\234\205\262YE\275"
 489      64741236 
 489      0ED522CE 
 489      45B29C85 
 489      B25945BD 
 490 0fb4 D42C5736 		.ascii	"\324,W6\037\337+\310W\012e3\303\255\207\224\315v`\226"
 490      1FDF2BC8 
 490      570A6533 
 490      C3AD8794 
 490      CD766096 
 491 0fc8 23647BB3 		.ascii	"#d{\263\\\266\333\234q\011\034\360m\316 \247\375\201"
 491      5CB6DB9C 
 491      71091CF0 
 491      6DCE20A7 
 491      FD81
ARM GAS  C:\cygwin\tmp\ccsMHQtC.s 			page 39


 492 0fda D12925BE 		.ascii	"\321)%\276\315f]\372\213\324B5\036cH\355\355\310+\256"
 492      CD665DFA 
 492      8BD44235 
 492      1E6348ED 
 492      EDC82BAE 
 493 0fee F8295F6B 		.ascii	"\370)_kn^\214\321\220\362\020\361m\267\300\007\313\362"
 493      6E5E8CD1 
 493      90F210F1 
 493      6DB7C007 
 493      CBF2
 494 1000 1E69708C 		.ascii	"\036ip\214\013\275\200\357h\317\350QC\200!\272\333#"
 494      0BBD80EF 
 494      68CFE851 
 494      438021BA 
 494      DB23
 495 1012 604E4DAC 		.ascii	"`NM\254\274\310\346\324\025\360O\027\230\322\375\262"
 495      BCC8E6D4 
 495      15F04F17 
 495      98D2FDB2 
 496 1022 3925D956 		.ascii	"9%\331Vu\362\364\304\242\036\260\350\252\370\214\271"
 496      75F2F4C4 
 496      A21EB0E8 
 496      AAF88CB9 
 497 1032 7B0F7166 		.ascii	"{\017qf\267\2343{n\225\345q\266\037\353%L\373\200\221"
 497      B79C337B 
 497      6E95E571 
 497      B61FEB25 
 497      4CFB8091 
 498 1046 23A6E0F9 		.ascii	"#\246\340\37127zP\350\005\212\313\202\347\273\261\360"
 498      32377A50 
 498      E8058ACB 
 498      82E7BBB1 
 498      F0
 499 1057 03FDDCF6 		.ascii	"\003\375\334\366\213\355\010'\270\260U\244=\357\252"
 499      8BED0827 
 499      B8B055A4 
 499      3DEFAA
 500 1066 334E6248 		.ascii	"3NbH{w{\002\302\031\014\311\033\376\272\017\343\022"
 500      7B777B02 
 500      C2190CC9 
 500      1BFEBA0F 
 500      E312
 501 1078 E696C2C2 		.ascii	"\346\226\302\302\336\377t\364\273\004lFyu\006A\035\213"
 501      DEFF74F4 
 501      BB046C46 
 501      79750641 
 501      1D8B
 502 108a DD812F66 		.ascii	"\335\201/f\340-\266\301#\237:\334\000}\006^\222^3+\324"
 502      E02DB6C1 
 502      239F3ADC 
 502      007D065E 
 502      925E332B 
 503 109f A47FBE3F 		.ascii	"\244\177\276?\352\332MO\235\370\344\262<W!4\004\\\256"
 503      EADA4D4F 
 503      9DF8E4B2 
 503      3C572134 
 503      045CAE
ARM GAS  C:\cygwin\tmp\ccsMHQtC.s 			page 40


 504 10b2 0BD60DE0 		.ascii	"\013\326\015\340\227\035zo\202Vr\032\222\037\006\333"
 504      971D7A6F 
 504      8256721A 
 504      921F06DB 
 505 10c2 6276215C 		.ascii	"bv!\\\311\014N\335[<\313~\033\016!h\325hl\205\026\327"
 505      C90C4EDD 
 505      5B3CCB7E 
 505      1B0E2168 
 505      D5686C85 
 506 10d8 B8B0FBC3 		.ascii	"\270\260\373\303\251\276\306\227|\2553\202\035|\370"
 506      A9BEC697 
 506      7CAD3382 
 506      1D7CF8
 507 10e7 925B32FD 		.ascii	"\222[2\375F\016\211\3070\314\305;X\366\313\027\323\243"
 507      460E89C7 
 507      30CCC53B 
 507      58F6CB17 
 507      D3A3
 508 10f9 AE7DEEEC 		.ascii	"\256}\356\354\0335W\372\313\343\256\375\021nT\217\036"
 508      1B3557FA 
 508      CBE3AEFD 
 508      116E548F 
 508      1E
 509 110a 767B76B2 		.ascii	"v{v\262\3461\373\030\206\256\250}\317\257\014\270kE"
 509      E631FB18 
 509      86AEA87D 
 509      CFAF0CB8 
 509      6B45
 510 111c 17A6D021 		.ascii	"\027\246\320!\212\305\030&?\207\274\263\010\335\303"
 510      8AC51826 
 510      3F87BCB3 
 510      08DDC3
 511 112b 94BC6AAE 		.ascii	"\224\274j\256p\312\365\365X~\302-Nt\243\252\214B\331"
 511      70CAF5F5 
 511      587EC22D 
 511      4E74A3AA 
 511      8C42D9
 512 113e BF8B09FD 		.ascii	"\277\213\011\375}\374\272u\024!\217\214~\324\251\303"
 512      7DFCBA75 
 512      14218F8C 
 512      7ED4A9C3 
 513 114e CDCC2327 		.ascii	"\315\314#'\273F\272\331\026c+\331\226\306$'\317(\221"
 513      BB46BAD9 
 513      16632BD9 
 513      96C62427 
 513      CF2891
 514 1161 87F0210E 		.ascii	"\207\360!\016=\241\277_\036N'\0109u_\003\013\037\202"
 514      3DA1BF5F 
 514      1E4E2708 
 514      39755F03 
 514      0B1F82
 515 1174 AB6D4733 		.ascii	"\253mG3\373-\274\311\334\263\004J\015\331Le\363\224"
 515      FB2DBCC9 
 515      DCB3044A 
 515      0DD94C65 
 515      F394
 516 1186 B64D93CC 		.ascii	"\266M\223\314\362D>Q\031\203\376\373\244\377\001b\003"
ARM GAS  C:\cygwin\tmp\ccsMHQtC.s 			page 41


 516      F2443E51 
 516      1983FEFB 
 516      A4FF0162 
 516      03
 517 1197 48141F83 		.ascii	"H\024\037\203\273'\241*L\003|\0030\001\360\010`J\274"
 517      BB27A12A 
 517      4C037C03 
 517      3001F008 
 517      604ABC
 518 11aa 81DDF340 		.ascii	"\201\335\363@Y\013\247\026\260\017\215\363\302\254V"
 518      590BA716 
 518      B00F8DF3 
 518      C2AC56
 519 11b9 A307D84E 		.ascii	"\243\007\330N-\313\265\374\317H\015$\345\252\203\247"
 519      2DCBB5FC 
 519      CF480D24 
 519      E5AA83A7 
 520 11c9 B595A579 		.ascii	"\265\225\245y\207\262\331|\262\254\220\024\274\305\323"
 520      87B2D97C 
 520      B2AC9014 
 520      BCC5D3
 521 11d8 DA52ED36 		.ascii	"\332R\3556\226\320\216PZ2\031\373\245\264\003\322#\313"
 521      96D08E50 
 521      5A3219FB 
 521      A5B403D2 
 521      23CB
 522 11ea 455A101E 		.ascii	"EZ\020\036\312M\200\221\334\326\023H\250\256cngHN\315"
 522      CA4D8091 
 522      DCD61348 
 522      A8AE636E 
 522      67484ECD 
 523 11fe 02BB7161 		.ascii	"\002\273qaS\372p^u\265s\340\0148\355U\035\010\261\237"
 523      53FA705E 
 523      75B573E0 
 523      0C38ED55 
 523      1D08B19F 
 524 1212 4A1E3463 		.ascii	"J\0364c\334\313\022\341\352\213\264;\272\037\246\231"
 524      DCCB12E1 
 524      EA8BB43B 
 524      BA1FA699 
 525 1222 2C24E263 		.ascii	",$\342c\377\234\027n\252O\004\215\1779\367K\252\304"
 525      FF9C176E 
 525      AA4F048D 
 525      7F39F74B 
 525      AAC4
 526 1234 1396D836 		.ascii	"\023\226\3306Y\012\322B\370\240\247\370\2070|\254\250"
 526      590AD242 
 526      F8A0A7F8 
 526      87307CAC 
 526      A8
 527 1245 7F46C7BE 		.ascii	"\177F\307\276\246p\242\277\256\035\270;\304~4_G\367"
 527      A670A2BF 
 527      AE1DB83B 
 527      C47E345F 
 527      47F7
 528 1257 80914707 		.ascii	"\200\221G\007\224\370\032\023u\277>c+\311\356\210\371"
 528      94F81A13 
ARM GAS  C:\cygwin\tmp\ccsMHQtC.s 			page 42


 528      75BF3E63 
 528      2BC9EE88 
 528      F9
 529 1268 5B4CB96F 		.ascii	"[L\271o\031\311\226v\262rF\203o\263\341\207\262N\215"
 529      19C99676 
 529      B2724683 
 529      6FB3E187 
 529      B24E8D
 530 127b AAF05D86 		.ascii	"\252\360]\206D\216\207o\323\341I\206\034\351\357>\210"
 530      448E876F 
 530      D3E14986 
 530      1CE9EF3E 
 530      88
 531 128c F00C435A 		.ascii	"\360\014CZ22\343\265x\216!g\233\323\275p\224\216\235"
 531      3232E3B5 
 531      788E2167 
 531      9BD3BD70 
 531      948E9D
 532 129f C9F6ED3A 		.ascii	"\311\366\355:\340\204\3671$:\242)GkU&\352\225\224\351"
 532      E084F731 
 532      243AA229 
 532      476B5526 
 532      EA9594E9 
 533 12b3 CFD8B14B 		.ascii	"\317\330\261K\213\017\261\361\263\267\366\345*\361\021"
 533      8B0FB1F1 
 533      B3B7F6E5 
 533      2AF111
 534 12c2 865C2FCF 		.ascii	"\206\\/\317iu\301\307\030\022u\333<\351\202\263x11'"
 534      6975C1C7 
 534      181275DB 
 534      3CE982B3 
 534      78313127 
 535 12d6 E79C1DCF 		.ascii	"\347\234\035\317\350\335J~F\277C%\\\230\215\033\327"
 535      E8DD4A7E 
 535      46BF4325 
 535      5C988D1B 
 535      D7
 536 12e7 F1133AC2 		.ascii	"\361\023:\302\264\330H\277\340\024\250\367(_\267\216"
 536      B4D848BF 
 536      E014A8F7 
 536      285FB78E 
 537 12f7 21D4193D 		.ascii	"!\324\031=\373\340\254X\314\004\345\234\253\036\320"
 537      FBE0AC58 
 537      CC04E59C 
 537      AB1ED0
 538 1306 E04A8664 		.ascii	"\340J\206d\337\261\234\324\340z\206\234\272[8\251\301"
 538      DFB19CD4 
 538      E07A869C 
 538      BA5B38A9 
 538      C1
 539 1317 8D0C6933 		.ascii	"\215\014i3%\306\302V\226!\315\367F\023\235\3605\206"
 539      25C6C256 
 539      9621CDF7 
 539      46139DF0 
 539      3586
 540 1329 DC6AB89C 		.ascii	"\334j\270\234\346\212o2\344\305\361\206\273.x\204!\345"
 540      E68A6F32 
ARM GAS  C:\cygwin\tmp\ccsMHQtC.s 			page 43


 540      E4C5F186 
 540      BB2E7884 
 540      21E5
 541 133b 27636759 		.ascii	"'cgY\321\372\035A\357\3447\244\273\341\207\254\357\304"
 541      D1FA1D41 
 541      EFE437A4 
 541      BBE187AC 
 541      EFC4
 542 134d A33DDFC7 		.ascii	"\243=\337\307\317\330\373p\365\230\211\243t\253\011"
 542      CFD8FB70 
 542      F59889A3 
 542      74AB09
 543 135c 6AE9E9AB 		.ascii	"j\351\351\253\322\341pW\332Wd\2163\271\341(\206DU\036"
 543      D2E17057 
 543      DA57648E 
 543      33B9E128 
 543      8644551E 
 544 1370 38CE2ED0 		.ascii	"8\316.\320\277\004\364\373\307b/\301I\331C\356o\001"
 544      BF04F4FB 
 544      C7622FC1 
 544      49D943EE 
 544      6F01
 545 1382 2D46B05A 		.ascii	"-F\260Z\347<\312\322\357\317\334A\317\241P\343b\224"
 545      E73CCAD2 
 545      EFCFDC41 
 545      CFA150E3 
 545      6294
 546 1394 18152BE7 		.ascii	"\030\025+\347\3158~\326\037\2100\247\226\373\221\302"
 546      CD387ED6 
 546      1F8830A7 
 546      96FB91C2 
 547 13a4 B553A945 		.ascii	"\265S\251EQRZ\373Y\277=\302|\206\021\023\306\011R\342"
 547      51525AFB 
 547      59BF3DC2 
 547      7C861113 
 547      C60952E2 
 548 13b8 834AFB2A 		.ascii	"\203J\373*W\301h!\024\350\220<\255\250D\344\012\304"
 548      57C16821 
 548      14E8903C 
 548      ADA844E4 
 548      0AC4
 549 13ca 7BE53516 		.ascii	"{\3455\026iQ.hq@J|_J\\&\020\307\313\023\377\304F[ \320"
 549      69512E68 
 549      71404A7C 
 549      5F4A5C26 
 549      10C7CB13 
 550 13e4 EE97D2DE 		.ascii	"\356\227\322\336\225\320&\013\264\021R\332\012\251\337"
 550      95D0260B 
 550      B41152DA 
 550      0AA9DF
 551 13f3 5204E248 		.ascii	"R\004\342H)q\253\224\370\210@\274]\236X\320\242Z\240"
 551      2971AB94 
 551      F88840BC 
 551      5D9E58D0 
 551      A25AA0
 552 1406 4D96D21E 		.ascii	"M\226\322\036Q\332\323&\012\264&)\355;\366\244U\002"
 552      51DAD326 
ARM GAS  C:\cygwin\tmp\ccsMHQtC.s 			page 44


 552      0AB42629 
 552      ED3BF6A4 
 552      5502
 553 1418 E9612969 		.ascii	"\351a)i\222R\242o\276@\034+%\036\224\206\343\260@\034"
 553      9252A26F 
 553      BE401C2B 
 553      251E9486 
 553      E3B0401C 
 554 142c 2EEF3641 		.ascii	".\3576A\213l\2016ZJ\033+e\\)\020'\312\253,\244f\241"
 554      8B6C8136 
 554      5A4A1B2B 
 554      655C2910 
 554      27CAAB2C 
 555 1443 906D71F2 		.ascii	"\220mq\362q\0261\316\022\030\357\222\327B\3208I\240"
 555      711631CE 
 555      1218EF92 
 555      D742D038 
 555      49A0
 556 1455 DD26EBE2 		.ascii	"\335&\353\342\371\307\240g\260\034?\247+&\241&\013H"
 556      F9C7A067 
 556      B01C3FA7 
 556      2B26A126 
 556      0B48
 557 1467 89D21365 		.ascii	"\211\322\023e+=\320I\200<\200L\200\023\000\307\001N"
 557      2B3DD049 
 557      803C804C 
 557      801300C7 
 557      014E
 558 1479 011C0528 		.ascii	"\001\034\005(\002\310\007H\001H\003\370\032 \027 \003"
 558      02C80748 
 558      014803F8 
 558      1A201720 
 558      03
 559 148a A010201D 		.ascii	"\240\020 \035\340\030@*\200\031\240\000 \007 Ki\335"
 559      E018402A 
 559      8019A000 
 559      2007204B 
 559      69DD
 560 149c 1C80B679 		.ascii	"\034\200\266y\202\266\373\344\003'XvT\240\335!_&\204"
 560      82B6FBE4 
 560      03275876 
 560      54A0DD21 
 560      5F2684
 561 14af 2DECDE72 		.ascii	"-\354\336r?rE\01042\213xCe\207\365f\311RS\256\203\305"
 561      3F724508 
 561      34328B78 
 561      436587F5 
 561      66C95253 
 562 14c6 BE1478BD 		.ascii	"\276\024x\275\020v\205d\330\274\363\221\325K\35048\347"
 562      10768564 
 562      D8BCF391 
 562      D54BE834 
 562      38E7
 563 14d8 FFD351E4 		.ascii	"\377\323Q\344\002j\347\354\003\373oyKE\326+P\231\222"
 563      026AE7EC 
 563      03FB6F79 
 563      4B45D62B 
ARM GAS  C:\cygwin\tmp\ccsMHQtC.s 			page 45


 563      509992
 564 14eb 1EA2C813 		.ascii	"\036\242\310\023\250'jj\343\335\304w9\245v+S\271R\374"
 564      A8276A6A 
 564      E3DDC477 
 564      39A5762B 
 564      53B952FC 
 565 14ff 2D6AF668 		.ascii	"-j\366h\306m7\\\311\212}NrG8\371v\267\266h\242\2404"
 565      C66D375C 
 565      C98A7D4E 
 565      724738F9 
 565      76B7B668 
 566 1516 E33793A4 		.ascii	"\3437\223\244\210\223\217<Qj\355kd\034:\243\024\276"
 566      88938F3C 
 566      516AED6B 
 566      641C3AA3 
 566      14BE
 567 1528 488577AA 		.ascii	"H\205w\252\037\252P.\206\261\271\245\331\367\\\355t"
 567      1FAA502E 
 567      86B1B9A5 
 567      D9F75CED 
 567      74
 568 1539 9CB5BB11 		.ascii	"\234\265\273\021\250\344u\254\244:\226\037)\215s\247"
 568      A8E475AC 
 568      A43A961F 
 568      298D73A7 
 569 1549 57504439 		.ascii	"WPD9v\007u\363\314\300M7[[\225\2226\366v\366z\330\276"
 569      760775F3 
 569      CCC04D37 
 569      5B5B9592 
 569      36F676F6 
 570 1560 69AD666D 		.ascii	"i\255fm\317\242\267m\343\034^V\325R\373j\224\274\201"
 570      CFA2B76D 
 570      E31C5E56 
 570      D552FB6A 
 570      94BC81
 571 1573 23AD6763 		.ascii	"#\255gc\020\276\312\014|\322e\211\345\230\201\273\363"
 571      10BECA0C 
 571      7CD26589 
 571      E59881BB 
 571      F3
 572 1584 9317DA3E 		.ascii	"\223\027\332>N\3765\031\205\352D\326\325Y\255\253\247"
 572      4EFE3519 
 572      85EA44D6 
 572      D559ADAB 
 572      A7
 573 1595 D6D524DE 		.ascii	"\326\325$\336\030\261\377\214\214|\022,\010=\313[G\236"
 573      18B1FF8C 
 573      8C7C122C 
 573      083DCB5B 
 573      479E
 574 15a7 AF1BFD03 		.ascii	"\257\033\375\003\365\336\201z\237\3200\203>P\037d\364"
 574      F5DE817A 
 574      9FD03083 
 574      3E501F64 
 574      F4
 575 15b8 36AA7EFB 		.ascii	"6\252~\373\331\037\026{)\234\015F_\202\252\303\374\203"
 575      D91F167B 
ARM GAS  C:\cygwin\tmp\ccsMHQtC.s 			page 46


 575      299C0D46 
 575      5F82AAC3 
 575      FC83
 576 15ca 8CEFADF0 		.ascii	"\214\357\255\3606j\275\275\255\257\177\364\375\207u"
 576      366ABDBD 
 576      ADAF7FF4 
 576      FD8775
 577 15d9 2186E08D 		.ascii	"!\206\340\215\006\237\300\305\033\374\003\364\241\353"
 577      069FC0C5 
 577      1BFC03F4 
 577      A1EB
 578 15e7 36FAFA2E 		.ascii	"6\372\372.\3611\004.\011\012\016\322/\321\373\254\367"
 578      F131042E 
 578      090A0ED2 
 578      2FD1FBAC 
 578      F7
 579 15f8 5FB2D2FB 		.ascii	"_\262\322\373\027KV,[\276r\235]\363:\377 \337\2000?"
 579      174B562C 
 579      5BBE729D 
 579      5DF33AFF 
 579      20DF8030 
 580 160d FDBA401F 		.ascii	"\375\272@\037\337M\376A\372u\336~\372\015>a\001 \350"
 580      DF4DFE41 
 580      FA75DE7E 
 580      FA0D3E61 
 580      0120E8
 581 1620 AB107DE8 		.ascii	"\253\020}\350\3176)~\377\327\363\0165\372\201\242\300"
 581      CF36297E 
 581      FFD7F30E 
 581      35FA81A2 
 581      C0
 582 1631 6BE5CF7E 		.ascii	"k\345\317~\266\224\375\013\016]j0.\015\0116\030C\227"
 582      B694FD0B 
 582      0E5D6A30 
 582      2E0D0936 
 582      184397
 583 1644 FEEA8B55 		.ascii	"\376\352\213U^\253\266.\365\015\016\014\001\376\206"
 583      5EABB62E 
 583      F50D0E0C 
 583      01FE86
 584 1653 D0A5BFF5 		.ascii	"\320\245\277\365\362Z\352\273\311\252\200r\275>\324"
 584      F25AEABB 
 584      C9AA8072 
 584      BD3ED4
 585 1662 E8B425D8 		.ascii	"\350\264%\330\020jT\006\370\204\032Ua\324\017(Hm0Ro"
 585      106A5406 
 585      F8841A55 
 585      61D40F28 
 585      486D3052 
 586 1677 3197FC7C 		.ascii	"1\227\374|\245\315%\364\3257,0,\300\307\350\277Y\377"
 586      A5CD25F4 
 586      D5372C30 
 586      2CC0C7E8 
 586      BF59FF
 587 168a B712A9BC 		.ascii	"\267\022\251\274ZDD \360w\363\335\264v\325\347\353\377"
 587      5A444420 
 587      F077F3DD 
ARM GAS  C:\cygwin\tmp\ccsMHQtC.s 			page 47


 587      B476D5E7 
 587      EBFF
 588 169c A4F7357E 		.ascii	"\244\3675~\022\344o\\$\241\0165\3702J_\305\233\204r"
 588      12E46F5C 
 588      24A10E35 
 588      F8324A5F 
 588      C59B8472 
 589 16b0 8DD1C760 		.ascii	"\215\321\307`\\%\004\350KuP\260\177P\000\370\356\015"
 589      5C2504E8 
 589      4B7550B0 
 589      7F5000F8 
 589      EE0D
 590 16c2 D61D1C62 		.ascii	"\326\035\034b\327\353m\014\364\366\007\276\337%\275"
 590      D7EB6D0C 
 590      F4F607BE 
 590      DF25BD
 591 16d1 5E9B7CFC 		.ascii	"^\233|\374\203D\335k\203\277t\361\335\344\035\372U\250"
 591      8344DD6B 
 591      83BF74F1 
 591      DDE41DFA 
 591      55A8
 592 16e3 511FE86D 		.ascii	"Q\037\350m\324\330\336u\006\275\217\337W\336\001\376"
 592      D4D8DE75 
 592      06BD8FDF 
 592      57DE01FE 
 593 16f3 A160AA2B 		.ascii	"\241`\252+4\013\270\273q\023AB\275\377;L\037\006\326"
 593      340BB8BB 
 593      71134142 
 593      BDFF3B4C 
 593      1F06D6
 594 1706 BF06BD76 		.ascii	"\277\006\275vMj\2061v\354]\025\342\035\244\337j\204"
 594      4D6A8631 
 594      76EC5D15 
 594      E21DA4DF 
 594      6A84
 595 1718 478841BF 		.ascii	"G\210A\277\331\331\030b\360\017\366f\250\177\260\263"
 595      D9D91862 
 595      F00FF666 
 595      A87FB0B3 
 596 1728 6F709011 		.ascii	"op\220\021z]H8@W\243\257q\253\332\240\337\010\301\364"
 596      7A5D4838 
 596      4057A3AF 
 596      71ABDAA0 
 596      DF08C1F4 
 597 173c 36FEE8A5 		.ascii	"6\376\350\245!\333\344\033l\320\203\0179\303J\316\360"
 597      21DBE41B 
 597      6CD0830F 
 597      39C34ACE 
 597      F0
 598 174d F79CE1E7 		.ascii	"\367\234\341\347\234\341}\316\360\001g\370\0056,_\006"
 598      9CE17DCE 
 598      F00167F8 
 598      05362C5F 
 598      06
 599 175e B09C0B30 		.ascii	"\260\234\0130\374\370\333Yxo~\237\204\002\006\274\347"
 599      FCF8DB59 
 599      786F7E9F 
ARM GAS  C:\cygwin\tmp\ccsMHQtC.s 			page 48


 599      840206BC 
 599      E7
 600 176f 14E20DF2 		.ascii	"\024\342\015\362\235\211\302[\364\006x\006\007\370\351"
 600      9D89C25B 
 600      F4067806 
 600      07F8E9
 601 177e 0D4ADF4D 		.ascii	"\015J\337M>\006b\205O \330\027j\3641\202\345\316$\330"
 601      3E066285 
 601      4F20D817 
 601      6AF43182 
 601      E5CE24D8 
 602 1792 1F809D2C 		.ascii	"\037\200\235,\354\360\006\344\264\317\331\030\030\354"
 602      ECF006E4 
 602      B4CFD918 
 602      18EC
 603 17a0 A7A7F886 		.ascii	"\247\247\370\206\000\237\215\241\316F\203~C(\265\230"
 603      009F8DA1 
 603      CE46837E 
 603      4328B598 
 604 17b0 BC380586 		.ascii	"\2748\005\206n\204N~\366\300p\376Me\360\373\012\272"
 604      6E844E7E 
 604      F6C070FE 
 604      4D65F0FB 
 604      0ABA
 605 17c2 D4FAADFE 		.ascii	"\324\372\255\376F_`\240\332b\014^\377\247"
 605      465F60A0 
 605      DA620C5E 
 605      FFA7
 606 17d0 1017FD66 		.ascii	"\020\027\375f\210U\240O\350\237\201D\277\205\274,v\230"
 606      8855A04F 
 606      E89F8144 
 606      BF85BC2C 
 606      7698
 607 17e2 53A1BE9B 		.ascii	"S\241\276\233\374\210)!\336an\326\260\2600\272\213\002"
 607      FC882921 
 607      DE616ED6 
 607      B0B030BA 
 607      8B02
 608 17f4 455A3421 		.ascii	"EZ4!\336[|\374\215\376A\033\265!\336 \226\006\317\211"
 608      DE5B7CFC 
 608      8DFE411B 
 608      B521DE20 
 608      9606CF89 
 609 1808 BE42833E 		.ascii	"\276B\203>D\037\004\323f\243S`\030\004\3079\220\305"
 609      441F04D3 
 609      66A35360 
 609      1804C739 
 609      90C5
 610 181a 169EC15B 		.ascii	"\026\236\301[\202\300/\264\025\324\011\244\201\005V"
 610      82C02FB4 
 610      15D409A4 
 610      810556
 611 1829 81C6AD84 		.ascii	"\201\306\255\204\251\226X\350\023@\343\012\215!\301"
 611      A99658E8 
 611      1340E30A 
 611      8D21C1
 612 1838 C1017FE7 		.ascii	"\301\001\177\347PW\030\003\252\276\355\330\026\310E"
ARM GAS  C:\cygwin\tmp\ccsMHQtC.s 			page 49


 612      50571803 
 612      AABEEDD8 
 612      16C845
 613 1847 7E163A1B 		.ascii	"~\026:\033\230\002*\003\315\031'\003\215\222\201\217"
 613      98022A03 
 613      CD192703 
 613      8D92818F 
 614 1857 92814549 		.ascii	"\222\201EI\003\255a\006\0038\313\311@\224ys\263\277"
 614      03AD6106 
 614      0338CBC9 
 614      40947973 
 614      B3BF
 615 1869 C118E613 		.ascii	"\301\030\346\023\340M\346\251\301\352\207\205\340\007"
 615      E04DE6A9 
 615      C1EA8785 
 615      E007
 616 1877 990E77BB 		.ascii	"\231\016w\2736\226\327vM\316\233\215\324X\362$i\254"
 616      3696D776 
 616      4DCE9B8D 
 616      D458F224 
 616      69AC
 617 1889 21EAB102 		.ascii	"!\352\261\002\000-~\372\000\243\017\274l\010\013\362"
 617      002D7EFA 
 617      00A30FBC 
 617      6C080BF2 
 618 1899 F5A634E4 		.ascii	"\365\2464\344MEh}\014.\360 \265\203\220C\023\021\347"
 618      4D45687D 
 618      0C2EF020 
 618      B5839043 
 618      1311E7
 619 18ac C64F3A3F 		.ascii	"\306O:?\375\372\260\215,8\342\026M\210O\220\277/\211"
 619      FDFAB08D 
 619      2C38E216 
 619      4D884F90 
 619      BF2F89
 620 18bf 05F65BBF 		.ascii	"\005\366[\277Q\033\010\363\226\305\3565\230\317\276"
 620      511B08F3 
 620      96C5EE35 
 620      98CFBE
 621 18ce 3E01FEEB 		.ascii	">\001\376\353\015P\\\202\203 \004\301\0336\204\352\215"
 621      0D505C82 
 621      832004C1 
 621      1B3684EA 
 621      8D
 622 18df 9C31501B 		.ascii	"\2341P\033j\3743\364l\204F7\177\277\000=\037m\2102\347"
 622      6AFC33F4 
 622      6C844637 
 622      7FBF003D 
 622      1F6D8832 
 623 18f4 BB49FDD1 		.ascii	"\273I\375\321\277\257\365^\013\336Tz\255\375\342S\225"
 623      BFAFF55E 
 623      0BDE547A 
 623      ADFDE253 
 623      95
 624 1905 D77F7879 		.ascii	"\327\177xy}\266V\345\265\372\023\362\370\370K\202\251"
 624      7DB656E5 
 624      B5FA13F2 
ARM GAS  C:\cygwin\tmp\ccsMHQtC.s 			page 50


 624      F8F84B82 
 624      A9
 625 1916 D77CFAF1 		.ascii	"\327|\372\361\307\253\011\376\351\232?\300\303\3717"
 625      C7AB09FE 
 625      E99A3FC0 
 625      C3F937
 626 1925 9F7FFA11 		.ascii	"\237\177\372\021<\225\253\275\326|\341\344\365\371\252"
 626      3C95ABBD 
 626      D67CE1E4 
 626      F5F9AA
 627 1934 D5CB9C56 		.ascii	"\325\313\234V\375j\315\357\227i~\363\207\317\274\326"
 627      FD6ACDEF 
 627      97697EF3 
 627      87CFBCD6 
 628 1944 7EF2F967 		.ascii	"~\362\371g\3134_|\274\346\343/\376\355\343\217\226\321"
 628      CB345F7C 
 628      BCE6E32F 
 628      FEEDE38F 
 628      96D1
 629 1956 FEE5B47F 		.ascii	"\376\345\264\177\271\255\177\271\255\1779\355_A\373"
 629      B9AD7FB9 
 629      AD7F39ED 
 629      5F41FB
 630 1965 57D8FA57 		.ascii	"W\330\372W\330\372W\320\376\367h\377{\266\376\367\354"
 630      D8FA57D0 
 630      FEF768FF 
 630      7BB6FEF7 
 630      EC
 631 1976 E62EF87E 		.ascii	"\346.\370~\251\327\2525\237\254\021R\204\314]\337\300"
 631      A9D7AA35 
 631      9FAC1152 
 631      84CC5DDF 
 631      C0
 632 1987 959020DF 		.ascii	"\225\220 \337\247\325\003\376m\324\033\275}\203\303"
 632      A7D503FE 
 632      6DD41BBD 
 632      7D83C3
 633 1996 A0A418BC 		.ascii	"\240\244\030\2747\373\004\204\221\311\010\26328\344"
 633      37FB0484 
 633      91C908B3 
 633      3238E4
 634 19a5 7F01413D 		.ascii	"\177\001A=\366\312"
 634      F6CA
 635              		.text
 636              		.section	.gnu.lto_.symtab.652bb98d,"",%progbits
 637 0000 6368544D 		.ascii	"chTMObjectInit\000\000\000\000\000\000\000\000\000\000"
 637      4F626A65 
 637      6374496E 
 637      69740000 
 637      00000000 
 638 0018 0000DB00 		.ascii	"\000\000\333\000\000\000chTMStartMeasurementX\000\000"
 638      00006368 
 638      544D5374 
 638      6172744D 
 638      65617375 
 639 0035 00000000 		.ascii	"\000\000\000\000\000\000\000\000\000\000\337\000\000"
 639      00000000 
ARM GAS  C:\cygwin\tmp\ccsMHQtC.s 			page 51


 639      0000DF00 
 639      00
 640 0042 00636854 		.ascii	"\000chTMStopMeasurementX\000\000\000\000\000\000\000"
 640      4D53746F 
 640      704D6561 
 640      73757265 
 640      6D656E74 
 641 005e 00000000 		.ascii	"\000\000\000\000\000\342\000\000\000_tm_init\000\000"
 641      00E20000 
 641      005F746D 
 641      5F696E69 
 641      740000
 642 0071 00000000 		.ascii	"\000\000\000\000\000\000\000\000\000\000\345\000\000"
 642      00000000 
 642      0000E500 
 642      00
 643 007e 00636854 		.ascii	"\000chTMChainMeasurementToX\000\000\000\000\000\000"
 643      4D436861 
 643      696E4D65 
 643      61737572 
 643      656D656E 
 644 009c 00000000 		.ascii	"\000\000\000\000\000\000\353\000\000\000ch\000\000\002"
 644      0000EB00 
 644      00006368 
 644      000002
 645 00ab 00000000 		.ascii	"\000\000\000\000\000\000\000\000\000\373\001\000\000"
 645      00000000 
 645      00FB0100 
 645      00
 646              		.text
 647              		.section	.gnu.lto_.opts,"",%progbits
 648 0000 272D666E 		.ascii	"'-fno-trapv' '-mcpu=cortex-m4' '-mno-thumb-interwor"
 648      6F2D7472 
 648      61707627 
 648      20272D6D 
 648      6370753D 
 649 0033 6B272027 		.ascii	"k' '-mthumb' '-ggdb' '-O2' '-fomit-frame-pointer' '"
 649      2D6D7468 
 649      756D6227 
 649      20272D67 
 649      67646227 
 650 0066 2D66616C 		.ascii	"-falign-functions=16' '-ffunction-sections' '-fdata"
 650      69676E2D 
 650      66756E63 
 650      74696F6E 
 650      733D3136 
 651 0099 2D736563 		.ascii	"-sections' '-fno-common' '-flto'\000"
 651      74696F6E 
 651      73272027 
 651      2D666E6F 
 651      2D636F6D 
 652              		.text
 653              		.comm	__gnu_lto_v1,1,1
 654              		.comm	__gnu_lto_slim,1,1
 655              		.ident	"GCC: (GNU Tools for ARM Embedded Processors) 4.9.3 20141119 (release) [ARM/embedded-4_9-br
ARM GAS  C:\cygwin\tmp\ccsMHQtC.s 			page 52


DEFINED SYMBOLS
                            *ABS*:00000000 chtm.c
                            *COM*:00000001 __gnu_lto_v1
                            *COM*:00000001 __gnu_lto_slim

NO UNDEFINED SYMBOLS
