ARM GAS  C:\cygwin\tmp\ccbw12UJ.s 			page 1


   1              		.syntax unified
   2              		.cpu cortex-m4
   3              		.fpu softvfp
   4              		.eabi_attribute 20, 1
   5              		.eabi_attribute 21, 1
   6              		.eabi_attribute 23, 3
   7              		.eabi_attribute 24, 1
   8              		.eabi_attribute 25, 1
   9              		.eabi_attribute 26, 1
  10              		.eabi_attribute 30, 2
  11              		.eabi_attribute 34, 1
  12              		.eabi_attribute 18, 4
  13              		.thumb
  14              		.file	"crt0.c"
  15              		.text
  16              	.Ltext0:
  17              		.section	.gnu.lto_.profile.652ba691,"",%progbits
  18 0000 789C6366 		.ascii	"x\234cf```a\200\000F\206\014-\000\001n\000\233"
  18      60606061 
  18      80004686 
  18      0C2D0001 
  18      6E009B
  19              		.text
  20              		.section	.gnu.lto_.jmpfuncs.652ba691,"",%progbits
  21 0000 789C6366 		.ascii	"x\234cf\300\016\244\2404\013\0203200100CE\352\241\030"
  21      C00EA4A0 
  21      340B1033 
  21      32303031 
  21      30304345 
  22 0017 000B2401 		.ascii	"\000\013$\001&"
  22      26
  23              		.text
  24              		.section	.gnu.lto_.inline.652ba691,"",%progbits
  25 0000 789C6366 		.ascii	"x\234cf\300\0162\2414\013\003\0033\023#\003\023\220"
  25      C00E32A1 
  25      340B0303 
  25      33132303 
  25      1390
  26 0012 C9B6401E 		.ascii	"\311\266@\036D10b\2100\001!D\204\005L203h\275\003\352"
  26      44313062 
  26      88300121 
  26      4484054C 
  26      32303368 
  27 0029 64B239D3 		.ascii	"d\2629\323\252\004\023c\344\302$\230\371\031\241\004"
  27      AA041363 
  27      E4C22498 
  27      F919A104 
  28 0039 0300401F 		.ascii	"\003\000@\037\005E"
  28      0545
  29              		.text
  30              		.section	.gnu.lto_.pureconst.652ba691,"",%progbits
  31 0000 789C6366 		.ascii	"x\234cf``\340d\200\000\026\006\011F\011&\023fS\000\003"
  31      6060E064 
  31      80001606 
  31      09460926 
  31      13665300 
  32 0015 1600B0   		.ascii	"\026\000\260"
ARM GAS  C:\cygwin\tmp\ccbw12UJ.s 			page 2


  33              		.text
  34              		.section	.gnu.lto___early_init.652ba691,"",%progbits
  35 0000 789C6366 		.ascii	"x\234cf\300\004R@\\\004\304\346@\314\310\314\300\310"
  35      C0045240 
  35      5C04C4E6 
  35      40CCC8CC 
  35      C0C8
  36 0012 34E11C03 		.ascii	"4\341\034\003C#\007\023##\210\301\300\310P\317\304X"
  36      43230713 
  36      232388C1 
  36      C0C850CF 
  36      C458
  37 0024 CFF892E9 		.ascii	"\317\370\222\351#\023\343\204\003\253gp\253/mhh\370"
  37      2313E384 
  37      03AB6770 
  37      AB2F6D68 
  37      68F8
  38 0036 B0E8A744 		.ascii	"\260\350\247D\253\304O&\006\206\317L\020c\030\2273\252"
  38      ABC44F26 
  38      0686CF4C 
  38      10631897 
  38      33AA
  39 0048 3300D57C 		.ascii	"3\000\325|l\371{\235\233\255\005\250F\000\"\307\270"
  39      6CF97B9D 
  39      9BAD05A8 
  39      460022C7 
  39      B8
  40 0059 82918D11 		.ascii	"\202\221\215\021H\257\027:\320\360\377\377\3439\022"
  40      48AF173A 
  40      D0F0FFFF 
  40      E33912
  41 0068 40C12740 		.ascii	"@\301'@\0142\375)\023\023\210f\276\307\310\010R\006"
  41      0C32FD29 
  41      13138866 
  41      BEC7C808 
  41      5206
  42 007a 32E70913 		.ascii	"2\347\011\023#H\010\250\300TOO\037\202\362\213\365\223"
  42      234808A8 
  42      C0544F4F 
  42      1F82F28B 
  42      F593
  43 008c F37373F3 		.ascii	"\363ss\363\363\364\013\362\213J\212\365\035\203|\235"
  43      F3F40BF2 
  43      8B4A8AF5 
  43      1D837C9D 
  44 009c 7D2B4062 		.ascii	"}+@b\005\2319\251E\305\372\356\316\316\372\311E%\006"
  44      059939A9 
  44      45C5FAEE 
  44      CECEFAC9 
  44      452506
  45 00af 7AC90C00 		.ascii	"z\311\014\000\275\3209\010"
  45      BDD03908 
  46              		.text
  47              		.section	.gnu.lto___late_init.652ba691,"",%progbits
  48 0000 789C6366 		.ascii	"x\234cf\300\004R@\\\004\304\346@\314\310\314\300\310"
  48      C0045240 
  48      5C04C4E6 
ARM GAS  C:\cygwin\tmp\ccbw12UJ.s 			page 3


  48      40CCC8CC 
  48      C0C8
  49 0012 34E11C03 		.ascii	"4\341\034\003C#\007\023##\210\301\300\310P\317\304X"
  49      43230713 
  49      232388C1 
  49      C0C850CF 
  49      C458
  50 0024 CFF892E9 		.ascii	"\317\370\222\351#\023\343\204\003\253gp\253/mhh\370"
  50      2313E384 
  50      03AB6770 
  50      AB2F6D68 
  50      68F8
  51 0036 F0E8B744 		.ascii	"\360\350\267D\253\304O&\006\206\317L\020c\030\2273\252"
  51      ABC44F26 
  51      0686CF4C 
  51      10631897 
  51      33AA
  52 0048 3300D57C 		.ascii	"3\000\325|l\371{\235\233\255\005\250F\000\"\307\270"
  52      6CF97B9D 
  52      9BAD05A8 
  52      460022C7 
  52      B8
  53 0059 82918D11 		.ascii	"\202\221\215\021H\257\027:\320\360\377\377\3429\022"
  53      48AF173A 
  53      D0F0FFFF 
  53      E23912
  54 0068 40C12740 		.ascii	"@\301'@\0142\375)\023\023\210f\276\307\310\010R\006"
  54      0C32FD29 
  54      13138866 
  54      BEC7C808 
  54      5206
  55 007a 32E70913 		.ascii	"2\347\011\023#H\010\250\300TOO\037\202\362\213\365\223"
  55      234808A8 
  55      C0544F4F 
  55      1F82F28B 
  55      F593
  56 008c F37373F3 		.ascii	"\363ss\363\363\364\013\362\213J\212\365\035\203|\235"
  56      F3F40BF2 
  56      8B4A8AF5 
  56      1D837C9D 
  57 009c 7D2B4062 		.ascii	"}+@b\005\2319\251E\305\372\356\316\316\372\311E%\006"
  57      059939A9 
  57      45C5FAEE 
  57      CECEFAC9 
  57      452506
  58 00af 7AC90C00 		.ascii	"z\311\014\000\315\0009\012"
  58      CD00390A 
  59              		.text
  60              		.section	.gnu.lto__default_exit.652ba691,"",%progbits
  61 0000 789C6366 		.ascii	"x\234cf\300\004&@\\\014\304\346@\314\310\312\300\310"
  61      C0042640 
  61      5C0CC4E6 
  61      40CCC8CA 
  61      C0C8
  62 0012 34E11C03 		.ascii	"4\341\034\003C#\007\023#3\210\301\310\314\310\002\021"
  62      43230713 
  62      233388C1 
ARM GAS  C:\cygwin\tmp\ccbw12UJ.s 			page 4


  62      C8CCC802 
  62      11
  63 0023 60810838 		.ascii	"`\201\010822\32431\2630\002\011\210\376\227L\037\231"
  63      3232D433 
  63      31B33002 
  63      0988FE97 
  63      4C1F99
  64 0036 18271C58 		.ascii	"\030'\034X=\203[}iCC\303\207I\377%Z%~210|f\202(`\\\316"
  64      3D835B7D 
  64      694343C3 
  64      8749FF25 
  64      5A257E32 
  65 0053 A8CE0054 		.ascii	"\250\316\000T\363\261\345\357un\266\026\240\032\001"
  65      F3B1E5EF 
  65      756EB616 
  65      A01A01
  66 0062 881CE30A 		.ascii	"\210\034\343\012F6F \275^\350@\303\377\377\213\347\236"
  66      46364620 
  66      BD5EE840 
  66      C3FFFF8B 
  66      E79E
  67 0074 F9CF02E4 		.ascii	"\371\317\002\344>\001J1\002I&\240\335O\200\226\000-"
  67      3E014A31 
  67      024926A0 
  67      DD4F8096 
  67      002D
  68 0086 657CC2C4 		.ascii	"e|\302\304\002\245\031\301F\232\352\351\351CP~\261~"
  68      02A519C1 
  68      469AEAE9 
  68      E943507E 
  68      B17E
  69 0098 727E6E6E 		.ascii	"r~nn~\236~A~QI\261\276c\220\257\263o\005H\254 3'\265"
  69      7E9E7E41 
  69      7E5149B1 
  69      BE6390AF 
  69      B36F0548 
  70 00b1 A858DFDD 		.ascii	"\250X\337\335\331Y?\271\250\304@/\231\001\000Q\244="
  70      D9593FB9 
  70      A8C4402F 
  70      99010051 
  70      A43D
  71 00c3 1C       		.ascii	"\034"
  72              		.text
  73              		.section	.gnu.lto_Reset_Handler.652ba691,"",%progbits
  74 0000 789CAD56 		.ascii	"x\234\255VilTU\024\276\347\2767o\336,\235N;e\261%iI"
  74      696C5455 
  74      14BEE7BE 
  74      376FDE2C 
  74      9D4E3B65 
  75 0018 1197188A 		.ascii	"\021\227\030\212\006\243?L\3244\321\230\210\0324\321"
  75      06A33F4C 
  75      D434D198 
  75      881A34D1 
  76 0028 DF829A26 		.ascii	"\337\202\232& \223\226\037\376\231\370\006\212VDQ\334"
  76      2093961F 
  76      FE99F806 
  76      8A564451 
ARM GAS  C:\cygwin\tmp\ccbw12UJ.s 			page 5


  76      DC
  77 0039 6A142989 		.ascii	"j\024)\211\013[+Z\021\352\306\024\264e/kY\006\313\240"
  77      0B5B2B5A 
  77      11EAC614 
  77      B4652F6B 
  77      5906CBA0 
  78 004d 50414405 		.ascii	"PAD\005\324i-\355x\316\271o:\257\355\233H\242\223\246"
  78      D4692DED 
  78      78CEB96F 
  78      3AAFED9B 
  78      48A293A6 
  79 0061 F3EE79DF 		.ascii	"\363\356y\337\375\3169\337w\227\321\304\330\317m D_"
  79      FDCE39DF 
  79      7797D1C4 
  79      D8CF6D20 
  79      445F
  80 0073 4888067C 		.ascii	"H\210\006|\206q\002\344+{\205\210\233\022t\365\240\251"
  80      867102E4 
  80      2B7B8588 
  80      9B1274F5 
  80      A0A9
  81 0085 87765397 		.ascii	"\207vS\227\332\322N!,\277\247\336+\254\240\007\274\024"
  81      DAD24E21 
  81      2CBFA7DE 
  81      2BACA007 
  81      BC14
  82 0097 07437DB7 		.ascii	"\007C}\267\233^i\250\367&\2777\301\317\357}\352\273"
  82      9B5E69A8 
  82      F726BF37 
  82      C1CFEF7D 
  82      EABB
  83 00a9 DDF44B9F 		.ascii	"\335\364K\237z\037\340\367\001(\340\367A\365\335n\026"
  83      7A1FE0F7 
  83      0128E0F7 
  83      41F5DD6E 
  83      16
  84 00ba C8A07A1F 		.ascii	"\310\240z\037\342\367!\010\253\002\012\325C\273\031"
  84      E2F72108 
  84      AB020AD5 
  84      43BB19
  85 00c9 96850A50 		.ascii	"\226\205\012P\304\200\"\210(@\261zh7#\262X\001J\030"
  85      C4802288 
  85      2840B17A 
  85      683723B2 
  85      58014A18 
  86 00dd 5022403C 		.ascii	"P\"@<+5\335cxM\237?\020,\010\025\206\213\212#%\360\254"
  86      2B35DD63 
  86      784D9F3F 
  86      102C0815 
  86      868B8A23 
  87 00f4 571760E1 		.ascii	"W\027`\341Gg\005\274\316\201\3379(p\016\302\316A\304"
  87      476705BC 
  87      CE81DF39 
  87      28700EC2 
  87      CE41C4
  88 0107 3938272F 		.ascii	"98'/Jx%\261\2561p\335\007\030\374}\353\253\327,\236"
  88      4A7825B1 
ARM GAS  C:\cygwin\tmp\ccbw12UJ.s 			page 6


  88      AE3170DD 
  88      0718FC7D 
  88      EBABD72C 
  89 011c D82F85B8 		.ascii	"\330/\205\270,\225\306\360\021\\'\020sr\377\245\223"
  89      2C95C6F0 
  89      115C2710 
  89      7372FFA5 
  89      93
  90 012d 05DAED40 		.ascii	"\005\332\355@\317m-\177\354\011\234\225\375\022*h\370"
  90      CF6D2D7F 
  90      EC099C95 
  90      FD122A68 
  90      F8
  91 013e C5F2ED8D 		.ascii	"\305\362\355\215\006\015\245N\303wzO]\366T\256\262\254"
  91      060DA54E 
  91      C3777A4F 
  91      5DF654AE 
  91      B2AC
  92 0150 85A9975E 		.ascii	"\205\251\227^\350\014Z\333\255\372T&S\336/5X\015\032"
  92      E80C5ADB 
  92      ADFA5426 
  92      53DE2F35 
  92      580D1A
  93 0163 F2C21A28 		.ascii	"\362\302\032(\205\265Pj\273\210SV,\331\271\330\324\356"
  93      85B5506A 
  93      BB885356 
  93      2CD9B9D8 
  93      D4EE
  94 0175 60F2A6F6 		.ascii	"`\362\246\366\326\243>\236\236X\363\251uW}\2235\224"
  94      D6A33E9E 
  94      9E58F3A9 
  94      75577D93 
  94      3594
  95 0187 C900CD5E 		.ascii	"\311\000\315^\237g\366\305\372\301#\001\243\036\313"
  95      9F67F6C5 
  95      FAC12301 
  95      A31ECB
  96 0196 0FC33AA8 		.ascii	"\017\303:\250\204f\250T\345C\013Z,\204IQ\304}\270\344"
  96      8466A854 
  96      E5430B5A 
  96      2C844951 
  96      C47DB8E4 
  97 01aa C42785DA 		.ascii	"\304'\205\332]\234e\373o\335\226_\025y\364\334\234\304"
  97      5D9C65FB 
  97      6FDD965F 
  97      1579F4DC 
  97      9CC4
  98 01bc 70161D3E 		.ascii	"p\026\035>v\313\002\033\230!7\253)\271\306\030n,\337"
  98      76CB021B 
  98      982137AB 
  98      29B9C618 
  98      6E2CDF
  99 01cf A44F7852 		.ascii	"\244OxR<\361\322\241\002\255\232\323.\332\034\337\022"
  99      3CF1D2A1 
  99      02AD9AD3 
  99      2EDA1CDF 
  99      12
ARM GAS  C:\cygwin\tmp\ccbw12UJ.s 			page 7


 100 01e0 5469CF9F 		.ascii	"Ti\317\237sj\243\303\247\256\024\255Lq\250\247\343\222"
 100      736AA3C3 
 100      A7AE14AD 
 100      4C71A8A7 
 100      E392
 101 01f2 A1DDC314 		.ascii	"\241\335\303\024\253V}\263\014\224>\353\235\372\350"
 101      AB567DB3 
 101      0C943EEB 
 101      9DFAE8
 102 0201 F0992BC3 		.ascii	"\360\231+\303\306Q\225\247\206\256\246\337\317y\326"
 102      C65195A7 
 102      86AEA6DF 
 102      CF79D6
 103 0210 D6963FF7 		.ascii	"\326\226?\367\372\264\3738\357\371\236M\373\002\212"
 103      FAB4FB38 
 103      EFF99E4D 
 103      FB028A
 104 021f 61D92E67 		.ascii	"a\331.g\351\036\330\344J\261\231)r\323\232\232\327\031"
 104      E91ED8E4 
 104      4AB19929 
 104      72D39A9A 
 104      D719
 105 0231 FF3AA90D 		.ascii	"\377:\251\015*?.NX\231Lk\307\373\317\337\231\224\327"
 105      2A3F2E4E 
 105      58994C6B 
 105      C7FBCFDF 
 105      9994D7
 106 0244 036B2F59 		.ascii	"\003k/YL\215\365\320\271'\017\327hp\032/\317\013\011"
 106      4C8DF5D0 
 106      B9270FD7 
 106      68701A2F 
 106      CF0B09
 107 0257 F2B988F1 		.ascii	"\362\271\210\361\021\306\217\343\377\343\031?\201\347"
 107      11C68FE3 
 107      FFE3193F 
 107      81E7
 108 0265 4E14FDD2 		.ascii	"N\024\375\322(\345@\031\007&1M9\206\275\223\231\253"
 108      28E54019 
 108      0726314D 
 108      3986BD93 
 108      99AB
 109 0277 92035328 		.ascii	"\222\003S(0\225i\2058\215k\011w\345\031)\361KK\202\265"
 109      30956985 
 109      388D6B09 
 109      77E51929 
 109      F14B4B82 
 110 028c 6DE301A0 		.ascii	"m\343\001\240\265E\025\317\024\307aa\317\363=;B\024"
 110      B54515CF 
 110      14C76161 
 110      CFF33D3B 
 110      4214
 111 029e 49CB10F6 		.ascii	"I\313\020\366\374\336\301\227[dl\300j\260LTxP\252ez"
 111      FCDEC197 
 111      5B646CC0 
 111      6AB04C54 
 111      7850AA65 
 112 02b3 F274D77E 		.ascii	"\362t\327~\223\266\211\316\303\325\361\372wa\005\274"
ARM GAS  C:\cygwin\tmp\ccbw12UJ.s 			page 8


 112      93B689CE 
 112      C3D5F1FA 
 112      776105BC 
 113 02c3 13B708A5 		.ascii	"\023\267\010\245\301\027\020\203/I\010|\367\375\351"
 113      C1171083 
 113      2F49087C 
 113      F7FDE9
 114 02d2 BF1FE5F9 		.ascii	"\277\037\345\371\211k\310\242\257\020\207\332|\0151"
 114      896BC8A2 
 114      AF1087DA 
 114      7C0D31
 115 02e1 D10D0BAD 		.ascii	"\321\015\013\255B^\327\330+f\023I\210omS\345 F<F\211"
 115      425ED7D8 
 115      2B661349 
 115      886F6D53 
 115      E520463C 
 116 02f7 7EE97B4D 		.ascii	"~\351{M+\257Ya5V\364K\223\370\336H\016\304\375:\326"
 116      2BAF5961 
 116      3556F44B 
 116      93F8DE48 
 116      0EC4FD3A 
 117 030c 01DF4039 		.ascii	"\001\337@9gX\271o\303\013\036\214\300\026\320\211F@"
 117      6758B96F 
 117      C30B1E8C 
 117      C016D089 
 117      4640
 118 031e 0274624F 		.ascii	"\002tbO\014\036\320\230\254\231\355\353Jm[\026\244\242"
 118      0C1ED098 
 118      AC99EDEB 
 118      4A6D5B16 
 118      A4A2
 119 0330 35C4B663 		.ascii	"5\304\266cy\224\357\325\203\303\371\346\376K\276\255"
 119      7994EFD5 
 119      83C3F9E6 
 119      FE4BBEAD 
 120 0340 76BEB56F 		.ascii	"v\276\265ou\016h\224o\033\350\314#\340[LHb.\217d\265"
 120      750E6894 
 120      6F1BE8CC 
 120      23E05B4C 
 120      48622E8F 
 121 0356 8C833801 		.ascii	"\214\2038\001\213\022\215*0ZH\357eI*|\207*\364K\037"
 121      8B128D2A 
 121      305A48EF 
 121      65492A7C 
 121      872AF44B 
 122 036b D7BA2182 		.ascii	"\327\272!\202\240\203+\256\264\030\332s\300\253\364"
 122      A0832BAE 
 122      B418DA73 
 122      C0ABF4
 123 037a E295AE3E 		.ascii	"\342\225\256>\265\334\254\267\255&\331\220\310d\356"
 123      B5DCACB7 
 123      AD26D990 
 123      C864EE
 124 0389 24093BAE 		.ascii	"$\011;\256\342\354\300u\003\235h\270*\007\266c\207j"
 124      E2ECC075 
 124      039D68B8 
 124      2A07B663 
ARM GAS  C:\cygwin\tmp\ccbw12UJ.s 			page 9


 124      876A
 125 039b DB8FF613 		.ascii	"\333\217\366\023\\\015\3341\326@\202\303N\345\336.v"
 125      5C0DDC31 
 125      D64082C3 
 125      4EE5DE2E 
 125      76
 126 03ac 4F326DA7 		.ascii	"O2m\247+\255t\245\335\235\207v\217\242\335\213\264\002"
 126      2BAD74A5 
 126      DD9D8776 
 126      8FA2DD8B 
 126      B402
 127 03be D7A626F0 		.ascii	"\327\246&\360\376\320\216\303\242F\203R\244eQZ\002\367"
 127      FED08EC3 
 127      A2468352 
 127      A465515A 
 127      02F7
 128 03d0 9A4DBA81 		.ascii	"\232M\272\201\026L\021-\327(\215\221nc\337\312\013\005"
 128      164C112D 
 128      D7288D91 
 128      6E63DFCA 
 128      0B05
 129 03e2 988A4E57 		.ascii	"\230\212NWBs\032\350Bb|\271\263\376\275\201\020;\177"
 129      42731AE8 
 129      42627CB9 
 129      B3FEBD81 
 129      103B7F
 130 03f5 78EDE1B5 		.ascii	"x\355\341\265\270\335\366\261ngp\371\342\225\245\241"
 130      B8DDF6B1 
 130      6E6770F9 
 130      E295A5A1 
 131 0405 FC61A138 		.ascii	"\374a\2418A\034\206\372\335\232J\013W\335\330\376<\215"
 131      411C86FA 
 131      DD9A4A0B 
 131      57DDD8FE 
 131      3C8D
 132 0417 1D508D1D 		.ascii	"\035P\215\035\344\306D/8\031\207\365\207C\020\223\002"
 132      E4C6442F 
 132      381987F5 
 132      87431093 
 132      02
 133 0428 FBD1A824 		.ascii	"\373\321\250$\017mL\204\216\033\221\274)\351c8B\340"
 133      0F6D4C84 
 133      8E1B91BC 
 133      29E96338 
 133      42E0
 134 043a 30C47442 		.ascii	"0\304tB\0329\231\376\343j\301\223\005\272s\253\345\010"
 134      1A3999FE 
 134      E36AC193 
 134      05BA73AB 
 134      E508
 135 044c 351F494B 		.ascii	"5\037IK9\2549F\010\204Q\245\371\021\027\315\245\255"
 135      39AC3946 
 135      088451A5 
 135      F91117CD 
 135      A5AD
 136 045e F951EC79 		.ascii	"\371Q\354yX`/\011\014J`&\220\266\300\234C\346=`F\013"
 136      58602F09 
ARM GAS  C:\cygwin\tmp\ccbw12UJ.s 			page 10


 136      0C4A6026 
 136      90B6C09C 
 136      43E63D60 
 137 0474 7C2C8FC0 		.ascii	"|,\217\300\307\225\300\311\254\3002-\307y\000\3534("
 137      C795C0C9 
 137      ACC0322D 
 137      C77900EB 
 137      3428
 138 0486 BB696B59 		.ascii	"\273ikY6\"O\352\302\016\203S\241\212p\002b\336\006\255"
 138      36224FEA 
 138      C20E8353 
 138      A18A7002 
 138      62DE06AD 
 139 049a 174A4742 		.ascii	"\027JGB~\265!\036\204|\317\020\244\363\015\013\376\\"
 139      7EB5211E 
 139      847CCF10 
 139      A4F30D0B 
 139      FE5C
 140 04ac 47D78C51 		.ascii	"G\327\214Q\032\342\001LGqV\303\036\352o|\032K\314j\210"
 140      1AE2014C 
 140      477156C3 
 140      1EEA6F7C 
 140      1A4BCC6A 
 141 04c1 11026054 		.ascii	"\021\002`T0\305!\251@\023\322\330\237\023\324J\240\011"
 141      30C521A9 
 141      4013D2D8 
 141      9F13D44A 
 141      A009
 142 04d3 24F45F4B 		.ascii	"$\364_K\256\200\002M\034#\267f\313}\222\024@\354\362"
 142      AE80024D 
 142      1C23B766 
 142      CB7D9214 
 142      40ECF2
 143 04e6 5321823A 		.ascii	"S!\202:p\250]\302\313X\335\306\246\020\213\\\354\214"
 143      70A85DC2 
 143      CB58DDC6 
 143      A6108B5C 
 143      EC8C
 144 04f8 DFE10C97 		.ascii	"\337\341\014\227\305GfX\250\364\032\333\264h\313Ge*"
 144      C5476658 
 144      A8F41ADB 
 144      B468CB47 
 144      652A
 145 050a BFEEE294 		.ascii	"\277\356\342\224\341\352\324)\327\263\377\0062\353\007"
 145      E1EAD429 
 145      D7B3FF06 
 145      32EB07
 146 0519 65D68F59 		.ascii	"e\326\217Y\263\260\2622\023\013\232\340[\272r\015\364"
 146      B3B0B232 
 146      130B9AE0 
 146      5BBA720D 
 146      F4
 147 052a D2E95D4A 		.ascii	"\322\351]J\343\361\276\325$w\300vo\344\371\222\032\252"
 147      E3F1BED5 
 147      2477C076 
 147      6FE4F992 
 147      1AAA
ARM GAS  C:\cygwin\tmp\ccbw12UJ.s 			page 11


 148 053c E1EC5E64 		.ascii	"\341\354^d:\0151?\365\022\374\337v\002\336\227p&\347"
 148      3A0D313F 
 148      F512FCDF 
 148      7602DE97 
 148      7026E7
 149 054f 622FF53E 		.ascii	"b/\365>)\215W|\326 \214\020\010\243j'\364\272\354\004"
 149      298D577C 
 149      D6208C10 
 149      08A36A27 
 149      F4BAEC04 
 150 0563 8F2DF74F 		.ascii	"\217-\367O\352\364\031\276,i\363\236\2657F\201C~\346"
 150      EAF419BE 
 150      2C69F39E 
 150      B5374681 
 150      437EE6
 151 0576 F3D81B83 		.ascii	"\363\330\033\203Sz\\\3446]\345>\227gc\374\254\264>\237"
 151      537A5CE4 
 151      365DE53E 
 151      976763FC 
 151      ACB43E9F 
 152 058a D5DA9396 		.ascii	"\325\332\223\226\225\001\324vR\220\262\207HZ\272\237"
 152      9501D476 
 152      5290B287 
 152      485ABA9F 
 153 059a 5E1F9FEF 		.ascii	"^\037\237\357~\242\033\357\027\307\375\264\362\315\302"
 153      7EA21BEF 
 153      17C7FDB4 
 153      F2CDC2
 154 05a9 515A6DCE 		.ascii	"QZm\316\351t\001U\331<\366\"\360\017\342\344\021\277"
 154      E9740155 
 154      D93CF622 
 154      F00FE2E4 
 154      11BF
 155 05bb 17FC2E4D 		.ascii	"\027\374.M\004\340Wl\342\2671k\346&\204\303\357\252"
 155      04E0576C 
 155      E2B7316B 
 155      E62684C3 
 155      EFAA
 156 05cd 8F8BF6D5 		.ascii	"\217\213\366\325Ph;\215[c\357\261\351\2247-\313\235"
 156      50683B8D 
 156      5B63EFB1 
 156      E994372D 
 156      CB9D
 157 05df 093C4CE2 		.ascii	"\011<L\342\360#\220\226\006\\b?.\023\027v\215\277:p"
 157      F0239096 
 157      065C623F 
 157      2E131776 
 157      8DBF3A70 
 158 05f3 229EB8E5 		.ascii	"\"\236\270\345\334\035\357\306\356c3\024\333d\302g\335"
 158      DC1DEFC6 
 158      EE633314 
 158      DB64C267 
 158      DD
 159 0604 B6FBC228 		.ascii	"\266\373\302(g\017;\256\013\016\033j\233\374\270\276"
 159      670F3BAE 
 159      0B0E1B6A 
 159      9BFCB8BE 
ARM GAS  C:\cygwin\tmp\ccbw12UJ.s 			page 12


 160 0614 4C4D365C 		.ascii	"LM6\\\024po\371\017\327\226o\244\226\377T-\377\225\265"
 160      14706FF9 
 160      0FD7966F 
 160      A496FF54 
 160      2DFF95B5 
 161 0628 6E24696A 		.ascii	"n$ij\331\213\201\254\262\220\206X\350,\256\270\311\205"
 161      D98B81AC 
 161      B2908658 
 161      E82CAEB8 
 161      C985
 162 063a EB5B6BB0 		.ascii	"\353[k\260\300\242\254\257\373\273!\237\261\264\012"
 162      C0A2ACAF 
 162      FBBB219F 
 162      B1B40A
 163 0649 FB1CC626 		.ascii	"\373\034\306&\307\030\333\2263\266\037\005hs56\340\332"
 163      C718DB96 
 163      33B61F05 
 163      68733536 
 163      E0DA
 164 065b D6DFF99D 		.ascii	"\326\337\371\235\034Pm]\261\235,\31699t|:%J\313)c\254"
 164      1C506D5D 
 164      B19D2CCE 
 164      3939747C 
 164      3A254ACB 
 165 0672 F3DAD60D 		.ascii	"\363\332\326\015\346\254\353g\353\246\344\254\353H\316"
 165      E6ACEB67 
 165      EBA6E4AC 
 165      EB48CE
 166 0681 50D3A712 		.ascii	"P\323\247\022>k\235]9F9]\304a\035\207\275\312\272/\233"
 166      3E6B9D5D 
 166      3946395D 
 166      C4611D87 
 166      BDCABA2F 
 167 0696 CBD464AF 		.ascii	"\313\324d\257K\217A\327\036\207\362[\227Q=Z\322\266"
 167      4B8F41D7 
 167      1E87F25B 
 167      97513D5A 
 167      D2B6
 168 06a8 6E2469AA 		.ascii	"n$i\252\331\266\016\265\203\270\214\025\221uS\213\227"
 168      D9B60EB5 
 168      83B88C15 
 168      9175538B 
 168      97
 169 06b9 6E22EB4A 		.ascii	"n\"\353Jl\353\032\026\0174k\371\274\243\033k\241$\357"
 169      6CEB1A16 
 169      0F346BF9 
 169      BCA31B6B 
 169      A124EF
 170 06cc B034FC31 		.ascii	"\2604\3741\017|\206\335:mZ\225\372\233_W5{\376\274y"
 170      0F7C86DD 
 170      3A6D5A95 
 170      FA9B5F57 
 170      357BFEBC 
 171 06e1 F39FAE8A 		.ascii	"\363\237\256\212\316\257]PWu\367\254\231\3253\237\241"
 171      CEAF5D50 
 171      5775F7AC 
 171      99D5339F 
ARM GAS  C:\cygwin\tmp\ccbw12UJ.s 			page 13


 171      A1
 172 06f2 58B466EE 		.ascii	"X\264f\356\023\265uU\367VWW\315\256]0}\332l\241E\353"
 172      13B57555 
 172      F7565757 
 172      CDAE5D30 
 172      7DDA6CA1 
 173 0708 A25AED13 		.ascii	"\242Z\355\023O\311\350\315rAT\316\211jOF\243\376\331"
 173      4FC9E8CD 
 173      724154CE 
 173      896A4F46 
 173      A3FED9
 174 071b D1BA9A39 		.ascii	"\321\272\2329\025\025\0255\"<\257\256\266\202>\017="
 174      15151535 
 174      223CAFAE 
 174      B6823E0F 
 174      3D
 175 072c FCD04D15 		.ascii	"\374\320M\025\327N\027\262V\224dc\325\017>\360\310\254"
 175      D74E17B2 
 175      56946463 
 175      D50F3EF0 
 175      C8AC
 176 073e 07EFE7B8 		.ascii	"\007\357\347\270^S\367\270\220\321[\376\001F\013[l"
 176      5E53F7B8 
 176      90D15BFE 
 176      01460B5B 
 176      6C
 177              		.text
 178              		.section	.gnu.lto_.symbol_nodes.652ba691,"",%progbits
 179 0000 789C55CC 		.ascii	"x\234U\314;\016\302@\014\004\320Y{7\331|\200\344\004"
 179      3B0EC240 
 179      0C04D059 
 179      7B37D97C 
 179      80E404
 180 0013 39AAA314 		.ascii	"9\252\243\024\324\024\010\012$\240\3105h8\000\022\025"
 180      D414080A 
 180      24A0C835 
 180      68380012 
 180      15
 181 0024 1D274849 		.ascii	"\035'HI\017;\002\204p\361f\246\261\002\270\342s\002"
 181      0F3B0284 
 181      70F166A6 
 181      B102B8E2 
 181      7302
 182 0036 035617C0 		.ascii	"\003V\027\300\014\373c\2048s\177[L~\333C\324\364\273"
 182      0CFB6384 
 182      38737F5B 
 182      4C7EDB43 
 182      D4F4BB
 183 0049 3769078F 		.ascii	"7i\007\217\306\0202G\203\320\\i\364\264\010\264\314"
 183      C6103247 
 183      83D05C69 
 183      F4B408B4 
 183      CC
 184 005a 6895D33A 		.ascii	"h\225\323:\322yAg%m+\332\324I\2670\377\376\216\276\217"
 184      D2794167 
 184      256D2BDA 
 184      D449B730 
ARM GAS  C:\cygwin\tmp\ccbw12UJ.s 			page 14


 184      FFFE8EBE 
 185 006f 500586E5 		.ascii	"P\005\206\345\324\251:\014[f\213q\307\024\234\017S\347"
 185      D4A93A0C 
 185      5B668B71 
 185      C7149C0F 
 185      53E7
 186 0081 158FDBF3 		.ascii	"\025\217\333\363\024\220\312\372\316\202\027\256\343"
 186      1490CAFA 
 186      CE8217AE 
 186      E3
 187 008e 2D11     		.ascii	"-\021"
 188              		.text
 189              		.section	.gnu.lto_.refs.652ba691,"",%progbits
 190 0000 789C6366 		.ascii	"x\234cf``\320e\200\000>f&\026&&V\001&6>&vA&\026q&\016"
 190      6060D065 
 190      80003E66 
 190      26162626 
 190      56012636 
 191 001d 09264E49 		.ascii	"\011&NI&.\025&nU&\036m&^\023&>#&~[&\001k\006\0004\033"
 191      262E1526 
 191      6E55261E 
 191      6D265E13 
 191      263E2326 
 192 003a 02AF     		.ascii	"\002\257"
 193              		.text
 194              		.section	.gnu.lto_.decls.652ba691,"",%progbits
 195 0000 789CA596 		.ascii	"x\234\245\226[L\024W\030\307\347\354Y.\273.\227P\213"
 195      5B4C1457 
 195      18C7E7EC 
 195      592EBB2E 
 195      97508B
 196 0013 0D2FC59A 		.ascii	"\015/\305\232\2226\021Qk\037\332\027mx\320\244\261\261"
 196      92361151 
 196      6B1FDA17 
 196      6D78D0A4 
 196      B1B1
 197 0025 26F6459A 		.ascii	"&\366E\232\351\270\014\272\021\026\262;\244\3726\242"
 197      E9B80CBA 
 197      1116B23B 
 197      A4FA36A2 
 198 0035 B528D682 		.ascii	"\265(\326\202\265\012\250\260\010\312MQ@\361B\271\266"
 198      B50AA8B0 
 198      08CA4D51 
 198      40F142B9 
 198      B6
 199 0046 CA2A8237 		.ascii	"\312*\2027@P.\013\212.E.\002%X\253\364;\347\314\262"
 199      40502E0B 
 199      8A2E452E 
 199      022558AB 
 199      F43BE7CC 
 200 005b 374C1F7A 		.ascii	"7L\037z\302\177g\3167\337\367\373\276s\033\006s\034"
 200      C27F67CE 
 200      37DFF7FB 
 200      BE731B06 
 200      731C
 201 006d 27238E9B 		.ascii	"'#\216\233\205f\320p\334\012\025\307\371\200m\003\347"
 201      8566D070 
ARM GAS  C:\cygwin\tmp\ccbw12UJ.s 			page 15


 201      DC0A15C7 
 201      F9806D03 
 201      E7
 202 007e 6CA45F06 		.ascii	"l\244_\006*\007U\201jAu\240\000\320\015P3\250\005t\033"
 202      2A075581 
 202      6A4175A0 
 202      00D00D50 
 202      33A80574 
 203 0093 7417741F 		.ascii	"t\027t\037\324\016z\000\352\002\365\201\372A\217A\203"
 203      D40E7A00 
 203      EA02F581 
 203      FA418F41 
 203      83
 204 00a4 9C7B235C 		.ascii	"\234{#\\\344\222\017)6\317V>\217_\371<~U\363\370U\315"
 204      E4920F29 
 204      36CF563E 
 204      8F5FF93C 
 204      7E55F3F8 
 205 00ba E357ABD4 		.ascii	"\343W\253\324O\374\002A:\320u\320S\320\020h1\350\021"
 205      4FFC0241 
 205      3AD075D0 
 205      53D01068 
 205      31E811
 206 00cd 6812540C 		.ascii	"h\022T\014\262\203\272AS.sR\3532/uJ\036\307\234\264"
 206      B283BA41 
 206      532E7352 
 206      EB322F75 
 206      4A1EC79C 
 207 00e2 28F3F2B6 		.ascii	"(\363\362\2669\351W\346eP\231\027\327\366B\205\256\224"
 207      39E957E6 
 207      65509917 
 207      D7F64285 
 207      AE94
 208 00f4 4DB52CB0 		.ascii	"M\265,\260\253P\2406\234t\257\036\262f\372BW\247U\223"
 208      AB50A036 
 208      9C74AF1E 
 208      B266FA42 
 208      57A75593 
 209 0108 6EF5AB81 		.ascii	"n\365\253\2016\365\242_eh\351\273\345`5\332\020\212"
 209      36F5A25F 
 209      6568E9BB 
 209      E56035DA 
 209      108A
 210 011a 0A51182A 		.ascii	"\012Q\030*Ba0\342b\264\010~7\253\031\2511cb\004a\025"
 210      426130E2 
 210      62B4087E 
 210      37AB19A9 
 210      31636204 
 211 0130 22F7F999 		.ascii	"\"\367\371\231\375m\332\245%\020\226*\327\317 g\272"
 211      FD6DDAA5 
 211      2510962A 
 211      D7CF2067 
 211      BA
 212 0141 87BB5327 		.ascii	"\207\273S'\202p(u\372\241ux\002\253U\034:\2030{\332"
 212      82702875 
 212      FAA17578 
 212      02AB551C 
ARM GAS  C:\cygwin\tmp\ccbw12UJ.s 			page 16


 212      3A83307B 
 213 0156 305C561A 		.ascii	"0\\V\032\030\236#\333,\343\325\207\177\306Y\262\245"
 213      189E23DB 
 213      2CE3D587 
 213      7FC659B2 
 213      A5
 214 0167 517E333B 		.ascii	"Q~3;\213h*T\2020*EK!\345Y\244\346H\227M|\031\012\207"
 214      8B682A54 
 214      82302A45 
 214      4B21E559 
 214      A4E64897 
 215 0180 D8231D27 		.ascii	"\330#\035'\236i\360\327o!W\346\337\261#J\266\364\026"
 215      9E69F0D7 
 215      6F2157E6 
 215      DFB1234A 
 215      B6F416
 216 0193 FA5AD3EB 		.ascii	"\372Z\323\353ggWS\350\2719\350y\002=\347\200\226S\350"
 216      67675753 
 216      E8B939E8 
 216      79023DE7 
 216      809653E8 
 217 01a7 F169DB4B 		.ascii	"\361i\333K\025\376\226B\273\372\207\332\374\360vz\237"
 217      15FE9642 
 217      BBFA87DA 
 217      FCF0767A 
 217      9F
 218 01b8 9B99F340 		.ascii	"\233\231\363@G\022T:\022\364v\035\276\252q\244D\027"
 218      4712543A 
 218      12F4761D 
 218      BEAA71A4 
 218      4417
 219 01ca 109DBE91 		.ascii	"\020\235\276\221\336\366&\025\311\232gy\351\226\265"
 219      DEF62615 
 219      C99A6779 
 219      E996B5
 220 01d9 622EEB45 		.ascii	"b.\353E\222\265\302\221\265\212f\315\357\313\255\013"
 220      92B5C291 
 220      B58A66CD 
 220      EFCBAD0B 
 221 01e9 C212CDD4 		.ascii	"\302\022\315\324[\371\360C\234\202\350\375\276\214\374"
 221      5BF9F043 
 221      9C82E8FD 
 221      BE8CFC
 222 01f8 3C1D4E65 		.ascii	"<\035Ne\235\347\266\206B\2143Xg\346\307\206'\376$\373"
 222      9DE7B686 
 222      428C3358 
 222      67E6C786 
 222      27FE24FB 
 223 020c 55473D15 		.ascii	"UG=\025e\335\303\264\236+\244\236jVOS\321t\225\0171"
 223      65DDC3B4 
 223      9E2BA49E 
 223      6A564F53 
 223      D174950F 
 224 0221 5E26C6DF 		.ascii	"^&\306\337\230\2615\267\375\225\017\024i)\267\034(\366"
 224      98B135B7 
 224      FD950F14 
 224      6929B71C 
ARM GAS  C:\cygwin\tmp\ccbw12UJ.s 			page 17


 224      28F6
 225 0233 B5CA5064 		.ascii	"\265\312Pd\335\032Z\345\245\271*kH\225\227\034U\326"
 225      DD1A5AE5 
 225      A5B92A6B 
 225      4895971C 
 225      55D6
 226 0245 D22AF776 		.ascii	"\322*\367v7\346\372\222\301\311\266\262\302&\235\205"
 226      37E6FA92 
 226      C1C9B6B2 
 226      C2269D85 
 227 0255 46AE664B 		.ascii	"F\256fK\025\243\004\202s\214\022TG\203\352jg\256kq\026"
 227      15A30482 
 227      738C1254 
 227      4783EA6A 
 227      67AE6B71 
 228 026a ABFA40AA 		.ascii	"\253\372@\252\355\206\026\237d\235]\247\253\017\370"
 228      ED86169F 
 228      649D5DA7 
 228      AB0FF8
 229 0279 C1CE5BAC 		.ascii	"\301\316[\254\245\365\367\035{Y\240\241]\362\302\010"
 229      A5F5F71D 
 229      7B59A0A1 
 229      5DF2C208 
 230 0289 0293CAFA 		.ascii	"\002\223\312\372T\316\017D\021\332\002\330V\343=\247"
 230      54CE0F44 
 230      11DA02D8 
 230      56E33DA7 
 231 0299 06D6ED96 		.ascii	"\006\326\355\226\327\240kH\213\032\034ur4\232\264TY"
 231      D7A06B48 
 231      8B1A1C75 
 231      72349AB4 
 231      5459
 232 02ab 4E215B56 		.ascii	"N![Vc\015\344\346v,\372\003E\200\007\365E\215`\374\035"
 232      630DE4E6 
 232      762CFA03 
 232      458007F5 
 232      458D60FC 
 233 02c0 8C00BEF6 		.ascii	"\214\000\276\366O\355\036\037\244\215\230?\250i\236"
 233      4FED1E1F 
 233      A48D983F 
 233      A8699E
 234 02cf 205A4256 		.ascii	" ZBV\361\321PYV\243\353PB\275\263\004\250hn\273w\274"
 234      F1D15059 
 234      56A3EB50 
 234      42BDB304 
 234      A8686EBB 
 235 02e5 69B9E88F 		.ascii	"i\271\350\217\333\331\241\270p\364\361\301\200%y\262"
 235      DBD9A1B8 
 235      70F4F1C1 
 235      802579B2 
 236 02f5 2D65BC7A 		.ascii	"-e\274z\342\346\302,9/E\226\311\216\240\004+#\270\034"
 236      E2E6C22C 
 236      392F4596 
 236      C98EA004 
 236      2B23B81C 
 237 0309 2F2B9B6F 		.ascii	"/+\233ot\003-\201\3503\023w\247Ux\230\241\032\246\017"
 237      74032D81 
ARM GAS  C:\cygwin\tmp\ccbw12UJ.s 			page 18


 237      E8331377 
 237      A7557898 
 237      A11AA60F 
 238 031d E72DA028 		.ascii	"\347-\240(\313\261S{\303\255\262l\233\235}\237rnzqn"
 238      CBB1537B 
 238      C3ADB26C 
 238      9B9D7D9F 
 238      726E7A71 
 239 0332 2A9C66CA 		.ascii	"*\234f\312\351\034\255\271\257\301o\030\247\243l\244"
 239      E91CADB9 
 239      AFC16F18 
 239      A7A36CA4 
 240 0342 279071D2 		.ascii	"'\220q\322<8\267\2748\267\024N\013\345T\226L-\304\207"
 240      3C38B7BC 
 240      38B7144E 
 240      0BE55496 
 240      4C2DC487 
 241 0356 30C5D41E 		.ascii	"0\305\324\036l\272\344\3130%\036\230V/L\253\202\271"
 241      6CBAE4CB 
 241      30251E98 
 241      562F4CAB 
 241      82B9
 242 0368 4D3145FB 		.ascii	"M1E\3732\2624\270\230qj\366\326|\3000u\036\230;^\230"
 242      32B234B8 
 242      98716AF6 
 242      D67CC030 
 242      751E983B 
 243 037e 3B0AE62E 		.ascii	";\012\346.\305Teg\037\016\300\225\014\323\360\367d\247"
 243      C5546567 
 243      1F0EC095 
 243      0CD3F0F7 
 243      64A7
 244 0390 9A715A3C 		.ascii	"\232qZ<8\367\2748\367\024\316}\312\2617\217uk\360\025"
 244      38F7BC38 
 244      F714CE7D 
 244      CAB1378F 
 244      756BF015 
 245 03a4 C63963CD 		.ascii	"\3069c\315\231\362a\234G\036\2346/N\233\302i\247\234"
 245      99F2619C 
 245      471E9C36 
 245      2F4E9BC2 
 245      69A79C
 246 03b7 9EBABE5F 		.ascii	"\236\272\276_\374p=\343\244\037}U\241\254\326\220\007"
 246      FC703DE3 
 246      A41F7D55 
 246      A1ACD690 
 246      07
 247 03c8 A7C38BD3 		.ascii	"\247\303\213\323\241p\036PNk\316\340P\020nf\234\342"
 247      A1701E50 
 247      4E6BCEE0 
 247      50106E66 
 247      9CE2
 248 03da 439569CA 		.ascii	"C\225i\312j\215yp:\2758\235\012\247\213r\332\307\012"
 248      6A8D7970 
 248      3ABD389D 
 248      0AA78B72 
 248      DAC70A
ARM GAS  C:\cygwin\tmp\ccbw12UJ.s 			page 19


 249 03ed 16E13686 		.ascii	"\026\3416\206\351\315\254\337\257\326\355wnvzd\235\221"
 249      E9CDACDF 
 249      AFD6ED77 
 249      6E767A64 
 249      9D91
 250 03ff 8F904ED9 		.ascii	"\217\220N\331\313p6\212\355\235\351\010\351\"\336\346"
 250      CB70368A 
 250      ED9DE908 
 250      E922DEE6 
 251 040f 8E7AE078 		.ascii	"\216z\340x8#\310\301\260uo\360G\335`z\350<\024\3401"
 251      3823C8C1 
 251      B0756FF0 
 251      47DD607A 
 251      E83C14E0 
 252 0424 77285E67 		.ascii	"w(^g\335\376K\203\273Y1\243\275\005EX\331\201\205\316"
 252      DDFE4B83 
 252      BB5931A3 
 252      BD054558 
 252      D98185CE 
 253 0438 3191F05E 		.ascii	"1\221\360^\2571\365*c\352\243c\252\316o\230\326\340"
 253      AF31F52A 
 253      63EAA363 
 253      AACE6F98 
 253      D6E0
 254 044a 11C629AB 		.ascii	"\021\306)\253\370i\\\231\233\327\247\33496/\216M\341"
 254      F8695C99 
 254      9BD7A7DC 
 254      39362F8E 
 254      4DE1
 255 045c F4534EFF 		.ascii	"\364SN\377\213]\301\030\3161}\305\216^\260k\030&\327"
 255      8B5DC118 
 255      CE317DC5 
 255      8E5EB06B 
 255      1826D7
 256 046f A39C012F 		.ascii	"\243\234\001/\314\200\202yL1'O\357\203\255\235\3018"
 256      CC808279 
 256      4C31274F 
 256      EF83AD9D 
 256      C138
 257 0481 7B4E0E9E 		.ascii	"{N\016\236\3221N\226\007\347\211\027\347\211\302\031"
 257      D2314E96 
 257      07E78917 
 257      E789C219 
 258 0491 A49CB1BE 		.ascii	"\244\234\261\276\275\245>n\313C\026\330\351\375\224"
 258      BDA53E6E 
 258      CB4316D8 
 258      E9FD94
 259 04a0 4D25B992 		.ascii	"M%\271\222\027j\337\364q\025.`Yo\224w\331\221[(I\350"
 259      176ADFF4 
 259      71152E60 
 259      596F9477 
 259      D9915B28 
 260 04b6 0CB5BBAE 		.ascii	"\014\265\273\256lZ[\315&\217\205u\365F\177\302\302\332"
 260      6C5A5BCD 
 260      268F8575 
 260      F5467FC2 
 260      C2DA
ARM GAS  C:\cygwin\tmp\ccbw12UJ.s 			page 20


 261 04c8 DD17B6E7 		.ascii	"\335\027\266\347\033\1774\004\246g\316\205\265;\026"
 261      1B7F3404 
 261      A667CE85 
 261      B53B16
 262 04d7 963C8012 		.ascii	"\226<\200\022\254\245'\276\303gi9\352\307\307\317W\005"
 262      ACA527BE 
 262      C3676939 
 262      EAC7C7CF 
 262      5705
 263 04e9 A188B030 		.ascii	"\241\210\2600\372\312N\205\267\365\030\214dX\3717\302"
 263      FACA4E85 
 263      B7F5188C 
 263      6458F937 
 263      C2
 264 04fa 5A26D867 		.ascii	"Z&\330gV\223\007p\353O\257\3645<~H\306\357qhi\030\372"
 264      56930770 
 264      EB4FAFF4 
 264      353C7E48 
 264      C6EF7168 
 265 0511 186A790E 		.ascii	"\030jy\016\265\220G\034\032\205\362F\350k\0335\017\314"
 265      B590471C 
 265      1A85F246 
 265      E86B1B35 
 265      0FCC
 266 0523 4CEAE8A7 		.ascii	"L\352\350\247K0\351f?\030\234\302\364\323EE\272\373"
 266      4B30E966 
 266      3F189CC2 
 266      F4D34545 
 266      BAFB
 267 0535 D3CA67FD 		.ascii	"\323\312g\375\264\251\312\247\013\031\235\316u\026'"
 267      B4A9CAA7 
 267      0B199DCE 
 267      751627
 268 0544 28ED238A 		.ascii	"(\355#\212\007\357\034\373\221lMH:\365\266\310\341\210"
 268      07EF1CFB 
 268      916C4D48 
 268      3AF5B6C8 
 268      E188
 269 0556 563A0EDE 		.ascii	"V:\016\336/\250\367$\012q\304\320\016DL\236\315\270"
 269      2FA8F724 
 269      0A71C4D0 
 269      0E444C9E 
 269      CDB8
 270 0568 AC229F46 		.ascii	"\254\"\237F\273\376\343\323\010M\301\275\216\347E\301"
 270      BBFEE3D3 
 270      084DC1BD 
 270      8EE745C1 
 271 0578 14BF9337 		.ascii	"\024\277\2237\030\015\222\357\332\2576\205Gs\352\357"
 271      180D92EF 
 271      DAAF3685 
 271      4773EAEF 
 272 0588 4561FBA7 		.ascii	"Ea\373\247\313\226E\261\277Ds\224>1!!\321\030\225\224"
 272      CB9645B1 
 272      BF447394 
 272      3E312121 
 272      D1189594 
 273 059c 6892CC51 		.ascii	"h\222\314Q_l\\\037\275~\007\261%\031\342E\2239jmtt\224"
ARM GAS  C:\cygwin\tmp\ccbw12UJ.s 			page 21


 273      5F6C5C1F 
 273      BD7E07B1 
 273      2519E245 
 273      93396A6D 
 274 05b3 DE242D5F 		.ascii	"\336$-_\246\347\026\360|\274 \211\224\026\300\307\212"
 274      A6E716F0 
 274      7CBC2089 
 274      9416C0C7 
 274      8A
 275 05c4 714272BC 		.ascii	"qBr\274\304\213;\014\222\2771\321$J\311&c\300F\321,"
 275      C48B3B0C 
 275      92BF31D1 
 275      244AC926 
 275      63C046D1 
 276 05d9 4AFC3AC1 		.ascii	"J\374:\301\030\013\321>Fa\273\030\013\017\015\306x\203"
 276      180BD13E 
 276      4661BB18 
 276      0B0F0DC6 
 276      7883
 277 05eb 51F43326 		.ascii	"Q\3643&\352\343\023\215\242\177\262\301(}\262\222\227"
 277      EAE3138D 
 277      A27FB2C1 
 277      287DB292 
 277      97
 278 05fc B43CEFB8 		.ascii	"\264<\357\270\335\254\377<&\311\224\270\325$$\204\307"
 278      DDACFF3C 
 278      26C994B8 
 278      D5242484 
 278      C7
 279 060d 416673CC 		.ascii	"Afs\314V\275>R0%D\032!\"R\024\266\030\"W\361\237E\256"
 279      56BD3E52 
 279      3025441A 
 279      21225214 
 279      B6182257 
 280 0625 5CBE6255 		.ascii	"\\\276bU\214\2339\306`\324\307'\307\2121\011\202~\033"
 280      8C9B39C6 
 280      60D4C727 
 280      C78A3109 
 280      827E1B
 281 0638 648999AB 		.ascii	"d\211\231\253L\332\231$\232\227m\343\276\374\377l\263"
 281      4CDA9924 
 281      9A976DE3 
 281      BEFCFF6C 
 281      B3
 282 0649 140B8502 		.ascii	"\024\013\205\002\353]\236\007\224^4\233y\263$\350\267"
 282      EB5D9E07 
 282      945E349B 
 282      79B324E8 
 282      B7
 283 065a F3A23196 		.ascii	"\363\2421\226\347Cx>A0\030]M\357\270\231\266\010f\221"
 283      E743783E 
 283      4130185D 
 283      4DEFB899 
 283      B6086691 
 284 066e E7433D83 		.ascii	"\347C=\203\231Y\303K\342\016)V\220\004\037\236\374\372"
 284      9959C34B 
 284      E20E2956 
ARM GAS  C:\cygwin\tmp\ccbw12UJ.s 			page 22


 284      90041F9E 
 284      FCFA
 285 0680 F222B968 		.ascii	"\362\"\271h\371-\314\321$\371\323[\340\372\305%\033"
 285      F92DCCD1 
 285      24F9D35B 
 285      E0FAC525 
 285      1B
 286 0691 F549BC14 		.ascii	"\365I\274\024\314\323U\340\005\223I\330I\036\204\270"
 286      CCD355E0 
 286      059349D8 
 286      491E84B8 
 287 06a1 196810F8 		.ascii	"\031h\020\370\304\201\315\315\307\305\300\300\224\007"
 287      C481CDCD 
 287      C7C5C0C0 
 287      9407
 288 06af 40B57E9B 		.ascii	"@\265~\233`\372\027.\222\365\337"
 288      60FA172E 
 288      92F5DF
 289              		.text
 290              		.section	.gnu.lto_.symtab.652ba691,"",%progbits
 291 0000 5F5F6561 		.ascii	"__early_init\000\000\001\000\000\000\000\000\000\000"
 291      726C795F 
 291      696E6974 
 291      00000100 
 291      00000000 
 292 0016 0000AE00 		.ascii	"\000\000\256\000\000\000__late_init\000\000\001\000"
 292      00005F5F 
 292      6C617465 
 292      5F696E69 
 292      74000001 
 293 002b 00000000 		.ascii	"\000\000\000\000\000\000\000\000\261\000\000\000_de"
 293      00000000 
 293      B1000000 
 293      5F6465
 294 003a 6661756C 		.ascii	"fault_exit\000\000\001\000\000\000\000\000\000\000\000"
 294      745F6578 
 294      69740000 
 294      01000000 
 294      00000000 
 295 004f 00B60000 		.ascii	"\000\266\000\000\000Reset_Handler\000\000\000\000\000"
 295      00526573 
 295      65745F48 
 295      616E646C 
 295      65720000 
 296 0066 00000000 		.ascii	"\000\000\000\000\000\000\000\276\000\000\000__proce"
 296      000000BE 
 296      0000005F 
 296      5F70726F 
 296      6365
 297 0078 73735F73 		.ascii	"ss_stack_end__\000\000\002\000\000\000\000\000\000\000"
 297      7461636B 
 297      5F656E64 
 297      5F5F0000 
 297      02000000 
 298 0090 0000C900 		.ascii	"\000\000\311\000\000\000__main_stack_end__\000\000\002"
 298      00005F5F 
 298      6D61696E 
ARM GAS  C:\cygwin\tmp\ccbw12UJ.s 			page 23


 298      5F737461 
 298      636B5F65 
 299 00ab 00000000 		.ascii	"\000\000\000\000\000\000\000\000\000\313\000\000\000"
 299      00000000 
 299      00CB0000 
 299      00
 300 00b8 5F5F6D61 		.ascii	"__main_stack_base__\000\000\002\000\000\000\000\000"
 300      696E5F73 
 300      7461636B 
 300      5F626173 
 300      655F5F00 
 301 00d3 00000000 		.ascii	"\000\000\000\000\315\000\000\000__process_stack_bas"
 301      CD000000 
 301      5F5F7072 
 301      6F636573 
 301      735F7374 
 302 00ee 655F5F00 		.ascii	"e__\000\000\002\000\000\000\000\000\000\000\000\000"
 302      00020000 
 302      00000000 
 302      000000
 303 00fd CF000000 		.ascii	"\317\000\000\000_textdata\000\000\002\000\000\000\000"
 303      5F746578 
 303      74646174 
 303      61000002 
 303      00000000 
 304 0111 00000000 		.ascii	"\000\000\000\000\000\321\000\000\000_data\000\000\002"
 304      00D10000 
 304      005F6461 
 304      74610000 
 304      02
 305 0122 00000000 		.ascii	"\000\000\000\000\000\000\000\000\000\323\000\000\000"
 305      00000000 
 305      00D30000 
 305      00
 306 012f 5F656461 		.ascii	"_edata\000\000\002\000\000\000\000\000\000\000\000\000"
 306      74610000 
 306      02000000 
 306      00000000 
 306      0000
 307 0141 D5000000 		.ascii	"\325\000\000\000_bss_start\000\000\002\000\000\000\000"
 307      5F627373 
 307      5F737461 
 307      72740000 
 307      02000000 
 308 0156 00000000 		.ascii	"\000\000\000\000\000\327\000\000\000_bss_end\000\000"
 308      00D70000 
 308      005F6273 
 308      735F656E 
 308      640000
 309 0169 02000000 		.ascii	"\002\000\000\000\000\000\000\000\000\000\331\000\000"
 309      00000000 
 309      0000D900 
 309      00
 310 0176 005F5F69 		.ascii	"\000__init_array_end\000\000\002\000\000\000\000\000"
 310      6E69745F 
 310      61727261 
 310      795F656E 
ARM GAS  C:\cygwin\tmp\ccbw12UJ.s 			page 24


 310      64000002 
 311 018f 00000000 		.ascii	"\000\000\000\000\337\000\000\000__init_array_start\000"
 311      DF000000 
 311      5F5F696E 
 311      69745F61 
 311      72726179 
 312 01aa 00020000 		.ascii	"\000\002\000\000\000\000\000\000\000\000\000\341\000"
 312      00000000 
 312      000000E1 
 312      00
 313 01b7 00005F5F 		.ascii	"\000\000__fini_array_end\000\000\002\000\000\000\000"
 313      66696E69 
 313      5F617272 
 313      61795F65 
 313      6E640000 
 314 01d0 00000000 		.ascii	"\000\000\000\000\000\343\000\000\000__fini_array_st"
 314      00E30000 
 314      005F5F66 
 314      696E695F 
 314      61727261 
 315 01e8 61727400 		.ascii	"art\000\000\002\000\000\000\000\000\000\000\000\000"
 315      00020000 
 315      00000000 
 315      000000
 316 01f7 E5000000 		.ascii	"\345\000\000\000main\000\000\002\000\000\000\000\000"
 316      6D61696E 
 316      00000200 
 316      00000000 
 317 0207 00000000 		.ascii	"\000\000\000\000\277\000\000\000"
 317      BF000000 
 318              		.text
 319              		.section	.gnu.lto_.opts,"",%progbits
 320 0000 272D666E 		.ascii	"'-fno-trapv' '-mcpu=cortex-m4' '-mno-thumb-interwor"
 320      6F2D7472 
 320      61707627 
 320      20272D6D 
 320      6370753D 
 321 0033 6B272027 		.ascii	"k' '-mthumb' '-ggdb' '-O2' '-fomit-frame-pointer' '"
 321      2D6D7468 
 321      756D6227 
 321      20272D67 
 321      67646227 
 322 0066 2D66616C 		.ascii	"-falign-functions=16' '-ffunction-sections' '-fdata"
 322      69676E2D 
 322      66756E63 
 322      74696F6E 
 322      733D3136 
 323 0099 2D736563 		.ascii	"-sections' '-fno-common' '-flto'\000"
 323      74696F6E 
 323      73272027 
 323      2D666E6F 
 323      2D636F6D 
 324              		.text
 325              		.comm	__gnu_lto_v1,1,1
 326              		.comm	__gnu_lto_slim,1,1
 327              		.ident	"GCC: (GNU Tools for ARM Embedded Processors) 4.9.3 20141119 (release) [ARM/embedded-4_9-br
ARM GAS  C:\cygwin\tmp\ccbw12UJ.s 			page 25


DEFINED SYMBOLS
                            *ABS*:00000000 crt0.c
                            *COM*:00000001 __gnu_lto_v1
                            *COM*:00000001 __gnu_lto_slim

NO UNDEFINED SYMBOLS
