ARM GAS  C:\cygwin\tmp\ccAtPX7t.s 			page 1


   1              		.syntax unified
   2              		.cpu cortex-m4
   3              		.fpu softvfp
   4              		.eabi_attribute 20, 1
   5              		.eabi_attribute 21, 1
   6              		.eabi_attribute 23, 3
   7              		.eabi_attribute 24, 1
   8              		.eabi_attribute 25, 1
   9              		.eabi_attribute 26, 1
  10              		.eabi_attribute 30, 2
  11              		.eabi_attribute 34, 1
  12              		.eabi_attribute 18, 4
  13              		.thumb
  14              		.file	"hal.c"
  15              		.text
  16              	.Ltext0:
  17              		.section	.gnu.lto_.profile.652bc190,"",%progbits
  18 0000 789C6366 		.ascii	"x\234cf```a\200\000F\206l\011\000\001b\000\214"
  18      60606061 
  18      80004686 
  18      6C090001 
  18      62008C
  19              		.text
  20              		.section	.gnu.lto_.jmpfuncs.652bc190,"",%progbits
  21 0000 789C6366 		.ascii	"x\234cf\300\016,\031\031\030d\2004\023\003\023##3##"
  21      C00E2C19 
  21      19186480 
  21      34130313 
  21      23233323 
  22 0015 90CBCC5C 		.ascii	"\220\313\314\\\016\024`.gd\000\213\003%\224\245\030"
  22      0E14602E 
  22      6764008B 
  22      032594A5 
  22      18
  23 0026 C01C0666 		.ascii	"\300\034\006f\246\217L\214\363.\367\255c\252\375\335"
  23      A68F4C8C 
  23      F32EF7AD 
  23      63AAFDDD 
  24 0036 D0D1C0F1 		.ascii	"\320\321\300\361\223\211\341/P\005\003\343r\306Z\006"
  24      9389E12F 
  24      500503E3 
  24      72C65A06 
  25 0046 90DCA3E3 		.ascii	"\220\334\243\343?2\344\031\3476\314P\370\311\304\310"
  25      3F32E419 
  25      E736CC50 
  25      F8C9C4C8 
  26 0056 001498BF 		.ascii	"\000\024\230\277s\325g\016\240\342\031 \305L\214+\030"
  26      73D5670E 
  26      A0E21920 
  26      C54C8C2B 
  26      18
  27 0067 E581AA57 		.ascii	"\345\201\252WBU\237\375\360\372\021\273<\033D93H\371"
  27      42559FFD 
  27      F0FA11BB 
  27      3C1B4439 
  27      3348F9
  28 007a B1B57F0F 		.ascii	"\261\265\177\017\363\300\224\2630\256\002+_\015T\316"
ARM GAS  C:\cygwin\tmp\ccAtPX7t.s 			page 2


  28      F3C094B3 
  28      30AE022B 
  28      5F0D54CE 
  29 008a 08523FAD 		.ascii	"\010R?\255\377\312\016f\230,\353_\240\015\014\214k\200"
  29      FFCA0E66 
  29      982CEB5F 
  29      A00D0C8C 
  29      6B80
  30 009c 92389DB5 		.ascii	"\2228\235\265\226Hg\255\003\333\263\036\252z\303\312"
  30      964867AD 
  30      03DBB31E 
  30      AA7AC3CA 
  31 00ac 651799E4 		.ascii	"e\027\231\344\371!\312\331@\312\237\236\330z\227\021"
  31      F921CAD9 
  31      40CA9F9E 
  31      D87A9711 
  32 00bc A69C9D71 		.ascii	"\246\234\235q\003X\371F\240r\006\006\026\325b.\006\216"
  32      0358F946 
  32      A0720606 
  32      16D5622E 
  32      068E
  33 00ce 82C41CCF 		.ascii	"\202\304\034\317\274\314\022\006\336\214\304\234\370"
  33      BCCC1206 
  33      DE8CC49C 
  33      F8
  34 00db 9C9C94F8 		.ascii	"\234\234\224\370L\020\017\000`\305lW"
  34      4C100F00 
  34      60C56C57 
  35              		.text
  36              		.section	.gnu.lto_.inline.652bc190,"",%progbits
  37 0000 789C6366 		.ascii	"x\234cf\300\0162\2414\023\003\013\267\014\210b``[ \317"
  37      C00E32A1 
  37      3413030B 
  37      B70C8862 
  37      60605B20 
  38 0015 04936664 		.ascii	"\004\223fd`\345c``\236\340\007\202\314<`\005\214\014"
  38      60E56360 
  38      609EE007 
  38      82CC3C60 
  38      058C0C
  39 0028 82E78104 		.ascii	"\202\347\201\004\262RF.\024\202\205\027\250\007d(7H"
  39      B252462E 
  39      14828517 
  39      A8076428 
  39      3748
  40 003a 358C0796 		.ascii	"5\214\007\226b\000\000\270i\0062"
  40      620000B8 
  40      690632
  41              		.text
  42              		.section	.gnu.lto_.pureconst.652bc190,"",%progbits
  43 0000 789C6366 		.ascii	"x\234cf```e\200\000&\006\011F\011\000\000\361\000<"
  43      60606065 
  43      80002606 
  43      09460900 
  43      00F1003C 
  44              		.text
  45              		.section	.gnu.lto_chprintf.652bc190,"",%progbits
ARM GAS  C:\cygwin\tmp\ccAtPX7t.s 			page 3


  46 0000 789C7591 		.ascii	"x\234u\221\337K\223a\024\307\317\367<\333\233S\303\010"
  46      DF4B9361 
  46      14C7CFF7 
  46      3CDB9B53 
  46      C308
  47 0012 BAD94DC1 		.ascii	"\272\331M\301\020\241\213-\202\274\356\242\213\376\213"
  47      10A18B2D 
  47      82BCEEA2 
  47      8BFE8B
  48 0021 98B531C1 		.ascii	"\230\2651\301\245\270\335T\014\037e\205 \230d\027\006"
  48      A5B8DD54 
  48      0C1F6585 
  48      20986417 
  48      06
  49 0032 612B11AD 		.ascii	"a+\021\255t\246\323,\373\301[\027C\010\213\012\322D"
  49      74A6D32C 
  49      FBC15B17 
  49      43088B0A 
  49      D244
  50 0044 636451DA 		.ascii	"cdQ\332\215\262`\275X\255\363\274\026\224\341\303\373"
  50      8DB260BD 
  50      58ADF3BC 
  50      1694E1C3 
  50      FB
  51 0055 F2FC3A9F 		.ascii	"\362\374:\237\3579\347\373(\372\177\370\345\037f\242"
  51      EF39E7FB 
  51      28FA7FF8 
  51      E51F66A2 
  52 0065 63324311 		.ascii	"c2C\021\270\3479Q{\005\003fA\2406F\033Vy\203q?\373u"
  52      B8E73951 
  52      7B050366 
  52      41A03646 
  52      1B567983 
  53 007d AEEA333B 		.ascii	"\256\3523;L\007H\2663\227f\373,\263\205\307l7\007\327"
  53      4C0748B6 
  53      339766FB 
  53      2CB385C7 
  53      6C3707D7 
  54 0091 57ADBA41 		.ascii	"W\255\272A\255\365\372\253\361\021\\\271\234\221+\246"
  54      ADF5FAAB 
  54      F1115CB9 
  54      9C912BA6 
  55 00a1 221386E0 		.ascii	"\"\023\206\340\3070L&\334D\235\304\346\372\206^\324"
  55      C7304C26 
  55      DC449DC4 
  55      E6FA865E 
  55      D4
  56 00b2 A88330DC 		.ascii	"\250\2030\334\247\345\253\327|\265\003Zw\330k\023\372"
  56      A7E5ABD7 
  56      7CB5035A 
  56      77D86B13 
  56      FA
  57 00c3 A8C76185 		.ascii	"\250\307a\205[P\177srD\270\215Z\211\236|\330\233\251"
  57      5B507F73 
  57      7244B88D 
  57      5A899E7C 
  57      D89BA9
ARM GAS  C:\cygwin\tmp\ccAtPX7t.s 			page 4


  58 00d6 5441971C 		.ascii	"TA\227\034|\377\345\301\356-\262k\300:\356\260\007#"
  58      7CFFE5C1 
  58      EE2DB26B 
  58      C03AEEB0 
  58      0723
  59 00e8 DB410F61 		.ascii	"\333A\017a\024\265&z\371\361\352w\257:\354\222\035\217"
  59      14B5267A 
  59      F9F1EA77 
  59      AF3AEC92 
  59      1D8F
  60 00fa 7A177D81 		.ascii	"z\027}\201\353\332\326\205\356\225|\265\236\325\351"
  60      EBDAD685 
  60      EE957CB5 
  60      9ED5E9
  61 0109 42B9BCDF 		.ascii	"B\271\274\337a/\262\377*l\015A\026\276\365\024}\352"
  61      612FB2FF 
  61      2A6C0D41 
  61      16BEF514 
  61      7DEA
  62 011b 888B8F3E 		.ascii	"\210\213\217>[\237W\202k]\270\270\022\261\323\031\375"
  62      5B9F5782 
  62      6B5DB8B8 
  62      12B1D319 
  62      FD
  63 012c B35C8674 		.ascii	"\263\\\206t\213;;\320\033\351\037\363UVZ\210=\030C\000"
  63      8B3B3BD0 
  63      1BE91FF3 
  63      55565A88 
  63      3D184300 
  64 0140 E3081867 		.ascii	"\343\010\030g\304\220\011X \342?\247c{\355\216r\271"
  64      C4900958 
  64      20E23FA7 
  64      637BED8E 
  64      72B9
  65 0152 987F993B 		.ascii	"\230\177\231;\324\037\360)\230\266=0=X\344R\364A0\363"
  65      D41FF029 
  65      98B63D30 
  65      3D58E452 
  65      F44130F3 
  66 0166 341FC55C 		.ascii	"4\037\305\\\231\325\022\316\333\271<\214\220\311\324"
  66      99D512CE 
  66      DBB93C8C 
  66      90C9D4
  67 0175 FFBA3BCB 		.ascii	"\377\272;\313\251M\335\251+\034\266\212,\342\310!e\256"
  67      A94DDDA9 
  67      2B1CB68A 
  67      2CE2C821 
  67      65AE
  68 0187 6ECCAD9D 		.ascii	"n\314\255\235M\235sx\227\233\314\304c\022)\004\374\016"
  68      4D9D7378 
  68      979BCCC4 
  68      63122904 
  68      FC0E
  69 0199 57D0122E 		.ascii	"W\320\022.\330S\371}\346\270\304\326v!_Q\262\021\246"
  69      D853F97D 
  69      E6B8C4D6 
  69      76215F51 
ARM GAS  C:\cygwin\tmp\ccAtPX7t.s 			page 5


  69      B211A6
  70 01ac 44A8C4AA 		.ascii	"D\250\304\252$N\213\204\303\225\364\006\354\266 \245"
  70      244E8B84 
  70      C395F406 
  70      ECB620A5 
  71 01bc 09262A69 		.ascii	"\011&*i{z\207b\252\212\362\214\204\273;\0263\215\224"
  71      7B7A8762 
  71      AA8AF28C 
  71      84BB3B16 
  71      338D94
  72 01cf C3D5B488 		.ascii	"\303\325\264\210\247\013^WTn$R?y[\262\352'u\2478\354"
  72      A70B5E57 
  72      546E2452 
  72      3F795BB2 
  72      EA2775A7 
  73 01e5 25DC433D 		.ascii	"%\334C=\275C\273=c\375\256\225\214'0^H\211u\301`h\353"
  73      BD43BB3D 
  73      63FDAE95 
  73      8C27305E 
  73      488975C1 
  74 01fc 6B4E8462 		.ascii	"kN\204b\341\246PScC(\221l\215\204\343\211\320\311XK"
  74      E1A65053 
  74      63432891 
  74      6C8D84E3 
  74      89D0C958 
  75 0211 6BE3E964 		.ascii	"k\343\351d4\030#%k\025\215'9\334R\023mn\215\207\223"
  75      34182325 
  75      6B158D27 
  75      39DC5213 
  75      6D6E8D87 
  76 0226 C9C8A913 		.ascii	"\311\310\251\023\015g\222\221\304/\311%\000\337"
  76      0D679291 
  76      C42FC925 
  76      00DF
  77              		.text
  78              		.section	.gnu.lto_halInit.652bc190,"",%progbits
  79 0000 789C8D93 		.ascii	"x\234\215\223\313O\023Q\024\306\317w\247\224\241-J\\"
  79      CB4F1351 
  79      14C6CF77 
  79      A794A12D 
  79      4A5C
  80 0012 9926A6C6 		.ascii	"\231&\246\306\304\260k]\372/h\\\260s\331\020\\@\322"
  80      C4B06B5D 
  80      FA2F685C 
  80      B073D910 
  80      5C40D2
  81 0025 88A16E27 		.ascii	"\210\241n'\314\244\215q%]\030\322\204\327\302\210-\010"
  81      CCA48D71 
  81      255D18D2 
  81      84D7C288 
  81      2D08
  82 0037 D447B1F8 		.ascii	"\324G\261\370\300\253&\340F\011A\303\0064!%\321\270"
  82      C0AB26E0 
  82      460941C3 
  82      06342125 
  82      D1B8
  83 0049 0167E348 		.ascii	"\001g\343H\032<\367\016m\010Z\342d&\367q~\337\271\367"
ARM GAS  C:\cygwin\tmp\ccAtPX7t.s 			page 6


  83      1A3CF70E 
  83      6D085AE2 
  83      6426F771 
  83      7EDFB9F7 
  84 005d 7C73AF41 		.ascii	"|s\257A\177?Q\376\006\014\242\213\334\302 \210\334G"
  84      7F3F51FE 
  84      060CA28B 
  84      DCC22088 
  84      DC47
  85 006f 22C71480 		.ascii	"\"\307\024\200\352\020hP`\020\337\305\256@NN\347\303"
  85      EA106850 
  85      6010DFC5 
  85      AE404E4E 
  85      E7C3
  86 0081 9DF76DDB 		.ascii	"\235\367m\333\336\371\271\342tIx\202\310\025~\036<@"
  86      DEF9B9E2 
  86      74497882 
  86      C8157E1E 
  86      3C40
  87 0093 2731B49B 		.ascii	"'1\264\233\255\255\207\203Y\206:\374\030\012\010\202"
  87      ADAD8783 
  87      59863AFC 
  87      180A0882 
  88 00a3 DBB953D2 		.ascii	"\333\271S\322\336\337\2777<\3729\320FT\345\220Z`[\010"
  88      DEDFBF37 
  88      3CFA39D0 
  88      4654E590 
  88      5A605B08 
  89 00b7 D51A1BC8 		.ascii	"\325\032\033\310\310\221%(Xe\031_\2733+\254=\373\266"
  89      C8912528 
  89      5865195F 
  89      BB332BAC 
  89      3DFBB6
  90 00ca 6D7A02AE 		.ascii	"mz\002\256\340\004(\302\"\217\361\015\334\222\343\301"
  90      E00428C2 
  90      228FF10D 
  90      DC92E3C1 
  91 00da 7F9286CB 		.ascii	"\177\222\206\313q\302\024\223GC\201\232\332\014\317"
  91      71C21493 
  91      4743819A 
  91      DA0CCF
  92 00e9 7EADAEAC 		.ascii	"~\255\256\254\232\337\004\317\350a\301\311\216b\014"
  92      9ADF04CF 
  92      E861C1C9 
  92      8E620C
  93 00f8 238EADA8 		.ascii	"#\216\255\250\026L\303\302CDul\263\372\373\252\326\313"
  93      164CC3C2 
  93      4344756C 
  93      B3FAFBAA 
  93      D6CB
  94 010a 2B8C6386 		.ascii	"+\214c\2069\275,faqxk\371Wo\354\314\230\235?\353\011"
  94      39BD2C66 
  94      6171786B 
  94      F9576FEC 
  94      CC989D3F 
  95 0120 BD978985 		.ascii	"\275\227\211\205)\327dA\336\226IO\264b\0161\237/i\276"
  95      29D76441 
ARM GAS  C:\cygwin\tmp\ccAtPX7t.s 			page 7


  95      DE96494F 
  95      B4620E31 
  95      9F2F69BE 
  96 0134 549C5C15 		.ascii	"T\234\\\025\261s\276\300T\202\355\367\345M\370\202~"
  96      B173BEC0 
  96      5482EDF7 
  96      E54DF882 
  96      7E
  97 0145 4FB4E151 		.ascii	"O\264\341Q]\360\030\226'B\\jV\226\233\270\022v\005\377"
  97      5DF01896 
  97      27425C6A 
  97      56969BB8 
  97      127605FF 
  98 0159 363CF16B 		.ascii	"6<\361k\035\036\372T1t&\016Ej\312\260\303\265F\364\260"
  98      1D1EFA54 
  98      3174260E 
  98      456ACAB0 
  98      C3B546F4 
  99 016e 3874B7A2 		.ascii	"8t\267\242k\315)\252\035O\271\326\362A\255\023\325B"
  99      6BCD29AA 
  99      1D4FB9D6 
  99      F241AD13 
  99      D542
 100 0180 3ECC094E 		.ascii	">\314\011N3\214\371F\245\317\324FNh\317\347\217\365"
 100      338CF946 
 100      A5CFD446 
 100      4E68CFE7 
 100      8FF5
 101 0192 BC729CE7 		.ascii	"\274r\234\347GM^hn\362\363\306\322/\376\317\344\227"
 101      474D5E68 
 101      6EF2F3C6 
 101      D22FFECF 
 101      E497
 102 01a4 75CF5E69 		.ascii	"u\317^i\376\303\316\217\255\326\330\005_pR\011\226f"
 102      FEC3CE8F 
 102      ADD6D805 
 102      5F705209 
 102      9666
 103 01b6 6AEF220D 		.ascii	"j\357\"\015\223;\260X\027\274\256\233\234\221\353\313"
 103      933BB058 
 103      17BCAE9B 
 103      9C91EBCB 
 104 01c6 4D8F1E1F 		.ascii	"M\217\036\037\023\310\306\321\313\310R\250\031\331\302"
 104      13C8C6D1 
 104      CBC852A8 
 104      19D9C2
 105 01d5 E49B43E4 		.ascii	"\344\233C\344bS2\310\344\333\003\362\013\034\271vY\223"
 105      625332C8 
 105      E4DB03F2 
 105      0B1CB976 
 105      5993
 106 01e7 A4EE05D4 		.ascii	"\244\356\005\324}`\337\242\361x\302\177\373\323\211"
 106      7D60DFA2 
 106      F178C27F 
 106      FBD389
 107 01f6 DEEE5422 		.ascii	"\336\356T\"=\320\243\332x\017\005\316\247C\324\316\375"
 107      3DD0A3DA 
ARM GAS  C:\cygwin\tmp\ccAtPX7t.s 			page 8


 107      780F05CE 
 107      A743D4CE 
 107      FD
 108 0207 642A752D 		.ascii	"d*u-\331w\275\357&\2317\272S\227T\347\017\267\000T\324"
 108      D977BDEF 
 108      269937BA 
 108      539754E7 
 108      0FB70054 
 109              		.text
 110              		.section	.gnu.lto_.symbol_nodes.652bc190,"",%progbits
 111 0000 789C4DCF 		.ascii	"x\234M\317A\016\202@\014\205\341\3277\014\014\352\302"
 111      410E8240 
 111      0C85E1D7 
 111      370C0CEA 
 111      C2
 112 0011 1B774454 		.ascii	"\033wDT41\361\004\206\005'!\254=\203&\234C\235\014\232"
 112      3431F104 
 112      86052721 
 112      AC3D8326 
 112      9C439D0C 
 113 0026 B49B3F5F 		.ascii	"\264\233?_\273\252\003\340\004\313\360#\012\334\036"
 113      BBAA03E0 
 113      04CBF023 
 113      0ADC1E
 114 0035 802AAE7D 		.ascii	"\200*\256}\267\001#U\376\233{\037\340\033b\253\360-"
 114      B7012355 
 114      FE9B7B1F 
 114      E01B62AB 
 114      F02D
 115 0047 25452E54 		.ascii	"%E.T.g\304\030 g\252\263\356\250\205\365\211\352\255"
 115      2E67C418 
 115      2067AAB3 
 115      EEA885F5 
 115      89EAAD
 116 005a 8FD4D2FA 		.ascii	"\217\324\322\372@\255\254\367\324`\275\243\326\306\016"
 116      40ADACF7 
 116      D460BDA3 
 116      D6C60E
 117 0069 2586E75B 		.ascii	"%\206\347[\034<\246\334\002\355+U\326\313>}6\346\256"
 117      1C3CA6DC 
 117      02ED2B55 
 117      D6CB3E7D 
 117      36E6AE
 118 007c 30FFDCE4 		.ascii	"0\377\334\344{\215!7`\312\2550\247\342\013\226uF4"
 118      7B8D2137 
 118      60CAAD30 
 118      A7E20B96 
 118      754634
 119              		.text
 120              		.section	.gnu.lto_.refs.652bc190,"",%progbits
 121 0000 789C6366 		.ascii	"x\234cf``\340a\200\000fF& `ffbba\000\000\001\372\000"
 121      6060E061 
 121      80006646 
 121      26206066 
 121      66626261 
 122 0019 2A       		.ascii	"*"
 123              		.text
ARM GAS  C:\cygwin\tmp\ccAtPX7t.s 			page 9


 124              		.section	.gnu.lto_.decls.652bc190,"",%progbits
 125 0000 789CB559 		.ascii	"x\234\265Y\015PT\311\265\236\276=\314\014\3430$\232"
 125      0D5054C9 
 125      B59EBE3D 
 125      CC0CE330 
 125      249A
 126 0012 B829DF26 		.ascii	"\270)\337&\353\272U$y\265\312\352Z\225\335\324\313\333"
 126      EBBA5524 
 126      79B5CAEA 
 126      5A95DDD4 
 126      CBDB
 127 0024 DDB8FFEA 		.ascii	"\335\270\377\352\352[w\337\253\227\265jv\204\021&\305"
 127      EA5B77DF 
 127      AB97B56A 
 127      76841126 
 127      C5
 128 0035 5F6606D7 		.ascii	"_f\006\327\227\227\227\\\321\335\005E\001\005\005\374"
 128      9797975C 
 128      D1DD0545 
 128      010505FC 
 129 0045 01040405 		.ascii	"\001\004\004\005\021\021E\004\021E\021\025D~\024TVF"
 129      11114504 
 129      11451115 
 129      447E1454 
 129      5646
 130 0057 54408105 		.ascii	"T@\201\005\001\225?!\247\273\357\235\271w\2341I\245"
 130      01953F21 
 130      A7BBEF9D 
 130      B9779C31 
 130      49A5
 131 0069 DE94877B 		.ascii	"\336\224\207{\273\357\327\337\371N\237s\273{F\254P("
 131      BBEFD7DF 
 131      F94E9F73 
 131      BB7B46AC 
 131      5028
 132 007b BE440AC5 		.ascii	"\276D\012\305\024|v\377\213B\021\247T(0\364-\007\323"
 132      147C76FF 
 132      8B4211A7 
 132      542830F4 
 132      2D07D3
 133 008e 80F5813D 		.ascii	"\200\365\201=\002{\0146\0066\016\266\000\360\277\002"
 133      027B0C36 
 133      06360EB6 
 133      00F0BF02 
 134 009e 7B038C7C 		.ascii	"{\003\214|\264`\313\340\376S\260\025`F\260U`\201`\253"
 134      B460CBE0 
 134      FE53B015 
 134      6046B055 
 134      608160AB 
 135 00b2 C182C142 		.ascii	"\301\202\301B\300\302\3008\300F\300\325\"\214\025?d"
 135      C0C2C038 
 135      C046C0D5 
 135      228C153F 
 135      64
 136 00c3 BC0F5CF5 		.ascii	"\274\017\\\365`:\260\217\301>\204\276\217\301~\007\266"
 136      603AB08F 
 136      C13E84BE 
ARM GAS  C:\cygwin\tmp\ccAtPX7t.s 			page 10


 136      8FC17E07 
 136      B6
 137 00d4 06EC2BB0 		.ascii	"\006\354+\260H\260\265`\006\260\377\005\373\243\300"
 137      48B0B560 
 137      06B0FF05 
 137      FBA3C0
 138 00e3 A3143856 		.ascii	"\243\0248V\011\376W\270\360\223\017\321\367C!\266?\301"
 138      09FE57B8 
 138      F0930FD1 
 138      F74321B6 
 138      3FC1
 139 00f5 FD72B0FF 		.ascii	"\375r\260\377C,\306^I\234blK\301\376\214X\274\363\301"
 139      432CC65E 
 139      499C626C 
 139      4BC1FE8C 
 139      58BCF3C1 
 140 0109 7E8F9C73 		.ascii	"~\217\234s@>j\201\223\304\265L\2101X\2109\3609\261>"
 140      403E6A81 
 140      93C4B54C 
 140      88315888 
 140      39F039B1 
 141 011e E45069C1 		.ascii	"\344Pi\301p\335\264n\016\351\265\263I\363\304\326\232"
 141      70DDB46E 
 141      0EE9B5B3 
 141      49F3C4D6 
 141      9A
 142 012f 64153475 		.ascii	"d\0254uZ%i>9z\350\317\230C\34463\371v\263\366\325\003"
 142      5A25693E 
 142      397AE8CF 
 142      9843E436 
 142      33F976B3 
 143 0146 3CCF47F3 		.ascii	"<\317G\363\225v\344dH*\337\265\325\2332\360\024x\251"
 143      9576E464 
 143      482ADFB5 
 143      D59B32F0 
 143      1478A9
 144 0159 63644847 		.ascii	"cdHG)~@\232\311\261\245ij<\203>*\337w\330\013\317\246"
 144      297E409A 
 144      C9B1A569 
 144      6A3C833E 
 144      2ADF77D8 
 145 0170 B7EBF695 		.ascii	"\267\353\366\225\305\252\001\365\241\226\222\264\357"
 145      C5AA01F5 
 145      A19692B4 
 145      EF
 146 017d 1CCDF2A6 		.ascii	"\034\315\362\246M\222\177_\350\342\352\363\216\334\326"
 146      4D927F5F 
 146      E8E2EAF3 
 146      8EDCD6
 147 018c 21AD5F34 		.ascii	"!\255_4\317G\361\361\353y\357\032\275\002\345\240Y("
 147      CF47F1F1 
 147      EB79EF1A 
 147      BD02E5A0 
 147      5928
 148 019e 17CD52A0 		.ascii	"\027\315R\240\"\344\007`t\000\275\252@\207\240\263\020"
 148      22E40760 
 148      7400BDAA 
ARM GAS  C:\cygwin\tmp\ccAtPX7t.s 			page 11


 148      4087A0B3 
 148      10
 149 01af 3AB340DC 		.ascii	":\263@\334@}\353\345\027x^\211\016#-*@\230\"\024\012"
 149      407DEBE5 
 149      17785E89 
 149      0E232D2A 
 149      40982214 
 150 01c4 EA47102C 		.ascii	"\352G\020,\272\236\311\\o\271\224z\032\323\346\024U"
 150      BA9EC95C 
 150      6FB9947A 
 150      1AD3E614 
 150      55
 151 01d5 B6A3A1B5 		.ascii	"\266\243\241\265D\211\327!\332\330xs\177\255\032\307"
 151      4489D721 
 151      DAD87873 
 151      7FAD1AC7 
 152 01e5 D006B7F5 		.ascii	"\320\006\267\365\316p6\022\025\015l\345\361O\024\350"
 152      CE703612 
 152      150D6CE5 
 152      F14F14E8 
 153 01f5 D559E897 		.ascii	"\325Y\350\227 \3478\310\231)\3109\002r\212E9y\331q/"
 153      20E738C8 
 153      9929C839 
 153      02728A45 
 153      3979D971 
 154 020a 12392520 		.ascii	"\0229% \347\230S\316L\207\034\316\336\222\375\037\356"
 154      E79853CE 
 154      4C871CCE 
 154      DE92FD1F 
 154      EE
 155 021b 494F7822 		.ascii	"IOx\"m\317\271\364cBZ\012\244G\235\244\340\303\021d"
 155      6DCFB9F4 
 155      63425A0A 
 155      A4479DA4 
 155      E0C31164 
 156 022f 5C534DA9 		.ascii	"\\SM\251\227V \215\376\033\244\200\277s4s\277^\267\321"
 156      9756208D 
 156      FE1BA480 
 156      BF733473 
 156      BF5EB7D1 
 157 0243 39D7A80C 		.ascii	"9\327\250\014\310\305\351V\240r\244\023\230{G3\372u"
 157      C8C5E956 
 157      A072A413 
 157      987B4733 
 157      FA75
 158 0255 4A28293A 		.ascii	"J():\305_\320:)\330|\177\235\232\366\001\016\235D\264"
 158      C55FD03A 
 158      29D87C7F 
 158      9D9AF601 
 158      0E9D44B4 
 159 0269 B3BC3623 		.ascii	"\263\2746#\216u.\323\241\012\326\267\355\364\215(\375"
 159      8E752ED3 
 159      A10AD6B7 
 159      EDF48D28 
 159      FD
 160 027a 0B491004 		.ascii	"\013I\020\004q\363\003\226&\247\227J\364\002\374=\205"
 160      71F30396 
ARM GAS  C:\cygwin\tmp\ccAtPX7t.s 			page 12


 160      26A7974A 
 160      F402FC3D 
 160      85
 161 028b 94427156 		.ascii	"\224BqV=M\363\226\211\002\200\004~\332!\252\271\261"
 161      3D4DF396 
 161      89028004 
 161      7EDA21AA 
 161      B9B1
 162 029d 9FC7B88C 		.ascii	"\237\307\270\214\225\352\315\266\330D$\033V*\363R\365"
 162      95EACDB6 
 162      D844241B 
 162      562AF352 
 162      F5
 163 02ae DC58A2A2 		.ascii	"\334X\242\242\007G5\264\017p\350,\323}}[\377\210#\226"
 163      074735B4 
 163      0F70E82C 
 163      D37D7D5B 
 163      FF882396 
 164 02c2 73ACEF6E 		.ascii	"s\254\357nV\323%\235\347X\316\323X\252\305X\012\252"
 164      56D3259D 
 164      E758CED3 
 164      58AAC558 
 164      0AAA
 165 02d4 766FD5C9 		.ascii	"vo\325\311D\235\227\305R\343\020\025\233\265\253g\032"
 165      449D97C5 
 165      52E31015 
 165      9BB5AB67 
 165      1A
 166 02e5 3ECD6229 		.ascii	">\315b)\256n\257\363\301\325\254Q\326\025u]\215kYc\344"
 166      AE6EAFF3 
 166      C1D5AC51 
 166      D615755D 
 166      8D6B5963 
 167 02fa 41572FC2 		.ascii	"AW/\302\315\254Q\360]\325WP\303*-Q3B\336!\364\027\350"
 167      CDAC51F0 
 167      5DD55750 
 167      C32A2D51 
 167      3342DE21 
 168 0311 BED0547F 		.ascii	"\276\320T\177\305\213\366\223.5)\267\321\263\307\017"
 168      C58BF693 
 168      2E3529B7 
 168      D1B3C70F 
 169 0321 A958BDF1 		.ascii	"\251X\275\361\317\276VW\240:TBu\324A\347eG\035\337K"
 169      CFBE5657 
 169      A03A5442 
 169      75D441E7 
 169      65471DDF 
 170 0336 A3755C0F 		.ascii	"\243u\\\0171\326:KN\345\254\343\353G3N\350\221\237\226"
 170      31D63A4B 
 170      4EE5ACE3 
 170      EB47334E 
 170      E8919F96 
 171 034a 55E8B72D 		.ascii	"U\350\267-\264B\033\001~\311\011\257\027+\324\275\367"
 171      B4421B01 
 171      7EC909AF 
 171      172BD4BD 
 171      F7
ARM GAS  C:\cygwin\tmp\ccAtPX7t.s 			page 13


 172 035b 0637DE81 		.ascii	"\0067\336\201yo\343\235\215Hd\256\310\353\012^\317\277"
 172      796FE39D 
 172      8D4864AE 
 172      C8EB0A5E 
 172      CFBF
 173 036d 8D9A81F9 		.ascii	"\215\232\201\371\242\223\271\361\371\314Mn\231\321\236"
 173      A293B9F1 
 173      F9CC4D6E 
 173      99D19E
 174 037c C1D42D2C 		.ascii	"\301\324-,\327\245\216\374\177s\354r'\022S}\225\245"
 174      D7A58EFC 
 174      7F73EC72 
 174      2712537D 
 174      95A5
 175 038e 3A3D31FF 		.ascii	":=1\377\032'Mu\263,\325-4\325\327\304TG\335\236l\362"
 175      1A274D75 
 175      B32CD52D 
 175      34D5D7C4 
 175      5447DD9E 
 176 03a4 92A5BA45 		.ascii	"\222\245\272E\226\352VG\252SO'\024\372\342m\230\346"
 176      96EA5647 
 176      AA534F27 
 176      14FAE26D 
 176      98E6
 177 03b6 302B697B 		.ascii	"0+i{\276\027]85\244y\246\376\370v\207\016&\355\350\251"
 177      BE175D38 
 177      35A479A6 
 177      FEF87687 
 177      0E26EDE8 
 178 03cb 94DB1ACF 		.ascii	"\224\333\032\3172\332\250\214\233\242\214\326s7\323"
 178      32DAA88C 
 178      9BA28CD6 
 178      7337D3
 179 03da 7C6532DA 		.ascii	"|e2\332d2\276\203\362f\263\007\340\204\342\256o\265"
 179      6432BE83 
 179      F266B307 
 179      E084E2AE 
 179      6FB5
 180 03ec 780755A2 		.ascii	"x\007U\242\212I\030^\212\346\300g\206_:\014\037(\353"
 180      8A49185E 
 180      8AE6C067 
 180      865F3A0C 
 180      1F28EB
 181 03ff 6B41297C 		.ascii	"kA)|\372\031D\244\243\3530\353w\320\014\347\344\336"
 181      FA1944A4 
 181      A3EB30EB 
 181      77D00CE7 
 181      E4DE
 182 0411 A074FF0A 		.ascii	"\240t\377\012\177\024\004\316\003\224SQ\372[\356\241"
 182      7F1404CE 
 182      03945351 
 182      FA5BEEA1 
 183 0421 39C8050B 		.ascii	"9\310\005\013\305\217.\270b\177\341\026\012\357<:\343"
 183      C58F2EB8 
 183      627FE116 
 183      0AEF3C3A 
 183      E3
ARM GAS  C:\cygwin\tmp\ccAtPX7t.s 			page 14


 184 0432 164A0524 		.ascii	"\026J\005$\320\311\341\371\267m\012\224\007\217\363"
 184      D0C9E1F9 
 184      B76D0A94 
 184      078FF3
 185 0441 C9E38302 		.ascii	"\311\343\203\002\036\242Ew\241\022:\320\034t\033\254"
 185      1EA24577 
 185      A1123AD0 
 185      1C741BAC 
 186 0451 1DCC8EE6 		.ascii	"\035\314\216\346\320\272!\305e\277\365\232\206\000\025"
 186      D0BA21C5 
 186      65BFF59A 
 186      860015
 187 0460 C2BC3837 		.ascii	"\302\27487\271\241\316\272b\325\014\201<\335\023\271"
 187      B9A1CEBA 
 187      62D50C81 
 187      3CDD13B9 
 188 0470 C22D3359 		.ascii	"\302-3Y\012OnX\207e\251\270'\221\257@\235\216\212\310"
 188      0A4F6E58 
 188      8765A9B8 
 188      2791AF40 
 188      9D8E8AC8 
 189 0484 CBD8DCEE 		.ascii	"\313\330\334\356\203\017\320<\340\235\366\324\0305\232"
 189      830FD03C 
 189      E09DF6D4 
 189      18359A
 190 0493 31C72F41 		.ascii	"1\307/AH9q\354\034\325-\204\364\000B\272/8#3e\037\237"
 190      483971EC 
 190      1CD52D84 
 190      F40042BA 
 190      2F382333 
 191 04aa 08ACDC80 		.ascii	"\010\254\334\200\011+\352\002u\335\356\247\212F<\272"
 191      092BEA02 
 191      75DDEEA7 
 191      8A463CBA 
 192 04ba 40439E3F 		.ascii	"@C\236?\0231w7q\362\222\006\371\315\240\250\247J\204"
 192      13317737 
 192      71F29206 
 192      F9CDA0A8 
 192      A74A84
 193 04cd 7A8165BF 		.ascii	"z\201e\277\363\205#\203\350\307\2356\324\003\222\334"
 193      F3852383 
 193      E8C79D36 
 193      D40392DC 
 194 04dd C983086B 		.ascii	"\311\203\010k\013n\325\251es\321+\233\213>6\027\344"
 194      0B6ED5A9 
 194      6573D12B 
 194      9B8B3E36 
 194      17E4
 195 04ef 0AE89ABC 		.ascii	"\012\350\232\274\335_\342\002:\035\312;\273\012\217"
 195      DD5FE202 
 195      3A1DCA3B 
 195      BB0A8F
 196 04fe F922BF59 		.ascii	"\371\"\277Y\263\350J\020\015\213\300 \324\377\367\010"
 196      B3E84A10 
 196      0D8BC020 
 196      D4FFF708 
 197 050e 4B8E34C9 		.ascii	"K\2164\311\320?\362\026y\000\267\032zu\263\263\366\203"
ARM GAS  C:\cygwin\tmp\ccAtPX7t.s 			page 15


 197      D03FF216 
 197      7900B71A 
 197      7A75B3B3 
 197      F683
 198 0520 24F24881 		.ascii	"$\362H\201\036\202\337\001\266\030l)\310\032\362\245"
 198      1E82DF01 
 198      B6186C29 
 198      C81AF2A5 
 199 0530 EF1F26CD 		.ascii	"\357\037&\315\334\214\266Z\254\225,'\360@\"s\230\016"
 199      DC8CB65A 
 199      AC952C27 
 199      F0402273 
 199      980E
 200 0542 FFC52C34 		.ascii	"\377\305,4\304F7\015d\334\324O\217\247\360t~6\242\332"
 200      C446370D 
 200      64DCD44F 
 200      8FA7F074 
 200      7E36A2DA 
 201 0556 9CF04768 		.ascii	"\234\360Gh\2728\2106\310j~\255\362\234|w\203~\311\220"
 201      BA388836 
 201      C86A7EAD 
 201      F29C7C77 
 201      837EC990 
 202 056a C7C2443C 		.ascii	"\307\302D<\246\023Q\224\231}\214\035\263\336\246'\263"
 202      A6135194 
 202      997D8C1D 
 202      B3DEA627 
 202      B3
 203 057b 4C7B0FA2 		.ascii	"L{\017\242b\311\252\216\354\223\361\274\257g\261\243"
 203      62C9AA8E 
 203      EC93F1BC 
 203      AF67B1A3 
 204 058b A2D81126 		.ascii	"\242\330\021&61ik\037v\025\373\004\340\354\375\034\243"
 204      3631696B 
 204      1F7615FB 
 204      04E0ECFD 
 204      1CA3
 205 059d 624799D8 		.ascii	"bG\231\3301*\366`\363\325$\371\236:&\023;.\210\035\247"
 205      312AF660 
 205      F3D524F9 
 205      9E3A2613 
 205      3B2E881D 
 206 05b2 62CBFB63 		.ascii	"b\313\373c\0334Tl\245\226.m\227\342S\230\332\\\266\221"
 206      1B34546C 
 206      A5962E6D 
 206      97E25398 
 206      DA5CB691 
 207 05c6 8D1CCBD1 		.ascii	"\215\034\313\321\323\347v\332.*\357~\304\246\376Ez\032"
 207      D3E776DA 
 207      2E2AEF7E 
 207      C4A6FE45 
 207      7A1A
 208 05d8 AC28EB54 		.ascii	"\254(\353T\341#lY<U1R\255\305\325\254\021\033m\277\240"
 208      E1236C59 
 208      3C553152 
 208      ADC5D5AC 
 208      111B6DBF 
ARM GAS  C:\cygwin\tmp\ccAtPX7t.s 			page 16


 209 05ed C5F55876 		.ascii	"\305\365Xv\206|Y~\206|\331y\206\254\351\3443\035{R^"
 209      867C597E 
 209      867CD979 
 209      86ACE9E4 
 209      331D7B52 
 210 0602 76C78764 		.ascii	"v\307\207d\347\370\206\323\242(\316Q\310/;7\0167\347"
 210      E7F886D3 
 210      A228CE51 
 210      C82F3B37 
 210      0E37E7
 211 0615 CCAF393F 		.ascii	"\314\2579?@\260\227{=7\013m\340\350\226tn\242b\203\227"
 211      40B0977B 
 211      3D370B6D 
 211      E0E89674 
 211      6EA26283 
 212 062a C7C369B4 		.ascii	"\307\303i\264\233A\302\301m\307L\262-~\013\022\3269"
 212      9B41C2C1 
 212      6DC74CB2 
 212      2D7E0B12 
 212      D639
 213 063c 258022C7 		.ascii	"%\200\"\307J3q1\265T\207o\260\010\323\342w=\362\302"
 213      4A337131 
 213      B554876F 
 213      B008D3E2 
 213      773DF2C2 
 214 0650 76D6C81C 		.ascii	"v\326\310\034\276\362P\203\273Xc\357\241\322\377\302"
 214      BEF25083 
 214      BB5863EF 
 214      A1D2FFC2 
 215 0660 FDECBE38 		.ascii	"\375\354\2768=\377<\306\217X\343L_\336&=\036e\215\334"
 215      3DFF3CC6 
 215      8F58E34C 
 215      5FDE263D 
 215      1E658DDC 
 216 0674 ECCD5D18 		.ascii	"\354\315]\030O\262F\312\223\332j6\311?\201\246w\314"
 216      4FB246CA 
 216      93DA6A36 
 216      C93F81A6 
 216      77CC
 217 0686 E90D9D3A 		.ascii	"\351\015\235:\272\312;\027\372M\207\213_,-\342\311\342"
 217      BACA3B17 
 217      FA4D878B 
 217      5F2C2DE2 
 217      C9E2
 218 0698 41246E04 		.ascii	"A$n\004\211\311\234\347%9}g\216\252\3465\012\335\354"
 218      89C99CE7 
 218      25397D67 
 218      8EAAE635 
 218      0ADDEC
 219 06ab 0ACD976F 		.ascii	"\012\315\227o\012\351\233\034\320\030\267\254Nd\212"
 219      0AE99B1C 
 219      D018B7AC 
 219      4E648A
 220 06ba 0319EB8A 		.ascii	"\003\031\353\212t\335>\322w;\260[\334\013\220`\343\034"
 220      74DD3ED2 
 220      773BB05B 
 220      DC0B9060 
ARM GAS  C:\cygwin\tmp\ccAtPX7t.s 			page 17


 220      E31C
 221 06cc D84DEE79 		.ascii	"\330M\356y\235\022\322\034\3208Wh<\347v\257\231\204"
 221      9D12D21C 
 221      D0385768 
 221      3CE776AF 
 221      9984
 222 06de E7539485 		.ascii	"\347S\224\205\240\311\262\227\002E\260\215\233\203\022"
 222      A0C9B297 
 222      0245B08D 
 222      9B8312
 223 06ed C0B68325 		.ascii	"\300\266\203%\202m\005K\002\333\301I6\235\230\034\025"
 223      826D054B 
 223      02DBC149 
 223      369D981C 
 223      15
 224 06fe 8FC8B067 		.ascii	"\217\310\260g\027\341\330\272\355\261>h\206\237;Oh'"
 224      17E1D8BA 
 224      EDB13E68 
 224      869F3B4F 
 224      6827
 225 0710 38F8879D 		.ascii	"8\370\207\235\345\006iP*\014\342\235\325G<\213\325w"
 225      E5066950 
 225      2A0CE29D 
 225      D5473C8B 
 225      D577
 226 0722 F569DDCF 		.ascii	"\365i\335\317\360Q%\255\027\373\323\370b/\\\316\032"
 226      F05125AD 
 226      17FBD3F8 
 226      622F5CCE 
 226      1A
 227 0733 891713BE 		.ascii	"\211\027\023\276\304U\354~]\345\301&5-\2447H3??~\273"
 227      C455EC7E 
 227      5DE5C126 
 227      352DA437 
 227      48333F3F 
 228 0749 1A5F64CF 		.ascii	"\032_d\317\272*zy\216>[N\232\367O\335/\237\206\033\330"
 228      BA2A7A79 
 228      8E3E5B4E 
 228      9AF74FDD 
 228      2F9F861B 
 229 075e B3B42D45 		.ascii	"\263\264-E\243\354\313e\004=\374\264F\353q+{T|\352\310"
 229      A3ECCB65 
 229      043DFCB4 
 229      46EB712B 
 229      7B547CEA 
 230 0773 20FBD218 		.ascii	" \373\322\030M\332\232\3577\307\036W\301\316G?\262\360"
 230      4DDA9AEF 
 230      37C71E57 
 230      C1CE473F 
 230      B2F0
 231 0785 2720FCA7 		.ascii	"' \374\247t\242\367\011\261\037\204\330s \316<\260\\"
 231      74A2F709 
 231      B11F84D8 
 231      7320CE3C 
 231      B05C
 232 0797 B07CB003 		.ascii	"\260|\260\003`\3739\307\226\310\333\313s>\341!\245$"
 232      60FB39C7 
ARM GAS  C:\cygwin\tmp\ccAtPX7t.s 			page 18


 232      96C8DBCB 
 232      733EE121 
 232      A524
 233 07a9 F45D103A 		.ascii	"\364]\020:\031\353\230HY\375\361\351\265?\027\200{\\"
 233      19EB9848 
 233      59FDF1E9 
 233      B53F1780 
 233      7B5C
 234 07bb 81699C1C 		.ascii	"\201i\234\0349\"\"\263\\\221\331\234\254\370\370\364"
 234      392222B3 
 234      5C91D99C 
 234      ACF8F8F4 
 235 07cb 3611BAD7 		.ascii	"6\021\272\327\025"
 235      15
 236 07d0 9AE9425A 		.ascii	"\232\351BZ#\"w\273\"\343]I[Eh\272+4C\002\245y/\245E"
 236      232277BB 
 236      22E35D49 
 236      5B4568BA 
 236      2B344302 
 237 07e9 B6CF4D91 		.ascii	"\266\317M\221\241\214\341\374\0225n\247\211\340\206"
 237      A18CE1FC 
 237      12356EA7 
 237      89E086
 238 07f8 BA0B63BD 		.ascii	"\272\013c\275\305m\177\022\212\245\020h\013\234\305"
 238      C56D7F12 
 238      8AA51068 
 238      0B9CC5
 239 0807 B28F936D 		.ascii	"\262\217\223m\373\362\234\240C\220\212\2777-d\233\350"
 239      FBF29CA0 
 239      43908ABF 
 239      372D649B 
 239      E8
 240 0818 EDBEA593 		.ascii	"\355\276\245\223\235\252\3341)\376\026\315\271\215m"
 240      9DAADC31 
 240      29FE16CD 
 240      B98D6D
 241 0827 3755B2BD 		.ascii	"7U\262\275\3510'=Q\024qlo\202+\240w\3067\246\350\350"
 241      E930273D 
 241      5114716C 
 241      6F822BA0 
 241      77C637A6 
 242 083d DE134CBF 		.ascii	"\336\023L\277\002\026\245Wkh\345\371\320}\365\353\201"
 242      0216A557 
 242      6B68E5F9 
 242      D07DF5EB 
 242      81
 243 084e 182D6DEA 		.ascii	"\030-m\352hs0o\\\351y_=\306\011\373\352Q\272-\240\332"
 243      6873306F 
 243      5CE9795F 
 243      3DC609FB 
 243      EA51BA2D 
 244 0864 B873AD3A 		.ascii	"\270s\255:a_\345\305}\365\010\354\000\3054\037%\334"
 244      615FE5C5 
 244      7DF508EC 
 244      00C5341F 
 244      25DC
 245 0876 7471106D 		.ascii	"tq\020m\300\210\263\325\245;\247\311\264C\277\304\303"
ARM GAS  C:\cygwin\tmp\ccAtPX7t.s 			page 19


 245      C088B3D5 
 245      A53BA7C9 
 245      B443BFC4 
 245      C3
 246 0887 7141FB71 		.ascii	"qA\373q\252=a01\017\341\373\354\235\031\276\3203\246"
 246      AA3D6130 
 246      310FE1FB 
 246      EC9D19BE 
 246      D033A6
 247 089a C793B4A1 		.ascii	"\307\223\264\241JM\330\026\345CVs8-\222%\254\260\340"
 247      4A4DD816 
 247      E5435673 
 247      382D9225 
 247      ACB0E0
 248 08ad 68964E7E 		.ascii	"h\226N~f\257x\316\212\347rfw\003\365xf\257\360\260A"
 248      66AF78CE 
 248      8AE77266 
 248      7703F578 
 248      66AFF0B0 
 249 08c2 B83D899F 		.ascii	"\270=\211\237\340\330\000R \225\220\342S\220\311\223"
 249      E0D80052 
 249      209590E2 
 249      5390C993 
 250 08d2 606560E5 		.ascii	"`e`\345\316\367\325\365\260\377\254\017\347\0116z=\251"
 250      CEF7D5F5 
 250      B0FFAC0F 
 250      E709367A 
 250      3DA9
 251 08e4 EC0A7795 		.ascii	"\354\012w\225}\243e\313\357\335\037\332%:\024nE\300"
 251      7DA365CB 
 251      EFDD1FDA 
 251      253A146E 
 251      45C0
 252 08f6 E8877CC6 		.ascii	"\350\207|\306\230V\226\232\323\262\262:\303\011\207"
 252      9856969A 
 252      D3B2B23A 
 252      C30987
 253 0905 767CFD48 		.ascii	"v|\375H^\222\336\3639\275J\010\370\034\004|V\022\244"
 253      5E92DEF3 
 253      39BD4A08 
 253      F81C047C 
 253      5612A4
 254 0918 7D67E635 		.ascii	"}g\3465\035Y\225\200\211\036\324\253\236\023fJ&\011"
 254      1D599580 
 254      891ED4AB 
 254      9E13664A 
 254      2609
 255 092a B3CADD2E 		.ascii	"\263\312\335.\221^pg3v\354\022.'\361\363\340\324\235"
 255      915E7067 
 255      3376EC12 
 255      2E27F1F3 
 255      E0D49D
 256 093d 004ABA3B 		.ascii	"\000J\272;@\203\252\341a\251\363\005\257\222\354\006"
 256      4083AAE1 
 256      61A9F305 
 256      AF92EC06 
 257 094d FD27332F 		.ascii	"\375'3/\310\213\263Z6\0035\342\014\240\216m\017c\334"
ARM GAS  C:\cygwin\tmp\ccAtPX7t.s 			page 20


 257      C88BB35A 
 257      360335E2 
 257      0CA08E6D 
 257      0F63DC
 258 0960 FEDCE4F6 		.ascii	"\376\334\344\366\244\235\27419Z\376[\310\005N\372Z]"
 258      A49DBC31 
 258      395AFE5B 
 258      C8054EFA 
 258      5A5D
 259 0972 74F0E6EC 		.ascii	"t\360\346\354\032n\230F\277\004\323>\350)\211\257ZK"
 259      1A6E9846 
 259      BF04D33E 
 259      E82989AF 
 259      5A4B
 260 0984 3BC039BA 		.ascii	";\3009\272\304\321\357\305m\017\036\024\250\244\337"
 260      C4D1EFC5 
 260      6D0F1E14 
 260      A8A4DF
 261 0993 8B3F96B2 		.ascii	"\213?\226\262\325q\344kq-'|-\376\266\263\355\242\016"
 261      D571E46B 
 261      712D277C 
 261      2DFEB6B3 
 261      EDA20E
 262 09a6 9FF0A2EF 		.ascii	"\237\360\242\357\320\223+\343\243\372\331{\370\312\302"
 262      D0932BE3 
 262      A3FAD97B 
 262      F8CAC2
 263 09b5 814D25C5 		.ascii	"\201M%\305\272<r\366\341'\246\246\320\272(D\006\242"
 263      BA3C72F6 
 263      E127A6A6 
 263      D0BA2844 
 263      06A2
 264 09c7 CB8E9951 		.ascii	"\313\216\231Q\220{:3\250\236\233M\016\261\343\035\315"
 264      907B3A33 
 264      A89E9B4D 
 264      0EB1E31D 
 264      CD
 265 09d8 4AA9D7E5 		.ascii	"J\251\327\3453%^\257P\257_\010N;*s\272|q\017sZ\220\220"
 265      33255EAF 
 265      50AF5F08 
 265      4E3B2A73 
 265      BA7C710F 
 266 09f0 92A306A7 		.ascii	"\222\243\006\247\351\205\003=%\023\257C\251G\361\223"
 266      E985033D 
 266      2513AF43 
 266      A947F193 
 267 0a00 E0930E42 		.ascii	"\340\223\016B\015\022\217\015\242\307F\352q\364qk\256"
 267      0D128F0D 
 267      A2C746EA 
 267      71F4716B 
 267      AE
 268 0a11 B68BC3C9 		.ascii	"\266\213\303\311J\005j\242=\343-G\312\265x\213\212\362"
 268      4A056AA2 
 268      3DE32D47 
 268      CAB5788B 
 268      8AF2
 269 0a23 F655951F 		.ascii	"\366U\225\037\324\340\355\254\221sp\377\367>8\2335\276"
ARM GAS  C:\cygwin\tmp\ccAtPX7t.s 			page 21


 269      D4E0EDAC 
 269      917370FF 
 269      F73E389B 
 269      35BE
 270 0a35 694C1CD1 		.ascii	"iL\034\321\373\261#\350\233|\274\022-\236\201\256q\322"
 270      FBB123E8 
 270      9B7CBC12 
 270      2D9E81AE 
 270      71D2
 271 0a47 EF4D5046 		.ascii	"\357MPF\3717\2075\236\252\350:T\316bVD-p\273\304YC\003"
 271      F9378735 
 271      9EAAE83A 
 271      54CE6256 
 271      442D70BB 
 272 0a5f E3A5F6DF 		.ascii	"\343\245\366\337\221cu+\224\306Ug\035-v\224\0217T\332"
 272      9163752B 
 272      94C65567 
 272      1D2D7694 
 272      113754DA 
 273 0a73 FDB927E2 		.ascii	"\375\271'\342\233\036\211\355\027\327\353\241\342o\000"
 273      9B1E89ED 
 273      17D7EBA1 
 273      E26F00
 274 0a82 6DB393B6 		.ascii	"m\263\223\266UR\236\235[\012z|i-\020\020\373\211\244"
 274      55529E9D 
 274      5B0A7A7C 
 274      692D1010 
 274      FB89A4
 275 0a95 715D7EA9 		.ascii	"q]~\251\217X0\250\215\325\307w\355\373\207\275\034E"
 275      8F5830A8 
 275      8DD5C777 
 275      EDFB87BD 
 275      1C45
 276 0aa7 F31DEB1C 		.ascii	"\363\035\353\034\034,I\364\362X4\3554}\267\304\242\271"
 276      1C2C49F4 
 276      F25834ED 
 276      347DB7C4 
 276      A2B9
 277 0ab9 F2E8F68B 		.ascii	"\362\350\366\2138IM'\263?5-O\013\351\263\363P3\366_"
 277      38494D27 
 277      B33F352D 
 277      4F0BE9B3 
 277      F35033F6 
 278 0ace A7F01962 		.ascii	"\247\360\031b\372`\020\262K\322g\027\323w\233&\353\340"
 278      FA6010B2 
 278      4BD26717 
 278      D3779B26 
 278      EBE0
 279 0ae0 DE330FA7 		.ascii	"\3363\017\247A\372R }\035\264'\275d\303\240\022\247"
 279      41FA5220 
 279      7D1DB427 
 279      BD64C3A0 
 279      12A7
 280 0af2 315E7B67 		.ascii	"1^{g\371\010f\274\227O\336\365I.\342\317\260ZD\264."
 280      F90866BC 
 280      974FDEF5 
 280      492EE2CF 
ARM GAS  C:\cygwin\tmp\ccAtPX7t.s 			page 22


 280      B05A44B4 
 281 0b07 EE4888EF 		.ascii	"\356H\210\357\210\304w)\315\201\264\270\253j|\226\321"
 281      88C47729 
 281      CD81B4B8 
 281      AB6A7C96 
 281      D1
 282 0b18 1CD8766F 		.ascii	"\034\330voh\032\245)\334s\2527p\353\372\370,\336>5\365"
 282      681AA529 
 282      DC73AA37 
 282      70EBFAF8 
 282      2CDE3E35 
 283 0b2d 12ABAE7B 		.ascii	"\022\253\256{\022\226{\"K'ei\216\255\373Z\211\247\030"
 283      12967B22 
 283      4B276569 
 283      8EADFB5A 
 283      89A718
 284 0b40 4B375FD5 		.ascii	"K7_\325 \260$7\024\353%A\022\226.\011K\227\310\322M"
 284      20B02437 
 284      14EB2541 
 284      12962E09 
 284      4B97C8D2 
 285 0b55 59F63D39 		.ascii	"Y\366=9\033I\247\032v[!'{OL\354\325x|Q\036\320\231\276"
 285      1B49A71A 
 285      765B2127 
 285      7B4F4CEC 
 285      D5787C51 
 286 0b6d 2FCE7447 		.ascii	"/\316tGnK\231\032\347j\330\227\031\276;\336\233\251"
 286      6E4B991A 
 286      E76AD897 
 286      19BE3BDE 
 286      9BA9
 287 0b7f D87478E2 		.ascii	"\330tx\3427\022\0250\012\365HT\364\210*z\251\212\270"
 287      37121530 
 287      0AF54854 
 287      F4882A7A 
 287      A98AB8
 288 0b92 F8BE1284 		.ascii	"\370\276\022\204\2171\226\266\223\267\007}\005\226&"
 288      8F3196B6 
 288      93B7077D 
 288      059626
 289 0ba1 FB9F5C66 		.ascii	"\373\237\\f\244O\302\322'\262|OY\262w\034\217S\343a"
 289      A44FC2D2 
 289      27B27C4F 
 289      59B2771C 
 289      8F53E361 
 290 0bb5 C6321453 		.ascii	"\3062\024S\362\330\367\225\014\222\236\236\022\373\247"
 290      F2D8F795 
 290      0C929E9E 
 290      12FBA7
 291 0bc4 94851F98 		.ascii	"\224\205\037\230z\353%\372\373E?c\221\304\325\317\270"
 291      7AEB25FA 
 291      FB453F63 
 291      91C4D5CF 
 291      B8
 292 0bd5 D000F70A 		.ascii	"\320\000\367\012\214n\351\272\233\206\361SFu\362T\377"
 292      8C6EE9BA 
 292      9B86F153 
ARM GAS  C:\cygwin\tmp\ccAtPX7t.s 			page 23


 292      4675F254 
 292      FF
 293 0be6 7BC03400 		.ascii	"{\3004\000\005t\270\3737\307\243H\242\371\311\267\246"
 293      0574B8FB 
 293      37C7A348 
 293      A2F9C9B7 
 293      A6
 294 0bf7 303DB83C 		.ascii	"0=\270<\024\250\234'\335\207\002\325 \245*\333\335r"
 294      14A89C27 
 294      DD8702D5 
 294      20A52ADB 
 294      DD72
 295 0c09 45EBB349 		.ascii	"E\353\263I\262z.\226.\312C\234\217\360~4\0256v\260\262"
 295      B27A2E96 
 295      2ECA439C 
 295      8FF07E34 
 295      153676B0 
 296 0c1e A77DE42B 		.ascii	"\247}\344+dS\321A\3541\023\217h&\206\305L\324\327\236"
 296      6453D141 
 296      EC31138F 
 296      682686C5 
 296      4CD4D79E 
 297 0c32 7F59FEF3 		.ascii	"\177Y\376\363\004'\375\371\360\261p2yLO&=15\315>2\364"
 297      0427FDF9 
 297      F0B17032 
 297      794C4F26 
 297      3D3135CD 
 298 0c49 0DD956F1 		.ascii	"\015\331V\361D@?\241\350\324\323{\222\344\377\333\320"
 298      44403FA1 
 298      E8D4D37B 
 298      92E4FFDB 
 298      D0
 299 0c5a 2EE31E11 		.ascii	".\343\036\021\320#\024\275\377\353\246\014\215\030\207"
 299      D02314BD 
 299      FFEBA60C 
 299      8D1887
 300 0c69 5053F737 		.ascii	"PS\3677\015\217q\036#\031\243\221\214\212\221d$5\266"
 300      0D8F711E 
 300      2319A391 
 300      8C8A9164 
 300      2435B6
 301 0c7c C87F7E1B 		.ascii	"\310\177~\033\223\271\033\027\334\215Sw\267\222+7*e"
 301      93B91B17 
 301      DC8D5377 
 301      B7922B37 
 301      2A65
 302 0c8e E82B32F4 		.ascii	"\350+2\364\204\200\236\240\350\242\312\264I9w\235\014"
 302      84809EA0 
 302      E8A2CAB4 
 302      4939779D 
 302      0C
 303 0c9f FD54403F 		.ascii	"\375T@?\245\350\007g\263\\\270\037\310\320\223\002\232"
 303      A5E80767 
 303      B35CB81F 
 303      C8D09302 
 303      9A
 304 0cb0 5CBD3FFA 		.ascii	"\\\275?\372l\351\012\233\305d\014U}\360\311\347\263"
ARM GAS  C:\cygwin\tmp\ccAtPX7t.s 			page 24


 304      6CE90A9B 
 304      C5640C55 
 304      7DF0C9E7 
 304      B3
 305 0cc1 1729748E 		.ascii	"\027)t\216\216\377\\\372\231\312j\376\243\311`\373\357"
 305      8EFF5CFA 
 305      99CA6AFE 
 305      A3C960FB 
 305      EF
 306 0cd2 805FAF8C 		.ascii	"\200_\257\214\260\204\007Y\214\241\263W\233CL\326\225"
 306      B0840759 
 306      8CA1B357 
 306      9B434CD6 
 306      95
 307 0ce3 41010173 		.ascii	"A\001\001s\215\226\320\271a\341a\246\271&\343*\363\334"
 307      8D96D0B9 
 307      61E161A6 
 307      B926E32A 
 307      F3DC
 308 0cf5 858637E7 		.ascii	"\205\2067\347.xm\376\302\225!\346U\344\361J\331\343"
 308      2E786DFE 
 308      C29521E6 
 308      55E4F14A 
 308      D9E3
 309 0d07 950BE7BD 		.ascii	"\225\013\347\2759\357\365\225\346\260\200\220\310@\323"
 309      39EFF595 
 309      E6B08090 
 309      C840D3
 310 0d16 4AAB2D30 		.ascii	"J\253-0\320\264z^\260B\035i\016\263\275a\260y\033\014"
 310      D0B47A5E 
 310      B0421D69 
 310      0EB3BD61 
 310      B0791B0C 
 311 0d2a C2DD17FF 		.ascii	"\302\335\027\377\210/\271\017\221=\324\030\020l\016"
 311      882FB90F 
 311      913DD418 
 311      106C0E
 312 0d39 33AD3480 		.ascii	"3\2554\200\017cd\210\315`\373\237\010\223\025\274-\376"
 312      0F636488 
 312      CD60FB9F 
 312      089315BC 
 312      2DFE
 313 0d4b E7B94139 		.ascii	"\347\271A9\350\004.\257\257,f\233I\011\023\025\350\025"
 313      E8042EAF 
 313      AF2C669B 
 313      49091315 
 313      E815
 314 0d5d 6A0D32D8 		.ascii	"j\0152\330\324\320\377\372\002\032\212p\267p\336<\177"
 314      D4D0FFFA 
 314      021A8A70 
 314      B770DE3C 
 314      7F
 315 0d6e F62FDCEA 		.ascii	"\366/\334\352o\261\371G\204[lV\377w>]\272h\351Z\377"
 315      6FB1F947 
 315      845B6C56 
 315      FF773E5D 
 315      BA68E95A 
ARM GAS  C:\cygwin\tmp\ccAtPX7t.s 			page 25


 316 0d83 80F0D008 		.ascii	"\200\360\320\010\220`\261\372\177\260h\221\177@\260"
 316      9060B1FA 
 316      7FB06891 
 316      7F40B0
 317 0d92 A8114744 		.ascii	"\250\021GD\332p\220\311\246\237\347\017\2310\330,\306"
 317      DA7090C9 
 317      A69FE70F 
 317      9930D82C 
 317      C6
 318 0da3 0013E95E 		.ascii	"\000\023\351^\023jS\006\004\033-\323\255\266P \017\212"
 318      136A5306 
 318      041B2DD3 
 318      ADB65020 
 318      0F8A
 319 0db5 30871BAC 		.ascii	"0\207\033\254&[d\204\301\246\211\024\034j\331,\222["
 319      265B6484 
 319      C1A68914 
 319      1C6AD92C 
 319      925B
 320 0dc7 AFD0F040 		.ascii	"\257\320\360@\223E\025Nh-\352pk\204\311\024h\361\212"
 320      9345154E 
 320      682DEA70 
 320      6B84C914 
 320      68F18A
 321 0dda 888C08B4 		.ascii	"\210\214\010\264\340\360@\213\322\270\332\022B\376\004"
 321      E0F0408B 
 321      D2B8DA12 
 321      42FE04
 322 0de9 CF978A0C 		.ascii	"\317\227\212\0146\206\010*W|\266\364\365\005\376K\226"
 322      3686082A 
 322      577CB6F4 
 322      F505FE4B 
 322      96
 323 0dfa BCEBFFC1 		.ascii	"\274\353\377\301\362\217\226\255Y\340\037a\0141\204"
 323      F28F96AD 
 323      59E01F61 
 323      0C3184
 324 0e09 84048214 		.ascii	"\204\004\202\024\325\362w\3365\332\214\252\345\277e"
 324      D5F277DE 
 324      35DA8CAA 
 324      E5BF65
 325 0e18 9745ECF2 		.ascii	"\227E\354\362.\273\274\307.\037\222\213\367\362w\226"
 325      2EBBBCC7 
 325      2E1F928B 
 325      F7F27796 
 326 0e28 2C0A0F5B 		.ascii	",\012\017[m\016\372\321o\215V\323\012\323\037\"Ma6\263"
 326      6D0EFAD1 
 326      6F8D56D3 
 326      0AD31F22 
 326      4D6136B3 
 327 0e3c 318415D8 		.ascii	"1\204\025\330\013\356:\241\352^q\2317a\356a\222\254"
 327      0BEE3AA1 
 327      EA5E7199 
 327      3761EE61 
 327      92AC
 328 0e4e 1442A649 		.ascii	"\024B\246I\023\020\034a\201XW\377\334U?\324\237\277"
 328      13101C61 
ARM GAS  C:\cygwin\tmp\ccAtPX7t.s 			page 26


 328      815857FF 
 328      DC553FD4 
 328      9FBF
 329 0e60 80F31741 		.ascii	"\200\363\027A\244\322\340\331Gaf\333,W\274\325\022@"
 329      A4D2E0D9 
 329      476166DB 
 329      2C57BCD5 
 329      1240
 330 0e72 AEF30214 		.ascii	"\256\363\002\024\3525FC\210\331j\323\033\014Aa\221\001"
 330      EA354643 
 330      88D96AD3 
 330      1B0C4161 
 330      9101
 331 0e84 06A10909 		.ascii	"\006\241\011\011\025\356\246\375\333\252Hs\210m\256"
 331      15EEA6FD 
 331      DBAA4873 
 331      886DAE
 332 0e93 39ECDF15 		.ascii	"9\354\337\025\377\037\357\204\321\022\004J\275\003\202"
 332      FF1FEF84 
 332      D112044A 
 332      BD0382
 333 0ea2 D730D92A 		.ascii	"\3270\331*\253\215H\376\251\253dqB\254\244\020\275W"
 333      AB8D48FE 
 333      A9AB6471 
 333      42ACA410 
 333      BD57
 334 0eb4 851B2D81 		.ascii	"\205\033-\201\004\367\232+\216>!\2714|\362\371\242%"
 334      04F79A2B 
 334      8E3E21B9 
 334      347CF2F9 
 334      A225
 335 0ec6 EF2D33BC 		.ascii	"\357-3\274\277p\376\374O\337c\375d\022#\215\026\352"
 335      BF70FEFC 
 335      4FDF63FD 
 335      6412238D 
 335      16EA
 336 0ed8 E1254F1E 		.ascii	"\341%O\036\010\000\200>\006!\375P\332f\233.X\322x\306"
 336      0800803E 
 336      0621FD50 
 336      DA669B2E 
 336      58D278C6 
 337 0eec A9B47EE8 		.ascii	"\251\264~\350\337\367\027\256]\353\037\354(\037\215"
 337      DFF717AE 
 337      5DEB1FEC 
 337      281F8D
 338 0efb D9166A20 		.ascii	"\331\026j \240\351\204S|E\003h\231\374\025H\277\214"
 338      A0E98453 
 338      7C450368 
 338      99FC1548 
 338      BF8C
 339 0f0d AD       		.ascii	"\255"
 340              		.text
 341              		.section	.gnu.lto_.symtab.652bc190,"",%progbits
 342 0000 68616C49 		.ascii	"halInit\000\000\000\000\000\000\000\000\000\000\000"
 342      6E697400 
 342      00000000 
 342      00000000 
ARM GAS  C:\cygwin\tmp\ccAtPX7t.s 			page 27


 342      0000
 343 0012 00520100 		.ascii	"\000R\001\000\000itm_port\000\000\002\000\000\000\000"
 343      0069746D 
 343      5F706F72 
 343      74000002 
 343      00000000 
 344 0026 00000000 		.ascii	"\000\000\000\000\000p\001\000\000pal_default_config"
 344      00700100 
 344      0070616C 
 344      5F646566 
 344      61756C74 
 345 0041 00000200 		.ascii	"\000\000\002\000\000\000\000\000\000\000\000\000r\001"
 345      00000000 
 345      00000000 
 345      7201
 346 004f 00006368 		.ascii	"\000\000chvprintf\000\000\002\000\000\000\000\000\000"
 346      76707269 
 346      6E746600 
 346      00020000 
 346      00000000 
 347 0063 00000061 		.ascii	"\000\000\000a\001\000\000stInit\000\000\002\000\000"
 347      01000073 
 347      74496E69 
 347      74000002 
 347      0000
 348 0075 00000000 		.ascii	"\000\000\000\000\000\000\000d\001\000\000boardInit\000"
 348      00000064 
 348      01000062 
 348      6F617264 
 348      496E6974 
 349 008a 00020000 		.ascii	"\000\002\000\000\000\000\000\000\000\000\000f\001\000"
 349      00000000 
 349      00000066 
 349      0100
 350 0098 00756172 		.ascii	"\000uartInit\000\000\002\000\000\000\000\000\000\000"
 350      74496E69 
 350      74000002 
 350      00000000 
 350      000000
 351 00ab 00006801 		.ascii	"\000\000h\001\000\000_pal_lld_init\000\000\002\000\000"
 351      00005F70 
 351      616C5F6C 
 351      6C645F69 
 351      6E697400 
 352 00c3 00000000 		.ascii	"\000\000\000\000\000\000\000l\001\000\000hal_lld_in"
 352      0000006C 
 352      01000068 
 352      616C5F6C 
 352      6C645F69 
 353 00d8 69740000 		.ascii	"it\000\000\002\000\000\000\000\000\000\000\000\000n"
 353      02000000 
 353      00000000 
 353      00006E
 354 00e7 010000   		.ascii	"\001\000\000"
 355              		.text
 356              		.section	.gnu.lto_.opts,"",%progbits
 357 0000 272D666E 		.ascii	"'-fno-trapv' '-mcpu=cortex-m4' '-mno-thumb-interwor"
ARM GAS  C:\cygwin\tmp\ccAtPX7t.s 			page 28


 357      6F2D7472 
 357      61707627 
 357      20272D6D 
 357      6370753D 
 358 0033 6B272027 		.ascii	"k' '-mthumb' '-ggdb' '-O2' '-fomit-frame-pointer' '"
 358      2D6D7468 
 358      756D6227 
 358      20272D67 
 358      67646227 
 359 0066 2D66616C 		.ascii	"-falign-functions=16' '-ffunction-sections' '-fdata"
 359      69676E2D 
 359      66756E63 
 359      74696F6E 
 359      733D3136 
 360 0099 2D736563 		.ascii	"-sections' '-fno-common' '-flto'\000"
 360      74696F6E 
 360      73272027 
 360      2D666E6F 
 360      2D636F6D 
 361              		.text
 362              		.comm	__gnu_lto_v1,1,1
 363              		.comm	__gnu_lto_slim,1,1
 364              		.ident	"GCC: (GNU Tools for ARM Embedded Processors) 4.9.3 20141119 (release) [ARM/embedded-4_9-br
ARM GAS  C:\cygwin\tmp\ccAtPX7t.s 			page 29


DEFINED SYMBOLS
                            *ABS*:00000000 hal.c
                            *COM*:00000001 __gnu_lto_v1
                            *COM*:00000001 __gnu_lto_slim

NO UNDEFINED SYMBOLS
