ARM GAS  C:\cygwin\tmp\ccKkRycb.s 			page 1


   1              		.syntax unified
   2              		.cpu cortex-m4
   3              		.fpu softvfp
   4              		.eabi_attribute 20, 1
   5              		.eabi_attribute 21, 1
   6              		.eabi_attribute 23, 3
   7              		.eabi_attribute 24, 1
   8              		.eabi_attribute 25, 1
   9              		.eabi_attribute 26, 1
  10              		.eabi_attribute 30, 2
  11              		.eabi_attribute 34, 1
  12              		.eabi_attribute 18, 4
  13              		.thumb
  14              		.file	"hal_lld.c"
  15              		.text
  16              	.Ltext0:
  17              		.section	.gnu.lto_.profile.652bdd54,"",%progbits
  18 0000 789C6366 		.ascii	"x\234cf```a\200\000F\206\244p\000\001\217\000\302"
  18      60606061 
  18      80004686 
  18      A4700001 
  18      8F00C2
  19              		.text
  20              		.section	.gnu.lto_.jmpfuncs.652bdd54,"",%progbits
  21 0000 789C6366 		.ascii	"x\234cf\300\0168\2414\023\210`\004b\000\001S\000\020"
  21      C00E38A1 
  21      34138860 
  21      04620001 
  21      530010
  22              		.text
  23              		.section	.gnu.lto_.inline.652bdd54,"",%progbits
  24 0000 789C6366 		.ascii	"x\234cf\300\016\014\2404\023\003\203\202\006#\003\223"
  24      C00E0CA0 
  24      34130383 
  24      82062303 
  24      93
  25 0011 C582F5CC 		.ascii	"\305\202\365\314\014l\013\344\231@\202\214\\ \202\301"
  25      0C6C0BE4 
  25      9940828C 
  25      5C2082C1 
  26 0021 7A2D1350 		.ascii	"z-\023P\246\340\302.\025\270\014\003\000\243\001\006"
  26      A6E0C22E 
  26      15B80C03 
  26      00A30106 
  27 0031 B0       		.ascii	"\260"
  28              		.text
  29              		.section	.gnu.lto_.pureconst.652bdd54,"",%progbits
  30 0000 789C6366 		.ascii	"x\234cf```e\200\000&\006)F)\000\000\371\000@"
  30      60606065 
  30      80002606 
  30      29462900 
  30      00F90040 
  31              		.text
  32              		.section	.gnu.lto_hal_lld_init.652bdd54,"",%progbits
  33 0000 789C9D95 		.ascii	"x\234\235\225KL\023Q\024\206\357\2713\035Zh\2401<\012"
  33      4B4C1351 
  33      1486EFB9 
ARM GAS  C:\cygwin\tmp\ccKkRycb.s 			page 2


  33      331D5A68 
  33      A0313C0A 
  34 0014 26BA6455 		.ascii	"&\272dUP0q\307\312\2700q\245{ct\341\202\004\".XH\230"
  34      503071C7 
  34      CAB83071 
  34      A57B6374 
  34      E1820422 
  35 002c 0A121688 		.ascii	"\012\022\026\210<\0221A\\i\012\"/\225\207\362\260\240"
  35      3C123141 
  35      5C690A22 
  35      2F9587F2 
  35      B0A0
  36 003e 8208A2E5 		.ascii	"\202\010\242\345)\010\024\005\0221.Z[\204\206(\336s"
  36      29081405 
  36      12312E5A 
  36      5B848628 
  36      DE73
  37 0050 EFD0A1B8 		.ascii	"\357\320\241\270q\332\300\031\230\271\363\375\3779\347"
  37      71DAC019 
  37      98B9F3FD 
  37      FF39E7
  38 005f F65C89FC 		.ascii	"\366\\\211\374\373\311f\277\327\315\204d\261+\230\010"
  38      FBC966BF 
  38      D7CD8464 
  38      B12B9808 
  39 006f D0AA0942 		.ascii	"\320\252\011B\234fJ\245\321\034\242\306\312#\011D\265"
  39      9C664AA5 
  39      D11CA2C6 
  39      CA230944 
  39      B5
  40 0080 4A208BDB 		.ascii	"J \213\3332\000\376A\200\024SI\206b\330\240~\012U\356"
  40      3200FE41 
  40      80145349 
  40      8662D8A0 
  40      7E0A55EE 
  41 0094 E6BB71E9 		.ascii	"\346\273q\351\017UU\365\015\365\332o\332C\224\220\000"
  41      0F5555F5 
  41      0DF5DA6F 
  41      DA439490 
  41      00
  42 00a5 157C7041 		.ascii	"\025|pA:ak\374\245\277\347\342\224R\266\306&\236A#("
  42      3A616BFC 
  42      A5BFE7E2 
  42      9452B6C6 
  42      269E4123 
  43 00ba C0AE6D87 		.ascii	"\300\256m\207\334\352\356\356\352\275>\217|\204\222"
  43      DCEAEEEE 
  43      EABD3E8F 
  43      7C8492
  44 00c9 10652658 		.ascii	"\020e&X0c\260`\260bH\300`\303\220\210!\011C2\206\024"
  44      3063B060 
  44      B06248C0 
  44      60C39088 
  44      21094332 
  45 00df 0C760CA9 		.ascii	"\014v\014\251\030\010Ycl\264\270N)^\245\005\030\352"
  45      18085963 
  45      6CB4B84E 
ARM GAS  C:\cygwin\tmp\ccKkRycb.s 			page 3


  45      295EA505 
  45      18EA
  46 00f1 EA081E47 		.ascii	"\352\010\036G\265-\212f\267{\227\246\344o4D\251\352"
  46      B52D8A66 
  46      B77B97A6 
  46      E46F3444 
  46      A9EA
  47 0103 2B5765F4 		.ascii	"+We\364\346]\373\3401\363[\004\377-\373\343\015\231"
  47      E65DFBE0 
  47      31F35B04 
  47      FF2DFBE3 
  47      0D99
  48 0115 1AA01E42 		.ascii	"\032\240\036BT\202&H\203G\220\306\037T\327l\326\306"
  48      54822648 
  48      834790C6 
  48      1F54D76C 
  48      D6C6
  49 0127 3A9AD552 		.ascii	":\232\325R\2479Deh\206\006\370\311\323\204\307\340 "
  49      A7394465 
  49      688606F8 
  49      C9D384C7 
  49      E020
  50 0139 4C291F65 		.ascii	"L)\037e\014\020ZtB+8\320I}\350\201\005\235\300.\373"
  50      0C105A74 
  50      422B38D0 
  50      497DE881 
  50      059DC02E 
  51 014e 24106863 		.ascii	"$\020hc/\032\002\003r\333un\207\340\356e(\263[O\004"
  51      2F1A0203 
  51      72DB756E 
  51      87E0EE65 
  51      28B35B4F 
  52 0163 B3CB1304 		.ascii	"\263\313\023\004Q\026\223\001\313O9\032\033\007\317"
  52      51169301 
  52      CB4F391A 
  52      1B07CF
  53 0172 A24BBA53 		.ascii	"\242K\272S't\201#\312\014\273uH\017\203\354\245T\275"
  53      27748123 
  53      CA0CBB75 
  53      480F83EC 
  53      A554BD
  54 0185 A9A56436 		.ascii	"\251\245d6`\3509g\361=\371\202\247T\022T\004\305\"@"
  54      60E83967 
  54      F13DF982 
  54      A7541254 
  54      04C52240 
  55 0199 C18A1FBF 		.ascii	"\301\212\037\277\224pW\342\011\364\012\271\0320\230"
  55      947057E2 
  55      09F40AB9 
  55      1A3098
  56 01a8 7A9FAED4 		.ascii	"z\237\256\324\017\016\306\217\"\363\001\235\361r_\346"
  56      0F0EC68F 
  56      22F3019D 
  56      F1725FE6 
  57 01b8 9EBDCCAD 		.ascii	"\236\275\314\255\006\374\2709KB\326`t\315\034\322\011"
  57      06FCB839 
  57      4B42D660 
ARM GAS  C:\cygwin\tmp\ccKkRycb.s 			page 4


  57      74CD1CD2 
  57      09
  58 01c9 AFA26EE6 		.ascii	"\257\242n\346k\035\362f\1773\267\264\224\022\014\030"
  58      6B1DF266 
  58      7F33B7B4 
  58      94120C18 
  59 01d9 1AE62C19 		.ascii	"\032\346,\031Y#\221\315\264\011\320\350\215\325\365"
  59      592391CD 
  59      B409D0E8 
  59      8DD5F5
  60 01e8 38DE4C36 		.ascii	"8\336L6\213T \3606\312f\216\352J\357\260\2316n\332\337"
  60      8B5420F0 
  60      36CA668E 
  60      EA4AEFB0 
  60      99366EDA 
  61 01fd 793862DA 		.ascii	"y8b\332\271\003#\300g]\200\355\326\003s\020\306@ao\217"
  61      B90323C0 
  61      675D80ED 
  61      D6037310 
  61      C640616F 
  62 0212 A3BB44F6 		.ascii	"\243\273D\366\254dr\352\024:3\251+\316\003\223\311\304"
  62      AC6472EA 
  62      143A33A9 
  62      2BCE0393 
  62      C9C4
  63 0224 1DB47C77 		.ascii	"\035\264|w\325\3053k\316*\225YP\340=s7\241\271\253\035"
  63      D5C5336B 
  63      CE2A9559 
  63      50E03D73 
  63      37A1B9AB 
  64 0239 EBAF8CD1 		.ascii	"\353\257\214\321\335}\340\356LB\003>j\245([\356\222"
  64      DD7DE0EE 
  64      4C42033E 
  64      6AA5285B 
  64      EE92
  65 024b 845E9290 		.ascii	"\204^\222\220\354\035oj\243\242\032\224\200'\\\212q"
  65      EC1D6F6A 
  65      A3A21A94 
  65      80275C8A 
  65      71
  66 025c 5E0A037A 		.ascii	"^\012\003z\223\021zSX\220$\321\305\223B0\231\275\263"
  66      93117A53 
  66      589024D1 
  66      C5934230 
  66      99BDB3
  67 026f 5AD1E3B5 		.ascii	"Z\321\343\265\204y\221\325mv\271f\225\360\226\230\346"
  67      847991D5 
  67      6D76B966 
  67      95F09698 
  67      E6
  68 0280 3845C3CD 		.ascii	"8E\303\315\010\373\333e\323T\300R\004oxc\240\322*\334"
  68      08FBDB65 
  68      D354C052 
  68      046F7863 
  68      A0D22ADC 
  69 0294 B355B38C 		.ascii	"\263U\263\2144\003\245\363%i\332\"\266\342\266\317s"
  69      3403A5F3 
ARM GAS  C:\cygwin\tmp\ccKkRycb.s 			page 5


  69      2569DA22 
  69      B6E2B6CF 
  69      73
  70 02a5 4B0C5456 		.ascii	"K\014TVP\230C-\202\207\203DFs\360l\360\265\367\035\325"
  70      5098432D 
  70      82878344 
  70      4673F06C 
  70      F0B5F71D 
  71 02ba 92FD2F73 		.ascii	"\222\375/sN\267\035\355}\212\2607\317g\354\235\315\306"
  71      4EB71DED 
  71      7D8AB037 
  71      CF67EC9D 
  71      CDC6
  72 02cc 2645DB58 		.ascii	"&E\333XLkA\324\322\347\213J\340s\204\300\242\366\255"
  72      4C6B41D4 
  72      D2E78B4A 
  72      E07384C0 
  72      A2F6AD
  73 02df 40E772F8 		.ascii	"@\347r\370X\363/\015j\315\264\033\353\325\022\207\307"
  73      58F32F0D 
  73      6ACDB41B 
  73      EBD51287 
  73      C7
  74 02f0 68F065AD 		.ascii	"h\360e\255\270\212`\245\012\\\355N\367F\254\230y;\374"
  74      B88A60A5 
  74      0A5CED4E 
  74      F746AC98 
  74      793BFC
  75 0303 24F246BF 		.ascii	"$\362F\2777V\"\364\276\340\336H%\213P\342\016\215\360"
  75      375622F4 
  75      BEE0DE48 
  75      258B50E2 
  75      0E8DF0
  76 0316 2F1DBE72 		.ascii	"/\035\276r\177\252\262\225\026\355\250\345H\213\011"
  76      7FAAB295 
  76      16EDA8E5 
  76      488B09
  77 0325 E08083AF 		.ascii	"\340\200\203\257P\304\016u3Y\006\247\273\356\014_I\360"
  77      50C40E75 
  77      335906A7 
  77      BBEE0C5F 
  77      49F0
  78 0337 84072C01 		.ascii	"\204\007,\001[p,##S\374\344\025d^\271\230\233\231\237"
  78      5B702C23 
  78      2353FCE4 
  78      15645EB9 
  78      989B999F 
  79 034b 77F55A41 		.ascii	"w\365ZA\346\271\363g\263\263D<}\242\260\020\237\\\310"
  79      E6B9F367 
  79      B3B3443C 
  79      7DA2B010 
  79      9F5CC8
  80 035e CDBD9C71 		.ascii	"\315\275\234q\211\374\005+\227\3621"
  80      89FC052B 
  80      97F231
  81              		.text
  82              		.section	.gnu.lto_stm32_clock_init.652bdd54,"",%progbits
ARM GAS  C:\cygwin\tmp\ccKkRycb.s 			page 6


  83 0000 789C9D57 		.ascii	"x\234\235W[L\\E\030\236\177\316\236\335\263\027\366"
  83      5B4C5C45 
  83      189E7FCE 
  83      9EDDB317 
  83      F6
  84 0011 C2252590 		.ascii	"\302%%\220R\222\222RR.\246\366\321D71\276\371\242\276"
  84      52929252 
  84      522EA6F6 
  84      D1443731 
  84      BEF9A2BE 
  85 0025 1BA3313E 		.ascii	"\033\2431>\220\264\261>\364\255\207[#\011\211\224\006"
  85      90B4B13E 
  85      F4AD875B 
  85      23098994 
  85      06
  86 0036 6334181E 		.ascii	"c4\030\036\274U\320\002\255h\213UD*\245V\020(\005\252"
  86      BC55D002 
  86      AD688B55 
  86      442AA556 
  86      102805AA 
  87 004a 405B765B 		.ascii	"@[v[h\021w\271\010\333\224\342\3743s\030v\211fw\011"
  87      681177B9 
  87      08DB94E2 
  87      FC337318 
  87      76896677 
  88 005f F96699FF 		.ascii	"\371f\231\377\3547\337\377\177\377\314\0344\262\373"
  88      EC37DFFF 
  88      7FFFCC1C 
  88      34B2FB
  89 006e 270708A9 		.ascii	"'\007\010\251\310 \3440\373\0149\004h\343\020!U\006"
  89      C820E430 
  89      FB0C3904 
  89      68E31021 
  89      5506
  90 0080 054D7CD0 		.ascii	"\005M|\320hv\303\000!\246\313V\353 \246'[\314\007m\240"
  90      6876C300 
  90      21A6CB56 
  90      EB20A627 
  90      5BCC076D 
  91 0095 8BB84EB3 		.ascii	"\213\270N\263D\334\316\343Yb>h\007\207\210;h\246\210"
  91      44DCCEE3 
  91      59623E68 
  91      0787883B 
  91      68A688
  92 00a8 1B3C9E29 		.ascii	"\033<\236)\346\203\0068E\334I\003\"\356\342\361\200"
  92      E6830638 
  92      45DC4903 
  92      22EEE2F1 
  92      80
  93 00b9 980FBAC0 		.ascii	"\230\017\272\300\213#x\251_\204\335<\354\027\323A7x"
  93      8B2378A9 
  93      5F84DD3C 
  93      EC17D341 
  93      3778
  94 00cb C4D73DD4 		.ascii	"\304\327=\324'\342\031<\356\023\363\301\014\000\034"
  94      27E2193C 
  94      EE13F3C1 
ARM GAS  C:\cygwin\tmp\ccKkRycb.s 			page 7


  94      0C001C
  95 00da 09909354 		.ascii	"\011\220\223T\313\266\351YvG\246\341\014\270\274~\267"
  95      CBB6E959 
  95      7647A6E1 
  95      0CB8BC7E 
  95      B7
  96 00eb C7970127 		.ascii	"\307\227\001'\035\232\310^\027\203C\014N1x\305\340\021"
  96      1D9AC85E 
  96      1783430C 
  96      4E3178C5 
  96      E011
  97 00fd C3028D52 		.ascii	"\303\002\215Rh\354m\373\300]\374\251i\232\221\276\261"
  97      68EC6DFB 
  97      C05DFCA9 
  97      699A91BE 
  97      B1
  98 010e DCBADC18 		.ascii	"\334\272\334\030%d\205\212\007\340s(&\354\231h\355\346"
  98      2564858A 
  98      07E07328 
  98      26EC9968 
  98      EDE6
  99 0120 84DB5ECB 		.ascii	"\204\333^\313\236\361\213\030|\001vV]r.\263\327\334"
  99      9EF18B18 
  99      7C017656 
  99      5D722EB3 
  99      D7DC
 100 0132 DA9AFBB8 		.ascii	"\332\232\373\270\375\264^n#1\012:\202\003\301@p\"\270"
 100      FDB45E6E 
 100      23310A3A 
 100      8203C140 
 100      7022B8
 101 0145 103C085E 		.ascii	"\020<\010^\004\037\202\037!\200\220\215\220\203\260"
 101      041F821F 
 101      2180908D 
 101      9083B0
 102 0154 07211721 		.ascii	"\007!\027!\017!\037a/B\001\302>\204B\204\375\010E\010"
 102      0F211F61 
 102      2F4201C2 
 102      3E844284 
 102      FD084508 
 103 0168 07108A11 		.ascii	"\007\020\212\021\016\"\224 \034B(E $\304\264\262\342"
 103      0E229420 
 103      1C422845 
 103      2024C4B4 
 103      B2E2
 104 017a 85296583 		.ascii	"\205)e\203v\013\372\"\0357\252u\024\317\222\332\350"
 104      760BFA22 
 104      1D37AA75 
 104      14CF92DA 
 104      E8
 105 018b 991EB3CD 		.ascii	"\231\036\263\315\323\030\245f\344]\323\206y\316\206"
 105      D318A566 
 105      E45DD386 
 105      79CE86
 106 019a 86470C3E 		.ascii	"\206G\014>E\360\317SOfcz\013|Te\232\275\366\030\325"
 106      45F0CF53 
 106      4F66637A 
ARM GAS  C:\cygwin\tmp\ccKkRycb.s 			page 8


 106      0B7C5465 
 106      9ABDF618 
 107 01af E02CE4C1 		.ascii	"\340,\344\301\227L\035\006O7\255\235q\225\265\231\265"
 107      974C1D06 
 107      4F37AD9D 
 107      7195B599 
 107      B5
 108 01c0 10A33668 		.ascii	"\020\2436h\203\026X\346U\203v(c\341\301\352\271\260"
 108      831658E6 
 108      55837628 
 108      63E1C1EA 
 108      B9B0
 109 01d2 1BA98055 		.ascii	"\033\251\200U\315\004\002_\261\357q\0057\2734\251\240"
 109      CD04025F 
 109      B1EF7105 
 109      37BB34A9 
 109      A0
 110 01e3 6674EC79 		.ascii	"ft\354y|D7oW%\010\320\371\032\023\227\352\357\330\225"
 110      7C44376F 
 110      572508D0 
 110      F91A1397 
 110      EAEFD895 
 111 01f7 003B7CCD 		.ascii	"\000;|\315\004\234\223\002\272\232C\343J@\007\027\200"
 111      049C9302 
 111      BA9A43E3 
 111      4A400717 
 111      80
 112 0208 9E402717 		.ascii	"\236@'\027P\377\336\203\306\014)@#\320%\226\357\216"
 112      50FFDE83 
 112      C60C2940 
 112      23D02596 
 112      EF8E
 113 021a 4E8BE5D7 		.ascii	"N\213\345\327\251mG\206\360\237\331U\031\310~\236\263"
 113      A96D4786 
 113      F09FD955 
 113      19C87E9E 
 113      B3
 114 022b 73E72F40 		.ascii	"s\347/@\031#\252Y\265\013\026]\020\015\264\314w\361"
 114      1923AA59 
 114      B50B165D 
 114      100DB4CC 
 114      77F1
 115 023d 62024BF5 		.ascii	"b\002K\365\033\261V\023\310<\223]\245[\255\362-\224"
 115      1BB15613 
 115      C83C935D 
 115      A55BADF2 
 115      2D94
 116 024f AD631198 		.ascii	"\255c\021\230w\032a\375\216\346uw\316,K\355\216\244"
 116      771A61FD 
 116      8EE67577 
 116      CE2C4BED 
 116      8EA4
 117 0261 587961BE 		.ascii	"Xya\276S\244\027\205\364\215S!*h\014\301\364\341DxU"
 117      53A41785 
 117      F48D5321 
 117      2A680CC1 
 117      F4E14478 
ARM GAS  C:\cygwin\tmp\ccKkRycb.s 			page 9


 118 0276 E3E22981 		.ascii	"\343\342)\201K\214e\034j'k\336\224\317\260\007\252>"
 118      4B8C651C 
 118      6A276BDE 
 118      94CFB007 
 118      AA3E
 119 0288 EB6970F0 		.ascii	"\353ip\360\007\030K\017.C\260\271\262\011\333\240\020"
 119      07184B0F 
 119      2E43B0B9 
 119      B209DBA0 
 119      10
 120 0299 A636D95D 		.ascii	"\2466\331]\335\235\341Q)\320\231B\332\337s\205\270m"
 120      DD9DE151 
 120      29D09942 
 120      DADF7385 
 120      B86D
 121 02ab E1B25428 		.ascii	"\341\262T(\213\353\022D\341\241\352za\345\343\255\255"
 121      8BEB1244 
 121      E1A1EA7A 
 121      61E5E3AD 
 121      AD
 122 02bc 2D1F811F 		.ascii	"-\037\201\037\322,\360\217j\245^,\260\213\267\304HX"
 122      D22CF08F 
 122      6AA55E2C 
 122      B08BB7C4 
 122      4858
 123 02ce 96C39302 		.ascii	"\226\303\223\002\325O\212\252\217\213N]\315\317\212"
 123      D54F8AAA 
 123      8F8B4E5D 
 123      CDCF8A
 124 02dd A21FD578 		.ascii	"\242\037\325x\270\335\272\262\373\336]YMo\362v_Q\244"
 124      B8DDBAB2 
 124      FBDE5D59 
 124      4D6FF276 
 124      5F51A4
 125 02f0 BF58762F 		.ascii	"\277Xv/\312\374|\202i\275.R\357\342\345\364\020\030"
 125      CAFC7C82 
 125      69BD2E52 
 125      EFE2E5F4 
 125      1018
 126 0302 10764F59 		.ascii	"\020vOYv\373v\370\233%\375\265o\373\273hm\036\177\012"
 126      76FB76F8 
 126      9B25FDB5 
 126      6FFBBB68 
 126      6D1E7F0A 
 127 0316 795E551D 		.ascii	"y^U\0358\030\357o@\020umv\234\021gE\214\355\236ki\232"
 127      3818EF6F 
 127      4010756D 
 127      769C1167 
 127      458CED9E 
 128 032d FBAB5AE6 		.ascii	"\373\253Z\346:\2263\300\217\233\310\342\250\226@\224"
 128      3A9633C0 
 128      8F9BC8E2 
 128      A8964094 
 129 033d C471F69B 		.ascii	"\304q\366\233\252\342\020?M\266\017&\033\233\032\226"
 129      AAE2103F 
 129      4DB60F26 
 129      1B9B1A96 
ARM GAS  C:\cygwin\tmp\ccKkRycb.s 			page 10


 130 034d 6749E766 		.ascii	"gI\347f\237,Gv\012:\177\347\3346\344\036\211?Kr\030"
 130      9F2C4776 
 130      0A3A7FE7 
 130      DC36E41E 
 130      893F4B72 
 131 0362 51DA87C7 		.ascii	"Q\332\207\307\250\242\035\303\364sx79\266\273)\272i"
 131      A8A21DC3 
 131      F4737837 
 131      39B6BB29 
 131      BA69
 132 0374 75D39EE4 		.ascii	"u\323\236\344\273\351\206\"\035O<<r\031\323\256\323"
 132      BBE98622 
 132      1D4F3C3C 
 132      7219D3AE 
 132      D3
 133 0385 227747FB 		.ascii	"\"wG\373d\312\3661\254\313'\322_\243\247\356\305M\256"
 133      64CAF631 
 133      ACCB27D2 
 133      5FA3A7EE 
 133      C54DAE
 134 0398 01CF4298 		.ascii	"\001\317B\230\340^,=\352y\226[\321x\265\3569\002\223"
 134      E05E2C3D 
 134      EA79965B 
 134      D178B5EE 
 134      390293
 135 03ab D6C97EE5 		.ascii	"\326\311~\345\274L0/\205\262M\251\256\271\025\357F\276"
 135      BC4C302F 
 135      85B24DA9 
 135      AEB915EF 
 135      46BE
 136 03bd 206ABA38 		.ascii	" j\2728\325\340\262.2\203\300\037i\372\363\247Zh\032"
 136      D5E0B22E 
 136      3283C01F 
 136      69FAF3A7 
 136      5A681A
 137 03d0 FDC9E7FE 		.ascii	"\375\311\347\3768\225?\003sR\376\336\0357\037\374\377"
 137      38953F03 
 137      7352FEDE 
 137      1D371FFC 
 137      FF
 138 03e1 AD37C349 		.ascii	"\2557\303I\355H:\233\350O\201`Z\273\274\265l\351g\273"
 138      ED483A9B 
 138      E84F8160 
 138      5ABBBCB5 
 138      6CE967BB 
 139 03f5 EB768261 		.ascii	"\353v\202a\005;\014\013p\303B\354Xd\206\205\251\027"
 139      053B0C0B 
 139      70C342EC 
 139      58648685 
 139      A917
 140 0407 B501D736 		.ascii	"\265\001\3276\261\"\265\355K\276w\356\250\204\357&j"
 140      B122B5ED 
 140      4BBE77EE 
 140      A884EF26 
 140      6A
 141 0418 2B944CC3 		.ascii	"+\224L\303\363\013\232U[?\201\271\004q\205;\304\371"
 141      F30B9A55 
ARM GAS  C:\cygwin\tmp\ccKkRycb.s 			page 11


 141      5B3F81B9 
 141      0471853B 
 141      C4F9
 142 042a 6537B9B7 		.ascii	"e7\271\267_e\356\217\245\261\263Cjg\207y7]\013\015."
 142      5F65EE8F 
 142      A5B1B343 
 142      6A678779 
 142      375D0B0D 
 143 043f 79783B99 		.ascii	"yx;\231\255\255\275\354M\341\236|Q\211\254\315Y\374"
 143      ADADBDEC 
 143      4DE19E7C 
 143      5189ACCD 
 143      59FC
 144 0451 AD173A06 		.ascii	"\255\027:\006\371\355\35607\022_\225\034|\221'\243\343"
 144      F9EDEE30 
 144      37125F95 
 144      1C7C9127 
 144      A3E3
 145 0463 93542A60 		.ascii	"\223T*`\257\220\006\334g\012\346\245\202hK\350\231m"
 145      AF9006DC 
 145      670AE6A5 
 145      82684BE8 
 145      996D
 146 0475 010B5C00 		.ascii	"\001\013\\\000\276\226\302\003.\340\341\365\351\263"
 146      BE96C203 
 146      2EE0E1F5 
 146      E9B3
 147 0483 E276ABF1 		.ascii	"\342v\253\361\022xhu\363\3431Y\362\375)4\331\242\312"
 147      12786875 
 147      F3E33159 
 147      F2FD2934 
 147      D9A2CA
 148 0496 EEAFF86E 		.ascii	"\356\257\370n.bD|\267\246\323\273K\212\366o\354\335"
 148      2E62447C 
 148      B7A6D3BB 
 148      4B8AF66F 
 148      ECDD
 149 04a8 22DEBB1E 		.ascii	"\"\336\273\036uSmZ\275{ \371\376\210(\322h\342MU\314"
 149      75536D5A 
 149      BD7B20F9 
 149      FE8828D2 
 149      68E24D55 
 150 04bd 98765D4D 		.ascii	"\230v]M\305\214\342\223\346\367\333u^,\266\025\227\267"
 150      C58CE293 
 150      E6F7DB75 
 150      5E2CB615 
 150      97B7
 151 04cf 9BC3279B 		.ascii	"\233\303'\233#\303\272\251\242\375G\304\227\016\246"
 151      23C3BAA9 
 151      A2FD47C4 
 151      970EA6
 152 04de 90E60A57 		.ascii	"\220\346\012Wd\240\242\325\370\352\2250\"\276u\322\251"
 152      64A0A2D5 
 152      F8EA9530 
 152      22BE75D2 
 152      A9
 153 04ef DE9AA2FD 		.ascii	"\336\232\242\375\007\253W\302\015\006\301|(\005\242"
ARM GAS  C:\cygwin\tmp\ccKkRycb.s 			page 12


 153      07AB57C2 
 153      0D06C17C 
 153      2805A2
 154 04fe 754E84FF 		.ascii	"uN\204\377\312\300F\274\276RF\224\266\276\230\242}\204"
 154      CAC046BC 
 154      BE524694 
 154      B6BE98A2 
 154      7D84
 155 0510 FA4AC90C 		.ascii	"\372J\311\014T\3656\277\2044\242\274\300\312\3126\362"
 155      54F536BF 
 155      8434A2BC 
 155      C0CACA36 
 155      F2
 156 0521 53E5E515 		.ascii	"S\345\345\025\342\367\350\361\212\267^\253\2548v\364"
 156      E2F7E8F1 
 156      8AB75EAB 
 156      AC3876F4 
 157 0531 ED778E57 		.ascii	"\355w\216W\274\374\312\213O\037\026\370\302\221\023"
 157      BCFCCA8B 
 157      4F1F16F8 
 157      C29113
 158 0540 2730F26A 		.ascii	"'0\362je\345\033\345\257\223\177\0011\013\236\370"
 158      65E51BE5 
 158      AF937F01 
 158      310B9EF8 
 159              		.text
 160              		.section	.gnu.lto_.symbol_nodes.652bdd54,"",%progbits
 161 0000 789C6366 		.ascii	"x\234cf``\260a\200\002\246\006\246z\006\206\011\347"
 161      6060B061 
 161      8002A606 
 161      A67A0686 
 161      09E7
 162 0012 1818EAEB 		.ascii	"\030\030\352\353\031\346-\340``jd\252gD\026`lb\252g"
 162      19E62DE0 
 162      60606A64 
 162      AA674416 
 162      606C62AA 
 163 0027 82083034 		.ascii	"\202\010044p00301\264\364\277\221g\000\000\346*\017"
 163      34703030 
 163      333031B4 
 163      F4BF9167 
 163      0000E62A 
 164 003c 9A       		.ascii	"\232"
 165              		.text
 166              		.section	.gnu.lto_.refs.652bdd54,"",%progbits
 167 0000 789C6366 		.ascii	"x\234cf```d\200\002\000\000=\000\005"
 167      60606064 
 167      80020000 
 167      3D0005
 168              		.text
 169              		.section	.gnu.lto_.decls.652bdd54,"",%progbits
 170 0000 789CCD57 		.ascii	"x\234\315WkPTG\026\236\276=3\014\303\200\226T\231\254"
 170      6B505447 
 170      169EBE3D 
 170      330CC380 
 170      965499AC 
 171 0014 BB554BA8 		.ascii	"\273UK\250Z\326<x\273[\273\371\263\232\361Y1\331\251"
ARM GAS  C:\cygwin\tmp\ccKkRycb.s 			page 13


 171      5AD63C78 
 171      BB5BBBF9 
 171      B39AF159 
 171      31D9A9
 172 0027 197793AD 		.ascii	"\031w\223\255P\305\022\300H\311\303\222\261\212\375"
 172      50C512C0 
 172      48C9C392 
 172      B18AFD
 173 0036 77011F80 		.ascii	"w\001\037\200\250\240\250\340\213I\000a\030^B\242F\010"
 173      A8A0A8E0 
 173      8B490061 
 173      185E42A2 
 173      4608
 174 0048 4C4CC0F1 		.ascii	"LL\300\361\205\006\214\0174H0\001\224\207o\001AfOw\317"
 174      85068C0F 
 174      34483001 
 174      94876F01 
 174      41664F77 
 175 005d BD3373B9 		.ascii	"\2753s\271\331rk\377\354\2559\323}\356\371\316\327\247"
 175      D9726BFF 
 175      ECAD39D3 
 175      7DEEF9CE 
 175      D7A7
 176 006f 4F9FBEB7 		.ascii	"O\237\276\267/V(\024s\221B\341\204\3131W\241\350\346"
 176      2F562814 
 176      739142E1 
 176      84CB3157 
 176      A1E8E6
 177 0082 140A0CF7 		.ascii	"\024\012\014\367\014\012\367E\364\032\220:\220\006\305"
 177      0C0AF745 
 177      F41A903A 
 177      9006C5
 178 0091 EC8BD87C 		.ascii	"\354\213\330|]>\257\271\370\002@Z\240\377*\264\363A"
 178      5D3EAFB9 
 178      F802405A 
 178      A0FF2AB4 
 178      F341
 179 00a3 7E056205 		.ascii	"~\005b\005]C\004\372Z\2201\350O\203L\202\314\003\375"
 179      5D4304FA 
 179      5A9031E8 
 179      4F834C82 
 179      CC03FD
 180 00b6 29B481C8 		.ascii	")\264\201\310=\336\257\221\374xu/1^\004H\030\031\307"
 180      3DDEAF91 
 180      FC78752F 
 180      315E0448 
 180      1819C7
 181 00c9 83FF3EB4 		.ascii	"\203\377>\264*h\037C;\341\032\353u\220\031\350\277\000"
 181      2A681F43 
 181      3BE11AEB 
 181      759019E8 
 181      BF00
 182 00db 412E6EE9 		.ascii	"A.n\351\365\220C_\326=\271\3507\304\241\000m\020QO\355"
 182      F590435F 
 182      D63DB9E8 
 182      37C4A100 
 182      6D10514F 
ARM GAS  C:\cygwin\tmp\ccKkRycb.s 			page 14


 183 00f0 7614AB41 		.ascii	"v\024\253A\325i\225Dm\236\352\277\242|e/\017WA6?W\211"
 183      D5699544 
 183      6D9EEABF 
 183      A27C652F 
 183      0F574136 
 184 0107 0CF35125 		.ascii	"\014\363Q%Z\200\252\320\002`\265\242W\340\377#%c\332"
 184      5A80AAD0 
 184      0260B5A2 
 184      57E0FF23 
 184      2563DA
 185 011a 55307A02 		.ascii	"U0z\002a\016\221~Y\361\217W\264oU\203[\016o\237@\356"
 185      610E917E 
 185      59F18F57 
 185      B46F5583 
 185      5B0E6F9F 
 186 0130 E1AE55E4 		.ascii	"\341\256U\344g\352\202\216\360\226\206\007u'\267\341"
 186      67EA828E 
 186      F0968607 
 186      7527B7E1 
 187 0140 12DE92C5 		.ascii	"\022\336\222\305\3178\235\210\222\241j\204\221\015\275"
 187      CF389D88 
 187      92A16A84 
 187      910DBD
 188 014f 45B0A44F 		.ascii	"E\260\244O\235P\015\012\002\307\312\312\253\265*\274"
 188      9D500D0A 
 188      02C7CACA 
 188      ABB52ABC 
 189 015f 82B23FB2 		.ascii	"\202\262?\262\337\356\301\224\304r\250B\355\340\355"
 189      DFEEC194 
 189      C472A842 
 189      EDE0ED
 190 016e 4EE75FA8 		.ascii	"N\347_\250\177\255\207\177\255\340_G\375\007\277{q'"
 190      7FAD877F 
 190      ADE05F47 
 190      FD07BF7B 
 190      7127
 191 0180 007F48FD 		.ascii	"\000\177H\375/l\375\371\222\026\374\373\370\007\216"
 191      2F6CFDF9 
 191      9216FCFB 
 191      F8078E
 192 018f B27E7D61 		.ascii	"\262~}avA9\337\347t\376\226\005Q\357AR/\2204P\222\376"
 192      764139DF 
 192      E774FE96 
 192      0551EF41 
 192      522F9034 
 193 01a6 C1C12C1D 		.ascii	"\301\301,\035M\226]C\210>okz\244\243\331\312\241\304"
 193      4D965D43 
 193      883E6F6B 
 193      7AA4A3D9 
 193      CAA1C4
 194 01b9 073AAFE5 		.ascii	"\007:\257\345\252\360\036D\225\314\243\315\371>`|MK"
 194      AAF01E44 
 194      95CCA3CD 
 194      F93E607C 
 194      4D4B
 195 01cb 677EFBE0 		.ascii	"g~\373\340d\271/UIE\316!\267\332Z':\264\270\224\301"
 195      64B92F55 
ARM GAS  C:\cygwin\tmp\ccKkRycb.s 			page 15


 195      4945CE21 
 195      B7DA5A27 
 195      3AB4B894 
 196 01e0 F373FACE 		.ascii	"\363s\372\316jq\025U8\307\000_\026\200B\264\345\220"
 196      6A711555 
 196      38C7005F 
 196      168042B4 
 196      E590
 197 01f2 C107C315 		.ascii	"\301\007\303\025\375+\263\371\305\350K\244E'\304\340"
 197      FD2BB3F9 
 197      C5E84BA4 
 197      4527C4E0 
 198 0202 282FB972 		.ascii	"(/\271rx>\213\254\216\257#@!.\016:\211B\000A\261\350"
 198      783E8BAC 
 198      8EAF2340 
 198      212E0E3A 
 198      89420041 
 199 0218 73B8F905 		.ascii	"s\270\371\005\334\004\342\366\351\326\315*\244\015\221"
 199      DC04E2F6 
 199      E9D6CD2A 
 199      A40D91
 200 0227 776A9671 		.ascii	"wj\226q\242!\224Z\367\317\347y%:\005!\034w\207\000\021"
 200      A221945A 
 200      F7CFE779 
 200      253A0521 
 200      1C778700 
 201 023c 892B3B7A 		.ascii	"\211+;z\272<C\013\264\331/G\013\036Y\227G\356\314\301"
 201      BA3C430B 
 201      B4D92F47 
 201      0B1E5997 
 201      47EECCC1 
 202 0250 3759C55C 		.ascii	"7Y\305\\\357\355\263\373\341^\246\360\273\0067c<\300"
 202      EFEDB3FB 
 202      E15EA6F0 
 202      BB063763 
 202      3CC0
 203 0262 94F2BDFB 		.ascii	"\224\362\275\373jT4\3114\347\271\273\263\0075x\230\331"
 203      6A5434C9 
 203      34E7B9BB 
 203      B3073578 
 203      98D9
 204 0274 EA1BA74A 		.ascii	"\352\033\247J}\361}\246\234\357\237x\314Vc.Q\017w\264"
 204      7DF17DA6 
 204      9CEF9F78 
 204      CC56632E 
 204      510F77B4 
 205 0288 77A9F104 		.ascii	"w\251\361\004\263=\274z\374M\234\211i\277d\374B\307"
 205      B33DBC7A 
 205      FC4D9C89 
 205      69BF64FC 
 205      42C7
 206 029a 1C8A7B95 		.ascii	"\034\212{\225\362_\337u\010\343<f\233\354\034\374\002"
 206      F25FDF75 
 206      08E33C66 
 206      9BEC1CFC 
 206      02
 207 02ab E322A608 		.ascii	"\343\"\246\010{C\307\366FwUA\216\006\037f\266\306\262"
ARM GAS  C:\cygwin\tmp\ccKkRycb.s 			page 16


 207      7B43C7F6 
 207      46775541 
 207      8E061F66 
 207      B6C6B2
 208 02be 8AE3BEB4 		.ascii	"\212\343\276\264\024\026\0235o\3731\247\017\231>\357"
 208      14161335 
 208      6FFB31A7 
 208      0F993EEF 
 209 02ce 9A3E3879 		.ascii	"\232>8y\354\224\013$Qh\341\002\364:\235y\346\341\212"
 209      EC940B24 
 209      5168E102 
 209      F43A9D79 
 209      E6E18A
 210 02e1 3E3CAF80 		.ascii	"><\257\200\242-|\220\231\346\365<\240\355\024}\021\315"
 210      A22D7C90 
 210      99E6F53C 
 210      A0ED147D 
 210      11CD
 211 02f3 137C08BA 		.ascii	"\023|\010\272\223/.\010\300G\331\270U\375\235\273\375"
 211      932F2E08 
 211      C047D9B8 
 211      55FD9DBB 
 211      FD
 212 0304 694C0B89 		.ascii	"iL\013\211Z\335;\225\255\302\015\314v{\374\366i\037"
 212      5ADD3B95 
 212      ADC20DCC 
 212      767BFCF6 
 212      691F
 213 0316 6A8B20EA 		.ascii	"j\213 \352\231\212\372R5>\311lg\206\237\335C\330\316"
 213      998AFA52 
 213      353EC96C 
 213      67869FDD 
 213      43D8CE
 214 0329 944C7B6D 		.ascii	"\224L{m7\003\376\211\250\003\265\035e\001\330\301l7"
 214      3703FE89 
 214      A803B51D 
 214      6501D8C1 
 214      6C37
 215 033b 2AB7EDD1 		.ascii	"*\267\355\321\340.\357Y\352\330,\333\257m\275\253\306"
 215      E02EEF59 
 215      EAD82CDB 
 215      AF6DBDAB 
 215      C6
 216 034c 3DCCE63C 		.ascii	"=\314\346<^|\326\037\367\273Ru\254`2\200\002W\322\215"
 216      5E7CD61F 
 216      F7BB5275 
 216      AC603280 
 216      0257D28D 
 217 0360 E0C86A57 		.ascii	"\340\310jW\341\021f\033l\035\3419j3\020u\307O\2262\015"
 217      E111661B 
 217      6C1DE139 
 217      6A331075 
 217      C74F9632 
 218 0375 7EE65A8B 		.ascii	"~\346Z\213\321\201]j\014\225E\224\234\226\242\243l\264"
 218      D1815D6A 
 218      0C954594 
 218      9C96A2A3 
ARM GAS  C:\cygwin\tmp\ccKkRycb.s 			page 17


 218      6CB4
 219 0387 0F893A35 		.ascii	"\017\211:5c\275\357\217\363\230\315V\311\317\307E\254"
 219      63BDEF8F 
 219      F398CD56 
 219      C9CFC745 
 219      AC
 220 0398 DFD066CB 		.ascii	"\337\320f\313e\270\177\322\265\255\356\255\232\203\217"
 220      65B87FD2 
 220      B5ADEEAD 
 220      9A838F
 221 03a7 30DBD5F6 		.ascii	"0\333\325\366\236[\376\270\212)\007\013\272JXE\254#"
 221      9E5BFEB8 
 221      8A29070B 
 221      BA4A5845 
 221      AC23
 222 03b9 6A6145D1 		.ascii	"jaE\321V\01672[\351\316\306I\366\244\333@\367bG\347"
 222      560E3732 
 222      5BE9CEC6 
 222      49F6A4DB 
 222      40F76247 
 223 03ce 67BEF804 		.ascii	"g\276\370\004\263=\317o\352\340p3S\216}?tMK\201\031"
 223      B33DCF6F 
 223      EAE07033 
 223      538E7D3F 
 223      744D4B81 
 224 03e3 44B574B7 		.ascii	"D\265t\267Yu\270\235\331\366\266\034\332\315\"\341\251"
 224      5975B89D 
 224      D9F6B61C 
 224      DACD22E1 
 224      A9
 225 03f4 7EAF69E6 		.ascii	"~\257i\346\216\012\237\247\306\240\216'\333\233}P\260"
 225      8E0A9FA7 
 225      C6A08E27 
 225      DB9B7D50 
 225      B0
 226 0405 EB0A0C96 		.ascii	"\353\012\014\226\275B,\374\346\354\007uM\323a\326F\336"
 226      BD422CFC 
 226      E6EC0775 
 226      4DD361D6 
 226      46DE
 227 0417 BE19A316 		.ascii	"\276\031\243\026(\005\007l\261g(\320\275\203\316\322"
 227      2805076C 
 227      B16728D0 
 227      BD83CED2 
 228 0427 BA7803FE 		.ascii	"\272x\003\376\024\004o\271dS;\"(\364+)t\2417r{\255\200"
 228      14046FB9 
 228      64533B22 
 228      28F42B29 
 228      74A13772 
 229 043e 1C962247 		.ascii	"\034\226\"G$\244\223\"\351M)\364\226'\224\347-\3167"
 229      24A49322 
 229      E94D29F4 
 229      962794E7 
 229      2DCE37
 230 0451 0109658A 		.ascii	"\001\011e\212~r!\205\342E?KHs\305\361\207\244\244\203"
 230      7E722185 
 230      E2453F4B 
ARM GAS  C:\cygwin\tmp\ccKkRycb.s 			page 18


 230      4873C5F1 
 230      87A4A483 
 231 0465 145A8944 		.ascii	"\024Z\211D\326\274P\027\353])\353=\011k\216\310: \317"
 231      D6BC5017 
 231      EB5D29EB 
 231      3D096B8E 
 231      C83A20CF 
 232 0479 4AA18574 		.ascii	"J\241\205t\203\361\374b\263\002\035\003{#5\0214<\212"
 232      83F1FC62 
 232      B3021D03 
 232      7B233511 
 232      343C8A
 233 048c D00E2E04 		.ascii	"\320\016.\004\335G\301h\002d\013\027\214\266\203\344"
 233      DD47C168 
 233      02640B17 
 233      8CB683E4 
 234 049c 80E481E4 		.ascii	"\200\344\201\344\202d\201\214\201m\032\204\207~&H>\310"
 234      8264818C 
 234      816D1A84 
 234      877E2648 
 234      3EC8
 235 04ae 3690AD20 		.ascii	"6\220\255 \223p\177\006$\033\372\017\241\335\014\355"
 235      93707F06 
 235      241BFA0F 
 235      A1DD0CED 
 236 04be 38B45320 		.ascii	"8\264S N\220\027 \217@\236\202<\006y\002\362\000\344"
 236      4E901720 
 236      8F409E82 
 236      3C067902 
 236      F200E4
 237 04d1 390AA6CF 		.ascii	"9\012\246\317L:\221)1\347\275\322\211\334\226\314\371"
 237      4C3A9129 
 237      31E7BDD2 
 237      89DC96CC 
 237      F9
 238 04e2 BA086D95 		.ascii	"\272\010m\225]s!\221\000\035\023\241W\245\320k\022\326"
 238      5D732191 
 238      001D13A1 
 238      57A5D06B 
 238      12D6
 239 04f4 7C3193A3 		.ascii	"|1\223\243\362\365!\256O\226e\232\322\222gU\237|\260"
 239      F2F521AE 
 239      4F96659A 
 239      D2926755 
 239      9F7CB0
 240 0507 1E210C89 		.ascii	"\036!\014\211!\234\223/f\017\354\214\210\275#\305\366"
 240      219C932F 
 240      660FEC8C 
 240      88BD23C5 
 240      F6
 241 0518 4BB1F745 		.ascii	"K\261\367E\354u\371\251y`_\210\330\037\345y\335\005"
 241      EC75F9A9 
 241      79605F88 
 241      D81FE579 
 241      DD05
 242 052a 7D5728E8 		.ascii	"}W(\350Ni\351]\222$\354\236HzYJ\372\235\027i\226\245"
 242      4E69E95D 
ARM GAS  C:\cygwin\tmp\ccKkRycb.s 			page 19


 242      9224EC9E 
 242      487A594A 
 242      FA9D1769 
 243 0540 57CCD719 		.ascii	"W\314\327\031)\264CZ\373\023B\0007\244\001\364H\002"
 243      29B4435A 
 243      FB134200 
 243      37A401F4 
 243      4802
 244 0552 782E06F0 		.ascii	"x.\006\360\203\3746\365\310\300\015\021\333&\305\332"
 244      83FC36F5 
 244      C8C00D11 
 244      DB26C5DA 
 245 0562 25C18E8A 		.ascii	"%\301\216\212\301~/\205^\221\322\216\210\264\335\362"
 245      C17E2F85 
 245      5E91D28E 
 245      88B4DDF2 
 246 0572 5877B437 		.ascii	"Xw\2647E\350i)\364\033\011\364\007\021\332.\237.7\364"
 246      45E86929 
 246      F41B09F4 
 246      0711DA2E 
 246      9F2E37F4 
 247 0586 9608FD56 		.ascii	"\226\010\375V\236\325#\330\036\021\373\265|\016<\260"
 247      9ED523D8 
 247      1E11FBB5 
 247      7C0E3CB0 
 248 0596 C322B64B 		.ascii	"\303\"\266K~q\031\226\234\211\372.\332\324<\"\030\205"
 248      7E711996 
 248      9C89FA2E 
 248      DAD43C22 
 248      1885
 249 05a8 705C14CE 		.ascii	"p\\\024\316B\\\317\266\363\325Z\024\030\"\367\000B\273"
 249      425CCFB6 
 249      F3D55A14 
 249      1822F700 
 249      42BB
 250 05ba E0B9F3FF 		.ascii	"\340\271\363\377\362\014\242\023\331\231\242A;\271@"
 250      F20CA213 
 250      D999A241 
 250      3BB940
 251 05c9 D4E43ED8 		.ascii	"\324\344>\330\221Y\011\007\273\253c\023-*]\236\373\300"
 251      91590907 
 251      BBAB6313 
 251      2D2A5D9E 
 251      FBC0
 252 05db 48C1EEB3 		.ascii	"H\301\356\263M\001\247\243Gdh\001=\362M\311$\3063\364"
 252      4D01A7A3 
 252      47646801 
 252      3DF24DC9 
 252      24C633F4 
 253 05ef 0DA8744E 		.ascii	"\015\250tNgv\371\301\0330\220\276\345\372\276\262\235"
 253      6776F9C1 
 253      1B3090BE 
 253      E5FABEB2 
 253      9D
 254 0600 D3F11EEF 		.ascii	"\323\361\036\357\255\"\356\227\337[\2556\317\367\306"
 254      AD22EE97 
 254      DF5BAD36 
ARM GAS  C:\cygwin\tmp\ccKkRycb.s 			page 20


 254      CFF7C6
 255 060f 6C245B88 		.ascii	"l$[\210B\327\021\212$\330}~\"h\222\335\275\220\335\335"
 255      42D7118A 
 255      24D87D7E 
 255      226892DD 
 255      BD90DDDD 
 256 0623 90913D9C 		.ascii	"\220\221=\234\307l\233\351\262\001d\366\262\015\034"
 256      C76C9BE9 
 256      B20164F6 
 256      B20D1C
 257 0632 98DCE95E 		.ascii	"\230\334\351^6oV\264\037\310\376#q\333z\015\332\007"
 257      366F56B4 
 257      1FC8FE23 
 257      71DB7A0D 
 257      DA07
 258 0644 80424E4C 		.ascii	"\200BNL#\031EH\343\235\257\273j\324^i\334\347\225\306"
 258      23194548 
 258      E39DAFBB 
 258      6AD45E69 
 258      DCE795C6 
 259 0658 62571A8B 		.ascii	"bW\032\213i\032{\213\355yJ/4\3714q\243K\\\350\022\212"
 259      691A7B8B 
 259      ED794A2F 
 259      34F93471 
 259      A34B5CE8 
 260 066e 2E6D3C37 		.ascii	".m<7\254\304y*v\270\233\331\237\355\017_7v\370\304\272"
 260      ACC4792A 
 260      76B89BD9 
 260      9FED0F5F 
 260      3776F8C4 
 261 0683 BC49FCC2 		.ascii	"\274I\374\302\342(\303\001\316\375q\003}\366qs\220#"
 261      E228C301 
 261      CEFD7103 
 261      7DF67173 
 261      9023
 262 0695 1F37CD13 		.ascii	"\0377\315\023\307+\003\350\211\266\217\235\375Z\206"
 262      C72B03E8 
 262      89B68F9D 
 262      FD5A86
 263 06a4 9EB263F2 		.ascii	"\236\262c\362o\350i\335\276\345\031\207+\330\030C;\213"
 263      6FE869DD 
 263      BEE51987 
 263      2BD81843 
 263      3B8B
 264 06b6 B3FD7113 		.ascii	"\263\375q\023SN;\366\324\373\341\023L\271q\356^\245"
 264      534E3BF6 
 264      D4FBE113 
 264      4CB971EE 
 264      5EA5
 265 06c8 1AB730E5 		.ascii	"\032\2670\345h\321x\356\034\374-S\306\247F\337\306g"
 265      68D178EE 
 265      1CFC2D53 
 265      C6A746DF 
 265      C667
 266 06da 587FDF85 		.ascii	"X\177\337\205\376B\037|\221*\276[\236\333\012\375]\347"
 266      FE421F7C 
 266      912ABE5B 
ARM GAS  C:\cygwin\tmp\ccKkRycb.s 			page 21


 266      9EDB0AFD 
 266      5DE7
 267 06ec A4C09060 		.ascii	"\244\300\220`\327\201\250\352w\036\007\"\013\011\373"
 267      D781A8EA 
 267      771E0722 
 267      0B09FB
 268 06fb 176A8096 		.ascii	"\027j\200\226K\215U(\227\317\244\320Y\233\274N\304\226"
 268      4B8D5528 
 268      97CFA4D0 
 268      599BBC4E 
 268      C496
 269 070d 49B1B31E 		.ascii	"I\261\263\036\0366\021\373\251<\257\273b\255\"\264T"
 269      1E3611FB 
 269      A93CAFBB 
 269      62AD22B4 
 269      54
 270 071e 365A37B2 		.ascii	"6Z7\262^D\226K\221\036\017:\317\207\307!n\001:\314\021"
 270      5E44964B 
 270      911E0F3A 
 270      CF87C721 
 270      6E013ACC 
 271 0733 93CD5582 		.ascii	"\223\315U\2025P\202V(\301\012\220*\220\243 \265 \225"
 271      35508256 
 271      28C10A90 
 271      2A90A320 
 271      B52095
 272 0746 20D59E65 		.ascii	" \325\236eYj%\365n\233U\357tG\326Z\275w\244L2h,\260"
 272      596A25F5 
 272      6E9B55EF 
 272      7447D65A 
 272      BD77A44C 
 273 075e 3976D494 		.ascii	"9v\324\224\214k$\3174!,T\017\321\374\327\221\235L\322"
 273      8C6B24CF 
 273      34212C54 
 273      0FD1FCD7 
 273      919D4CD2 
 274 0772 A03A703A 		.ascii	"\240:p:\342\33606\217\015S66v\312\317k\013\324ym\230"
 274      E2DE3036 
 274      8F0D5336 
 274      3676CACF 
 274      6B0BD479 
 275 0788 06D71620 		.ascii	"\006\327\026 \255n]\\rlrrBlRj\222Y\275\342\375\277\005"
 275      AD6E5D5C 
 275      726C7272 
 275      426C526A 
 275      9259BDE2 
 276 079f E9151161 		.ascii	"\351\025\021aa\341\354\227\226\036\016\366\360\015i"
 276      61E1EC97 
 276      961E0EF6 
 276      F00D69
 277 07ae 1BCDE9E1 		.ascii	"\033\315\351\341\2465\357EG\261\377\345\21322\302]\236"
 277      A635EF45 
 277      47B1FFE5 
 277      8B3232C2 
 277      5D9E
 278 07c0 61F18AB9 		.ascii	"a\361\212\271\351\346\224\350\250\330\370\344\264\370"
 278      E9E694E8 
ARM GAS  C:\cygwin\tmp\ccKkRycb.s 			page 22


 278      A8D8F8E4 
 278      B4F8
 279 07ce F594     		.ascii	"\365\224"
 280 07d0 C8272125 		.ascii	"\310'!%n\025\264Q/\307\304\334\301'l\235\302\317\250"
 280      6E15B451 
 280      2FC7C4DC 
 280      C1276C9D 
 280      C2CFA8
 281 07e3 D7C7AEF9 		.ascii	"\327\307\256\371\327\206\304\245\211k5\233\222R\315"
 281      D786C4A5 
 281      896B359B 
 281      9252CD
 282 07f2 60316B63 		.ascii	"`1kcc\205\356G\361o\307l\330\230\366\311\306\270\224"
 282      6385EE47 
 282      F16FC76C 
 282      D898F6C9 
 282      C6B894
 283 0805 A0B549C9 		.ascii	"\240\265I\311\211\3511\237\304\307\207\306mL\011MMK"
 283      89E9319F 
 283      C4C787C6 
 283      6D4C094D 
 283      4D4B
 284 0817 4D0C4D8C 		.ascii	"M\014M\214\3738)tQ\354\237C\243\"\"\027\305x\335\216"
 284      FB382974 
 284      51EC9F43 
 284      A3222217 
 284      C578DD8E 
 285 082b 494A8D4F 		.ascii	"IJ\215O\336\224\220\030\223\022\027\277.)51&6!qm\334"
 285      DE949018 
 285      931217BF 
 285      2E293531 
 285      26362171 
 286 0841 A66473AC 		.ascii	"\246ds\254\031\206K\207\261\337\375\337\271\323\315"
 286      19864B87 
 286      B1DFFDDF 
 286      B9D3CD
 287 0850 09102870 		.ascii	"\011\020(pqz\243\217a\365j\375\362\025F%\371\303\372"
 287      717AA38F 
 287      61F56AFD 
 287      F2154625 
 287      F9C3FA
 288 0863 5546CD92 		.ascii	"UF\315\222\225\357D\032Mkh'J\350D\223\216\257q\231i"
 288      95EF441A 
 288      4D6B6827 
 288      4AE84493 
 288      8EAF7199 
 289 0878 99F1EFCB 		.ascii	"\231\361\357\313\226Fh\226\030\004\220\201\201D[\244"
 289      96466896 
 289      18049081 
 289      81445BA4 
 290 0888 0F2158F6 		.ascii	"\017!X\366\276\221\264Q\2566\032Z\021\021\345C\274\251"
 290      BE91B451 
 290      AE361A5A 
 290      1111E543 
 290      BCA9
 291 089a C54011A2 		.ascii	"\305@\021\242%\332\227\370\2566\220{\304[\354E\263\236"
 291      25DA97F8 
ARM GAS  C:\cygwin\tmp\ccKkRycb.s 			page 23


 291      AE36907B 
 291      C45BEC45 
 291      B39E
 292 08ac 805BE44B 		.ascii	"\200[\344K\030\\V\203\200\023\254\177P\276\263T\017"
 292      185C5683 
 292      8013AC7F 
 292      50BEB354 
 292      0F
 293 08bd 7331B96F 		.ascii	"s1\271o\375Qe2\351W\030\2650\331UQ&2\325\337{\256zb"
 293      FD516532 
 293      E95718B5 
 293      30D95551 
 293      2632D5DF 
 294 08d5 86395CFF 		.ascii	"\2069\\\377\236i\225\011\326\233-\364\332E\221\221\031"
 294      9E699509 
 294      D69B2DF4 
 294      DA459191 
 294      19
 295 08e6 8964A90D 		.ascii	"\211d\251\015\037\030\205\245^ \324\341\307q\361\353"
 295      1F1885A5 
 295      5E20D4E1 
 295      C771F1EB 
 296 08f6 376D884D 		.ascii	"7m\210MHK\211KJ\245\305\344\277|\365\022\323J\001\210"
 296      484B894B 
 296      4AA5C5E4 
 296      BF7CF512 
 296      D34A0188 
 297 090a 97E88DCA 		.ascii	"\227\350\215\312w\227\375\303\350\363W\303\032\322r"
 297      7797FDC3 
 297      E8F357C3 
 297      1AD272
 298 0919 26A30ABA 		.ascii	"&\243\012\272z\243\232\376G\376\033\3033\236\202"
 298      7AA39AFE 
 298      47FE1BC3 
 298      339E82
 299              		.text
 300              		.section	.gnu.lto_.symtab.652bdd54,"",%progbits
 301 0000 68616C5F 		.ascii	"hal_lld_init\000\000\000\000\000\000\000\000\000\000"
 301      6C6C645F 
 301      696E6974 
 301      00000000 
 301      00000000 
 302 0016 0000AC00 		.ascii	"\000\000\254\000\000\000stm32_clock_init\000\000\000"
 302      00007374 
 302      6D33325F 
 302      636C6F63 
 302      6B5F696E 
 303 002f 00000000 		.ascii	"\000\000\000\000\000\000\000\000\000\256\000\000\000"
 303      00000000 
 303      00AE0000 
 303      00
 304 003c 646D6149 		.ascii	"dmaInit\000\000\002\000\000\000\000\000\000\000\000"
 304      6E697400 
 304      00020000 
 304      00000000 
 304      0000
 305 004e 00B00000 		.ascii	"\000\260\000\000\000"
ARM GAS  C:\cygwin\tmp\ccKkRycb.s 			page 24


 305      00
 306              		.text
 307              		.section	.gnu.lto_.opts,"",%progbits
 308 0000 272D666E 		.ascii	"'-fno-trapv' '-mcpu=cortex-m4' '-mno-thumb-interwor"
 308      6F2D7472 
 308      61707627 
 308      20272D6D 
 308      6370753D 
 309 0033 6B272027 		.ascii	"k' '-mthumb' '-ggdb' '-O2' '-fomit-frame-pointer' '"
 309      2D6D7468 
 309      756D6227 
 309      20272D67 
 309      67646227 
 310 0066 2D66616C 		.ascii	"-falign-functions=16' '-ffunction-sections' '-fdata"
 310      69676E2D 
 310      66756E63 
 310      74696F6E 
 310      733D3136 
 311 0099 2D736563 		.ascii	"-sections' '-fno-common' '-flto'\000"
 311      74696F6E 
 311      73272027 
 311      2D666E6F 
 311      2D636F6D 
 312              		.text
 313              		.comm	__gnu_lto_v1,1,1
 314              		.comm	__gnu_lto_slim,1,1
 315              		.ident	"GCC: (GNU Tools for ARM Embedded Processors) 4.9.3 20141119 (release) [ARM/embedded-4_9-br
ARM GAS  C:\cygwin\tmp\ccKkRycb.s 			page 25


DEFINED SYMBOLS
                            *ABS*:00000000 hal_lld.c
                            *COM*:00000001 __gnu_lto_v1
                            *COM*:00000001 __gnu_lto_slim

NO UNDEFINED SYMBOLS
