ARM GAS  C:\cygwin\tmp\ccObxF45.s 			page 1


   1              		.syntax unified
   2              		.cpu cortex-m4
   3              		.fpu softvfp
   4              		.eabi_attribute 20, 1
   5              		.eabi_attribute 21, 1
   6              		.eabi_attribute 23, 3
   7              		.eabi_attribute 24, 1
   8              		.eabi_attribute 25, 1
   9              		.eabi_attribute 26, 1
  10              		.eabi_attribute 30, 2
  11              		.eabi_attribute 34, 1
  12              		.eabi_attribute 18, 4
  13              		.thumb
  14              		.file	"ITM_trace.c"
  15              		.text
  16              	.Ltext0:
  17              		.section	.gnu.lto_.profile.652be202,"",%progbits
  18 0000 789C6366 		.ascii	"x\234cf```a\200\000F\0065~\000\000\317\000>"
  18      60606061 
  18      80004606 
  18      357E0000 
  18      CF003E
  19              		.text
  20              		.section	.gnu.lto_.jmpfuncs.652be202,"",%progbits
  21 0000 789C6D88 		.ascii	"x\234m\210\261\015\000 \014\303\234\0268\207\367\030"
  21      B10D0020 
  21      0CC39C16 
  21      3887F718 
  22 0010 FB3AA9C4 		.ascii	"\373:\251\304H\026;N\376\333\217\023\011\224j@\204\024"
  22      48163B4E 
  22      FEDB8F13 
  22      09946A40 
  22      8414
  23 0022 4E797CB3 		.ascii	"Ny|\263\353\242\312>\254\305\005%]\002Y"
  23      EBA2CA3E 
  23      ACC50525 
  23      5D0259
  24              		.text
  25              		.section	.gnu.lto_.inline.652be202,"",%progbits
  26 0000 789C6366 		.ascii	"x\234cf\300\016\212\2414+\003\0033\023#\003\023\220"
  26      C00E8AA1 
  26      342B0303 
  26      33132303 
  26      1390
  27 0012 C9B6401E 		.ascii	"\311\266@\036D10b\21001\260\362\242\211p\003\325M\360"
  27      44313062 
  27      883031B0 
  27      F2A28970 
  27      03D54DF0 
  28 0026 6366E05A 		.ascii	"cf\340Z\306\310\310\010T\316\300\3045m+\033D\236\005"
  28      C6C8C808 
  28      54CEC0C4 
  28      356D2B1B 
  28      449E05
  29 0039 AC8011A4 		.ascii	"\254\200\021\244\200\205\201\205\031\250\223\361\005"
  29      80858185 
  29      19A893F1 
ARM GAS  C:\cygwin\tmp\ccObxF45.s 			page 2


  29      05
  30 0046 3B037B87 		.ascii	";\003{\207:X+\003\000\335u\011i"
  30      3A582B03 
  30      00DD7509 
  30      69
  31              		.text
  32              		.section	.gnu.lto_.pureconst.652be202,"",%progbits
  33 0000 789C6366 		.ascii	"x\234cf``\340f\200\000V\006\006F\006&\011fI\026)\000"
  33      6060E066 
  33      80005606 
  33      06460626 
  33      09664916 
  34 0016 02690069 		.ascii	"\002i\000i"
  35              		.text
  36              		.section	.gnu.lto_get.652be202,"",%progbits
  37 0000 789C6366 		.ascii	"x\234cf\300\004R@\374\014\210\005\201\230\221\231\201"
  37      C0045240 
  37      FC0C8805 
  37      81989199 
  37      81
  38 0011 9169C239 		.ascii	"\221i\3029\006\206F\016&FF\020\203\201\221\241\236\211"
  38      0686460E 
  38      26464610 
  38      838191A1 
  38      9E89
  39 0023 B19EF125 		.ascii	"\261\236\361%\323G&\306\235\353\276\234\345~\301\364"
  39      D34726C6 
  39      9DEBBE9C 
  39      E57EC1F4 
  40 0033 93894181 		.ascii	"\223\211A\201\001\310\3355\351\304\0146\020\227\221"
  40      01C8DD35 
  40      E9C40C36 
  40      109791
  41 0042 05C4BD3D 		.ascii	"\005\304\275=\341\377+>\365\245\015\015\015\037\232"
  41      E1FF2B3E 
  41      F5A50D0D 
  41      0D1F9A
  42 0051 CE1EE769 		.ascii	"\316\036\347i\365\370\311\304\304\360\231\211\201q9"
  42      F5F8C9C4 
  42      C4F09989 
  42      817139
  43 0060 A314E30A 		.ascii	"\243\024\343\012F\220=\214+\031\325\201*'\335\230\315"
  43      46903D8C 
  43      2B19D581 
  43      2A27DD98 
  43      CD
  44 0071 CECCCF08 		.ascii	"\316\314\317\010\322\364\376\323\205\315L\252\213\033"
  44      D2F4FED3 
  44      85CD4CAA 
  44      8B1B
  45 007f 1A9A0EEC 		.ascii	"\032\232\016\354\330\324\340\300\362\223\211\231q\025"
  45      D8D4E0C0 
  45      F2938999 
  45      7115
  46 008d 2333B236 		.ascii	"#3\2626\240\020\003\343jFU\220\362\217-\177\257s\263"
  46      A01003E3 
  46      6A465590 
ARM GAS  C:\cygwin\tmp\ccObxF45.s 			page 3


  46      F28F2D7F 
  46      AF73B3
  47 00a0 B500ED10 		.ascii	"\265\000\355\020\000\031\0154q\015#\033#\220^/t\240"
  47      00190D34 
  47      710D231B 
  47      23905E2F 
  47      74A0
  48 00b2 E1FFFFC5 		.ascii	"\341\377\377\305\363\356\350\002E\237\0001\310\361O"
  48      F3EEE802 
  48      459F0031 
  48      C8F14F
  49 00c1 810E00D2 		.ascii	"\201\016\000\322\314\367\030\033\017\334\344\005)\005"
  49      CCF7181B 
  49      0FDCE405 
  49      2905
  50 00cf 1AB1E4E2 		.ascii	"\032\261\344\342\375\213\314 W3\26100\256\005;\353\011"
  50      FD8BCC20 
  50      5733B130 
  50      30AE053B 
  50      EB09
  51 00e1 1323481D 		.ascii	"\023#H\035P\027\217g\210o|IQbr\252^2\003Sf\001\000f"
  51      50178F67 
  51      886F7C49 
  51      516272AA 
  51      5E320353 
  52 00f9 ED57FF   		.ascii	"\355W\377"
  53              		.text
  54              		.section	.gnu.lto_reads.652be202,"",%progbits
  55 0000 789C6590 		.ascii	"x\234e\220\273K\003A\020\306\347\233=\316H\002\221\200"
  55      BB4B0341 
  55      10C6E79B 
  55      3DCE4802 
  55      9180
  56 0012 16A96C42 		.ascii	"\026\251lB:\377\006[\013;[\021\015\0266\022\304R\310"
  56      3AFF065B 
  56      0B3B5B11 
  56      0D163612 
  56      C452C8
  57 0025 460EB194 		.ascii	"F\016\261\224`\021\261\021\202\370\212\321$\210\370"
  57      6011B111 
  57      82F88AD1 
  57      2488F8
  58 0034 8254C1C6 		.ascii	"\202T\301\306\027\210\271J\021#D,L\324&\205\304\331"
  58      1788B94A 
  58      1123442C 
  58      4CD42685 
  58      C4D9
  59 0046 BB46E2C2 		.ascii	"\273F\342\3020\373\315~\277Yf\024\375?Q\211q\020\015"
  59      30FBCD7E 
  59      BF596614 
  59      FD3F5189 
  59      71100D
  60 0059 488622F0 		.ascii	"H\206\"\360\3125Q:\300\200\271\020(\305H\341\215[\214"
  60      CA35513A 
  60      C080B910 
  60      28C548E1 
  60      8D5B8C
ARM GAS  C:\cygwin\tmp\ccObxF45.s 			page 4


  61 006c 93C2F755 		.ascii	"\223\302\367U\260\301m\246A\022y\232\271\314\332F\302"
  61      B0C16DA6 
  61      4112799A 
  61      B9CCDA46 
  61      C2
  62 007d 32B2F690 		.ascii	"2\262\366\220\255\365\3067\265^l\226\212\013k\253\033"
  62      ADF5C637 
  62      B55E6C96 
  62      8A0B6BAB 
  62      1B
  63 008e F2C2F4C5 		.ascii	"\362\302\364\305\204-D\261\015\363\021v\020\027k\306"
  63      842D44B1 
  63      0DF31176 
  63      10176BC6 
  64 009e 5DEF5161 		.ascii	"]\357Qa\030\352\343\363\266\314\261\234P\225\263\222"
  64      18EAE3F3 
  64      B6CCB19C 
  64      5095B392 
  65 00ae 1EB6DAAC 		.ascii	"\036\266\332\254\260\013\365\027\223\022a\0171q\027"
  65      B00BF517 
  65      9312610F 
  65      317117
  66 00bd CE9DA6AD 		.ascii	"\316\235\246\255\"\036\371\354,\273!\237t}\322B\276"
  66      221EF9EC 
  66      2CBB219F 
  66      747DD242 
  66      BE
  67 00ce 9BB408FB 		.ascii	"\233\264\010\373\036y\357\276,Y\252\337#\217.\012\325"
  67      1E79EFBE 
  67      2C59AADF 
  67      238F2E0A 
  67      D5
  68 00df B04FBEFB 		.ascii	"\260O\276\373\244t\356&E\034 f\354-\347\247\026\264"
  68      A474EE26 
  68      451C2066 
  68      EC2DE7A7 
  68      16B4
  69 00f1 1DAD759F 		.ascii	"\035\255u\237\031G\2468\204-\033\243\203HEw:\271\343"
  69      1947A638 
  69      842D1BA3 
  69      83484577 
  69      3AB9E3
  70 0104 7CD99272 		.ascii	"|\331\222r]\302\254\354UP\311\352\021\351J\271\012c"
  70      5DC2ACEC 
  70      5550C9EA 
  70      11E94AB9 
  70      0A63
  71 0116 96264FF5 		.ascii	"\226&O\365\233\273@\303[\011\241\350-\243\3160F)\204"
  71      9BBB40C3 
  71      5B09A1E8 
  71      2DA3CE30 
  71      462984
  72 0129 46C64627 		.ascii	"F\306F'\346\347&\023\323C\011\342\231$O%1\373\013>K"
  72      E6E72613 
  72      D34309E2 
  72      99244F25 
  72      31FB0B3E 
ARM GAS  C:\cygwin\tmp\ccObxF45.s 			page 5


  73 013e 811B     		.ascii	"\201\033"
  74              		.text
  75              		.section	.gnu.lto_put.652be202,"",%progbits
  76 0000 789C6590 		.ascii	"x\234e\220\273K\003A\020\306\347\233;\317@\342\203\330"
  76      BB4B0341 
  76      10C6E79B 
  76      3BCF40E2 
  76      83D8
  77 0012 5D651382 		.ascii	"]e\023\202(\376\015)\265\260\020\354E\203\205\235\210"
  77      28FE0D29 
  77      B5B010EC 
  77      4583859D 
  77      88
  78 0023 6DC84622 		.ascii	"m\310F\"h#!X\010B\032\221\370\274\210\026\306T\327\251"
  78      68232158 
  78      08421A91 
  78      F8BC8816 
  78      C654D7A9 
  79 0037 E02362A1 		.ascii	"\340#b\241`\320\302\010Q\004M\"\310!\022g\223Fpa\331"
  79      60D0C208 
  79      51044D22 
  79      C8211267 
  79      93467061 
  80 004c 9DD9EFF7 		.ascii	"\235\331\357\367\355\314\030\364\177\331\262GA\324#"
  80      EDCC18F4 
  80      7FD9B247 
  80      41D423
  81 005b 270C02A7 		.ascii	"'\014\002\247.\211\022>\006\364\205@qF\034/\\e\034;"
  81      2E89123E 
  81      06F48540 
  81      71461C2F 
  81      5C651C3B 
  82 006f 9F17FE0A 		.ascii	"\237\027\376\012{L\275$a!}\272j\351\020\246\016\357"
  82      7B4CBD24 
  82      61217DBA 
  82      6AE910A6 
  82      0EEF
  83 0081 538DD7CE 		.ascii	"S\215\327\316\360\206R\352\243vv\022X\030\362\230\251"
  83      F08652EA 
  83      A3767612 
  83      5818F298 
  83      A9
  84 0092 CE842C6C 		.ascii	"\316\204,llB\377\203-\204E\231\276[k7\272\240\241\367"
  84      6C42FF83 
  84      2D844599 
  84      BE5B6B37 
  84      BAA0A1F7 
  85 00a6 5AF19043 		.ascii	"Z\361\220C\353J\315\273\371\003\0251=6\260\015\343/"
  85      EB4ACDBB 
  85      F9031531 
  85      3D36B00D 
  85      E32F
  86 00b8 2629C20E 		.ascii	"&)\302\016B\242\316TJy\030\301&Y,.\255\240E\236;*\002"
  86      42A2CE54 
  86      4A7918C1 
  86      26592C2E 
  86      ADA0459E 
ARM GAS  C:\cygwin\tmp\ccObxF45.s 			page 6


  87 00cf 8F4DECB6 		.ascii	"\217M\354\266\310\001\033}\2323\011{\010iq5\371s\353"
  87      C8011B7D 
  87      9A33097B 
  87      08697135 
  87      F973EB
  88 00e2 B792525B 		.ascii	"\267\222R[\267.I*q`I\323\224\013\272\252\321x\312\276"
  88      B72E492A 
  88      716049D3 
  88      940BBAAA 
  88      D178CABE 
  89 00f6 F59BD2B1 		.ascii	"\365\233\322\261VSY\336u\353\317R\276\234F\011I\367"
  89      565359DE 
  89      75EBCF52 
  89      BE9C4609 
  89      49F7
  90 0108 A84303DA 		.ascii	"\250C\003\332)s\263\354p\354[-*\237\307mu\026\023\344"
  90      2973B3EC 
  90      70EC5B2D 
  90      2A9FC76D 
  90      751613E4 
  91 011c 10A32F96 		.ascii	"\020\243/\226AX\364\200\204[\200\026\213\366\261|u\355"
  91      4158F480 
  91      845B8016 
  91      8BF6B17C 
  91      75ED
  92 012e D3031247 		.ascii	"\323\003\022G\3547'P\026@L%\021\030\036\033\031\237"
  92      EC372750 
  92      16404C25 
  92      11181E1B 
  92      199F
  93 0140 9B9D884E 		.ascii	"\233\235\210N\015F\211\247g0\371\013\001\233{\014"
  93      0D4689A7 
  93      6730F90B 
  93      019B7B0C 
  94              		.text
  95              		.section	.gnu.lto_writes.652be202,"",%progbits
  96 0000 789C6553 		.ascii	"x\234eS[KTQ\024\336\337\332g\316\031g\306,A\002\353"
  96      5B4B5451 
  96      14DEDFDA 
  96      67CE1967 
  96      C62C4102 
  97 0015 21129120 		.ascii	"!\022\221 \372\015=\326CoE/A\244\365\340\213H\010=\211"
  97      FA0D3DD6 
  97      436F452F 
  97      41A4F5E0 
  97      8B48083D 
  98 002a 473D9984 		.ascii	"G=\231\204YI\201 vA\273\330e,\357\232\305\324\203\006"
  98      59498120 
  98      7641BBD8 
  98      652CEF9A 
  98      C5D48306 
  99 003e 5D2C2CB5 		.ascii	"],,\265\030\324\310\304\010\323q\242q\012\235\326\336"
  99      18D4C8C4 
  99      08D371A2 
  99      710A9DD6 
  99      DE
 100 004f DBCACB86 		.ascii	"\333\312\313\206s\331k\257\357[\337\376\326\336Rl\034"
ARM GAS  C:\cygwin\tmp\ccObxF45.s 			page 7


 100      73D96BAF 
 100      EF5BDFFE 
 100      D6DE526C 
 100      1C
 101 0060 87F89994 		.ascii	"\207\370\231\224Bl\347/\034\001\272\360Z\210r?\301g"
 101      426CE72F 
 101      1C01BAF0 
 101      5A88723F 
 101      C167
 102 0072 7E242CF3 		.ascii	"~$,\363c\231\310S\277\217d\315\240\020n\300\366\034"
 102      6399C853 
 102      BF8F64CD 
 102      A0106EC0 
 102      F61C
 103 0084 E1866C40 		.ascii	"\341\206l@\305\005D\031I\313g\243\214|\002)\036\031"
 103      C5054419 
 103      49CB67A3 
 103      8C7C0229 
 103      1E19
 104 0096 BAC0578A 		.ascii	"\272\300W\212\021z\303?^\005g(Ib\207\340i_\335\363z"
 104      117AC33F 
 104      5E056728 
 104      496287E0 
 104      695FDDF3 
 105 00ab 5B4D61A9 		.ascii	"[Ma\251\351\350H\375hZ\336\015\327\255\230_\230\035"
 105      E9E848FD 
 105      685ADE0D 
 105      D7AD985F 
 105      981D
 106 00bd 0C9DDE97 		.ascii	"\014\235\336\227$\022q\022\270\205l\334F\266boA\036"
 106      24127112 
 106      B8856CDC 
 106      46B6626F 
 106      411E
 107 00cf 67D68D35 		.ascii	"g\326\215582\003\0124\267\360\246\235r\233\030\024\351"
 107      3832030A 
 107      34B7F0A6 
 107      9D729B18 
 107      14E9
 108 00e1 6F73F75A 		.ascii	"os\367ZI\222\270\003\271\032\306!\201\273\310\345\354"
 108      4992B803 
 108      B91AC621 
 108      81BBC8E5 
 108      EC
 109 00f2 70BF376F 		.ascii	"p\2777o\313L\215\374\344U\217\205\014r\302 -\334[\217"
 109      CB4C8DFC 
 109      E4558F85 
 109      0C72C220 
 109      2DDC5B8F 
 110 0106 B404EE6B 		.ascii	"\264\004\356k\344\273\261\317U\226\314\322\310\316\307"
 110      E4BBB1CF 
 110      5596CCD2 
 110      C8CEC7
 111 0115 E1810C83 		.ascii	"\341\201\014\203\374e\220\314\274\036\311\223V\344\252"
 111      FC6590CC 
 111      BC1EC993 
 111      56E4AA
ARM GAS  C:\cygwin\tmp\ccObxF45.s 			page 8


 112 0124 F496E64B 		.ascii	"\364\226\346K\347\034\271UC\2437\023\251M9\327\031:"
 112      E71CB955 
 112      43A33713 
 112      A94D39D7 
 112      193A
 113 0136 B9D8713C 		.ascii	"\271\330q<\342]s\227S)(\202\007k\011\314`D\314[\032"
 113      E25D7397 
 113      53292882 
 113      076B09CC 
 113      6044CC5B 
 114 014b 0DDA9EEB 		.ascii	"\015\332\236\353\272\233\361\0209\312\020\366\241\015"
 114      BA9BF110 
 114      39CA10F6 
 114      A10D
 115 0159 36F8DB9A 		.ascii	"6\370\333\232\031qS\251x\367R\317\316-!h\255\246\256"
 115      197153A9 
 115      78F752CF 
 115      CE2D2168 
 115      ADA6AE
 116 016c 05F5F641 		.ascii	"\005\365\366AE\034V\343\363CY\020\320)A#ML1\0257\357"
 116      451C56E3 
 116      F3435910 
 116      D0294123 
 116      4D4C3115 
 117 0182 0B6BF51C 		.ascii	"\013k\365\0349\202\212H\254P3s\235\004o]\360\222\024"
 117      39828A48 
 117      AC503373 
 117      9D046F5D 
 117      F09214
 118 0195 DC65F911 		.ascii	"\334e\371\021\025?\317\216\037V\213\011rX\325\304\324"
 118      153FCF8E 
 118      1F568B09 
 118      7258D5C4 
 118      D4
 119 01a6 D05BBF6A 		.ascii	"\320[\277j\235\245Ev.^\235MoD\003\357\204\023\200v\265"
 119      9DA54576 
 119      2E5E9D4D 
 119      6F4403EF 
 119      84138076 
 120 01bb 0374A011 		.ascii	"\003t\240\021b\004\244`\234\324\032kz\0264{\237{\262"
 120      6204A460 
 120      9CD41A6B 
 120      7A16347B 
 120      9F7BB2
 121 01ce 6AEF1B1A 		.ascii	"j\357\033\032f\006:\225\012\277P\272\022Y+\034Wf\242"
 121      66063A95 
 121      0ABF50BA 
 121      12592B1C 
 121      5766A2
 122 01e1 3D90DBB4 		.ascii	"=\220\333\264\227\315\265\035\227\351/\337\221H\371"
 122      97CDB51D 
 122      97E92FDF 
 122      9148F9
 123 01f0 5F3E075D 		.ascii	"_>\007]\206ow6v\375c\353Vl\216\210\302\213t\247\257"
 123      866F7736 
 123      76FD63EB 
 123      566C8E88 
ARM GAS  C:\cygwin\tmp\ccObxF45.s 			page 9


 123      C28B74A7 
 124 0205 F155B1F3 		.ascii	"\361U\261\363\252\252\247\215\215\023\326\031/\320\003"
 124      AAAAA78D 
 124      8D13D619 
 124      2FD003
 125 0214 9B397AF9 		.ascii	"\2339z\371\255D\014\327\206\251\364\267[\355\372\223"
 125      AD440CD7 
 125      86A9F4B7 
 125      5BEDFA93 
 126 0224 E48F73F3 		.ascii	"\344\217s\363\3242\372P*\270D\222\322\264s\326\212s"
 126      D432FA50 
 126      2AB84492 
 126      D2B473D6 
 126      8A73
 127 0236 95F555D3 		.ascii	"\225\365U\323\247\214s\001\345\015KZ\361D\365\202\203"
 127      A78C7301 
 127      E50D4B5A 
 127      F144F582 
 127      83
 128 0247 8273EAAA 		.ascii	"\202s\352\252\276\237\221&)\230 uW\226+\207\273\240"
 128      BE9F9126 
 128      29982075 
 128      57962B87 
 128      BBA0
 129 0259 1C267389 		.ascii	"\034&s\211\360\010\377\201\272AA]\306'\370\336\251\346"
 129      F008FF81 
 129      BA41415D 
 129      C627F8DE 
 129      A9E6
 130 026b B14A1D26 		.ascii	"\261J\035&a&\232\034\342=\274\017\225\337^\300\220\323"
 130      61269A1C 
 130      E23DBC0F 
 130      95DF5EC0 
 130      90D3
 131 027d EADE71FB 		.ascii	"\352\336q\373\321o\374\236\006\022\344#~\005\254\227"
 131      D16FFC9E 
 131      0612E423 
 131      7E05AC97 
 132 028d 739806F1 		.ascii	"s\230\006\361\001\240\232!\245\307\212\236\267\271\220"
 132      01A09A21 
 132      A5C78A9E 
 132      B7B990
 133 029c AD0EC938 		.ascii	"\255\016\3118\312#\027\007V\310\324\011\231\342\022"
 133      CA231707 
 133      56C8D409 
 133      99E212
 134 02ab 9EC34CA1 		.ascii	"\236\303L\241\375\007\017\034-9y\254\340\304\236\002"
 134      FD070F1C 
 134      2D3979AC 
 134      E0C49E02 
 135 02bb 4185C594 		.ascii	"A\205\305\224_\214\"YPT\202\374?\013\206\\\375"
 135      5F8C2259 
 135      505482FC 
 135      3F0B865C 
 135      FD
 136              		.text
 137              		.section	.gnu.lto_itmObjectInit.652be202,"",%progbits
ARM GAS  C:\cygwin\tmp\ccObxF45.s 			page 10


 138 0000 789C654F 		.ascii	"x\234eO\317+\204Q\024\275\347~\237i44b\243Y\331h\224"
 138      CF2B8451 
 138      14BDE77E 
 138      9F693434 
 138      62A359D9 
 139 0016 F80B2CAC 		.ascii	"\370\013,\254\224\205\235\275$\013\013%\331N\336Ld\307"
 139      94859DBD 
 139      240B0B25 
 139      D94EDE4C 
 139      64C7
 140 0028 84F80A59 		.ascii	"\204\370\012Y\010\343\327\014\243\311\217\215o\205\015"
 140      08E3D70C 
 140      A3C98F8D 
 140      6F850D
 141 0037 524A2C58 		.ascii	"RJ,X\370\024I\371\025&M\343\336a\241\274z\335{\336="
 141      F81449F9 
 141      15264DE3 
 141      DE61A1BC 
 141      7ADD7BDE 
 142 004c EF9C732D 		.ascii	"\357\234s-\372\177Br\207@T!\025\026\201\343\307DQ?\003"
 142      FA7F4272 
 142      87405421 
 142      151681E3 
 142      C744513F 
 143 0061 DA10A89F 		.ascii	"\332\020\250\237\321\217{~f\304\335\025'\020\2367\306"
 143      D18F7B7E 
 143      66C4DD15 
 143      27109E37 
 143      C6
 144 0072 3CBD642A 		.ascii	"<\275d*\007+\263L\364\312?2XDX(\327\371\207\341b+\010"
 144      072BB34C 
 144      F4CA3F32 
 144      58445828 
 144      D7F987E1 
 145 0089 927E27F9 		.ascii	"\222~'\371v\024\270\343,\243J\341\356\350\241\343S\310"
 145      7614B8E3 
 145      2CA34AE1 
 145      EEE8A1E3 
 145      53C8
 146 009b B6C29BC9 		.ascii	"\266\302\233\311\333\203\222\3529cb\356^\3324\332Y\266"
 146      DB8392EA 
 146      396362EE 
 146      5EDA34DA 
 146      59B6
 147 00ad 9080257A 		.ascii	"\220\200%zXB\010\313\010\221<\021VP\255\364\347\201"
 147      584208CB 
 147      08913C11 
 147      5650ADF4 
 147      E781
 148 00bf DC79C037 		.ascii	"\334y\3007 \336e?\236X\205ObS\252\3345\371\374\315\302"
 148      20DE653F 
 148      9E58854F 
 148      6253AADC 
 148      35F9FCCD 
 149 00d4 F4966D4B 		.ascii	"\364\226mKh\245\223'\004M\177\313\254\325\272D\354}"
 149      68A59327 
 149      044D7FCB 
ARM GAS  C:\cygwin\tmp\ccObxF45.s 			page 11


 149      ACD5BA44 
 149      EC7D
 150 00e6 687FAA41 		.ascii	"h\177\252A\377hH\357\344\324\257I,R\351\314\347\354"
 150      FF6848EF 
 150      E4D4AF49 
 150      2C52E9CC 
 150      E7EC
 151 00f8 63E90CA6 		.ascii	"c\351\014\246\242\306\270\262\223\375\301\2145\261\327"
 151      A2C6B8B2 
 151      93FDC18C 
 151      35B1D7
 152 0107 D9F4DBD8 		.ascii	"\331\364\333\330E\260\2566\313EHb\006/\205m\221B\235"
 152      45B0AE36 
 152      CB454862 
 152      062F856D 
 152      91429D
 153 011a CC2646CE 		.ascii	"\314&F\316\266\255\310\227q\214_\3469\035\375\025/*"
 153      B6ADC897 
 153      718C5FE6 
 153      391DFD15 
 153      2F2A
 154 012c C0A591F1 		.ascii	"\300\245\221\361m\250x\\Y>\254#\202\215_\361Y/\341\004"
 154      6DA8785C 
 154      593EAC23 
 154      828D5FF1 
 154      592FE104 
 155 0140 0A026E8D 		.ascii	"\012\002n\215:\244\205(\352\233\210\320\025\242\356"
 155      3AA48528 
 155      EA9B88D0 
 155      15A2EE
 156 014f 6B93E655 		.ascii	"k\223\346UC\217\241{\210CIskK[_o{Gg}\007\331=]}\335"
 156      438FA17B 
 156      88434973 
 156      6B4B5B5F 
 156      6F7B4767 
 157 016a DFC98593 		.ascii	"\337\311\205\223\305"
 157      C5
 158              		.text
 159              		.section	.gnu.lto_.symbol_nodes.652be202,"",%progbits
 160 0000 789C55CA 		.ascii	"x\234U\312\273\015\2000\020\003P\307GP\0126a\310\013"
 160      BB0D8030 
 160      100350C7 
 160      47500A36 
 160      61C80B
 161 0013 04244A06 		.ascii	"\004$J\006@(\005\005\3230\003\0330\001\237H@\0217\226"
 161      40280505 
 161      D330031B 
 161      30019F48 
 161      40113796 
 162 0027 9E2D0002 		.ascii	"\236-\000\002\276\320S\201q\003T1\255C\005\266T\223"
 162      BED05381 
 162      71035431 
 162      AD4305B6 
 162      5493
 163 0039 CB6D94B9 		.ascii	"\313m\224\2714T\311\245\243\026\277\314\321\301\006"
 163      3454C9A5 
 163      A316BFCC 
ARM GAS  C:\cygwin\tmp\ccObxF45.s 			page 12


 163      D1C106
 164 0048 22A697E9 		.ascii	"\"\246\227\351\251\366\035\340\275\203\260\304\262_"
 164      A9F61DE0 
 164      BD83B0C4 
 164      B25F
 165 0056 4624F579 		.ascii	"F$\365y\324x\000\327\244%\213"
 165      D47800D7 
 165      A4258B
 166              		.text
 167              		.section	.gnu.lto_.refs.652be202,"",%progbits
 168 0000 789C6366 		.ascii	"x\234cf``\020`\200\000F\026&VF\026V&f&F&&&\006\006\000"
 168      60601060 
 168      80004616 
 168      26564616 
 168      56266626 
 169 001b 03590038 		.ascii	"\003Y\0008"
 170              		.text
 171              		.section	.gnu.lto_.decls.652be202,"",%progbits
 172 0000 789CA556 		.ascii	"x\234\245V}LTW\026\177\347\335\371\200q\004\023Rl\370"
 172      7D4C5457 
 172      167FE7DD 
 172      F9807104 
 172      13526CF8 
 173 0014 67894DC8 		.ascii	"g\211M\310\266\021p\255i\266\375\247m\330\2446\033V"
 173      B61170AD 
 173      69B6FDA7 
 173      6DD8A436 
 173      1B56
 174 0026 B7DB36D9 		.ascii	"\267\3336\331\224d\212\303\024\246\221\217\314<\266"
 174      94648AC3 
 174      14A6918F 
 174      CC3CB6
 175 0035 B689ED73 		.ascii	"\266\211\355s\240\026\011\326\002\332\012\025\205\225"
 175      A01609D6 
 175      02DA0A15 
 175      8595
 176 0043 6A1517A8 		.ascii	"j\025\027\250\345[h\007\260\212\002\202BE\264\325A\254"
 176      E55B6807 
 176      B08A0282 
 176      4245B4D5 
 176      41AC
 177 0055 14D1F221 		.ascii	"\024\321\362!\025P`\366\334\373\336\233\231\247\217"
 177      155060F6 
 177      DCFBDE9B 
 177      99A78F
 178 0064 369B7D99 		.ascii	"6\233}\231;s\357=\347w\356\357|\334\363\206p\034\227"
 178      3B73EF3D 
 178      E777EEEF 
 178      7CDCF386 
 178      701C97
 179 0077 071CE7C5 		.ascii	"\007\034\347\305g\205\231\343&qn\300\275\215\234\377"
 179      678599E3 
 179      26716EC0 
 179      BD8D9CFF 
 180 0087 A1EB061C 		.ascii	"\241\353\006\034]8\316\343\030\3041C\005\300>\234\001"
 180      5D38CEE3 
 180      18C43143 
ARM GAS  C:\cygwin\tmp\ccObxF45.s 			page 13


 180      05C03E9C 
 180      01
 181 0098 38D54375 		.ascii	"8\325Cuu8Bp\240I\256\006\307\006Y\006\262\374\341\207"
 181      75384270 
 181      A049AE06 
 181      C7065906 
 181      B2FCE187 
 182 00ac DAD60760 		.ascii	"\332\326\007`\232e\314\251\000\\\227\006\216\3621j\234"
 182      9A65CCA9 
 182      005C9706 
 182      8EF2316A 
 182      9C
 183 00bd 7592EE23 		.ascii	"u\222\356#hQ\326\343e]\016\036\265A\3751i\234\335\207"
 183      6851D6E3 
 183      655D0E1E 
 183      B541FD31 
 183      699CDD87 
 184 00d1 231CC705 		.ascii	"#\034\307\005\015{D\306-esF\346\2651\300\356]\034S8"
 184      0D7B44C6 
 184      2D657346 
 184      E6B531C0 
 184      EE5D1C53 
 185 00e6 6EE31893 		.ascii	"n\343\030\223a\343\362\357\014\247\035\313I\036\032"
 185      61E3F2EF 
 185      0CA71DCB 
 185      491E1A
 186 00f5 2BA7BB97 		.ascii	"+\247\273\227\375\314C\210)\222.\233\012:\366\032pi"
 186      FDCC4388 
 186      29922E9B 
 186      0A3AF61A 
 186      7069
 187 0107 36E9E8B2 		.ascii	"6\351\350\262\346\324\265\356\345\204\007:?\270w\250"
 187      E6D4B5EE 
 187      E584073A 
 187      3FB877A8 
 188 0117 DFB4FAA8 		.ascii	"\337\264\372\250(\2129\242\333\015~\023'F\\\203F\022"
 188      288A39A2 
 188      DB0D7E13 
 188      27465C83 
 188      4612
 189 0129 CA94666F 		.ascii	"\312\224fo\215\334\006\262\222\315+\177l\177\007M\031"
 189      8DDC06B2 
 189      92CD2B7F 
 189      6C7F074D 
 189      19
 190 013a 4C081167 		.ascii	"L\010\021gi\015\300\007\270}\246\257\247W\317\366\351"
 190      690DC007 
 190      B87DA6AF 
 190      A757CFF6 
 190      E9
 191 014b 961135F9 		.ascii	"\226\0215\371\271\223\015U\0060E\345P\315O\262\304\340"
 191      B9930D55 
 191      063045E5 
 191      50CD4FB2 
 191      C4E0
 192 015d 8E100E0E 		.ascii	"\216\020\016\016C\004|\011\021\034TC\024*\303QX\315"
 192      43047C09 
ARM GAS  C:\cygwin\tmp\ccObxF45.s 			page 14


 192      111C5443 
 192      142AC351 
 192      58CD
 193 016f C17F70B3 		.ascii	"\301\177p\263\0227\313Qq\342\314\342\020\210\242\016"
 193      1237CB51 
 193      71E2CCE2 
 193      1088A20E 
 194 017f AAC004C7 		.ascii	"\252\300\004\307\2000\015t\324`R\250\361\203\265eM!"
 194      80300D74 
 194      D46052A8 
 194      F183B565 
 194      4D21
 195 0191 106562EA 		.ascii	"\020eb\352\013Y\003\217Q\365\343\250^\341WG\264\244"
 195      0B59038F 
 195      51F5E3A8 
 195      5EE15747 
 195      B4A4
 196 01a3 AF7DFA57 		.ascii	"\257}\372W\032\247\243\345\177_\030\316\005\305r\321"
 196      1AA7A3E5 
 196      7F5F18CE 
 196      05C572D1 
 197 01b3 E191942C 		.ascii	"\341\221\224,\361\005\250A\313G\374\226\217\377\266"
 197      F105A841 
 197      CB47FC96 
 197      8FFFB6
 198 01c2 E5AF352D 		.ascii	"\345\2575-C[O\303\247\240\303\222\202\015fx\203\245"
 198      435B4FC3 
 198      A7A0C392 
 198      820D6678 
 198      83A5
 199 01d4 A1F6DBA2 		.ascii	"\241\366\333\242\241\240\225{d++t\354 \305\016\007u"
 199      A1A0957B 
 199      642B2B74 
 199      EC20C50E 
 199      0775
 200 01e6 B012BF6B 		.ascii	"\260\022\277kA'\345#\277f\344#\023Y\004\226\204\252"
 200      4127E523 
 200      BF66E423 
 200      13590496 
 200      84AA
 201 01f8 8AC19BE6 		.ascii	"\212\301\233\346\310\375bo\365D\356\216\342\320\"\261"
 201      C8FD626F 
 201      F544EE8E 
 201      E2D022B1 
 202 0208 D4252E62 		.ascii	"\324%.b&\030\012\352}d9:gd\241\001\"\021\330|\350+="
 202      26180AEA 
 202      7D64393A 
 202      6764A101 
 202      2211D87C 
 203 021f D925A57E 		.ascii	"\331%\245~\333\241\023yFL\331z\023;\340\332\347s\345"
 203      DBA11379 
 203      464CD97A 
 203      133BE0DA 
 203      E773E5
 204 0232 C16C4933 		.ascii	"\301lI3\030J\303\321S\361\365\220Y\312\240\353QO[\320"
 204      184AC3D1 
 204      53F1F590 
ARM GAS  C:\cygwin\tmp\ccObxF45.s 			page 15


 204      59CAA0EB 
 204      514F5BD0 
 205 0246 D3F5B2A7 		.ascii	"\323\365\262\247M\270yB\311`\345\216\261w]\030\270f"
 205      4DB87942 
 205      C960E58E 
 205      B1775D18 
 205      B866
 206 0258 F4A7D11F 		.ascii	"\364\247\321\037\270\365\276\014\302g\347/\325\353\310"
 206      B8F5BE0C 
 206      C267E72F 
 206      D5EBC8
 207 0267 84C423F7 		.ascii	"\204\304#\367\312\221.#\231U\223\012\227H}\334Y\334"
 207      CA912E23 
 207      9955930A 
 207      97487DDC 
 207      59DC
 208 0279 4AD8D24B 		.ascii	"J\330\322K\305|\301\360\364\027\2400\232(\020\311\343"
 208      C57CC1F0 
 208      F417A030 
 208      9A2810C9 
 208      E3
 209 028a 1CAC8E80 		.ascii	"\034\254\216\200'\221N;\322\011\227\351\270\221N\253"
 209      27914E3B 
 209      D20997E9 
 209      B8914EAB 
 210 029a AFA0EE7B 		.ascii	"\257\240\356{XA\265!\235o\375t\302\375\005\345\031\370"
 210      5841B521 
 210      9D6FFD74 
 210      C2FD05E5 
 210      19F8
 211 02ac E2EFDA46 		.ascii	"\342\357\332F\277[\312\350\302\301NVv'\321\3507~\243"
 211      BF5BCAE8 
 211      C2C14E56 
 211      7627D1E8 
 211      377EA3
 212 02bf 6DE077F2 		.ascii	"m\340w\362\312\017y\273\301\234\353\217\035S\366'\370"
 212      CA0F79BB 
 212      C19CEB8F 
 212      1D53F627 
 212      F8
 213 02d0 149865CD 		.ascii	"\024\230e\315\333se\343fV\0344dRu\270r\246\346\202\330"
 213      DB7365E3 
 213      66561C34 
 213      645275B8 
 213      72A6E682 
 214 02e5 1EEAC169 		.ascii	"\036\352\301i`\233\203\205\343\263F\245\212:\244\275"
 214      609B8385 
 214      E3B346A5 
 214      8A3AA4BD 
 215 02f5 1BE57D9D 		.ascii	"\033\345}\235\346\3002jV\235r\226\225\321\031\245\214"
 215      E6C0326A 
 215      569D7296 
 215      95D119A5 
 215      8C
 216 0306 460F0DB4 		.ascii	"F\017\015\264,#.\302\202}\272\275\372\"\310e4z}K~\226"
 216      2C232EC2 
 216      827DBABD 
ARM GAS  C:\cygwin\tmp\ccObxF45.s 			page 16


 216      FA22C865 
 216      347A7D4B 
 217 031c 582E7ABC 		.ascii	"X.z\274\336?0\024t\006\224Q\247RF]\254\214\366O\025"
 217      DE3F3014 
 217      74069451 
 217      A752465D 
 217      AC8CF64F 
 218 0331 7F2C913B 		.ascii	"\177,\221;\351#\274\275\356\334M_\205wK\334Jw\037\273"
 218      E923BCBD 
 218      EEDC4D5F 
 218      85774BDC 
 218      4A771FBB 
 219 0345 C82F5DE2 		.ascii	"\310/]\342=\214\3339\205[qk~u(\311\221\270\335\032:"
 219      3D8CDB39 
 219      855B716B 
 219      7E7528C9 
 219      91B8DD1A 
 220 035a 57CB2337 		.ascii	"W\313#7w\265\247\2479\311\235-\316{\275YA\014\003\275"
 220      77B5A7A7 
 220      39C99D2D 
 220      CE7BBD59 
 220      410C03BD 
 221 036e 01CC7A15 		.ascii	"\001\314z\025f\347\031\263]}\035\215z\223\234\311\234"
 221      66E719B3 
 221      5D7D1D8D 
 221      7A939CC9 
 221      9C
 222 037f DFC924EA 		.ascii	"\337\311$\352\017\327\036<\022\242J\322\005\025\305"
 222      0FD71E3C 
 222      12A24AD2 
 222      0515C5
 223 038e BEDF4C52 		.ascii	"\276\337LR\345\316\321mR>P\017\372%\247\233\273\312"
 223      E5CED16D 
 223      523E500F 
 223      FA25A79B 
 223      BBCA
 224 03a0 76F992F4 		.ascii	"v\371\222\364\275\264W\330z\331\025\262t\222\006X ."
 224      BDB457D8 
 224      7AD915B2 
 224      74920658 
 224      202E
 225 03b2 2A8138F6 		.ascii	"*\2018\366I\375=#\311\223\002Q\345r\267\203\024\210"
 225      49FD3D23 
 225      C9930251 
 225      E572B783 
 225      1488
 226 03c4 F16FE440 		.ascii	"\361o\344@\020\006\201K\001q\270\244\304a\220\305a\246"
 226      1006814B 
 226      0171B8A4 
 226      C46190C5 
 226      61A6
 227 03d6 B6EA7D52 		.ascii	"\266\352}R(Y\330\323\274\257 \230\275\015D\266\356\274"
 227      2859D8D3 
 227      BCAF2098 
 227      BD0D44B6 
 227      EEBC
 228 03e8 3E7BD7CC 		.ascii	">{\327\314^\007+\350ro^\343\001#)\221t\033\333\027\016"
ARM GAS  C:\cygwin\tmp\ccObxF45.s 			page 17


 228      5E072BE8 
 228      726F5EE3 
 228      01232991 
 228      741BDB17 
 229 03fd 04ABE241 		.ascii	"\004\253\342A\017\3623\275\352\213G\377\205q\221\220"
 229      0FF233BD 
 229      EA8B47FF 
 229      85719190 
 230 040d A312ACB2 		.ascii	"\243\022\254\262\275\244\300\254\202\235U\301<>X^\371"
 230      BDA4C0AC 
 230      829D55C1 
 230      3C3E585E 
 230      F9
 231 041e BEB165A4 		.ascii	"\276\261e\244Z\202\271\206\026\373\364*X\217\012v\335"
 231      5A82B986 
 231      16FBF42A 
 231      588F0A76 
 231      DD
 232 042f 072BDFF3 		.ascii	"\007+\337\363\3511=\343\034D\227\227\276\273r T\005"
 232      E9313DE3 
 232      1C449797 
 232      BEBB7220 
 232      5405
 233 0441 AC53016F 		.ascii	"\254S\001o`:\244\310L\362\206\035\371\323\361\260\012"
 233      603AA4C8 
 233      4CF2861D 
 233      F9D3F1B0 
 233      0A
 234 0452 9FB0A852 		.ascii	"\237\260\250RDL\334\2713\000\3302\333\200\332g\3054"
 234      444CDCB9 
 234      3300D832 
 234      DB80DA67 
 234      C534
 235 0464 0A61FEBE 		.ascii	"\012a\376\2766\314,<\205_\034U\027Q\22570\213\365\332"
 235      36CC2C3C 
 235      855F1C55 
 235      17519537 
 235      308BF5DA 
 236 0478 AA87E121 		.ascii	"\252\207\341!]\364\026\206\036\326\375\243\246*\306"
 236      5DF41686 
 236      1ED6FDA3 
 236      A62AC6
 237 0487 13AE69AA 		.ascii	"\023\256i\2522\002\371\254bD\361\005\201\203+(\376\201"
 237      3202F9AC 
 237      6244F105 
 237      81832B28 
 237      FE81
 238 0499 8A7F94F5 		.ascii	"\212\177\224\365\321A\270\205e\3753\254\202\021\034"
 238      D141B885 
 238      65FD33AC 
 238      82111C
 239 04a8 3FE1B809 		.ascii	"?\341\270\011\253X\031\320&\345\271\272&\210*rJ\221"
 239      AB5819D0 
 239      26E5B9BA 
 239      26882A72 
 239      4A91
 240 04ba F85AD3DD 		.ascii	"\370Z\323\335\233\3355\2060\331x\351R\3069M\313\264"
ARM GAS  C:\cygwin\tmp\ccObxF45.s 			page 18


 240      9BDD3586 
 240      30D978E9 
 240      52C6394D 
 240      CBB4
 241 04cc C25BB2B7 		.ascii	"\302[\262\267\021U\364\307\002\350sp\333\227\266\212"
 241      1155F4C7 
 241      02E87370 
 241      DB97B68A 
 242 04dc B29DD796 		.ascii	"\262\235\327\226\2236\226m\362\271\247x\207\021\302"
 242      9336966D 
 242      F2B9A778 
 242      8711C2
 243 04eb 5645E5CB 		.ascii	"VE\345\313\367\200\036\354G\375\"\2734\201.\215\313"
 243      F7801EEC 
 243      47FD22BB 
 243      34812E8D 
 243      CB
 244 04fc 87D14879 		.ascii	"\207\321Hy\036\314c\331\023j\025\356 \273_\264C\305"
 244      1ECC63D9 
 244      136A15EE 
 244      20BB5FB4 
 244      43C5
 245 050e 3C9E5B1B 		.ascii	"<\236[\033D\345\217x\314\337\330\275\330\031\004QaL"
 245      44E58F78 
 245      CCDFD8BD 
 245      D8190451 
 245      614C
 246 0520 6B410730 		.ascii	"kA\0070\205V.\373\0337\005\261G\213\033L\"%-z\350aW"
 246      85562EFB 
 246      1B3705B1 
 246      478B1B4C 
 246      22252D7A 
 247 0537 E5D56EA3 		.ascii	"\345\325n\243*\026S\252X\334\3657\220\254\373\307\245"
 247      2A1653AA 
 247      58DCF537 
 247      90ACFBC7 
 247      A5
 248 0548 A6897B72 		.ascii	"\246\211{r\003\351\236\336\231m\012\354\013\033\303"
 248      03E99EDE 
 248      996D0AEC 
 248      0B1BC3
 249 0557 03B0BFB2 		.ascii	"\003\260\277\262\2660\255\264\205\326\301\334&\0039"
 249      B630ADB4 
 249      85D6C1DC 
 249      260339
 250 0566 255D9DBE 		.ascii	"%]\235\276\221\323\263!\330\026Ji\357\036[\023\360\027"
 250      91D3B321 
 250      D8164A69 
 250      EF1E5B13 
 250      F017
 251 0578 0051702F 		.ascii	"\000Qp/\2403\334S:\303\014\353\014\035\025%o\222~fD"
 251      A033DC53 
 251      3AC30CEB 
 251      0C1D1525 
 251      6F927E66 
 252 058d 37BCAFBA 		.ascii	"7\274\257\272.\024\242\"\"\330?\236\034|g\317c_\232"
 252      2E14A222 
ARM GAS  C:\cygwin\tmp\ccObxF45.s 			page 19


 252      22D83F9E 
 252      1C7C67CF 
 252      635F9A
 253 05a0 9501D2B3 		.ascii	"\225\001\322\263\027\367g\237\247\002\234\006\261_\215"
 253      17F7679F 
 253      A7029C06 
 253      B15F8D
 254 05af 17E51C46 		.ascii	"\027\345\034F\205\2128x\200\364\357K\315u\324]\322\033"
 254      858A3878 
 254      80F4EF4B 
 254      CD75D45D 
 254      D21B
 255 05c1 CC3C9EF7 		.ascii	"\314<\236\367\265Lo\341\271\026\335\222\036/2\217\027"
 255      B54C6FE1 
 255      B916DD92 
 255      1E2F328F 
 255      17
 256 05d2 148F1BF3 		.ascii	"\024\217\033\363\217\327\0232(y\374Y\313\370i\372F\360"
 256      8FD71332 
 256      2879FC59 
 256      CBF869FA 
 256      46F0
 257 05e4 889EB34D 		.ascii	"\210\236\263MImJ#D\010x\003\334\365*\356\212<u\267\252"
 257      496D4A23 
 257      44087803 
 257      DCF52AEE 
 257      8A3C75B7 
 258 05f9 A8AF1EB6 		.ascii	"\250\257\036\266>@'<\373\016\206\263\373\206\035\222"
 258      3E40273C 
 258      FB0E86B3 
 258      FB861D92 
 259 0609 59AFBEFE 		.ascii	"Y\257\276\376S](\023\271\355\354\316v\311\202{Y\205"
 259      535D2813 
 259      B9EDECCE 
 259      76C9827B 
 259      5985
 260 061b FB8924D8 		.ascii	"\373\211$\330\302z\304yY\320\235=\267]/\011\266\262"
 260      C27AC479 
 260      59D09D3D 
 260      B75D2F09 
 260      B6B2
 261 062d 8ED0200B 		.ascii	"\216\320 \013\346K\316\034\326=S#\346\224F\262\273@"
 261      E64BCE1C 
 261      D63D5323 
 261      E69446B2 
 261      BB40
 262 063f 2FCE367E 		.ascii	"/\3166~+\273<.\374\245\027(\013\177\361\022A6\277\225"
 262      2BBB3C2E 
 262      FCA51728 
 262      0B7FF112 
 262      4136BF95 
 263 0653 422EEF9A 		.ascii	"B.\357\232,2=Q&\366\226\272\317\342\277\245l\221\245"
 263      2C323D51 
 263      26F696BA 
 263      CFE2BFA5 
 263      6C91A5
 264 0666 8FA1EF48 		.ascii	"\217\241\357H\356\370.%Gw\360\373C\376\031\016\266\363"
ARM GAS  C:\cygwin\tmp\ccObxF45.s 			page 20


 264      EEF82E25 
 264      4777F0FB 
 264      43FE190E 
 264      B6F3
 265 0678 4F20DAB3 		.ascii	"O \332\263\360}\3772U\331-\252\032\340G<+;\366\253O"
 265      F07DFF32 
 265      55D92DAA 
 265      1AE0473C 
 265      2B3BF6AB 
 266 068d 75265B04 		.ascii	"u&[\004\303K\177{-2\2163\332\323\204\247\327Z\204`\213"
 266      C34B7F7B 
 266      2D328E33 
 266      DAD384A7 
 266      D75A8460 
 267 06a2 459EBD61 		.ascii	"E\236\275a}.!\303\221\236\354HL\215|\313\276\331\346"
 267      7D2E21C3 
 267      919EEC48 
 267      4C8D7CCB 
 267      BED9E6
 268 06b5 4C48B65A 		.ascii	"LH\266Z\243\023\035\251\321i\351i\266h[\342&{\364:\313"
 268      A3131DA9 
 268      D169E969 
 268      B6685BE2 
 268      267BF43A 
 269 06ca B3D16BD7 		.ascii	"\263\321k\327\374i]\202j;\301\236f\335\234\231dKHM\264"
 269      FC695D82 
 269      6A3BC19E 
 269      66DD9C99 
 269      644B484D 
 270 06df A6D8D36C 		.ascii	"\246\330\323l\011\226$\333[\211\231\233\005\213\360"
 270      099624DB 
 270      5B89999B 
 270      058BF0
 271 06ee 6E86CD19 		.ascii	"n\206\315\031\223\302\375\365\377\267\355\024\222\220"
 271      93C2FDF5 
 271      FFB7ED14 
 271      9290
 272 06fc 28DA5A17 		.ascii	"(\332Z\027\023\023+}\322\235\261\016!6#\335!8c_|%>."
 272      13132B7D 
 272      D29DB10E 
 272      213623DD 
 272      2138635F 
 273 0714 7E4BAC35 		.ascii	"~K\2545=5\003\355;\234\261/\305\305\305ZS\024\002$\331"
 273      3D3503ED 
 273      3B9CB12F 
 273      C5C5C55A 
 273      53140224 
 274 0729 26985F7E 		.ascii	"&\230_~5\336\"8\022\255\266\030+gp\332\337\263Y\204"
 274      35DE2238 
 274      12ADB618 
 274      2B6770DA 
 274      DFB35984 
 275 073d 7FFE2FC4 		.ascii	"\177\376/\3046\3337Q\361C\004\327\305<\033\363t Mt\036"
 275      36DB3751 
 275      F14304D7 
 275      C53C1BF3 
 275      74204D74 
ARM GAS  C:\cygwin\tmp\ccObxF45.s 			page 21


 276 0752 4F346622 		.ascii	"O4f\"\335?\263\000\3133\275\303\226\230\344$\031\231"
 276      DD3FB300 
 276      CB33BDC3 
 276      9698E424 
 276      1999
 277 0764 82E11D87 		.ascii	"\202\341\035\207]\2609\203\221\320?\004\334M5\373f\257"
 277      5DB03983 
 277      91D03F04 
 277      DC4D35FB 
 277      66AF
 278 0776 C7BFAA67 		.ascii	"\307\277\252gR\035\325\016\240\214>\374+UXn\027R7lz"
 278      521DD50E 
 278      A08C3EFC 
 278      2B55586E 
 278      1752376C 
 279 078b DB66155E 		.ascii	"\333f\025^N\263\013:kJ\242\343\361\277\3306e&[P\223"
 279      4EB30B3A 
 279      6B4AA2E3 
 279      F1BFD836 
 279      65265B50 
 280 07a0 4D36640A 		.ascii	"M6d\012xB\034\012\376\013N\377e\027"
 280      78421C0A 
 280      FE0B4EFF 
 280      6517
 281              		.text
 282              		.section	.gnu.lto_.symtab.652be202,"",%progbits
 283 0000 69746D4F 		.ascii	"itmObjectInit\000\000\000\000\000\000\000\000\000\000"
 283      626A6563 
 283      74496E69 
 283      74000000 
 283      00000000 
 284 0017 0000F700 		.ascii	"\000\000\367\000\000\000Debug_ITMDebugOutputChar\000"
 284      00004465 
 284      6275675F 
 284      49544D44 
 284      65627567 
 285 0036 00020000 		.ascii	"\000\002\000\000\000\000\000\000\000\000\000\000\001"
 285      00000000 
 285      00000000 
 285      01
 286 0043 0000     		.ascii	"\000\000"
 287              		.text
 288              		.section	.gnu.lto_.opts,"",%progbits
 289 0000 272D666E 		.ascii	"'-fno-trapv' '-mcpu=cortex-m4' '-mno-thumb-interwor"
 289      6F2D7472 
 289      61707627 
 289      20272D6D 
 289      6370753D 
 290 0033 6B272027 		.ascii	"k' '-mthumb' '-ggdb' '-O2' '-fomit-frame-pointer' '"
 290      2D6D7468 
 290      756D6227 
 290      20272D67 
 290      67646227 
 291 0066 2D66616C 		.ascii	"-falign-functions=16' '-ffunction-sections' '-fdata"
 291      69676E2D 
 291      66756E63 
 291      74696F6E 
ARM GAS  C:\cygwin\tmp\ccObxF45.s 			page 22


 291      733D3136 
 292 0099 2D736563 		.ascii	"-sections' '-fno-common' '-flto'\000"
 292      74696F6E 
 292      73272027 
 292      2D666E6F 
 292      2D636F6D 
 293              		.text
 294              		.comm	__gnu_lto_v1,1,1
 295              		.comm	__gnu_lto_slim,1,1
 296              		.ident	"GCC: (GNU Tools for ARM Embedded Processors) 4.9.3 20141119 (release) [ARM/embedded-4_9-br
ARM GAS  C:\cygwin\tmp\ccObxF45.s 			page 23


DEFINED SYMBOLS
                            *ABS*:00000000 ITM_trace.c
                            *COM*:00000001 __gnu_lto_v1
                            *COM*:00000001 __gnu_lto_slim

NO UNDEFINED SYMBOLS
