ARM GAS  C:\cygwin\tmp\ccgFPrlh.s 			page 1


   1              		.syntax unified
   2              		.cpu cortex-m4
   3              		.fpu softvfp
   4              		.eabi_attribute 20, 1
   5              		.eabi_attribute 21, 1
   6              		.eabi_attribute 23, 3
   7              		.eabi_attribute 24, 1
   8              		.eabi_attribute 25, 1
   9              		.eabi_attribute 26, 1
  10              		.eabi_attribute 30, 2
  11              		.eabi_attribute 34, 1
  12              		.eabi_attribute 18, 4
  13              		.thumb
  14              		.file	"mbcrc.c"
  15              		.text
  16              	.Ltext0:
  17              		.section	.gnu.lto_.profile.652bfc13,"",%progbits
  18 0000 789C6366 		.ascii	"x\234cf```a\200\000F\006^\036\000\000\232\000\""
  18      60606061 
  18      80004606 
  18      5E1E0000 
  18      9A0022
  19              		.text
  20              		.section	.gnu.lto_.jmpfuncs.652bfc13,"",%progbits
  21 0000 789C6366 		.ascii	"x\234cf\300\0168\2414#\003\023##s}=\003\000\003\346"
  21      C00E38A1 
  21      34230313 
  21      2323737D 
  21      3D030003 
  22 0015 0113     		.ascii	"\001\023"
  23              		.text
  24              		.section	.gnu.lto_.inline.652bfc13,"",%progbits
  25 0000 789C6366 		.ascii	"x\234cf\300\016d\2404#\003\003\337#\006F ```\022\373"
  25      C00E64A0 
  25      34230303 
  25      DF230646 
  25      20606060 
  26 0016 779B9B81 		.ascii	"w\233\233\201m\201<\023\003\013H\016\000=\303\003\334"
  26      6D813C13 
  26      030B480E 
  26      003DC303 
  26      DC
  27              		.text
  28              		.section	.gnu.lto_.pureconst.652bfc13,"",%progbits
  29 0000 789C6366 		.ascii	"x\234cf```f\200\000F\006V\000\000e\000\015"
  29      60606066 
  29      80004606 
  29      56000065 
  29      000D
  30              		.text
  31              		.section	.gnu.lto_usMBCRC16.652bfc13,"",%progbits
  32 0000 789C6D54 		.ascii	"x\234mT\335OTW\020?s\316\375bw\331]A|\240IkC\210\266"
  32      DD4F5457 
  32      103F73CE 
  32      FD6277D9 
  32      5D417CA0 
  33 0019 31D2F4A9 		.ascii	"1\322\364\251I_HLHM\364\245\375\013t\335\007M\320\006"
ARM GAS  C:\cygwin\tmp\ccgFPrlh.s 			page 2


  33      495F484C 
  33      484DF4A5 
  33      FD0B74DD 
  33      074DD006 
  34 002d BB892FC6 		.ascii	"\273\211/\306\013\254hZ\022\251Q\263-\365\243A\253("
  34      0BAC685A 
  34      12A951B3 
  34      2DF5A341 
  34      AB28
  35 003f 0A2B6E97 		.ascii	"\012+n\227\257\342\3326-\015\205\326O\224R1\024HI\250"
  35      AFE2DA36 
  35      2D0D85D6 
  35      4F945231 
  35      144849A8 
  36 0053 D5405D37 		.ascii	"\325@]7\305lg\346\\(M\331\344\236{g\316\374~\363;3s"
  36      C56C67E6 
  36      5C284DD9 
  36      E49E7B67 
  36      CEFC7EF3 
  37 006a 5689FFFF 		.ascii	"V\211\377\3776\343\323f\012Q\205o\260\004\310\246a!"
  37      36E3D366 
  37      0A51856F 
  37      B004C8A6 
  37      6121
  38 007c 6A1D0986 		.ascii	"j\035\011\206\376P\372\343\206cH\325\370\275\020\256"
  38      FE50FAE3 
  38      866348D5 
  38      F8BD10AE 
  39 008c CF8CDBC2 		.ascii	"\317\214\333\302\015\230\000\344\027 \016He\230p@\032"
  39      0D9800E4 
  39      17200E48 
  39      65987040 
  39      1A
  40 009d 02F279C5 		.ascii	"\002\362y\305\2443\362\251\204\301\211\347s\201\337"
  40      A433F2A9 
  40      84C189E7 
  40      7381DF
  41 00ac 654E8AB0 		.ascii	"eN\212\260@\363\323\221\251yE&H2{\347\206'\254u\347"
  41      40F3D391 
  41      A9794526 
  41      48327BE7 
  41      8627AC75 
  42 00c1 5CB7EEC9 		.ascii	"\\\267\356\311\255T<pp}NJ1'\005\234\207R\270\000\245"
  42      AD543C70 
  42      707D4E4A 
  42      3127059C 
  42      8752B800 
  43 00d6 44DD0AEB 		.ascii	"D\335\012\3530r\374\207_>q\324\253@\250\356+\363C~\346"
  43      3072FC87 
  43      5F3E71D4 
  43      AB40A8EE 
  43      2BF3437E 
  44 00eb 5C4B66CF 		.ascii	"\\Kf\317\321\201\204\305\234\006\231\013\247f\037\027"
  44      D18184C5 
  44      9C06990B 
  44      A7661F17 
  45 00fb 94B72067 		.ascii	"\224\267 g\246\355\252[i\344\244\202\213\240\210\365"
ARM GAS  C:\cygwin\tmp\ccgFPrlh.s 			page 3


  45      A6EDAA5B 
  45      69E4A482 
  45      8BA088F5 
  46 010b 12B2B621 		.ascii	"\022\262\266!+\272\004\\\206r\214>\376\321\317\311\002"
  46      2BBA045C 
  46      86728C3E 
  46      FED1CFC9 
  46      02
  47 011c F53AF336 		.ascii	"\365:\3636\216M\214\201F\016u\270\225\310(\341\212F"
  47      8E4D8C81 
  47      460E75B8 
  47      95C828E1 
  47      8A46
  48 012e 2EEA217D 		.ascii	".\352!}\320\016\345,~&y+\244\336`\350\354\351\301\216"
  48      D00EE52C 
  48      7E26792B 
  48      A4DE60E8 
  48      ECE9C18E 
  49 0142 60D9E708 		.ascii	"`\331\347\010}\324\3362\350w\023n\374Q>\377JN\032\320"
  49      7DD4DE32 
  49      E877136E 
  49      FC513EFF 
  49      4A4E1AD0 
  50 0156 A1193694 		.ascii	"\241\0316\224\302k\245^\271\021\220t[\377\364\251\267"
  50      C26BA55E 
  50      B9119074 
  50      5BFFF4A9 
  50      B7
  51 0167 187CFEE0 		.ascii	"\030|\376\340\341\333!\006\237\351\372\315\\\006\275"
  51      E1DB2106 
  51      9FE9FACD 
  51      5C06BD
  52 0176 BA22F4D8 		.ascii	"\272\"\364\330l\356W\237\252d\350_\371~\227\241\356"
  52      6CEE579F 
  52      AA64E85F 
  52      F97E97A1 
  52      EE
  53 0187 99EE166B 		.ascii	"\231\356\026k`\021j\302\265\377\236x\011\3744\376b\304"
  53      60116AC2 
  53      B5FF9E78 
  53      09FC34FE 
  53      62C4
  54 0199 6FC51110 		.ascii	"o\305\021\020\206$\224A'>)(\243\242c\255\277\004\013"
  54      86249441 
  54      273E2928 
  54      A3A263AD 
  54      BF040B
  55 01ac 8450CB77 		.ascii	"\204P\313w\332\2132n>\3379\362\361\300\233\260\006\270"
  55      DA8B326E 
  55      3EDF39F2 
  55      F1C09BB0 
  55      06B8
  56 01be 6CBA0458 		.ascii	"l\272\004XB\014\303~c \316\001\372- \277\315\273\016"
  56      420CC37E 
  56      6320CE01 
  56      FA2D20BF 
  56      CDBB0E
ARM GAS  C:\cygwin\tmp\ccgFPrlh.s 			page 4


  57 01d1 47FAB060 		.ascii	"G\372\260`\226\237\226\200 \262B\372\0142$\304\3600"
  57      969F9680 
  57      20B242FA 
  57      0C3224C4 
  57      F030
  58 01e3 3ACC55B4 		.ascii	":\314U\264\024\341b\027\323\262\232\226\022.\265\230"
  58      14E16217 
  58      D3B29A96 
  58      122EB598 
  59 01f3 C407276D 		.ascii	"\304\007'm\012\277\343\266\272\007u\231\361\357\326"
  59      0ABFE3B6 
  59      BA077599 
  59      F1EFD6
  60 0202 B04C04E3 		.ascii	"\260L\004\343q\022\315\271~\233zo\344Q[\032OJ1O,\016"
  60      7112CDB9 
  60      7E9B7A6F 
  60      E4515B1A 
  60      4F4A314F 
  61 0218 A113A4F9 		.ascii	"\241\023\244\371\360S\330p\234[5\012\365\211\206\307"
  61      F053D870 
  61      9C5B350A 
  61      F58986C7 
  62 0228 CDA780F6 		.ascii	"\315\247\200\366\263\322\311J\240\322\336\003\311\000"
  62      B3D2C94A 
  62      A0D2DE03 
  62      C900
  63 0236 548C4E31 		.ascii	"T\214N1\012u\317>\234T:\306G\3037\371\323M\207\262("
  63      0A75CF3E 
  63      9C543AC6 
  63      47C337F9 
  63      D34D87B2 
  64 024b AE61EAF9 		.ascii	"\256a\352\371\351?\012OB3`Zb\350\242\034\320\015'\001"
  64      E93F0A4F 
  64      4233605A 
  64      62E8A21C 
  64      D00D2701 
  65 025f A1F5CF1A 		.ascii	"\241\365\317\032\356xP?\242\263x#\220\357\341\241o\245"
  65      EE78503F 
  65      A2B37823 
  65      90EFE1A1 
  65      6FA5
  66 0271 7606D0BF 		.ascii	"v\006\320\277\224\020K\202\036\012\350I\216\327\026"
  66      94104B82 
  66      1E0AE849 
  66      8ED716
  67 0280 EA88424C 		.ascii	"\352\210BLq\342\310\235.\265\377o\234#''\235\027R7o"
  67      71E2C89D 
  67      2EB5FF6F 
  67      9C232727 
  67      9D175237 
  68 0295 4987C366 		.ascii	"I\207\303f\353\221c]\230\264\271\266\211\242\012\240"
  68      EB91635D 
  68      98B4B9B6 
  68      89A20AA0 
  69 02a5 07F6432F 		.ascii	"\007\366C/i\301\275\3733\207\207\214\212\313n8'}\320"
  69      69C1BDFB 
  69      3387878C 
ARM GAS  C:\cygwin\tmp\ccgFPrlh.s 			page 5


  69      8ACB6E38 
  69      277DD0
  70 02b8 87519487 		.ascii	"\207Q\224\207Z\374\025Th\225?z\202\202\2301\213'[\324"
  70      5AFC1554 
  70      68953F7A 
  70      82829831 
  70      8B275BD4 
  71 02cc D4499A82 		.ascii	"\324I\232\202\254\351\346\270W\250\320\012\222`E\015"
  71      ACE9E6B8 
  71      57A8D00A 
  71      9260450D 
  72 02dc FD2B6868 		.ascii	"\375+hhr3o\223\214\353\313ddP\006\266\312}o\261\231"
  72      72336F93 
  72      8CEBCB64 
  72      645006B6 
  72      CA7D6FB1 
  73 02f1 98841B65 		.ascii	"\230\204\033e\010\374G\241N\207\205\226b\010mp\214\362"
  73      08FC47A1 
  73      4E878596 
  73      62086D70 
  73      8CF2
  74 0303 8C76EA94 		.ascii	"\214v\352\224\364\014n\033\327\376h\303\350KZ\261\215"
  74      F40C6E1B 
  74      D7FE68C3 
  74      E84B5AB1 
  74      8D
  75 0314 DB745752 		.ascii	"\333tWR\327\023!\252\230\244\177%\270\001\3776\233)"
  75      D71321AA 
  75      98A47F25 
  75      B801FF36 
  75      9B29
  76 0326 6C7117E2 		.ascii	"lq\027\342\017\352wi\020!j\277\350m\344\211\362\243"
  76      0FEA7769 
  76      10216ABF 
  76      E86DE489 
  76      F2A3
  77 0338 CAAFF5D5 		.ascii	"\312\257\365\325\231\006\324mJ\\\0345\226\356\223\323"
  77      9906D46D 
  77      4A5C1C35 
  77      96EE93D3 
  78 0348 20B3D222 		.ascii	" \263\322\"\333V}\351\2630\015\212\006M.\244\256\241"
  78      DB567DE9 
  78      B3300D8A 
  78      064D2EA4 
  78      AEA1
  79 035a 2FA416D8 		.ascii	"/\244\026\330g\260\2571M\276\240\232E\037\036\317\244"
  79      67B0AF31 
  79      4DBEA09A 
  79      451F1ECF 
  79      A4
  80 036b 39E68118 		.ascii	"9\346\201\030\376\254\311\253n\230\316\205\352\307,"
  80      FEACC9AB 
  80      6E98CE85 
  80      EAC72C
  81 037a 6DAF4217 		.ascii	"m\257B\027*9{\374D\233IJL\274L\337\240\022\204\335?"
  81      2A397BFC 
  81      449B494A 
ARM GAS  C:\cygwin\tmp\ccgFPrlh.s 			page 6


  81      4CBC4CDF 
  81      A01284DD 
  82 038f 34E9818A 		.ascii	"4\351\201\2120\216'\313\326v\261\236\264\372y\217d5"
  82      308E27CB 
  82      D676B19E 
  82      B4FA798F 
  82      6435
  83 03a1 8714EBE1 		.ascii	"\207\024\353\341\333\240}%\350\026\017\301c(\021t\277"
  83      DBA07D25 
  83      E8160FC1 
  83      63281174 
  83      BF
  84 03b2 0005E178 		.ascii	"\000\005\341x\275\\U\023\215n\335\263c{loE\265~\325"
  84      BD5C5513 
  84      8D6EDDB3 
  84      637B6C6F 
  84      45B57ED5 
  85 03c6 7C10ABA8 		.ascii	"|\020\253\250\336\036\251\211l\214\010\347\375X\244"
  85      DE1EA989 
  85      6C8C08E7 
  85      FD58A4
  86 03d5 AA665B75 		.ascii	"\252f[u\324\214\355\335\022\335m\307\"\233\336\335\364"
  86      D48CEDDD 
  86      12DD6DC7 
  86      229BDEDD 
  86      F4
  87 03e6 CE4EFDDE 		.ascii	"\316N\375\336\262\307\332\271y\367\216\350\276\177\000"
  87      B2C7DAB9 
  87      79F78EE8 
  87      BE7F00
  88 03f5 5AABF6AD 		.ascii	"Z\253\366\255"
  89              		.text
  90              		.section	.gnu.lto_.symbol_nodes.652bfc13,"",%progbits
  91 0000 789C6366 		.ascii	"x\234cf``Pf\200\002\246&\246z\006\206\011\347\030\030"
  91      60605066 
  91      8002A626 
  91      A67A0686 
  91      09E71818 
  92 0014 EAEB19E6 		.ascii	"\352\353\031\346-\340``m`bX\300T\317\314\332\310\304"
  92      2DE06060 
  92      6D606258 
  92      C054CFCC 
  92      DAC8C4
  93 0027 08A21900 		.ascii	"\010\242\031\000\235O\010&"
  93      9D4F0826 
  94              		.text
  95              		.section	.gnu.lto_.refs.652bfc13,"",%progbits
  96 0000 789C6366 		.ascii	"x\234cf``\340d\200\000&\006\006FN\006&\036\006\000\001"
  96      6060E064 
  96      80002606 
  96      06464E06 
  96      261E0600 
  97 0015 500027   		.ascii	"P\000'"
  98              		.text
  99              		.section	.gnu.lto_.decls.652bfc13,"",%progbits
 100 0000 789CA59B 		.ascii	"x\234\245\233\013XW\367y\3079\234\337\211J\014M\263"
 100      0B5857F7 
ARM GAS  C:\cygwin\tmp\ccgFPrlh.s 			page 7


 100      79C7399C 
 100      DF894A0C 
 100      4DB3
 101 0012 F54DEAD6 		.ascii	"\365M\352\326\3165m\326\2641izqkwk\233\255um\223vi\263"
 101      CE356DD6 
 101      B431697A 
 101      716B776B 
 101      9BAD756D 
 102 002a 5B5C9D31 		.ascii	"[\\\2351&q\213\232\031\335\326]\332\277\012\010\242"
 102      26718B9A 
 102      19DDD65D 
 102      DABF0A08 
 102      A2
 103 003b DC511005 		.ascii	"\334Q\020\005D\024\020\220\373E@.*r\027D\020\024\220"
 103      44141090 
 103      FB45402E 
 103      2A721744 
 103      101490
 104 004e AB82200A 		.ascii	"\253\202 \012(7\021\3519\277\357\373V\341\311\223\355"
 104      283711E9 
 104      39BFEFFB 
 104      56E1C993 
 104      ED
 105 005f 79C6F31C 		.ascii	"y\306\363\034\345\373\177\317\373\236\337\371\235\313"
 105      E5FB7FCF 
 105      FB9EDFF9 
 105      9DCB
 106 006d FFBC9FEF 		.ascii	"\377\274\237\357\301tss\333c/s\366O\320\327\334\334"
 106      C1747373 
 106      DB632F73 
 106      F64FD0D7 
 106      DCDC
 107 007f 3E6FB8B9 		.ascii	">o\270\271\271\333\372'n\017\177\354\217\334\312\334"
 107      B9DBFA27 
 107      6E0F7FEC 
 107      8FDCCADC 
 108 008f F0799D2D 		.ascii	"\360y\235-*\334\335\346\3758\261\245\366\342\311\377"
 108      2ADCDDE6 
 108      FD38B1A5 
 108      F6E2C9FF 
 109 009f 67DB4B91 		.ascii	"g\333K\221\275\024\330\313\017\354\205\354\245\332\316"
 109      BD14D8CB 
 109      0FEC85EC 
 109      A5DACE
 110 00ae A9B1974A 		.ascii	"\251\261\227J\373\367\323\366\262\374\377X{\324\335"
 110      FBF7D3F6 
 110      B2FCFF58 
 110      7BD4DD
 111 00bd A8E999BA 		.ascii	"\250\351\231\272\263t\300\335\360\364x\322\221\007Z"
 111      B374C0DD 
 111      F0F478D2 
 111      91075A
 112 00cc AEDD356D 		.ascii	"\256\3355m\271\324\303\335\221\223W\322'\226\230\356"
 112      B9D4C3DD 
 112      919357D2 
 112      279698EE 
 113 00dc 86F3FB91 		.ascii	"\206\363\373\221\210\356&\217\027\216\273\\._Wi\245"
ARM GAS  C:\cygwin\tmp\ccgFPrlh.s 			page 8


 113      88EE268F 
 113      178EBB5C 
 113      2E5F5769 
 113      A5
 114 00ed F1B04478 		.ascii	"\361\260DxuT\240e>\251W\012\352\016\271\250\314O\353"
 114      7554A065 
 114      3EA9570A 
 114      EA0EB9A8 
 114      CC4FEB
 115 0100 DFB71F2B 		.ascii	"\337\267\037+\334\263\310\256\265\334C\257\266\177h"
 115      DCB3C8AE 
 115      B5DC43AF 
 115      B67F68
 116 010f 2A7BB196 		.ascii	"*{\261\226ss\246\375\201{\\GC\367\022\3439\217x\273"
 116      7373A6FD 
 116      817B5C47 
 116      43F712E3 
 116      398F78BB 
 117 0123 E4486DEE 		.ascii	"\344Hm\3565\303\345RF\272\341a\244\030\246q\334x\301"
 117      35C3E552 
 117      46BAE161 
 117      A418A671 
 117      DC78C1
 118 0136 D90127D7 		.ascii	"\331\001'\327\371\361u\271v\270\\;]V\242\247\233\221"
 118      F9F175B9 
 118      76B85C3B 
 118      5D56A2A7 
 118      9B91
 119 0148 602C3312 		.ascii	"`,3\022\215enF\232\361\234\275\206^\327H\265?<a\177"
 119      8D656E46 
 119      9AF19CBD 
 119      865ED748 
 119      B53F3C61 
 120 015d 6817CEEA 		.ascii	"h\027\316\352\271\345\357!\205}\217\206\220S8\323.\234"
 120      B9E5EF21 
 120      857D8F86 
 120      905338D3 
 120      2E9C
 121 016f FCB0B0BD 		.ascii	"\374\260\260\275\235\217\253\234\361\321\2253+\274\003"
 121      9D8FAB9C 
 121      F1D19533 
 121      2BBC03
 122 017e 3CA5F2C1 		.ascii	"<\245\362\301]\007>\345T\316\266+'=\254\234\371\361"
 122      5D073EE5 
 122      54CEB62B 
 122      273DAC9C 
 122      F9F1
 123 0190 95B33EB2 		.ascii	"\225\263>\262\262q\362\304\335\272\307\365qX\356\310"
 123      B271F2C4 
 123      DDBAC7F5 
 123      7158EEC8 
 124 01a0 8290CA88 		.ascii	"\202\220\312\210\307\364qP\216\234\010\317\353p7\373"
 124      C7F47150 
 124      8E9C08CF 
 124      EB7037FB 
 125 01b0 8C79F34A 		.ascii	"\214y\363J\230\327\200\232\003e\246\226sN\330\275\325"
 125      98D7809A 
ARM GAS  C:\cygwin\tmp\ccgFPrlh.s 			page 9


 125      0365A696 
 125      734ED8BD 
 125      D5
 126 01c1 BFF09469 		.ascii	"\277\360\224ix<\2477?\022\3422\237q3^Xf<oo\273\320\336"
 126      783CA737 
 126      3F12E232 
 126      9F71335E 
 126      58663C6F 
 127 01d9 36F1B6F3 		.ascii	"6\361\266\363\355m\237\264\267\355\354JW\307\317\027"
 127      ED6D9FB4 
 127      B7EDEC4A 
 127      57C7CF17 
 128 01e9 1B05F66E 		.ascii	"\033\005\366n\344=\334\015\362\370\315\001.\273W\355"
 128      E43DDC0D 
 128      F2F8CD01 
 128      2EBB57ED 
 129 01f9 FFC4D2DD 		.ascii	"\377\304\322\335N\275\240\235\256%\225\236z\335\034"
 129      4EBDA09D 
 129      AE25959E 
 129      7ADD1C
 130 0208 BB40AE5D 		.ascii	"\273@\256]\300\315(2\226\362\232\305}\001\025K\225}"
 130      C0CD2832 
 130      96F29AC5 
 130      7D01154B 
 130      957D
 131 021a 96E94979 		.ascii	"\226\351IyS\217\2756\365\236\313\324\237\331\353\031"
 131      538FBD36 
 131      F59ECBD4 
 131      9FD9EB19 
 132 022a A70CFD61 		.ascii	"\247\014\375a[\354\315\266EO\207\333\333vJ>\211I|X\261"
 132      5BECCDB6 
 132      454F87DB 
 132      DB764A3E 
 132      89497C58 
 133 023f C478DAFE 		.ascii	"\304x\332\376\267\330^W\227\235\330\356\037\363\204"
 133      B7D85E57 
 133      979DD8EE 
 133      1FF384
 134 024e 3988DD1F 		.ascii	"9\210\335\037\030\314K[\274<\332\025\233>r3ahq\244+"
 134      18CC4B5B 
 134      BC3CDA15 
 134      9B3E7233 
 134      616871A4 
 135 0263 7687EBC1 		.ascii	"v\207\353\301\334\234\341Z\356\244\031\245\277\331\005"
 135      DC9CE15A 
 135      EEA419A5 
 135      BFD905
 136 0272 37E7775C 		.ascii	"7\347w\\\007e\306r;\323;*6\3641\017\236\027\337\377"
 136      0765C672 
 136      3BD33B2A 
 136      36F4310F 
 136      9E17DFFF 
 137 0286 655EECF5 		.ascii	"e^\354\365\273\012jc\026\353c\342\322\027GamR\232\273"
 137      BB0A6A63 
 137      16EB63E2 
 137      D2174761 
 137      6D529ABB 
ARM GAS  C:\cygwin\tmp\ccgFPrlh.s 			page 10


 138 029a 3E282EF7 		.ascii	">(.\367Gg~)f\336\3305\031\373\224S\336%\323\264\364"
 138      47677E29 
 138      66DED835 
 138      19FB9453 
 138      DE25D3B4 
 139 02af D17D3AE7 		.ascii	"\321}:\347\234\027\306\027\227\031\345\250^\345\353"
 139      9C17C617 
 139      9719E5A8 
 139      5EE5EB
 140 02be 9DE2FE54 		.ascii	"\235\342\376T\220^\335e\017^O\352\031{\365\263z\365"
 140      905EDD65 
 140      0F5E4FEA 
 140      197BF5B3 
 140      7AF5
 141 02d0 0AE32949 		.ascii	"\012\343)Ir\326\316\032\015\211{\374\321\265O\177\334"
 141      72D6CE1A 
 141      0D897BFC 
 141      D1B54F7F 
 141      DC
 142 02e1 DA75A569 		.ascii	"\332u\245i\025\226\031\212\013\267\347\206O\205\241"
 142      1596198A 
 142      0BB7E786 
 142      4F85A1
 143 02f0 4F9032E3 		.ascii	"O\2202\343\321k\334\023\327x\322\256\240\275\036:\274"
 143      D16BDC13 
 143      D778D2AE 
 143      A0BD1E3A 
 143      BC
 144 0301 5D87034E 		.ascii	"]\207\003N\304\337\371\204\016;W\251\221y\344h\356\022"
 144      C4DFF984 
 144      0E3B57A9 
 144      9179E468 
 144      EE12
 145 0313 1DFEF6A3 		.ascii	"\035\376\366\243'\246'N\314\212C\003\231JGu\356\315"
 145      27A6274E 
 145      CC8A4303 
 145      994A4775 
 145      EECD
 146 0325 8B5105B8 		.ascii	"\213Q\005\270\233X\372\320\373\307D\272\353h\251\016"
 146      9B58FAD0 
 146      FBC744BA 
 146      EB68A90E 
 147 0335 8778E7E7 		.ascii	"\207x\347\347{\352\360c\372\306Qt0\004\245]:<y\244k"
 147      7BEAF063 
 147      FAC65174 
 147      3004A55D 
 147      3A3C79A4 
 148 034a C8D0E145 		.ascii	"\310\320\341E\216\214\277\023\237\202\360w\034\331Z"
 148      8E8CBF13 
 148      9F82F077 
 148      1CD95A
 149 0359 B9FF1B3A 		.ascii	"\271\377\033:\270\304Q{\357\215\326\241\224\207#\373"
 149      B8C4517B 
 149      EF8DD6A1 
 149      948723FB 
 150 0369 8312D3B0 		.ascii	"\203\022\323\260\341\307u%\357\021?\017-\227\352ae\306"
 150      E1C77525 
ARM GAS  C:\cygwin\tmp\ccgFPrlh.s 			page 11


 150      EF113F0F 
 150      2D97EA61 
 150      65C6
 151 037b 9EC3817C 		.ascii	"\236\303\201|\302\221\031\207\333&1\001\236\272p\327"
 151      C2911987 
 151      DB263101 
 151      9EBA70D7 
 152 038b 8E6A5C7A 		.ascii	"\216j\\z\237p\344T\317X\035\242\237t\244\357pd \242"
 152      9F70E454 
 152      CF581DA2 
 152      9F74A4EF 
 152      706420A2 
 153 039f 4F3932B2 		.ascii	"O92\262f?o\367\267\364.\324\344w`C\277\355\310\222\310"
 153      663F6FF7 
 153      B7F42ED4 
 153      E4776043 
 153      BFEDC892 
 154 03b4 DB3118C6 		.ascii	"\3331\030\306\247\034\331Qv\346\312\"-\311\221\355\015"
 154      A71CD951 
 154      76E6CA22 
 154      2DC991ED 
 154      0D
 155 03c5 CDC9C87D 		.ascii	"\315\311\310}Z\227\232\254=\207\211~\306\221}I\301s"
 155      5A979AAC 
 155      3D87897E 
 155      C6917D49 
 155      C173
 156 03d7 D8EEA71D 		.ascii	"\330\356\247\035\371 \243d\022\245\364\331R=\335\333"
 156      F920A364 
 156      12A5F4D9 
 156      523DDDDB 
 157 03e7 6F69F93B 		.ascii	"oi\371;\372\250\024\015\214#\367w\035\031\025\323r\353"
 157      FAA8140D 
 157      8C23F777 
 157      1D1915D3 
 157      72EB
 158 03f9 092D3FE3 		.ascii	"\011-?\343\310\300\320\331,w-?\353\310\242\300\300r"
 158      C8C0D0D9 
 158      2C772D3F 
 158      EBC8A2C0 
 158      C072
 159 040b 0CE3F71C 		.ascii	"\014\343\367\034\331x',\021{\364\373z\220\347\012*\225"
 159      D978272C 
 159      117BF4FB 
 159      7A90E70A 
 159      2A95
 160 041d 969F73E4 		.ascii	"\226\237s\344hb\363\027\264z\326Q\207{\253k\260\356"
 160      6862F317 
 160      B47AD651 
 160      877BAB6B 
 160      B0EE
 161 042f E7F5B537 		.ascii	"\347\365\2657\222\226\213\243\377\005G\366z\035\365"
 161      92968BA3 
 161      FF0547F6 
 161      7A1DF5
 162 043e 5FA2E573 		.ascii	"_\242\345s\372\034-Mva\263\177\340\310\304\236\363!"
 162      FA1C2D4D 
ARM GAS  C:\cygwin\tmp\ccgFPrlh.s 			page 12


 162      7661B37F 
 162      E0C8C49E 
 162      F321
 163 0450 18D4171D 		.ascii	"\030\324\027\0359V\322\322\216\355<\357\310\273-\331"
 163      3956D2D2 
 163      8EED3CEF 
 163      C8BB2DD9 
 164 0460 D158F94B 		.ascii	"\321X\371KzC\205\347Kp\210\276\354\310+\365\031\335"
 164      7A4385E7 
 164      4B7088BE 
 164      ECC82BF5 
 164      19DD
 165 0472 98AA171C 		.ascii	"\230\252\027\034\031\333\333\337\214\335]\341\310K\355"
 165      19DBDBDF 
 165      8CDD5DE1 
 165      C84BED
 166 0481 69BE18C6 		.ascii	"i\276\030\306\213\216\274|#\257\027\245^rd\347d\347"
 166      8B8EBC7C 
 166      23AF17A5 
 166      5E7264E7 
 166      64E7
 167 0493 69ECEE57 		.ascii	"i\354\356W\364\334\234(,F\356\313\216L\310\353\273\204"
 167      F4DC9C28 
 167      2C46EECB 
 167      8E4CC8EB 
 167      BB84
 168 04a5 93ECAB8E 		.ascii	"\223\354\253\216\034o\313j\3034\177\315\221s\271-\335"
 168      1C6FCB6A 
 168      C3347FCD 
 168      9173B92D 
 168      DD
 169 04b6 887E5D5F 		.ascii	"\210~]_\013\263\303^\030\3257\364\015`p\266\031G{\245"
 169      0BB3C35E 
 169      18D537F4 
 169      0D6070B6 
 169      19477BA5 
 170 04ca 235DF7F6 		.ascii	"#]\367\366\371a\367\377P\337\227KS/b\273\177\344\310"
 170      F961F7FF 
 170      50DF974B 
 170      532F62BB 
 170      7FE4C8
 171 04dd EB298335 		.ascii	"\353)\2035(\365M}\203?v\271\020\273\377-G^\213\034o"
 171      28F54D7D 
 171      833F76B9 
 171      10BBFF2D 
 171      475E8B1C 
 172 04f2 C1D1FE63 		.ascii	"\301\321\376c}\322\271\246*\261\241?\321\303\3108\335"
 172      7DD2B9A6 
 172      2AB1A13F 
 172      D1C3C838 
 172      DD
 173 0503 81DC3FD5 		.ascii	"\201\334?\325\247F\357X\004v\341\317\264\254o.\306\206"
 173      A746EF58 
 173      0476E1CF 
 173      B4AC6F2E 
 173      C686
 174 0515 FEFCD12B 		.ascii	"\376\374\321+\324\023W\250\\6\236\270l\246\366e\344"
ARM GAS  C:\cygwin\tmp\ccgFPrlh.s 			page 13


 174      D41357A8 
 174      5C369EB8 
 174      6CA6F665 
 174      E4
 175 0526 6307BFAB 		.ascii	"c\007\277\253O\253\263E\347p@_q\344\361\374\3353\330"
 175      4FABB345 
 175      E770405F 
 175      71E4F1FC 
 175      DD33D8
 176 0539 EE5FE833 		.ascii	"\356_\3503\345PF\031\316\262\277\324Ga\350P+\344\367"
 176      E5504619 
 176      CEB2BFD4 
 176      4761E850 
 176      2BE4F7
 177 054c F445E6B5 		.ascii	"\364E\346\265\373\026\306\374}\275G\031A\3238F\253\364"
 177      FB16C6FC 
 177      7DBD4719 
 177      41D33846 
 177      ABF4
 178 055e B93153F2 		.ascii	"\2711S\3629\255\376J\237\334M\003\001X\367\007:X\266"
 178      39ADFE4A 
 178      9FDC4D03 
 178      0158F707 
 178      3A58B6
 179 0571 D31B47EC 		.ascii	"\323\033G\354\207\372:\361\016n\300d\374\310\221M\227"
 179      87FA3AF1 
 179      0E6EC064 
 179      FCC8914D 
 179      97
 180 0582 AE756250 		.ascii	"\256ubP\257\352\033V\365l=\344k\216<\035\324\035\215"
 180      AFEA1B56 
 180      F56C3DE4 
 180      6B8E3C1D 
 180      D41D8D
 181 0595 DC1FEB51 		.ascii	"\334\037\353Q\024\337\344\263\354'\216\314\251-/\306"
 181      14DFE4B3 
 181      EC278ECC 
 181      A92D2FC6 
 182 05a5 54FDB53E 		.ascii	"T\375\265>DGveb\357_\327w\234\304\322\011\254\374S}"
 182      44477665 
 182      62EF5FD7 
 182      779CC4D2 
 182      09ACFC53 
 183 05ba A604A4F6 		.ascii	"\246\004\244\366\343\000\376\314\221\301\267\357\235"
 183      E300FECC 
 183      91C1B7EF 
 183      9D
 184 05c7 C686DED0 		.ascii	"\306\206\336\320_3I\243\355\330\335\277q\344\305\223"
 184      5F3349A3 
 184      EDD8DDBF 
 184      71E4C593 
 185 05d7 F98791FB 		.ascii	"\371\207\221\373\267\372FP\024v\014\225\377N\037\242"
 185      B7FA4650 
 185      14760C95 
 185      FF4E1FA2 
 186 05e7 FED812EC 		.ascii	"\376\330\022\354\375\337;2\242 m7\216\311?\350;N\322"
 186      FDDF3B32 
ARM GAS  C:\cygwin\tmp\ccgFPrlh.s 			page 14


 186      A2206D37 
 186      8EC93FE8 
 186      3B4ED2
 187 05fa A5FBD8C1 		.ascii	"\245\373\330\3017\365\263O\330`/6\264\332\221\376\263"
 187      37F5B34F 
 187      D8602F36 
 187      B4DA91FE 
 187      B3
 188 060b F11D389E 		.ascii	"\361\0358\236\377\350\310\231\261\331\263\250\374s\375"
 188      FFE8C899 
 188      B1D9B3A8 
 188      FC73FD
 189 061a B5D35B32 		.ascii	"\265\323[2\207\225\32782\275$\231\317\262\177\322\273"
 189      8795D738 
 189      32BD2499 
 189      CFB27FD2 
 189      BB
 190 062b 503C5D8F 		.ascii	"P<]\217#\266V\257\334U<\214\225\337\322\033:{\251\024"
 190      23B656AF 
 190      DC553C8C 
 190      95DFD21B 
 190      3A7BA914 
 191 063f B3B14E5F 		.ascii	"\263\261N_\240\345\341\255\330\320\333\372\316_>\223"
 191      A0E5E1AD 
 191      D8D0DBFA 
 191      CE5F3E93 
 192 064f 85DCF58E 		.ascii	"\205\334\365\216\364\231I\216\3071zG\317F\303i\336\243"
 192      F499498E 
 192      C7317A47 
 192      CF46C369 
 192      DEA3
 193 0661 77F57513 		.ascii	"w\365u\023\324\030\211\023\347=}5\027\237\231\301\312"
 193      D4188913 
 193      E73D7D35 
 193      179F99C1 
 193      CA
 194 0672 1BF451F0 		.ascii	"\033\364Q\360\363/@\251\177\326\307\350T\367\032\255"
 194      F32F40A9 
 194      7FD6C7E8 
 194      54F71AAD 
 195 0682 FE457F11 		.ascii	"\376E\177\021N'^\303(\336w\344\360t\330\036\214b\243"
 195      4E275EC3 
 195      28DE77E4 
 195      F074D81E 
 195      8C62A3
 196 0695 BE7547B7 		.ascii	"\276uG\267\\\301A\330\344\310\346\321}|\352ovdL@\346"
 196      5CC141D8 
 196      E4C8E6D1 
 196      7D7CEA6F 
 196      76644C40 
 197 06aa 348EF607 		.ascii	"4\216\366\007\216L\27662\200\334\177\3253w0\276\024"
 197      8E4CBE36 
 197      3280DC7F 
 197      D5337730 
 197      BE14
 198 06bc 83DAA237 		.ascii	"\203\332\2427\0242|\010{\377\241#\275\007\353\206\020"
 198      14327C08 
ARM GAS  C:\cygwin\tmp\ccgFPrlh.s 			page 15


 198      7BFFA123 
 198      BD07EB86 
 198      10
 199 06cd DDAABF05 		.ascii	"\335\252\277\005\232O}F\253mz\210\023\3459(\374o\372"
 199      9A4F7D46 
 199      AB6D7A88 
 199      13E53928 
 199      FC6FFA
 200 06e0 E22D99CB 		.ascii	"\342-\231\313\305\376\374\273\376Nh\036h\301\240\376"
 200      C5FEFCBB 
 200      FE4E681E 
 200      68C1A0FE 
 201 06f0 431FBF63 		.ascii	"C\037\277c\011}\250\364\013}\265f\266eb\345\377\324"
 201      097DA8F4 
 201      0B7DB566 
 201      B66562E5 
 201      FFD4
 202 0702 D33A53CF 		.ascii	"\323:S\317\207\363\277\364\036\334n-F\356\177\353;["
 202      87F3BFF4 
 202      1EDC6E2D 
 202      46EE7FEB 
 202      3B5B
 203 0714 63DC6B5A 		.ascii	"c\334kZ\375\217\243\362\032\012\372\261{\277\324'\325"
 203      FD8FA3F2 
 203      1A0AFAB1 
 203      7BBFD427 
 203      D5
 204 0725 83F36730 		.ascii	"\203\363g05\277z\364+\320\223\277\002\345\313\330\223"
 204      35BF7AF4 
 204      2BD093BF 
 204      02E5CBD8 
 204      93
 205 0736 BF8CA70F 		.ascii	"\277\214\247\017\266\005`\320;\264>\357\027\313_\260"
 205      B60560D0 
 205      3BB43EEF 
 205      17CB5FB0 
 206 0746 3BB5CE6F 		.ascii	";\265\316o\217\232D\334K\353\341\2329ol\315\033\353"
 206      8F9A44DC 
 206      4BEBE19A 
 206      396F6CCD 
 206      1BEB
 207 0758 E7967623 		.ascii	"\347\226v#\356\243u\304\003\277+\230\316]Zg\227d\215"
 207      EEA375C4 
 207      03BF2B98 
 207      CE5D5A67 
 207      97648D
 208 076b A19EAFD6 		.ascii	"\241\236\257\326\347R\323Ob}?<\014\370\370<\247\345"
 208      E752D34F 
 208      627D3F3C 
 208      0CF8F83C 
 208      A7E5
 209 077d 6E2DAFA5 		.ascii	"n-\257\245\0154\342\012\361\327\272z.t;\364\036\255"
 209      0D34E20A 
 209      F1D7BA7A 
 209      2E743BF4 
 209      1EAD
 210 078f C3EACE5C 		.ascii	"\303\352\316\\E\372^<zL\224\255\3222\000\325vyu`\336"
ARM GAS  C:\cygwin\tmp\ccgFPrlh.s 			page 16


 210      45FA5E3C 
 210      7A4C94AD 
 210      D23200D5 
 210      76797560 
 211 07a4 02B5CE2C 		.ascii	"\002\265\316,\217\276\215i\015\322zn$q\026\243\017\326"
 211      8FBE8D69 
 211      0DD27A6E 
 211      247116A3 
 211      0FD6
 212 07b6 BAED58D5 		.ascii	"\272\355X\325v|\203\204h\235\333\331\311\337\305\241"
 212      767C8384 
 212      689DDBD9 
 212      C9DFC5A1 
 213 07c6 D8FBF371 		.ascii	"\330\373\363q\305\320aZ\007\217"
 213      C5D0615A 
 213      078F
 214 07d0 CC8C6372 		.ascii	"\314\214cr\303\265~\260g\256\033{\273O\353\313G\016"
 214      C3B57EB0 
 214      67AE1B7B 
 214      BB4FEBCB 
 214      470E
 215 07e2 66A1DE7E 		.ascii	"f\241\336~\255\013\273\306\322q\321Fh\355\027\021r\014"
 215      AD0BBBC6 
 215      D271D146 
 215      68ED1711 
 215      720C
 216 07f4 B31FA9F5 		.ascii	"\263\037\251\365\321\316\3728\214\357\200\3269\001i"
 216      D1CEFA38 
 216      8CEF80D6 
 216      390169
 217 0803 9D583F4A 		.ascii	"\235X?J\353\370\354\033C\250\177\020\372\322\251\233"
 217      EBF8EC1B 
 217      43A87F10 
 217      FAD2A99B 
 218 0813 B8631CD2 		.ascii	"\270c\034\322\372PS\306y\214/Z\353\276\340\256\011\354"
 218      FA5053C6 
 218      798C2F5A 
 218      EBBEE0AE 
 218      09EC
 219 0825 5F8CD667 		.ascii	"_\214\326g/\264%c\272b1\373\003\235\303\310?\254ugL"
 219      2FB42563 
 219      BA6231FB 
 219      039DC3C8 
 219      3FAC7567 
 220 083a 0A9F7671 		.ascii	"\012\237vqZg\214\367\014`|G0\037%\005\327\261\277\361"
 220      5A678CF7 
 220      0C607C47 
 220      301F2505 
 220      D7B1BFF1 
 221 084e 5A4F1C4E 		.ascii	"ZO\034N\331\217\370Q\255\257\247\226|R\313c8\330\027"
 221      D98FF851 
 221      ADAFA796 
 221      7C52CB63 
 221      38D817
 222 0861 9B0AB17A 		.ascii	"\233\012\261z\002\206[\023\024\011\235\250\365xVy\025"
 222      02865B13 
 222      14099DA8 
ARM GAS  C:\cygwin\tmp\ccgFPrlh.s 			page 17


 222      F5785679 
 222      15
 223 0872 869B84E7 		.ascii	"\206\233\204\3471Wg#\206w\034:'\265\037\303K\326\372"
 223      31576723 
 223      86771C3A 
 223      27B51FC3 
 223      4BD6FA
 224 0885 78F7DD5A 		.ascii	"x\367\335ZLG\212\326\251\345\331a\030n\252\326\273\207"
 224      4C478AD6 
 224      A9E5D961 
 224      186EAAD6 
 224      BB87
 225 0897 3A6B7013 		.ascii	":kp\023<\241ui\370h<\206\227\246\365X~`\024n8\351Z\247"
 225      3CA17569 
 225      F8683C86 
 225      97A6F558 
 225      7E60146E 
 226 08af 04050D23 		.ascii	"\004\005\015#?C\353\274\241\235\335\27082\265\016\035"
 226      3F43EBBC 
 226      A19DDDB8 
 226      3832B50E 
 226      1D
 227 08c0 6DEC84CE 		.ascii	"m\354\204\316\302\363v\333\\\022\2463\033\323\035\276"
 227      C2F376DB 
 227      5C12A633 
 227      1BD31DBE 
 228 08d0 63183A47 		.ascii	"c\030:G\353\032\277\253\011\030o.\326/\366\011\302\366"
 228      EB1ABFAB 
 228      09186F2E 
 228      D62FF609 
 228      C2F6
 229 08e2 F3B07EDA 		.ascii	"\363\260~\332\370\024\352\345\343b\213M\342g\254\223"
 229      F814EAE5 
 229      E3628B4D 
 229      E267AC93 
 230 08f2 5A272486 		.ascii	"Z'$\206u`\374\005Z\337\235\254\342\323\265P\3533\003"
 230      7560FC05 
 230      5ADF9DAC 
 230      E2D3B550 
 230      EB3303
 231 0905 138730FE 		.ascii	"\023\2070\376\"\234\276\263\345\\\357\024\326?\222v"
 231      229CBEB3 
 231      E55CEF14 
 231      D63F9276 
 232 0915 12DB2FD6 		.ascii	"\022\333/\326\272,\370v:N\277\022\255\345\361\330\223"
 232      BA2CF876 
 232      3A4EBF12 
 232      ADE5F1D8 
 232      93
 233 0926 1F8FE541 		.ascii	"\037\217\345A\335\223\037\324\223/\035\273\207\213\363"
 233      DD931FD4 
 233      932F1DBB 
 233      878BF3
 234 0935 3474F354 		.ascii	"4t\363T3\326?\243uL\305\331\012\350\263\350\214\322"
 234      33D63FA3 
 234      754CC5D9 
 234      0AE8B3E8 
ARM GAS  C:\cygwin\tmp\ccgFPrlh.s 			page 18


 234      8CD2
 235 0947 4AC330DE 		.ascii	"J\3030\336r\255\033\013\006\357`|\347\264\036\014\314"
 235      72AD1B0B 
 235      06EF607C 
 235      E7B41E0C 
 235      CC
 236 0958 E9C0F1AC 		.ascii	"\351\300\361\254\320:\255\376\360\014N\337J\255w\004"
 236      D03AADFE 
 236      F00C4EDF 
 236      4AAD7704 
 237 0968 CEF2B37D 		.ascii	"\316\362\263}\025\326/\314\352\207\256\306\345\224\027"
 237      15D62FCC 
 237      EA87AEC6 
 237      E59417
 238 0977 D78AF9AD 		.ascii	"\327\212\371\255\301\325\276\263g\006\373S\253u\271"
 238      C1D5BEB3 
 238      6706FB53 
 238      AB75B9
 239 0986 97EB192D 		.ascii	"\227\353\031-\353\264\234\035\211k\302\356\234\307\351"
 239      EBB49C1D 
 239      896BC2EE 
 239      9CC7E9
 240 0995 D2786B04 		.ascii	"\322xk\004\345\3521\335\241\225\311\330\275\006\255"
 240      E5EA31DD 
 240      A195C9D8 
 240      BD06AD
 241 09a4 9B32AEF3 		.ascii	"\2332\256\363\346/\340\360M\237\272\214\303\325\210"
 241      E62FE0F0 
 241      4D9FBA8C 
 241      C3D588
 242 09b3 C3D53E9E 		.ascii	"\303\325>\236\216\351\275\210\341d\025q\313\334\244"
 242      8EE9BD88 
 242      E1641571 
 242      CBDCA4
 243 09c2 75F46C4B 		.ascii	"u\364lK\035\206\327\254uqp8?\217]\322\272!$*\010\365"
 243      1D86D7AC 
 243      75717038 
 243      3F8F5DD2 
 243      BA21242A 
 244 09d8 5B7077F1 		.ascii	"[pw\361\013\336\211\351i\305\325S\230q\016\361\313\270"
 244      0BDE89E9 
 244      69C5D553 
 244      98710EF1 
 244      CBB8
 245 09ea 17FB054C 		.ascii	"\027\373\005L\241\336\025\234\316#>\215\250\327\246"
 245      A1DE159C 
 245      CE233E8D 
 245      A8D7A6
 246 09f9 757B47E3 		.ascii	"u{G\343\024t\273\326\276\271y\321\330\237\016\254\357"
 246      1474BBD6 
 246      BEB979D1 
 246      D89F0EAC 
 246      EF
 247 0a0a 93D18AF8 		.ascii	"\223\321\212\370U\234\316\333\333\342\020\357\304\335"
 247      559CCEDB 
 247      DBE210EF 
 247      C4DD
ARM GAS  C:\cygwin\tmp\ccgFPrlh.s 			page 19


 248 0a18 672A3701 		.ascii	"g*7\001\333\357\302\351S<X\216\303\321\255\365\225\221"
 248      DBEFC2E9 
 248      533C588E 
 248      C3D1ADF5 
 248      9591
 249 0a2a FA661CCE 		.ascii	"\372f\034\316\036\255\253J\033\2421\236^\234^\007\343"
 249      1EADAB4A 
 249      1BA2319E 
 249      5E9C5E07 
 249      E3
 250 0a3b B723BF4F 		.ascii	"\267#\277O\353{\017n\325 \377\032\372\274\364\200_j"
 250      EB7B0F6E 
 250      D520FF1A 
 250      FABCF480 
 250      5F6A
 251 0a4d 795DCB8A 		.ascii	"y]\313\212\236\216\347\265\354\327\322\247\305\207\037"
 251      9E8EE7B5 
 251      ECD7D2A7 
 251      C5871F
 252 0a5c 400730FB 		.ascii	"@\0070\373\301\263x|\273\201\215\245\2156`\262\007q"
 252      C1B3787C 
 252      BB818DA5 
 252      8D3660B2 
 252      0771
 253 0a6e EF98EC0E 		.ascii	"\357\230\354\016\303\316\014ap\341U\267q\356\335\304"
 253      C3CE0C61 
 253      70E155B7 
 253      71EEDDC4 
 254 0a7e 174F6BFB 		.ascii	"\027Ok\373n\034\254a\334\312\372O\035\305`oi\355\325"
 254      6E1CAC61 
 254      DCCAFA4F 
 254      1DC5606F 
 254      69EDD5
 255 0a91 E25B8FFC 		.ascii	"\342[\217\374\333Z\327Evec\360#\2705^\336\353\213\341"
 255      DB5AD745 
 255      766563F0 
 255      23B8355E 
 255      DEEB8BE1 
 256 0aa5 8CE2E045 		.ascii	"\214\342\340E\237\273\212skL\353\240\250\333\205X\377"
 256      9FBB8A73 
 256      6B4CEBA0 
 256      A8DB8558 
 256      FF
 257 0ab6 8ED61742 		.ascii	"\216\326\027B\022\207\020\277\213\223\341\350\371xL"
 257      128710BF 
 257      8B93E1E8 
 257      F9784C
 258 0ac5 EE38BE6A 		.ascii	"\3568\276j\032\217\036\300\3117\201\365#rrp\262L\342"
 258      1A8F1EC0 
 258      C93781F5 
 258      23727270 
 258      B24CE2
 259 0ad8 56EF15DF 		.ascii	"V\357\025\337\007=\205\257\242\331\364P\350i\255\233"
 259      073D85AF 
 259      A2D9F450 
 259      E869AD9B 
 260 0ae8 CF1EA8C7 		.ascii	"\317\036\250\307\376\334\323\332uw\212o\3553ZO\225G"
ARM GAS  C:\cygwin\tmp\ccgFPrlh.s 			page 20


 260      FEDCD3DA 
 260      75778A6F 
 260      ED335A4F 
 260      9547
 261 0afa F317F37D 		.ascii	"\363\027\363}\034\354\334Z\276\367\315\342ZL:\274\017"
 261      1CECDC5A 
 261      BEF7CDE2 
 261      5A4C3ABC 
 261      0F
 262 0b0b F90F301E 		.ascii	"\371\0170\036f\005\236\314\012\212\032c\233\227\254"
 262      66059ECC 
 262      0A8A1A63 
 262      9B97AC
 263 0b1a CC76F9C6 		.ascii	"\314v\371\306\226\2562*\215\247\214/-\323\350\341\313"
 263      96AE322A 
 263      8DA78C2F 
 263      2DD3E8E1 
 263      CB
 264 0b2b CB8C6AFB 		.ascii	"\313\214j\373\277\032{\251\265\227:{9o/\365\366\322"
 264      BF1A7BA9 
 264      B5973A7B 
 264      396F2FF5 
 264      F6D2
 265 0b3d 602F17EC 		.ascii	"`/\027\354\245\321^.\332K\223\2754\333\313%{y\001\341"
 265      A5D15E2E 
 265      DA4B93BD 
 265      34DBCB25 
 265      7B7901E1 
 266 0b51 160EB772 		.ascii	"\026\016\267r\3702\207\257\030\250\336f\240|;\227\357"
 266      F83287AF 
 266      18A8DE66 
 266      A07C3B97 
 266      EF
 267 0b62 E0F2095C 		.ascii	"\340\362\011\\\376*\347wr~\027\347ws~\017\347\367r~"
 267      FE2AE777 
 267      727E17E7 
 267      77737E0F 
 267      E7F7727E 
 268 0b76 1FE75FE3 		.ascii	"\037\347_\343\370u\216\367s|\200\3437\270\376 \327\037"
 268      F8758EF7 
 268      737C80E3 
 268      37B8FE20 
 268      D71F
 269 0b88 E2FA37B9 		.ascii	"\342\3727\271~\016\307\2079~\213\343\2679>\302\365G"
 269      7E0EC787 
 269      397E8BE3 
 269      B7393EC2 
 269      F547
 270 0b9a B9FE18D7 		.ascii	"\271\376\030\327\277\303\365\357r|\234\343\023\034\237"
 270      BFC3F5EF 
 270      727C9CE3 
 270      131C9F
 271 0ba9 E4F814D7 		.ascii	"\344\370\024\327\237\346\372\367\270\376\014\327\277"
 271      9FE6FAF7 
 271      B8FE0CD7 
 271      BF
 272 0bb6 CFF9B39C 		.ascii	"\317\371\263\234\377\200\363\3478\337\345\216\374\355"
ARM GAS  C:\cygwin\tmp\ccgFPrlh.s 			page 21


 272      FF80F3E7 
 272      38DFE58E 
 272      FCED
 273 0bc4 EEC8DFE1 		.ascii	"\356\310\337\341\216\374\235\356\310\367\342\2707\307"
 273      8EFC9DEE 
 273      C8F7E2B8 
 273      37C7
 274 0bd2 7D38BE8B 		.ascii	"}8\276\213\343\276\356\250\357\347\216\372\273\335Q"
 274      E3BEEEA8 
 274      EFE78EFA 
 274      BBDD51
 275 0be1 DFDF1DF5 		.ascii	"\337\337\035\365\367p\376^\316\017\340\374@\316\017"
 275      F770FE5E 
 275      CE0FE0FC 
 275      40CE0F
 276 0bf0 E2FC60CE 		.ascii	"\342\374`\316\017\341\374P\316\017\343x8\307\367q|?"
 276      0FE1FC50 
 276      CE0FE378 
 276      38C7F771 
 276      7C3F
 277 0c02 C723B87E 		.ascii	"\307#\270~$\327?\300\365\243\270\376A\316?\304\371\321"
 277      24D73FC0 
 277      F5A3B8FE 
 277      41CE3FC4 
 277      F9D1
 278 0c14 9C1FC3F9 		.ascii	"\234\037\303\371\261\234\177\230\363\3438\377\010\347"
 278      B19C7F98 
 278      F3E338FF 
 278      08E7
 279 0c22 C773FC28 		.ascii	"\307s\374(\307\217q<\201\343\211\\?\211\353\037\347"
 279      C78F713C 
 279      81E3895C 
 279      3F89EB1F 
 279      E7
 280 0c33 FAC95C3F 		.ascii	"\372\311\\?\205\343\251\034?\301\3614\216\247s\375\014"
 280      85E3A91C 
 280      3FC1F134 
 280      8EA773FD 
 280      0C
 281 0c44 AE9FC9F5 		.ascii	"\256\237\311\365\263\270~6\307s8\236\313\361<\216\347"
 281      B3B87E36 
 281      C773389E 
 281      CBF13C8E 
 281      E7
 282 0c55 73FD935C 		.ascii	"s\375\223\\\277\200\353\027r\375\"\316?\305\371\305"
 282      BF80EB17 
 282      72FD22CE 
 282      3FC5F9C5 
 283 0c65 9C5FC2F9 		.ascii	"\234_\302\371\245\234_\306\371\2479\377\014\347\237"
 283      A59C5FC6 
 283      F9A739FF 
 283      0CE79F
 284 0c74 E57839C7 		.ascii	"\345x9\307\317q\274\202\343\225\\\277\212\353Ws\375"
 284      CF71BC82 
 284      E3955CBF 
 284      8AEB5773 
 284      FD
ARM GAS  C:\cygwin\tmp\ccgFPrlh.s 			page 22


 285 0c85 1AAE5FCB 		.ascii	"\032\256_\313\361:\216\237\347x=\307\033\270\376\005"
 285      F13A8E9F 
 285      E7783DC7 
 285      1BB8FE05 
 286 0c95 AEDFC8F5 		.ascii	"\256\337\310\365/r\375&\2167s\374\022\307[8\336\312"
 286      2F72FD26 
 286      8E3773FC 
 286      12C75B38 
 286      DECA
 287 0ca7 F52F73FD 		.ascii	"\365/s\375+\\\277\215\353\267s~\007\347_\345\374N\316"
 287      2B5CBF8D 
 287      EBB7737E 
 287      07E75FE5 
 287      FC4ECE
 288 0cba EFE2FC6E 		.ascii	"\357\342\374n\316\357\341\374^\316\357\343\3705\216"
 288      CEEFE1FC 
 288      5ECEEFE3 
 288      F8358E
 289 0cc9 5FE7783F 		.ascii	"_\347x?\307\007\270\376\015\256?\310\365\207\270\376"
 289      C707B8FE 
 289      0DAE3FC8 
 289      F587B8FE 
 290 0cd9 4D8E0F73 		.ascii	"M\216\017s\374\026\307os|\204\353\217r\3751\256\177"
 290      FC16C76F 
 290      737C84EB 
 290      8F72FD31 
 290      AE7F
 291 0ceb 87EBDFE5 		.ascii	"\207\353\337\345\3708\307'8>\311\361)\256?\315\365\357"
 291      F838C727 
 291      383EC9F1 
 291      29AE3FCD 
 291      F5EF
 292 0cfd 71FD19AE 		.ascii	"q\375\031\256\177\237\363g9\377\001\347\317q\276\313"
 292      7F9FF367 
 292      39FF01E7 
 292      CF71BECB 
 293 0d0d 44FE7613 		.ascii	"D\376v\023\371;L\344\3574\221\357\305qo\216\373p|\027"
 293      F93B4CE4 
 293      EF3491EF 
 293      C5716F8E 
 293      FB707C17 
 294 0d21 C77D4DD4 		.ascii	"\307}M\324\3673Q\177\267\211\372\376&\352\357\341\374"
 294      F733517F 
 294      B789FAFE 
 294      26EAEFE1 
 294      FC
 295 0d32 BD9C1FC0 		.ascii	"\275\234\037\300\371\201\234\037\304\371\301\234\037"
 295      F9819C1F 
 295      C4F9C19C 
 295      1F
 296 0d3f C2F9A19C 		.ascii	"\302\371\241\234\037\306\361p\216\357\343\370~\216G"
 296      1FC6F170 
 296      8EEFE3F8 
 296      7E8E47
 297 0d4e 70FD48AE 		.ascii	"p\375H\256\177\200\353Gq\375\203\234\177\210\363\243"
 297      7F80EB47 
 297      71FD839C 
ARM GAS  C:\cygwin\tmp\ccgFPrlh.s 			page 23


 297      7F88F3A3 
 298 0d5e 393F86F3 		.ascii	"9?\206\363c9\3770\347\307q\376\021\316\217\347\370Q"
 298      6339FF30 
 298      E7C771FE 
 298      11CE8FE7 
 298      F851
 299 0d70 8E1FE378 		.ascii	"\216\037\343x\002\307\023\271~\022\327?\316\365\223"
 299      02C713B9 
 299      7E12D73F 
 299      CEF593
 300 0d7f B97E0AC7 		.ascii	"\271~\012\307S9~\202\343i\034O\347\372\031\\?\223\353"
 300      53397E82 
 300      E3691C4F 
 300      E7FA195C 
 300      3F93EB
 301 0d92 6771FD6C 		.ascii	"gq\375l\216\347p<\227\343y\034\317\347\372'\271~\001"
 301      8EE7703C 
 301      97E3791C 
 301      CFE7FA27 
 301      B97E01
 302 0da5 D72FE4FA 		.ascii	"\327/\344\372E\234\177\212\363\2139\277\204\363K9\277"
 302      459C7F8A 
 302      F38B39BF 
 302      84F34B39 
 302      BF
 303 0db6 8CF34F73 		.ascii	"\214\363Os\376\031\316?\313\361r\216\237\343x\005\307"
 303      FE19CE3F 
 303      CBF1728E 
 303      9FE37805 
 303      C7
 304 0dc7 2BB97E15 		.ascii	"+\271~\025\327\257\346\3725\250\257\037\326\263\032"
 304      D7AFE6FA 
 304      35A8AF1F 
 304      D6B31A
 305 0dd6 DF7BF6B0 		.ascii	"\337{\366\260\253!\266\253\272U\225z\271\264\247\241"
 305      AB21B6AB 
 305      BA55957A 
 305      B9B4A7A1 
 306 0de6 9F0CAAE0 		.ascii	"\237\014\252\340h<B\373\253\034_\303\2505W\272\031u"
 306      683C42FB 
 306      AB1C5FC3 
 306      A83557BA 
 306      1975
 307 0df8 E6B3CED3 		.ascii	"\346\263\316\323\317\375\251\276'\314\203\356\363\332"
 307      CFFDA9BE 
 307      27CC83EE 
 307      F3DA
 308 0e06 04E23641 		.ascii	"\004\3426A\200>\001\350\013\376'\340\177i2\210\233\014"
 308      803E01E8 
 308      0BFE27E0 
 308      7F693288 
 308      9B0C
 309 0e18 691A889B 		.ascii	"i\032\210\233\006a\366\004f/\214\236\300\350\245\245"
 309      0661F604 
 309      662F8C9E 
 309      C0E8A5A5 
 310 0e28 206E29C4 		.ascii	" n)\304\000 \030\000\322\221\020w$\322\261\020w,\342"
ARM GAS  C:\cygwin\tmp\ccgFPrlh.s 			page 24


 310      00201800 
 310      D2911077 
 310      24D2B110 
 310      772CE2
 311 0e3b 2610DC04 		.ascii	"&\020\334\004i(\210\033\012\301\3704\037\343\0230>\267"
 311      6928881B 
 311      0AC1F834 
 311      1FE31330 
 311      3EB7
 312 0e4d 1BC4ED86 		.ascii	"\033\304\355\206`|\002\306\227n\203\270\333\220n\204"
 312      607C02C6 
 312      976E83B8 
 312      DB906E84 
 313 0e5d B81B1113 		.ascii	"\270\033\021\023\200`\002\210\237@\360\023\244\365\241"
 313      80600288 
 313      9F40F013 
 313      A4F5A1
 314 0e6c 05AD0F71 		.ascii	"\005\255\017q\353#~\003\301o\220\316\211\270sb\257\202"
 314      EB237E03 
 314      C16F90CE 
 314      89B87362 
 314      AF82
 315 0e7e E055C487 		.ascii	"\340U\304\207\357K\261\264\\\374h\333E\334vI\037B\334"
 315      EF4BB1B4 
 315      5CFC68DB 
 315      45DC7649 
 315      1F42DC
 316 0e91 87882F40 		.ascii	"\207\210/@\363}\001\202/ ]\012q\227\"\306\000\301\030"
 316      F37D0182 
 316      2F205D0A 
 316      719722C6 
 316      00C118
 317 0ea4 902685B8 		.ascii	"\220&\205\270I\221&\206\270\211\021[\201`+\210S@p\012"
 317      49912686 
 317      B889115B 
 317      81602B88 
 317      5340700A 
 318 0eb8 A465A105 		.ascii	"\244e\241\005-\013q\313\"N\002\301I\220\216\207\270"
 318      2D0B71CB 
 318      224E02C1 
 318      49908E87 
 318      B8
 319 0ec9 E3111B82 		.ascii	"\343\021\033\202`C\210IA0)\244_\"\356\227\304;!x'\322"
 319      60438849 
 319      413029A4 
 319      5F22EE97 
 319      C43B2178 
 320 0edf CED18276 		.ascii	"\316\321\202v\216\270\235\023o\205\340\255H7G\334\315"
 320      8EB89D13 
 320      6F85E0AD 
 320      483747DC 
 320      CD
 321 0ef0 89B94230 		.ascii	"\211\271B0W\304z!X/\322\013\022\367\202\322[\022\367"
 321      57C47A21 
 321      582FD20B 
 321      12F782D2 
 321      5B12F7
ARM GAS  C:\cygwin\tmp\ccgFPrlh.s 			page 25


 322 0f03 96E2F2D0 		.ascii	"\226\342\362\320|\227\207\340\362H\347I\334y\212ED\260"
 322      7C9787E0 
 322      F248E749 
 322      DC798A45 
 322      44B0
 323 0f15 88A47125 		.ascii	"\210\244q%n\\\245\261%nl\305c'x\354\322\372\020\267"
 323      6E5CA5B1 
 323      256E6CC5 
 323      632778EC 
 323      D2FA10B7 
 324 0f29 3EE257D0 		.ascii	">\342W\320|\277\202\340WHcD\334\030\211aA0,\244/\"\356"
 324      7CBF82E0 
 324      57486344 
 324      DC188961 
 324      41302CA4 
 325 0f40 8BA46F22 		.ascii	"\213\244o\"\356\233\304\356 \330\035\342`\020\034\014"
 325      EE9BC4EE 
 325      20D81DE2 
 325      60101C0C 
 326 0f50 E9926841 		.ascii	"\351\222hA\227D\334%\211\303Ap8\244\311\"i\262\330\036"
 326      9744DC25 
 326      89C34170 
 326      38A4C922 
 326      69B2D81E 
 327 0f64 21D82362 		.ascii	"!\330#b\236\020\314\023i\321\210[4\3618\010\036\207"
 327      9E10CC13 
 327      69D1885B 
 327      34F13808 
 327      1E87
 328 0f76 7450B4A0 		.ascii	"tP\264\240\203\"\356\240\304\003!\366@\330\364 \230"
 328      8322EEA0 
 328      C40321F6 
 328      40D8F420 
 328      98
 329 0f87 1E628910 		.ascii	"\036b\211\020,\021i\267\210\333-i\337\210\3337q_h\276"
 329      2C1169B7 
 329      88DB2D69 
 329      DF88DB37 
 329      715F68BE 
 330 0f9b FB42705F 		.ascii	"\373Bp_\244"
 330      A4
 331 0fa0 B9236EEE 		.ascii	"\271#n\356\304\272!X7\322\033\022\367\206\322;\022\367"
 331      C4BA2158 
 331      37D21B12 
 331      F786D23B 
 331      12F7
 332 0fb2 8E62FC10 		.ascii	"\216b\374\020\214\037\361\275\010\276\2274\3324\277"
 332      8C1FF1BD 
 332      08BE9734 
 332      DA34BF
 333 0fc1 D1266EB4 		.ascii	"\321&n\264\305\026#\330b\322g\023\367\331\342\213\021"
 333      C51623D8 
 333      62D26713 
 333      F7D9E28B 
 333      11
 334 0fd2 7C3171CD 		.ascii	"|1q\315\010\256\231t\351\304]\272t\335\304]\267\030"
 334      08AE9974 
ARM GAS  C:\cygwin\tmp\ccgFPrlh.s 			page 26


 334      E9C45DBA 
 334      74DDC45D 
 334      B718
 335 0fe4 6534DF28 		.ascii	"e4\337(#\030e\322\223\023\367\344\342\262\021\\6i\351"
 335      231865D2 
 335      9313F7E4 
 335      E2B2115C 
 335      3669E9
 336 0ff7 895B7A69 		.ascii	"\211[zi\371\211[~\361"
 336      F9895B7E 
 336      F1
 337 1000 E8081E9D 		.ascii	"\350\010\036\235\340\010b\034!\326!\315\267\016\011"
 337      E008621C 
 337      21D621CD 
 337      B70E09
 338 100f D6A1C00A 		.ascii	"\326\241\300\012bX!\336!\301;dXA\014+\030e\020\243\014"
 338      625821DE 
 338      21C13B64 
 338      58410C2B 
 338      186510A3 
 339 1024 F11D09BE 		.ascii	"\361\035\011\276\2438\230\004\007S\270\011-\340&\304"
 339      A3389804 
 339      0753B809 
 339      2DE026C4 
 340 1034 DC841D4E 		.ascii	"\334\204\035N\202\303)\324\205\230\272\210;JpG\345\275"
 340      82C329D4 
 340      8598BA88 
 340      3B4A7047 
 340      E5BD
 341 1046 0CC27B19 		.ascii	"\014\302{\031\302l\210\231\215\020\\b\202+f\015\315"
 341      C26C8899 
 341      8D105C62 
 341      822B660D 
 341      CD
 342 1057 376B0866 		.ascii	"7k\010f\215\360]b\276+n\015\301\255\021\274K\214w\005"
 342      8DF05D62 
 342      BE2B6E0D 
 342      C1AD11BC 
 342      4B8C7705 
 343 106b FF12E35F 		.ascii	"\377\022\343_\361z\010^\217\3307\004\373\206a/-\200"
 343      F17A085E 
 343      8FD83704 
 343      FB86612F 
 343      2D80
 344 107d BDC4B057 		.ascii	"\275\304\260W\334\035\202\273#\250\230\030\025\2135"
 344      DC1D82BB 
 344      23A89818 
 344      158B35
 345 108c 44B086C4 		.ascii	"D\260\206\3048\"\030G\002\232\211A\263\030<\004\203"
 345      38221847 
 345      029A8941 
 345      B3183C04 
 345      83
 346 109d 4740302D 		.ascii	"G@0-\000\301\304 X\014 \202\001$\034\230\230\003\213"
 346      00C1C420 
 346      580C2082 
 346      01241C98 
ARM GAS  C:\cygwin\tmp\ccgFPrlh.s 			page 27


 346      98038B
 347 10b0 03447080 		.ascii	"\003Dp\200\304\037\"\370CB\221\211)\262Pib*-N\024\315"
 347      C41F22F8 
 347      43429189 
 347      29B25069 
 347      622A2D4E 
 348 10c6 73A2084E 		.ascii	"s\242\010N\224 kbd-.\026\301\305\022\342ML\274\205\210"
 348      94206B62 
 348      642D2E16 
 348      C1C512E2 
 348      4D4CBC85 
 349 10db 131371F1 		.ascii	"\023\023q\361\300\010\036\230\230D\004\223H\3701-\340"
 349      C0081E98 
 349      98440493 
 349      48F8312D 
 349      E0
 350 10ec C7C4FC58 		.ascii	"\307\304\374XL$\202\211$\370\230\030\037\213\213Dp\221"
 350      4C248289 
 350      24F89818 
 350      1F8B8B44 
 350      7091
 351 10fe C4632278 		.ascii	"\304c\"xL\002\237I\3403\303db\230,\276\022\315\367\225"
 351      4C029F49 
 351      E033C364 
 351      62982CBE 
 351      12CDF795 
 352 1112 08BE92A0 		.ascii	"\010\276\222\240fb\324\314\236\024\301\223\022PM\014"
 352      6662D4CC 
 352      9E14C193 
 352      12504D0C 
 353 1122 AA056413 		.ascii	"\252\005d\023\203l1\264\010\206\226pvb\316.6\033\315"
 353      836C31B4 
 353      08869670 
 353      7662CE2E 
 353      361BCD
 354 1135 B3D90836 		.ascii	"\263\331\0106\233@xb\010/>\033\301g\023\006O\314\340"
 354      9B407862 
 354      082F3E1B 
 354      C1671306 
 354      4FCCE0
 355 1148 85D11333 		.ascii	"\205\321\0233zq\351\010.\235\370}\004\277O\034\001Z"
 355      7A71E908 
 355      2E9DF87D 
 355      04BF4F1C 
 355      015A
 356 115a E0089038 		.ascii	"\340\010\2208\002\354\007\022\374@1\024\210\015\005"
 356      02EC0712 
 356      FC403114 
 356      880D05
 357 1169 31130966 		.ascii	"1\023\011f\242X\215\004\253Q\354\010b;B\214f\202\321"
 357      A2588D04 
 357      AB51EC08 
 357      623B428C 
 357      6682D1
 358 117c 2C66152D 		.ascii	",f\025-0\253\210\315*1\242\011F\264xU\304^\2258\321"
 358      30AB88CD 
 358      2A31A209 
ARM GAS  C:\cygwin\tmp\ccgFPrlh.s 			page 28


 358      46B47855 
 358      C45E9538 
 359 1191 04275A7C 		.ascii	"\004'Z|j\202O-N\027\261\323%\316\025\261s%\3264\315"
 359      6A824F2D 
 359      4E17B1D3 
 359      25CE15B1 
 359      7325D634 
 360 11a6 B7A609D6 		.ascii	"\267\246\011\326\264\370Z\304\276\226\370\332\004_["
 360      B4F85AC4 
 360      BE96F8DA 
 360      045F5B
 361 11b5 6C31625B 		.ascii	"l1b[Ll3b\333L\\q\202+.\256\026\261\253%\3465\3157\257"
 361      4C6C3362 
 361      DB4C5C71 
 361      822B2EAE 
 361      16B1AB25 
 362 11ce 09E6B578 		.ascii	"\011\346\265x^\304\236\227\270\327\004\367Z,/b\313K"
 362      5EC49E97 
 362      B8D704F7 
 362      5A2C2F62 
 362      CB4B
 363 11e0 2C31624B 		.ascii	",1bKL\274o\202\367-6:\301F\027\003\216\026\030p\304"
 363      4CBC6F82 
 363      F72D363A 
 363      C1461703 
 363      8E161870 
 364 11f5 069CD8EC 		.ascii	"\006\234\330\354\004\233]\374;b\377N<z\202G/\016>\301"
 364      049B5DFC 
 364      3B62FF4E 
 364      3C7A8247 
 364      2F0E3EC1 
 365 1209 C117F78F 		.ascii	"\301\027\367\217\330\375\023/\224\330\013\225\367\033"
 365      D8FD132F 
 365      94D80B95 
 365      F71B
 366 1217 68DEFB0D 		.ascii	"h\336\373\015\204\367\033\304(%6J\345\005\007\302\013"
 366      84F71BC4 
 366      2825364A 
 366      E50507C2 
 366      0B
 367 1228 0E629412 		.ascii	"\016b\224\022\033\245\354\243\022\373\250\362v\004\341"
 367      1BA5ECA3 
 367      12FBA8F2 
 367      7604E1
 368 1237 ED0879E1 		.ascii	"\355\010y\341\201\360\302\003\273\246\264\3005%vM\345"
 368      81F0C203 
 368      BBA6B4C0 
 368      3525764D 
 368      E5
 369 1248 7D08C2FB 		.ascii	"}\010\302\373\020\342\271\022{\256\3622\005\341e\012"
 369      10E2B912 
 369      7BAEF232 
 369      05E1650A 
 370 1258 79D582F0 		.ascii	"y\325\202\360\252\2058\266\304\216\255\274\000Bx\001"
 370      AA8538B6 
 370      C48EADBC 
 370      00427801 
ARM GAS  C:\cygwin\tmp\ccgFPrlh.s 			page 29


 371 1268 44FC645A 		.ascii	"D\374dZ\340'\023\373\311\362\202\010\341\005\021\261"
 371      E02713FB 
 371      C9F28208 
 371      E10511B1 
 372 1278 9389ED64 		.ascii	"\223\211\355dyC\204\360\206\210\274?Bx\177D\314hb3Z"
 372      794384F0 
 372      8688BC3F 
 372      42787F44 
 372      CC686233 
 373 128d CC6D6273 		.ascii	"\314mbs[^U\241\371\257\252\020^U\021\353\233\330\372"
 373      5B5E55A1 
 373      F9AFAA10 
 373      5E5511EB 
 373      9BD8FA
 374 12a0 2E71A54E 		.ascii	".q\245N\252\217&\350N\013\356\020t\247\325v\010\272"
 374      AA8F26E8 
 374      4E0BEE10 
 374      74A7D576 
 374      08BA
 375 12b2 D39A3B04 		.ascii	"\323\232;\004\275\336\004Ao0A\320/\230 \350\215\246"
 375      BDDE0441 
 375      6F3041D0 
 375      2F9820E8 
 375      8DA6
 376 12c4 26E8174D 		.ascii	"&\350\027M\020\364&\023\004\275\331d\202n\202\240\267"
 376      10F42613 
 376      04BDD964 
 376      826E82A0 
 376      B7
 377 12d5 9820E8AD 		.ascii	"\230 \350\255&\010\372e\023\004\375\212\011\202\336"
 377      2608FA65 
 377      1304FD8A 
 377      0982DE
 378 12e4 6682A0B7 		.ascii	"f\202\240\267\233 \350\035&\010\372U\023\004\275\323"
 378      9B20E81D 
 378      2608FA55 
 378      1304BDD3 
 379 12f4 0441EF32 		.ascii	"\004A\3572A\320\273M\020\364\036\023\004\275\327\004"
 379      41D0BB4D 
 379      10F41E13 
 379      04BDD704 
 380 1304 41EF3341 		.ascii	"A\3573A\320\257\231 \350\327M\020\364~\023\004}\300"
 380      D0AF9920 
 380      E8D74D10 
 380      F47E1304 
 380      7DC0
 381 1316 0441BF61 		.ascii	"\004A\277a\202\240\017\232 \350C&\010\372M\023\004}"
 381      82A00F9A 
 381      20E84326 
 381      08FA4D13 
 381      047D
 382 1328 D80441BF 		.ascii	"\330\004A\277e\202\240\3376A\320GL\020\364Q\023\004"
 382      6582A0DF 
 382      3641D047 
 382      4C10F451 
 382      1304
 383 133a 7DCC0441 		.ascii	"}\314\004A\277c\202\240\3375A\320\307M\020\364\011\023"
ARM GAS  C:\cygwin\tmp\ccgFPrlh.s 			page 30


 383      BF6382A0 
 383      DF3541D0 
 383      C74D10F4 
 383      0913
 384 134c 047DD204 		.ascii	"\004}\322\004A\2372A\320\247M\020\364{&\010\372\214"
 384      419F3241 
 384      D0A74D10 
 384      F47B2608 
 384      FA8C
 385 135e 09827EDF 		.ascii	"\011\202~\337\004A\2375A\320\037\230 \350s&\010\272"
 385      04419F35 
 385      41D01F98 
 385      20E87326 
 385      08BA
 386 1370 4B81A06F 		.ascii	"K\201\240oW \350;\024\010\372N\005\202\356\245@\320"
 386      5720E83B 
 386      1408FA4E 
 386      0582EEA5 
 386      40D0
 387 1382 BD1508BA 		.ascii	"\275\025\010\272\217\002A\337\245@\320}\025\010\272"
 387      8F0241DF 
 387      A540D07D 
 387      1508BA
 388 1391 9F0241DF 		.ascii	"\237\002A\337\255@\320\375\025\010\372\036\005\202\276"
 388      AD40D0FD 
 388      1508FA1E 
 388      0582BE
 389 13a0 5781A007 		.ascii	"W\201\240\007(\020\364@\005\202\036\244@\320\203\025"
 389      2810F440 
 389      05821EA4 
 389      40D08315 
 390 13b0 087A8802 		.ascii	"\010z\210\002A\017U \350a\012\004=\\\201\240\357S \350"
 390      410F5520 
 390      E8610A04 
 390      3D5C81A0 
 390      EF5320E8 
 391 13c4 FB15087A 		.ascii	"\373\025\010z\204\002A\217T \350\007\024\010z\224\002"
 391      8402418F 
 391      5420E807 
 391      14087A94 
 391      02
 392 13d5 413FA840 		.ascii	"A?\250@\320\017)\020\364h\005\202~\322\000A\217Q \350"
 392      D00F2910 
 392      F4680582 
 392      7ED20041 
 392      8F5120E8 
 393 13e9 B10A04FD 		.ascii	"\261\012\004\375\260\002A\217S \350G\024\010z\274\002"
 393      B002418F 
 393      5320E847 
 393      14087ABC 
 393      02
 394 13fa 413FAA40 		.ascii	"A?\252@\320\217)\020\364\004\005\202\236\250@\320\223"
 394      D08F2910 
 394      F4040582 
 394      9EA840D0 
 394      93
 395 140b 1408FA71 		.ascii	"\024\010\372q\005\202\236\254@\320S\024\010z\252\002"
ARM GAS  C:\cygwin\tmp\ccgFPrlh.s 			page 31


 395      05829EAC 
 395      40D05314 
 395      087AAA02 
 396 141b 413FA140 		.ascii	"A?\241@\320\323\024\010z\272\002A\317P \350\231\012"
 396      D0D31408 
 396      7ABA0241 
 396      CF5020E8 
 396      990A
 397 142d 043D4B81 		.ascii	"\004=K\201\240g+\020\364\034\005\202\236\253@\320\363"
 397      A0672B10 
 397      F41C0582 
 397      9EAB40D0 
 397      F3
 398 143e 14087ABE 		.ascii	"\024\010z\276\002A?\251@\320\013\024\010z\241\002A/"
 398      02413FA9 
 398      40D00B14 
 398      087AA102 
 398      412F
 399 1450 5220E8A7 		.ascii	"R \350\247\024\010z\261\002A/Q \350\245\012\004\275"
 399      14087AB1 
 399      02412F51 
 399      20E8A50A 
 399      04BD
 400 1462 4C81A09F 		.ascii	"L\201\240\237V \350g\024\010\372Y\005\202^\256@\320"
 400      5620E867 
 400      1408FA59 
 400      05825EAE 
 400      40D0
 401 1474 CF2910F4 		.ascii	"\317)\020\364\012\005\202^\251@\320\253\024\010z\265"
 401      0A05825E 
 401      A940D0AB 
 401      14087AB5 
 402 1484 0241AF51 		.ascii	"\002A\257Q \350\265\012\004\275N\201\240\237W \350\365"
 402      20E8B50A 
 402      04BD4E81 
 402      A09F5720 
 402      E8F5
 403 1496 0A04BD41 		.ascii	"\012\004\275A\201\240_P \350\215\012\004\375\242\002"
 403      81A05F50 
 403      20E88D0A 
 403      04FDA202 
 404 14a6 416F5220 		.ascii	"AoR \350\315\012\004\375\222\002AoQ \350\255\012\004"
 404      E8CD0A04 
 404      FD920241 
 404      6F5120E8 
 404      AD0A04
 405 14b9 FDB20241 		.ascii	"\375\262\002A\277\242@\320\333\024\010z\273\002A\357"
 405      BFA240D0 
 405      DB14087A 
 405      BB0241EF 
 406 14c9 5020E857 		.ascii	"P \350W\025\010z\247\002A\357R \350\335\012\004\275"
 406      15087AA7 
 406      0241EF52 
 406      20E8DD0A 
 406      04BD
 407 14db 4781A0F7 		.ascii	"G\201\240\367*\020\364>\005\202~M\201\240_W \350\375"
 407      2A10F43E 
ARM GAS  C:\cygwin\tmp\ccgFPrlh.s 			page 32


 407      05827E4D 
 407      81A05F57 
 407      20E8FD
 408 14ee 0A047D40 		.ascii	"\012\004}@\201\240\337P \350\203\012\004}H\201\240\337"
 408      81A0DF50 
 408      20E8830A 
 408      047D4881 
 408      A0DF
 409 1500 5420E8C3 		.ascii	"T \350\303\012\004\375\226\002A\277\255@\320G\024\010"
 409      0A04FD96 
 409      0241BFAD 
 409      40D04714 
 409      08
 410 1511 FAA80241 		.ascii	"\372\250\002A\037S \350w\024\010\372]\005\202>\256@"
 410      1F5320E8 
 410      771408FA 
 410      5D05823E 
 410      AE40
 411 1523 D0271408 		.ascii	"\320'\024\010\372\244\002A\237R \350\323\012\004\375"
 411      FAA40241 
 411      9F5220E8 
 411      D30A04FD 
 412 1533 9E02419F 		.ascii	"\236\002A\237Q \350\367\025\010\372\254\002A\177\240"
 412      5120E8F7 
 412      1508FAAC 
 412      02417FA0 
 413 1543 40D0E714 		.ascii	"@\320\347\024\010\272\313\002A\337n\201\240\357\260"
 413      08BACB02 
 413      41DF6E81 
 413      A0EFB0
 414 1552 40D0775A 		.ascii	"@\320wZ \350^\026\010\272\267\005\202\356c\201\240\357"
 414      20E85E16 
 414      08BAB705 
 414      82EE6381 
 414      A0EF
 415 1564 B240D07D 		.ascii	"\262@\320}-\020t?\013\004}\267\005\202\356o\201\240"
 415      2D10743F 
 415      0B047DB7 
 415      0582EE6F 
 415      81A0
 416 1576 EFB140D0 		.ascii	"\357\261@\320\367Z \350\001\026\010z\240\005\202\036"
 416      F75A20E8 
 416      0116087A 
 416      A005821E 
 417 1586 6481A007 		.ascii	"d\201\240\007[ \350!\026\010z\250\005\202\036f\201\240"
 417      5B20E821 
 417      16087AA8 
 417      05821E66 
 417      81A0
 418 1598 875B20E8 		.ascii	"\207[ \350\373,\020\364\375\026\010z\204\005\202\036"
 418      FB2C10F4 
 418      FD16087A 
 418      8405821E 
 419 15a8 6981A01F 		.ascii	"i\201\240\037\260@\320\243,\020\364\203\026\010\372"
 419      B040D0A3 
 419      2C10F483 
 419      1608FA
ARM GAS  C:\cygwin\tmp\ccgFPrlh.s 			page 33


 420 15b7 210B043D 		.ascii	"!\013\004=\332\002A\217\261@\320c-\020\364\303\026\010"
 420      DA02418F 
 420      B140D063 
 420      2D10F4C3 
 420      1608
 421 15c9 7A9C0582 		.ascii	"z\234\005\202~\304\002A\217\267@\320\217Z \350\307,"
 421      7EC40241 
 421      8FB740D0 
 421      8F5A20E8 
 421      C72C
 422 15db 10F4040B 		.ascii	"\020\364\004\013\004=\321\002AO\262@\320\217[ \350\311"
 422      043DD102 
 422      414FB240 
 422      D08F5B20 
 422      E8C9
 423 15ed 16087A8A 		.ascii	"\026\010z\212\005\202\236j\201\240\237\260@\320\323"
 423      05829E6A 
 423      81A09FB0 
 423      40D0D3
 424 15fc 2C10F474 		.ascii	",\020\364t\013\004=\303\002A\317\264@\320\263,\020\364"
 424      0B043DC3 
 424      0241CFB4 
 424      40D0B32C 
 424      10F4
 425 160e 6C0B043D 		.ascii	"l\013\004=\307\002A\317\265@\320\363,\020\364|\013\004"
 425      C70241CF 
 425      B540D0F3 
 425      2C10F47C 
 425      0B04
 426 1620 FDA40582 		.ascii	"\375\244\005\202^`\201\240\027Z \350E\026\010\372)\013"
 426      5E6081A0 
 426      175A20E8 
 426      451608FA 
 426      290B
 427 1632 04BDD802 		.ascii	"\004\275\330\002A/\261@\320K-\020\3642\013\004\375\264"
 427      412FB140 
 427      D04B2D10 
 427      F4320B04 
 427      FDB4
 428 1644 05827EC6 		.ascii	"\005\202~\306\002A?k\201\240\227[ \350\227\230\240\327"
 428      02413F6B 
 428      81A0975B 
 428      20E89798 
 428      A0D7
 429 1656 32416F9A 		.ascii	"2Ao\232O\320\303\263\022\257\233\032\241\307\316\354"
 429      4FD0C3B3 
 429      12AF9B1A 
 429      A1C7CEEC 
 430 1666 707DFB51 		.ascii	"p}\373Q\204~\336\\\210\320\355O\234\027\346\255\225"
 430      847EDE5C 
 430      88D0ED4F 
 430      9C17E6AD 
 430      95
 431 1677 6E4685F5 		.ascii	"nF\205\365\354\250\273\031v\271p\307\"c\3312\217\010"
 431      ECA8BB19 
 431      76B970C7 
 431      2263D932 
ARM GAS  C:\cygwin\tmp\ccgFPrlh.s 			page 34


 431      8F08
 432 1689 E7EF5B7C 		.ascii	"\347\357[|\203\037\374j\016?\201\213\214j\313\303\315"
 432      831FFC6A 
 432      0E3F818B 
 432      8C6ACBC3 
 432      CD
 433 169a F978CAA9 		.ascii	"\371x\312\251\347\010\375\222\377\302?\355p\323!7\243"
 433      E708FD92 
 433      FFC23FED 
 433      70D32137 
 433      A3
 434 16ab D21E6E95 		.ascii	"\322\036n\225\265LK\347\361\255#&\300s\336_O8#z\370"
 434      B54C4BE7 
 434      F1AD2326 
 434      C073DE5F 
 434      4F38237A 
 435 16c0 77013596 		.ascii	"w\0015\226\376\353\011\375\377co\374t\325\217_\377\331"
 435      FEEB09FD 
 435      FF636FFC 
 435      74D58F5F 
 435      FFD9
 436 16d2 63DF7FED 		.ascii	"c\337\177\355\215\345\257\270-\336\266a\323\326\227"
 436      8DE5AFB8 
 436      2DDEB661 
 436      D3D697
 437 16e1 57AED9EA 		.ascii	"W\256\331\352\261f\215\374\372\346\272o\255\376`\313"
 437      B1668DFC 
 437      FAE6BA6F 
 437      ADFE60CB 
 438 16f1 E677B7AC 		.ascii	"\346w\267\254\335\270\374\235\015\357\257\377p\365\273"
 438      DDB8FC9D 
 438      0DEFAFFF 
 438      70F5BB
 439 1700 EBD6AD58 		.ascii	"\353\326\255X\273e\343\212M\2337\255_\261~\355[\033"
 439      BB65E38A 
 439      4D9B37AD 
 439      5FB17EED 
 439      5B1B
 440 1712 567C7DCD 		.ascii	"V|}\3157W|\365+/\177}\365\274\217Wo\330\264\356\375"
 440      37577CF5 
 440      2B2F7F7D 
 440      F5BC8F57 
 440      6FD8B4EE 
 441 1727 6D6FAF5F 		.ascii	"mo\257_\275q\355\272\3676lZ\277z\315\333\353\337Y\273"
 441      BD71EDBA 
 441      F7366C5A 
 441      BF7ACDDB 
 441      EBDF59BB 
 442 173b EDFDAD6B 		.ascii	"\355\375\255k\266\376\342\203\365\037\276\370\236\333"
 442      B6FEE283 
 442      F51FBEF8 
 442      9EDB
 443 1749 0FFFFFB5 		.ascii	"\017\377\377\265?\334\372\266=P\273\326\323\337\333"
 443      3FDCFAB6 
 443      3D50BBD6 
 443      D3DFDB
 444 1758 B27EFDAB 		.ascii	"\262~\375\253\233\337~k\333\207/}\260y\313V\375\217"
ARM GAS  C:\cygwin\tmp\ccgFPrlh.s 			page 35


 444      9BDF7E6B 
 444      DB872F7D 
 444      B079CB56 
 444      FD8F
 445 176a FDB9F5C6 		.ascii	"\375\271\365\306+\253\276\363\372\222m\037\276\372\335"
 445      2BABBEF3 
 445      FA926D1F 
 445      BEFADD
 446 1779 575E7FE5 		.ascii	"W^\177\345\345\225\237}d\275\215\370o\313\326m/m|k\335"
 446      E5959F7D 
 446      64BD8DF8 
 446      6FCBD66D 
 446      2F6D7C6B 
 447 178e 96752FAE 		.ascii	"\226u/\256s[\274v\333:{\275U\033\370\227\037m\3765f"
 447      735BBC76 
 447      DB3A7BBD 
 447      551BF897 
 447      1F6DFE35 
 448 17a3 606132   		.ascii	"`a2"
 449              		.text
 450              		.section	.gnu.lto_.symtab.652bfc13,"",%progbits
 451 0000 75734D42 		.ascii	"usMBCRC16\000\000\000\000\000\000\000\000\000\000\000"
 451      43524331 
 451      36000000 
 451      00000000 
 451      00000000 
 452 0014 00C10000 		.ascii	"\000\301\000\000\000"
 452      00
 453              		.text
 454              		.section	.gnu.lto_.opts,"",%progbits
 455 0000 272D666E 		.ascii	"'-fno-trapv' '-mcpu=cortex-m4' '-mno-thumb-interwor"
 455      6F2D7472 
 455      61707627 
 455      20272D6D 
 455      6370753D 
 456 0033 6B272027 		.ascii	"k' '-mthumb' '-ggdb' '-O2' '-fomit-frame-pointer' '"
 456      2D6D7468 
 456      756D6227 
 456      20272D67 
 456      67646227 
 457 0066 2D66616C 		.ascii	"-falign-functions=16' '-ffunction-sections' '-fdata"
 457      69676E2D 
 457      66756E63 
 457      74696F6E 
 457      733D3136 
 458 0099 2D736563 		.ascii	"-sections' '-fno-common' '-flto'\000"
 458      74696F6E 
 458      73272027 
 458      2D666E6F 
 458      2D636F6D 
 459              		.text
 460              		.comm	__gnu_lto_v1,1,1
 461              		.comm	__gnu_lto_slim,1,1
 462              		.ident	"GCC: (GNU Tools for ARM Embedded Processors) 4.9.3 20141119 (release) [ARM/embedded-4_9-br
ARM GAS  C:\cygwin\tmp\ccgFPrlh.s 			page 36


DEFINED SYMBOLS
                            *ABS*:00000000 mbcrc.c
                            *COM*:00000001 __gnu_lto_v1
                            *COM*:00000001 __gnu_lto_slim

NO UNDEFINED SYMBOLS
