ARM GAS  C:\cygwin\tmp\ccMPe6yR.s 			page 1


   1              		.syntax unified
   2              		.cpu cortex-m4
   3              		.fpu softvfp
   4              		.eabi_attribute 20, 1
   5              		.eabi_attribute 21, 1
   6              		.eabi_attribute 23, 3
   7              		.eabi_attribute 24, 1
   8              		.eabi_attribute 25, 1
   9              		.eabi_attribute 26, 1
  10              		.eabi_attribute 30, 2
  11              		.eabi_attribute 34, 1
  12              		.eabi_attribute 18, 4
  13              		.thumb
  14              		.file	"mbfuncother.c"
  15              		.text
  16              	.Ltext0:
  17              		.section	.gnu.lto_.profile.652bf65f,"",%progbits
  18 0000 789C6366 		.ascii	"x\234cf```a\200\000F\006;\005\000\001\020\000g"
  18      60606061 
  18      80004606 
  18      3B050001 
  18      100067
  19              		.text
  20              		.section	.gnu.lto_.jmpfuncs.652bf65f,"",%progbits
  21 0000 789C6D8E 		.ascii	"x\234m\216/\013\002Q\020\304wv\0174\010\327\257\232"
  21      2F0B0251 
  21      10C47776 
  21      0F3408D7 
  21      AF9A
  22 0012 4CF725FC 		.ascii	"L\367%\374N\227\216\367\004\203\030,\202A9\253\377\015"
  22      4E978EF7 
  22      0483182C 
  22      824139AB 
  22      FF0D
  23 0024 825D4C16 		.ascii	"\202]L\026\021Q\260\331\004\213A\260\234\"\270\357T"
  23      1151B0D9 
  23      048B41B0 
  23      9C22B8EF 
  23      54
  24 0035 2C4E5976 		.ascii	",NYvw\230\337\010\375\327\3463\205\030\020\030\341+"
  24      7798DF08 
  24      FDD7E633 
  24      85181018 
  24      E12B
  25 0047 A3BB6B4C 		.ascii	"\243\273kL9~\330\232\315\247LO\326\277^\333\207\323"
  25      397ED89A 
  25      CDA74C4F 
  25      D6BF5EDB 
  25      87D3
  26 0059 4DCE9C32 		.ascii	"M\316\23428[\327\363e.A\247b\235\213\321C\214>\202\314"
  26      385BD7F3 
  26      652E41A7 
  26      629D8BD1 
  26      438C3E82 
  27 006e 7ABCAF66 		.ascii	"z\274\257f\3767@0@\002\"\014\021\223D\004\207\363\240"
  27      FE374030 
  27      4002220C 
ARM GAS  C:\cygwin\tmp\ccMPe6yR.s 			page 2


  27      11934404 
  27      87F3A0
  28 0081 F28D8161 		.ascii	"\362\215\201a\211\024 \221\020y\256\2031\"e\2244\310"
  28      89142091 
  28      1079AE83 
  28      31226594 
  28      34C8
  29 0093 55A957B7 		.ascii	"U\251W\267{\204\023\373\206h\025\024\003z\367Y\\Z\315"
  29      7B8413FB 
  29      86681514 
  29      037AF759 
  29      5C5ACD
  30 00a6 C20F3242 		.ascii	"\302\0172B\250\214\2612T/ \311;O"
  30      A88CB132 
  30      542F20C9 
  30      3B4F
  31              		.text
  32              		.section	.gnu.lto_.inline.652bf65f,"",%progbits
  33 0000 789C6366 		.ascii	"x\234cf\300\016v@if\006\006NAF \0002\231.\3603\260-"
  33      C00E7640 
  33      69660606 
  33      4E414620 
  33      0032992E 
  34 0018 90676200 		.ascii	"\220gb\0002X@\222,\274 \005\023\374&\37013\010q2\262"
  34      32584092 
  34      2CBC2005 
  34      13FC26F8 
  34      31330871 
  35 002e 31667E64 		.ascii	"1f~dbl\\\266\273\207\375\005\323O&\240\022\306\345\214"
  35      626C5CB6 
  35      BB87FD05 
  35      D34F26A0 
  35      12C6E58C 
  36 0042 520C8C19 		.ascii	"R\014\214\031`\212\031E\222\025(\271\002$\232\001\241"
  36      608A1945 
  36      921528B9 
  36      02249A01 
  36      A1
  37 0053 80E683EC 		.ascii	"\200\346\203\354`\341z\"\011\261\203\343\204\246\003"
  37      60E17A22 
  37      09B183E3 
  37      84A603
  38 0062 03CB0AAE 		.ascii	"\003\313\012\256\006F\250M\002\014L \233X\030\270\205"
  38      0646A84D 
  38      020C4C20 
  38      9B5818B8 
  38      85
  39 0073 812A41EE 		.ascii	"\201*A\356a\355Pg`\357PGs\317\004?\240\213\030\000\342"
  39      61ED5067 
  39      60EF5047 
  39      73CF043F 
  39      A08B1800 
  40 0088 FB1F2F   		.ascii	"\373\037/"
  41              		.text
  42              		.section	.gnu.lto_.pureconst.652bf65f,"",%progbits
  43 0000 789C6366 		.ascii	"x\234cf```g\200\000f\006\011f\011\026)\000\001\270\000"
  43      60606067 
ARM GAS  C:\cygwin\tmp\ccMPe6yR.s 			page 3


  43      80006606 
  43      09660916 
  43      290001B8 
  44 0015 5F       		.ascii	"_"
  45              		.text
  46              		.section	.gnu.lto_eMBSetSlaveID.part.0.652bf65f,"",%progbits
  47 0000 789C6D52 		.ascii	"x\234mR[HTQ\024=\353\234;\343\214\257\254\317\371)0"
  47      5B485451 
  47      143DEB9C 
  47      3BE38CAF 
  47      ACCFF929 
  48 0015 D1C2EABF 		.ascii	"\321\302\352\277>*\210 *\210\374\255\310\306\251\004"
  48      3E2A8820 
  48      2A88FCAD 
  48      C8C6A904 
  49 0025 1B439DF0 		.ascii	"\033C\235\360G\274\243\366\202\222\260\250\241\314L"
  49      47BCA3F6 
  49      8292B0A8 
  49      A1CC4C
  50 0034 29EDE158 		.ascii	")\355\341X\226\226\366\232JJ\362\021e$\311`b\017\212"
  50      9696F69A 
  50      4A4AF211 
  50      6524C960 
  50      620F8A
  51 0047 A80C259B 		.ascii	"\250\014%\233Bo{\337;c\221]\270\234\263\367\331{\255"
  51      426F7BDF 
  51      3B63915D 
  51      B89CB3F7 
  51      D97BAD
  52 005a B51F4ACC 		.ascii	"\265\037J\314\3742\351\237\257\011\261\203N\330\004"
  52      FC32E99F 
  52      AF09B183 
  52      4ED804
  53 0069 B4237D74 		.ascii	"\264#}t\321 \315SB\361\351w(\200/\002\242T\223\012\245"
  53      D120CD53 
  53      42F1E977 
  53      28802F02 
  53      A254930A 
  54 007e F828BF49 		.ascii	"\370(\277I\364\264O\365#\375\234\256\227\215>o\012o"
  54      F4B44FF5 
  54      23FD9CAE 
  54      978D3E6F 
  54      0A6F
  55 0090 08212285 		.ascii	"\010!\"\205\030\223\002\231.,pqx\003\322)\256\266\267"
  55      18930299 
  55      2E2C7071 
  55      7803D229 
  55      AEB6B7
  56 00a3 FC91532D 		.ascii	"\374\221S-\202\240{{p\2747\341\203\214H\314c\263\243"
  56      82A07B7B 
  56      70BC37E1 
  56      838C48CC 
  56      63B3A3
  57 00b6 AA2B6067 		.ascii	"\252+`gSjlvw\036\232\262\247\325\023\342\360\227\237"
  57      536A6C76 
  57      771E9AB2 
  57      A7D513E2 
ARM GAS  C:\cygwin\tmp\ccMPe6yR.s 			page 4


  57      F0979F
  58 00c9 39212D42 		.ascii	"9!-Bd\215P\214y\001.\\\204K\220K\340\022\322(zx\377"
  58      648D508C 
  58      79012E5C 
  58      844B904B 
  58      E012D228 
  59 00e0 F861A865 		.ascii	"\370a\250e&n\367\310\217\261D\0237\205\315\223\003\357"
  59      266EF7C8 
  59      8FB14413 
  59      3785CD93 
  59      03EF
  60 00f2 C695892B 		.ascii	"\306\225\211+\331\254<\326\367U\231\270\241OW\364\025"
  60      D9AC3CD6 
  60      F75599B8 
  60      A14F57F4 
  60      15
  61 0103 E4D770D9 		.ascii	"\344\327p\331\302m\"\334\240\211\253\0114#\215\303G"
  61      C26D22DC 
  61      A089AB09 
  61      34238DC3 
  61      47
  62 0114 DB2A0DBB 		.ascii	"\333*\015\273Zk\002\227\367\274\251\322R\317\262\244"
  62      5A6B0297 
  62      F7BCA9D2 
  62      52CFB2A4 
  63 0124 1F839B42 		.ascii	"\037\203\233B\376Z}\3120\270R\\\261\000b\305\362G\361"
  63      FE5A7DCA 
  63      30B8525C 
  63      B10062C5 
  63      F247F1
  64 0137 FD7B5F0D 		.ascii	"\375{_\015&\252,3w\240\345x]\222\225\373y\304\026\320"
  64      26AA2C33 
  64      77A0E578 
  64      5D9295FB 
  64      79C416D0 
  65 014b 2B860D63 		.ascii	"+\206\015cnD\332\320\362\337T\377\213\357\325Jm1S\037"
  65      6E44DAD0 
  65      F2DF54FF 
  65      8BEFD54A 
  65      6D31531F 
  66 015f 9E393E62 		.ascii	"\2369>b\245\352'\364\255\007B\206\261<\"\355\270\376"
  66      A5EA27F4 
  66      AD074286 
  66      B13C22ED 
  66      B8FE
  67 0171 DFC46F15 		.ascii	"\337\304o\025\223\003\011\366\012]\327Sp\025\251\270"
  67      930309F6 
  67      0A5DD753 
  67      7015A9B8 
  68 0181 467F2B52 		.ascii	"F\177+Ry\0264\2046\330!\204\212y9\242y\216\256\033F"
  68      79163484 
  68      36D82184 
  68      8A7939A2 
  68      798EAE1B 
  69 0196 438D7202 		.ascii	"C\215r\002\\\264\244\362\343h\310\324W\215\256\016\332"
  69      5CB4A4F2 
  69      E368C8D4 
ARM GAS  C:\cygwin\tmp\ccMPe6yR.s 			page 5


  69      578DAE0E 
  69      DA
  70 01a7 048A12E2 		.ascii	"\004\212\022\342-\001\360\340\337Qs\350T/Q6\233\011"
  70      2D01F0E0 
  70      DF5173E8 
  70      542F5136 
  70      9B09
  71 01b9 1F7776DC 		.ascii	"\037wv\334\266e\234'\302\332\340\233\275\032\265\303"
  71      B6659C27 
  71      C2DAE09B 
  71      BD1AB5C3 
  72 01c9 1655831B 		.ascii	"\026U\203\033\310\240\200\227G\017\326\305[\203\374"
  72      C8A08097 
  72      470FD6C5 
  72      5B83FC
  73 01d8 5CBD9937 		.ascii	"\\\275\2317#Z4\242\3329\0037\251\335\004\231\"Lm\224"
  73      235A34A2 
  73      DA390337 
  73      A9DD0499 
  73      224C6D94 
  74 01ec 2966120C 		.ascii	")f\022\014\007\353\303+\034T{\214\240\335$x\322z\241"
  74      07EBC32B 
  74      1C547B8C 
  74      A0DD2478 
  74      D27AA1
  75 01ff DB112508 		.ascii	"\333\021%\010ob\202hs\376\020\330\005:\246\011\270p"
  75      6F628268 
  75      73FE10D8 
  75      053AA609 
  75      B870
  76 0211 CA145C8B 		.ascii	"\312\024\\\2134k\031D\331\320\376\367\201\245\334\237"
  76      346B1944 
  76      D9D0FEF7 
  76      81A5DC9F 
  77 0221 09292724 		.ascii	"\011)'$D\230:E\026\013\250\351\257\014\312\222_\372"
  77      44983A45 
  77      160BA8E9 
  77      AF0CCA92 
  77      5FFA
  78 0233 019DB89D 		.ascii	"\001\235\270\235c\224#p\013%3\236\342'\2455\203\351"
  78      63942370 
  78      0B25339E 
  78      E227A535 
  78      83E9
  79 0245 8D4B3037 		.ascii	"\215K07\356do\353\203\270\3238\345\3279\312\216\333"
  79      EE646FEB 
  79      83B8D338 
  79      E5D739CA 
  79      8EDB
  80 0257 28C11D5A 		.ascii	"(\301\035Z3~\033\372\331\3252+\006\220\210\2738M\363"
  80      337E1BFA 
  80      D9D5322B 
  80      069088BB 
  80      384DF3
  81 026a C13D944C 		.ascii	"\301=\224LHEJ\"2I\014\242\274j\337\367@\261%N#q\177"
  81      48454A22 
  81      32490CA2 
ARM GAS  C:\cygwin\tmp\ccMPe6yR.s 			page 6


  81      BC6ADFF7 
  81      40B1254E 
  82 0281 53386805 		.ascii	"S8h\005B\004F%T\201C\376U\225<I\3250\325\353\267O\237"
  82      42044625 
  82      548143FE 
  82      55953C49 
  82      D530D5EB 
  83 0298 393825D9 		.ascii	"98%\3314\033\375\025\325\230V\245\341>\251z\300\252"
  83      341BFD15 
  83      D59856A5 
  83      E13EA97A 
  83      C0AA
  84 02aa F090DC44 		.ascii	"\360\220\334Dd\366G\305f\235b\256\301\004\215j\010\376"
  84      64F647C5 
  84      669D62AE 
  84      C1048D6A 
  84      08FE
  85 02bc D0AD47D2 		.ascii	"\320\255G\322\222C\263~\017\333\337\350<\227N\270\344"
  85      9243B37E 
  85      0FDBDFE8 
  85      3C974EB8 
  85      E4
  86 02cd A1E604DA 		.ascii	"\241\346\004\332\031p>\371\026\256.\360x\326\347\347"
  86      19703EF9 
  86      16AE2EF0 
  86      78D6E7E7 
  87 02dd 6CF3152E 		.ascii	"l\363\025.\331e\035\333}^wQn\276\227\034\333\370\236"
  87      D9651DDB 
  87      7D5E7751 
  87      6EBE971C 
  87      DBF89E
  88 02f0 5FB4D353 		.ascii	"_\264\323S\260\330-\222v\373\334+srr\371-;o\226\257"
  88      B0D82D92 
  88      76FBDC2B 
  88      737272F9 
  88      2D3B6F96 
  89 0305 F08FB1CE 		.ascii	"\360\217\261\316\343\215\363d\025e\027\371\012\343\213"
  89      E38DF364 
  89      156517F9 
  89      0AE38B
  90 0314 D7146EF4 		.ascii	"\327\024n\364y\275\271\336\035N\237;+/{\217g\315\252"
  90      79BDB9DE 
  90      1D4E9F3B 
  90      2B2F7B8F 
  90      67CDAA
  91 0327 DF7F9E91 		.ascii	"\337\177\236\221D"
  91      44
  92              		.text
  93              		.section	.gnu.lto_eMBSetSlaveID.652bf65f,"",%progbits
  94 0000 789C9554 		.ascii	"x\234\225T]L\\U\020>\3379\367g\377\220\325\267\256\261"
  94      5D4C5C55 
  94      103EDF39 
  94      F767FF90 
  94      D5B7AEB1 
  95 0014 31414235 		.ascii	"1AB5U^L\364\021\2151i\242Ic\337\214\017RX+I]La\215/"
  95      555E4CF4 
  95      118D3169 
ARM GAS  C:\cygwin\tmp\ccMPe6yR.s 			page 7


  95      A24963DF 
  95      8C0F5258 
  96 002f A47781DA 		.ascii	"\244w\201\332\232 i\320\250i\251V\213\265\265\260\224"
  96      9A2069D0 
  96      A869A956 
  96      8BB5B5B0 
  96      94
  97 0040 565AF9B1 		.ascii	"VZ\371\261]\024\241v\201\212(\244\204\264\250KSc\202"
  97      5D14A176 
  97      818A28A4 
  97      84B4A84B 
  97      536382
  98 0053 20E87635 		.ascii	" \350v5\260\316\334\263R\212\244\306\233\354\2363s\277"
  98      B0CEDCB3 
  98      528AA4C6 
  98      9BEC9E33 
  98      73BF
  99 0065 F966BE99 		.ascii	"\371f\276\231s\256\022\377~\236\245_\213)\304\016Z\341"
  99      73AE12FF 
  99      7E9EA55F 
  99      8B29C40E 
  99      5AE1
 100 0077 1190FB47 		.ascii	"\021\220\373G\204\210y\244T\251\015\302\361\331\255"
 100      848879A4 
 100      54A90DC2 
 100      F1D9AD
 101 0086 0F0B27A0 		.ascii	"\017\013'\240\244\271\257\210,\203\377\003\006L\015"
 101      A4B9AF88 
 101      2C83FF03 
 101      064C0D
 102 0095 32A5D5BD 		.ascii	"2\245\325\275\221A\343\305\344\266`\263\0336\300\253"
 102      9141E3C5 
 102      E4B660B3 
 102      1B36C0AB 
 103 00a5 80D82D95 		.ascii	"\200\330-\225aZ6v\343g9/1\324\265<\206\242\217\034\247"
 103      615A3676 
 103      E367392F 
 103      31D4B53C 
 103      86A28F1C 
 104 00ba 76EEDBB6 		.ascii	"v\356\333\266\251\255\011d\244\020\013R`s\010\367\207"
 104      A9AD0964 
 104      A4100B52 
 104      607308F7 
 104      87
 105 00cb 38E26314 		.ascii	"8\342c\024\021.\366\335\037\315J=\010A\373\213\235\307"
 105      112EF6DD 
 105      1FCD4A3D 
 105      0841FB8B 
 105      9DC7
 106 00dd 939EC223 		.ascii	"\223\236\302#\024\223\210\307\235\022\012\001\216A\335"
 106      149388C7 
 106      9D120A01 
 106      8E41DD
 107 00ec 8C2287C0 		.ascii	"\214\"\207\300q\024\022vl\317\345\311\200z\304\215\033"
 107      71141276 
 107      6CCFE5C9 
 107      807AC48D 
ARM GAS  C:\cygwin\tmp\ccMPe6yR.s 			page 8


 107      1B
 108 00fd 7FF3F50F 		.ascii	"\177\363\365\017}:nD\307I|rk\034mO\270q\207\207\353"
 108      7D3A6E44 
 108      C7497C72 
 108      6B1C6D4F 
 108      B8718787 
 109 0112 06BCEA71 		.ascii	"\006\274\352q7\256+\2768\354\277.3R\335\313fw\323\205"
 109      37AE2BBE 
 109      38ECBF2E 
 109      3352DDCB 
 109      6677D385 
 110 0126 772D360D 		.ascii	"w-6\015\203\315d\177\303\262\345\262N\317\376Y\2360"
 110      83CD647F 
 110      C3B2E5B2 
 110      4ECFFE59 
 110      9E30
 111 0138 32D244AB 		.ascii	"2\322D\253fmC\010q0\257)\320\356\362N\357]|\003j\253"
 111      666D4308 
 111      7130AF29 
 111      D0EEF24E 
 111      EF5D7C03 
 112 014e CB9BFCF1 		.ascii	"\313\233\374\361\306B\300\345\015\262y`bfQ\271\274\222"
 112      C642C0E5 
 112      0DB27960 
 112      626651B9 
 112      BC92
 113 0160 CDC6B746 		.ascii	"\315\306\267F~U\272\332_N:%\344\267pR\363v\020\357)"
 113      7E55BADA 
 113      5F4E3A25 
 113      E4B77052 
 113      F37610EF 
 114 0175 97D71238 		.ascii	"\227\327\0228\215B\206\317\235i\314Z\352y\227\270n\350"
 114      8D4286CF 
 114      9D69CC5A 
 114      EA7997B8 
 114      6EE8
 115 0187 A726A3E0 		.ascii	"\247&\243\340\003.\351\306\344s\211\330ag9\233\345\316"
 115      032EE9C6 
 115      E47389D8 
 115      6167399B 
 115      E5CE
 116 0199 E2D3D572 		.ascii	"\342\323\325r\365C\370\371\372\245\011\277U\3578N\020"
 116      F543F8F9 
 116      FAA509BF 
 116      55EF384E 
 116      10
 117 01aa 9D28E0FE 		.ascii	"\235(\340\376S\343\317\300\002-\354i\277+\341d\263\013"
 117      53E3CFC0 
 117      022DEC69 
 117      BF2BE164 
 117      B30B
 118 01bc 67FB7AAD 		.ascii	"g\373z\255;\251\265\344\221\224\334V\356\326\000\327"
 118      3BA9B5E4 
 118      9194DC56 
 118      EED600D7 
 119 01cc 6092C3E3 		.ascii	"`\222\303\343\005\267=\000nb>X\262\020)\"\343\331\317"
 119      05B73D00 
ARM GAS  C:\cygwin\tmp\ccMPe6yR.s 			page 9


 119      6E623E58 
 119      B2102922 
 119      E3D9CF
 120 01df 50736955 		.ascii	"PsiU\343\250M\314w\302\245\247hJ\1775ui\324\303\302"
 120      E3A84DCC 
 120      77C2A5A7 
 120      684A7F35 
 120      7569D4C3 
 121 01f4 39EB59D2 		.ascii	"9\353Y\3225\211\332+{g'l\306\244\245\231\226\206\370"
 121      3589DA2B 
 121      7B67276C 
 121      C6A4A599 
 121      9686F8
 122 0207 1EF5C375 		.ascii	"\036\365\303u\033s\016\2129\370\376\304l\036\307x\356"
 122      1B730E8A 
 122      39F8FEC4 
 122      6C1EC778 
 122      EE
 123 0218 11F80C5A 		.ascii	"\021\370\014Z\314\214T\"\265AQ\370\334\334\371G\031"
 123      CC8C5422 
 123      B54151F8 
 123      DCDCF947 
 123      19
 124 0229 4CC8F7C6 		.ascii	"L\310\367\306\032\343\262\346/g\237\343\311H\357\222"
 124      1AE3B2E6 
 124      2F679FE3 
 124      C948EF92 
 125 0239 D4925772 		.ascii	"\324\222Wrz]\363X\254\276\031\207p0\3460\312B\027j\320"
 125      7A5DF358 
 125      ACBE1987 
 125      7030E630 
 125      CA42176A 
 126 024e CDACE821 		.ascii	"\315\254\350!\367j\274E\276^]cSG\177\207\367\266Y\326"
 126      F76ABC45 
 126      BE5E5D63 
 126      53477F87 
 126      F7B659D6 
 127 0262 D27EBE42 		.ascii	"\322~\276B{N\323\016\036\272~\312`Z\037\265\365\274"
 127      7B4ED30E 
 127      1EBA7ECA 
 127      605A1FB5 
 127      F5BC
 128 0274 A67DFB87 		.ascii	"\246}\373\207\242\365H\375Kt\252o)\335\277N\216\000"
 128      A2F548FD 
 128      4B74AA6F 
 128      29DDBF4E 
 128      8E00
 129 0286 1294A38F 		.ascii	"\022\224\243\217s\320\273\236\326s\277\233\305m4\330"
 129      73D0BB9E 
 129      D673BF9B 
 129      C56D34D8 
 130 0296 C466BE25 		.ascii	"\304f\276%_\020\020\005n\263\360%\212\323\244\236u\314"
 130      5F101005 
 130      6EB3F025 
 130      8AD3A49E 
 130      75CC
 131 02a8 FF5F1DFD 		.ascii	"\377_\035\375+:\276\322:V\316\256\217N\327\000\275\241"
ARM GAS  C:\cygwin\tmp\ccMPe6yR.s 			page 10


 131      2B3ABED2 
 131      3A56CEAE 
 131      8F4ED700 
 131      BDA1
 132 02ba 795DAEBB 		.ascii	"y]\256\273&\365\300\002|\201\217\3664\330\214\260)j"
 132      26F5C002 
 132      7C818FF6 
 132      34D88CB0 
 132      296A
 133 02cc 3037B014 		.ascii	"07\260\024M\366\267\200\232\241\373\241\347\326\364"
 133      4DF6B780 
 133      9AA1FBA1 
 133      E7D6F4
 134 02db 1FDAD78A 		.ascii	"\037\332\327\212\275p\033\261_\263\330\373\264\330\213"
 134      BD701BB1 
 134      5FB3D8FB 
 134      B4D88B
 135 02ea 2C56EAAA 		.ascii	",V\352\252N4\334\255\3132V\227\345#TR\227u\015\374e"
 135      4E34DCAD 
 135      CB325697 
 135      E5235452 
 135      97750DFC 
 136 02ff 6A4C1EE8 		.ascii	"jL\036\350s%\331Y\232\315\020B\252\271#%\271t\203O\232"
 136      7325D959 
 136      9ACD1042 
 136      AAB92325 
 136      B974834F 
 137 0314 255EF3F1 		.ascii	"%^\363\361Y\016\346\352\035\354\357\35657\035\245\354"
 137      590EE6EA 
 137      1DECEFEE 
 137      35371DA5 
 137      EC
 138 0325 D3F12353 		.ascii	"\323\361#S%\036\376\006\351\007\303\330\304\235^\027"
 138      251EFE06 
 138      E907C3D8 
 138      C49D5E17 
 139 0335 ECBCB3DF 		.ascii	"\354\274\263\337\340\317N\016:\302\320\200\230\302\236"
 139      E0CF4E0E 
 139      3AC2D080 
 139      98C29E
 140 0344 A0AE51AD 		.ascii	"\240\256Q\255mE\336\002\023\343\022jDZ\346\223\210\214"
 140      6D45DE02 
 140      13E3126A 
 140      445AE693 
 140      888C
 141 0356 BCC33DFA 		.ascii	"\274\303=\372\366?\267+\350\336\3124\301\256 \226\350"
 141      F63FB72B 
 141      E8DECA34 
 141      C1AE2096 
 141      E8
 142 0367 19C80D01 		.ascii	"\031\310\015\001,\014\304h\361\300ZF\257\216\272\352"
 142      2C0CC468 
 142      F1C05A46 
 142      AF8EBAEA 
 143 0377 8421F00D 		.ascii	"\204!\360\015B\262\367t\013\370\362\231\015\355~\232"
 143      42B2F774 
 143      0BF8F299 
ARM GAS  C:\cygwin\tmp\ccMPe6yR.s 			page 11


 143      0DED7E9A 
 144 0387 0B988DCA 		.ascii	"\013\230\215\312z\340\311]\341\360\323\225\345\333\243"
 144      7AE0C95D 
 144      E1F0D395 
 144      E5DBA3
 145 0396 55C52FE9 		.ascii	"U\305/\351\345\205h\244\254\272\2422B\216\355\274\257"
 145      E58568A4 
 145      ACBAA232 
 145      428EEDBC 
 145      AF
 146 03a7 AC7E31BC 		.ascii	"\254~1\274\353\2412\341\215\226m\333Y\372Jx\313\023"
 146      EBA132E1 
 146      8D966DDB 
 146      59FA4A78 
 146      CB13
 147 03b9 BE57B754 		.ascii	"\276W\267T=\023\215D*\";\362^\216\226=V^^\301\001\245"
 147      3D138D44 
 147      2A223BF2 
 147      5E8E963D 
 147      565E5EC1 
 148 03cf 3BF3A355 		.ascii	";\363\243U7\215\247\302\021;\274\255\272\264:Z\3657"
 148      378DA7C2 
 148      113BBCAD 
 148      BAB43A5A 
 148      F537
 149 03e1 07381B55 		.ascii	"\0078\033U"
 150              		.text
 151              		.section	.gnu.lto_eMBFuncReportSlaveID.652bf65f,"",%progbits
 152 0000 789C6D51 		.ascii	"x\234mQMk\023Q\024}\347\315d2I\254\210+\311J\220P\374"
 152      4D6B1351 
 152      147DE7CD 
 152      643249AC 
 152      882BC94A 
 153 0017 CCCE8D2E 		.ascii	"\314\316\215.\\u\245?\300\245\215#\272H\"i\263\014}"
 153      5C75A53F 
 153      C0A58D23 
 153      BA482269 
 153      B30C7D
 154 002a 6963A908 		.ascii	"ic\251\010\245\015\010\265\332\212\024\261j\2336\251"
 154      A50D08B5 
 154      DA8A14B1 
 154      6A9B36A9 
 155 003a 51134107 		.ascii	"Q\023A\007\024\254\340'E\204(qS\245\212UK\2258h\254"
 155      14ACE027 
 155      45842871 
 155      53A58A55 
 155      4B953868 
 156 004f F7CE8848 		.ascii	"\367\316\210Ht`\336}\367\353\334\363\316\325\304\277"
 156      7460DE7D 
 156      F7EBDCF3 
 156      CED5C4BF 
 157 005f 5F98FEAA 		.ascii	"_\230\376\252\024b\017Yh\002r\350\261\020YS\002|\021"
 157      14620F59 
 157      680272E8 
 157      B1105953 
 157      027C11
 158 0072 103D123D 		.ascii	"\020=\022=x'W$\036V~.\240\375\242R\275\237\363\345{"
ARM GAS  C:\cygwin\tmp\ccMPe6yR.s 			page 12


 158      78275724 
 158      1E567E2E 
 158      A0FDA252 
 158      BD9FF3E5 
 159 0087 A1139B1C 		.ascii	"\241\023\233\034\352[\225\002;\302\330\3128\270\204"
 159      EA5B9502 
 159      3BC2D8CA 
 159      38B884
 160 0096 76AA7BFD 		.ascii	"v\252{\375\340\345\031S\333\011A\367J\341\313\243\320"
 160      E0E51953 
 160      DB0941F7 
 160      4AE1CBA3 
 160      D0
 161 00a7 92742436 		.ascii	"\222t$6\263[\315\317\217\030\354J\235\335\037\343\037"
 161      B35BCDCF 
 161      8F18EC4A 
 161      9DDD1FE3 
 161      1F
 162 00b8 3E062213 		.ascii	">\006\"\023\204h\337)\251}\272#5LBc\314\313\010\343"
 162      8468DF29 
 162      A97DBA23 
 162      354C4263 
 162      CCCB08E3 
 163 00cc 0AC28242 		.ascii	"\012\302\202B\002W\021\241\352\323\247\236\026\003\332"
 163      025711A1 
 163      EAD3A79E 
 163      1603DA
 164 00db 6E1777F0 		.ascii	"n\027w\360\323l\321\360:\337{\235:\246Z;u\201iD\270"
 164      D36CD1F0 
 164      3ADF7B9D 
 164      3AA65A3B 
 164      75816944 
 165 00f0 7C25D77C 		.ascii	"|%\327|\0212rJ\251\015\314\230\250\026`\200\354\314"
 165      1132724A 
 165      A90DCC98 
 165      A8166080 
 165      ECCC
 166 0102 465BADAD 		.ascii	"F[\255\255\315=\037\236\337\216 \300\223$u\372t:\014"
 166      CD3D1F9E 
 166      DF8E20C0 
 166      932475FA 
 166      743A0C
 167 0115 1F1D7E3F 		.ascii	"\037\035~?\337L\270Hb\221zY\2277R\262\325j\350\033\351"
 167      DF4CB848 
 167      62917A59 
 167      973752B2 
 167      D56AE81B 
 168 012a AF8F0619 		.ascii	"\257\217\006\031\256!e\203d#%j\350\315\303\013\3514"
 168      AE216583 
 168      6423256A 
 168      E8CDC30B 
 168      E934
 169 013c 7C7C61B0 		.ascii	"||a\260 3\337\325\2002\211S\223\307\263J\213O\236\231"
 169      2033DFD5 
 169      80328953 
 169      93C7B34A 
 169      8B4F9E99 
ARM GAS  C:\cygwin\tmp\ccMPe6yR.s 			page 13


 170 0150 2C85EEBA 		.ascii	",\205\356\272\223\331\3349\214\341lVq\225\211\031d0"
 170      93D9DC39 
 170      8CE16C56 
 170      71958919 
 170      6430
 171 0162 4BAF1028 		.ascii	"K\257\020(R\230!\353~\017\322G\250\342\025\321'O\264"
 171      529821EB 
 171      7E0FD247 
 171      A8E215D1 
 171      274FB4
 172 0175 C2075625 		.ascii	"\302\007V%=\013%d\004\361i\315\006\233\234\375{x\360"
 172      3D0B2564 
 172      04F169CD 
 172      069B9CFD 
 172      7B78F0
 173 0188 3FC34398 		.ascii	"?\303C\230\243\341\327x8\345nM\335\376\352\213N\223"
 173      A3E1D778 
 173      38E56E4D 
 173      DDFEEA8B 
 173      4E93
 174 019a 7476DC91 		.ascii	"tv\334\221\353P\246Bl\341usvy\342\344\335\200\013o\037"
 174      EB50A642 
 174      6CE17573 
 174      7679E2E4 
 174      DD800B6F 
 175 01af E4ED5D47 		.ascii	"\344\355]G\324\345\205\033\310\020UG\266\021\365\276"
 175      D4E5851B 
 175      C8105547 
 175      B611F5BE 
 176 01bf 7CFFDBD1 		.ascii	"|\377\333\321\275\036{\277\247\311\375\261\245\222\316"
 176      BD1E7BBF 
 176      A7C9FDB1 
 176      A592CE
 177 01ce 04680BB8 		.ascii	"\004h\013\270\011O\263\013\353\271\206\262\345o\347"
 177      094FB30B 
 177      EBB986B2 
 177      E56FE7
 178 01dd 97DB3C3E 		.ascii	"\227\333<>6a\230\015\022\304\023\243B\323\011D\324\221"
 178      3661980D 
 178      12C413A3 
 178      42D30944 
 178      D491
 179 01ef B56BC6EF 		.ascii	"\265k\306\357\362?\257\341\305V\271\216\026\005^\020"
 179      F23FAFE1 
 179      C556B98E 
 179      16055E10 
 180 01ff 45B675A4 		.ascii	"E\266u\244,\353@\362pg\272+\032\367\314\221t\"\326}"
 180      2CEB40F2 
 180      7067BA2B 
 180      1AF7CC91 
 180      7422D67D 
 181 0213 2C99A040 		.ascii	",\231\240@'\337\223\335G\255\324\256\2300\217\247c\035"
 181      27DF93DD 
 181      47ADD4AE 
 181      98308FA7 
 181      631D
 182 0225 A94371CB 		.ascii	"\251Cq\313\227\356\332o%~\001\360\365\005\305"
ARM GAS  C:\cygwin\tmp\ccMPe6yR.s 			page 14


 182      97EEDA6F 
 182      257E01F0 
 182      F505C5
 183              		.text
 184              		.section	.gnu.lto_.symbol_nodes.652bf65f,"",%progbits
 185 0000 789C4D8A 		.ascii	"x\234M\212\301\011\204@\020\004kz\\\330d\215a\326S\361"
 185      C1098440 
 185      10046B7A 
 185      5CD8648D 
 185      61D653F1 
 186 0014 6B028A18 		.ascii	"k\002\212\030\212\3706\007\0239\3648\037\366\247\350"
 186      8AF83607 
 186      1339F438 
 186      1FF6A7E8 
 187 0024 A21CA879 		.ascii	"\242\034\250y\246^\001\343\001\0216\255\231T\304\242"
 187      A65E01E3 
 187      011136AD 
 187      9954C4A2 
 188 0034 F0D4C87E 		.ascii	"\360\324\310~\324GaO\300\274d\324*\364\026\326\335\331"
 188      D447614F 
 188      C0BC64D4 
 188      2AF416D6 
 188      DDD9
 189 0046 5F504AC6 		.ascii	"_PJ\306I\354\347\327\334a\033vy\225\350\356\317\005"
 189      49ECE7D7 
 189      DC611B76 
 189      7995E8EE 
 189      CF05
 190 0058 16C21CE6 		.ascii	"\026\302\034\346"
 191              		.text
 192              		.section	.gnu.lto_.refs.652bf65f,"",%progbits
 193 0000 789C25C7 		.ascii	"x\234%\307\311\015\000 \020\304\260IX\016Q\006\375\027"
 193      C90D0020 
 193      10C4B049 
 193      580E5106 
 193      FD17
 194 0012 8910FEB9 		.ascii	"\211\020\376\271%9\371\214\014\\\275aa\347m\302\266"
 194      2539F98C 
 194      0C5CBD61 
 194      61E76DC2 
 194      B6
 195 0023 A252B90C 		.ascii	"\242R\271\014\266\000\202"
 195      B60082
 196              		.text
 197              		.section	.gnu.lto_.decls.652bf65f,"",%progbits
 198 0000 789CAD57 		.ascii	"x\234\255WkPT\311\025\276}{\230\031\206q0[\273j\250"
 198      6B5054C9 
 198      15BE7D7B 
 198      98198671 
 198      305BBB6A 
 199 0015 A4A4A221 		.ascii	"\244\244\242!\311FQ\023+\225\315\217$\243\214\202\013"
 199      C9465113 
 199      2B95CD8F 
 199      24A38C82 
 199      0B
 200 0026 8CE1E1C6 		.ascii	"\214\341\341\306\222\312\024\342\250T\361*\030\222l"
 200      92CA14E2 
ARM GAS  C:\cygwin\tmp\ccMPe6yR.s 			page 15


 200      A854F12A 
 200      18926C
 201 0035 2A3F2EA0 		.ascii	"*?.\240\210\202\200,(\202.\310C^\202<E@\014.\272\262"
 201      8882802C 
 201      28822EC8 
 201      435E823C 
 201      45400C2E 
 202 004b A2282B2E 		.ascii	"\242(+.\254\242\202\212\250\200\240\240<\335\311\351"
 202      ACA2828A 
 202      A880A0A0 
 202      3CDDC9E9 
 203 005b EE3BCC8C 		.ascii	"\356;\314\214A\222T2U\315\355\363\365\271\337\351\363"
 203      41925432 
 203      55CDEDF3 
 203      F5B9DFE9 
 203      F3
 204 006c E83E17CC 		.ascii	"\350>\027\314q\\:\3428#\374T*\216{\2149N\002\330f\030"
 204      715C3AE2 
 204      3823FC54 
 204      2A8E7B8C 
 204      394E02D8 
 205 0082 5218D530 		.ascii	"R\030\3250\2640J`\324\300X\004\303\221c?\242\367\020"
 205      B4304A60 
 205      D4C05804 
 205      C391633F 
 205      A2F710
 206 0095 C6288C0F 		.ascii	"\306(\214\017\200\343C\030<\314W\300\323\031qV?\242"
 206      80E34318 
 206      3CCC57C0 
 206      D3197156 
 206      3FA2
 207 00a7 670FA30D 		.ascii	"g\017\243\015\006\230\341\2240\332a\334\2031 \362\273"
 207      0698E194 
 207      30DA61DC 
 207      833120F2 
 207      BB
 208 00b8 8ADCAB90 		.ascii	"\212\334\253\220\331.\261\271\034\344\205\"\037\266"
 208      D92EB1B9 
 208      1CE48522 
 208      1FB6
 209 00c6 B0399FBD 		.ascii	"\2609\237\275Q\013{%\242\215\267\355\022_6q\214\333"
 209      510B7B25 
 209      A28DB7ED 
 209      125F3671 
 209      8CDB
 210 00d8 51F4B50A 		.ascii	"Q\364\265\012\306j\220{E\036^\344z(\316\211\235\025"
 210      C66A907B 
 210      451E5EE4 
 210      7A28CE89 
 210      9D15
 211 00ea 6FD922BE 		.ascii	"o\331\"\276\023n\0252\333\250\021y\265\242O\256\242"
 211      136E1532 
 211      DBA81179 
 211      B5A24FAE 
 211      A2
 212 00fb 4D936F55 		.ascii	"M\223oU\342\276\226#\263\035\313\030\316e\347\005\217"
 212      E2BE9623 
ARM GAS  C:\cygwin\tmp\ccMPe6yR.s 			page 16


 212      B31DCB18 
 212      CE65E705 
 212      8F
 213 010c 5EA7D5DE 		.ascii	"^\247\325\336\3451\217\310<7\275\267C\261\242X\020\204"
 213      E5318FC8 
 213      3C37BDB7 
 213      43B1A258 
 213      1084
 214 011e 38A1A909 		.ascii	"8\241\251\011\231\225\242N6$\310\236\360h\221\202\212"
 214      9995A24E 
 214      3624C89E 
 214      F0689182 
 214      8A
 215 012f 89AD1917 		.ascii	"\211\255\031\0270\025\215\344=\276+\276\241\021#\205"
 215      30158DE4 
 215      3DBE2BBE 
 215      A1112385 
 216 013f 539C2044 		.ascii	"S\234 D\013#)\002^\302\241\025\016\350g\016\034:\205"
 216      0B232902 
 216      5EC2A115 
 216      0EE8670E 
 216      1C3A85
 217 0152 9C400D15 		.ascii	"\234@\015\025\242\025\034*B\016\250\0309py``$\253\276"
 217      A2151C2A 
 217      420EA818 
 217      39707960 
 217      6024ABBE 
 218 0166 11098204 		.ascii	"\021\011\202\004\225 \005*@\230jp\034\265 \032m\270"
 218      9520052A 
 218      40986A70 
 218      1CB5201A 
 218      6DB8
 219 0178 5A749A07 		.ascii	"Zt\232\007+*\205\300\023\271\256l\354\232\035\310J\205"
 219      2B2A85C0 
 219      13B9AE6C 
 219      EC9A1DC8 
 219      4A85
 220 018a A3A5A862 		.ascii	"\243\245\250bb}JK\272\224\256J\210x.)\351\222\214\212"
 220      627D4A4B 
 220      BA94AE4A 
 220      88782E29 
 220      E9928C8A 
 221 019e 4B8938D9 		.ascii	"K\2118\331\235s_\256\200\375\011Br\214`\333\242\202"
 221      9D735FAE 
 221      80FD0942 
 221      728C60DB 
 221      A282
 222 01b0 05741AF6 		.ascii	"\005t\032\366S\016\373\341P%\002\263\350\247\016\250"
 222      530EFBE1 
 222      502502B3 
 222      E8A70EA8 
 223 01c0 0244504F 		.ascii	"\002DPO\350\352MD\357%SuApDt\227\245\240^F\325\253\320"
 223      E8EA4D44 
 223      EF255375 
 223      41704474 
 223      97A5A05E 
 224 01d8 7BA69788 		.ascii	"{\246\227\210vL\357\027\351*\345\001\342\274H\016\012"
ARM GAS  C:\cygwin\tmp\ccMPe6yR.s 			page 17


 224      764CEF17 
 224      E92AE501 
 224      E2BC480E 
 224      0A
 225 01e9 16ECD588 		.ascii	"\026\354\325\210\344\217>A\373\302\324\225\370\005V"
 225      E48F3E41 
 225      FBC2D495 
 225      F80556
 226 01f8 DA84DCAC 		.ascii	"\332\204\334\254]#j\327P\355\206S\343\307d\370'4=\011"
 226      5D236AD7 
 226      50ED8653 
 226      E3C764F8 
 226      27343D09 
 227 020c 47A726A5 		.ascii	"G\247&\245x-\235\327\244\346\316\310\360o\351<)\272"
 227      782D9DD7 
 227      A4E6CEC8 
 227      F06FE93C 
 227      29BA
 228 021e 7246895D 		.ascii	"rF\211]\351<\243\263o\214\244f\223\202\306\354E_\347"
 228      E93CA3B3 
 228      6F8CA466 
 228      9382C6EC 
 228      455FE7
 229 0231 0329F6A2 		.ascii	"\003)\366\242K\217:*\242\025\370O\3102Z\233X\264.\306"
 229      4B8F3A2A 
 229      A215F84F 
 229      C8325A9B 
 229      58B42EC6 
 230 0245 3C7E20C7 		.ascii	"<~ \307\273\351\322\340\315\314z%]\262\241\251\337w"
 230      BBE9D2E0 
 230      CDCC7A25 
 230      5DB2A1A9 
 230      DF77
 231 0257 E7473894 		.ascii	"\347G8\224\256\244\354={VEW\244D\274\220\366\252\303"
 231      AEA4EC3D 
 231      7B564557 
 231      A444BC90 
 231      F6AAC3
 232 026a 06FF9D2E 		.ascii	"\006\377\235.\215\347\366\014 \272$#\342\231\341\211"
 232      8DE7F60C 
 232      20BA2423 
 232      E299E189 
 233 027a 762CE139 		.ascii	"v,\3419\364\005d\266\231\270\005`\365\263\364\203v\004"
 233      F40564B6 
 233      99B80560 
 233      F5B3F483 
 233      7604
 234 028c 6C02F002 		.ascii	"l\002\360\002\370{\021Q\343G\332\336\244\332\022\374"
 234      F87B1151 
 234      E347DADE 
 234      A4DA12FC 
 235 029c 3CE0FF00 		.ascii	"<\340\377\000\374\022\303\317\367\\\034_@\360s\2007"
 235      FC12C3CF 
 235      F75C1C5F 
 235      40F07380 
 235      37
 236 02ad 02FE25C3 		.ascii	"\002\376%\303\317\305\227\035\346\011\336\000\370\217"
ARM GAS  C:\cygwin\tmp\ccMPe6yR.s 			page 18


 236      CFC5971D 
 236      E609DE00 
 236      F88F
 237 02bb 1DD06506 		.ascii	"\035\320e\006\357}<>*%p\035\300\365\240\336\302\360"
 237      EF7D3C3E 
 237      2A25701D 
 237      C0F5A0DE 
 237      C2F0
 238 02cd B8823D4F 		.ascii	"\270\202=O)\375Y\300\227;\240\257\030\334\177\343d\005"
 238      29FD59C0 
 238      973BA0AF 
 238      18DC7FE3 
 238      6405
 239 02df 22702DC0 		.ascii	"\"p-\300\313\034\320\025\012\363i\373zc\225\310INk\364"
 239      CB1CD015 
 239      0AF369FB 
 239      7A6395C8 
 239      494E6BF4 
 240 02f3 68FE949C 		.ascii	"h\376\224\234\324\3505$\347\304\002\025\177\261\264"
 240      D4E83524 
 240      E7C40215 
 240      7FB1B4
 241 0302 D2A3A370 		.ascii	"\322\243\243p\272\312T\352\034Q#Z\350*\324|+\222\314"
 241      BACA54EA 
 241      1C51235A 
 241      E82AD47C 
 241      2B92CC
 242 0315 D63BD05E 		.ascii	"\326;\320^/\3538\300#\271\323\034\357\241\353\240\376"
 242      2FEB38C0 
 242      23B9D31C 
 242      EFA1EBA0 
 242      FE
 243 0326 AE57C936 		.ascii	"\256W\3116z\246\002\344\250\015\024\316\230\217\011"
 243      7AA602E4 
 243      A80D14CE 
 243      988F09
 244 0335 D991E99C 		.ascii	"\331\221\351\234\354\315\314\376L\252\020\317^\334\277"
 244      ECCDCCFE 
 244      4CAA10CF 
 244      5EDCBF
 245 0344 397B24DE 		.ascii	"9{$\336\315\375\227m\255\012\360\206U\001\266\263\002"
 245      CDFD976D 
 245      AD0AF086 
 245      5501B6B3 
 245      02
 246 0355 04CDD607 		.ascii	"\004\315\326\007\023\243Jz\304\026Z\326\226\222\325"
 246      13A34A7A 
 246      C4165AD6 
 246      9692D5
 247 0364 D6F8EDF2 		.ascii	"\326\370\355\362\327\266\270\010\321\002H\273\222\231"
 247      D7B6B808 
 247      D10248BB 
 247      9299
 248 0372 6483CB99 		.ascii	"d\203\313\231\220\334\233rS\202\353\230`\272;\034\331"
 248      90DC9B72 
 248      5382EB98 
 248      60BA3B1C 
ARM GAS  C:\cygwin\tmp\ccMPe6yR.s 			page 19


 248      D9
 249 0383 DD716460 		.ascii	"\335qd`\242ZNE\243\021\223\320\344\334\275\321k\213"
 249      A25A4E45 
 249      A31193D0 
 249      E4DCBDD1 
 249      6B8B
 250 0395 9C1434E2 		.ascii	"\234\0244\342\011\375\337\374\200D\3746\354\350\033"
 250      09FDDFFC 
 250      8044FC36 
 250      ECE81B
 251 03a4 B3BB8EE2 		.ascii	"\263\273\216\342\255@\235\024b\004\233B\010\337\327"
 251      AD409D14 
 251      62049B42 
 251      08DFD7
 252 03b3 B0E39BB0 		.ascii	"\260\343\233\260c\364-\370\351(\372\331\011`\027\213"
 252      63F42DF8 
 252      E928FAD9 
 252      0960178B 
 253 03c3 79D583E7 		.ascii	"y\325\203\347\361\012\023qKQ\312\"B\334\015\304\267"
 253      F10A1371 
 253      4B51CA22 
 253      42DC0DC4 
 253      B7
 254 03d4 CCC4B7D1 		.ascii	"\314\304\267\321\274\314w\346f\256\274\2747Qeb\316\272"
 254      BCCC77E6 
 254      66AEBCBC 
 254      37516562 
 254      CEBA
 255 03e6 51442FB2 		.ascii	"QD/\262{\300\334af\356\236\237\371\356\234\314\350\374"
 255      7BC0DC61 
 255      66EE9E9F 
 255      F9EE9CCC 
 255      E8FC
 256 03f8 A3C4CB4A 		.ascii	"\243\304\313J\250J\216\322m\243\225\332\032S_\255\240"
 256      A84A8ED2 
 256      6DA395DA 
 256      1A535FAD 
 256      A0
 257 0409 186406DD 		.ascii	"\030d\006\335g\345\033\325\332\320\255X\234&^h\013%"
 257      67E51BD5 
 257      DAD0AD58 
 257      9C265E68 
 257      0B25
 258 041b B440CC39 		.ascii	"\264@\3149\354E\213\341o\017\222\260D\306\237\275\336"
 258      EC458BE1 
 258      6F0F92B0 
 258      44C69FBD 
 258      DE
 259 042c A5C483EC 		.ascii	"\245\304\203\354\226\1773|+{\201\343\347BS\371\310\376"
 259      967F337C 
 259      2B7B81E3 
 259      E74253F9 
 259      C8FE
 260 043e D26D4793 		.ascii	"\322mG\223\263\243\205\357\214F$\360\344-\364`\326\005"
 260      B3A385EF 
 260      8C4624F0 
 260      E42DF460 
ARM GAS  C:\cygwin\tmp\ccMPe6yR.s 			page 20


 260      D605
 261 0450 8ECCA90B 		.ascii	"\216\314\251\013\350!r\204\027\357\276\374\356\272-"
 261      E8217284 
 261      17EFBEFC 
 261      EEBA2D
 262 045f 3E8529CB 		.ascii	">\205)\313\221\366\256Z\011\256`\302\201;EWe\270\216"
 262      91F6AE5A 
 262      09AE60C2 
 262      813B4557 
 262      65B88E
 263 0472 0A7CCAC3 		.ascii	"\012|\312\303\261|4w7x\362\256n\220P\220D\363\336\017"
 263      B17C3477 
 263      3778F2AE 
 263      6E905090 
 263      44F3DE0F 
 264 0486 5E3F9EAB 		.ascii	"^?\236\253\033\360=\235\371\177\230\233\364\331\273"
 264      1BF03D9D 
 264      F97F989B 
 264      F4D9BB
 265 0495 485B8A5A 		.ascii	"H[\212Z? \244O\201\264\317L\332\217\314\254\345/\263"
 265      3F20A44F 
 265      81B4CF4C 
 265      DA8FCCAC 
 265      E52FB3
 266 04a8 626DE6A6 		.ascii	"bm\346\246\035|g\347:\223O\023>\000\264\217\314\264"
 266      1D7C67E7 
 266      3A934F13 
 266      3E00B48F 
 266      CCB4
 267 04ba 4FCDB4FF 		.ascii	"O\315\264\377A\032\207X\032k\013_\334\301\024$l\317"
 267      411A8758 
 267      1A6B0B5F 
 267      DCC11424 
 267      6CCF
 268 04cc 19D875ED 		.ascii	"\031\330u\355\336!DA\322\031\206\031\330\327\374\272"
 268      DE214441 
 268      D2198619 
 268      D8D7FCBA 
 269 04dc 659E84BF 		.ascii	"e\236\204\277\240\011\0371%|(o\1777\306\315,;\317\356"
 269      A0091F31 
 269      257C286F 
 269      7F37C6CD 
 269      2C3BCFEE 
 270 04f0 24E42348 		.ascii	"$\344#Hx6K\270 &\234'/\241\227\026\371~i\312\367(\315"
 270      78364BB8 
 270      20269C27 
 270      2FA19716 
 270      F97E69CA 
 271 0507 F7572D75 		.ascii	"\367W-u\201\270\235q\034\255(KW\340{L\250\235\311\310"
 271      81B89D71 
 271      1CAD284B 
 271      57E07B4C 
 271      A89DC9C8 
 272 051b 53E0A74C 		.ascii	"S\340\247L(\330\227\362F\205!\036t\345Lj\214=\316dB"
 272      28D897F2 
 272      4685211E 
 272      74E54C6A 
ARM GAS  C:\cygwin\tmp\ccMPe6yR.s 			page 21


 272      8C3DCE64 
 273 0530 67CE9311 		.ascii	"g\316\223\021;\\\315\204\376\213\361\215J|\235\011U"
 273      3B5CCD84 
 273      FE8BF18D 
 273      4A7C9D09 
 273      55
 274 0541 0DC93318 		.ascii	"\015\3113\030\3672\341V\323\261%\370%\233\347\245\035"
 274      F732E156 
 274      D3B125F8 
 274      259BE7A5 
 274      1D
 275 0552 3E6543FB 		.ascii	">eC\373\210\234\210m\317K\233%8\301\206\256\035\234"
 275      889C886D 
 275      CF4B9B25 
 275      38C186AE 
 275      1D9C
 276 0564 7A718DB5 		.ascii	"zq\215\265\037\005\375\010\031J\357\223\341\223l\255"
 276      1F05FD08 
 276      194AEF93 
 276      E1936CAD 
 277 0574 3FB9F034 		.ascii	"?\271\3604kZv\364C\246xzLB.w\201\307(\212g\375'\271"
 277      6B5A76F4 
 277      43A6787A 
 277      4C422E77 
 277      81C7288A 
 278 058c 2DB5C186 		.ascii	"-\265\301\206\200\337\201\313F\210\\4O#[51s\204$\013"
 278      80DF81CB 
 278      46885C34 
 278      4F235B35 
 278      31738424 
 279 05a1 CD00FE06 		.ascii	"\315\000\376\006\360\030\206O\3366V\222\204\241i\261"
 279      F018864F 
 279      DE365692 
 279      84A169B1 
 280 05b1 5FED61F8 		.ascii	"_\355a\370\363\356\256\014\031\301\247\304~\265\227"
 280      F3EEAE0C 
 280      19C1A7C4 
 280      7EB597
 281 05c0 E1370F26 		.ascii	"\3417\017&\015P\243\223b\277\212e\370@nW3\325\237`\375"
 281      0D50A393 
 281      62BF8A65 
 281      F8406E57 
 281      33D59F60 
 282 05d5 6A1F83EB 		.ascii	"j\037\203\353;\313\263\350v\306\305~\025\307\360\222"
 282      3BCBB3E8 
 282      76C6C57E 
 282      15C7F092 
 283 05e5 BAB6E394 		.ascii	"\272\266\343\224\3465\353W\373\031\034\233\231\334N"
 283      E635EB57 
 283      FB191C9B 
 283      99DC4E
 284 05f4 E157AC5F 		.ascii	"\341W\254_\035\2400_\327P\373\265d\356\306\302\241\004"
 284      1DA0305F 
 284      D750FBB5 
 284      64EEC6C2 
 284      A104
 285 0606 9E759583 		.ascii	"\236u\225\203\274\023\212\347\255\273J\271\261f\020"
ARM GAS  C:\cygwin\tmp\ccMPe6yR.s 			page 22


 285      BC138AE7 
 285      ADBB4AB9 
 285      B16610
 286 0615 933206A5 		.ascii	"\2232\006\245\267\232\033\320>}^\324.\177G\277J\002"
 286      B79A1BD0 
 286      3E7D5ED4 
 286      2E7F47BF 
 286      4A02
 287 0627 B6F9987B 		.ascii	"\266\371\230{\022\241_%\202\302\230\371p\020#\263\375"
 287      12A15F25 
 287      82C298F9 
 287      701023B3 
 287      FD
 288 0638 EA56ECB7 		.ascii	"\352V\354\267\366V\375\347\236U\377I\346M\375g\344p"
 288      F656FDE7 
 288      9E55FF49 
 288      E64DFD67 
 288      E470
 289 064a E95D1B7A 		.ascii	"\351]\033z\020\000\023\217\321\205G\243\017\244\024"
 289      1000138F 
 289      D18547A3 
 289      0FA414
 290 0659 830F2474 		.ascii	"\203\017$t\210\005\247\2519\243\302\336\362p\020\363"
 290      8805A7A9 
 290      39A3C2DE 
 290      F27010F3 
 291 0669 66C6CF78 		.ascii	"f\306\317xr8Rx\361p\034:_\032+\305\217X\345\234y\270"
 291      72385278 
 291      F1701C3A 
 291      5F1A2BC5 
 291      8F58E59C 
 292 067f 67D2D674 		.ascii	"g\322\326t8\236\311gO\007}\013\245\362\346\323\001s"
 292      389EC967 
 292      4F077D0B 
 292      A5F2E6D3 
 292      0173
 293 0691 763AD278 		.ascii	"v:\322xr:\032\363\232Gl\361$c\251\177\336=\256\302Q"
 293      723A1AF3 
 293      9A476CF1 
 293      2463A97F 
 293      DE3DAEC2 
 294 06a6 522A0CE5 		.ascii	"R*\014\345\324\015)\227\356\227\036\027\344\324\336"
 294      D40D2997 
 294      EE971E17 
 294      E4D4DE
 295 06b5 F489FC5C 		.ascii	"\364\211\374\\v\310\323\371\245\024I-H\252\244\2376"
 295      76C8D3F9 
 295      A514492D 
 295      48AAA49F 
 295      36
 296 06c6 4780FF28 		.ascii	"G\200\377(\331\027\2007^\025E\323z;\014\206P\006\363"
 296      D9178037 
 296      5E1545D3 
 296      7A3B0C86 
 296      5006F3
 297 06d9 ECDCC90A 		.ascii	"\354\334\311\012\033\034/\265\352\244\256\254\223\336"
 297      1B1C2FB5 
ARM GAS  C:\cygwin\tmp\ccMPe6yR.s 			page 23


 297      EAA4AEAC 
 297      93DE
 298 06e7 CF9CCCB3 		.ascii	"\317\234\314\263\245\"\371W\313\236~f\224T\365*M\327"
 298      A522F957 
 298      CB9E7E66 
 298      9454F52A 
 298      4DD7
 299 06f9 190B2E37 		.ascii	"\031\013.7\033\007\224\015\311r\025o\264\343\274\003"
 299      1B07940D 
 299      C972156F 
 299      B4E3BC03 
 300 0709 FA9C176F 		.ascii	"\372\234\027o\264\342\272\362\037\236\026\0049\312\342"
 300      B4E2BAF2 
 300      1F9E1604 
 300      39CAE2
 301 0718 15E8D8AC 		.ascii	"\025\350\330\254\313\324\220\230\212\301\311\023\303"
 301      CBD49098 
 301      8AC1C913 
 301      C3
 302 0725 EC46233A 		.ascii	"\354F#:,\025\2459\355\305\014\333\240D'\330~\307/\037"
 302      2C15A539 
 302      EDC50CDB 
 302      A04427D8 
 302      7EC72F1F 
 303 0739 2F6529D3 		.ascii	"/e)\323*Q\016\303Z\357\277\361\267L\016\254\210{B\231"
 303      2A510EC3 
 303      5AEFBFF1 
 303      B74C0EAC 
 303      887B4299 
 304 074d A081F268 		.ascii	"\240\201\362hzrM\351\351\316Nl\340\361 \3639\271\270"
 304      7A724DE9 
 304      E9CE4E6C 
 304      E0F120F3 
 304      39B9B8
 305 0760 BB468A47 		.ascii	"\273F\212G\231\360etu\267\002O3\341\330\236\236N\032"
 305      99F06574 
 305      75B7024F 
 305      33E1D89E 
 305      9E4E1A
 306 0773 AE029A17 		.ascii	"\256\002\232\027@:\206\353\016\320/\275\223$\200\205"
 306      403A86EB 
 306      0ED02FBD 
 306      93248085 
 307 0783 CCF874D2 		.ascii	"\314\370t\322\261>%\344\267'y$\256\361\234\372PLr\236"
 307      B13E25E4 
 307      B7277924 
 307      AEF19CFA 
 307      504C729E 
 308 0797 D063342E 		.ascii	"\320c4.\215\021\262\177N,\243|\223\277\250\210l&\337"
 308      8D11B27F 
 308      4E2CA37C 
 308      93BFA888 
 308      6C26DF
 309 07aa 94E5629A 		.ascii	"\224\345b\232\345'\245\023\327l\361U\0315Y9]v\331f\331"
 309      E527A513 
 309      D76CF155 
 309      19355939 
ARM GAS  C:\cygwin\tmp\ccMPe6yR.s 			page 24


 309      5D76D966 
 310 07bf 09A1297B 		.ascii	"\011\241){d\377P\347\373Q\244V\004\243\361w\210"
 310      64FF50E7 
 310      FB51A456 
 310      04A3F177 
 310      88
 311 07d0 7EF09730 		.ascii	"~\360\2270\"\213\377\023J\030\027:\305/\203\267\243"
 311      228BFF13 
 311      4A18173A 
 311      C52F83B7 
 311      A3
 312 07e1 2F155FB4 		.ascii	"/\025_\264\307]\214\252~\254\256~\001P\0119\331O\312"
 312      C75D8CAA 
 312      7EACAE7E 
 312      01500939 
 312      D94FCA
 313 07f4 85DF030F 		.ascii	"\205\337\003\017):z\022JE\036\323\267\002G\020\312S"
 313      293A7A12 
 313      4A451ED3 
 313      B7024710 
 313      CA53
 314 0806 46790AAB 		.ascii	"Fy\012\253'\206\255\377\335 n\230\253\3754;?\344I\254"
 314      2786ADFF 
 314      DD206E98 
 314      ABFD343B 
 314      3FE449AC 
 315 081a 664D3F93 		.ascii	"fM?\223Yi\223.o\326.\027\265\311\323\306w\275\253\332"
 315      5969932E 
 315      6FD62E17 
 315      B5C9D3C6 
 315      77BDABDA 
 316 082e 4BBAD1D3 		.ascii	"K\272\321\323\327q=\267xC\270^\357\021\272c{d\304\252"
 316      D7713DB7 
 316      7843B85E 
 316      EF11BA63 
 316      7B64C4AA 
 317 0842 B0D07003 		.ascii	"\260\320p\003\375\343\274\233S\352=\326i\302\303C\303"
 317      FDE3BC9B 
 317      53EA3DD6 
 317      69C2C343 
 317      C3
 318 0853 D787EED0 		.ascii	"\327\207\356\320\333z\254\323i<\265\032//q\346\245\331"
 318      DB7AACD3 
 318      693CB51A 
 318      2F2F71E6 
 318      A5D9
 319 0865 48676E9E 		.ascii	"Hgn\236[\324\356vd\266Y\353\345c\271\356-\245\353Z%"
 319      5BD4EE76 
 319      64B659EB 
 319      E563B9EE 
 319      2DA5EB5A 
 320 087a 7DB8BB7B 		.ascii	"}\270\273{\373\250}4T\360q\363\320\270h}}\226ZX\016"
 320      FBA87D34 
 320      54F071F3 
 320      D0B8687D 
 320      7D965A58 
 321 088f 668FC090 		.ascii	"f\217\300\220\200\240\310\035\372U\301\333a\007R_oW"
ARM GAS  C:\cygwin\tmp\ccMPe6yR.s 			page 25


 321      80A0C81D 
 321      FA55C1DB 
 321      6107525F 
 321      6F57
 322 08a1 20954706 		.ascii	" \225G\006\206\030\326\374JgP\350t\246\351\266\200\337"
 322      8618D6FC 
 322      4A6750E8 
 322      74A6E9B6 
 322      80DF
 323 08b3 F8858587 		.ascii	"\370\205\205\207\356\012\367\017v\334\031\030\244\217"
 323      EE0AF70F 
 323      76DC1918 
 323      A48F
 324 08c1 F0DB1510 		.ascii	"\360\333\025\020\260\322?<xeHh\210~\245\336\177{\340"
 324      B0D23F3C 
 324      78654868 
 324      887EA5DE 
 324      7F7BE0
 325 08d4 CAB5BA8F 		.ascii	"\312\265\272\217V\376b\365\232\265~V\260\237h\302/\330"
 325      56FE62F5 
 325      9AB57E56 
 325      B09F68C2 
 325      2FD8
 326 08e6 3F607760 		.ascii	"?`w`\210\336O\267C\277\323?2\310\2403|\032\246\217\000"
 326      88DE4FB7 
 326      43BFD33F 
 326      32C8A033 
 326      7C1AA68F 
 327 08fb B31FFFEF 		.ascii	"\263\037\377\357\334\021\206\035\260Q\340z\037\202\350"
 327      DC11861D 
 327      B051E07A 
 327      1F82E8
 328 090a AD377807 		.ascii	"\2557x\007\371\377Y\357\346\342\034\346\017\241]\375"
 328      F9FF59EF 
 328      E6E21CE6 
 328      0FA15DFD 
 329 091a E1BFFABD 		.ascii	"\341\277\372\27532$\300\020\030\032\002\300v2\0175\354"
 329      333224C0 
 329      10181A02 
 329      C076320F 
 329      35EC
 330 092c D6873B07 		.ascii	"\326\207;\007p\222uZ\255\273\214x\375k\235\301\226\371"
 330      7092755A 
 330      ADBB8C78 
 330      FD6B9DC1 
 330      96F9
 331 093e 0FB30556 		.ascii	"\017\263\005V\2644S\177\015\320\207\021\006\005\211"
 331      B434537F 
 331      0DD08711 
 331      060589
 332 094d F01F759E 		.ascii	"\360\037u\236ZO\315\"6\205\330k6\252\335u\033|=\327"
 332      5A4FCD22 
 332      3685D86B 
 332      36AADD75 
 332      1B7C3DD7 
 333 0961 FBB8693D 		.ascii	"\373\270i=\035\254a\027\265\217Z\247vq\201\214y/\231"
 333      1DAC6117 
ARM GAS  C:\cygwin\tmp\ccMPe6yR.s 			page 26


 333      B58F5AA7 
 333      7671818C 
 333      792F99
 334 0974 6309F2EB 		.ascii	"c\011\362\353\253\021\337\361vWo\321\350\\4[\334\326"
 334      AB11DFF1 
 334      76576FD1 
 334      E85C345B 
 334      DCD6
 335 0986 6B741BD4 		.ascii	"kt\033\324n\356\276^\232\357\261%\365\372\217=\265\237"
 335      6EEEBE5E 
 335      9AEFB125 
 335      F5FA8F3D 
 335      B59F
 336 0998 B86B5C36 		.ascii	"\270k\\6j\026Z*\257\363\365\336\372}\006xh<\264^[u\233"
 336      6A165A2A 
 336      AFF3F5DE 
 336      FA7D0678 
 336      683CB45E 
 337 09af D55E6E3E 		.ascii	"\325^n>[uP+Z/qe#\224\306'j\262\344\343Jy5.K\254W|6\372"
 337      5B75502B 
 337      5A2F7165 
 337      2394C627 
 337      6AB2E4E3 
 338 09cd 880BCBE7 		.ascii	"\210\013\313\347\253\032\310\233!T\214\373\006\210\243"
 338      AB1AC89B 
 338      21548CFB 
 338      0688A3
 339 09dc 979E54B3 		.ascii	"\227\236T\263\030'\031$*$2(H\2663\3041\"L\037\200\326"
 339      18271924 
 339      2A243228 
 339      48B633C4 
 339      31224C1F 
 340 09f2 482302FF 		.ascii	"H#\002\377\246\327\031\266\3767\031\017\012\334N\226"
 340      A6D719B6 
 340      FE37190F 
 340      0ADC4E96 
 341 0a02 DFCAFC5A 		.ascii	"\337\312\374Z\347\217\234\177i\231\177\250*R\302\301"
 341      E78F9C7F 
 341      69997FA8 
 341      2A52C2C1 
 342 0a12 FAE080B0 		.ascii	"\372\340\200\260O\301\262awx\350_$Az\377\235\377\227"
 342      4FC1B261 
 342      7778E85F 
 342      24417AFF 
 342      9DFF97
 343 0a25 FA0A0F0C 		.ascii	"\372\012\017\014\331\005\374v\221\001P\011\314=Ud\304"
 343      D905FC76 
 343      91015009 
 343      CC3D5564 
 343      C4
 344 0a36 ECDC5D1F 		.ascii	"\354\334]\037\362Oml\216\006"
 344      F24F6D6C 
 344      8E06
 345              		.text
 346              		.section	.gnu.lto_.symtab.652bf65f,"",%progbits
 347 0000 654D4253 		.ascii	"eMBSetSlaveID\000\000\000\000\000\000\000\000\000\000"
 347      6574536C 
ARM GAS  C:\cygwin\tmp\ccMPe6yR.s 			page 27


 347      61766549 
 347      44000000 
 347      00000000 
 348 0017 0000F300 		.ascii	"\000\000\363\000\000\000eMBFuncReportSlaveID\000\000"
 348      0000654D 
 348      4246756E 
 348      63526570 
 348      6F727453 
 349 0033 00000000 		.ascii	"\000\000\000\000\000\000\000\000\000\000\025\001\000"
 349      00000000 
 349      00001501 
 349      00
 350 0040 00       		.ascii	"\000"
 351              		.text
 352              		.section	.gnu.lto_.opts,"",%progbits
 353 0000 272D666E 		.ascii	"'-fno-trapv' '-mcpu=cortex-m4' '-mno-thumb-interwor"
 353      6F2D7472 
 353      61707627 
 353      20272D6D 
 353      6370753D 
 354 0033 6B272027 		.ascii	"k' '-mthumb' '-ggdb' '-O2' '-fomit-frame-pointer' '"
 354      2D6D7468 
 354      756D6227 
 354      20272D67 
 354      67646227 
 355 0066 2D66616C 		.ascii	"-falign-functions=16' '-ffunction-sections' '-fdata"
 355      69676E2D 
 355      66756E63 
 355      74696F6E 
 355      733D3136 
 356 0099 2D736563 		.ascii	"-sections' '-fno-common' '-flto'\000"
 356      74696F6E 
 356      73272027 
 356      2D666E6F 
 356      2D636F6D 
 357              		.text
 358              		.comm	__gnu_lto_v1,1,1
 359              		.comm	__gnu_lto_slim,1,1
 360              		.ident	"GCC: (GNU Tools for ARM Embedded Processors) 4.9.3 20141119 (release) [ARM/embedded-4_9-br
ARM GAS  C:\cygwin\tmp\ccMPe6yR.s 			page 28


DEFINED SYMBOLS
                            *ABS*:00000000 mbfuncother.c
                            *COM*:00000001 __gnu_lto_v1
                            *COM*:00000001 __gnu_lto_slim

NO UNDEFINED SYMBOLS
