ARM GAS  C:\cygwin\tmp\ccDXmzZf.s 			page 1


   1              		.syntax unified
   2              		.cpu cortex-m4
   3              		.fpu softvfp
   4              		.eabi_attribute 20, 1
   5              		.eabi_attribute 21, 1
   6              		.eabi_attribute 23, 3
   7              		.eabi_attribute 24, 1
   8              		.eabi_attribute 25, 1
   9              		.eabi_attribute 26, 1
  10              		.eabi_attribute 30, 2
  11              		.eabi_attribute 34, 1
  12              		.eabi_attribute 18, 4
  13              		.thumb
  14              		.file	"mbfuncdisc_m.c"
  15              		.text
  16              	.Ltext0:
  17              		.section	.gnu.lto_.profile.652bef7a,"",%progbits
  18 0000 789C6366 		.ascii	"x\234cf```e\200\000F\206C\214A\000\003$\001\037"
  18      60606065 
  18      80004686 
  18      438C4100 
  18      0324011F 
  19              		.text
  20              		.section	.gnu.lto_.jmpfuncs.652bef7a,"",%progbits
  21 0000 789C6D8C 		.ascii	"x\234m\214-\016\302P\020\204gvZ\212i\360\234\247w\252"
  21      2D0EC250 
  21      10846776 
  21      5A8A69F0 
  21      9CA777AA 
  22 0014 7CA6BE0E 		.ascii	"|\246\276\016\022\034\252\345\002\\\205\252\272&\025"
  22      121CAAE5 
  22      025C85AA 
  22      BA2615
  23 0023 9826181C 		.ascii	"\230&\030\034\273\017$+f\223\371\371\204\377w\376\375"
  23      BB0F242B 
  23      6693F9F9 
  23      84FF77FE 
  23      FD
  24 0034 02225931 		.ascii	"\002\"Y1%\002T\353\026m3\366\335}\336\255\3666\224\340"
  24      250254EB 
  24      166D33F6 
  24      DD7DDEAD 
  24      F63694E0 
  25 0048 C0E3D79D 		.ascii	"\300\343\327\235\256\317S\035.\367\340\350.X\370\234"
  25      AECF531D 
  25      2EF7E0E8 
  25      2E58F89C 
  26 0058 87E4A2BC 		.ascii	"\207\344\242\274V\313\020\3134\001\346I\260\245\306"
  26      56CB10CB 
  26      3401E649 
  26      B0A5C6
  27 0067 0197C7F2 		.ascii	"\001\227\307\362R\000\314\300[\000\342\"\366\236\274"
  27      5200CCC0 
  27      5B00E222 
  27      F69EBC
  28 0076 9819C007 		.ascii	"\230\031\300\007\311i\032y"
  28      C9691A79 
ARM GAS  C:\cygwin\tmp\ccDXmzZf.s 			page 2


  29              		.text
  30              		.section	.gnu.lto_.inline.652bef7a,"",%progbits
  31 0000 789C6366 		.ascii	"x\234cf\300\016^Ci\026\006\026\311\243\014\214L\214"
  31      C00E5E43 
  31      69160616 
  31      C9A30C8C 
  31      4C8C
  32 0012 8C0C0C4C 		.ascii	"\214\014\014L@\314\"\262`\016#\003\333\002y&\006\246"
  32      40CC22B2 
  32      600E2303 
  32      DB027926 
  32      06A6
  33 0024 0BFC2C20 		.ascii	"\013\374, \202\003\244\216\211\233\201\201\021BN\360"
  33      8203A48E 
  33      899B8181 
  33      11424EF0 
  34 0034 43E28049 		.ascii	"C\342\200I \305\317\316\310\314\220\366\221\211\361"
  34      20C5CFCE 
  34      C8CC90F6 
  34      9189F1
  35 0043 F4A31F9F 		.ascii	"\364\243\037\237y^0\375db\026``\\\316(\305\300\220\012"
  35      795E30FD 
  35      64621660 
  35      605CCE28 
  35      C5C0900A 
  36 0057 A1408603 		.ascii	"\241@\206\003\225\202\215fY /\300\3002\207\025l4+\037"
  36      95828D66 
  36      59202FC0 
  36      C0328715 
  36      6C342B1F 
  37 006b 030703F3 		.ascii	"\003\007\003\363\004?\020d\346\001\262A6\260\250\312"
  37      043F1064 
  37      E601B241 
  37      36B0A8CA 
  38 007b 039D04D4 		.ascii	"\003\235\004\324\303\254\273\253\237\211\201\375\225"
  38      C3ACBBAB 
  38      9F8981FD 
  38      95
  39 0088 22D04106 		.ascii	"\"\320A\006,\010\247\000u!i\002\351af\340\025\006\272"
  39      2C08A700 
  39      75216902 
  39      E96166E0 
  39      1506BA
  40 009b 87B3CB9C 		.ascii	"\207\263\313\234\201\275I\205\011\244\024*\003v#\003"
  40      81BD4985 
  40      09A4142A 
  40      03762303 
  41 00ab 00F7941F 		.ascii	"\000\367\224\0378"
  41      38
  42              		.text
  43              		.section	.gnu.lto_.pureconst.652bef7a,"",%progbits
  44 0000 789C6366 		.ascii	"x\234cf``\340d\200\000\026\006)F\011&IfI\000\002\267"
  44      6060E064 
  44      80001606 
  44      29460926 
  44      49664900 
  45 0016 007B     		.ascii	"\000{"
ARM GAS  C:\cygwin\tmp\ccDXmzZf.s 			page 3


  46              		.text
  47              		.section	.gnu.lto_eMBMasterReqReadDiscreteInputs.part.0.652bef7a,"",%progbits
  48 0000 789C7554 		.ascii	"x\234uTklTE\024\2363s\357>\272OP\023\263\211\321\244"
  48      6B6C5445 
  48      149E3373 
  48      EF3EBA4F 
  48      5013B389 
  49 0016 69A891C0 		.ascii	"i\250\221\300?\342O4\212\361\007\372\003\375M\240\273"
  49      3FE24F34 
  49      8AF107FA 
  49      03FD4DA0 
  49      BB
  50 0027 2635B624 		.ascii	"&5\266$\373HHL\303\335\207\225\230(\332(B\001Y\002\345"
  50      FB48484C 
  50      C3DD8795 
  50      9828DA28 
  50      42015902 
  51 003c 6D974729 		.ascii	"m\227G)-\205vKkm\201\262\256\304v\333\220v\325b(T\244"
  51      2D85764B 
  51      6B6D81B2 
  51      AEC476DB 
  51      9076D562 
  52 0053 6ECD7205 		.ascii	"n\315r\005\272\2363\267\273\266\264l\262wf\316\234\357"
  52      BA9E33B7 
  52      BBB6B46C 
  52      B27766CE 
  52      9CEF
  53 0065 FBCE6366 		.ascii	"\373\316cf\004[\374[\211\377\230\2111?\216\2402P\276"
  53      045BFC5B 
  53      89FF9889 
  53      313F8EA0 
  53      3250BE
  54 0078 BC8E1305 		.ascii	"\274\216\023\005\270\0349\010\032\303\026\001@\023\006"
  54      B81C3908 
  54      1AC31601 
  54      401306
  55 0087 6C9BC205 		.ascii	"l\233\302\005l\203I>\315\341Z\373\354\015X\321\244i"
  55      6C83493E 
  55      CDE15AFB 
  55      EC0D58D1 
  55      A469
  56 0099 91FB0D67 		.ascii	"\221\373\015g{m\237<\257s\306r\234\301J\017\274\354"
  56      7B6D9F3C 
  56      AF73C672 
  56      9CC14A0F 
  56      BCEC
  57 00ab 21F723B0 		.ascii	"!\367#\260\002\375>\357\314<2\211U\300p>pw\252KT\034"
  57      02FD3EEF 
  57      CC3C3289 
  57      55C0703E 
  57      7077AA4B 
  58 00c1 444C32D5 		.ascii	"DL2\325\254\255\005\235\003\034\005\361?\012\015\014"
  58      ACAD059D 
  58      031C05F1 
  58      3F0A0D0C 
  59 00d1 8E4105FA 		.ascii	"\216A\005\3726\214d\"6\361\252\304]\375\355A\316~\233"
  59      368C6422 
ARM GAS  C:\cygwin\tmp\ccDXmzZf.s 			page 4


  59      36F1AAC4 
  59      5DFDED41 
  59      CE7E9B
  60 00e4 EB9CBB69 		.ascii	"\353\234\273i\3318|kF\320RpZ&\277\352\274\003\006\253"
  60      D9387C6B 
  60      46D05270 
  60      5A26BFEA 
  60      BC0306AB 
  61 00f8 7E4A5B8B 		.ascii	"~J[\213v\005\216\033\254'\300\003'\201x\025\006\337"
  61      76058E1B 
  61      AC27C003 
  61      27817815 
  61      06DF
  62 010a 4BDE9647 		.ascii	"K\336\226G\341\016\247xK\362^jL\017Z\015\344\321\250"
  62      E10EA778 
  62      4BF25E6A 
  62      4C0F5A0D 
  62      E4D1A8
  63 011d A99280CD 		.ascii	"\251\222\200\315K\000\023PA\336\367\262_\237P\305\373"
  63      4B001350 
  63      41DEF7B2 
  63      5F9F50C5 
  63      FB
  64 012e 12D9DE3C 		.ascii	"\022\331\336<3h\223\021\275D\313\013\015\375\273L2\""
  64      33689311 
  64      BD44CB0B 
  64      0DFDBB4C 
  64      3222
  65 0140 85963D3F 		.ascii	"\205\226=?\025\332\354\345\007\264d$\273'\232\262k\375"
  65      15DAECE5 
  65      07B46424 
  65      BB279AB2 
  65      6BFD
  66 0152 5A2C5B28 		.ascii	"Z,[(\274\250s\025N\031\374\247\221\377\014x\346\032"
  66      BCA87315 
  66      4E19FCA7 
  66      91FF0C78 
  66      E61A
  67 0164 4165EAFE 		.ascii	"Ae\352\376{\034\304FI>\364\355\350\277\012\302\265H"
  67      7B1CC446 
  67      493EF4ED 
  67      E8BF0AC2 
  67      B548
  68 0176 7CEFEFEA 		.ascii	"|\357\357\352\256\"\230A\313\374Z\225\240S{'o\333\304"
  68      AE229841 
  68      CBFC5A95 
  68      A0537B27 
  68      6FDBC4
  69 0189 87129A68 		.ascii	"\207\022\232h\237\024\204\324\262\273\017z\223\261\270"
  69      9F1484D4 
  69      B2BB0F7A 
  69      93B1B8
  70 0198 365B2860 		.ascii	"6[(`\231M\320\372\024\335\351\330\343a\233)\206\010"
  70      994DD0FA 
  70      14DDE9D8 
  70      E3619B29 
  70      8608
ARM GAS  C:\cygwin\tmp\ccDXmzZf.s 			page 5


  71 01aa 379C8572 		.ascii	"7\234\205r8\207\377\363PN\235\304\026\266\201\011\030"
  71      3887FFF3 
  71      504E9DC4 
  71      16B68109 
  71      18
  72 01bb 1364913B 		.ascii	"\023d\221;\350\221X\256i\205\302\221N\361\002\000\265"
  72      E89158AE 
  72      6985C291 
  72      4EF10200 
  72      B5
  73 01cc 8A638D54 		.ascii	"\212c\215TA\037\005\250\304*N\315&\374X\314d\264\320"
  73      411F05A8 
  73      C42A4ECD 
  73      26FC58CC 
  73      64B4D0
  74 01df CC4AB332 		.ascii	"\314J\2632\240B\332h\333NF\007\031\2354s1\"w\313/c\023"
  74      A042DA68 
  74      DB4E4607 
  74      199D3473 
  74      312277CB 
  75 01f6 A84CE7ED 		.ascii	"\250L\347\355\026\226\036G1\004\221e\024\351H_\357q"
  75      16961E47 
  75      31049165 
  75      14E9485F 
  75      EF71
  76 0208 5BE5618C 		.ascii	"[\345a\2144\336\325T\257PVsi@;T\242Ck\3423\315L\335"
  76      34DED554 
  76      AF505673 
  76      69403B54 
  76      A2436BE2 
  77 0220 C4E4A381 		.ascii	"\304\344\243\201\335Z\234\227\022\207R\342\204\202\013"
  77      DD5A9C97 
  77      128752E2 
  77      84820B
  78 022f D850A445 		.ascii	"\330P\244EEJ\014\321\214\344\270\224\273\011\261\344"
  78      454A0CD1 
  78      8CE4B894 
  78      BB09B1E4 
  79 023f 2F7D40A9 		.ascii	"/}@\251\223\352w7\276h\346u\017\265\355\232E\347\326"
  79      93EA7737 
  79      BE68E675 
  79      0FB5ED9A 
  79      45E7D6
  80 0252 1C3A31E8 		.ascii	"\034:1\350\200:\332:s\267i\324Z\367\261\316\313d\345"
  80      803ADA3A 
  80      73B769D4 
  80      5AF7B1CE 
  80      CB64E5
  81 0265 080017A1 		.ascii	"\010\000\027\241N\3476F$C\246%9\3549.\220\343\022r\344"
  81      4EE73646 
  81      2443A625 
  81      39EC392E 
  81      90E31272 
  82 027a 3926E160 		.ascii	"9&\341`\243\020i8=\324-\310=\3179\221\221\355~|5Y\020"
  82      A3106938 
  82      3DD42DC8 
  82      3DCF3991 
ARM GAS  C:\cygwin\tmp\ccDXmzZf.s 			page 6


  82      91ED7E7C 
  83 0291 3F3E914A 		.ascii	"?>\221J[\350t\251\262e\347\036\354\377\323\261\017\366"
  83      5BE874A9 
  83      B265E71E 
  83      ECFFD3B1 
  83      0FF6
  84 02a3 8435E203 		.ascii	"\2045\342\003\202tRK\241\013\366\001\356\247\262=;\344"
  84      8274524B 
  84      A10BF601 
  84      EEA7B23D 
  84      3BE4
  85 02b5 6D016C78 		.ascii	"m\001lx\022wH`\272$ \346\004\242c\3653\252aR\363\\A"
  85      12774860 
  85      BA2420E6 
  85      04A263F5 
  85      33AA6152 
  86 02cc E0A16F76 		.ascii	"\340\241ov\236T\011\350\2640\3506\200\031\263\341B^"
  86      9E5409E8 
  86      B430E836 
  86      8019B3E1 
  86      425E
  87 02de 9208E682 		.ascii	"\222\010\346\202J7\036\216\272dP\362\340M\264\375\325"
  87      4A371E8E 
  87      BA6450F2 
  87      E04DB4FD 
  87      D5
  88 02ef 619F1F94 		.ascii	"a\237\037\224\200\3132\250\036\014\012\341F\226\303"
  88      80CB32A8 
  88      1E0C0AE1 
  88      4696C3
  89 02fe C520CCC5 		.ascii	"\305 \314\305,3\237\026\203\260`\020\013\024Jy\250\362"
  89      2C339F16 
  89      83B06010 
  89      0B144A79 
  89      A8F2
  90 0310 9A8707DA 		.ascii	"\232\207\007\332~\266\316W0C\257T\370A*X\2144K\012\326"
  90      7EB6CE57 
  90      3043AF54 
  90      F8412A58 
  90      8C344B0A 
  91 0325 C569DAF2 		.ascii	"\305i\332\362\330\252'\362\262\243y\201jb\377?\263 "
  91      D8AA27F2 
  91      B2A37981 
  91      6A62FF3F 
  91      B320
  92 0337 5505A9FE 		.ascii	"U\005\251\376\332~G/\233\257j\205>\251\372\243T\265"
  92      DA7E472F 
  92      9BAF6A85 
  92      3EA9FAA3 
  92      54B5
  93 0349 1B79DD2C 		.ascii	"\033y\335,\252:\026\347\345D\325\005\012\207\322\343"
  93      AA3A16E7 
  93      E544D505 
  93      0A87D2E3 
  94 0359 69F97CA9 		.ascii	"i\371|\251\362\261\270\227z|l\201\202\003\372\245\302"
  94      F2B1B897 
  94      7A7C6C81 
ARM GAS  C:\cygwin\tmp\ccDXmzZf.s 			page 7


  94      8203FAA5 
  94      C2
  95 036a 805470CA 		.ascii	"\200Tp\312\303\224{\312\211t\345\260h\014\256\030'r"
  95      C3947BCA 
  95      8974E5B0 
  95      680CAE18 
  95      2772
  96 037c 47AC754C 		.ascii	"G\254uL>C\012\276\346W\301\243\343{I\350\231\245\217"
  96      3E430ABE 
  96      E657C1A3 
  96      E37B49E8 
  96      99A58F
  97 038f E2B21C9D 		.ascii	"\342\262\034\235(\270f\2003\007\246v:\010\274\034\273"
  97      28B86680 
  97      3307A676 
  97      3A08BC1C 
  97      BB
  98 03a0 3F48E067 		.ascii	"?H\340g\020\034M\346\353]F\"\256'\361\317\346\350\012"
  98      101C4DE6 
  98      EB5D4622 
  98      AE27F1CF 
  98      E6E80A
  99 03b3 C275C4EB 		.ascii	"\302u\304\353\3749\274Q\\>\030x\213\321Y^)Q\274\301"
  99      FC39BC51 
  99      5C3E1878 
  99      8BD1595E 
  99      2951BCC1 
 100 03c7 C6E5CE63 		.ascii	"\306\345\316c<\243p9#+C\225BF\255{$oZ\323\242m\007:"
 100      3CA37039 
 100      232B4395 
 100      4246AD7B 
 100      246F5AD3 
 101 03df DF908235 		.ascii	"\337\220\2025l\014\302\311\207}\334Pu3\366\007\270\221"
 101      6C0CC2C9 
 101      877DDC50 
 101      7533F607 
 101      B891
 102 03f1 905F3CBF 		.ascii	"\220_<\277\025\037\007 J\274\205\257\254\363\373|\353"
 102      151F0720 
 102      4ABC85AF 
 102      ACF3FB7C 
 102      EB
 103 0402 B7783787 		.ascii	"\267x7\207\002\253k\214\341\203PmU\260zK-\0326\323\334"
 103      02AB6B8C 
 103      E183506D 
 103      55B07A4B 
 103      2D1A36D3 
 104 0417 5B1DA8DA 		.ascii	"[\035\250\332X\263\252\212YCU\033j\275\257y\275~g(\360"
 104      58B3AA8A 
 104      5943551B 
 104      6ABDAF79 
 104      BD7E6728 
 105 042c 065AFDBE 		.ascii	"\006Z\375\276\240\217\226\216P\340\235\342\372\355Z"
 105      A08F968E 
 105      50E09DE2 
 105      FAED5A
 106 043b 745BFFFA 		.ascii	"t[\377\372:\377\246\032_\231\357M\277\177CpS0\024\260"
ARM GAS  C:\cygwin\tmp\ccDXmzZf.s 			page 8


 106      3AFFA61A 
 106      5F99EF4D 
 106      BF7F4370 
 106      533014B0 
 107 044f 7CF45E75 		.ascii	"|\364^u\215\357\335P\360?\371\245_\335"
 107      8DEFDD50 
 107      F03FF9A5 
 107      5FDD
 108              		.text
 109              		.section	.gnu.lto_eMBMasterReqReadDiscreteInputs.652bef7a,"",%progbits
 110 0000 789C6D52 		.ascii	"x\234mR[HTQ\024=\373\234{g\306\271\243\015}\305|T \242"
 110      5B485451 
 110      143DFB9C 
 110      7B67C6B9 
 110      A30D7DC5 
 111 0018 51D46F9F 		.ascii	"Q\324o\237\366\262\372\250>\252\337\302f&\022\232\011"
 111      F6B2FAA8 
 111      3EAADFC2 
 111      6626129A 
 111      09
 112 0029 E6D15F74 		.ascii	"\346\321_t\347QD/K\202\236D\021=-\255\306,3\365\206"
 112      E751442F 
 112      4B829E44 
 112      113D2DAD 
 112      C62C33F5 
 113 003e 21463E8A 		.ascii	"!F>\212\310G\210\016\245\241%Q)L7\255i\357s\233\336"
 113      C847880E 
 113      A5A12551 
 113      294C37AD 
 113      69EF739B 
 114 0053 0766F6DD 		.ascii	"\007f\366\335\233\265\326\331{\355#\330\277g\031\376"
 114      9BB5D6D9 
 114      7BED23D8 
 114      BF6719FE 
 115 0063 AA056321 		.ascii	"\252\005c!\214`c\300\217t1\026sp\256\356y\310\230\356"
 115      8C6063C0 
 115      8F743116 
 115      7370AEEE 
 115      79C898EE 
 116 0077 1407F299 		.ascii	"\024\007\362\231\356\022\271T\221\251\002*\301@\005"
 116      EE12B954 
 116      91A9022A 
 116      C14005
 117 0086 A0C880ED 		.ascii	"\240\310\200\355\346BQa7\214\361\217\034:\032\276=\207"
 117      E6425161 
 117      378CF18F 
 117      1C3A1ABE 
 117      3D87
 118 0098 E28BBA1E 		.ascii	"\342\213\272\036\377P\225z\244\355\231er\306&8\203\005"
 118      FF50957A 
 118      A4ED9965 
 118      72C62638 
 118      8305
 119 00aa 1E98E721 		.ascii	"\036\230\347!\374e(F\334\241\346\276i\233X\010\014\277"
 119      FC652846 
 119      DCA1E6BE 
 119      699B5808 
ARM GAS  C:\cygwin\tmp\ccDXmzZf.s 			page 9


 119      0CBF
 120 00bc 1FBF1B6F 		.ascii	"\037\277\033o\021E\027\220ct\327\350\245`r\200+ ~\261"
 120      11451790 
 120      6374D7E8 
 120      A5607280 
 120      2B207EB1 
 121 00d0 B0C0E02A 		.ascii	"\260\300\340*\024!\266\252\277/\256\211\305\222\367"
 121      1421B6AA 
 121      BF2FAE89 
 121      C592F7
 122 00df E4D5E709 		.ascii	"\344\325\347\011\327(79wSz\252wdRP*8\245\306\321\346"
 122      D7283739 
 122      77537AAA 
 122      77645250 
 122      2A38A5C6 
 123 00f5 B760A99A 		.ascii	"\267`\251\2327\365R\254+p\315R\255\006\017\\\007\322"
 123      37F552AC 
 123      2B70CD52 
 123      AD060F5C 
 123      07D2
 124 0107 5518DC90 		.ascii	"U\030\334\220\272u\323\261\306\002\261R\3526\235z\326"
 124      BA75D3B1 
 124      C602B152 
 124      EA369D7A 
 124      D6
 125 0118 996731AF 		.ascii	"\231g1\257$l%D\254\371\017\261V\022\307\317\214\215"
 125      246C2544 
 125      ACF90FB1 
 125      5612C7CF 
 125      8C8D
 126 012a 6A62A324 		.ascii	"jb\243$6\324Lvj\262\241\271\224\336\257j?a\223\015)"
 126      36D44C76 
 126      6AB2A1B9 
 126      94DEAF6A 
 126      3F61930D 
 127 013f 94D6D7EE 		.ascii	"\224\326\327\356\327\355$\253\033\035\027l\253L\256"
 127      D7ED24AB 
 127      1B1D176C 
 127      AB4CAE
 128 014e C24D4BF6 		.ascii	"\302MK\366\026\312\336\226\262*\203\024\024\021\372"
 128      16CADE96 
 128      B22A8314 
 128      1411FA
 129 015d 7DFA58B5 		.ascii	"}\372X\265*6I\335\326\247\331{\256\302\363\272\021O"
 129      2A3649DD 
 129      D6A7D97B 
 129      AEC2F3BA 
 129      114F
 130 016f 9F4E74BB 		.ascii	"\237Nt\273\364v=\231\316f\347\230\334\006u\177*X\207"
 130      F4763D99 
 130      CE66E798 
 130      DC06757F 
 130      2A5887
 131 0182 FC7DF869 		.ascii	"\374}\370i\010\3046I\3579\376\362\213\202t=~\356\314"
 131      08C43649 
 131      EF39FEF2 
 131      8B82743D 
ARM GAS  C:\cygwin\tmp\ccDXmzZf.s 			page 10


 131      7EEECC
 132 0195 6BF5448E 		.ascii	"k\365D\216\314\240\376w\223\177R?&\277\366j\266$\366"
 132      CCA0FE77 
 132      937F523F 
 132      26BFF66A 
 132      B624F6
 133 01a8 E9863B50 		.ascii	"\351\206;P\010w\241\2206\210\253\273\0076\300@\225\332"
 133      0877A190 
 133      3688ABBB 
 133      0736C040 
 133      95DA
 134 01ba 99869ECD 		.ascii	"\231\206\236\315\246:\217\266/\002\027n\007K\\\376\013"
 134      A63A8FB6 
 134      2F02176E 
 134      074B5CFE 
 134      0B
 135 01cb A04DE1EB 		.ascii	"\240M\341\353\3009\3548\221\335\011d\261\006\344\027"
 135      C039EC38 
 135      91DD0964 
 135      B106E417 
 136 01db 63C32844 		.ascii	"c\303(D\357f\204s\212\242\007\342F\303\336\331R\032"
 136      EF668473 
 136      8AA207E2 
 136      46C3DED9 
 136      521A
 137 01ed D978FDD0 		.ascii	"\331x\375\320p\3673\007\271F76\340L/ \331\225\230:8"
 137      70F73307 
 137      B9463736 
 137      E04C2F20 
 137      D995983A 
 138 0202 8B30192E 		.ascii	"\2130\031.~_\274\335\315\340\376\217\261G\270`\007\362"
 138      7E5FBCDD 
 138      CDE0FE8F 
 138      B147B860 
 138      07F2
 139 0214 C500248D 		.ascii	"\305\000$\215\226\266\031\026\330\216\340\263\317\017"
 139      96B61916 
 139      D88EE0B3 
 139      CF0F
 140 0222 D7F05D53 		.ascii	"\327\360]S\372>\335ar\307\004\247\011\032a\027\313p"
 140      FA3EDD61 
 140      72C704A7 
 140      091A6117 
 140      CB70
 141 0234 D5E479A4 		.ascii	"\325\344y\244\336\227\330\371\013\036\273\324x\320."
 141      DE97D8F9 
 141      0B1EBBD4 
 141      78D02E
 142 0243 B511F7E0 		.ascii	"\265\021\367\340\247\266\302Nrj\326MH\204\365\267=\272"
 142      A7B6C24E 
 142      726AD64D 
 142      4884F5B7 
 142      3DBA
 143 0255 A6955C42 		.ascii	"\246\225\\B\223\322-\027\207K\035\264:\353@\023\224"
 143      93D22D17 
 143      874B1DB4 
 143      3AEB4013 
ARM GAS  C:\cygwin\tmp\ccDXmzZf.s 			page 11


 143      94
 144 0266 A0361B80 		.ascii	"\2406\033\200\275nK\226\377\335\205s\002\247g\320,\273"
 144      BD6E4B96 
 144      FFDD8573 
 144      02A767D0 
 144      2CBB
 145 0278 1019EECC 		.ascii	"\020\031\356\314p\315\344\232\274H\315\331\342\226v"
 145      70CDE49A 
 145      BC48CDD9 
 145      E29676
 146 0287 66B0DF41 		.ascii	"f\260\337A\210\031Sm\334\022\303\366\337\000\240bw\272"
 146      8819536D 
 146      DC12C3F6 
 146      DF00A062 
 146      77BA
 147 0299 B5529AC0 		.ascii	"\265R\232\300\320\370\026\360\360\361\324$\231S\231"
 147      D0F816F0 
 147      F0F1D424 
 147      995399
 148 02a8 AC1F94AF 		.ascii	"\254\037\224\257\216\341c2\300#\246Su.lB\0014\037H\035"
 148      8EE16332 
 148      C023A653 
 148      752E6C42 
 148      01341F48 
 149 02bd EF9E5F16 		.ascii	"\357\236_\026\362\373\327\354\360m\211\206\027\005\254"
 149      F2FBD7EC 
 149      F06D8986 
 149      1705AC
 150 02cc B0351AF4 		.ascii	"\2605\032\364F*v\004\261\260\205\276}\025a\357\346\300"
 150      462A7604 
 150      B1B085BE 
 150      7D1561EF 
 150      E6C0
 151 02de 422FCB8B 		.ascii	"B/\313\213z\327\007}K|\276PA4\274\034\253!\177\304O"
 151      7AD7077D 
 151      4B7CBE50 
 151      4134BC1C 
 151      AB217FC4 
 152 02f3 697E34BC 		.ascii	"i~4\2746\227\257\016:\266o\250\010\370\327E#\210_\263"
 152      3697AF0E 
 152      3AB66FA8 
 152      08F8D745 
 152      23885FB3 
 153 0307 B42C541E 		.ascii	"\264,T\036\360;\375+B\241\365\221\362H4\374\035\360"
 153      F03BFD2B 
 153      42A1F591 
 153      F24834FC 
 153      1DF0
 154 0319 C36D45   		.ascii	"\303mE"
 155              		.text
 156              		.section	.gnu.lto_eMBMasterFuncReadDiscreteInputs.part.1.652bef7a,"",%progbits
 157 0000 789C7556 		.ascii	"x\234uV[LTW\024=\373\236\271\257\231\341!>gH\332\246"
 157      5B4C5457 
 157      143DFB9E 
 157      B9AF99E1 
 157      213E6748 
 158 0016 C660D346 		.ascii	"\306`\323F\177\032\373\321\217\266\326\230~\324&\265"
ARM GAS  C:\cygwin\tmp\ccDXmzZf.s 			page 12


 158      7F1AFBD1 
 158      8FB6D698 
 158      7ED426B5 
 159 0026 7FED47A3 		.ascii	"\177\355G\2430m\374\000\033\206I\372\010\361\002#\222"
 159      306DFC00 
 159      1B8649FA 
 159      08F10223 
 159      92
 160 0037 6AD4106D 		.ascii	"j\324\020m|T\260\301\027JQ\300\312\303\027\012*(\202"
 160      7C54B0C1 
 160      174A51C0 
 160      CAC3170A 
 160      2A2882
 161 004a A305C152 		.ascii	"\243\005\301R\245\005\255V\003ZP\234\"L\367>\347\316"
 161      A505AD56 
 161      035A509C 
 161      224CF73E 
 161      E7CE
 162 005c 64A04A72 		.ascii	"d\240Jr\357={\237\275\326\332g\357s\316\300\331\377"
 162      EF3D7B9F 
 162      BDD6DA67 
 162      EF73CEC0 
 162      D9FF
 163 006e FF72F1E1 		.ascii	"\377r\361\341\246\374\202\213\201ss;\016\234\240\210"
 163      A6FC828B 
 163      8173733B 
 163      0E9CA088 
 164 007e AFA2F0A2 		.ascii	"\257\242\360\2424f9\035\364vsP\311\233g8\242\003U\321"
 164      3466391D 
 164      F4767350 
 164      C99B6738 
 164      A20355D1 
 165 0092 063C386F 		.ascii	"\006<8oV\274\211\363\232\242w\251d5\26404u\305hx\211"
 165      56BC89F3 
 165      9AA277A9 
 165      6435B430 
 165      3475C568 
 166 00a8 CCAE8568 		.ascii	"\314\256\205h\031`J\214\011@\003\006l\215S\341\016U"
 166      19604A8C 
 166      09400306 
 166      6C8D53E1 
 166      0E55
 167 00ba D3D1B506 		.ascii	"\323\321\265\006\356)\217\024h\253\237\270\006i{-+\377"
 167      EE298F14 
 167      68AB9FB8 
 167      06697B2D 
 167      2BFF
 168 00cc 61717DB3 		.ascii	"aq}\263k\355\234\260\302\330\260\302\340\015/\274\346"
 168      6BED9CB0 
 168      C2D8B0C2 
 168      E00D2FBC 
 168      E6
 169 00dd 25D07E48 		.ascii	"%\320~H\303\270[\255\277m7\370\002`8\256\257\034\271"
 169      C3B85BAD 
 169      BF6D37F8 
 169      026038AE 
 169      AF1CB9
ARM GAS  C:\cygwin\tmp\ccDXmzZf.s 			page 13


 170 00f0 ECBAAB84 		.ascii	"\354\272\253\204\025x\205\314\206\342\226m\032\231\212"
 170      157885CC 
 170      86E2966D 
 170      1A998A
 171 00ff 83CC6725 		.ascii	"\203\314g%\017\006\315ye\310\330x\243\332z\327\021V"
 171      0F06CD79 
 171      65C8D878 
 171      A3DA7AD7 
 171      1156
 172 0111 381C004E 		.ascii	"8\034\000N\234\345\340\205\203\340e\350bp\010\346Q\370"
 172      9CE5E085 
 172      83E065E8 
 172      627008E6 
 172      51F8
 173 0123 A9CAD006 		.ascii	"\251\312\320\006\340o\011\342K\177>\035v\013\342d2w"
 173      E06F09E2 
 173      4B7F3E1D 
 173      760BE264 
 173      3277
 174 0135 5CBF3DC2 		.ascii	"\\\277=\302\005\261Bf\373X\321}\327\334\237\220\270"
 174      05B14266 
 174      FB58D17D 
 174      D7DC9F90 
 174      B8
 175 0146 EF52D97A 		.ascii	"\357R\331z\267u\300\012\366E\"/\207\025\007TH\376\237"
 175      B775C00A 
 175      F645222F 
 175      87150754 
 175      48FE9F
 176 0159 91BF12BC 		.ascii	"\221\277\022\274v\241\211a\363\330}\223/\021\344=\265"
 176      76A18961 
 176      F3D87D93 
 176      2F11E43D 
 176      B5
 177 016a 3BF31205 		.ascii	";\363\022\005|w[\201\026\007>\362\002\360\277\315\375"
 177      7C775B81 
 177      16073EF2 
 177      02F0BFCD 
 177      FD
 178 017b E33A5F2E 		.ascii	"\343:_.\300CM]\367@\202/\367\253\333\242`\025\252%8"
 178      C0434D5D 
 178      F740822F 
 178      F7ABDBA2 
 178      6015AA25 
 179 0190 5A2D1B3A 		.ascii	"Z-\033:\330\267\345\220\312?\023\320\246+\221:7B\033"
 179      D8B7E590 
 179      CA3F13D0 
 179      A62B913A 
 179      37421B
 180 01a3 F377B797 		.ascii	"\363w\267\227i-Q(\207\243\223\213\022\003?<\2661\242"
 180      692D5128 
 180      87A3938B 
 180      12033F3C 
 180      B631A2
 181 01b6 719F0017 		.ascii	"q\237\000\027\264\365\027;\244nw\234.\203c\317\325\335"
 181      B4F5173B 
 181      A46E779C 
ARM GAS  C:\cygwin\tmp\ccDXmzZf.s 			page 14


 181      2E8363CF 
 181      D5DD
 182 01c8 D4D9F3D4 		.ascii	"\324\331\363\324\344\231\002\032\031;\371\227.\241="
 182      E499021A 
 182      193BF997 
 182      2EA13D
 183 01d7 71500DEA 		.ascii	"qP\015\352\236\013\335\272\376J\225\311\277\026\320"
 183      9E0BDDBA 
 183      FE4A95C9 
 183      BF16D0
 184 01e6 C7E7B60F 		.ascii	"\307\347\266\017Ih_kYFcp\2675\021\211@X\321\241\341"
 184      49685F6B 
 184      59466370 
 184      B7351189 
 184      4058D1A1 
 185 01fb 05393F0A 		.ascii	"\0059?\012\216_wiA\313\262\222\3410\314\205*|j\360\371"
 185      8E5F7769 
 185      41CBB292 
 185      E130CC85 
 185      2A7C6AF0 
 186 0210 059F5A7C 		.ascii	"\005\237Z|\352\3619\016sig\341\226:\001\0320\246\223"
 186      EAF1390E 
 186      736967E1 
 186      963A011A 
 186      30A693
 187 0223 47CCD4DA 		.ascii	"G\314\324\332\22156\022\031\016\247XV$\262\377\264\372"
 187      91353612 
 187      190EA758 
 187      5624B2FF 
 187      B4FA
 188 0235 2AD07651 		.ascii	"*\320vQ\360ep|\231\016F\323*\331\032\331\272\260\015"
 188      F065707C 
 188      990E46D3 
 188      2AD91AD9 
 188      BAB00D
 189 0248 F136C9EB 		.ascii	"\3616\311\353$/\236+$r\223\235@v\242\260\223p\350H&"
 189      242F9E2B 
 189      2472939D 
 189      4076A2B0 
 189      9370E848 
 190 025d 7B1ACDA4 		.ascii	"{\032\315\2440R\234N\366\0141\234\011\264+g\321\334"
 190      30529C4E 
 190      F60C319C 
 190      09B42B67 
 190      D1DC
 191 026f 6CE19843 		.ascii	"l\341\230C\332\036FIz\031\245\231*\336\214\015\340:"
 191      DA1E4649 
 191      7A19A599 
 191      2ADE8C0D 
 191      E03A
 192 0281 E84CDD56 		.ascii	"\350L\335V\234\364\345]\220?Ml\262\363\315\007]\363"
 192      9CF4E55D 
 192      903F4D6C 
 192      B2F3CD07 
 192      5DF3
 193 0293 F7611DAC 		.ascii	"\367a\035\254\355\233q\353\353v\211\340$\314\307\351"
 193      ED9B71EB 
ARM GAS  C:\cygwin\tmp\ccDXmzZf.s 			page 15


 193      EB7689E0 
 193      24CCC7E9 
 194 02a3 8D4347AA 		.ascii	"\215CG\2524q6\260\260\267\334\326\007\261\232B\334\341"
 194      347136B0 
 194      B0B7DCD6 
 194      07B19A42 
 194      DCE1
 195 02b5 C0259DC2 		.ascii	"\300%\235\302\303\201\234\311L\324\010\301\214\264\024"
 195      C3819CC9 
 195      4CD408C1 
 195      8CB414
 196 02c4 A1D50BC1 		.ascii	"\241\325\013\301\306\316u\234\252H\222%\3276V*\271c"
 196      C6CE759C 
 196      AA489225 
 196      D736562A 
 196      B963
 197 02d6 56916584 		.ascii	"V\221e\204\025\3470\00618\015\2714U}\177\357\0153\367"
 197      15E73006 
 197      31380DB9 
 197      34557D7F 
 197      EF0D33F7 
 198 02ea BBB0E212 		.ascii	"\273\260\342\022\345%\0004BnXq\263\033\220_\374\350"
 198      E5250034 
 198      426E5871 
 198      B31B905F 
 198      FCE8
 199 02fc 71C845CE 		.ascii	"q\310E\316QT\307y\362=qJ\007]\015\241\035\373\012\222"
 199      5154C779 
 199      F23D714A 
 199      075D0DA1 
 199      1DFB0A92 
 200 0310 E8F871B1 		.ascii	"\350\370q\261)\006\352\206\216\273w\301\316<\213\204"
 200      2906EA86 
 200      8EBB77C1 
 200      CE3C8B84 
 201 0320 54029DA1 		.ascii	"T\002\235\241-\000ga\027\020\366\346\272f.\321\034\011"
 201      2D006761 
 201      1710F6E6 
 201      BA662ED1 
 201      1C09
 202 0332 D053D05B 		.ascii	"\320S\320[8\242H\217\003\235\310\261g\353\017\025*Q"
 202      38A2488F 
 202      039DC8B1 
 202      67EB0F15 
 202      2A51
 203 0344 9AD8B026 		.ascii	"\232\330\260&Dw\201\010\240\346a\220\310\340\373;%'"
 203      44778108 
 203      A0E66190 
 203      C8E0FB3B 
 203      2527
 204 0356 40A25484 		.ascii	"@\242T\204t\3645m\022w\002\027\227@^k\335Usr\026\315"
 204      74F4356D 
 204      12770217 
 204      97405E6B 
 204      DD557372 
 205 036c 228B73B1 		.ascii	"\"\213s\261,\242\232D@Y\214h\322\326E\032\332dM\235"
 205      2CA29A44 
ARM GAS  C:\cygwin\tmp\ccDXmzZf.s 			page 16


 205      40598C68 
 205      D2D6451A 
 205      DA644D9D 
 206 0380 228A0B07 		.ascii	"\"\212\013\007K>\225A\006\272\342\327\356\000\006\347"
 206      4B3E9541 
 206      06BAE2D7 
 206      EE0006E7 
 207 0390 A7266AC8 		.ascii	"\247&j\310D'b\211\232\0109\\\372x\002D\242\234\022\375"
 207      44276289 
 207      9A08395C 
 207      FA780244 
 207      A29C12FD 
 208 03a4 A3FEEFB0 		.ascii	"\243\376\357\260sr\242\027D\242-\261D\333\354r9\221"
 208      7372A217 
 208      44A22DB1 
 208      44DBEC72 
 208      3991
 209 03b6 4096EB99 		.ascii	"@\226\353\231\235\272\013\235\223\352SE\262.){\276\364"
 209      9DBA0B9D 
 209      93EA5345 
 209      B22E297B 
 209      BEF4
 210 03c8 942DEBA6 		.ascii	"\224-\353\246\222\206n\205\304%\311\305\355;\3301^>"
 210      92866E85 
 210      C425C9C5 
 210      ED3BD831 
 210      5E3E
 211 03da 45B655C8 		.ascii	"E\266U\310^\214\311FE\022F\305>\210\325'Q\350&L\326"
 211      5E8CC946 
 211      451246C5 
 211      3E88D527 
 211      51E8264C 
 212 03ef 4CA488A7 		.ascii	"L\244\210\247\205wJ\277\225AI\350B\231\321g\027\326"
 212      85774ABF 
 212      954149E8 
 212      4299D167 
 212      17D6
 213 0401 CAFAE066 		.ascii	"\312\372\340f\275\204\002\235\020\354)\310\262c\350"
 213      BD84029D 
 213      10EC29C8 
 213      B263E8
 214 0410 F762A023 		.ascii	"\367b\240#d\210\000\324n\263\257\212\333x\357\027\245"
 214      648800D4 
 214      6EB3AF8A 
 214      DB78EF17 
 214      A5
 215 0421 7164FCB1 		.ascii	"qd\374\261\360I\251]\361dd\024k\305\344\272u\351\233"
 215      F049A95D 
 215      F1646414 
 215      6BC5E4BA 
 215      75E99B
 216 0434 866ED998 		.ascii	"\206n\331\230^;\331\024t\"\355\205]w\253\035Dk`_.\307"
 216      5E3BD914 
 216      7422ED85 
 216      5D77AB1D 
 216      446B605F 
 217 044a 15A88692 		.ascii	"\025\250\206\222M\021\032\216\230F\327\001[cz\274\306"
ARM GAS  C:\cygwin\tmp\ccDXmzZf.s 			page 17


 217      4D111A8E 
 217      9846D701 
 217      5B637ABC 
 217      C6
 218 045b BA28E70C 		.ascii	"\272(\347\014\234\230L0C\020\250\321#\235\314\244{\266"
 218      9C984C30 
 218      4310A8D1 
 218      239DCCA4 
 218      7BB6
 219 046d 5C5EFF96 		.ascii	"\\^\377\226h\245\242+\272\003\263Q\225?8]\001\010v\354"
 219      68A5A22B 
 219      BA03B351 
 219      953F385D 
 219      010876EC 
 220 0481 F918D11A 		.ascii	"\371\030\321\032\033\360p\331\250\362.\273Q\263\236"
 220      1BF070D9 
 220      A8F22EBB 
 220      51B39E
 221 0490 777E66DA 		.ascii	"w~f\332\347\247\235:\203\002\335\005\377D\303IR\026"
 221      E7A79D3A 
 221      8302DD05 
 221      FF44C349 
 221      5216
 222 04a2 4C670F81 		.ascii	"Lg\017\201\026\263\255\360f\371r9;\207\240\364K\325"
 222      16B3ADF0 
 222      66F97239 
 222      3B87A0F4 
 222      4BD5
 223 04b4 0B85D63B 		.ascii	"\013\205\326;\322\347\231z\021$\014c\255\031t\340E "
 223      D2E7997A 
 223      11240C63 
 223      AD1974E0 
 223      4520
 224 04c6 10B8AF13 		.ascii	"\020\270\257\023\303\330\315\350r\353i]\036\271\256"
 224      C3D8CDE8 
 224      72EB695D 
 224      1EB9AE
 225 04d5 B1E8BA3C 		.ascii	"\261\350\272<\361\215\323\020~%\3268\203\375.o\236\320"
 225      F18DD310 
 225      7E25D638 
 225      83FD2E6F 
 225      9ED0
 226 04e7 C54419EC 		.ascii	"\305D\031\354\235*\2314,\232\035\022\222\2360v0*VKb"
 226      9D2A9934 
 226      2C9A1D12 
 226      929E3076 
 226      302A564B 
 227 04fc 5EC163C6 		.ascii	"^\301c\306\325V\270S\261'g\273U\021\207\227\020\222"
 227      D556B853 
 227      B12767BB 
 227      55118797 
 227      1092
 228 050e 5A677A46 		.ascii	"ZgzF\265EG\255\"\020\377'\\\205E\354&\3445\216_\264"
 228      B54547AD 
 228      2210FF27 
 228      5C8545EC 
 228      26E4358E 
ARM GAS  C:\cygwin\tmp\ccDXmzZf.s 			page 18


 229 0524 DB964A75 		.ascii	"\333\226JuO\215?q\014\303\256\201W\355\355<\0124\020"
 229      4F8D3F71 
 229      0CC3AE81 
 229      57EDED3C 
 229      0A3410
 230 0537 F7626C21 		.ascii	"\367bl!t\375\376\012^=\3706&al\350\314\301\333\033("
 230      74FDFE0A 
 230      5E3DF836 
 230      26616CE8 
 230      CCC1DB1B 
 231 054c 0D9C797D 		.ascii	"\015\234y}i\266\317\267lu\306\312\200\177a\246\374|"
 231      69B6CFB7 
 231      6C75C6CA 
 231      807F61A6 
 231      FC7C
 232 055e 11C84ACF 		.ascii	"\021\310J\317Y\265:\013\035+i\234\261\312\237\376y\346"
 232      59B53A0B 
 232      1D2B699C 
 232      B1CA9FFE 
 232      79E6
 233 0570 8274667C 		.ascii	"\202tf|\025H_\232\275\"\323\347\016\370\227\373\276"
 233      15485F9A 
 233      BD22D3E7 
 233      0EF897FB 
 233      BE
 234 0581 7C2F2323 		.ascii	"|/##\333\347\367'\004\374K0\"\333\227\343{?+\307\010"
 234      DBE7F727 
 234      04FC4B30 
 234      22DB97E3 
 234      7B3F2BC7 
 235 0596 A47FB4F8 		.ascii	"\244\177\264\370\233\034\237\337\014\244/[,\242u\337"
 235      9B1C9FDF 
 235      0CA42F5B 
 235      2CA275DF 
 236 05a6 27392B72 		.ascii	"'9+r\002~\247\017Ar\250\006\374\037\372\262\376\003"
 236      027EA70F 
 236      4172A806 
 236      FC1FFAB2 
 236      FE03
 237 05b8 4E4A399B 		.ascii	"NJ9\233"
 238              		.text
 239              		.section	.gnu.lto_eMBMasterFuncReadDiscreteInputs.652bef7a,"",%progbits
 240 0000 789C7593 		.ascii	"x\234u\223]HTA\024\307\347\314\334{\367\356\207\265"
 240      5D485441 
 240      14C7E7CC 
 240      DC7BF7EE 
 240      87B5
 241 0012 F410B141 		.ascii	"\364\020\261A\005\"\025EB/\275\024\244E\017Q=\024Ao"
 241      05221545 
 241      422FBD14 
 241      A4450F51 
 241      3D14416F 
 242 0026 A1EB2D24 		.ascii	"\241\353-$\264\330\273\027\352A\272\272\033I\211\225"
 242      B4D8BB17 
 242      EA41BABA 
 242      1B498995 
 243 0036 14F44156 		.ascii	"\024\364AVX\366\255\331\247\233\251[\332\267ZbjV\224"
ARM GAS  C:\cygwin\tmp\ccDXmzZf.s 			page 19


 243      58F6ADD9 
 243      A79BA95B 
 243      DAB75A62 
 243      6A5694
 244 0049 A45B8665 		.ascii	"\244[\206e\211\225nf\333\231\271Zfuav\346\014\347\367"
 244      89956E66 
 244      DB99B95A 
 244      66756176 
 244      E60CE7F7 
 245 005d 3F33FF39 		.ascii	"?3\3779\313\310\337_\022\216\325\022!Y8\203B\200\356"
 245      CBC8DF5F 
 245      128ED512 
 245      21593883 
 245      4280EE
 246 0070 6E20245B 		.ascii	"n $[\245T\2761\205\230\016\366$\221\230.F\245\232\311"
 246      A554BE31 
 246      85980EF6 
 246      2491982E 
 246      46A59AC9 
 247 0084 18C9F573 		.ascii	"\030\311\365s1\222@\346I \003\360\231\000\331J\231$"
 247      319240E6 
 247      492003F0 
 247      9900D94A 
 247      9924
 248 0096 C3567847 		.ascii	"\303VxG{)\324\205~4\301\364\023\246\231\363\251 T\353"
 248      7B29D485 
 248      7E34C1F4 
 248      13A699F3 
 248      A92054EB 
 249 00aa DC36294A 		.ascii	"\3346)J\011\351\243\004f{`\246\207\347\237\204\351\230"
 249      09E9A304 
 249      667B60A6 
 249      87E79F84 
 249      E998
 250 00bc F7EAFEF3 		.ascii	"\367\352\376\363\003*\233\003\004\327\241\222\317\365"
 250      032A9B03 
 250      04D7A192 
 250      CFF5
 251 00ca CE2E1AA5 		.ascii	"\316.\032\2450\215\207\327\013\356\355WxH%\036~/|\337"
 251      308D87D7 
 251      0BEEED57 
 251      7848251E 
 251      7E2F7CDF 
 252 00de 634F2842 		.ascii	"cO(B\305\360\263\213\346B)J\031\234\002\3065O\203\007"
 252      C5F0B38B 
 252      E642294A 
 252      199C02C6 
 252      354F8307 
 253 00f2 CE8087E0 		.ascii	"\316\200\207\340\026\201\263\220\200\331\373v>.\263"
 253      1681B390 
 253      80D9FB76 
 253      3E2EB3
 254 0101 B3794237 		.ascii	"\263yB7\377\343\2052\305\"\207,R\202scI\211\300yH\340"
 254      FFE38532 
 254      C522872C 
 254      52827363 
 254      4989C079 
ARM GAS  C:\cygwin\tmp\ccDXmzZf.s 			page 20


 255 0117 E955258D 		.ascii	"\351U%\215y\300\026\010\364\341\353\201>\2278\222\233"
 255      79C01608 
 255      F4E1EB81 
 255      3E973892 
 255      9B
 256 0128 87075B23 		.ascii	"\207\007[#\237\2318\022\345a\303`n\2673\376\030\012"
 256      9F993812 
 256      E561C360 
 256      6EB733FE 
 256      180A
 257 013a B73F2CDA 		.ascii	"\267?,\332\3512O\231\301\366Xlj\224\312Pb\351\227\242"
 257      E9324F99 
 257      C1F6586C 
 257      6A94CA50 
 257      62E997A2 
 258 014e FE05F00C 		.ascii	"\376\005\360\014\333\314\025v\017v\333\331R!\336v\355"
 258      DBCC1576 
 258      0F76DBD9 
 258      5221DE76 
 258      ED
 259 015f 50F63881 		.ascii	"P\3668\201\037\255\013(\243\340\213\377\201\277\325"
 259      1FAD0B28 
 259      A3E08BFF 
 259      81BFD5
 260 016e 760CD9D8 		.ascii	"v\014\331\330\032\001\177\254iy\007\026\\\337!\357\037"
 260      1A017FAC 
 260      69790716 
 260      5CDF21EF 
 260      1F
 261 017f 8115B86C 		.ascii	"\201\025\270l\301#>\017\243=\355{\317\312,E\2405\217"
 261      C1233E0F 
 261      A33DED7B 
 261      CFCA2C45 
 261      A0358F
 262 0192 63E52E44 		.ascii	"c\345.D\3039G\033\212\224{#(\203\253\177\232\362\013"
 262      C339471B 
 262      8A947B23 
 262      2883AB7F 
 262      9AF20B
 263 01a5 FE74353F 		.ascii	"\376t5?\246\260\015\002\016\324u\024HV\335\247\243\352"
 263      A6B00D02 
 263      0ED47514 
 263      4856DDA7 
 263      A3EA
 264 01b7 1228FF67 		.ascii	"\022(\377g\335]\315m\003v\246\01346X\371\326f\241m\243"
 264      DD5DCD6D 
 264      0376A60B 
 264      343658F9 
 264      D666A16D 
 265 01cc 501B5CFF 		.ascii	"P\033\\\377'\332\033\034ju*A\3234\335P\006\361p\011"
 265      27DA1B1C 
 265      6A752A41 
 265      D334DD50 
 265      06F17009 
 266 01e0 C7151CD7 		.ascii	"\307\025\034\327p\204pT@<\357(l\245\033\240\000N|\267"
 266      70847054 
 266      403CEF28 
ARM GAS  C:\cygwin\tmp\ccDXmzZf.s 			page 21


 266      6CA51BA0 
 266      004E7CB7 
 267 01f4 7442D88C 		.ascii	"tB\330\214\305.E\366t%R'\020\276E\305\257\214o\254*"
 267      C52E45F6 
 267      74255227 
 267      10BE45C5 
 267      AF8C6FAC 
 268 0209 C01FD986 		.ascii	"\300\037\331\206K\273\003x\247\020\322\211\012\274\201"
 268      4BBB0378 
 268      A710D289 
 268      0ABC81
 269 0218 23F8A438 		.ascii	"#\370\2448\263\026\310\011\227\335\235(4\021\343-\332"
 269      B316C809 
 269      97DD9D28 
 269      3411E32D 
 269      DA
 270 0229 F9A851E5 		.ascii	"\371\250Q\345\217\316KU\242// \020\016m\217\343)\375"
 270      8FCE4B55 
 270      A22F2F20 
 270      100E6D8F 
 270      E329FD
 271 023c 54C68CC2 		.ascii	"T\306\214\302\246\374\022\2325h\346\232j\224:\372(?"
 271      A6FC129A 
 271      3568E69A 
 271      6A943AFA 
 271      283F
 272 024e 4C156461 		.ascii	"L\025da\031'i\206`[ \365wnvqE\236\215\253\251\230T="
 272      19276986 
 272      605B20F5 
 272      776E7671 
 272      459E8DAB 
 273 0266 EC72041B 		.ascii	"\354r\004\033\367I\"{\0069_w\334)\234oe\333F\327\226"
 273      F749227B 
 273      06395F77 
 273      DC299C6F 
 273      65DB46D7 
 274 027b 84255706 		.ascii	"\204%W\006\216|\210;\014\207\000\273\244\037\337:\314"
 274      8E7C883B 
 274      0C8700BB 
 274      A41FDF3A 
 274      CC
 275 028c 79B80987 		.ascii	"y\270\011\207\201\327i\010\370~\223\215\007\213\003"
 275      81D76908 
 275      F87E938D 
 275      078B03
 276 029b E33929A3 		.ascii	"\3439)\243\013\267~\325\221H\304\315\357\350\346\231"
 276      0BB77ED5 
 276      9148C4CD 
 276      EFE8E699 
 277 02ab BC07EFD4 		.ascii	"\274\007\357\324\236q\316(F\223\333\253Ot.TE%\361A\015"
 277      9E71CE28 
 277      4693DBAB 
 277      4F742E54 
 277      4525F141 
 278 02c0 CCC01A78 		.ascii	"\314\300\032x\333\240\333\222\245c\257\352\352C\323"
 278      DBA0DB92 
 278      A563AFEA 
ARM GAS  C:\cygwin\tmp\ccDXmzZf.s 			page 22


 278      EA43D3
 279 02cf 08D4E255 		.ascii	"\010\324\342U\373\251#J\343D\011y\304G\2670\276\037"
 279      FBA9234A 
 279      E3440979 
 279      C447B730 
 279      BE1F
 280 02e1 ED7809D9 		.ascii	"\355x\011\331\341\241\007\324\222Aw\336\000p'\351\373"
 280      E1A107D4 
 280      924177DE 
 280      007027E9 
 280      FB
 281 02f2 8ACD282B 		.ascii	"\212\315(+\001\012\227\036\371\362\003\204\313\370\037"
 281      010A971E 
 281      F9F20384 
 281      CBF81F
 282 0301 BE0D1E56 		.ascii	"\276\015\036V\327z\034\360u\200\253a\225YK|\232\266"
 282      D77A1CF0 
 282      7580AB61 
 282      95594B7C 
 282      9AB6
 283 0313 7C635AAA 		.ascii	"|cZ\252\241'fX\323:#\323\353O\337\230\211\033\251|\235"
 283      A1276658 
 283      D33A23D3 
 283      EB4FDF98 
 283      891BA97C 
 284 0328 96AE7BD7 		.ascii	"\226\256{\327f\314\361\022u\223\341]\342K\311\320dC"
 284      66CCF112 
 284      7593E15D 
 284      E24BC9D0 
 284      6443
 285 033a 5FA665BA 		.ascii	"_\246e\272\014}\245\266>)-\315\247\351z\234\241/\306"
 285      0C7DA5B6 
 285      3E292DCD 
 285      A7E97A9C 
 285      A12FC6
 286 034d 3C9FE6D7 		.ascii	"<\237\346\327\026e\372U\303\273\"y\213_\323\355\206"
 286      1665FA55 
 286      C3BB2279 
 286      8B5FD3ED 
 286      86
 287 035e 7779B260 		.ascii	"wy\262`l\332*\177\212\337\320\035\032B\326\362'\303"
 287      6CDA2A7F 
 287      8ADFD01D 
 287      1A42D6F2 
 287      27C3
 288 0370 74B158   		.ascii	"t\261X"
 289              		.text
 290              		.section	.gnu.lto_.symbol_nodes.652bef7a,"",%progbits
 291 0000 789C55D0 		.ascii	"x\234U\320\275\016\301p\024\005\360\363?\227\266\252"
 291      BD0EC170 
 291      1405F0F3 
 291      3F97B6AA 
 292 0010 B3897806 		.ascii	"\263\211x\006Ox\213\372\254Ab&\"}\011\211I:\033\315"
 292      4F788BFA 
 292      AC416226 
 292      227D0989 
 292      493A1BCD 
ARM GAS  C:\cygwin\tmp\ccDXmzZf.s 			page 23


 293 0024 48478B17 		.ascii	"HG\213\027\020M\333\341\272\313\311\357\344LW\000\214"
 293      104DDBE1 
 293      BACBC9EF 
 293      E44C5700 
 293      8C
 294 0035 1CEA634A 		.ascii	"\034\352cJ\005\2667@\325\355O\001\030S]S\340p,\213\015"
 294      05B63740 
 294      D5ED4F01 
 294      18535D53 
 294      E0702C8B 
 295 004a 957F8B31 		.ascii	"\225\177\2131U\354\302M\251\255\272@\034\227N\250m\353"
 295      55ECC24D 
 295      A9ADBA40 
 295      1C974EA8 
 295      6DEB
 296 005c 19D5B39E 		.ascii	"\031\325\263\236S}\353\0055\260\236P;\326+jh\275\246"
 296      537DEB05 
 296      35B09E50 
 296      3BD62B6A 
 296      68BDA6
 297 006f 76AD97D4 		.ascii	"v\255\227\324\310X\020\240H\337C\201\217\274J\017Y\225"
 297      C85810A0 
 297      48DF4381 
 297      8FBC4A0F 
 297      5995
 298 0081 6D24CFAF 		.ascii	"m$\317\257\023\264P<\312t\035\024\227\236\224\277\270"
 298      13B4503C 
 298      CA741D14 
 298      979E94BF 
 298      B8
 299 0092 7E9CB08B 		.ascii	"~\234\260\213\354\036\011C\344\273\276\260\331H\204"
 299      EC1E0943 
 299      E4BBBEB0 
 299      D94884
 300 00a1 BC4AE275 		.ascii	"\274J\342u\036\340\007\237\342P\277"
 300      1EE0079F 
 300      E250BF
 301              		.text
 302              		.section	.gnu.lto_.refs.652bef7a,"",%progbits
 303 0000 789C6366 		.ascii	"x\234cf```d\200\002\000\000=\000\005"
 303      60606064 
 303      80020000 
 303      3D0005
 304              		.text
 305              		.section	.gnu.lto_.decls.652bef7a,"",%progbits
 306 0000 789CA557 		.ascii	"x\234\245W}TT\311\225\357z\325\335@\323\302L\222A\303"
 306      7D5454C9 
 306      95EF7AD5 
 306      DD40D3C2 
 306      4C9241C3 
 307 0014 EEC9909D 		.ascii	"\356\311\220\235\214\311\236\035'3\263\236\234l\376"
 307      8CC99E1D 
 307      2733B39E 
 307      9C6CFE
 308 0023 D9B4D022 		.ascii	"\331\264\320\"3|m\0033\2313\236\323\207\201\036%\031"
 308      337C6D03 
 308      3399339E 
ARM GAS  C:\cygwin\tmp\ccDXmzZf.s 			page 24


 308      D387811E 
 308      2519
 309 0035 C1406326 		.ascii	"\301@c&\311\346l\203\002F\021\020A\371RQ@@\276\277A"
 309      C9E66C83 
 309      02461110 
 309      41F95251 
 309      4040BEBF 
 310 004a D4016114 		.ascii	"\324\001a\024\025Q\020\005TF\276\024\025T\220\257\346"
 310      15511005 
 310      5446BE14 
 310      155490AF 
 310      E6
 311 005b 43D85B55 		.ascii	"C\330[U\357u\277V \177\244\017\305\253\373\253[\367"
 311      EF75BF56 
 311      207FA40F 
 311      C5ABFBAB 
 311      5BF7
 312 006d FEEADE5B 		.ascii	"\376\352\336[U\357a\211D\262\221\223H\226\340\367\223"
 312      55EF6189 
 312      44B29193 
 312      4896E0F7 
 312      93
 313 007e B512C984 		.ascii	"\265\022\311\204L\"\201?\21174)\264Jh\035\320\224\320"
 313      4C22813F 
 313      89373429 
 313      B44A681D 
 313      D094D0
 314 0091 1C24ECB7 		.ascii	"\034$\354\267\006\332\0244+$\221\374\034\332\006h\037"
 314      06DA1434 
 314      2B2491FC 
 314      1CDA0668 
 314      1F
 315 00a2 41FB15B4 		.ascii	"A\373\025\264\337@s\205\36614Oh\277\207\026\014\355"
 315      DF407385 
 315      F631344F 
 315      68BF8716 
 315      0CED
 316 00b4 8F48F2DA 		.ascii	"\217H\362\332o\212\267\371\004\3323hv\274\037\342\363"
 316      6F8AB7F9 
 316      04DA3368 
 316      76BC1FE2 
 316      F3
 317 00c5 1DA20FCD 		.ascii	"\035\242\017\315\211\327\011\205\376\373\320>\200\026"
 317      89D70985 
 317      FEFBD03E 
 317      8016
 318 00d3 066D23F1 		.ascii	"\006m#\361\001\270\036\236\277\206\026\216\030O5<wA"
 318      01B81E9E 
 318      BF86168E 
 318      184F353C 
 318      7741
 319 00e5 DBC2FBB3 		.ascii	"\333\302\373\263\022q]\216\343\253?\242\247\\\201\023"
 319      12715D8E 
 319      E3AB3FA2 
 319      A75C8113 
 320 00f5 E1437811 		.ascii	"\341Cx\021>\177\202\247;\264o\240M\360s1?\237\254{\352"
 320      3E7F82A7 
ARM GAS  C:\cygwin\tmp\ccDXmzZf.s 			page 25


 320      3BB46FA0 
 320      4DF07331 
 320      3F9FAC7B 
 321 010a 75D33456 		.ascii	"u\3234Vo\302\363\247\310l\227\330\253\344}\005@\377"
 321      6FC2F3A7 
 321      C86C97D8 
 321      ABE47D05 
 321      40FF
 322 011c 17BC7DA7 		.ascii	"\027\274}\247W\326\374gh\333\241\375\005\332\327<o\231"
 322      57D6FC67 
 322      68DBA1FD 
 322      05DAD73C 
 322      6F99
 323 012e C432FE42 		.ascii	"\3042\376B\254_\375m\340\375\275\352\367\027\257\370"
 323      AC5FFD6D 
 323      E0FDBDEA 
 323      F717AFF8 
 324 013e 16FCFE15 		.ascii	"\026\374\376\025\372!\320\376\027\332\273\310\274\266"
 324      FA21D0FE 
 324      17DABBC8 
 324      BCB6
 325 014c 0D7C1E7F 		.ascii	"\015|\036\177\276\214\217q\016]\0350N(\037q\310N\361"
 325      BE8C8F71 
 325      0E5D1D30 
 325      4E281F71 
 325      C84EF1
 326 015f 0611D3BA 		.ascii	"\006\021\323\272\036Lb\020\225\012\216\2103wJ\247m0"
 326      1E4C6210 
 326      950A8E88 
 326      33774AA7 
 326      6D30
 327 0171 87483F2B 		.ascii	"\207H?+\245\277S\361\336i\203\301\260\327\320\320\202"
 327      A5BF53F1 
 327      DE6983C1 
 327      B0D7D0D0 
 327      82
 328 0182 CC2692AF 		.ascii	"\314&\222\257\244\307\313\360\033T)\241?\361\246\024"
 328      A4C7CBF0 
 328      1B5429A1 
 328      3FF1A614 
 329 0192 FF98F623 		.ascii	"\377\230\366#N\325\307Z\201-'\005U;2b\254\264\246\342"
 329      4ED5C75A 
 329      812D2705 
 329      553B3262 
 329      ACB4A6E2 
 330 01a6 D2120680 		.ascii	"\322\022\006\200;\331{\243\337\006\255Wd\203\311\261"
 330      3BD97BA3 
 330      DF06AD57 
 330      6483C9B1 
 331 01b6 D6EA07C8 		.ascii	"\326\352\007\310`\220\242R\244@\205\010\243\323\350"
 331      6090A252 
 331      A4408508 
 331      A3D3E8
 332 01c5 3D923B32 		.ascii	"=\222;2\227\374\366\032\014\221\006\303n\203,\317N\202"
 332      97FCF61A 
 332      0C9106C3 
 332      6E832CCF 
ARM GAS  C:\cygwin\tmp\ccDXmzZf.s 			page 26


 332      4E82
 333 01d7 729123CA 		.ascii	"r\221#\312C\216\022T\202\326\203\006\325EE\000\026\003"
 333      438E1254 
 333      82D68306 
 333      D5454500 
 333      1603
 334 01e9 08862B06 		.ascii	"\010\206+\006\236\355W\010\206\367\346$:\020\303\345"
 334      9EED5708 
 334      86F7E624 
 334      3A10C3E5 
 335 01f9 60B8C06C 		.ascii	"`\270\300l\030\374\254f\271ly\313\345\227\242\342\354"
 335      18FCAC66 
 335      B96C79CB 
 335      E597A2E2 
 335      EC
 336 020a 04CB1931 		.ascii	"\004\313\0311io\021\313\225`9\337l\271|u\313\025\313"
 336      696F11CB 
 336      956039DF 
 336      6CB97C75 
 336      CB15CB
 337 021d 58262620 		.ascii	"X&& B]\013\263\011\266x\010\321\350=M-\237\305x\206"
 337      425D0BB3 
 337      09B67808 
 337      D1E83D4D 
 337      2D9FC578 
 338 0232 09955D4B 		.ascii	"\011\225]K\373\3458\206%B\310\321\307,G/O\234\336\203"
 338      FBE53886 
 338      2542C8D1 
 338      C72C472F 
 338      4F9CDE83 
 339 0246 71261B3B 		.ascii	"q&\033;\223\330\222\"\247cR\"\336/\353\310X\203\313"
 339      93D89222 
 339      A7635222 
 339      DE2FEBC8 
 339      5883CB
 340 0259 D95876F2 		.ascii	"\331Xv\362\341B\031\035\263&b\365\335\236\3579|\211"
 340      E142191D 
 340      B32662F5 
 340      DD9EEF39 
 340      7C89
 341 026b 8D0965F0 		.ascii	"\215\011e\3601+\203\374\330\301\024\033|\237\215\325"
 341      312B83FC 
 341      D8C1141B 
 341      7C9F8DD5 
 342 027b 154F5EB3 		.ascii	"\025O^\263\245cND\354\235\236\230E\330\310\306\312\263"
 342      A5634E44 
 342      EC9D9E98 
 342      45D8C8C6 
 342      CAB3
 343 028d 72AA6DE8 		.ascii	"r\252m\350\330o\211x\374\306H\245\035N\301t,\371lF\""
 343      D86F8978 
 343      FCC648A5 
 343      1D4EC174 
 343      2CF96C46 
 344 02a2 1B335039 		.ascii	"\0333P9\245\355`\267\022W\261\301\372\326\374\022\216"
 344      A5ED60B7 
 344      1257B1C1 
ARM GAS  C:\cygwin\tmp\ccDXmzZf.s 			page 27


 344      FAD6FC12 
 344      8E
 345 02b3 0DD255B4 		.ascii	"\015\322U\264\304L\325\332J9\011\372\016\"y\021bB\300"
 345      C44CD5DA 
 345      4A3909FA 
 345      0E227911 
 345      6242C0
 346 02c6 AA63E503 		.ascii	"\252c\345\003\024l\002\260\031\202u\011\321e5FL\032"
 346      146C02B0 
 346      19827509 
 346      D1653546 
 346      4C1A
 347 02d8 31C11B01 		.ascii	"1\301\033\001\277\000x\013\303\277=\2325\213\010\376"
 347      BF00780B 
 347      C3BF3D9A 
 347      358B08FE 
 348 02e8 2DE00D80 		.ascii	"-\340\015\200_fx\322\300T\2645\301\317\001~\036\360"
 348      5F6678D2 
 348      C054B435 
 348      C1CF017E 
 348      1EF0
 349 02fa 2B0C9FE8 		.ascii	"+\014\237\350\037\252\241v\352\001?\013\370U\206\347"
 349      1FAAA176 
 349      EA013F0B 
 349      F85586E7 
 350 030a 9EF87B81 		.ascii	"\236\370{\201\234\340u\200\237\001\274\225\341\027/"
 350      9CE07580 
 350      9F01BC95 
 350      E1172F
 351 0319 141EB427 		.ascii	"\024\036\264'x\015\340\265\200_cx\374\375C\003R\202"
 351      780DE0B5 
 351      805F6378 
 351      FCFD4303 
 351      5282
 352 032b 5703FE33 		.ascii	"W\003\3763G\324Fa\256\"\371P%F\326\353\243Y!DX\024\202"
 352      47D44661 
 352      AE22F950 
 352      2546D6EB 
 352      A3592144 
 353 0342 04DD40D6 		.ascii	"\004\335@\326\244\014P;T\304u$5U\003-\256\342\370/H"
 353      A40C503B 
 353      54C47524 
 353      3555032D 
 353      AEE2F82F 
 354 0357 6D818E84 		.ascii	"m\201\216\204/,\323\206\343\236\307\335\317R\254d\027"
 354      2F2CD386 
 354      E39EC7DD 
 354      CF52AC64 
 354      17
 355 0368 DD0473AB 		.ascii	"\335\004s\253\231\356[\224#\324\001\012U\346\232%n\350"
 355      99EE5B94 
 355      23D4010A 
 355      55E69A25 
 355      6EE8
 356 037a 8F0CC082 		.ascii	"\217\014\300\202f;&\217I\361\034KUd\356\331+V8NJ\205"
 356      663B268F 
 356      49F11C4B 
ARM GAS  C:\cygwin\tmp\ccDXmzZf.s 			page 28


 356      5564EED9 
 356      2B56384E 
 357 0390 A88EDD77 		.ascii	"\250\216\335w\254p\006\023j/\036\373\033>\315\372i\215"
 357      AC700613 
 357      6A2F1EFB 
 357      1B3ECDFA 
 357      698D
 358 03a2 F5A54A5C 		.ascii	"\365\245J\\\307\204\361\342\346D\005\276\314\204\276"
 358      C784F1E2 
 358      E64405BE 
 358      CC84BE
 359 03b1 DED2265B 		.ascii	"\336\322&[\334\303\204\321\233\351gX\241\311\210\330"
 359      DCC384D1 
 359      9BE96758 
 359      A1C988D8 
 360 03c1 F660B64A 		.ascii	"\366`\266J\206G\331XbTm\255\035\035\223\0231=}\317\274"
 360      8647D958 
 360      62546DAD 
 360      1D1D9313 
 360      313D7DCF 
 361 03d6 8C44F51E 		.ascii	"\214D\365\036\020\355\345K\342\364B\3466\202\335\001"
 361      10EDE54B 
 361      E2F442E6 
 361      3682DD01 
 362 03e6 EC2EACEA 		.ascii	"\354.\254\352{\226\201\301\252\3162;\202\367\360\031"
 362      7B9681C1 
 362      AACE323B 
 362      82F7F019 
 363 03f6 BBCFF003 		.ascii	"\273\317\360\003\267R\223h\206\273\001\177\327\021\365"
 363      B7529368 
 363      86BB017F 
 363      D711F5
 364 0405 31B8E3E8 		.ascii	"1\270\343\350b\007-\224.>\221\375\014?\237\230\027F"
 364      62072D94 
 364      2E3E91FD 
 364      0C3F9F98 
 364      1746
 365 0417 E0DB2C8F 		.ascii	"\340\333,\217\003\014\275v\304\370\220\032\271\005\360"
 365      030CBD76 
 365      C4F8901A 
 365      B905F0
 366 0426 3B8E6890 		.ascii	";\216h\220\301\302\371\346\300\316\267\270\253i\215"
 366      C1C2F9E6 
 366      C0CEB7B8 
 366      AB698D
 367 0435 988A4B64 		.ascii	"\230\212Kd5\\t\366B\273)\373c\221\0218\005\262\364\236"
 367      355C74F6 
 367      42BB29FB 
 367      63911138 
 367      05B2F49E 
 368 0449 23FA7792 		.ascii	"#\372w\222\373a>A\217 AC\220\240\007\300\341\241\220"
 368      FB613E41 
 368      8F204143 
 368      90A007C0 
 368      E1A190
 369 045c FBF98A05 		.ascii	"\373\371\212\005e\204\341\267D\351\365\344\307\034\357"
 369      6584E1B7 
ARM GAS  C:\cygwin\tmp\ccDXmzZf.s 			page 29


 369      44E9F5E4 
 369      C71CEF
 370 046b 5EC468BD 		.ascii	"^\304h\2755MeI\2005z\002\246:\315\251\034\026R\271\214"
 370      354D6549 
 370      80357A02 
 370      A63ACDA9 
 370      1C1652B9 
 371 0480 5FF418DC 		.ascii	"_\364\030\334\255\344Z\264\323\355\330N\027\016\023"
 371      ADE45AB4 
 371      D3EDD84E 
 371      170E13
 372 048f 253B4CA6 		.ascii	"%;L\246\223kz9|TFW\327\275\277\376\034F\212\365\364"
 372      936B7A39 
 372      7C544657 
 372      D7BDBFFE 
 372      1C468AF5 
 373 04a4 901B4B34 		.ascii	"\220\033K4\340u&'\317\301\260\003\177\302Y\254+#\267"
 373      E0752627 
 373      CFC1B003 
 373      7FC259AC 
 373      2B23B7
 374 04b7 6B2D29EA 		.ascii	"k-)\352gp`>53vP\230\256\222\363Cq\227\224\020iz\"\242"
 374      6770603E 
 374      35337650 
 374      98AE92F3 
 374      43719794 
 375 04d0 2FA8DB63 		.ascii	"/\250\333c\231\335\367mM\330\030\213}ofl\037\242 16"
 375      99DDF76D 
 375      4DD8188B 
 375      7D6F666C 
 375      1FA22031 
 376 04e5 CE6FDB8E 		.ascii	"\316o\333\216\351\2025k\223\301\225!a\267\341\015)\015"
 376      E982356B 
 376      93C19521 
 376      61B7E10D 
 376      290D
 377 04f7 CD083018 		.ascii	"\315\0100\030\245\373m\002\301\253\022z\201\244\314"
 377      A5FB6D02 
 377      C1AB127A 
 377      81A4CC
 378 0506 57EC7735 		.ascii	"W\354w5\251\034\316\242\313A\263\351\307_J\235\216\031"
 378      A91CCEA2 
 378      CB41B3E9 
 378      C75F4A9D 
 378      8E19
 379 0518 1A4AC752 		.ascii	"\032J\307Rk\206\224\007wGf\033\372\226\226\33668\221"
 379      6B869407 
 379      7747661B 
 379      FA9696DE 
 379      363891
 380 052b 6968D2C4 		.ascii	"ih\322\304VB\372l\253L!'\262!\246;\323\344x\212\231"
 380      5642FA6C 
 380      AB4C2127 
 380      B221A63B 
 380      D3E4788A 
 381 0540 A91F8EEC 		.ascii	"\251\037\216\354\261\302sL0>\031\036E8RN\205\342\336"
 381      B1C2734C 
ARM GAS  C:\cygwin\tmp\ccDXmzZf.s 			page 30


 381      303E191E 
 381      4538524E 
 381      85E2DE
 382 0553 A63F4128 		.ascii	"\246?A(\345\012\302\316H^\334\320\377\001|\371\346\365"
 382      E50AC2CE 
 382      485EDCD0 
 382      FF017CF9 
 382      E6F5
 383 0565 1B328A13 		.ascii	"\0332\212\023\310\212Dv\266\271\266D\316\"K\327a\323"
 383      C88A4476 
 383      B6B9B644 
 383      CE224BD7 
 383      61D3
 384 0577 02F91356 		.ascii	"\002\371\023V\201\026 \270r>\270\263\000\316\011\301"
 384      811620B8 
 384      723EB8B3 
 384      00CE09C1 
 385 0587 6D5DECA7 		.ascii	"m]\354\247\027\350<\304\303h\016\256\334\024\\\256\247"
 385      17E83CC4 
 385      C3680EAE 
 385      DC145CAE 
 385      A7
 386 0598 EAC419D3 		.ascii	"\352\304\031\323\345\2657\252\213^^\213\240>cV\237\027"
 386      E5B537AA 
 386      8B5E5E8B 
 386      A03E6356 
 386      9F17
 387 05aa 5D5ECB78 		.ascii	"]^\313x\177\271\214w\260<\336\322\324mk\276\026\357"
 387      7FB98C77 
 387      B03CDED2 
 387      D46D6BBE 
 387      16EF
 388 05bc FE885836 		.ascii	"\376\210X6p\0124m\266\274\270\272\345\245e-\243\222"
 388      700A346D 
 388      B6BCB8BA 
 388      E5A5652D 
 388      A392
 389 05ce CAA3B1AC 		.ascii	"\312\243\261\254 \2109V\020\331\345\371\225\366\246"
 389      20883956 
 389      10D9E5F9 
 389      95F6A6
 390 05dd 8288E0A4 		.ascii	"\202\210\340\244\354\355\242\353&2\201\221\014<6Y=c"
 390      ECEDA2EB 
 390      26328191 
 390      0C3C3659 
 390      3D63
 391 05ef AE92DD0C 		.ascii	"\256\222\335\014,\317\034\252\263_\271J\2428R%{8\276"
 391      2CCF1CAA 
 391      B35FB94A 
 391      A2385225 
 391      7B38BE
 392 0602 4A1E36DD 		.ascii	"J\0366\335<)\307\261,\211\371\306\251\"%TI\246P%\006"
 392      3C29C7B1 
 392      2C89F9C6 
 392      A9222554 
 392      49A65025 
 393 0617 56254E64 		.ascii	"V%Nd\026\212\346\314E\002}V$1\034)\222\313-uA\270\200"
ARM GAS  C:\cygwin\tmp\ccDXmzZf.s 			page 31


 393      168AE6CC 
 393      45027D56 
 393      24311C29 
 393      92CB2D75 
 394 062e 19492D2B 		.ascii	"\031I-+NQ\340Z&\324,\244e+p\023\023rc\022_\332\341;"
 394      4E51E05A 
 394      26D42CA4 
 394      652B7013 
 394      13726312 
 395 0646 FC4875D2 		.ascii	"\374Hu\322n{<\305\204\256\223\217\306lq\234\025\025"
 395      6E7B3CC5 
 395      84AE938F 
 395      C66C719C 
 395      1515
 396 0658 869BF79F 		.ascii	"\206\233\367\237S\342|&T\324',`\\\317\204[\015\031\353"
 396      53E27C26 
 396      54D4272C 
 396      605CCF84 
 396      5B0D19EB 
 397 066c 702BEBB7 		.ascii	"p+\353\267=+j\222\342\207L807~\215\235\254\012zT=My"
 397      3D2B6A92 
 397      E2874C38 
 397      30377E8D 
 397      9DAC0A7A 
 398 0684 60850DD6 		.ascii	"`\205\015\326\314\\B^\011;\221m\351k\336\351\371Iz\227"
 398      CC5C425E 
 398      093B916D 
 398      E96BDEE9 
 398      F9497A97 
 399 0698 1D82E524 		.ascii	"\035\202\345$q\354\324MhK\252\247G\361A\000\0239G\224"
 399      71ECD44D 
 399      684BAAA7 
 399      47F14100 
 399      13394794 
 400 06ac CC625961 		.ascii	"\314bYa\\8B\322\203\0228v\201\036f\370\354\235\245r"
 400      5C3842D2 
 400      83123876 
 400      811E66F8 
 400      EC9DA572 
 401 06c0 05C1E339 		.ascii	"\005\301\3439zt\243#\014\177v\257;\315\212\340q\034"
 401      7A74A323 
 401      0C7F76AF 
 401      3BCD8AE0 
 401      711C
 402 06d2 3BBE5318 		.ascii	";\276S\030~\363@\374\010uz\200c\307w*\303G\262\272\233"
 402      7EF340FC 
 402      08757A80 
 402      63C7772A 
 402      C347B2BA 
 403 06e7 A87E2C47 		.ascii	"\250~,G\217\3574\006\237\351*=N\351\354\347\330\361"
 403      8FEF3406 
 403      9FE92A3D 
 403      4EE9ECE7 
 403      D8F1
 404 06f9 9DCEF082 		.ascii	"\235\316\360\202\272\266\243\324\314>\216\236\337\031"
 404      BAB6A3D4 
 404      CC3E8E9E 
ARM GAS  C:\cygwin\tmp\ccDXmzZf.s 			page 32


 404      DF19
 405 0707 0C8E4E4F 		.ascii	"\014\216NOh\247\360\3379z~\037\2450WW_\323!]\351\200"
 405      68A7F0DF 
 405      397A7E1F 
 405      A5305757 
 405      5FD3215D 
 406 071d 3ECEB153 		.ascii	">\316\261S2\223[\217\216q\226\007ti]\373(&%\016J\257"
 406      32935B8F 
 406      8E719607 
 406      74695DFB 
 406      2826250E 
 407 0733 1FD08F9F 		.ascii	"\037\320\217\237\345\267[/o\026\235\004k\253Y\356\213"
 407      E5B75B2F 
 407      6F169D04 
 407      6BAB59EE 
 407      8B
 408 0744 8303FD04 		.ascii	"\203\003\375\004(\3545\325\022u\"\234\217\215sW\366"
 408      28EC35D5 
 408      1275229C 
 408      8F8D7357 
 408      F6
 409 0755 AF51EE23 		.ascii	"\257Q\356#\226\331\016\242\205m.\336,N\311k^\272\334"
 409      96D90EA2 
 409      856D2EDE 
 409      2C4EC96B 
 409      5EBADC
 410 0768 96C14E4D 		.ascii	"\226\301NM\300\370\215\363\244\376\221\301V\\\371\304"
 410      C0F88DF3 
 410      A4FE91C1 
 410      565CF9C4 
 411 0778 9379720E 		.ascii	"\223yr\016\255\374l\241\362\033\232\343\367\311\360"
 411      ADFC6CA1 
 411      F21B9AE3 
 411      F7C9F0
 412 0787 79562487 		.ascii	"yV$\207nG\277T\012\347c\266\235\370|\204i\350\224\250"
 412      6E47BF54 
 412      0AE763B6 
 412      9DF87C84 
 412      69E894A8 
 413 079b F44F09A5 		.ascii	"\364O\011\245\237KK?\352Vt\217\275\005\345J\013\312"
 413      9F4B4B3F 
 413      EA56748F 
 413      BD05E54A 
 413      0BCA
 414 07ad 7926CA63 		.ascii	"y&\312c\207\213ze\224r\236\211r\343\320\304\200\334"
 414      878B7A65 
 414      94729E89 
 414      72E3D0C4 
 414      80DC
 415 07bf B48C7C96 		.ascii	"\264\214|\226\317\206\246\2642\373\225\327Q@\327qZ"
 415      CF86A6B4 
 415      32FB95D7 
 415      5140D771 
 415      5A
 416 07d0 584745F3 		.ascii	"XGE\363\375y;\374\200\255cji\240GJw\260!\325\220\311"
 416      FD793BFC 
 416      80AD636A 
ARM GAS  C:\cygwin\tmp\ccDXmzZf.s 			page 33


 416      69A0474A 
 416      77B021D5 
 417 07e6 19E0D035 		.ascii	"\031\340\3205pd\006*\024-\241PXB\021]B^\304\241\031"
 417      7064062A 
 417      142DA150 
 417      5842115D 
 417      425EC4A1 
 418 07fb 6B8B2510 		.ascii	"k\213%\0202f\207\305\246%\224$\335\276\264\206\322-"
 418      326687C5 
 418      A6259424 
 418      DDBEB486 
 418      D22D
 419 080d 362DA179 		.ascii	"6-\241y_z\247L\314\326\333A4\267\224\222-\021\310\216"
 419      5F7AA74C 
 419      CCD6DB41 
 419      34B79492 
 419      2D11C88E 
 420 0821 CD0EB44B 		.ascii	"\315\016\264Kq\224\015%[\230u\246\214\220\355#\257\004"
 420      71940D25 
 420      5B9875A6 
 420      8C90ED23 
 420      AF04
 421 0833 851B0FEF 		.ascii	"\205\033\017\357N`A\247\263P\231\210p\231@\270\234\022"
 421      4E6041A7 
 421      B3509988 
 421      709940B8 
 421      9C12
 422 0845 7E797821 		.ascii	"~yx!\307\336t\3561\032/b\353\"W\246QIiT\230b\026Q\334"
 422      C7DE74EE 
 422      311A2F62 
 422      EB2257A6 
 422      51496954 
 423 085e ACC4E98C 		.ascii	"\254\304\351\214F\307\314\231A{J#\363@Q\264S\213\241"
 423      46C7CC99 
 423      417B4A23 
 423      F34051B4 
 423      538BA1
 424 0871 6169E9BF 		.ascii	"ai\351\277\311\014T%\242P%P\250\246\024\226\273\311"
 424      C90C5425 
 424      A2502550 
 424      A8A61496 
 424      BBC9
 425 0883 CB47BA47 		.ascii	"\313G\272G\254V\244PK)\324\010\024\272n,]\261\305\025"
 425      AC56A450 
 425      4B29D408 
 425      14BA6E2C 
 425      5DB1C515 
 426 0897 8C42DDFC 		.ascii	"\214B\335\374\275\263\210QH5S\200\031\250ND\241N\240"
 426      BDB38851 
 426      48355380 
 426      19A84E44 
 426      A14EA0
 427 08aa 708652E8 		.ascii	"p\206R\350}\261x\335\006\2672\013G\332\273k\244\270"
 427      7DB178DD 
 427      06B7320B 
 427      47DABB6B 
 427      A4B8
ARM GAS  C:\cygwin\tmp\ccDXmzZf.s 			page 34


 428 08bc 9D09FBEE 		.ascii	"\235\011\373\356\346\267Z\341\036*p\211\203\2239h\371"
 428      E6B75AE1 
 428      1E2A7089 
 428      83933968 
 428      F9
 429 08cd 37996FB9 		.ascii	"7\231o\271\025\336dZ\347\372\350e{\036.\245s\3342o2"
 429      15DE645A 
 429      E7FAE865 
 429      7B1E2EA5 
 429      73DC326F 
 430 08e2 5C5F57CE 		.ascii	"\\_W\316\377,o\264q%\243{s\256\322+\271\001\214\236"
 430      FF2C6FB4 
 430      7125A37B 
 430      73AED22B 
 430      B9018C9E 
 431 08f6 351B051F 		.ascii	"5\033\005\037&\253\245/\216G\313\2267\333\264\222\331"
 431      26ABA52F 
 431      8E47CB96 
 431      37DBB492 
 431      D9
 432 0907 8CE1DBF4 		.ascii	"\214\341\333\364>\276\000f\353\315f\033\314fQ\303\323"
 432      3EBE0066 
 432      EBCD661B 
 432      CC6651C3 
 432      D3
 433 0918 DE78562F 		.ascii	"\336xV/\344\273\200/\333\332\304\014\2518Yd\2769[\337"
 433      E4BB802F 
 433      DBDAC40C 
 433      A9385964 
 433      BE395BDF 
 434 092c D16C350B 		.ascii	"\321l5\013\331\032:7\325h\213\007Yx\317\025N<\266\241"
 434      D91A3A37 
 434      D5688B07 
 434      5978CF15 
 434      4E3CB6A1 
 435 0940 D92A2DBE 		.ascii	"\331*-\276\036\222j8\021iX\204\367\035:\011]\024%\354"
 435      1E926A38 
 435      11695884 
 435      F71D3A09 
 435      5D1425EC 
 436 0954 A290B04B 		.ascii	"\242\220\260K4a\247.\033\257\256r3\267P\227_\360\036"
 436      3461A72E 
 436      1BAFAE72 
 436      33B75097 
 436      5FF01E
 437 0967 472BDBBE 		.ascii	"G+\333\276U\3409\3461\2514\367\272L\330)\306\215E\345"
 437      55E039E6 
 437      31A934F7 
 437      BA4CD829 
 437      C68D45E5 
 438 097b 860B7B0C 		.ascii	"\206\013{\014\013\340\023\221Y\350\262\310\347e\301"
 438      0BE01391 
 438      59E8B2C8 
 438      E765C1
 439 098a E715EAF3 		.ascii	"\347\025\352\363p\332^#G\227\276h\252\323}\375\343G"
 439      70DA5E23 
 439      4797BE68 
ARM GAS  C:\cygwin\tmp\ccDXmzZf.s 			page 35


 439      AAD37DFD 
 439      E347
 440 099c 56597A2B 		.ascii	"VYz+\345qUX\372\255\354\366A)NV\260\027\300#\2231<\221"
 440      E5715558 
 440      FAADECF6 
 440      41294E56 
 440      B017C023 
 441 09b4 E2F8892D 		.ascii	"\342\370\211-\211\346-\013\263\3205\021\217k\002\217"
 441      89E62D0B 
 441      B3D03511 
 441      8F6B028F 
 442 09c4 36CAA3BE 		.ascii	"6\312\243\276p&\303\012\3473+\261\251s\263r\\\315\204"
 442      7026C30A 
 442      E7332BB1 
 442      A973B372 
 442      5CCD84
 443 09d7 AAA4AC05 		.ascii	"\252\244\254\005+\334\300\204\370\310\362\005%\276\302"
 443      2BDCC084 
 443      F8C8F205 
 443      25BEC2
 444 09e6 84F1075D 		.ascii	"\204\361\007]\003r\334\311\204\241\316\262H\005\356"
 444      0372DCC9 
 444      84A1CEB2 
 444      4805EE
 445 09f5 6342F3EE 		.ascii	"cB\363\356\207\003\326\370\011\023\"b\356\376\033\036"
 445      8703D6F8 
 445      09132262 
 445      EEFE1B1E 
 446 0a05 67FDC6E4 		.ascii	"g\375\306\344\251N\031^d\302LV\337\010\2427?y\361D\325"
 446      A94E195E 
 446      64C24C56 
 446      DF08A237 
 446      3F79F144 
 447 0a1a CF8DEDF4 		.ascii	"\317\215\355\3643\247\013hv\3637\177\345\223\224\003"
 447      33A70B68 
 447      76F3377F 
 447      E5939403 
 448 0a2a F413FC36 		.ascii	"\364\023\3746\177\223\367\360\357[m/\223l\3507\021\177"
 448      7F93F7F0 
 448      EF5B6D2F 
 448      936CE837 
 448      117F
 449 0a3c 93DF61F8 		.ascii	"\223\337a\370\371\276\346\031r\002\242N\376&\277\313"
 449      F9BEE619 
 449      7202A24E 
 449      FE26BFCB 
 450 0a4c F0B3FB8B 		.ascii	"\360\263\373\213\017\2238\243\233\354&\277\307\340\250"
 450      0F9338A3 
 450      9BEC26BF 
 450      C7E0A8
 451 0a5b 873313F4 		.ascii	"\2073\023\364K\273\203\277\311{\031\2767w\317cj\276"
 451      4BBB83BF 
 451      C97B19BE 
 451      3777CF63 
 451      6ABE
 452 0a6d 9DDDE4DF 		.ascii	"\235\335\344\3373x\370\306\2512\372\335v\203\335\344"
 452      3378F8C6 
ARM GAS  C:\cygwin\tmp\ccDXmzZf.s 			page 36


 452      A932FADD 
 452      7683DDE4 
 453 0a7d F7D94D9E 		.ascii	"\367\331M\236\034\323\037\255\344\277\211\306\322{\263"
 453      1CD31FAD 
 453      E4BF89C6 
 453      D27BB3
 454 0a8c EDC9D7D3 		.ascii	"\355\311\327\323\300k\227\363\262\027\375\000\177\035"
 454      C06B97F3 
 454      B217FD00 
 454      7F1D
 455 0a9a F7C3FEE9 		.ascii	"\367\303\376\351\343\304\237C\334\365\342\316}\334\012"
 455      E3C49F43 
 455      DCF5E2CE 
 455      7DDC0A
 456 0aa9 37F910A8 		.ascii	"7\371\020\250\2574\225\336\344sp\223\017\202\302u\363"
 456      AF3495DE 
 456      E4737093 
 456      0F82C275 
 456      F3
 457 0aba 961B10DD 		.ascii	"\226\033\020\335\344\377\370K\347\001\037\350\023E\343"
 457      E4FFF84B 
 457      E7011FE8 
 457      1345E3
 458 0ac9 F6A61BF0 		.ascii	"\366\246\033\360!\003Gs\017\031\260\270B\007-n\300G"
 458      21034773 
 458      0F19B0B8 
 458      42072D6E 
 458      C047
 459 0adb B4428785 		.ascii	"\264B\207\205\012}~\342B\231-.\260e\265U8x\326\326\264"
 459      0A7D7EE2 
 459      42992D2E 
 459      B065B555 
 459      3878D6D6 
 460 0af0 55DE3B26 		.ascii	"U\336;&\332*0\015=\026\225\350c\241D\237\320\022}1\035"
 460      DA2A300D 
 460      3D1695E8 
 460      63A1449F 
 460      D0127D31 
 461 0b05 95C3DEA6 		.ascii	"\225\303\336\246\2117F9\243\353F\252\315\312W\361(%"
 461      89374639 
 461      A3EB46AA 
 461      CDCA57F1 
 461      2825
 462 0b17 322210B9 		.ascii	"2\"\020\2717[bT\342\013\214\310\325\212\203\335k\030"
 462      375B6254 
 462      E20B8CC8 
 462      D58A83DD 
 462      6B18
 463 0b29 91D49ABE 		.ascii	"\221\324\232\276OD[\005f\241\247\"\036O\005\036\317"
 463      4F445B05 
 463      66A1A722 
 463      1E4F051E 
 463      CF
 464 0b3a 288FB2A8 		.ascii	"(\217\262\250\321\002\274\362\366|nqLt\016\235\212Q"
 464      D102BCF2 
 464      F67C6E71 
 464      4C740E9D 
ARM GAS  C:\cygwin\tmp\ccDXmzZf.s 			page 37


 464      8A51
 465 0b4c E26EE6D2 		.ascii	"\342n\346\322\220{\262\303FX\373\250\370B\205IhL\344"
 465      907BB2C3 
 465      4658FBA8 
 465      F8428549 
 465      684CE4
 466 0b5f 724C7039 		.ascii	"rLp9N]&\225\3667),\336\000\310\015l\366\371\202\275"
 466      4E5D2695 
 466      F637292C 
 466      DE00C80D 
 466      6CF6F982 
 467 0b74 01902768 		.ascii	"\001\220'h\337N\371\3764\266|\345\261\320\236\340\265"
 467      DF4EF9FE 
 467      34B67CE5 
 467      B1D09EE0 
 467      B5
 468 0b85 27A87651 		.ascii	"'\250vQ\367\340%\313w\272Z\013\355I^{\222j\217\036="
 468      F7E025CB 
 468      77BA5A0B 
 468      ED495E7B 
 468      926A8F1E 
 469 0b9a 9167C9E4 		.ascii	"\221g\311\344;\013\355)^{\212j_\213\353n\264\261\320"
 469      3B0BED29 
 469      5E7B8A6A 
 469      5F8BEB6E 
 469      B4B1D0
 470 0bad 6EB1D09E 		.ascii	"n\261\320\236\346\265\247\251\366\271+\005\3032\013"
 470      E6B5A7A9 
 470      F6B92B05 
 470      C3320B
 471 0bbc ED560BED 		.ascii	"\355V\013\355\031^{\206j\357y\270\3707\013e\362\241"
 471      195E7B86 
 471      6AEF79B8 
 471      F8370B65 
 471      F2A1
 472 0bce 6C5636F2 		.ascii	"lV6\362\312FFd\244\257\305\316B\373\221\205\351Y^{\226"
 472      CA464664 
 472      A4AFC5CE 
 472      42FB9185 
 472      E9595E7B 
 473 0be3 6A9F2F4B 		.ascii	"j\237/K\333e\241<j\241<\307+\317Q\345\324\222\312[\266"
 473      DB65A13C 
 473      6AA13CC7 
 473      2BCF51E5 
 473      D492CA5B 
 474 0bf8 16DACF2D 		.ascii	"\026\332\317-\264\347y\355y\252\235\220\327\373Xj\241"
 474      B4E779ED 
 474      79AA9D90 
 474      D7FB586A 
 474      A1
 475 0c09 9D63A1BD 		.ascii	"\235c\241\275\300k\223\247\334\317g\213\227\306W\356"
 475      C06B93A7 
 475      DCCF678B 
 475      97C657EE 
 476 0c19 EAE9E7E4 		.ascii	"\352\351\347\344,\261\016\017\012\326\177\370+\255^"
 476      2CB10E0F 
 476      0AD67FF8 
ARM GAS  C:\cygwin\tmp\ccDXmzZf.s 			page 38


 476      2BAD5E
 477 0c28 A1D50ADD 		.ascii	"\241\325\012\335/\002~\263ugh\310\266P\377\035N_\005"
 477      2F027EB3 
 477      756768C8 
 477      B650FF1D 
 477      4E5F05
 478 0c3b 7DAD0BDB 		.ascii	"}\255\013\333\272- `\203\177\350\216\015\301!\301\272"
 478      BA2D2060 
 478      837FE88E 
 478      0DC121C1 
 478      BA
 479 0c4c 0D3AFF2F 		.ascii	"\015:\377/\2036l\324\376\327\206\217>\370p\343V\013"
 479      83366CD4 
 479      FED7868F 
 479      3EF870E3 
 479      560B
 480 0c5e 786B5070 		.ascii	"xkPp\300\327\341\201\272\255;\374\003\266\007\005\353"
 480      C0D7E181 
 480      BAAD3BFC 
 480      03B60705 
 480      EB
 481 0c6f B66A0375 		.ascii	"\266j\003u_\371\207\177\255\327\352\377\274S\027\366"
 481      5FF9877F 
 481      ADD7EAFF 
 481      BC5317F6 
 482 0c7f FE76C927 		.ascii	"\376v\311'\377\274\3550} \020\005[k7\207\352t\036!\201"
 482      FFBCED30 
 482      7D201005 
 482      5B6B3787 
 482      EA741E21 
 483 0c94 5F8687FD 		.ascii	"_\206\207\375rgH\250\236\376\003\374\007:\217M\036\376"
 483      726748A8 
 483      9EFE03FC 
 483      073A8F4D 
 483      1EFE
 484 0ca6 617A5DA8 		.ascii	"az]\250z\227.X\357\013\256\355\325\237j=T>\276j\215"
 484      7A972E58 
 484      EF0BAEED 
 484      D59F6A3D 
 484      543EBE6A 
 485 0cbb 56A356B9 		.ascii	"V\243V\271|\276\316,o\326\250<\324\200:\253\335>U\273"
 485      7CBECE2C 
 485      6FD6A83C 
 485      D4803AAB 
 485      DD3E55BB 
 486 0ccf BC691E50 		.ascii	"\274i\036P\377N\355\354\347\253\376\321\253\252>jO\337"
 486      FF4EEDEC 
 486      E7ABFED1 
 486      ABAA3E6A 
 486      4FDF
 487 0ce1 B522358D 		.ascii	"\265\"5\215\306K\243\365\326x9\253}|DvyD\353\343G\036"
 487      C64BA3F5 
 487      D67839AB 
 487      7D7C4476 
 487      7944EBE3 
 488 0cf7 6FBF3A41 		.ascii	"o\277:A\243\366\361\366\362t\321\372\272y\250\275\374"
 488      A3F6F1F6 
ARM GAS  C:\cygwin\tmp\ccDXmzZf.s 			page 39


 488      F274D1FA 
 488      BA79A8BD 
 488      FC
 489 0d08 7CFFF5F5 		.ascii	"|\377\365\365qJH\353\242\362U9\275:\310S\323n\366\363"
 489      714A48EB 
 489      A2F25539 
 489      BD3AC853 
 489      D36EF6F3 
 490 0d1c 74F675F3 		.ascii	"t\366u\363\362|G\024\211\035\354\301G\353\227;\276\344"
 490      F27C4714 
 490      891DECC1 
 490      47EB973B 
 490      BEE4
 491 0d2e A3F24353 		.ascii	"\243\362CST4\272?\252CC\235C\002uk<6i=4j\255\247\027"
 491      5434BA3F 
 491      AA43439D 
 491      4302756B 
 491      3C36693D 
 492 0d47 312C9234 		.ascii	"1,\2224jW;^rsw\327\2524\256\366\274\250\001.\204\223"
 492      6A573B5E 
 492      727377D7 
 492      AA34AEF6 
 492      BCA8012E 
 493 0d5d 2013FE2E 		.ascii	" \023\376.\260\200\037\3602\317s\223\237\317\347\202"
 493      B0801FF0 
 493      32CF7393 
 493      9FCFE782 
 494 0d6d 05604B98 		.ascii	"\005`K\230\376t5\222\332\035@Q\346\347\274E\245yWLT"
 494      FE743592 
 494      DA1D4051 
 494      E6E7BC45 
 494      A579574C 
 495 0d82 A3F30F74 		.ascii	"\243\363\017t\011\012\013\010\325\351un\301;\303\365"
 495      090A0B08 
 495      D5E9756E 
 495      C13BC3F5 
 496 0d92 61EFEFF4 		.ascii	"a\357\357\364\207\365|\360\037\257[\373*<8@\037\024"
 496      87F57CF0 
 496      1FAF5BFB 
 496      2A3C3840 
 496      1F14
 497 0da4 120CC097 		.ascii	"\022\014\300\227\244\037\010\363\300n\200D\352\356\345"
 497      A41F08F3 
 497      C06E8044 
 497      EAEEE5
 498 0db3 E96A0545 		.ascii	"\351j\005E\363\237\037i\3656Z-\337\373\311\352\216\224"
 498      F39F1F69 
 498      F5365A2D 
 498      DFFBC9EA 
 498      8E94
 499 0dc5 30ACFE26 		.ascii	"0\254\376&@\267\223\330T\300Z\324\277\203\320x\252\035"
 499      40B793D8 
 499      54C05AD4 
 499      BF83D078 
 499      AA1D
 500 0dd7 5817E2A2 		.ascii	"X\027\342\242vU\271\233r\340h\011\223\030iU..\032R\025"
 500      7655B99B 
ARM GAS  C:\cygwin\tmp\ccDXmzZf.s 			page 40


 500      72E06809 
 500      93186955 
 500      2E2E1A52 
 501 0dec CB0C7DAA 		.ascii	"\313\014}\252r\367S\363s|\334U$\323\352O\335\234!R*"
 501      72F753F3 
 501      737CDC55 
 501      24D3EA4F 
 501      DD9C2152 
 502 0e01 37773F8D 		.ascii	"7w?\215\372M6\244r\376\304\323\3533w\265\213\253\372"
 502      FA4D36A4 
 502      72FEC4D3 
 502      EB3377B5 
 502      8BABFA
 503 0e14 0DB13289 		.ascii	"\015\2612\211\357\217\031\340\241\366\360\322|\256\365"
 503      EF8F19E0 
 503      A1F6F0D2 
 503      7CAEF5
 504 0e23 5669DC7C 		.ascii	"Vi\334|?g\005\302\217\270\252|\325\237\251\310\220\357"
 504      3F6705C2 
 504      8FB8AA7C 
 504      D59FA9C8 
 504      90EF
 505 0e35 166A57ED 		.ascii	"\026jW\355\262\316r\304\327\325\227\037\370\331\252"
 505      B2CE72C4 
 505      D7D5971F 
 505      F8D9AA
 506 0e44 25141AA2 		.ascii	"%\024\032\242\017\201\004\2557El3\304w\245\334|\370"
 506      0F8104AD 
 506      37456C33 
 506      C477A5DC 
 506      7CF8
 507 0e56 F63F507B 		.ascii	"\366?P{k\2270\356\252\323{\273\370\371\004\007n\012"
 507      6B9730EE 
 507      AAD37BBB 
 507      F8F90407 
 507      6E0A
 508 0e68 FF6AAD09 		.ascii	"\377j\255\011\365\321\351]tazU``\250.,l\235\030g\332"
 508      F5D1E95D 
 508      74617A55 
 508      6060A82E 
 508      2C6C9D18 
 509 0e7e EEBAE06D 		.ascii	"\356\272\340m\372\355\322M^^\356V\344\324\3725M+\337"
 509      FAEDD24D 
 509      5E5EEE56 
 509      E4D4FA35 
 509      4D2BDF
 510 0e91 73F846D0 		.ascii	"s\370F\320\367\206\312\247G\200wH\230\336\321D\3523"
 510      F786CAA7 
 510      47807748 
 510      98DED144 
 510      EA33
 511 0ea3 FF203D64 		.ascii	"\377 =d<\034\\l\016\012\016\012\333\376C\323\014Mx\260"
 511      3C1C5C6C 
 511      0E0A0E0A 
 511      DBFE43D3 
 511      0C4D78B0 
 512 0eb7 4617E6EB 		.ascii	"F\027\346\353\377\007\035\315~hh\010\335'6$j\236^\020"
ARM GAS  C:\cygwin\tmp\ccDXmzZf.s 			page 41


 512      FF071DCD 
 512      7E686808 
 512      DD273624 
 512      6A9E5E10 
 513 0ecb 5BBE07FB 		.ascii	"[\276\007\373\203\366\334<!\217\266\244\347\015g\252"
 513      83F6DC3C 
 513      218FB6A4 
 513      E70D67AA 
 514 0edb 78DC474E 		.ascii	"x\334GN\307\275\224\364\341\356\356\343\013!\247\202"
 514      C7BD94F4 
 514      E1EEEEE3 
 514      0B21A782 
 515 0eeb B063DE5E 		.ascii	"\260c\336^-\342\020l\007Qyn\023\002\350\274\351\255"
 515      2DE2106C 
 515      0751796E 
 515      1302E8BC 
 515      E9AD
 516 0efd 9DA1BB04 		.ascii	"\235\241\273\004n\037\231\352\363_\276\021\3252Y\231"
 516      6E1F99EA 
 516      F35FBE11 
 516      D5325999 
 517 0f0d 5BD8A6D0 		.ascii	"[\330\246\320\020\377\300\000\300\376\037Q\313\023a"
 517      10FFC000 
 517      C0FE1F51 
 517      CB1361
 518              		.text
 519              		.section	.gnu.lto_.symtab.652bef7a,"",%progbits
 520 0000 654D424D 		.ascii	"eMBMasterReqReadDiscreteInputs\000\000\000\000\000\000"
 520      61737465 
 520      72526571 
 520      52656164 
 520      44697363 
 521 0024 00000000 		.ascii	"\000\000\000\000\000\000\007\001\000\000eMBMasterFu"
 521      00000701 
 521      0000654D 
 521      424D6173 
 521      74657246 
 522 0039 6E635265 		.ascii	"ncReadDiscreteInputs\000\000\000\000\000\000\000\000"
 522      61644469 
 522      73637265 
 522      7465496E 
 522      70757473 
 523 0055 00000000 		.ascii	"\000\000\000\000-\001\000\000vMBMasterGetPDUSndBuf\000"
 523      2D010000 
 523      764D424D 
 523      61737465 
 523      72476574 
 524 0073 00020000 		.ascii	"\000\002\000\000\000\000\000\000\000\000\0002\001\000"
 524      00000000 
 524      00000032 
 524      0100
 525 0081 00764D42 		.ascii	"\000vMBMasterSetDestAddress\000\000\002\000\000\000"
 525      4D617374 
 525      65725365 
 525      74446573 
 525      74416464 
 526 009f 00000000 		.ascii	"\000\000\000\000\000\0006\001\000\000vMBMasterSetPD"
ARM GAS  C:\cygwin\tmp\ccDXmzZf.s 			page 42


 526      00003601 
 526      0000764D 
 526      424D6173 
 526      74657253 
 527 00b7 55536E64 		.ascii	"USndLength\000\000\002\000\000\000\000\000\000\000\000"
 527      4C656E67 
 527      74680000 
 527      02000000 
 527      00000000 
 528 00cc 003A0100 		.ascii	"\000:\001\000\000xMBMasterPortEventPost\000\000\002"
 528      00784D42 
 528      4D617374 
 528      6572506F 
 528      72744576 
 529 00ea 00000000 		.ascii	"\000\000\000\000\000\000\000\000\000G\001\000\000eM"
 529      00000000 
 529      00470100 
 529      00654D
 530 00f9 424D6173 		.ascii	"BMasterWaitRequestFinish\000\000\002\000\000\000\000"
 530      74657257 
 530      61697452 
 530      65717565 
 530      73744669 
 531 0118 00000000 		.ascii	"\000\000\000\000\000J\001\000\000xMBMasterRunResTak"
 531      004A0100 
 531      00784D42 
 531      4D617374 
 531      65725275 
 532 0133 65000002 		.ascii	"e\000\000\002\000\000\000\000\000\000\000\000\000N\001"
 532      00000000 
 532      00000000 
 532      004E01
 533 0142 0000654D 		.ascii	"\000\000eMBMasterRegDiscreteCB\000\000\002\000\000\000"
 533      424D6173 
 533      74657252 
 533      65674469 
 533      73637265 
 534 0160 00000000 		.ascii	"\000\000\000\000\000\000j\001\000\000prveMBError2Ex"
 534      00006A01 
 534      00007072 
 534      76654D42 
 534      4572726F 
 535 0178 63657074 		.ascii	"ception\000\000\002\000\000\000\000\000\000\000\000"
 535      696F6E00 
 535      00020000 
 535      00000000 
 535      0000
 536 018a 006E0100 		.ascii	"\000n\001\000\000xMBMasterRequestIsBroadcast\000\000"
 536      00784D42 
 536      4D617374 
 536      65725265 
 536      71756573 
 537 01ac 02000000 		.ascii	"\002\000\000\000\000\000\000\000\000\000q\001\000\000"
 537      00000000 
 537      00007101 
 537      0000
 538              		.text
ARM GAS  C:\cygwin\tmp\ccDXmzZf.s 			page 43


 539              		.section	.gnu.lto_.opts,"",%progbits
 540 0000 272D666E 		.ascii	"'-fno-trapv' '-mcpu=cortex-m4' '-mno-thumb-interwor"
 540      6F2D7472 
 540      61707627 
 540      20272D6D 
 540      6370753D 
 541 0033 6B272027 		.ascii	"k' '-mthumb' '-ggdb' '-O2' '-fomit-frame-pointer' '"
 541      2D6D7468 
 541      756D6227 
 541      20272D67 
 541      67646227 
 542 0066 2D66616C 		.ascii	"-falign-functions=16' '-ffunction-sections' '-fdata"
 542      69676E2D 
 542      66756E63 
 542      74696F6E 
 542      733D3136 
 543 0099 2D736563 		.ascii	"-sections' '-fno-common' '-flto'\000"
 543      74696F6E 
 543      73272027 
 543      2D666E6F 
 543      2D636F6D 
 544              		.text
 545              		.comm	__gnu_lto_v1,1,1
 546              		.comm	__gnu_lto_slim,1,1
 547              		.ident	"GCC: (GNU Tools for ARM Embedded Processors) 4.9.3 20141119 (release) [ARM/embedded-4_9-br
ARM GAS  C:\cygwin\tmp\ccDXmzZf.s 			page 44


DEFINED SYMBOLS
                            *ABS*:00000000 mbfuncdisc_m.c
                            *COM*:00000001 __gnu_lto_v1
                            *COM*:00000001 __gnu_lto_slim

NO UNDEFINED SYMBOLS
