ARM GAS  C:\cygwin\tmp\cc4acGNA.s 			page 1


   1              		.syntax unified
   2              		.cpu cortex-m4
   3              		.fpu softvfp
   4              		.eabi_attribute 20, 1
   5              		.eabi_attribute 21, 1
   6              		.eabi_attribute 23, 3
   7              		.eabi_attribute 24, 1
   8              		.eabi_attribute 25, 1
   9              		.eabi_attribute 26, 1
  10              		.eabi_attribute 30, 2
  11              		.eabi_attribute 34, 1
  12              		.eabi_attribute 18, 4
  13              		.thumb
  14              		.file	"mbfuncinput_m.c"
  15              		.text
  16              	.Ltext0:
  17              		.section	.gnu.lto_.profile.652be4d3,"",%progbits
  18 0000 789C6366 		.ascii	"x\234cf```e\200\000F\206\275\214\276\000\003\020\001"
  18      60606065 
  18      80004686 
  18      BD8CBE00 
  18      031001
  19 0013 15       		.ascii	"\025"
  20              		.text
  21              		.section	.gnu.lto_.jmpfuncs.652be4d3,"",%progbits
  22 0000 789C6D8C 		.ascii	"x\234m\214-\016\302P\020\204gvZ\212i\360\234\247w\252"
  22      2D0EC250 
  22      10846776 
  22      5A8A69F0 
  22      9CA777AA 
  23 0014 7CA6BE0E 		.ascii	"|\246\276\016\022\034\252\345\002\\\205\252\272&\025"
  23      121CAAE5 
  23      025C85AA 
  23      BA2615
  24 0023 9826181C 		.ascii	"\230&\030\034\273\017$+f\223\371\371\204\377w\376\375"
  24      BB0F242B 
  24      6693F9F9 
  24      84FF77FE 
  24      FD
  25 0034 02225931 		.ascii	"\002\"Y1%\002T\353\026m3\366\335}\336\255\3666\224\340"
  25      250254EB 
  25      166D33F6 
  25      DD7DDEAD 
  25      F63694E0 
  26 0048 C0E3D79D 		.ascii	"\300\343\327\235\256\317S\035.\367\340\350.X\370\234"
  26      AECF531D 
  26      2EF7E0E8 
  26      2E58F89C 
  27 0058 87E4A2BC 		.ascii	"\207\344\242\274V\313\020\3134\001\346I\260\245\306"
  27      56CB10CB 
  27      3401E649 
  27      B0A5C6
  28 0067 0197C7F2 		.ascii	"\001\227\307\362R\000\314\300[\000\342\"\366\236\274"
  28      5200CCC0 
  28      5B00E222 
  28      F69EBC
  29 0076 9819C007 		.ascii	"\230\031\300\007\311i\032y"
ARM GAS  C:\cygwin\tmp\cc4acGNA.s 			page 2


  29      C9691A79 
  30              		.text
  31              		.section	.gnu.lto_.inline.652be4d3,"",%progbits
  32 0000 789C6366 		.ascii	"x\234cf\300\016^Ci\026\006\026\311\243\014\214L\214"
  32      C00E5E43 
  32      69160616 
  32      C9A30C8C 
  32      4C8C
  33 0012 8C0C0C4C 		.ascii	"\214\014\014L@\314\"\262`\016#\003\333\002y&\006\246"
  33      40CC22B2 
  33      600E2303 
  33      DB027926 
  33      06A6
  34 0024 0BFC2C20 		.ascii	"\013\374, \202\003\244\216\211\233\201\201\021BN\360"
  34      8203A48E 
  34      899B8181 
  34      11424EF0 
  35 0034 43E28049 		.ascii	"C\342\200I \305\317\316\310\314\220\366\221\211\361"
  35      20C5CFCE 
  35      C8CC90F6 
  35      9189F1
  36 0043 F4A31F9F 		.ascii	"\364\243\037\237y^0\375db\026``\\\316(\305\300\220\012"
  36      795E30FD 
  36      64621660 
  36      605CCE28 
  36      C5C0900A 
  37 0057 A1408603 		.ascii	"\241@\206\003\225\202\215fY /\300\3002\207\025l4+\037"
  37      95828D66 
  37      59202FC0 
  37      C0328715 
  37      6C342B1F 
  38 006b 030703F3 		.ascii	"\003\007\003\363\004?\020d\346\001\262A6\260(H\003\235"
  38      043F1064 
  38      E601B241 
  38      36B02848 
  38      039D
  39 007d 04D4C3AC 		.ascii	"\004\324\303\254\274\354\034#\003\373+E\240\203\014"
  39      BCEC1C23 
  39      03FB2B45 
  39      A0830C
  40 008c 58104E01 		.ascii	"X\020N\001\352B\322\004\322\303\314\300+\014t\017g\227"
  40      EA42D204 
  40      D2C3CCC0 
  40      2B0C740F 
  40      6797
  41 009e 39037B93 		.ascii	"9\003{\223\012\023H)T\006\354F\006\000\375o\037O"
  41      0A134829 
  41      5406EC46 
  41      0600FD6F 
  41      1F4F
  42              		.text
  43              		.section	.gnu.lto_.pureconst.652be4d3,"",%progbits
  44 0000 789C6366 		.ascii	"x\234cf``\340d\200\000\026\006)F\011&IfI\000\002\267"
  44      6060E064 
  44      80001606 
  44      29460926 
  44      49664900 
ARM GAS  C:\cygwin\tmp\cc4acGNA.s 			page 3


  45 0016 007B     		.ascii	"\000{"
  46              		.text
  47              		.section	.gnu.lto_eMBMasterReqReadInputRegister.part.0.652be4d3,"",%progbits
  48 0000 789C7554 		.ascii	"x\234uTmL\233U\024\276\347\336\367}\373M\273\251\211"
  48      6D4C9B55 
  48      14BEE7DE 
  48      F77DFB4D 
  48      BBA989
  49 0013 69623421 		.ascii	"ib4!d\230\220\355\337\022\377M\215\373c\246\211\323"
  49      649890ED 
  49      DF12FF4D 
  49      8DFB63A6 
  49      89D3
  50 0025 DFBAD1AA 		.ascii	"\337\272\321\252$\322\031h\023\023C\366\322V6Mt\206"
  50      24D21968 
  50      131343F6 
  50      D256364D 
  50      7486
  51 0037 286EEC0B 		.ascii	"(n\354\0132\331dlt\354\203\265c\2622\020a\037T\\\204"
  51      32D9646C 
  51      74EC83B5 
  51      63B23210 
  51      611F545C 
  52 004c 8E2C5015 		.ascii	"\216,P\025\314p8\207\305\224:G=\347\276\264\302`M\372"
  52      CC703887 
  52      C5943A47 
  52      3DE7BEB4 
  52      C2604DFA 
  53 0060 DE7BCF3D 		.ascii	"\336{\317=\317y\316\347\025l\345\257\014\377a\215\261"
  53      CF79CEE7 
  53      156CE5AF 
  53      0CFF618D 
  53      B1
  54 0071 77710595 		.ascii	"wq\005\225\201\362\371\020n\024\340r\345 h\2555\013"
  54      81F2F910 
  54      6E14E072 
  54      E52068AD 
  54      350B
  55 0083 00DA3060 		.ascii	"\000\3320`;\025.`'L\363Y\016\327b\0137`]\213\256\007"
  55      3B152E60 
  55      274CF359 
  55      0ED7620B 
  55      37605D8B 
  56 0099 EFD59FE9 		.ascii	"\357\325\237\351\263}\364d\2263\226\346\014\312\334"
  56      B37DF464 
  56      963396E6 
  56      0CCADC
  57 00a8 F0AC9BD4 		.ascii	"\360\254\233\324\217\301:\324\373\264;\371\257&6\000"
  57      8FC13AD4 
  57      FBB43BF9 
  57      AF263600 
  58 00b8 C3FDE09D 		.ascii	"\303\375\340\235\231K\242\344\010b\342C\355\372&\310"
  58      994BA2E4 
  58      0862E243 
  58      EDFA26C8 
  59 00c8 72806F40 		.ascii	"r\200o@\374\217B\001\203V(A\335\223]\315m\232xN\342"
  59      FC8F4201 
ARM GAS  C:\cygwin\tmp\cc4acGNA.s 			page 4


  59      83562841 
  59      DD935DCD 
  59      6D9A784E 
  60 00dd AEFE329F 		.ascii	"\256\3762\237\266\337\346Y\316]tl\034\235\232\023t\024"
  60      B6DFE659 
  60      CE5D746C 
  60      1C9D9A13 
  60      7414
  61 00ef 9C8E5343 		.ascii	"\234\216SC\301\217-\206\325\371S\372&\224+p\334\260"
  61      C18F2D86 
  61      D5F953FA 
  61      26942B70 
  61      DCB0
  62 0101 DA066E38 		.ascii	"\332\006n8\001dWapR\332\315\355\232m\260\212\027\245"
  62      01645761 
  62      7052DACD 
  62      ED9A6DB0 
  62      8A17A5
  63 0114 DD8EE895 		.ascii	"\335\216\350\225C\252\201l\014i\245\004l_\005\030\201"
  63      43AA816C 
  63      0C69A504 
  63      6C5F0518 
  63      81
  64 0125 12D2BE9B 		.ascii	"\022\322\276\233\372\242M\025/Kd\254}\356\272Mz\364"
  64      FAA24D15 
  64      2F4B64AC 
  64      7DEEBA4D 
  64      7AF4
  65 0137 0C1D2FD4 		.ascii	"\014\035/\324\017\354\325\244G\012\035{\177\310E\355"
  65      0FECD5A4 
  65      470A1D7B 
  65      7FC845ED 
  66 0147 C5CD7A3C 		.ascii	"\305\315z<\230\332\037J\330\365\001=\234\312\345\236"
  66      98DA1F4A 
  66      D8F5013D 
  66      9CCAE59E 
  67 0157 CE72154E 		.ascii	"\316r\025N\031\366;\320\376ip/\026\202\322\324\363\327"
  67      19F63BD0 
  67      FE69702F 
  67      1682D2D4 
  67      F3D7
  68 0169 048837A4 		.ascii	"\004\2107\244\361\221\257\306\376Q\020\256\007\233\016"
  68      F191AFC6 
  68      FE5110AE 
  68      079B0E
  69 0178 FCAAEECD 		.ascii	"\374\252\356\315\203\031\234]\232\253\002t\346\300\364"
  69      83199C5D 
  69      9AAB0274 
  69      E6C0F4
  70 0187 6D9B784B 		.ascii	"m\233xKB#\261iAH=\265\357\210'\036n\322\027r9L\263\006"
  70      4223B169 
  70      41483DB5 
  70      EF88271E 
  70      6ED21772 
  71 019f 9D8FE09D 		.ascii	"\235\217\340\235\015?\030\265iaD\270\340\014\024\303"
  71      0D3F18B5 
  71      696144B8 
ARM GAS  C:\cygwin\tmp\cc4acGNA.s 			page 5


  71      E00C14C3 
  72 01af 39FC9F87 		.ascii	"9\374\237\207b\252$\2260\012\0320&H\"oP#\262V\327s\271"
  72      62AA2496 
  72      300A1A30 
  72      2648226F 
  72      5023B256 
  73 01c6 63DDE229 		.ascii	"c\335\342)\000*\025\307\034\251\202>\012P\212U\334\232"
  73      002A15C7 
  73      1CA9823E 
  73      0A508A55 
  73      DC9A
  74 01d8 34FC984D 		.ascii	"4\374\230M$4\323\316B;+P\"mtm'\241\203\204E\264s22\356"
  74      2434D3CE 
  74      423B2B50 
  74      226D746D 
  74      27A18384 
  75 01f2 925FC626 		.ascii	"\222_\306&\221\231\372m\012S\217\253\030\201\340\032"
  75      9199FA6D 
  75      0A538FAB 
  75      1881E01A 
  76 0202 F2F4667F 		.ascii	"\362\364f\177\337q[\351Q\364\264\251\265\245N\241\250"
  76      DF715BE9 
  76      51F4B4A9 
  76      B5A54EA1 
  76      A8
  77 0213 16C38018 		.ascii	"\026\303\200\030\224\242Bg\344\023\335D\325\304\340"
  77      94A24267 
  77      E413DD44 
  77      D5C4E0
  78 0222 43BE7D7A 		.ascii	"C\276}z\023/\004\016\205\300\011\005\027\260\240h\026"
  78      132F040E 
  78      85C00905 
  78      17B0A068 
  78      16
  79 0233 19293044 		.ascii	"\031)0D3\242\343\222\356\026\204\343?\365\003\205N\254"
  79      33A2E392 
  79      EE1684E3 
  79      3FF50385 
  79      4EAC
  80 0245 876E7CD6 		.ascii	"\207n|\326\316k\356\353\273us\226[\322\250\304\240\013"
  80      CE6BEEEB 
  80      BB757396 
  80      5BD2A8C4 
  80      A00B
  81 0257 6AE8EAF4 		.ascii	"j\350\352\364\235\2261K\315\207Yn\225\231#\000\\\204"
  81      9D96314B 
  81      CD87596E 
  81      95992300 
  81      5C84
  82 0269 9A2CB731 		.ascii	"\232,\267122\242\255j\303\236\346\002m|\21362\034\203"
  82      3232A2AD 
  82      6AC39EE6 
  82      026D7C8B 
  82      36321C83 
  83 027d 70B03108 		.ascii	"p\2601\010\326w\214\364\010R\317pN\306Hv/\265\236$\210"
  83      D6778CF4 
  83      0852CF70 
ARM GAS  C:\cygwin\tmp\cc4acGNA.s 			page 6


  83      4EC64876 
  83      2FB59E24 
  84 0292 9F984C0C 		.ascii	"\237\230L\014\233\251\273TY\262s\363\207\377p\034\204"
  84      9BA9BB54 
  84      59B273F3 
  84      87FF701C 
  84      84
  85 02a3 FDB53AD9 		.ascii	"\375\265:\331\003\202tSI\341\022\034\004\274\377zxb"
  85      03827453 
  85      49E1121C 
  85      04BCFF7A 
  85      7862
  86 02b5 588E0760 		.ascii	"X\216\007`\357\306\361\206\010f\013\004b\221 4^7\243"
  86      EFC6F186 
  86      08660B04 
  86      62912034 
  86      5E37A3
  87 02c8 1A2235C3 		.ascii	"\032\"5\303\025\002~\331pB%`\221\231A\217\001L\232\014"
  87      15027ED9 
  87      70422560 
  87      9199418F 
  87      014C9A0C 
  88 02dc 15D29286 		.ascii	"\025\322\222\206`\321\251\341\306\243!\247tJ6\336d\364"
  88      60D1A9E1 
  88      C6A321A7 
  88      744A36DE 
  88      64F4
  89 02ee CF2EFB52 		.ascii	"\317.\373R\247\004\\\226N\365\242S\0107\242\034\315"
  89      A7045C96 
  89      4EF5A253 
  89      0837A21C 
  89      CD
  90 02ff 3B61CA47 		.ascii	";a\312G\231\334\225w\302\214N,cH\244z\367\310\251W\345"
  90      99DC9577 
  90      C28C4E2C 
  90      6348A47A 
  90      F7C8A957 
  91 0314 98D70E46 		.ascii	"\230\327\016F\177\264,e0A\237d\370N2\230\2150\013\014"
  91      7FB42C65 
  91      30419F64 
  91      F84E3298 
  91      8D300B0C 
  92 0328 969561DA 		.ascii	"\226\225a\3322X\252\207\342\262\243x\031k\344\360\337"
  92      3258AA87 
  92      E2B2A378 
  92      196BE4F0 
  92      DF
  93 0339 0B205905 		.ascii	"\013 Y\005\261\376\034\373=k]\312j\201~\311\372\275"
  93      B1FE1CFB 
  93      3D6B5DCA 
  93      6A817EC9 
  93      FABD
  94 034b 64B51B71 		.ascii	"d\265\033q\335\312\263:V\306U\204\254\313\030\012\365"
  94      DDCAB33A 
  94      56C65584 
  94      ACCB180A 
  94      F5
ARM GAS  C:\cygwin\tmp\cc4acGNA.s 			page 7


  95 035c 51E56371 		.ascii	"Q\345cq7\361\240u\031\203\003\006$\303\240d(\222\315"
  95      37F1A075 
  95      19830306 
  95      24C3A064 
  95      2892CD
  96 036f 947E4447 		.ascii	"\224~DG:\323\2304\006W\214\216\334\023\356\034\227\317"
  96      3AD39834 
  96      06578C8E 
  96      DC13EE1C 
  96      97CF
  97 0381 9082AFF9 		.ascii	"\220\202\257\371Upg\361\275$\364\334\352\255\270&M\035"
  97      557067F1 
  97      BD24F4DC 
  97      EAADB826 
  97      4D1D
  98 0393 05D70C70 		.ascii	"\005\327\014p\262y\246\301A\340\265X\375\353\004~\014"
  98      B279A6C1 
  98      41E0B558 
  98      FDEB047E 
  98      0C
  99 03a4 C1A178A6 		.ascii	"\301\241x\246\316i\004\342|\030\377x\232F\020\206\020"
  99      CE6904E2 
  99      7C18FF78 
  99      9A461086 
  99      10
 100 03b5 9FE54FE0 		.ascii	"\237\345O\340Dq\371`\340\024\243\262\034)\221\237`c"
 100      4471F960 
 100      E014A3B2 
 100      1C29919F 
 100      6063
 101 03c7 B833E8CF 		.ascii	"\2703\350\317\030\\N\312\314P\246\320\242\336s3\243"
 101      185C4ECA 
 101      CC50A6D0 
 101      A2DE7333 
 101      A3
 102 03d8 6D3CABEF 		.ascii	"m<\253\357\006\352oH\300F6\016\265\361\373\375\334`"
 102      06EA6F48 
 102      C046360E 
 102      B5F1FBFD 
 102      DC60
 103 03ea 7531F61B 		.ascii	"u1\366\033\270\320 \277x\376\003|\034\200L\342\024\226"
 103      B8D020BF 
 103      78FE037C 
 103      1C804CE2 
 103      1496
 104 03fc 6DAEF27A 		.ascii	"m\256\362z\267\354\360l\017To\2504\226\267\003\276r"
 104      B7ECF06C 
 104      0F546FA8 
 104      3496B703 
 104      BE72
 105 040e 7FC50E1F 		.ascii	"\177\305\016\037\012\266\323\276\302\367~\300\377f\345"
 105      0AB6D3BE 
 105      C2F77EC0 
 105      FF66E5
 106 041d FA726609 		.ascii	"\372rf\011\224o\365y\236\367x\252,\201\352\327\274\357"
 106      946FF579 
 106      9EF778AA 
ARM GAS  C:\cygwin\tmp\cc4acGNA.s 			page 8


 106      2C81EAD7 
 106      BCEF
 107 042f D0CE14A8 		.ascii	"\320\316\024\250~\005\267\325x\267\345\205\315U\333"
 107      7E05B7D5 
 107      78B7E585 
 107      CD55DB
 108 043e 2ABD56EF 		.ascii	"*\275V\357KUU[\375\333\374\201j\363{\257WTz_\015\370"
 108      4B55555B 
 108      FDDBFC81 
 108      6AF37BAF 
 108      57547A5F 
 109 0454 FF034BEA 		.ascii	"\377\003K\352[\205"
 109      5B85
 110              		.text
 111              		.section	.gnu.lto_eMBMasterReqReadInputRegister.652be4d3,"",%progbits
 112 0000 789C6D52 		.ascii	"x\234mR[HTQ\024=\373\234{\357\2143#\015}\311|T \242"
 112      5B485451 
 112      143DFB9C 
 112      7BEF8C33 
 112      230D7DC9 
 113 0018 81E4777F 		.ascii	"\201\344w\177\226$AX\220~\027\352L%\244\306<\372\023"
 113      96244158 
 113      907E17EA 
 113      4C25A4C6 
 113      3CFA13
 114 002b AF33A33D 		.ascii	"\2573\243=\264,\211\036&\222\210\226\232\257\306\314"
 114      B42C891E 
 114      26928896 
 114      9AAFC6CC 
 115 003b 47E98822 		.ascii	"G\351\210\"\366P\013I-D\207\322P\222\310\024\306Ik\332"
 115      F6500B49 
 115      2D4487D2 
 115      5092C814 
 115      C6496BDA 
 116 004f E7DC7CF4 		.ascii	"\347\334|\3648p\357>\373\260\326:{\257}\030\371w%\341"
 116      3870EF3E 
 116      FBB0D63A 
 116      7BAF7D18 
 116      F97725E1 
 117 0063 D7C00839 		.ascii	"\327\300\0109\203\021\024\002\364\332\010!\005zJ\345"
 117      83111402 
 117      F4DA0821 
 117      057A4AE5 
 118 0073 C23E4254 		.ascii	"\302>BT\003+\216$\252\211m\244\222H%\2209\014d\000\036"
 118      032B8E24 
 118      AA896DA4 
 118      92482590 
 118      390C6400 
 119 0088 09907CCA 		.ascii	"\011\220|\312$\031\362a\201.Qx\325\371s\014bkT\325\375"
 119      2419F261 
 119      812E5178 
 119      D5F9730C 
 119      626B54D5 
 120 009d B5CC3760 		.ascii	"\265\3147`,\214\012QB\226)\201x\013\354\265p\374}\210"
 120      2C8C0A51 
 120      42962981 
 120      780BECB5 
ARM GAS  C:\cygwin\tmp\cc4acGNA.s 			page 9


 120      70FC7D88 
 121 00b1 45DC959E 		.ascii	"E\334\225\236\311u\205%\000\301\375\363\317\213\275"
 121      C9758525 
 121      00C1FDF3 
 121      CF8BBD
 122 00c0 2CA61A39 		.ascii	",\246\0329\376\221&5\021B\024\340\001\260-\026\036\020"
 122      FE912635 
 122      114214E0 
 122      01B02D16 
 122      1E10
 123 00d2 A88318C4 		.ascii	"\250\203\030\3046vW5(l\277\340\275\374\260\272l\232"
 123      36765735 
 123      286CBFE0 
 123      BDFCB0BA 
 123      6C9A
 124 00e4 A7214ACD 		.ascii	"\247!J\315<-\237\230[a<e\224\247s#\356K\021\232\352"
 124      3C2D9F98 
 124      5B613C65 
 124      94A77323 
 124      EE4B119A 
 125 00f9 6A8B9A88 		.ascii	"j\213\232\210\347\022\324k\252\015`\201\207\300u%\002"
 125      E712D46B 
 125      AA0D6081 
 125      87C07525 
 125      02
 126 010a 8D42377C 		.ascii	"\215B7|a\351\246\201%\011\335\326\216\027\225\262\306"
 126      61E9A681 
 126      2509DDD6 
 126      8E1795B2 
 126      C6
 127 011b 2CF72871 		.ascii	",\367(q\234\330\364\037b\263 .V,\314\033\331\021A\354"
 127      9CD8F41F 
 127      62B3202E 
 127      562CCC1B 
 127      D91141EC 
 128 012f 6C5A1936 		.ascii	"lZ\0316\212\202\366\360\264\253l\350\266\"\012\222x"
 128      8A82F6F0 
 128      B4AB6CE8 
 128      B6220A92 
 128      78
 129 0140 DADE7C59 		.ascii	"\332\336|Y\325qY\325\337Q\255\034\016Q\031Z4\331V\224"
 129      D57159D5 
 129      DF51AD1C 
 129      0E51195A 
 129      34D95694 
 130 0154 7D246465 		.ascii	"}$de\002>\210\341\350/\201\033\0152K\023\272\375\257"
 130      023E88E1 
 130      E82F811B 
 130      0D324B13 
 130      BAFDAF
 131 0167 C31DA6E8 		.ascii	"\303\035\246\350*\325\357\016\334\365\214\232\324!\325"
 131      2AD5EF0E 
 131      DCF58C9A 
 131      D421D5
 132 0176 1B088777 		.ascii	"\033\010\207w\207\250\002m\177*h\213\373\333\367m\006"
 132      87A8026D 
 132      7F2A688B 
ARM GAS  C:\cygwin\tmp\cc4acGNA.s 			page 10


 132      FBDBF76D 
 132      06
 133 0187 D809411F 		.ascii	"\330\011A\037\277\365\376\273\204t\325}\257\342\243"
 133      BFF5FEBB 
 133      8474D57D 
 133      AFE2A3
 134 0196 7C7B834C 		.ascii	"|{\203L\240}\273\311\233\324%\357\217\011\243\342\305"
 134      A07DBBC9 
 134      9BD425EF 
 134      8F09A3E2 
 134      C5
 135 01a7 3ACDF018 		.ascii	":\315\360\030\242\341\011D\363\011\342\350:@\001\014"
 135      A2E10944 
 135      F309E2E8 
 135      3A40010C 
 136 01b7 FCA479A7 		.ascii	"\374\244y\247_\015\207}\303\327\207\022\300\204\323"
 136      5F0D877D 
 136      C3D78712 
 136      C084D3
 137 01c6 C1232AFE 		.ascii	"\301#*\376\014\370\244\360u`\037:\354Hg\000n\261\021"
 137      0CF8A4F0 
 137      75601F3A 
 137      EC486700 
 137      6EB111
 138 01d9 B85F84CC 		.ascii	"\270_\204\314\242\020\1777s\224\362\310\306\301\355"
 138      A2107F37 
 138      7394F2C8 
 138      C6C1ED
 139 01e8 EF2CDA25 		.ascii	"\357,\332%\244\221\215\327\317\314\216\276\321s\327"
 139      A4918DD7 
 139      CFCC8EBE 
 139      D173D7
 140 01f7 F88D9DD8 		.ascii	"\370\215\235\330\323[\360\216x\326J\2428&H\331\366\301"
 140      D35BF08E 
 140      78D64AA2 
 140      382648D9 
 140      F6C1
 141 0209 EBCC04BA 		.ascii	"\353\314\004\272~\267=G\031)\216dS\340\365\367\016\356"
 141      7EB73D47 
 141      19298E64 
 141      53E0F5F7 
 141      0EEE
 142 021b D0C03A04 		.ascii	"\320\300:\004W\216]m\242yk\352EU\037\242\372e\312;\350"
 142      578E5D6D 
 142      A2796BEA 
 142      45551FA2 
 142      FA65CA3B 
 143 0230 863C12A4 		.ascii	"\206<\022\244r\210Fp\365I\317\371-xAmw\211Nh#\356\351"
 143      72884670 
 143      F549CFF9 
 143      2D78416D 
 143      77894E68 
 144 0247 A6B644EE 		.ascii	"\246\266D\356P^\254\231#\021\366np\240\336\030W\213"
 144      505EAC99 
 144      2311F66E 
 144      70A0DE18 
 144      578B
ARM GAS  C:\cygwin\tmp\cc4acGNA.s 			page 11


 145 0259 2605EA6A 		.ascii	"&\005\352jf\023\365|t\332\202g\020\207\332d\012\212"
 145      6613F57C 
 145      74DA8267 
 145      1087DA64 
 145      0A8A
 146 026b CC9A2CFD 		.ascii	"\314\232,\375\273\012\3032vO\240GT\301\202\324\020\244"
 146      BB0AC332 
 146      764FA047 
 146      54C182D4 
 146      10A4
 147 027d C610358A 		.ascii	"\306\0205\212\213\344\015[\314\302\316 \326;\015\005"
 147      8BE40D5B 
 147      CCC2CE20 
 147      D63B0D05 
 148 028d FEB541AA 		.ascii	"\376\265A\252\211a\371\237\000Pq4\320_*L h|/X\350\242"
 148      8961F99F 
 148      00507134 
 148      D05F2A4C 
 148      20687C2F 
 149 02a4 6F859B53 		.ascii	"o\205\233S\352m\237\026\257\216\340c\362\203\205\255"
 149      EA6D9F16 
 149      AF8EE063 
 149      F28385AD 
 150 02b4 FBDA4C58 		.ascii	"\373\332LX\204\004h>pu\274;>\331n\263\245\344Z3\\\216"
 150      8404683E 
 150      7075BC3B 
 150      3ED96EB3 
 150      A5E45A33 
 151 02ca 846C2D9C 		.ascii	"\204l-\234r\345d:\263rs\360 \203\357\263r\316\271\234"
 151      72E5643A 
 151      B37273F0 
 151      2083EFB3 
 151      72CEB99C 
 152 02de 27B3F765 		.ascii	"'\263\367e\222\010Wfj\216\365\200\325j\217p9\216\333"
 152      92085766 
 152      6A8EF580 
 152      D56A8F70 
 152      398EDB
 153 02f1 4EF39DCE 		.ascii	"N\363\235\316\3458\212[\207\376lZV\266\355\230\313\211"
 153      E5388A5B 
 153      87FE6C5A 
 153      56B6ED98 
 153      CB89
 154 0303 A09483C9 		.ascii	"\240\224\203\311\366\364l\233\301v\310nOu\246;]\216"
 154      F6F46C9B 
 154      C176C86E 
 154      4F75A63B 
 154      5D8E
 155 0315 5F85C068 		.ascii	"_\205\300h\242"
 155      A2
 156              		.text
 157              		.section	.gnu.lto_eMBMasterFuncReadInputRegister.part.1.652be4d3,"",%progbits
 158 0000 789C7555 		.ascii	"x\234uU]LTG\024\2363w\357\335_aA\001\245\2156!F\233"
 158      5D4C5447 
 158      149E3377 
 158      EFDD5F61 
 158      4101A58D 
ARM GAS  C:\cygwin\tmp\cc4acGNA.s 			page 12


 159 0018 98F2624C 		.ascii	"\230\362bL\373\326\332\304\364\241\246I\373\346K#\260"
 159      FBD6DAC4 
 159      F4A1A649 
 159      FBE64B23 
 159      B0
 160 0029 353E0096 		.ascii	"5>\000\226e\237\032\342\205\335R\323\0320D-\330\270"
 160      659F1AE2 
 160      85DD52D3 
 160      1A30442D 
 160      D8B8
 161 003b DAE02F52 		.ascii	"\332\340/R\024\374\003D\273\312\252 \010l\211\010\226"
 161      14FC0344 
 161      BBCAAA20 
 161      086C8908 
 161      96
 162 004c E2B62EDA 		.ascii	"\342\266.\332\252\021\015\240n\254l\317\231\271\273"
 162      AA110DA0 
 162      6EAC6CCF 
 162      99B9BB
 163 005b DD45DDE4 		.ascii	"\335E\335\344\336;\347\314\371\276\363\315\2313\263"
 163      DE3BE7CC 
 163      F9BEF3CD 
 163      9933B3
 164 006a 0A7BF5B7 		.ascii	"\012{\365\267\001\237{f\306\312\360\013\026\006\346"
 164      019F7B66 
 164      C6CAF00B 
 164      1606E6
 165 0079 1D033830 		.ascii	"\035\00380\003\027_\316\225\310\022\246\333\264\346"
 165      03175FCE 
 165      95C812A6 
 165      DBB4E6
 166 0088 D54C7728 		.ascii	"\325Lw(\3344\242\222\325\331\303\3204q\265s)\231#\371"
 166      DC34A292 
 166      D5D9C3D0 
 166      3471B573 
 166      299923F9 
 167 009c 68A9A011 		.ascii	"h\251\240\021\244\322\242\001\320\200\001\333j\346\212"
 167      A4D2A201 
 167      D08001DB 
 167      6AE68A
 168 00ab 49D5602B 		.ascii	"I\325`+\374\303\237p\350\357\230\033\206\025\007u\275"
 168      FCC39F70 
 168      E8EF981B 
 168      86150775 
 168      BD
 169 00bc EA715D47 		.ascii	"\352q]G\320\376\355\342(gl\2323X\225\013\357\346\022"
 169      D0FEEDE2 
 169      28676C9A 
 169      3358950B 
 169      EFE612
 170 00cf E230ACC0 		.ascii	"\3420\254\300\270\333\275\2777X\224|`8\356h\231\271"
 170      B8DBBDBF 
 170      3758947C 
 170      6038EE68 
 170      99B9
 171 00e1 6EFF9B47 		.ascii	"n\377\233G9\274Cfg]O\275F&7\221\371\257\377\341#\353"
 171      39BC4366 
ARM GAS  C:\cygwin\tmp\cc4acGNA.s 			page 13


 171      675D4FBD 
 171      46263791 
 171      F9AFFFE1 
 172 00f7 F246640C 		.ascii	"\362Fd\014\214\265\351\037\232\242\\\201#\240\020\347"
 172      8CB5E91F 
 172      9AA25C81 
 172      23A010E7 
 173 0107 51C88526 		.ascii	"Q\310\205&\310e\350bp\014\226S\370\243\360\316c\252"
 173      C865E862 
 173      700C9653 
 173      F8A3F0CE 
 173      63AA
 174 0119 F2BE20EE 		.ascii	"\362\276 \356\036\212\265;\362~\326\003U\341\276\306"
 174      1E8AB53B 
 174      F27ED603 
 174      55E1BEC6 
 175 0129 3E87DEA3 		.ascii	">\207\336\243\373\302\261\3302bhNe\220?\204\\h\011m"
 175      FBC2B1D8 
 175      3262684E 
 175      65903F84 
 175      5C68096D 
 176 013d 0765AD80 		.ascii	"\007e\255\200\367\375\365|\332!t9\311\334ssrF\021\272"
 176      F7FDF57C 
 176      DA217439 
 176      C9DC7373 
 176      724611BA 
 177 0151 3899032F 		.ascii	"8\231\003/\266=\260#\271^\265\277\337\253\035\211S\233"
 177      B63DB023 
 177      B95EB5BF 
 177      DFAB1D89 
 177      539B
 178 0163 A045521F 		.ascii	"\240ER\037G\352\023\311\324MS\301\325\312g\202\271\246"
 178      47EA13C9 
 178      D44D53C1 
 178      D5CA6782 
 178      B9A6
 179 0175 E6C07D4D 		.ascii	"\346\300}Mb\257\247`\333\336\200}|\246&\246)\033\004"
 179      62AFA760 
 179      DBDE807D 
 179      7CA626A6 
 179      291B04
 180 0188 D8DB7FA7 		.ascii	"\330\333\177\247\316$\301\203w\324\3728\230\301)\011"
 180      CE24C183 
 180      77D4FA38 
 180      98C12909 
 181 0198 8E57DA80 		.ascii	"\216W\332\200\326\336\030{nU\012\0044\366\342\374=\263"
 181      D6DE187B 
 181      6E550A04 
 181      34F6E2FC 
 181      3DB3
 182 01aa 848E2641 		.ascii	"\204\216&AU8\363Z\350\256\037\206Z\255J\261\200\316"
 182      5538F35A 
 182      E8AE1F86 
 182      5AAD4AB1 
 182      80CE
 183 01bc 5E6E9892 		.ascii	"^n\230\222\320pocQ\300\267_\237\213\305 \3125h\177C"
 183      D0706F63 
ARM GAS  C:\cygwin\tmp\cc4acGNA.s 			page 14


 183      51C0B75F 
 183      9F8BC520 
 183      CA35687F 
 184 01d1 299FF85E 		.ascii	")\237\370^\336\264k>]\327\235\360\013\344A+>'\3619\215"
 184      DEB46B3E 
 184      5DD79DF0 
 184      0BE4412B 
 184      3E27F139 
 185 01e6 CF597C3A 		.ascii	"\317Y|: \217:\003[\242\0234`L#\217\2309mD\022\002\221"
 185      208F3A03 
 185      5BA21334 
 185      604C238F 
 185      98396D44 
 186 01fd C733753D 		.ascii	"\3073u=\026;|T]\012\264\325\034_f\005_\026\023\243\020"
 186      163B7C54 
 186      5D0AB4D5 
 186      1C5F6605 
 186      5F1613A3 
 187 0212 956C8D6C 		.ascii	"\225l\215l\263\260-\342m%\257\215\274vFd\016\262\027"
 187      B3B02DE2 
 187      6D25AF8D 
 187      BC764664 
 187      0EB217
 188 0225 909D26EC 		.ascii	"\220\235&\354t\034Z\235\364\312\000\352\235L\232_H\366"
 188      741C5A9D 
 188      F4CA00EA 
 188      9D4C9A5F 
 188      48F6
 189 0237 224A92C5 		.ascii	"\"J\222\305HI6#-9\342\315X\004\305R\327Or3}\225\021"
 189      48493623 
 189      2D39E2CD 
 189      5804C552 
 189      D74F7233 
 190 024e A8CAA085 		.ascii	"\250\312\240\205\216]\0116\331W\036\302\205\352\015"
 190      8E5D0936 
 190      D9571EC2 
 190      85EA0D
 191 025d 3BB03F35 		.ascii	";\260?5\243\006p\016V\322fO\235h\325D\003\207{\275\267"
 191      A306700E 
 191      56D2664F 
 191      9D68D544 
 191      03877BBD 
 192 0272 1DFA2789 		.ascii	"\035\372'\211\242AR\007k\014\272\260\203\221\323\311"
 192      A2415207 
 192      6B0CBAB0 
 192      8391D3C9 
 193 0282 442110CC 		.ascii	"D!\020\314(\027\027\271\306\301\027\030\276\012T*J\351"
 193      281717B9 
 193      C6C11718 
 193      BE0A542A 
 193      4AE9
 194 0294 1FAE69E1 		.ascii	"\037\256i\341\025/\364m\272%\312m\323\030\304\340<T"
 194      152FF46D 
 194      BA25CA6D 
 194      D318C4E0 
 194      3C54
 195 02a6 D054DB83 		.ascii	"\320T\333\203\203\267\254\025\337D\271]T\235\000p\001"
ARM GAS  C:\cygwin\tmp\cc4acGNA.s 			page 15


 195      83B7AC15 
 195      DF44B95D 
 195      549D0070 
 195      01
 196 02b7 2AA2DCC1 		.ascii	"*\242\334\301nAU]\353l\310N\316g\230\035\347\311\367"
 196      6E41555D 
 196      EB6CC84E 
 196      CE67981D 
 196      E7C9F7
 197 02ca D4261D74 		.ascii	"\324&\035t~C{\016y\323\251\311\025\261\353\221\366\251"
 197      7E437B0E 
 197      79D3A9C9 
 197      15B1EB91 
 197      F6A9
 198 02dc 738EBDF0 		.ascii	"s\216\275\360S\245N\211\026\020\350W\332c\010\300^ "
 198      53A54E89 
 198      1610E857 
 198      DA6308C0 
 198      5E20
 199 02ee ECC47741 		.ascii	"\354\304wAE\242\025$@\217w\274z\206K\217\011\235\310"
 199      45A21524 
 199      408F77BC 
 199      7A864B8F 
 199      099DC8
 200 0301 7160D7EE 		.ascii	"q`\327\356f\225(-\2703\027\021=\002\"\200v\011\203\204"
 200      6695282D 
 200      B8331711 
 200      3D022280 
 200      76098384 
 201 0315 82EF27FC 		.ascii	"\202\357'\374] Q*B\006\303\335\265\342\344)\342\250"
 201      5D20512A 
 201      4206C3DD 
 201      B5E2E429 
 201      E2A8
 202 0327 55F6B6FF 		.ascii	"U\366\266\377fMUqI\250\350N\250\210\347$\002R1\243I"
 202      664D5571 
 202      49A8E84E 
 202      A888E724 
 202      025231A3 
 203 033c DB2C6468 		.ascii	"\333,dh\2519\315\024QW}\327\277A\006Y\320\225\274v\023"
 203      A939CD14 
 203      51577DD7 
 203      BF410659 
 203      D095BC76 
 204 0351 3008CE17 		.ascii	"0\010\316\027j\221B\237\372\317\030B\255\0109\276ov"
 204      6A91429F 
 204      FACF1842 
 204      AD0839BE 
 204      6F76
 205 0363 0E845085 		.ascii	"\016\204P\205\204\376\331q?jK\025zY\010\275\362\212"
 205      84FED971 
 205      3F6A4B15 
 205      7A5908BD 
 205      F28A
 206 0375 501B12C8 		.ascii	"P\033\022\310rE\014\217\035\235)\3659Ii\3552\355\234"
 206      72450C8F 
 206      1D9D29F5 
ARM GAS  C:\cygwin\tmp\cc4acGNA.s 			page 16


 206      394969ED 
 206      32ED9C
 207 0388 BFDD48EB 		.ascii	"\277\335H\353\240\222\206n\207\304U\244\210+\362\321"
 207      A092866E 
 207      87C455A4 
 207      882BF2D1 
 208 0398 E0CBA3F3 		.ascii	"\340\313\243\363\322^\025i{\022i\343Ip\322\221\\\237"
 208      D25E1569 
 208      7B1269E3 
 208      4970D291 
 208      5C9F
 209 03aa 34917741 		.ascii	"4\221wAj\3164v\003|c\336\351\332\267\214 \272\260#\203"
 209      6ACE3476 
 209      037C63DE 
 209      E9DAB78C 
 209      20BAB023 
 210 03bf 218B280E 		.ascii	"!\213(\016\362\366\032\347|\022/\336\310\022E\366\201"
 210      F2F61AE7 
 210      7C122FDE 
 210      C81245F6 
 210      81
 211 03d0 2A83D309 		.ascii	"*\203\323\011\217\031v\033\031\234\350J\276=\255xW\\"
 211      8F19761B 
 211      199CE84A 
 211      BE3DAD78 
 211      575C
 212 03e2 43BC5856 		.ascii	"C\274XVp\261\014\312|]\257e\030\275\326\227X\305C\203"
 212      70B10CCA 
 212      7C5DAF65 
 212      18BDD697 
 212      58C54383 
 213 03f6 73212248 		.ascii	"s!\"H\343\250\367\020OdYhH2\261\307\200\222\274\365"
 213      E3A8F710 
 213      4F645968 
 213      4832B1C7 
 213      8092BCF5 
 214 040a D573FBCA 		.ascii	"\325s\373\312\345\354\"\"\243\013u\034\252\365\257\245"
 214      E5EC2222 
 214      A30B751C 
 214      AAF5AFA5 
 215 041a 2F6BFE31 		.ascii	"/k\3761J\233\306\3250\350\307c$\020\330\025iQ\236\236"
 215      4A9BC6D5 
 215      30E8C763 
 215      2410D815 
 215      69519E9E 
 216 042e 28CD592A 		.ascii	"(\315Y*M\226,\315\341\235\313\376gI\224FE\370\365Di"
 216      4D962CCD 
 216      E19DCBFE 
 216      67499446 
 216      45F8F544 
 217 0443 54F6873C 		.ascii	"T\366\207<\267?^{[\006g\317O\351\234\026\345\034\020"
 217      B73F5E7B 
 217      5B0667CF 
 217      4FE99C16 
 217      E51C10
 218 0456 29B3A23C 		.ascii	")\263\242<#\221\3544%\313\026<Z\374\262q2\351\316\301"
 218      2391EC34 
ARM GAS  C:\cygwin\tmp\cc4acGNA.s 			page 17


 218      25CB163C 
 218      5AFCB271 
 218      32E9CEC1 
 219 046a 625C1A15 		.ascii	"b\\\032\025\345\246#\214\244\372\305\261g\332\232S\372"
 219      E5A6238C 
 219      A4FAC5B1 
 219      67DA9A53 
 219      FA
 220 047b 36107F85 		.ascii	"6\020\177\205\203\260\206M@e t\315\250N\016cw!'\271"
 220      83B0864D 
 220      40652074 
 220      CDA84E0E 
 220      63772127 
 221 0490 5F19860D 		.ascii	"_\031\206\015A.\337>|\012h \3327\261\020\272\274B\220"
 221      412EDF3E 
 221      7C0A6820 
 221      DA37B110 
 221      BABC4290 
 222 04a4 6B9AF900 		.ascii	"k\232\371\000E\250]\241\010\340\345\007\244\003\247"
 222      45A85DA1 
 222      08E0E507 
 222      A403A7
 223 04b3 56AD2B73 		.ascii	"V\255+s\271\326\227\026\025x\334\371\305\362\363\225"
 223      B9D69716 
 223      1578DCF9 
 223      C5F2F395 
 224 04c3 A7A4B07C 		.ascii	"\247\244\260|si\011:\012h\274\271d\213\247\374\313\342"
 224      7369093A 
 224      0A68BCB9 
 224      648BA7FC 
 224      CBE2
 225 04d5 F70A9965 		.ascii	"\367\012\231e\213\247p]\331\306b\227\325S\270~\255\030"
 225      8BA7705D 
 225      D9C66297 
 225      D553B87E 
 225      AD18
 226 04e7 393CEECF 		.ascii	"9<\356\317]\233>***s\271\3356a|\\\352))7\273\276(\337"
 226      5D9B3E2A 
 226      2A2A73B9 
 226      DD36617C 
 226      5CEA2929 
 227 0500 58EE71DB 		.ascii	"X\356q\333\\\350\221C\325\343\376\324U\362\037W\035"
 227      5CE89143 
 227      D5E3FED4 
 227      55F21F57 
 227      1D
 228 0511 D6C7     		.ascii	"\326\307"
 229              		.text
 230              		.section	.gnu.lto_eMBMasterFuncReadInputRegister.652be4d3,"",%progbits
 231 0000 789C7553 		.ascii	"x\234uSkHTA\024\2363s\357\335g\264\004ElP\201\210\025"
 231      6B485441 
 231      149E3373 
 231      EFDD67B4 
 231      04456C50 
 232 0017 D24244F4 		.ascii	"\322BD\364+\254@\372\221\177\212~\227\351ZB\256\341"
 232      2BAC40FA 
 232      917F8A7E 
ARM GAS  C:\cygwin\tmp\cc4acGNA.s 			page 18


 232      97E95A42 
 232      AEE1
 233 0029 EEFD195D 		.ascii	"\356\375\031]w7\210\222\255\244\300\012\263H\315G\255"
 233      77378892 
 233      ADA4C00A 
 233      B348CD47 
 233      AD
 234 003a D9DB47B5 		.ascii	"\331\333G\265\245\224\345+\261\227\025%\345\366\316"
 234      A594E52B 
 234      B1971525 
 234      E5F6CE
 235 0049 076BAD8B 		.ascii	"\007k\255\213\346vf\256\246\366\030\230=s\206\357\373"
 235      E67666AE 
 235      A6F61898 
 235      3D7386EF 
 235      FB
 236 005a CE9EEFCC 		.ascii	"\316\236\357\314e\344\357\265\026\367\\\211\220<\214"
 236      65E4EFB5 
 236      16F75C89 
 236      903C8C
 237 0069 A010A087 		.ascii	"\240\020\240\207;\010\3117R*7.$\232\231=v\020\315\312"
 237      3B08C937 
 237      522A372E 
 237      249A993D 
 237      7610CDCA 
 238 007d A8D4B400 		.ascii	"\250\324\264\0003\271}\005f\022\310\034\0042\000\217"
 238      33B97D05 
 238      6612C81C 
 238      0432008F 
 239 008d 04C85ECA 		.ascii	"\004\310^\312$\031\366\302':D\241\255n\274\033\222\312"
 239      2419F6C2 
 239      273A44A1 
 239      AD6EBC1B 
 239      92CA
 240 009f 34CD3B58 		.ascii	"4\315;XX\327l\3317?F\011\211P\002\311vXj\347\370s\220"
 240      58D76CD9 
 240      373F4609 
 240      895002C9 
 240      76586AE7 
 241 00b6 84B8370F 		.ascii	"\204\2707\017^\03672\007\020<\327\005\207\333-\037i"
 241      5E1E3732 
 241      07103CD7 
 241      0587DB2D 
 241      1F69
 242 00c8 8CC2629E 		.ascii	"\214\302b\236\326\027\266\024)<\245\022O\307N}\3557"
 242      D617B614 
 242      293CA512 
 242      4FC74E7D 
 242      ED37
 243 00da 259E45C5 		.ascii	"%\236E\305P\317%-E\212Q\006\025\300\270f%\330\241\012"
 243      50CF252D 
 243      458A5106 
 243      15C0B866 
 243      25D8A10A 
 244 00ee EC04AF08 		.ascii	"\354\004\257\010TC\"\242\217\035|Tkb\253\205n`\340b"
 244      544322A2 
 244      8F1D7C54 
ARM GAS  C:\cygwin\tmp\cc4acGNA.s 			page 19


 244      6B62AB85 
 244      6E60E062 
 245 0102 ADA233C7 		.ascii	"\255\2423\307t\246\004\347\377dJ\004.@\"\207\367\367"
 245      74A604E7 
 245      FF644A04 
 245      2E402287 
 245      F7F7
 246 0114 1EAD96D9 		.ascii	"\036\255\226\331\032Amz\024\277aM8\243\205\274\275\255"
 246      1A416D7A 
 246      14BF614D 
 246      38A385BC 
 246      BDAD
 247 0126 675BAD5A 		.ascii	"g[\255Z\213\346\357\215\307\027\361\332\301\231\012"
 247      8BE6EF8D 
 247      C717F1DA 
 247      C1990A
 248 0135 FA42CAAD 		.ascii	"\372B\312\255`W\001\260\015\202\336\372v$b\025\035\331"
 248      605701B0 
 248      0D82DEFA 
 248      76246215 
 248      1DD9
 249 0147 787AE259 		.ascii	"xz\342Yx\230\211\216(O;F\367\177\261\240\270\346=\335"
 249      7898898E 
 249      284F3B46 
 249      F77FB1A0 
 249      B8E63DDD 
 250 015b E6532A26 		.ascii	"\346S*&\245e\270\250K\327\242\364\245\351\322U\003\315"
 250      A565B8A8 
 250      4BD7A2F4 
 250      A5E9D255 
 250      03CD
 251 016d 2BD916BD 		.ascii	"+\331\026\275\247@\351gE\347\266\317\340^\371\017w\360"
 251      A740E967 
 251      45E7B6CF 
 251      E05EF90F 
 251      77F0
 252 017f 5A20AEB0 		.ascii	"Z \256\260m\202\354k{W(\351\344\316wr\321$\231\3005"
 252      6D82EC6B 
 252      7B5728E9 
 252      E4CE7772 
 252      D12499C0 
 253 0194 9D3C39A3 		.ascii	"\235<9\243\011\352\241'=#&\266SP\343\2437?\030t\352"
 253      09EAA127 
 253      3D2326B6 
 253      5350E3A3 
 253      373F1874 
 254 01a9 F3695405 		.ascii	"\363iT\005n\374\223:\344\377\371\314\242\3705M\263A"
 254      6EFC933A 
 254      E4FFF9CC 
 254      A2F8354D 
 254      B341
 255 01bb 0D24C065 		.ascii	"\015$\300e\334Wq_\307]\007\011\374E\340S\250\007\005"
 255      DC57715F 
 255      C75D0709 
 255      FC45E053 
 255      A80705
 256 01ce 30F0DB9A 		.ascii	"0\360\333\2329!-\036\277\034>R\261\214Z\200\360+*~e"
ARM GAS  C:\cygwin\tmp\cc4acGNA.s 			page 20


 256      39212D1E 
 256      BF1C3E52 
 256      B18C5A80 
 256      F02B2A7E 
 257 01e3 9C914101 		.ascii	"\234\221A\001>$\003\036\215f\340\223&\244\017\025\370"
 257      3E24031E 
 257      8D66E093 
 257      26A40F15 
 257      F8
 258 01f4 030CA3A7 		.ascii	"\003\014\243\247\030\331S\360\206J\356\317\023\232H"
 258      18D953F0 
 258      864AEECF 
 258      139A48
 259 0203 E34FACAF 		.ascii	"\343O\254\257\263\313\310]\347\245\032\320\223W\340"
 259      B3CBC85D 
 259      E7A51AD0 
 259      9357E0
 260 0212 0B5DBFCF 		.ascii	"\013]\277\3178$JeD\234\352\016\004\351\236Qm\277f\214"
 260      38244A65 
 260      449CEA0E 
 260      04E99E51 
 260      6DBF668C 
 261 0226 515384F2 		.ascii	"QS\204\362?\323\010{\260\214\231<\001\177\217o\336\024"
 261      3FD3087B 
 261      B08C993C 
 261      017F8F6F 
 261      DE14
 262 0238 36BFBCA1 		.ascii	"6\277\274\241\300\300\325\014\010\2729\341p\030\037"
 262      C0C0D50C 
 262      08BA39E1 
 262      70181F
 263 0247 DE63077B 		.ascii	"\336c\007{\001\336\037\007\306\213W\351h\303\364\332"
 263      01DE1F07 
 263      C68B57E9 
 263      68C3F4DA 
 264 0257 92B0E3EA 		.ascii	"\222\260\343\352H\311\267Y\305p\022pRQ4\355\026\347"
 264      48C9B759 
 264      C5701270 
 264      525134ED 
 264      16E7
 265 0269 C36D2806 		.ascii	"\303m(\006^\247\303\2275\305\354:Q\356\233\315\2312"
 265      5EA7C397 
 265      35C5EC3A 
 265      51EE9BCD 
 265      9932
 266 027b BA10FA5D 		.ascii	"\272\020\372]G\"a\033\357\321\306\221\010\353\271\327"
 266      4722611B 
 266      EFD1C691 
 266      08EBB9D7 
 267 028b 5C655952 		.ascii	"\\eYR\216\006\367V\226\365\245\030E%\261\340\016,\301"
 267      8E06F756 
 267      96F5A518 
 267      4525B1E0 
 267      0E2CC1
 268 029e 1AD8ADDF 		.ascii	"\032\330\255\337\246\313\322?[\265D\3204\002w\261\325"
 268      A6CBD23F 
 268      5BB544D0 
ARM GAS  C:\cygwin\tmp\cc4acGNA.s 			page 21


 268      340277B1 
 268      D5
 269 02af 2835C7A8 		.ascii	"(5\307\250U\224\220'}\264\011\343\243h\307k\310\017"
 269      55949027 
 269      7DB409E3 
 269      A368C76B 
 269      C80F
 270 02c1 753DA4BA 		.ascii	"u=\244\272\014\272\363\036\200;I_5\354BY\011P\270\246"
 270      0CBAF31E 
 270      803B495F 
 270      35EC4259 
 270      0950B8A6 
 271 02d5 E4FB3808 		.ascii	"\344\3738\010\227\361\033l\002;\373\332]\0128\035\340"
 271      97F11B6C 
 271      023BFBDA 
 271      5D0A381D 
 271      E0
 272 02e6 6A582539 		.ascii	"jX%95\317\351L\313\315\334\256\272\0359z\310R]\031\236"
 272      35CFE94C 
 272      CBCDDCAE 
 272      BA1D397A 
 272      C8525D19 
 273 02fb EC5C175E 		.ascii	"\354\\\027^l\347\347l\327n\325\2635gy\0061\356V3R\363"
 273      6CE7E76C 
 273      D76ED5B3 
 273      35677906 
 273      31EE5633 
 274 0311 D2739CB2 		.ascii	"\322s\234\262\352\336\350t\231\324\214\264u\"\267\252"
 274      EADEE874 
 274      99D48CB4 
 274      7522B7AA 
 275 0321 EE4DCE1D 		.ascii	"\356M\316\035k33\363\234n\267Y$\353sU\227\307\340\334"
 275      6B3333F3 
 275      9C6EB759 
 275      24EB7355 
 275      97C7E0DC 
 276 0335 EC49F7A8 		.ascii	"\354I\367\250n\263\023o\364\343/\300?\225#"
 276      6EB3136F 
 276      F4E32FC0 
 276      3F9523
 277              		.text
 278              		.section	.gnu.lto_.symbol_nodes.652be4d3,"",%progbits
 279 0000 789C55D0 		.ascii	"x\234U\320;\016\202`\020\004\340\371g\025\020\251\255"
 279      3B0E8260 
 279      1004E0F9 
 279      671510A9 
 279      AD
 280 0011 349EC113 		.ascii	"4\236\301\023.*>1\321\013h\214\341\022&V\206\332\302"
 280      2E2A3E31 
 280      D10B688C 
 280      E1122656 
 280      86DAC2
 281 0024 13A8A1B4 		.ascii	"\023\250\241\264\361\002F\002\024\3536\223o2\325\012"
 281      F1024602 
 281      14EB3693 
 281      6F32D50A 
 282 0034 8091437D 		.ascii	"\200\221C}L\251\300\356\006\250\272\375)\000c\252k\012"
ARM GAS  C:\cygwin\tmp\cc4acGNA.s 			page 22


 282      4CA9C0EE 
 282      06A8BAFD 
 282      290063AA 
 282      6B0A
 283 0046 1C8E65B1 		.ascii	"\034\216e\261\241\362o1\246\212]\270)\265U\027\210\343"
 283      A1F26F31 
 283      A68A5DB8 
 283      29B55517 
 283      88E3
 284 0058 D209B56D 		.ascii	"\322\011\265m=\243z\326s\252o\275\240\006\326\023j\307"
 284      3DA37AD6 
 284      73AA6FBD 
 284      A006D613 
 284      6AC7
 285 006a 7A450DAD 		.ascii	"zE\015\255\327\324\256\365\222\032\031\013\002\024\351"
 285      D7D4AEF5 
 285      921A190B 
 285      0214E9
 286 0079 7B28F091 		.ascii	"{(\360\221W\351!\253\262\215\344\371u\202\026\212G\231"
 286      57E921AB 
 286      B28DE4F9 
 286      7582168A 
 286      4799
 287 008b AE83E2D2 		.ascii	"\256\203\342\322\223\362\027\327\217\023v\221\335#a"
 287      93F217D7 
 287      8F137691 
 287      DD2361
 288 009a 887CDB17 		.ascii	"\210|\333\0276\033\211\220WI\274\316\003\374\000\236"
 288      361B8990 
 288      5749BCCE 
 288      03FC009E 
 289 00aa F650B7   		.ascii	"\366P\267"
 290              		.text
 291              		.section	.gnu.lto_.refs.652be4d3,"",%progbits
 292 0000 789C6366 		.ascii	"x\234cf```d\200\002\000\000=\000\005"
 292      60606064 
 292      80020000 
 292      3D0005
 293              		.text
 294              		.section	.gnu.lto_.decls.652be4d3,"",%progbits
 295 0000 789CA557 		.ascii	"x\234\245WkTTW\226\256sOU\001E\001\351tGmfzBO\022\273"
 295      6B545457 
 295      96AE734F 
 295      55014501 
 295      E974476D 
 296 001a 67AD984E 		.ascii	"g\255\230N2\256^=\375g\272\204\022IxM\001Ig\3055\265"
 296      32AE5E3D 
 296      FD67BA84 
 296      1249784D 
 296      014967C5 
 297 0030 08549499 		.ascii	"\010T\224\231\010\006\012;=3\275\246@y\264\242\"\202"
 297      08060A3B 
 297      3D33BDA6 
 297      4079B4A2 
 297      2282
 298 0042 02A2A280 		.ascii	"\002\242\242\200 \"o\344%\006\204\010(\" \012\250D^"
 298      20226FE4 
ARM GAS  C:\cygwin\tmp\cc4acGNA.s 			page 23


 298      25068408 
 298      2822200A 
 298      A8445E
 299 0055 8A0A2AC8 		.ascii	"\212\012*\310\373!\314>\347\334[uK\013\372\307\324\342"
 299      FB21CC3E 
 299      E7DC5B75 
 299      4B0BFAC7 
 299      D4E2
 300 0067 70EFFECE 		.ascii	"p\357\376\316>{\177g\357}\036\027K$\222\215\234D\262"
 300      3E7B7F67 
 300      EF7D1E17 
 300      4B24928D 
 300      9C44B2
 301 007a 0CBF5FAC 		.ascii	"\014\277_\254\225H\236\312$\022\370\223xC\223B+\205"
 301      95489ECA 
 301      2412F893 
 301      78439342 
 301      2B85
 302 008c D6014D09 		.ascii	"\326\001M\011m\215\204\375\354\240MA\263B\022\311\257"
 302      6D8D84FD 
 302      ECA04D41 
 302      B34212C9 
 302      AF
 303 009d A06D80F6 		.ascii	"\240m\200\3661\264\337B\373=4Wh\237@\363\204\366\037"
 303      31B4DF42 
 303      FB3D3457 
 303      689F40F3 
 303      84F61F
 304 00b0 D082A17D 		.ascii	"\320\202\241}\213$\257\375\246x\233O\240=\203f\317\373"
 304      8B24AFFD 
 304      A6789B4F 
 304      A03D8366 
 304      CFFB
 305 00c2 213EDF21 		.ascii	"!>\337!\372\320\234x\235Px\377\000\332\207\320\302\240"
 305      FAD09C78 
 305      9D5078FF 
 305      00DA87D0 
 305      C2A0
 306 00d4 6D243E00 		.ascii	"m$>\000\327\303\363w\320\302\021\343\251\206\347.h["
 306      D7C3F377 
 306      D0C211E3 
 306      A986E72E 
 306      685B
 307 00e6 787F5622 		.ascii	"x\177V\"\256\2268\276\372#z\312\0258\021>\204\027\341"
 307      AE9638BE 
 307      FA237ACA 
 307      1538113E 
 307      8417E1
 308 00f9 F32778BA 		.ascii	"\363'x\272C\373\016\332\004?\026\363\343\311\274\247"
 308      43FB0EDA 
 308      043F16F3 
 308      E3C9BCA7 
 309 0109 5E374D63 		.ascii	"^7Mc\365&<\177\211Lv\211=b;\000\236\277\346m\2239\177"
 309      F5263C7F 
 309      894C7689 
 309      3D623B00 
 309      9EBFE66D 
ARM GAS  C:\cygwin\tmp\cc4acGNA.s 			page 24


 310 0120 F2CA9C09 		.ascii	"\362\312\234\011\227?\303s;\264\377\202\366\015\317"
 310      973FC373 
 310      3BB4FF82 
 310      F60DCF
 311 012f 5D2631CF 		.ascii	"]&1\317\201\020\357W\177\244\337\316\202\357_\213\374"
 311      8110EF57 
 311      7FA4DFCE 
 311      82EF5F8B 
 311      FC
 312 0140 0BBEFF1B 		.ascii	"\013\276\377\033\336C\240\375\017\264\367\220in\033"
 312      DE43A0FD 
 312      0FB4F790 
 312      696E1B
 313 014f F83CFECA 		.ascii	"\370<\376\312\202\375q\016]\033\230\235P>\342\220\275"
 313      82FD710E 
 313      5D1B989D 
 313      503EE290 
 313      BD
 314 0160 E20D22A6 		.ascii	"\342\015\"\246v=\230\304 *\025\034\021g\356\024N\333"
 314      763D98C4 
 314      202A151C 
 314      1167EE14 
 314      4EDB
 315 0172 600E91F7 		.ascii	"`\016\221\367\214\344\376N\305\373\271\006\203!\326"
 315      8CE4FE4E 
 315      C5FBB906 
 315      8321D6
 316 0181 50DB844C 		.ascii	"P\333\204L&\222\256\036;(\303oP\245\370\376\204\233"
 316      2692AE1E 
 316      3B28C36F 
 316      50A5F8FE 
 316      849B
 317 0193 52FC73FA 		.ascii	"R\374s\372\036q\246:\316\012l9)\250\332\321\221\331"
 317      1E71A63A 
 317      CE0A6C39 
 317      29A8DAD1 
 317      91D9
 318 01a5 526B2A2E 		.ascii	"Rk*./c\000\270\323\275m\3756h\275\"\023L\216\265\\x"
 318      2F6300B8 
 318      D3BD6DFD 
 318      3668BD22 
 318      134C8EB5 
 319 01bb 800C0629 		.ascii	"\200\014\006)*D\012\224\2070\312E\357\223\334\221\261"
 319      2A440A94 
 319      8730CA45 
 319      EF93DC91 
 319      B1
 320 01cc E4176B30 		.ascii	"\344\027k0D\032\014\273\015\262\034{\011\312F\216(\007"
 320      441A0CBB 
 320      0DB21C7B 
 320      09CA468E 
 320      2807
 321 01de 394A5001 		.ascii	"9JP\001Z\017\032T\027\235\0070\037@0\\2\360l\237B0\034"
 321      5A0F1A54 
 321      179D0730 
 321      1F40305C 
 321      32F06C9F 
ARM GAS  C:\cygwin\tmp\cc4acGNA.s 			page 25


 322 01f5 9B95B086 		.ascii	"\233\225\260\206\030.\006\303\347L\206\301\317j\226"
 322      182E06C3 
 322      E74C86C1 
 322      CF6A96
 323 0204 8B2C5B2E 		.ascii	"\213,[.n\214:`/XN\213I}\213X.\005\313gM\226\213W\267"
 323      6E8C3A60 
 323      2F584E8B 
 323      497D8B58 
 323      2E05CB67 
 324 021d 5C62C132 		.ascii	"\\b\30121\001\021\352Z\234\213\267\305C\210F\357iJ\361"
 324      310111EA 
 324      5A9C8BB7 
 324      C5438846 
 324      EF694AF1 
 325 0231 1CC6334C 		.ascii	"\034\3063L(\355Z\336'\3071,\021B\216>a9zy*w\017\306"
 325      28ED5ADE 
 325      27C7312C 
 325      11428E3E 
 325      61397A79 
 326 0249 E9ACAF2A 		.ascii	"\351\254\257*\241)YN\373\244D\274_\324\221f\207\213"
 326      A129594E 
 326      FBA444BC 
 326      5FD49166 
 326      878B
 327 025b 595F66D2 		.ascii	"Y_f\322\221<\031\355\263&\342\205\273=?r\270\221\365"
 327      913C19ED 
 327      B326E285 
 327      BB3D3F72 
 327      B891F5
 328 026e 0965F009 		.ascii	"\011e\360\011+\203\263q\203\3116\370>\353\253\314\237"
 328      2B83B371 
 328      83C936F8 
 328      3EEBABCC 
 328      9F
 329 027f BC6E4BFB 		.ascii	"\274nK\373\234\210\330;=1\207\360,\353+\316\310\272"
 329      9C88D83B 
 329      3D3187F0 
 329      2CEB2BCE 
 329      C8BA
 330 0291 6043FBFE 		.ascii	"`C\373\376@\304\223m#\245\3668\031\323\276\244\213i"
 330      40C4936D 
 330      23A5F638 
 330      19D3BEA4 
 330      8B69
 331 02a3 09ACCF40 		.ascii	"\011\254\317@\345\344\326C\335J\\\306:\253[\316\026"
 331      E5E4D643 
 331      DD4A5CC6 
 331      3AAB5BCE 
 331      16
 332 02b4 70AC93CE 		.ascii	"p\254\223\316\242)f\252\302V\312I\320\017\020\311+\020"
 332      A22966AA 
 332      C256CA49 
 332      D00F10C9 
 332      2B10
 333 02c6 1302969D 		.ascii	"\023\002\226\235(\036\240`=\200\015\020\254FD\247U\027"
 333      281EA060 
 333      3D800D10 
ARM GAS  C:\cygwin\tmp\cc4acGNA.s 			page 26


 333      AC4644A7 
 333      5517
 334 02d8 31398B09 		.ascii	"19\213\011^\007\370e\300\233\030\376\375\361\2149D\360"
 334      5E07F865 
 334      C09B18FE 
 334      FDF18C39 
 334      44F0
 335 02ea EF01AF05 		.ascii	"\357\001\257\005\274\231\341\211\003S\321\326\004\257"
 335      BC99E189 
 335      0353D1D6 
 335      04AF
 336 02f8 01FC12E0 		.ascii	"\001\374\022\340W\031>\321?TN\355T\003~\021\360k\014"
 336      57193ED1 
 336      3F544EED 
 336      54037E11 
 336      F06B0C
 337 030b CF3EF5D7 		.ascii	"\317>\365\327sr\202W\002^\005x\013\303\257\\\316;\344"
 337      73728257 
 337      025E0578 
 337      0BC3AF5C 
 337      CE3BE4
 338 031e 40F072C0 		.ascii	"@\360r\300+\000\277\316\360\203\367\017\017H\011~\001"
 338      2B00BFCE 
 338      F083F70F 
 338      0F48097E 
 338      01
 339 032f F0771D51 		.ascii	"\360w\035Q+\205\271\222\244\303\245\030Y\257\217f\205"
 339      2B85B992 
 339      A4C3A518 
 339      59AF8F66 
 339      85
 340 0340 10615608 		.ascii	"\020aV\010\022\324\206\254I\031\240v\250\210\033Hj\254"
 340      12D486AC 
 340      4919A076 
 340      A8881B48 
 340      6AAC
 341 0352 065A5CF9 		.ascii	"\006Z\\\371\007\277$\265\005:\022\276\260\214\013\216"
 341      07BF24B5 
 341      053A12BE 
 341      B08C0B8E 
 342 0362 7B7EE07E 		.ascii	"{~\340~\206b%\273\350&\230[\315t\337\222\034\241\016"
 342      866225BB 
 342      E826985B 
 342      CD74DF92 
 342      1CA10E
 343 0375 502833D5 		.ascii	"P(3\325,qC\177\244\003&4\3271yB\212\347Y\252\"\263/"
 343      2C71437F 
 343      A4032634 
 343      D7317942 
 343      8AE759AA 
 344 038c 5EB5C207 		.ascii	"^\265\302\007\244T\210\352\330}\307\012\2471\241\342"
 344      A45488EA 
 344      D87DC70A 
 344      A731A1E2 
 345 039c CA89BFE0 		.ascii	"\312\211\277\340\\\366\236ZW]\250\304\225L\030\317o"
 345      5CF69E5A 
 345      575DA8C4 
ARM GAS  C:\cygwin\tmp\cc4acGNA.s 			page 27


 345      954C18CF 
 345      6F
 346 03ad 4850E066 		.ascii	"HP\340f&\364\365\026\326\333\342\036&\214\336<V\305"
 346      26F4F516 
 346      D6DBE21E 
 346      268CDE3C 
 346      56C5
 347 03bf 0A4D46C4 		.ascii	"\012MF\304\326\007se2<\312\372\022\242**\354i\237\234"
 347      D6077365 
 347      323CCAFA 
 347      12A22A2A 
 347      EC699F9C 
 348 03d3 88C78EED 		.ascii	"\210\307\216\355Y\220\221\250\336\003\242\275|I\344"
 348      599091A8 
 348      DE03A2BD 
 348      7C49E4
 349 03e2 2EA66F23 		.ascii	".\246o#\330\035\300\356\302\254~d\031\030,\353,\262"
 349      D81DC0EE 
 349      C2AC7E64 
 349      19182CEB 
 349      2CB2
 350 03f4 27780F9F 		.ascii	"'x\017\237\261\373\014\337\177+%\221f\270\033\360\367"
 350      B1FB0CDF 
 350      7F2B2591 
 350      66B81BF0 
 350      F7
 351 0405 1C511F83 		.ascii	"\034Q\037\203;\216/u\320B\351\342\023\331\317\360K\011"
 351      3B8E2F75 
 351      D042E9E2 
 351      13D9CFF0 
 351      4B09
 352 0417 396104BE 		.ascii	"9a\004\276\315\3628\300\320\353Gg\037R#\267\000~\307"
 352      CDF238C0 
 352      D0EB4767 
 352      1F5223B7 
 352      007EC7
 353 042a 110D3258 		.ascii	"\021\0152X\330\337\326\260\375\355\300\265\324:L\305"
 353      D8DFD6B0 
 353      FDEDC0B5 
 353      D43A4CC5 
 354 043a 65321B2E 		.ascii	"e2\033.:s\261\335\230\375\261\310\010\234\014Yz\337"
 354      3A73B1DD 
 354      98FDB1C8 
 354      089C0C59 
 354      7ADF
 355 044c 11FD13C9 		.ascii	"\021\375\023\311\3750\237\240G\220\240!H\320\003\340"
 355      FD309FA0 
 355      4790A021 
 355      48D003E0 
 356 045c F050C8FD 		.ascii	"\360P\310\375B\311\2422\302\360\007\242\364z\362cNv"
 356      42C9A232 
 356      C2F007A2 
 356      F47AF263 
 356      4E76
 357 046e 2F61B4DE 		.ascii	"/a\264\336\232\246\262 \300\032=\001S\235\246T\016\013"
 357      9AA6B220 
 357      C01A3D01 
ARM GAS  C:\cygwin\tmp\cc4acGNA.s 			page 28


 357      539DA654 
 357      0E0B
 358 0480 A9B4E017 		.ascii	"\251\264\340\027=\006w+\271\026\255t{\266\322\205\315"
 358      3D06772B 
 358      B916AD74 
 358      7BB6D285 
 358      CD
 359 0491 44C93693 		.ascii	"D\3116\223\351\244\362^\016\037\227\321\331u\357\253"
 359      E9A4F25E 
 359      0E1F97D1 
 359      D975EFAB 
 360 04a1 AEC148B1 		.ascii	"\256\301H\261\236nrc\011\006\274\316\350\3449\030^\303"
 360      9E6E7263 
 360      0906BCCE 
 360      E8E43918 
 360      5EC3
 361 04b3 EF7066F3 		.ascii	"\357pf\363J\313\356ZK\212\372\031l\230OM\214\327(\214"
 361      4ACBEE5A 
 361      4B8AFA19 
 361      6C984F4D 
 361      8CD7288C 
 362 04c7 47C9A5A1 		.ascii	"G\311\245\241\003\215J\2104\335\021\321\227\324\355"
 362      038D4A88 
 362      34DD11D1 
 362      97D4ED
 363 04d6 89F4EEFB 		.ascii	"\211\364\356\373\266Fl\214\305\2767=\256\017Q\220\030"
 363      B6466C8C 
 363      C5BE373D 
 363      AE0F5190 
 363      18
 364 04e7 1BE7976D 		.ascii	"\033\347\227m\307\3649\273\265I\340\312\020\277\333"
 364      C7F439BB 
 364      B549E0CA 
 364      10BFDB
 365 04f6 F0869486 		.ascii	"\360\206\224\206f\004\030\214\322\3656\201\340\252\204"
 365      6604188C 
 365      D2F53681 
 365      E0AA84
 366 0505 5E2029F3 		.ascii	"^ )\363\3252:\226o\2173\350t\320\231\3728\203\255\323"
 366      D5323A96 
 366      6F8F33E8 
 366      74D099FA 
 366      3883ADD3 
 367 0519 09436DE1 		.ascii	"\011Cm\341Xr\371\220\362\320\356\310LC\337\362\362\333"
 367      5872F990 
 367      F2D0EEC8 
 367      4C43DFF2 
 367      F2DB
 368 052b 0627320C 		.ascii	"\006'2\014M\032\331J\310;[*S\310\211,\210\351\316T9"
 368      4D1AD94A 
 368      C83B5B2A 
 368      53C8892C 
 368      88E9CE54 
 369 0540 9E6266AA 		.ascii	"\236bf\252\207#{\254\360<\023f\237\014\217\"\034)\247"
 369      87237BAC 
 369      F03C1366 
 369      9F0C8F22 
ARM GAS  C:\cygwin\tmp\cc4acGNA.s 			page 29


 369      1C29A7
 370 0553 427E6FFD 		.ascii	"B~o\375\237 \224r\005a7K.n\350\177\001n\276y\243MFq"
 370      9F209472 
 370      0561374B 
 370      2E6EE87F 
 370      016EBE79 
 371 056b 025991C8 		.ascii	"\002Y\221\310\3165T\024\310Yd\351<l\232 \177\302,\320"
 371      CE355414 
 371      C85964E9 
 371      3C6C9A20 
 371      7FC22CD0 
 372 057f 220457CE 		.ascii	"\"\004W\316\007w\016\300y!\270-K\375\364\000]\200x\314"
 372      07770EC0 
 372      7921B82D 
 372      4BFDF400 
 372      5D8078CC 
 373 0593 9A822B37 		.ascii	"\232\202+7\006\227\353);Ue<\274b\243\272\350\341\265"
 373      0697EB29 
 373      3B55653C 
 373      BC62A3BA 
 373      E8E1B5
 374 05a6 04EA3326 		.ascii	"\004\3523&\365\005\321\341e\301\373K\013\336\301\362"
 374      F505D1E1 
 374      65C1FB4B 
 374      0BDEC1F2 
 375 05b6 78537DB7 		.ascii	"xS}\267\255\351X\274\3733b\331\300)\320\264\311\362"
 375      ADE958BC 
 375      FB3362D9 
 375      C029D0B4 
 375      C9F2
 376 05c8 D2EA9697 		.ascii	"\322\352\226\227-ZF\005\245\307\343XA\020s\254 2\213"
 376      2D5A4605 
 376      A5C7E358 
 376      411073AC 
 376      20328B
 377 05db CF963A18 		.ascii	"\317\226:\030\013\"\202\223\262\333E\327Md\004#\031"
 377      0B228293 
 377      B2DB45D7 
 377      4D640423 
 377      19
 378 05ec 7862F2C2 		.ascii	"xb\362\302\214\251Jv3\2608}\250\322a\345*\211\342H\225"
 378      8CA94A76 
 378      33B0387D 
 378      A8D261E5 
 378      2A89E248 
 379 0601 ECE1F82A 		.ascii	"\354\341\370*9\235Y\223`\213\343X\022\027&[\0130TI\272"
 379      399D5993 
 379      608BE358 
 379      1217265B 
 379      0B305449 
 380 0616 50250656 		.ascii	"P%\006V%Nd\024\212\346LE\002\357\254Hb8R$\315M\225A"
 380      254E6414 
 380      8AE64C45 
 380      02EFAC48 
 380      62385224 
 381 062e 38971949 		.ascii	"8\227\031I)\312OV\340r&\224/\246f*\360e&d\307$\274\264"
 381      29CA4F56 
ARM GAS  C:\cygwin\tmp\cc4acGNA.s 			page 30


 381      E0722694 
 381      2FA6662A 
 381      F0652664 
 382 0646 C73D7CCF 		.ascii	"\307=|\317\205\304\335\016x\222\011]\247\037\215\331"
 382      85C4DD0E 
 382      7892095D 
 382      A71F8DD9 
 383 0656 E2FD5654 		.ascii	"\342\375VT\030n\330W\243\3049L(\251\216_\304\270\212"
 383      186ED857 
 383      A3C4394C 
 383      28A98E5F 
 383      C4B88A
 384 0669 09B76AD3 		.ascii	"\011\267j\323\326\341k\354\275\365\331\371z)~\300\204"
 384      D6E16BEC 
 384      BDF5D9F9 
 384      7A297EC0 
 384      84
 385 067a FDF3E3D7 		.ascii	"\375\363\343\327\331\316\252\240[\325\323\344\007Vx"
 385      D9CEAAA0 
 385      5BD5D3E4 
 385      075678
 386 0689 9937179F 		.ascii	"\2317\027\237S\300vd[z\315\313]\230\244g\331a\230N\""
 386      53C07664 
 386      5B7ACDCB 
 386      5D98A467 
 386      D961984E 
 387 069e C776DDF8 		.ascii	"\307v\335\370\326\304j\272\025\037\0020\201sDI,\226"
 387      D6C46ABA 
 387      151F0230 
 387      81734449 
 387      2C96
 388 06b0 25B38B47 		.ascii	"%\263\213GIzP<\307\016\320#\014\237\273\263\\\254 \370"
 388      497A503C 
 388      C70ED023 
 388      0C9FBBB3 
 388      5CAC20F8 
 389 06c4 418E6EDD 		.ascii	"A\216n\335\350(\303\237\335\353N\265\"\370\001\216m"
 389      E828C39F 
 389      DDEB4EB5 
 389      22F8018E 
 389      6D
 390 06d5 DFC90CBF 		.ascii	"\337\311\014\277\271\377\340\010u\272\237c\333w\012"
 390      B9FFE008 
 390      75BA9F63 
 390      DB770A
 391 06e4 C34732BA 		.ascii	"\303G2\272\353\251~\034G\267\357T\006Wu\025\236\244"
 391      EBA97E1C 
 391      47B7EF54 
 391      06577515 
 391      9EA4
 392 06f6 74F6716C 		.ascii	"t\366ql\373>\306\360s\225\255\307\251\231\275\034\335"
 392      FB3EC6F0 
 392      7395ADC7 
 392      A999BD1C 
 392      DD
 393 0707 BFD3181C 		.ascii	"\277\323\030\034},\276\235\302\177\345\350\376}\234"
 393      7D2CBE9D 
ARM GAS  C:\cygwin\tmp\cc4acGNA.s 			page 31


 393      C27FE5E8 
 393      FE7D9C
 394 0716 C25C6575 		.ascii	"\302\\euy\207t\245\015\372$\307v\311tn=:\301\231o\320"
 394      798774A5 
 394      0DFA24C7 
 394      76C9746E 
 394      3D3AC199 
 395 072c 8515EDA3 		.ascii	"\205\025\355\243\230\2248(\275\276A?~v\266\335\332\262"
 395      98943828 
 395      BDBE413F 
 395      7E76B6DD 
 395      DAB2
 396 073e 59741AAC 		.ascii	"Yt\032\254\255f\271\357\000l\350\247@!\326XK\324\211"
 396      AD66B9EF 
 396      006CE8A7 
 396      4021D658 
 396      4BD489
 397 0751 B03FD6CD 		.ascii	"\260?\326\315_\335g\247\334K,\263\025D\013\333T\274"
 397      5FDD67A7 
 397      DC4B2CB3 
 397      15440BDB 
 397      54BC
 398 0763 199C92D7 		.ascii	"\031\234\222\327llnMc\273&`\374\302yR\375\310`+\256"
 398      6C6C6E4D 
 398      63BB2660 
 398      FCC27952 
 398      FDC8602B 
 399 0778 7CE2C934 		.ascii	"|\342\31148\213V~\246P\371}\307;\012\345\270\306\232"
 399      388B567E 
 399      A650F97D 
 399      C73B0AE5 
 399      B8C69A
 400 078b 16495B43 		.ascii	"\026I[Cb\253L\330\0373\355\305\373#\014CgD\245\177F"
 400      62AB4CD8 
 400      1F33EDC5 
 400      FB230C43 
 400      6744A57F 
 401 07a0 28FD6C5A 		.ascii	"(\375lZ\372Q\267\242{\034\314(\227\232Q\3161R\036;r"
 401      FA51B7A2 
 401      7B1CCC28 
 401      979A51CE 
 401      31521E3B 
 402 07b5 BE574629 		.ascii	"\276WF)\347\030)\327\015M\014\310\215\3238\313\362Y"
 402      E71829D7 
 402      0D4D0CC8 
 402      8DD338CB 
 402      F259
 403 07c7 5B9F5AE4 		.ascii	"[\237Z\344\260\362<\316\321"
 403      B0F23CCE 
 403      D1
 404 07d0 79E40AF3 		.ascii	"y\344\012\3638\024\233\331c\207\007\331<b\036_\231\222"
 404      38149BD9 
 404      638707D9 
 404      3C621E5F 
 404      9992
 405 07e2 D1156C48 		.ascii	"\321\025lH1\244s\006\330t\015\034\031\201\362DS\310"
 405      31A47306 
ARM GAS  C:\cygwin\tmp\cc4acGNA.s 			page 32


 405      D8740D1C 
 405      1981F244 
 405      53C8
 406 07f4 13A6709E 		.ascii	"\023\246p\236N!'\342\360\214\265\331\024\010\031\223"
 406      4E2127E2 
 406      F08CB5D9 
 406      14081993 
 407 0804 C37CE314 		.ascii	"\303|\343\024\012\022o7\332Q\272\371\306)4\354=\326"
 407      0A126F37 
 407      DA51BAF9 
 407      C62934EC 
 407      3DD6
 408 0816 2913B3F5 		.ascii	")\023\263\365^#\032[H\311\026\010d\307\346\006\332\245"
 408      5E231A5B 
 408      48C91608 
 408      64C7E606 
 408      DAA5
 409 0828 38D28692 		.ascii	"8\322\206\222\315\313\250*\222\002\331>r%\310\333xd"
 409      CDCBA82A 
 409      9202D93E 
 409      7225C8DB 
 409      7864
 410 083a 773C0B3A 		.ascii	"w<\013:\035\205\212D\204\213\004\302\305\224\360\313"
 410      1D858A44 
 410      848B04C2 
 410      C594F0CB 
 411 084a 238B590E 		.ascii	"#\213Y\016\306}\217\321x\021W\031\2712\215RJ\243D\240"
 411      C67D8FD1 
 411      78115719 
 411      B9328D52 
 411      4AA344A0 
 412 085e 511291DF 		.ascii	"Q\022\221\337\240\304\311\214F\307L\325\240\003\245"
 412      A0C4C98C 
 412      46C74CD5 
 412      A003A5
 413 086d 91BEFF7C 		.ascii	"\221\276\377|\264S\223\241vy\371_\311\010T&\242P&P\270"
 413      B45393A1 
 413      7679F95F 
 413      C9085426 
 413      A2502650 
 414 0882 4029583A 		.ascii	"@)X:\311\213G\272G\254V\244PA)\224\013\024\272\332\226"
 414      C98B47BA 
 414      47AC56A4 
 414      50412994 
 414      0B14BADA 
 415 0897 AFDAE242 		.ascii	"\257\332\342BF\241r\341\336E\304(\244\230(\300\010T"
 415      46A172E1 
 415      DE45C428 
 415      A49828C0 
 415      0854
 416 08a9 29A25029 		.ascii	")\242P)P\250\242\024z_,\335\260\301\315\314\302\321"
 416      50A8A214 
 416      7A5F2CDD 
 416      B0C1CDCC 
 416      C2D1
 417 08bb F6EE7229 		.ascii	"\366\356r)ne\302\336\273g[\254\360m*p\011\203\223Y\310"
 417      6E65C2DE 
ARM GAS  C:\cygwin\tmp\cc4acGNA.s 			page 33


 417      BB675BAC 
 417      F06D2A70 
 417      09839359 
 418 08d0 F24DE67B 		.ascii	"\362M\346{n\205\233L\313|\037=l/\301\241T\303Y\270\311"
 418      6E859B4C 
 418      CB7C1F3D 
 418      6C2FC1A1 
 418      54C359B8 
 419 08e5 707D5D59 		.ascii	"p}]Y\377f\331h\335JFc\263\256\321#\271\026\214^4\031"
 419      FF66D968 
 419      DD4A4663 
 419      B3AED123 
 419      B9168C5E 
 420 08fb 051F46AB 		.ascii	"\005\037F\253\205/NF\313,\233\255_\311l\332\360mz\036"
 420      852F4E46 
 420      CB2C9BAD 
 420      5FC96CDA 
 420      F06D7A1E 
 421 090f 5F06B3D5 		.ascii	"_\006\263\325&\263\265&\263\250\366i\357AV/\344\273"
 421      26B3B526 
 421      B3A8F669 
 421      EF41562F 
 421      E4BB
 422 0921 802FDB8A 		.ascii	"\200/\333\212\2044\2518Yd\274)[?\320l5\010\331\032\252"
 422      8434A938 
 422      5964BC29 
 422      5B3FD06C 
 422      3508D91A 
 423 0936 99AAB3C5 		.ascii	"\231\252\263\305},\2745y\023\217mh\266\012\363o\204"
 423      7D2CBC35 
 423      79138F6D 
 423      68B60AF3 
 423      6F84
 424 0948 A4184E45 		.ascii	"\244\030NE\032\226\340\276C\007\241+\242\204]\021\022"
 424      1A96E0BE 
 424      4307A12B 
 424      A2845D11 
 424      12
 425 0959 D6481376 		.ascii	"\326H\023v\246y\366\332*'s\023u\371%\357q\264\264\365"
 425      A679F6DA 
 425      2A277313 
 425      75F925EF 
 425      71B4B4F5 
 426 096d 7B059E61 		.ascii	"{\005\236a\036\023\013\263o\310\204\2252\273\361|\261"
 426      1E130BB3 
 426      6FC88495 
 426      32BBF17C 
 426      B1
 427 097e E1F21EC3 		.ascii	"\341\362\036\303\"\370Dd\024j\026\371l\026|^\245>\217"
 427      22F84464 
 427      146A16F9 
 427      6C167C5E 
 427      A53E8F
 428 0991 A4C6CE72 		.ascii	"\244\306\316rt\352K\306:\335\333?~t\225\251\267P\036"
 428      74EA4BC6 
 428      3ADDDB3F 
 428      7E7495A9 
ARM GAS  C:\cygwin\tmp\cc4acGNA.s 			page 34


 428      B7501E
 429 09a4 D784A9DF 		.ascii	"\327\204\251\337\312l\037\224\342\004\005\273\000\036"
 429      CA6C1F94 
 429      E20405BB 
 429      001E
 430 09b2 9D8CE189 		.ascii	"\235\214\341\211\344\037\234\330\222`Z\2620\012]\027"
 430      E41F9CD8 
 430      92605AB2 
 430      300A5D17 
 431 09c2 F1B82EF0 		.ascii	"\361\270.\360h\245<\252\363f\322\254\360\031f%.e~N\216"
 431      68A53CAA 
 431      F366D2AC 
 431      F0196625 
 431      2E657E4E 
 432 09d7 4B985096 		.ascii	"K\230P\226\230\261h\205k\230p0\262xQ\211\033\2310\376"
 432      98B16885 
 432      6B987030 
 432      B2785189 
 432      1B9930FE 
 433 09eb A06B408E 		.ascii	"\240k@\216\333\2310\324Y\024\251\300\275Lh\330\375p"
 433      DB9930D4 
 433      5914A9C0 
 433      BD4C68D8 
 433      FD70
 434 09fd C01A0F33 		.ascii	"\300\032\0173!\"\346\356?\342g\354\275.i\252S\206\027"
 434      2122E6EE 
 434      3FE267EC 
 434      BD2E69AA 
 434      538617
 435 0a10 983093D1 		.ascii	"\2300\223\3217\202\350\311O.\236\350\302\363\331v\372"
 435      3782E8C9 
 435      4F2E9EE8 
 435      C2F3D976 
 435      FA
 436 0a21 99D30534 		.ascii	"\231\323\0054\273\371\223\277\364I\362~\372\011~\233"
 436      BBF993BF 
 436      F449F27E 
 436      FA097E9B 
 437 0a31 3FC97BF8 		.ascii	"?\311{\370\373V\353\313D\033\372M\304\237\344w\030~"
 437      FB56EBCB 
 437      441BFA4D 
 437      C49FE477 
 437      187E
 438 0a43 A9AF6186 		.ascii	"\251\257a\206\354\200\250\223?\311\3572\374\342\276"
 438      EC80A893 
 438      3FC9EF32 
 438      FCE2BE
 439 0a52 FC2324CE 		.ascii	"\374#$\316\350&;\311\35718\352\341\314\004\375\322\356"
 439      E8263BC9 
 439      EF3138EA 
 439      E1CC04FD 
 439      D2EE
 440 0a64 E04FF25E 		.ascii	"\340O\362^\206\307f\357yL\315\267\263\223\374G\006\017"
 440      86C766EF 
 440      794CCDB7 
 440      B393FC47 
 440      060F
ARM GAS  C:\cygwin\tmp\cc4acGNA.s 			page 35


 441 0a76 B79D29A2 		.ascii	"\267\235)\242\337mm\354$\277\317N\362\244\230\376h%"
 441      DF6D6DEC 
 441      24BFCF4E 
 441      F2A498FE 
 441      6825
 442 0a88 FF4D3496 		.ascii	"\377M4\226\334\233\351@\276\236\006^;\234-\036\364\003"
 442      DC9BE940 
 442      BE9E065E 
 442      3B9C2D1E 
 442      F403
 443 0a9a FC71DC0F 		.ascii	"\374q\334\017\353\247\217\023\177\016q7\362;\367r+\234"
 443      EBA78F13 
 443      7F0E7137 
 443      F23BF772 
 443      2B9C
 444 0aac E443A0BE 		.ascii	"\344C\240\276\322Pz\222\317\303I>\010\0127LKn@t\222"
 444      D2507A92 
 444      CFC3493E 
 444      080A374C 
 444      4B6E4074 
 445 0ac1 FFED2F9D 		.ascii	"\377\355/\235\007|\240O\235\037w0\236\200\017\0318\232"
 445      077CA04F 
 445      9D1F7730 
 445      9E800F19 
 445      389A
 446 0ad3 7DD880C5 		.ascii	"}\330\200\305\025:hv\002>\242\025:,T\350\221\352\270"
 446      153A6876 
 446      023EA215 
 446      3A2C54E8 
 446      91EAB8
 447 0ae6 2419CEB1 		.ascii	"$\031\316\261e{_\371\323\177\027V\312\344\333'D+\005"
 447      657B5FF9 
 447      D37F1756 
 447      CAE4DB27 
 447      442B05
 448 0af9 46A1C7A2 		.ascii	"F\241\307\242\012},T\350\023Z\241/\246\243\262\330e"
 448      0A7D2C54 
 448      E8135AA1 
 448      2FA6A3B2 
 448      D865
 449 0b0b 9A38638C 		.ascii	"\2328c\214\323\272\332RlV>\211G)\217\021\201\307\275"
 449      D3BADA52 
 449      6C563E89 
 449      47298F11 
 449      81C7BD
 450 0b1e B9825925 		.ascii	"\271\202Y%\276\310x\\+9\324m\307\210$\227\367}*Z)0\012"
 450      BEC8785C 
 450      2B39D46D 
 450      C7882497 
 450      F77D2A5A 
 451 0b35 3D15F178 		.ascii	"=\025\361x*\360xFy\024E\215\236\303+\257\316\347f\273"
 451      2AF07846 
 451      7914458D 
 451      9EC32BAF 
 451      CEE766BB 
 452 0b49 44E7D099 		.ascii	"D\347\320\231\030%\356`.\015\331\247;l\204\271\217\212"
 452      1825EE60 
ARM GAS  C:\cygwin\tmp\cc4acGNA.s 			page 36


 452      2E0DD9A7 
 452      3B6C84B9 
 452      8F8A
 453 0b5b CF531884 		.ascii	"\317S\030\204\306D.\307\004\227\343\324eba\177\275\302"
 453      C6442EC7 
 453      0497E3D4 
 453      6562617F 
 453      BDC2
 454 0b6d EC02400E 		.ascii	"\354\002@\016`\223\317\027\354\002@\236\240};\371\307"
 454      6093CF17 
 454      EC02409E 
 454      A07D3BF9 
 454      C7
 455 0b7e 5C6C7EE3 		.ascii	"\\l~\3431\323\236\340\265'\250\366\371\356\301F\363"
 455      31D39EE0 
 455      B527A8F6 
 455      F9EEC146 
 455      F3
 456 0b8f 2B5D8599 		.ascii	"+]\205\231\366$\257=I\265G\217\237\3121g\362\203\231"
 456      F624AF3D 
 456      49B5478F 
 456      9FCA3167 
 456      F28399
 457 0ba2 F614AF3D 		.ascii	"\366\024\257=E\265\257\037\350\256\2631\323n2\323\236"
 457      45B5AF1F 
 457      E8AEB331 
 457      D36E32D3 
 457      9E
 458 0bb3 E6B5A7A9 		.ascii	"\346\265\247\251v\315\325s\30323\355\0263\355\031^{"
 458      76CDD573 
 458      C33233ED 
 458      1633ED19 
 458      5E7B
 459 0bc5 866AEF79 		.ascii	"\206j\357y\270\364\0273e\362\235lR\236\345\225g\031"
 459      B8F41733 
 459      65F29D6C 
 459      529EE595 
 459      6719
 460 0bd7 9191BE26 		.ascii	"\221\221\276&{3\355Gf\246\347x\3559\252}\251(u\227\231"
 460      7B33ED47 
 460      66A6E778 
 460      ED39AA7D 
 460      A9287597 
 461 0bec F2A899F2 		.ascii	"\362\250\231\362<\257<O\225S\012Jo\331\232i?7\323^\340"
 461      3CAF3C4F 
 461      95530A4A 
 461      6FD99A69 
 461      3F37D35E 
 462 0c01 B517A876 		.ascii	"\265\027\250v|N\357c\251\231v\226\231\366\"\257M\236"
 462      7C4EEF63 
 462      A9997696 
 462      99F622AF 
 462      4D9E
 463 0c13 723F9F2D 		.ascii	"r?\237-^\032_\271\253\247\237\223\263\304:<(X\377\321"
 463      5E1A5FB9 
 463      ABA79F93 
 463      B3C43A3C 
ARM GAS  C:\cygwin\tmp\cc4acGNA.s 			page 37


 463      2858FFD1 
 464 0c27 6FB57A85 		.ascii	"o\265z\205V+\274~\031\360\373\255;CC\266\205\372\357"
 464      562BBC7E 
 464      19F0FBAD 
 464      3B4343B6 
 464      85FAEF
 465 0c3a 70FA3AE8 		.ascii	"p\372:\350\033]\330\326m\001\001\033\374Cwl\010\016"
 465      1B5DD8D6 
 465      6D01011B 
 465      FC43776C 
 465      080E
 466 0c4c 09D66DD0 		.ascii	"\011\326m\320\371\177\025\264a\243\366_6|\374\341G\033"
 466      F97F15B4 
 466      61A3F65F 
 466      367CFCE1 
 466      471B
 467 0c5e B79AC15B 		.ascii	"\267\232\301[\203\202\003\276\011\017\324m\335\341\037"
 467      838203BE 
 467      090FD46D 
 467      DDE11F
 468 0c6d B03D2858 		.ascii	"\260=(X\267U\033\250\373\332?\374\033\275V\377\347\235"
 468      B7551BA8 
 468      FBDA3FFC 
 468      1BBD56FF 
 468      E79D
 469 0c7f BAB00FB6 		.ascii	"\272\260\017\266K>\375\377\333\016\323\007\002Q\260"
 469      4B3EFDFF 
 469      DB0ED307 
 469      0251B0
 470 0c8e B57673A8 		.ascii	"\265vs\250N\347\021\022\370Ux\330ov\206\204\352\351"
 470      4EE71112 
 470      F85578D8 
 470      6F768684 
 470      EAE9
 471 0ca0 3FC0DFD4 		.ascii	"?\300\337\324yl\362\360\017\323\353B\325\273t\301z_"
 471      796CF2F0 
 471      0FD3EB42 
 471      D5BB74C1 
 471      7A5F
 472 0cb2 70EDA0FE 		.ascii	"p\355\240\376L\353\241\362\361Uk\264\032\265\312\345"
 472      4CEBA1F2 
 472      F1556BB4 
 472      1AB5CAE5 
 473 0cc2 8B752679 		.ascii	"\213u&y\263F\345\241\006\324Y\355\366\231\332\345'\246"
 473      B346E5A1 
 473      06D459ED 
 473      F699DAE5 
 473      27A6
 474 0cd4 0EF51FD5 		.ascii	"\016\365\037\325\316~\276\352\237\275\252\352\243\366"
 474      CE7EBEEA 
 474      9FBDAAEA 
 474      A3F6
 475 0ce2 F45D2B52 		.ascii	"\364]+R\323h\2744Zo\215\227\263\332\307Gd\227G\264>"
 475      D368BC34 
 475      5A6F8D97 
 475      B3DAC747 
 475      649747B4 
ARM GAS  C:\cygwin\tmp\cc4acGNA.s 			page 38


 476 0cf7 7EE4F1F6 		.ascii	"~\344\361\366\253\0034j\037o/O\027\255\257\233\207\332"
 476      AB03346A 
 476      1F6F2F4F 
 476      17ADAF9B 
 476      87DA
 477 0d09 CBCFF7EF 		.ascii	"\313\317\367\357_\357\247\204\264.*_\225\323\253\235"
 477      5FEFA784 
 477      B42E2A5F 
 477      95D3AB9D 
 478 0d19 3C35ED66 		.ascii	"<5\355f?Og_7/\317wD\221\330\301\036|\264~\263\343+>"
 478      3F4F675F 
 478      372FCF77 
 478      4491D8C1 
 478      1E7CB47E 
 479 0d31 2A3F3546 		.ascii	"*?5FE\243\373V\035\032\352\034\022\250\263\363\330\244"
 479      45A3FB56 
 479      1D1AEA1C 
 479      12A8B3F3 
 479      D8A4
 480 0d43 F5D0A8B5 		.ascii	"\365\320\250\265\236^\304\260H\322\250]\355y\311\315"
 480      9E5EC4B0 
 480      48D2A85D 
 480      ED79C9CD 
 481 0d53 DD5DABD2 		.ascii	"\335]\253\322\270:\360\242\006\270\020N\202L\370\273"
 481      B83AF0A2 
 481      06B8104E 
 481      824CF8BB 
 482 0d63 C004DEE4 		.ascii	"\300\004\336\344e\236\347&?\237/\004\013\300\2260\375"
 482      659EE726 
 482      3F9F2F04 
 482      0BC09630 
 482      FD
 483 0d74 E56A24B5 		.ascii	"\345j$\265;\200\242\314\317y\213J\363\256\230\250F\347"
 483      3B80A2CC 
 483      CF798B4A 
 483      F3AE98A8 
 483      46E7
 484 0d86 1FE816BC 		.ascii	"\037\350\026\2743\\\257\321m\013\"\330\007;\375a:\037"
 484      335CAFD1 
 484      6D0B22D8 
 484      073BFD61 
 484      3A1F
 485 0d98 BEFFBAB1 		.ascii	"\276\377\272\261\257\303\203\003\364A!\301\000|E\336"
 485      AFC38303 
 485      F44121C1 
 485      007C45DE 
 486 0da8 83C830B0 		.ascii	"\203\3100\260\033 \221\272{y\272ZA\321\374\363\307Z"
 486      1B2091BA 
 486      7B79BA5A 
 486      41D1FCF3 
 486      C75A
 487 0dba BD8D56CB 		.ascii	"\275\215V\313\277\375bUGJ\350U\177\027\240\333Il*`*"
 487      BFFD6255 
 487      474AE855 
 487      7F17A0DB 
 487      496C2A60 
 488 0dcf EA3F4264 		.ascii	"\352?Bd<\325k\330+\204E\355\252r7\246\300\321\034&!"
ARM GAS  C:\cygwin\tmp\cc4acGNA.s 			page 39


 488      3CD56BD8 
 488      2B8445ED 
 488      AA7237A6 
 488      C0D11C26 
 489 0de4 D2AA5C5C 		.ascii	"\322\252\\\\4\244(,t}\246r\367S\363c|\334U$\321\352"
 489      34A4282C 
 489      747DA672 
 489      F753F363 
 489      7CDC5524 
 490 0dfa CFDC9C21 		.ascii	"\317\334\234!P*7w?\215\372'\254K\345\374\251\247\327"
 490      502A3777 
 490      3F8DFA27 
 490      AC4BE5FC 
 490      A9A7D7
 491 0e0d E7EE6A17 		.ascii	"\347\356j\027W\365\033be\022\336\2373\300C\355\341\245"
 491      57F51B62 
 491      6512DE9F 
 491      33C043ED 
 491      E1A5
 492 0e1f F942EBAD 		.ascii	"\371B\353\255\322\270\371~\301\352\203\357qU\371\252"
 492      D2B8F97E 
 492      C1EA83EF 
 492      7155F9AA 
 493 0e2f 3F57912E 		.ascii	"?W\221.\337-\324\256\332e\235y\217\257\253/\337\361"
 493      DF2DD4AE 
 493      DA659D79 
 493      8FAFAB2F 
 493      DFF1
 494 0e41 EEAA1514 		.ascii	"\356\252\025\024\032\242\017\201\374\274g\014\330f\210"
 494      1AA20F81 
 494      FCBC670C 
 494      D86688
 495 0e50 EF0AA9F9 		.ascii	"\357\012\251\371\350\037V\327zk\227\320\355\252\323"
 495      E81F56D7 
 495      7A6B97D0 
 495      EDAAD3
 496 0e5f 7BBBF8F9 		.ascii	"{\273\370\371\004\007n\012\377z\255\021\365\321\351"
 496      04076E0A 
 496      FF7AAD11 
 496      F5D1E9
 497 0e6e 5D74617A 		.ascii	"]tazU``\250.,l\235\030g\332\356\272\340m\372\355\322"
 497      556060A8 
 497      2E2C6C9D 
 497      1867DAEE 
 497      BAE06DFA 
 498 0e84 4D5E5EEE 		.ascii	"M^^\356Vd\313\372\035\315)\377\266\346;A\337\033\312"
 498      5664CBFA 
 498      1DCD29FF 
 498      B6E63B41 
 498      DF1BCA
 499 0e97 9EAE7FEF 		.ascii	"\236\256\177\357\2200\275\243\221\323\347\376A@\345"
 499      9030BDA3 
 499      91D3E7FE 
 499      4140E5
 500 0ea6 DB7070B1 		.ascii	"\333pp\2619(8(l\373O\215#4\341\301\032]\230\257\377"
 500      39283828 
 500      6CFB4F8D 
ARM GAS  C:\cygwin\tmp\cc4acGNA.s 			page 40


 500      2334E1C1 
 500      1A5D98AF 
 501 0ebb 7FEA68EE 		.ascii	"\177\352h\356CCC\350\"\261!1\363\364\202\310\362o\260"
 501      434343E8 
 501      22B12131 
 501      F3F482C8 
 501      F26FB0
 502 0ece 38E89B9B 		.ascii	"8\350\233\233'd\321\226\274y\303\206*\356\367\221\323"
 502      2764D196 
 502      BC79C386 
 502      2AEEF791 
 502      D3
 503 0edf 7E2F257D 		.ascii	"~/%}\270\273\373\370B\300\251 ,\227\267W\213\367+\253"
 503      B8BBFBF8 
 503      42C0A920 
 503      2C97B757 
 503      8BF72BAB 
 504 0ef3 751B8D9F 		.ascii	"u\033\215\237\363\246\267v\206\356\022\210}l,\315\277"
 504      F3A6B776 
 504      86EE1288 
 504      7D6C2CCD 
 504      BF
 505 0f04 FB4E54C5 		.ascii	"\373NT\305dZna\233BC\374\003\003\000\373?4\345\016\214"
 505      645A6E61 
 505      9B4243FC 
 505      030300FB 
 505      3F34E50E 
 506              		.text
 507              		.section	.gnu.lto_.symtab.652be4d3,"",%progbits
 508 0000 654D424D 		.ascii	"eMBMasterReqReadInputRegister\000\000\000\000\000\000"
 508      61737465 
 508      72526571 
 508      52656164 
 508      496E7075 
 509 0023 00000000 		.ascii	"\000\000\000\000\000\000\007\001\000\000eMBMasterFu"
 509      00000701 
 509      0000654D 
 509      424D6173 
 509      74657246 
 510 0038 6E635265 		.ascii	"ncReadInputRegister\000\000\000\000\000\000\000\000"
 510      6164496E 
 510      70757452 
 510      65676973 
 510      74657200 
 511 0053 00000000 		.ascii	"\000\000\000\000-\001\000\000vMBMasterGetPDUSndBuf\000"
 511      2D010000 
 511      764D424D 
 511      61737465 
 511      72476574 
 512 0071 00020000 		.ascii	"\000\002\000\000\000\000\000\000\000\000\0002\001\000"
 512      00000000 
 512      00000032 
 512      0100
 513 007f 00764D42 		.ascii	"\000vMBMasterSetDestAddress\000\000\002\000\000\000"
 513      4D617374 
 513      65725365 
 513      74446573 
ARM GAS  C:\cygwin\tmp\cc4acGNA.s 			page 41


 513      74416464 
 514 009d 00000000 		.ascii	"\000\000\000\000\000\0006\001\000\000vMBMasterSetPD"
 514      00003601 
 514      0000764D 
 514      424D6173 
 514      74657253 
 515 00b5 55536E64 		.ascii	"USndLength\000\000\002\000\000\000\000\000\000\000\000"
 515      4C656E67 
 515      74680000 
 515      02000000 
 515      00000000 
 516 00ca 003A0100 		.ascii	"\000:\001\000\000xMBMasterPortEventPost\000\000\002"
 516      00784D42 
 516      4D617374 
 516      6572506F 
 516      72744576 
 517 00e8 00000000 		.ascii	"\000\000\000\000\000\000\000\000\000G\001\000\000eM"
 517      00000000 
 517      00470100 
 517      00654D
 518 00f7 424D6173 		.ascii	"BMasterWaitRequestFinish\000\000\002\000\000\000\000"
 518      74657257 
 518      61697452 
 518      65717565 
 518      73744669 
 519 0116 00000000 		.ascii	"\000\000\000\000\000J\001\000\000xMBMasterRunResTak"
 519      004A0100 
 519      00784D42 
 519      4D617374 
 519      65725275 
 520 0131 65000002 		.ascii	"e\000\000\002\000\000\000\000\000\000\000\000\000N\001"
 520      00000000 
 520      00000000 
 520      004E01
 521 0140 0000654D 		.ascii	"\000\000eMBMasterRegInputCB\000\000\002\000\000\000"
 521      424D6173 
 521      74657252 
 521      6567496E 
 521      70757443 
 522 015b 00000000 		.ascii	"\000\000\000\000\000\000j\001\000\000prveMBError2Ex"
 522      00006A01 
 522      00007072 
 522      76654D42 
 522      4572726F 
 523 0173 63657074 		.ascii	"ception\000\000\002\000\000\000\000\000\000\000\000"
 523      696F6E00 
 523      00020000 
 523      00000000 
 523      0000
 524 0185 006E0100 		.ascii	"\000n\001\000\000xMBMasterRequestIsBroadcast\000\000"
 524      00784D42 
 524      4D617374 
 524      65725265 
 524      71756573 
 525 01a7 02000000 		.ascii	"\002\000\000\000\000\000\000\000\000\000q\001\000\000"
 525      00000000 
 525      00007101 
ARM GAS  C:\cygwin\tmp\cc4acGNA.s 			page 42


 525      0000
 526              		.text
 527              		.section	.gnu.lto_.opts,"",%progbits
 528 0000 272D666E 		.ascii	"'-fno-trapv' '-mcpu=cortex-m4' '-mno-thumb-interwor"
 528      6F2D7472 
 528      61707627 
 528      20272D6D 
 528      6370753D 
 529 0033 6B272027 		.ascii	"k' '-mthumb' '-ggdb' '-O2' '-fomit-frame-pointer' '"
 529      2D6D7468 
 529      756D6227 
 529      20272D67 
 529      67646227 
 530 0066 2D66616C 		.ascii	"-falign-functions=16' '-ffunction-sections' '-fdata"
 530      69676E2D 
 530      66756E63 
 530      74696F6E 
 530      733D3136 
 531 0099 2D736563 		.ascii	"-sections' '-fno-common' '-flto'\000"
 531      74696F6E 
 531      73272027 
 531      2D666E6F 
 531      2D636F6D 
 532              		.text
 533              		.comm	__gnu_lto_v1,1,1
 534              		.comm	__gnu_lto_slim,1,1
 535              		.ident	"GCC: (GNU Tools for ARM Embedded Processors) 4.9.3 20141119 (release) [ARM/embedded-4_9-br
ARM GAS  C:\cygwin\tmp\cc4acGNA.s 			page 43


DEFINED SYMBOLS
                            *ABS*:00000000 mbfuncinput_m.c
                            *COM*:00000001 __gnu_lto_v1
                            *COM*:00000001 __gnu_lto_slim

NO UNDEFINED SYMBOLS
