ARM GAS  C:\cygwin\tmp\ccoT4ET3.s 			page 1


   1              		.syntax unified
   2              		.cpu cortex-m4
   3              		.fpu softvfp
   4              		.eabi_attribute 20, 1
   5              		.eabi_attribute 21, 1
   6              		.eabi_attribute 23, 3
   7              		.eabi_attribute 24, 1
   8              		.eabi_attribute 25, 1
   9              		.eabi_attribute 26, 1
  10              		.eabi_attribute 30, 2
  11              		.eabi_attribute 34, 1
  12              		.eabi_attribute 18, 4
  13              		.thumb
  14              		.file	"mbutils.c"
  15              		.text
  16              	.Ltext0:
  17              		.section	.gnu.lto_.profile.652bf5bf,"",%progbits
  18 0000 789C6366 		.ascii	"x\234cf```a\200\000F\006w#\000\0014\000\202"
  18      60606061 
  18      80004606 
  18      77230001 
  18      340082
  19              		.text
  20              		.section	.gnu.lto_.jmpfuncs.652bf5bf,"",%progbits
  21 0000 789C6366 		.ascii	"x\234cf\300\016\326\003\261)\020\263\2000\323G&\306"
  21      C00ED603 
  21      B12910B3 
  21      8030D347 
  21      26C6
  22 0012 8BEB36DE 		.ascii	"\213\3536\336c\226g\234\3330C\341'\023\003\003Pd\326"
  22      6396679C 
  22      DB3043E1 
  22      27130303 
  22      5064D6
  23 0025 FFD9EDAC 		.ascii	"\377\331\355\254\265\277\033f4p\374dbd\\\316(\317\300"
  23      B5BF1B66 
  23      3470FC64 
  23      62645CCE 
  23      28CFC0
  24 0038 C0B882B1 		.ascii	"\300\270\202\261\226\001\244\274\361\300\332\313\354"
  24      9601A4BC 
  24      F1C0DACB 
  24      EC
  25 0045 2F987E32 		.ascii	"/\230~21Y00\256d\224\002\013N\353\277\262\203\031\246"
  25      31593030 
  25      AE649402 
  25      0B4EEBBF 
  25      B28319A6 
  26 0059 83F92FD0 		.ascii	"\203\371/\320\030\006\306UP\015\263\177\237<\311'\257"
  26      1806C655 
  26      500DB37F 
  26      9F3CC927 
  26      AF
  27 006a 01319F05 		.ascii	"\0011\237\005d\376\327\357\317z9`\252Y\031W\203\315"
  27      64FED7EF 
  27      CF7A3960 
  27      AA591957 
ARM GAS  C:\cygwin\tmp\ccoT4ET3.s 			page 2


  27      83CD
  28 007c 5F0352CE 		.ascii	"_\003R\316\302\010\004\374\365@\300\300\314\014d\262"
  28      C20804FC 
  28      F540C0C0 
  28      CC0C64B2 
  29 008c 035920B1 		.ascii	"\003Y \261z\0065\267\242\324T\337\374\224\244\322b\375"
  29      7A0635B7 
  29      A2D454DF 
  29      FC94A4D2 
  29      62FD
  30 009e 5C089556 		.ascii	"\\\010\225V\232\227\\\222\231\237\007\024H*-\311\314"
  30      9A975C92 
  30      999F0714 
  30      482A2DC9 
  30      CC
  31 00af 29D64B66 		.ascii	")\326Kf\340-M\366s\312,)V\260\261U\260`\000\000}qJJ"
  31      E02D4DF6 
  31      73CA2C29 
  31      56B0B155 
  31      B0600000 
  32              		.text
  33              		.section	.gnu.lto_.inline.652bf5bf,"",%progbits
  34 0000 789C6D8F 		.ascii	"x\234m\217=\012\302@\024\204\347\275\375\311\032B\214"
  34      3D0AC240 
  34      1484E7BD 
  34      FDC91A42 
  34      8C
  35 0011 621584F5 		.ascii	"b\025\204\365\010\236\300\233\004l\342il\265J\021P\320"
  35      089EC09B 
  35      046CE269 
  35      6CB54A11 
  35      50D0
  36 0023 C2338885 		.ascii	"\3023\210\205\265\225\007H)XY\211`\341\376\244tafv_"
  36      B5950748 
  36      29585989 
  36      60E1FEA4 
  36      74616676 
  37 0038 F1BD5981 		.ascii	"\361\275Y\201\377\347\333\247\004\222\234\300\341\352"
  37      FFE7DBA7 
  37      04929CC0 
  37      E1EA
  38 0046 1D2A0F53 		.ascii	"\035*\017S\270\327\264$\315\253\027\323~\263=\251\007"
  38      B8D7B424 
  38      CDAB17D3 
  38      7EB33DA9 
  38      07
  39 0057 7F581BD0 		.ascii	"\177X\033\320\201Jp\035\203\000r\022NpJ{\214lm\201\354"
  39      814A701D 
  39      83007212 
  39      4E704A7B 
  39      8C6C6D81 
  40 006c 5ECD0CF8 		.ascii	"^\315\014\3706\\\032\310\306\026\301\347\301[2\030\237"
  40      365C1AC8 
  40      C616C1E7 
  40      C15B3218 
  40      9F
  41 007d D7CEB9B1 		.ascii	"\327\316\271\261&\254\245\324o\025\030\025$<\222{\244"
ARM GAS  C:\cygwin\tmp\ccoT4ET3.s 			page 3


  41      26ACA5D4 
  41      6F151815 
  41      243C927B 
  41      A4
  42 008e CABA0ABA 		.ascii	"\312\272\012\272\265\014sYHO6\336&\261\274V$\340\033"
  42      B50C7359 
  42      484F36DE 
  42      26B1BC56 
  42      24E01B
  43 00a1 BE77DD93 		.ascii	"\276w\335\223B\303\004tt\325P\307\240\370\233@\010\265"
  43      42C30474 
  43      74D550C7 
  43      A0F89B40 
  43      08B5
  44 00b3 F83A306E 		.ascii	"\370:0nP\000?\037L\"e"
  44      50003F1F 
  44      4C2265
  45              		.text
  46              		.section	.gnu.lto_.pureconst.652bf5bf,"",%progbits
  47 0000 789C6366 		.ascii	"x\234cf``\340d\200\000\026\006\021&)fV\026\006\000\002"
  47      6060E064 
  47      80001606 
  47      11262966 
  47      56160600 
  48 0015 4E004D   		.ascii	"N\000M"
  49              		.text
  50              		.section	.gnu.lto_xMBUtilSetBits.part.0.652bf5bf,"",%progbits
  51 0000 789C7594 		.ascii	"x\234u\224]L\024W\024\307\357\271wgYv\021i\237\032\322"
  51      5D4C1457 
  51      14C7EFB9 
  51      77675976 
  51      11699F1A 
  52 0015 041262D5 		.ascii	"\004\022b\325\264i\037\372b\032\033\015\017\355\223"
  52      B4691FFA 
  52      621A1B0D 
  52      0FED93
  53 0024 D6F4A14D 		.ascii	"\326\364\241M\2326\221\217%\241\265\2220;M\372\260\361"
  53      9A36918F 
  53      25A1B592 
  53      303B4DFA 
  53      B0F1
  54 0036 4A96404C 		.ascii	"J\226@L-\2044\355Z\262t[\374@\266,\240\026\220\252\035"
  54      2D8434ED 
  54      5AB2745B 
  54      FC40B62C 
  54      A01690AA 
  55 004b 858A8B45 		.ascii	"\205\212\213E\264\222\032\215\312\212\213\305\217\332"
  55      B4921A8D 
  55      CA8A8BC5 
  55      8FDA
  56 0059 22565895 		.ascii	"\"VX\225N\357\271wv\263\224\356&'w\356\314\371\375\377"
  56      4EEFB977 
  56      76B394EE 
  56      262777EE 
  56      CCF9FDFF 
  57 006d 67EF3933 		.ascii	"g\35793\214,\377=/\242]#d\267X\301A\2005\237\023\027"
  57      8C2CFF3D 
ARM GAS  C:\cygwin\tmp\ccoT4ET3.s 			page 4


  57      2FA25D23 
  57      64B758C1 
  57      4180359F 
  58 0083 0CA85C29 		.ascii	"\014\250\\)\001\262\203Q\330\001\267\351,\205f3\022"
  58      01B28351 
  58      D801B7E9 
  58      2C856633 
  58      12
  59 0094 F4ACDEC7 		.ascii	"\364\254\336\3079\377\353A\204o1!I\011\231\243J\011"
  59      39FFEB41 
  59      846F3121 
  59      490999A3 
  59      4A09
  60 00a6 0EC06A22 		.ascii	"\016\300j\"\222\"\363\023\323\371l-\340\365\331\251"
  60      9222F313 
  60      D3F96C2D 
  60      E0F5D9A9 
  61 00b6 85B9BC19 		.ascii	"\205\271\274\031\232\244P\200\333\257/M?d\270\245\024"
  61      9AA45080 
  61      DBAF2F4D 
  61      3F64B8A5 
  61      14
  62 00c7 B7B3D113 		.ascii	"\267\263\321\023{\235%\337r^\027\277se\253Y\027\346"
  62      7B9D25DF 
  62      725E17BF 
  62      7365AB59 
  62      17E6
  63 00d9 FF5896D0 		.ascii	"\377X\226\320d\320\001L\310\302A(\204N(\264K\025\304"
  63      64D0014C 
  63      C8C24128 
  63      844E28B4 
  63      4B15C4
  64 00ec C09F7B7A 		.ascii	"\300\237{z5\366\252\324\376\246md\024$\035\276\333\303"
  64      35F6AAD4 
  64      FEA66D64 
  64      14241DBE 
  64      DBC3
  65 00fe 3766D0DF 		.ascii	"7f\320\337g\241\277\374\314\352p\263\327$=6\036[p+\372"
  65      67A1BFFC 
  65      CCEA70B3 
  65      D7243D36 
  65      1E5B702B 
  66 0113 DE523A9A 		.ascii	"\336R:\232\205\2762\327?\304\330\233\222\276|j>\241"
  66      85BE32D7 
  66      3FC4D89B 
  66      92BE7C6A 
  66      3EA1
  67 0125 29FA8FA5 		.ascii	")\372\217\245tO\026z\341|C\313J\366\266\244o\354z\324"
  67      744F167A 
  67      E17C43CB 
  67      4AF6B6A4 
  67      6FEC7AD4 
  68 0139 96ABE8FB 		.ascii	"\226\253\350\373K\351CY\350\330\241\301.\027{O\322G"
  68      4BE94359 
  68      E8D8A1C1 
  68      2E177B4F 
  68      D247
ARM GAS  C:\cygwin\tmp\ccoT4ET3.s 			page 5


  69 014b 6EC7F752 		.ascii	"n\307\367Ruj\223SZ\220\007\342\226U\224\244\0168\242"
  69      756A9353 
  69      5A9007E2 
  69      965594A4 
  69      0E38A2
  70 015e E0970A61 		.ascii	"\340\227\012am\006\332\037\350>\356a\345\022\015E\023"
  70      6D06DA1F 
  70      E83EEE61 
  70      E5120D45 
  70      13
  71 016f DFB924CA 		.ascii	"\337\271$\312\277\342[\033M\313\332\200`\337\377\202"
  71      BFE25B1B 
  71      4DCBDA80 
  71      60DFFF82 
  72 017f BB1EB7FE 		.ascii	"\273\036\267\376\256\261\017%x\367\321\342-uZ<\310\303"
  72      AEB10F25 
  72      78F7D1E2 
  72      2D755A3C 
  72      C8C3
  73 0191 60930C06 		.ascii	"`\223\014\006\262\324k\335\230\250e\237H\364h\364\341"
  73      B2D46BDD 
  73      98A8659F 
  73      48F468F4 
  73      E1
  74 01a2 98478E40 		.ascii	"\230G\216@1n\007[\316\004\235r\004\034\270\235\232\267"
  74      316E075B 
  74      CE049D72 
  74      041CB89D 
  74      9AB7
  75 01b4 AEAD54C2 		.ascii	"\256\255T\302{x\230\332\302\032\014*\341\037\205\360"
  75      7B7898DA 
  75      C21A0C2A 
  75      E11F85F0 
  76 01c4 B14CE1D9 		.ascii	"\261L\341\331\300\342%\2173 &\260\000\"P\002]\"\272"
  76      C0E2258F 
  76      332026B0 
  76      00225002 
  76      5D22BA
  77 01d7 45F48A38 		.ascii	"E\364\2128,\342\007\021\375\"\216\2128\016%j8\341\004"
  77      2CE20711 
  77      FD228E8A 
  77      380E256A 
  77      38E104
  78 01ea 388110F7 		.ascii	"8\201\020\367\242P\374O\202\204zm\021\024\023\242\335"
  78      A250FC4F 
  78      82847A6D 
  78      111413A2 
  78      DD
  79 01fb CF726E59 		.ascii	"\317rnY\007\"\214\021\222\020<\276\011\323\224\341\312"
  79      07228C11 
  79      92103CBE 
  79      09D394E1 
  79      CA
  80 020c 7E83BA67 		.ascii	"~\203\272g\260\216\221\341\301c\332\232\375\242\216"
  80      B08E91E1 
  80      C163DA9A 
  80      FDA28E
ARM GAS  C:\cygwin\tmp\ccoT4ET3.s 			page 6


  81 021b 7068BADE 		.ascii	"ph\272\336!\232\347\260\213\204\237`\215H\350\271\337"
  81      219AE7B0 
  81      8B849F60 
  81      8D48E8B9 
  81      DF
  82 022c 520FABDA 		.ascii	"R\017\253\332\261K3\327\337\3077\305n\020\330\347\214"
  82      B14B33D7 
  82      DFC737C5 
  82      6E10D8E7 
  82      8C
  83 023d 0498B08A 		.ascii	"\004\230\260\212\010\311\002U\227 \311r\203xh\337\325"
  83      08C90255 
  83      9720C972 
  83      837868DF 
  83      D5
  84 024e 8DAE0C83 		.ascii	"\215\256\014\203\223\322\240)\320y8_\031L>\375@\031"
  84      93D2A029 
  84      D079385F 
  84      194C3EFD 
  84      4019
  85 0260 F42D3338 		.ascii	"\364-38\2256\300?}2\303`f\264\323\314K\031\304\321\200"
  85      9536C03F 
  85      7D32C360 
  85      66B4D3CC 
  85      4B19C4D1 
  86 0275 A50C86A4 		.ascii	"\245\014\206\244\301\257w\356\265S\333\240\257\314\244"
  86      C1AF77EE 
  86      B553DBA0 
  86      AFCCA4
  87 0284 E97E43BA 		.ascii	"\351~C\272\337\310\300p\332\002\317t(\303\342\362\351"
  87      DFC8C070 
  87      DA02CF74 
  87      28C3E2F2 
  87      E9
  88 0295 E14E4FCA 		.ascii	"\341NO\312\"\201\026Z\312\342gi1\323\337\270?e\361\240"
  88      2281165A 
  88      CAE26769 
  88      31D3DFB8 
  88      3F65F1A0 
  89 02a9 D274A43B 		.ascii	"\322t\244;\017\351\316#\003\247\323\026\3302\301\022"
  89      0FE9CE23 
  89      03A7D316 
  89      D832C112 
  90 02b9 EC08951D 		.ascii	"\354\010\225\035\271\012\015\215\3657_\304\036\243g"
  90      B90A0D8D 
  90      F5375FC4 
  90      1EA367
  91 02c8 DBC5CFA3 		.ascii	"\333\305\317\243\324\377\2047ra\347\234\023I\004F\300"
  91      D4FF8437 
  91      7261E79C 
  91      13490446 
  91      C0
  92 02d9 8F8F2E44 		.ascii	"\217\217.D{\257\263\"\032\342\301\342$\315\221\337#"
  92      7BAFB322 
  92      1AE2C1E2 
  92      24CD91DF 
  92      23
ARM GAS  C:\cygwin\tmp\ccoT4ET3.s 			page 7


  93 02ea ABB54113 		.ascii	"\253\265A\023\311A\216\347\347\2023P$u \006~\361x\247"
  93      C9418EE7 
  93      E7823350 
  93      24752006 
  93      7EF178A7 
  94 02fe D9753107 		.ascii	"\331u1\007g5w\035\201Q(\304OH\323\304\000\223\204\220"
  94      6735771D 
  94      815128C4 
  94      4F48D3C4 
  94      00938490 
  95 0312 C7819253 		.ascii	"\307\201\222S9\231\030\277\340\302D\267\334\036l\372"
  95      399918BF 
  95      E0C244B7 
  95      DC1E6CFA 
  96 0322 620042D0 		.ascii	"b\000B\320\272\263\031\263<p\026\374\360\013N1~\265"
  96      BAB319B3 
  96      3C7016FC 
  96      F00B4E31 
  96      7EB5
  97 0334 121D418F 		.ascii	"\022\035A\217\262\324D>\214\211D\345yNz\266>\211\305"
  97      B2D4443E 
  97      8C8944E5 
  97      794E7AB6 
  97      3E89C5
  98 0347 F28B38A8 		.ascii	"\362\2138\250*\363\020\371{\376\326n\227@\236K\322\025"
  98      2AF310F9 
  98      7BFED66E 
  98      97409E4B 
  98      D215
  99 0359 309E2AF1 		.ascii	"0\236*\361<\370\2234\237\340\210\202\034QB^x\243\326"
  99      3CF89334 
  99      9FE08882 
  99      1C51425E 
  99      78A3D6
 100 036c EBDD5453 		.ascii	"\353\335TSYn\350\257|\254\226*c{\205\257\272f\273\270"
 100      596EE8AF 
 100      7CAC962A 
 100      637B85AF 
 100      BA66BBB8 
 101 0380 516EF8AA 		.ascii	"Qn\370\252\267\351/W\220\\C\177\267\246\266\262\324"
 101      B7E92F57 
 101      905C437F 
 101      B7A6B6B2 
 101      D4
 102 0391 A8721AFA 		.ascii	"\250r\032\372\2462\375\243<C/\375\324\347}\253\252J"
 102      A632FDA3 
 102      3C432FFD 
 102      D4E77DAB 
 102      AA4A
 103 03a3 F7FADC86 		.ascii	"\367\372\334\206\276yK\255\267\264\332\247\347\030\372"
 103      BE794BAD 
 103      B7B4DAA7 
 103      E718FA
 104 03b2 3B65DB0C 		.ascii	";e\333\014o\216Q\221Z7\343}\217\310\257\366\251\364"
 104      6F8E5191 
 104      5A37E37D 
 104      8FC8AFF6 
ARM GAS  C:\cygwin\tmp\ccoT4ET3.s 			page 8


 104      A9F4
 105 03c4 5CA30259 		.ascii	"\\\243\002Y!\266\302~Z\274\376\365\342u\344_\345\202"
 105      21B6C27E 
 105      5ABCFEF5 
 105      E275E45F 
 105      E582
 106 03d6 2550     		.ascii	"%P"
 107              		.text
 108              		.section	.gnu.lto_xMBUtilSetBits.652bf5bf,"",%progbits
 109 0000 789C8D55 		.ascii	"x\234\215U[LTW\024=\373\336\231a^\274\321\300\250\200"
 109      5B4C5457 
 109      143DFBDE 
 109      99615EBC 
 109      D1C0A880 
 110 0014 3CC5DAF6 		.ascii	"<\305\332\366\243\177\375\221\360a\277|\244i\3324\361"
 110      A37FFD91 
 110      F061BF7C 
 110      A469DA34 
 110      F1
 111 0025 43C52121 		.ascii	"C\305!!UI\230\031Z\222Z.\217\2025\266%\244E\036\005"
 111      55499819 
 111      5A925A2E 
 111      8F8235B6 
 111      25A4451E 
 112 003a 6D7C5150 		.ascii	"m|QP@\004\021|tD*\202\005\324Zh)\245\322BJ}\320R\010"
 112      4004117C 
 112      74442A82 
 112      05D45A68 
 112      29A5D242 
 113 0053 0CB43ADD 		.ascii	"\014\264:\335\373\234;\344\"!\351\204\331w\316\276k"
 113      FB9C3BE4 
 113      2221E984 
 113      D977CEBE 
 113      6B
 114 0064 ADB3CF3A 		.ascii	"\255\263\317:\373\034d\266\374\263\011\277o\230\030"
 114      FB1C64B6 
 114      FCB309BF 
 114      6F9818
 115 0073 CBC127E8 		.ascii	"\313\301'\350\031H\305}\214\345\032%I\3261\305\254;"
 115      1948C57D 
 115      8CE51A25 
 115      49D631C5 
 115      AC3B
 116 0085 8223C52A 		.ascii	"\202#\305*3\035\000\275`\300r\360\015\344\300\037\322"
 116      331D00BD 
 116      60C072F0 
 116      0DE4C01F 
 116      D2
 117 0096 9404C5EE 		.ascii	"\224\004\305\356\2722K\342)EQ\376\372\273N\331\341\206"
 117      BA324BE2 
 117      294551FE 
 117      FABB4ED9 
 117      E186
 118 00a8 7989B169 		.ascii	"y\211\261iI(\303\031HD\214w\364~\246\234\004\014\177"
 118      4928C319 
 118      48448C77 
 118      F47EA69C 
ARM GAS  C:\cygwin\tmp\ccoT4ET3.s 			page 9


 118      040C7F
 119 00bb B6D5CFF4 		.ascii	"\266\325\317\364Z&\244y\011\242i\330^r\253\314@CIG\303"
 119      5A26A479 
 119      09A269D8 
 119      5E72ABCC 
 119      40434947 
 120 00d0 89D643A7 		.ascii	"\211\326C\247\245\370\023\212\222\347nkR\222u\363\222"
 120      A5F8138A 
 120      92E76E6B 
 120      529275F3 
 120      92
 121 00e1 0C3520A3 		.ascii	"\0145 \243\034|\0056\250\005\033\303\024\203:\210G\364"
 121      1C7C0536 
 121      A8051BC3 
 121      14833A88 
 121      47F4
 122 00f3 E185CADF 		.ascii	"\341\205\312\337\365\362+\\\367\366\257\236i+\327\015"
 122      F5F22B5C 
 122      F7F6AF9E 
 122      692BD70D 
 123 0103 A261C5E0 		.ascii	"\242a\305\340\370\214\314u%\032\336{\370\370\204\252"
 123      F88CCC75 
 123      251ADE7B 
 123      F8F884AA 
 124 0113 FB53A392 		.ascii	"\373S\243\222\214y\035\234\025\272\347P\267\236\353"
 124      8C791D9C 
 124      15BAE750 
 124      B79EEB
 125 0122 EA183470 		.ascii	"\352\0304p\335\326\202\206\253\026y3\327\375\264\240"
 125      DDD68286 
 125      AB167933 
 125      D7FDB4A0 
 126 0132 F6428060 		.ascii	"\366B\200`>\253W\222quzh\024\314M6H\"\036:v\236\363"
 126      3EAB5792 
 126      71757A68 
 126      14CC4D36 
 126      48221E3A 
 127 0149 BA9BDACF 		.ascii	"\272\233\332\317\031\345\3278\257q\262\344C\340\274"
 127      19E5D738 
 127      AF71B2E4 
 127      43E0BC
 128 0158 0713233B 		.ascii	"\007\023#;\335\234\327\264\214w\001\342\011\\7w\177"
 128      DD9CD7B4 
 128      8C7701E2 
 128      095C3777 
 128      7F
 129 0169 3C40DECE 		.ascii	"<@\336\316\211S\365\327N\032b\277$\342\303\241]\356"
 129      8953F5D7 
 129      4E1A62BF 
 129      24E2C3A1 
 129      5DEE
 130 017b BCE3CA33 		.ascii	"\274\343\3123\257\027\250\340\346\245\005\213\0172."
 130      AF17A8E0 
 130      E6A5058B 
 130      0F322E
 131 018a FD597E5E 		.ascii	"\375Y~^/\277\315\331\307\252\273z\200\263\217?\302\205"
 131      2FBFCDD9 
ARM GAS  C:\cygwin\tmp\ccoT4ET3.s 			page 10


 131      C7AABB7A 
 131      80B38F3F 
 131      C285
 132 019c 6AD81757 		.ascii	"j\330\027W`\227\036\361\326\230\345]\234\335\333\337"
 132      60971EF1 
 132      D698E55D 
 132      9CDDDBDF 
 133 01ac ED310BF6 		.ascii	"\3551\013\366\343\245\354K+\260\207\246[o\310\362~\316"
 133      E3A5EC4B 
 133      2BB087A6 
 133      5B6FC8F2 
 133      7ECE
 134 01be FEB1636E 		.ascii	"\376\261cnL/\330O\226\262\333W`{\356\024\225\004\312"
 134      4C2FD84F 
 134      96B2DB57 
 134      607BEE14 
 134      9504CA
 135 01d1 EF71F6E8 		.ascii	"\357q\366\350\341\331j\223`O.e_Y\201=U\360t\320b(\300"
 135      E1D96A93 
 135      604F2E65 
 135      5F59813D 
 135      55F074D0 
 136 01e8 CE0B8216 		.ascii	"\316\013\202\026\210\205V\374\266\341\3672~\257B\354"
 136      888556FC 
 136      B6E1F732 
 136      7EAF42EC 
 137 01f8 535F1FC2 		.ascii	"S_\037\30250\000\303\366}\016\324\020\342V\274\336\351"
 137      353000C3 
 137      F67D0ED4 
 137      10E256BC 
 137      DEE9
 138 020a E6EB0386 		.ascii	"\346\353\003\206\027\001h/$\240\235\224\201\372\000"
 138      1701682F 
 138      24A09D94 
 138      81FA00
 139 0219 BB01717A 		.ascii	"\273\001qz\334'\203\201\021\334\017\177\372\031)\230"
 139      DC278381 
 139      11DC0F7F 
 139      FA192998 
 140 0229 28982958 		.ascii	"(\230)X(X\011\343\317H:\200\306\201\030\214A\024\202"
 140      285809E3 
 140      CF483A80 
 140      C681188C 
 140      411482
 141 023c 29845008 		.ascii	")\204P\010\245\027a\024V\001u\357j\352\343p\014\246"
 141      A5176114 
 141      560175EF 
 141      6AEAE370 
 141      0CA6
 142 024e 080C126F 		.ascii	"\010\014\022o\35354\\K\230u\024\"1\230\243(DSXO!\206"
 142      EB35345C 
 142      4B987514 
 142      223198A3 
 142      28445358 
 143 0265 422C8538 		.ascii	"B,\2058\012\361\024\022\030-,\221\310IT\311F\372\305"
 143      0AF11412 
 143      182D2C91 
ARM GAS  C:\cygwin\tmp\ccoT4ET3.s 			page 11


 143      C84954C9 
 143      46FAC5
 144 0278 D8182E9D 		.ascii	"\330\030.\235\216\3538\236\000|\312\003\220\347\376"
 144      8EEB389E 
 144      007CCA03 
 144      90E7FE
 145 0287 B905B819 		.ascii	"\271\005\270\031\350\016\372W\331[\363\221.\373]\264"
 145      E80EFA57 
 145      D95BF391 
 145      2EFB5DB4 
 146 0297 784EE279 		.ascii	"xN\342y\006_C6\373\036\012\372\362\177{\201\022s\022"
 146      065F4336 
 146      FB1E0AFA 
 146      F27F7B81 
 146      127312
 147 02aa 9DF0939F 		.ascii	"\235\360\223\237\227\236\325\323Y2\031\031\270\325\035"
 147      979ED5D3 
 147      59321919 
 147      B8D51D
 148 02b9 18C763A8 		.ascii	"\030\307c\250#\321 \002\322\356\337\354\254\265l8\215"
 148      23D12002 
 148      D2EEDFEC 
 148      ACB56C38 
 148      8D
 149 02ca BBF1A0EA 		.ascii	"\273\361\240\352\324X\262\221\316\251z\011\\\207\015"
 149      D458B291 
 149      CEA97A09 
 149      5C870D
 150 02d9 73D22AA6 		.ascii	"s\322*\246\001O\364\324\272\255\034\254\224\025\353"
 150      014FF4D4 
 150      BAAD1CAC 
 150      9415EB
 151 02e8 E8E8A9D0 		.ascii	"\350\350\251\320\016\202\312ZhWg\373\025\275\200\036"
 151      0E82CA5A 
 151      685767FB 
 151      15BD801E 
 152 02f8 25A8DE07 		.ascii	"%\250\336\007\275AP\351\177A;\011\012l\030\3629\224"
 152      BD4150E9 
 152      7F413B09 
 152      0A6C18F2 
 152      3994
 153 030a 9AA7FABB 		.ascii	"\232\247\372\273O\352\245\203\377(\207\024\254\3242"
 153      4FEAA583 
 153      FF288714 
 153      ACD432
 154 0319 8D6F197C 		.ascii	"\215o\031|\003\007\321;+_\235\216\341\265'\017A\376"
 154      0307D13B 
 154      2B5F9D8E 
 154      E1B5270F 
 154      41FE
 155 032b 17859367 		.ascii	"\027\205\223g\364\302\014\364I\326\372a@?n\242\037\003"
 155      F4C20CF4 
 155      49D6FA61 
 155      403F6EA2 
 155      1F03
 156 033d 20715BB1 		.ascii	" q[\261_\020\304\220TZ\330\021.8z\314p\020f?+\354\224"
 156      5F10C490 
ARM GAS  C:\cygwin\tmp\ccoT4ET3.s 			page 12


 156      545AD811 
 156      2E387ACC 
 156      7010663F 
 157 0354 4416FF64 		.ascii	"D\026\377d|\267\310\274LL\003b\362F\212F\312^\025 ?"
 157      7CB7C8BC 
 157      4C4C0362 
 157      F2468A46 
 157      CA5E1520 
 158 0369 AA99527E 		.ascii	"\252\231R~bl\024\220\374a\203\030\2338\304\270(\"v\265"
 158      626C1490 
 158      FC618318 
 158      9B38C4B8 
 158      282276B5 
 159 037d F7E3EA8B 		.ascii	"\367\343\352\213\246,'\337U\223\330\325.\310\022\322"
 159      A62C27DF 
 159      5593D8D5 
 159      2EC812D2 
 160 038d B365EF0B 		.ascii	"\263e\357\013\252\231\234\323HY \316\206YB\375P4\003"
 160      AA999CD3 
 160      485920CE 
 160      865942FD 
 160      503403
 161 03a0 2269C53C 		.ascii	"\"i\305<\201J\012\307\324\214?&q\212\243\217<\315Fn"
 161      814A0AC7 
 161      D48C3F26 
 161      718AA38F 
 161      3CCD466E 
 162 03b4 80D78B97 		.ascii	"\200\327\213\227\361-\215\005\255\264\020\1771\333\202"
 162      F12D8D05 
 162      ADB4107F 
 162      31DB82
 163 03c3 6A41C062 		.ascii	"jA\300bfL\026\231@\332c\236\031V\255\015\362\031\247"
 163      664C1699 
 163      40DA639E 
 163      1956AD0D 
 163      F219A7
 164 03d6 16148C29 		.ascii	"\026\024\214)\255\325F\264\272\333\347\242O&\204+\005"
 164      ADD546B4 
 164      BADBE7A2 
 164      4F26842B 
 164      05
 165 03e7 ABDA6A8D 		.ascii	"\253\332j\215\241\230\327.-\214\027\020\252\255\360"
 165      A198D72E 
 165      2D8C1710 
 165      AAADF0
 166 03f6 3997C284 		.ascii	"9\227\302\204K=\334\245\374\262\302\201r\247\240\256"
 166      4B3DDCA5 
 166      FCB2C281 
 166      72A7A0AE 
 167 0406 C6AEC53A 		.ascii	"\306\256\305:H\177\326,R\341\310\375e\254\377._\276"
 167      487FD62C 
 167      52E1C8FD 
 167      65ACFF2E 
 167      5FBE
 168 0418 CCAFA116 		.ascii	"\314\257\241\026\317\261'\376UPIW<r\3406\235\020\370"
 168      CFB127FE 
 168      55504957 
ARM GAS  C:\cygwin\tmp\ccoT4ET3.s 			page 13


 168      3C72E036 
 168      9D10F8
 169 042b 16AA807A 		.ascii	"\026\252\200zS\331\314gmYv\342\302\305\254\275x\342"
 169      53D9CC67 
 169      6D5976E2 
 169      C2C5ACBD 
 169      78E2
 170 043d B8C723E5 		.ascii	"\270\307#\345Yb\212\010\234\222\376AP-\352\032l\274"
 170      59628A08 
 170      9C92FE41 
 170      502DEA1A 
 170      6CBC
 171 044f 90086D21 		.ascii	"\220\010m!k\226\315lSg\356\243\231\271%3\252\271k\021"
 171      6B96CD6C 
 171      5367EEA3 
 171      99B92533 
 171      AAB96B11 
 172 0463 AEB5641D 		.ascii	"\256\265d\035\246\264\346\342\255\006\375\334\\\334"
 172      A6B4E6E2 
 172      AD06FDDC 
 172      5CDC
 173 0471 FD7F551F 		.ascii	"\375\177U\037#\021\247\355\276(,\231DfT\221h\016\211"
 173      2311A7ED 
 173      BE282C99 
 173      44665491 
 173      680E89
 174 0484 5AF475F9 		.ascii	"Z\364u\371\012\243\305\012\357\360\025R\367\225\277"
 174      0AA3C50A 
 174      EFF01552 
 174      F795BF
 175 0493 2EA8EBD1 		.ascii	".\250\353\321sJ-\250R1\230\"i\217:\216\345\3521\332"
 175      734A2DA8 
 175      52319822 
 175      698F3A8E 
 175      E5EA31DA 
 176 04a7 D9E3B099 		.ascii	"\331\343\260\231\265\263\307sT\234\020\366\225\234\200"
 176      B5B3C773 
 176      549C10F6 
 176      959C80
 177 04b6 796D3D98 		.ascii	"ym=\230\021k\352\253\370@ \022\011\201\251\222\321H"
 177      116BEAAB 
 177      F8402012 
 177      0981A992 
 177      D148
 178 04c8 F5CEF079 		.ascii	"\365\316\360y\230\253(\356\310%;x\027}D\006\315:R8P"
 178      98AB28EE 
 178      C8253B78 
 178      177D4406 
 178      CD3A5238 
 179 04dd 51AA4E92 		.ascii	"Q\252N\222\204\252\213n\251\325m\304\264\220\215[Q\326"
 179      84AA8B6E 
 179      A9D56DC4 
 179      B4908D5B 
 179      51D6
 180 04ef B73DF7B8 		.ascii	"\267=\367\270\354F6\002\271\356\301-\334\"F\2675\320"
 180      EC463602 
 180      B9EEC12D 
ARM GAS  C:\cygwin\tmp\ccoT4ET3.s 			page 14


 180      DC2246B7 
 180      35D0
 181 0501 85837776 		.ascii	"\205\203wv\302\226L\273}k\306\336=.\307\313\373\305"
 181      C2964CBB 
 181      7D6BC6DE 
 181      3D2EC7CB 
 181      FBC5
 182 0513 23CD7520 		.ascii	"#\315u \325\231\236q\000\023{\\\316\364}\216\227R\231"
 182      D5999E71 
 182      00137B5C 
 182      CEF47D8E 
 182      975299
 183 0526 C9959A92 		.ascii	"\311\225\232\222\355\264\247\270\322,.GJ\272s{Z\232"
 183      EDB4A7B8 
 183      D22C2E47 
 183      4ABA737B 
 183      5A9A
 184 0538 C3EEF473 		.ascii	"\303\356\364s\245n\303\201\003\237o\356\336\347\262"
 184      A56EC381 
 184      039F6FEE 
 184      DEE7B2
 185 0547 9B5C8EB7 		.ascii	"\233\\\216\26722\367\"\312\340rl\335\355x\307\212`\244"
 185      3232F722 
 185      CAE0726C 
 185      DDED78C7 
 185      8A60A4
 186 055a 09B4D9E5 		.ascii	"\011\264\331\345\330\266#\323.\010\016N\370\017\267"
 186      D8B623D3 
 186      2E080E4E 
 186      F80FB7
 187 0569 904083   		.ascii	"\220@\203"
 188              		.text
 189              		.section	.gnu.lto_xMBUtilGetBits.652bf5bf,"",%progbits
 190 0000 789C7553 		.ascii	"x\234uSkL\024W\024\276\347\336\235\331\247\313\212\""
 190      6B4C1457 
 190      14BEE7DE 
 190      9DD9A7CB 
 190      8A22
 191 0012 B0806D42 		.ascii	"\260\200mB)1i\352\017\377\371G\302\017\373K\333&M\364"
 191      293169EA 
 191      0FFFF947 
 191      C20FFB4B 
 191      DB264DF4 
 192 0026 AFE29290 		.ascii	"\257\342\222\220ZI\230\2356$&\216\260\256\317\304G\224"
 192      5A49989D 
 192      3624268E 
 192      B0AECFC4 
 192      4794
 193 0038 AA88B6C1 		.ascii	"\252\210\266\301V|\201\212\010\013j\251\232\326j\201"
 193      567C818A 
 193      080B6AA9 
 193      9AD66A81 
 194 0048 F888A835 		.ascii	"\370\210\2505h\011\304g\253\204\215\273\230\226\365"
 194      6809C467 
 194      AB848DBB 
 194      9896F5
 195 0057 9C7B47B3 		.ascii	"\234{G\263\253a\263sg\3167\337\367\235s\317=#\330\373"
ARM GAS  C:\cygwin\tmp\ccoT4ET3.s 			page 15


 195      AB61B373 
 195      67CE37DF 
 195      F79D73CF 
 195      3D23D8FB 
 196 006b BF205EB7 		.ascii	"\277 ^\2675\306\252\361\016\202\001\337\326\317\330"
 196      35C6AAF1 
 196      0E8201DF 
 196      D6CFD8
 197 007a 5A1707A0 		.ascii	"Z\027\007\240\007\006l\015\2075\360\230\217q\37036y"
 197      07066C0D 
 197      8735F098 
 197      8F71F833 
 197      3679
 198 008c 034A7FB2 		.ascii	"\003J\177\262\254\272\027\303\035\227\274\353\362&8"
 198      ACBA17C3 
 198      1D97BCEB 
 198      F22638
 199 009b 63E39CC1 		.ascii	"c\343\234\301'A\230C>p\010J\221\227\372\373f\215\230"
 199      27419843 
 199      3E70084A 
 199      9197FAFB 
 199      668D98
 200 00ae 030C1F63 		.ascii	"\003\014\037c\255\361>\357#>\301\341C\012\273w\\\336"
 200      ADF13EEF 
 200      233EC1E1 
 200      430ABB77 
 200      5CDE
 201 00c0 AD53C81D 		.ascii	"\255S\310\035\024>\352\334\3603/iF\303\336\330)\253"
 201      143EEADC 
 201      F0332F69 
 201      46C3DED8 
 201      29AB
 202 00d2 CC31C105 		.ascii	"\3141\301\005\264\200 \313\303\020\204#\020d\01018\012"
 202      B48020CB 
 202      C3108423 
 202      10640831 
 202      380A
 203 00e4 25C8DEF4 		.ascii	"%\310\336\364\252\361\241&\346I\337\253\303\311q\237"
 203      AAF1A126 
 203      E649DFAB 
 203      C3C9719F 
 204 00f4 F40D50B8 		.ascii	"\364\015P\270wp4.\244/\247\360\372\223g\315\266\357"
 204      7770342E 
 204      A42FA7F0 
 204      FA9367CD 
 204      B6EF
 205 0106 5F27AC32 		.ascii	"_'\2542\304\035pL\371\036G\337V\351\353`\320&};#m\347"
 205      C41D704C 
 205      F91E47DF 
 205      56E9EB60 
 205      D0267D3B 
 206 011d BC6281F4 		.ascii	"\274b\201\364\335\0329\322\356W\312\311V\253\014p\207"
 206      DD1A39D2 
 206      EE57CAC9 
 206      56AB0C70 
 206      87
 207 012e 704229D5 		.ascii	"pB)\325&i\313p\022J\210|4qs\324/>\223\302\261\326\363"
ARM GAS  C:\cygwin\tmp\ccoT4ET3.s 			page 16


 207      2669CB70 
 207      124A887C 
 207      347173D4 
 207      2F3E93C2 
 208 0145 07F5E21F 		.ascii	"\007\365\342\037Q\370\240\253y\263\317j\261\"\017R\251"
 208      51F8A0AB 
 208      79B3CF6A 
 208      B1220F52 
 208      A9
 209 0156 0F28F3A9 		.ascii	"\017(\363\251\314\314\352\207\222\256\347{Nj\342K)?"
 209      CCCCEA87 
 209      92AEE77B 
 209      4E6AE24B 
 209      293F
 210 0168 B0FFF72B 		.ascii	"\260\377\367+ \345?\304\352\3654\361\351)\304\015[R"
 210      20E53FC4 
 210      EAF534F1 
 210      E929C40D 
 210      5B52
 211 017a 2D1EB154 		.ascii	"-\036\261T\212\373\006\376Hz\224\270;C|f\012\361\335"
 211      8AFB06FE 
 211      487A94B8 
 211      3B437C66 
 211      0AF1DD
 212 018d F1CE8B42 		.ascii	"\361\316\213B\204\244\370\316\205\304\210\246\304=\031"
 212      84A4F8CE 
 212      85C488A6 
 212      C43D19
 213 019c E2AE29C4 		.ascii	"\342\256)\304c\221\377\007\275z\304\262\254\000\264"
 213      6391FF07 
 213      BD7AC4B2 
 213      AC00B4
 214 01ab 433174E0 		.ascii	"C1t\340\325\211W\014\212i\030\260=\335\240\003c\216"
 214      D589570C 
 214      8A6918B0 
 214      3DDDA003 
 214      638E
 215 01bd 77DFB665 		.ascii	"w\337\266e\367Z\251\324\370\340\366\313\363a6\000u\037"
 215      F75AA9D4 
 215      F8E0F6CB 
 215      F3613600 
 215      751F
 216 01cf FDF1A5C0 		.ascii	"\375\361\245\300\256jx\034\310\321\200\232\253#\240"
 216      AE6A781C 
 216      C8D1809A 
 216      AB23A0
 217 01de 3B6971D1 		.ascii	";iq\321+7#\033\017>r/\3200\370h,\374\2708\263\010\014"
 217      2B37231B 
 217      0F3E722F 
 217      D030F868 
 217      2CFCB838 
 218 01f5 50389DC2 		.ascii	"P8\235\302l\322\314\240e&.\256\034Zf\321\222\313\250"
 218      6CD2CCA0 
 218      65262EAE 
 218      1C5A66D1 
 218      92CBA8
 219 0208 9A3C7A93 		.ascii	"\232<z\223O\013\035\244^ \301B\271\026\311\223e#\270"
ARM GAS  C:\cygwin\tmp\ccoT4ET3.s 			page 17


 219      4F0B1DA4 
 219      5E20C142 
 219      B916C993 
 219      6523B8
 220 021b D0DC8FE2 		.ascii	"\320\334\217\342 \341]\334\205\372}\321\311\306\257"
 220      20E15DDC 
 220      85FA7DD1 
 220      C9C6AF
 221 022a 684F09CE 		.ascii	"hO\011\316\023\270}\016\007w5\034\323h\3324\027\203"
 221      13B87D0E 
 221      0777351C 
 221      D368DA34 
 221      1783
 222 023c 1EECCD2D 		.ascii	"\036\354\315-\340r\323\270\027$1\0245D\257\027*\215"
 222      E072D3B8 
 222      17243114 
 222      3544AF17 
 222      2A8D
 223 024e 40449210 		.ascii	"@D\222\020\335\031\275\304\025\352@'|\367V\031#\245"
 223      DD19BDC4 
 223      15EA4027 
 223      7CF75619 
 223      23A5
 224 0260 03397543 		.ascii	"\0039uC\353\377\335\267Z\221\360\257\221\354\236\256"
 224      EBFFDDB7 
 224      5A91F0AF 
 224      91EC9EAE 
 225 0270 62277C14 		.ascii	"b'|\024D\224X\267\327\307A\201.\304\211\264#:b#n\004"
 225      449458B7 
 225      D7C74181 
 225      2EC489B4 
 225      233A6223 
 226 0286 B1CAEF9F 		.ascii	"\261\312\357\237&O\273d\225\251\024~Cg\323\352\354\240"
 226      264FBB64 
 226      95A9147E 
 226      4367D3EA 
 226      ECA0
 227 0298 6C6E95ED 		.ascii	"ln\225\355\267\246\260\222y\354\322w\333\331|\011\356"
 227      B7A6B092 
 227      79ECD277 
 227      DBD97C09 
 227      EE
 228 02a9 4594582F 		.ascii	"E\224X/=\012\362\243\355\375\221\201k\322V\310i\350"
 228      3D0AF2A3 
 228      EDFD9181 
 228      6BD256C8 
 228      69E8
 229 02bb 481EF867 		.ascii	"H\036\370gZ\0234\322\227\202\0328G\243\002\347\241\011"
 229      5A1334D2 
 229      97821A38 
 229      47A302E7 
 229      A109
 230 02cd 305B9DB5 		.ascii	"0[\235\265@\346\303\376\"\265\261\257e\243\243\366\273"
 230      40E6C3FE 
 230      22B5B1AF 
 230      65A3A3F6 
 230      BB
ARM GAS  C:\cygwin\tmp\ccoT4ET3.s 			page 18


 231 02de 09DABC9F 		.ascii	"\011\332\274\237p\006\277@\255\252\275\277\351[\225"
 231      7006BF40 
 231      ADAABDBF 
 231      E95B95
 232 02ed 220B53D2 		.ascii	"\"\013S\322w\226VH@\026\222\225^\310\364\3672\007\354"
 232      77965648 
 232      40169295 
 232      5EC8F4F7 
 232      3207EC
 233 0300 CCBD9459 		.ascii	"\314\275\224Yn,\256)n6\322\323\2738\003\241\364C\304"
 233      6E2CAE29 
 233      6E36D2D3 
 233      BB3803A1 
 233      F443C4
 234 0313 19835FE5 		.ascii	"\031\203_\345\371`W\377\263{8\023y\322\306\251\342\034"
 234      F96057FF 
 234      B37B3813 
 234      79D2C6A9 
 234      E21C
 235 0325 2C994CE2 		.ascii	",\231L\342\266\311,I\311I\247\344\"\372\266\303\355"
 235      B6C92C49 
 235      C949A7E4 
 235      22FAB6C3 
 235      ED
 236 0336 D4E15C55 		.ascii	"\324\341\\U\310p\221\"\344\275AlA\276:\361\372!\333"
 236      C8709122 
 236      E4BD416C 
 236      41BE3AF1 
 236      FA21DB
 237 0349 332829F9 		.ascii	"3()\371\262\020\233R\200h\246g\001)\222\321W\266g\241"
 237      B2109B52 
 237      8068A667 
 237      012992D1 
 237      57B667A1 
 238 035d E4B83339 		.ascii	"\344\27039\205*o\377~\273[E\004\015\201\275\265\"9\346"
 238      852A6FFF 
 238      7EBB5B45 
 238      040D81BD 
 238      B52239E6 
 239 0371 40E38DC3 		.ascii	"@\343\215\303\376\361\302\232PhQ\365\212\345\2461\367"
 239      FEF1C29A 
 239      506851F5 
 239      8AE5A631 
 239      F7
 240 0382 1B75AB34 		.ascii	"\033u\2534WU\204\253\252W!\260\334\014W\2554>\255`n"
 240      575584AB 
 240      AA5721B0 
 240      DC0C57AD 
 240      343EAD60 
 241 0397 B3A2BC36 		.ascii	"\263\242\2746\034*7+\275\246Q^\025\376\274\262\322\010"
 241      1C2A372B 
 241      BDA6515E 
 241      15FEBCB2 
 241      D208
 242 03a9 859D66C5 		.ascii	"\205\235f\305b\014\014\267i,\251\256Y\201ou\323X\264"
 242      620C0CB7 
 242      692CA9AE 
ARM GAS  C:\cygwin\tmp\ccoT4ET3.s 			page 19


 242      59816F75 
 242      D358B4
 243 03bc CCF8DA87 		.ascii	"\314\370\332\207$\244+\226\3074\026\177Q\023\"\342k"
 243      24A42B96 
 243      C734167F 
 243      511322E2 
 243      6B
 244 03cd BB170CCE 		.ascii	"\273\027\014\316"
 245              		.text
 246              		.section	.gnu.lto_prveMBError2Exception.652bf5bf,"",%progbits
 247 0000 789C6550 		.ascii	"x\234ePMkSA\024\2353\363\36224\233\340J\272\250\213"
 247      4D6B5341 
 247      149D33F3 
 247      F232349B 
 247      E04ABAA8 
 248 0015 5043407C 		.ascii	"PC@|\033wn\004\321\205\340\312_`\333\010\005m \037\313"
 248      1B776E04 
 248      D185E0CA 
 248      5F60DB08 
 248      056D201F 
 249 002a D2498CB8 		.ascii	"\322I\214\270\252\251\"\"\210\013\211b\252\266\365\003"
 249      AAA92222 
 249      880B8962 
 249      AAB6F503 
 250 003a A495AA11 		.ascii	"\244\225\252\021\\i\253Dc\025\0276`\"\212\013S\024\036"
 250      5C69AB44 
 250      63151736 
 250      60228A0B 
 250      53141E
 251 004d 41623CF3 		.ascii	"Ab<\363\022Qp`\336\235{\3369\367\236{\225\370\377\354"
 251      12517060 
 251      DE9D7BDE 
 251      39F79E7B 
 251      95F8FFEC 
 252 0061 E54DC87E 		.ascii	"\345M\310~\304\220\200\234{!D^K\031^\035\021\306\321"
 252      C490809C 
 252      7B21445E 
 252      4B195E1D 
 252      11C6D1
 253 0074 754F1819 		.ascii	"uO\030\031\206ka\350At\001\033\005\304\214\014k\027"
 253      866B61E8 
 253      4174011B 
 253      05C48C0C 
 253      6B17
 254 0086 33F822B7 		.ascii	"3\370\"\267$\326V~\275F\374\2321\205\366\253\207O#\247"
 254      24D6567E 
 254      BD46FC9A 
 254      3185F6AB 
 254      874F23A7 
 255 009a B67758F8 		.ascii	"\266wX\370\273\024\3305\214\304\260\345_G\234\274\322"
 255      BB14D835 
 255      8CC4B0E5 
 255      5F479CBC 
 255      D2
 256 00ab 93D9C75A 		.ascii	"\223\331\307Z% \370\236\355v7\"\243ej\252\353\213f\037"
 256      2520F89E 
 256      ED763722 
ARM GAS  C:\cygwin\tmp\ccoT4ET3.s 			page 20


 256      A3656AAA 
 256      EB8B661F 
 257 00bf 3A12A840 		.ascii	":\022\250@\375U\021\020\230\307\250%\267\357\237\351"
 257      FD551110 
 257      98C7A825 
 257      B7EF9FE9 
 258 00cf B96A4F20 		.ascii	"\271jO <\271\366\361\234\023\273Ba\343[\371y\304\\4"
 258      3CB9F6F1 
 258      9C13BB42 
 258      61E35BF9 
 258      79C45C34 
 259 00e3 C546AFB7 		.ascii	"\305F\257\267\203-q\343_}\377P\260U\354\276\215\270"
 259      832D71E3 
 259      5F7DFF50 
 259      B055ECBE 
 259      8DB8
 260 00f5 45634C14 		.ascii	"EcL\0247\021\263\306\350\350\026\207a\260\310\322\266"
 260      3711B3C6 
 260      E8E81687 
 260      61B0C8D2 
 260      B6
 261 0106 AAE9F5EE 		.ascii	"\252\351\365\356\371g+qN,,D3l\255\202\267\023|C4Da\223"
 261      F9672B71 
 261      4E2C2C44 
 261      336CAD82 
 261      B7137C43 
 262 011e D7AEA0C5 		.ascii	"\327\256\240\305\204Q\275G\341\321!\341\313\220O\340"
 262      8451BD47 
 262      E1D121E1 
 262      CB904FE0 
 263 012e 0D8AEB31 		.ascii	"\015\212\3531\233\260\253_n|\305gIQX`\001}?-&\253#x"
 263      9BB0AB5F 
 263      6E7CC567 
 263      49515860 
 263      017D3F2D 
 264 0146 877C54FC 		.ascii	"\207|T\374`%\252\333\016\005\212\202\253\265\315\232"
 264      6025AADB 
 264      0E058A82 
 264      ABB5CD9A 
 265 0156 B202C186 		.ascii	"\262\002\301\206\213\201\240%\265\250{\177\350\260\364"
 265      8B81A025 
 265      B5A87B7F 
 265      E8B0F4
 266 0165 0721D21D 		.ascii	"\007!\322\035\322/\224\352\313j\372'\307\327\035\251"
 266      D22F94EA 
 266      CB6AFA27 
 266      C7D71DA9 
 267 0175 BAD61BD1 		.ascii	"\272\326\033\321\315\346\313\232\266ET\220\316\227\316"
 267      CDE6CB9A 
 267      B6455490 
 267      CE97CE
 268 0184 2FE3322E 		.ascii	"/\3432.\345\347,\313\301\022\246q\333\226\346\277f\345"
 268      E5E72CCB 
 268      C112A671 
 268      DB96E6BF 
 268      66E5
 269 0196 745B7B0B 		.ascii	"t[{\013\\\213\266\273\273C\036\235[\227\270\013/\350"
ARM GAS  C:\cygwin\tmp\ccoT4ET3.s 			page 21


 269      5C8BB6BB 
 269      BB431E9D 
 269      5B97B80B 
 269      2FE8
 270 01a8 EE06230E 		.ascii	"\356\006#\016\332+1x8b\003\205h\260\024\237\246> _]"
 270      DA2B3178 
 270      38620385 
 270      68B0149F 
 270      A63E205F 
 271 01bd 7926ED42 		.ascii	"y&\355Bm*>\201u\034\315\217\3422\233\204X\204\356v\036"
 271      6D2A3E81 
 271      751CCD8F 
 271      E2329B84 
 271      5884EE76 
 272 01d2 4C279387 		.ascii	"L'\223\207S\023c\271\214w\242\037\216\345\246\306\263"
 272      531363B9 
 272      8C77A21F 
 272      8EE5A6C6 
 272      B3
 273 01e3 93A92902 		.ascii	"\223\251)\002c\271\354\344\361\314\356q1\224<\220N\247"
 273      63B9ECE4 
 273      F1CCEE71 
 273      31943C90 
 273      4EA7
 274 01f5 D2FB5313 		.ascii	"\322\373S\023\311p\362H\366h6\227\371\015.9\315\031"
 274      C970F248 
 274      F6683697 
 274      F90D2E39 
 274      CD19
 275              		.text
 276              		.section	.gnu.lto_.symbol_nodes.652bf5bf,"",%progbits
 277 0000 789C558B 		.ascii	"x\234U\213\313\021@@\024\004\373\315\2426\013I\272\277"
 277      CB114040 
 277      1404FBCD 
 277      A2360B49 
 277      BABF
 278 0012 F53D4B80 		.ascii	"\365=K\200RJ<\202p\026\004U\034\230cwO\000*\336\251"
 278      524A3C82 
 278      70160455 
 278      1C986377 
 278      4F002ADE 
 279 0027 97C3B883 		.ascii	"\227\303\270\203\273Mk$\357\304\"\017Jr{\005\363\022"
 279      BB4D6B24 
 279      EFC4220F 
 279      4A727B05 
 279      F312
 280 0039 512DD70F 		.ascii	"Q-\327\0174w\366\005\371 \273\257X+\317\036AJ\221@\301"
 280      3477F605 
 280      F920BBAF 
 280      582BCF1E 
 280      414A9140 
 281 004e 369C6510 		.ascii	"6\234e\020\034\306\005\004\201\035\216"
 281      1CC60504 
 281      811D8E
 282              		.text
 283              		.section	.gnu.lto_.refs.652bf5bf,"",%progbits
 284 0000 789C6366 		.ascii	"x\234cf``\340f\200\000F\006&FNF\026\006V6\006\000\001"
ARM GAS  C:\cygwin\tmp\ccoT4ET3.s 			page 22


 284      6060E066 
 284      80004606 
 284      26464E46 
 284      16065636 
 285 0017 C6002C   		.ascii	"\306\000,"
 286              		.text
 287              		.section	.gnu.lto_.decls.652bf5bf,"",%progbits
 288 0000 789CAD58 		.ascii	"x\234\255XyP\224G\026\237\376z\270\206\001L\252\242"
 288      79509447 
 288      169FFE7A 
 288      B886014C 
 288      AAA2
 289 0012 2E952AC9 		.ascii	".\225*\311&\241\222\252\350&\226\225\354\356?\033\216"
 289      26A192AA 
 289      E8269695 
 289      ECEE3F1B 
 289      8E
 290 0023 11510E8B 		.ascii	"\021Q\016\213#\331\224V\315\022\234D\252\024X\030\266"
 290      23D99456 
 290      CD129C44 
 290      AA145818 
 290      B6
 291 0034 927F763F 		.ascii	"\222\177v?@\024E\204 \310\035F\0219T\344F@\024\004\024"
 291      40144584 
 291      20C81D46 
 291      113954E4 
 291      46401404 
 292 0049 05F18008 		.ascii	"\005\361\200\010\301#\210\202(\206\200\242\034\"\263"
 292      C1238882 
 292      288680A2 
 292      1C22B3
 293 0058 AF5F7F03 		.ascii	"\257_\177\0033\012\356V\355NU\363}\357\367^\277~W\277"
 293      330AEE56 
 293      ED4E55F3 
 293      7DEFF75E 
 293      BF7E57BF 
 294 006c EE0F2A93 		.ascii	"\356\017*\223\311N\021\231L\017\2775o\310d\373\251L"
 294      C94E1199 
 294      4C0FBF35 
 294      6FC864FB 
 294      A94C
 295 007e 6606D846 		.ascii	"f\006\330F\030\0260\312aT\300X\317\344`4\3028\013c\251"
 295      181630CA 
 295      6154C058 
 295      CFE46034 
 295      C2380B63 
 296 0093 8CFF986C 		.ascii	"\214\377\230l\013\214_`\014\300X\001\272>\204!\300\373"
 296      0B8C5F60 
 296      0CC05801 
 296      BA3E8421 
 296      C0FB
 297 00a5 4A783A11 		.ascii	"Jx:\021\231\311\217\311\332I\372ma(a\364\300\270\000"
 297      99C98FC9 
 297      DA49FA6D 
 297      612861F4 
 297      C0B800
 298 00b8 A30D8633 		.ascii	"\243\015\2063yu\315:\243u]$}\324h]\266\036\221\3263"
ARM GAS  C:\cygwin\tmp\ccoT4ET3.s 			page 23


 298      7975CD3A 
 298      A3755D24 
 298      7DD4685D 
 298      B61E91D6 
 299 00cd FE319ECD 		.ascii	"\3761\236\315Kk\265\031\255\347 \255\261N\362g-\314"
 299      4B6BB519 
 299      ADE720AD 
 299      B14EF267 
 299      2DCC
 300 00df 7783D124 		.ascii	"w\203\321$\315\027$\035l\235\205\3643\177\255$]/\353"
 300      CD17241D 
 300      6C9D85F4 
 300      337FAD24 
 300      5D2FEB
 301 00f2 37E836E8 		.ascii	"7\3506\350\225I:\006d\257\376X\314X\034\345\360\264"
 301      95493A06 
 301      64AFFE58 
 301      CC581CE5 
 301      F0B4
 302 0104 277CCE3A 		.ascii	"'|\316:x\2566\232g\220q\207\347z)\256\033`x\274d\323"
 302      78AE369A 
 302      67907187 
 302      E77A29AE 
 302      1B6078BC 
 303 011a 98405A8F 		.ascii	"\230@Z\217f\377\215\012\204\275\346\246\335\351R|T$"
 303      66FF8D0A 
 303      84BDE6A6 
 303      DDE9527C 
 303      5424
 304 012c 8A62ACD8 		.ascii	"\212b\254\330\360\3079\021\371\335\254\222*;\342ho\257"
 304      F0C73911 
 304      F9DDAC92 
 304      2A3BE268 
 304      6FAF
 305 013e 388CBCCF 		.ascii	"8\214\274\317\3111\242 \371\204\032iJ\003|\362/\214"
 305      C931A220 
 305      F9841A69 
 305      4A037CF2 
 305      2F8C
 306 0150 01AF96F8 		.ascii	"\001\257\226\370\214\025\305(q4I\244\313e\344#{\362"
 306      8C15C528 
 306      713449A4 
 306      CB65E423 
 306      7BF2
 307 0162 A1BD8C14 		.ascii	"\241\275\214\024\022G\234[@>\222\221\243\304\236\024"
 307      12479C5B 
 307      403E9291 
 307      A3C49E14 
 308 0172 117BB6F2 		.ascii	"\021{\266\362\351\314\313\251tH \266\212\022\201\321"
 308      E9CCCBA9 
 308      744820B6 
 308      8A1281D1 
 309 0182 7777E4C5 		.ascii	"ww\344\305Y\001\255T82\262\246x\374\2225\262\035\030"
 309      5901AD54 
 309      3832B2A6 
 309      78FC9235 
 309      B21D18
ARM GAS  C:\cygwin\tmp\ccoT4ET3.s 			page 24


 310 0195 599BD49A 		.ascii	"Y\233\324\232f\216\\9#\207FOTq\362}F\236\355\030\033"
 310      668E5C39 
 310      2387464F 
 310      5471F27D 
 310      469EED18 
 311 01aa B255C0E2 		.ascii	"\262U\300\342\242\230\030-Z\265\332\002\203\234\200"
 311      A298182D 
 311      5AB5DA02 
 311      839C80
 312 01b9 B54A602D 		.ascii	"\265J`-\031)\003\313d\344\003{R\312\227\316\252\254"
 312      192903CB 
 312      64E4037B 
 312      52CA97CE 
 312      AAAC
 313 01cb 19B27833 		.ascii	"\031\262x3\021\305E\321\201\240}\307A\274\030\305\313"
 313      11C545D1 
 313      81A07DC7 
 313      41BC18C5 
 313      CB
 314 01dc C99B8649 		.ascii	"\311\233\206IH\300\214G\272\316\012k\345\036\346\235"
 314      48C08C47 
 314      BACE0A6B 
 314      E51EE69D 
 315 01ec B400E046 		.ascii	"\264\000\340F+T\020%\346\001\236 \335\277\177l\267\231"
 315      2B541025 
 315      E6019E20 
 315      DDBF7F6C 
 315      B799
 316 01fe 428A45EC 		.ascii	"B\212E\354\177\021\213\322\237\206\272\025\350\354w"
 316      7F118BD2 
 316      9F86BA15 
 316      E8EC77
 317 020d 8CECE98B 		.ascii	"\214\354\351\213\272h\215\336\331!\367\340\215\011\212"
 317      BA688DDE 
 317      D921F7E0 
 317      8D098A
 318 021c A42D23CB 		.ascii	"\244-#\313\237\346\351\204\305\235\25518{\222\353n\313"
 318      9FE6E984 
 318      C59DAD31 
 318      387B92EB 
 318      6ECB
 319 022e A91D54BC 		.ascii	"\251\035T\274\354l\025\210W\243x-:\213\223\230\364\314"
 319      EC6C1588 
 319      57A3782D 
 319      3A8B9398 
 319      F4CC
 320 0240 EC4083B5 		.ascii	"\354@\203\265\261t\345\353\244\2576N\217\023\223\260"
 320      B174E5EB 
 320      A4AF364E 
 320      8F1393B0 
 321 0250 D49984E5 		.ascii	"\324\231\204\345\224\024\226S\030\226\314\304k\351J"
 321      94149653 
 321      1896CCC4 
 321      6BE94A
 322 025f F4722B9B 		.ascii	"\364r+\233\374\250Lw\316\022\335\262a\344D\314\350n"
 322      FCA84C77 
 322      CE12DDB2 
ARM GAS  C:\cygwin\tmp\ccoT4ET3.s 			page 25


 322      61E444CC 
 322      E86E
 323 0271 05924A24 		.ascii	"\005\222J$\037\037}._\334\313\006\203\227g\270\227\355"
 323      1F1F7D2E 
 323      5FDCCB06 
 323      839767B8 
 323      97ED
 324 0283 092D3DCA 		.ascii	"\011-=\312\227\275\254\007\361\323(\336\210v7\360\224"
 324      97BDAC07 
 324      F1D328DE 
 324      887637F0 
 324      94
 325 0294 36624A9B 		.ascii	"6bJ\233\317\325d\232\246\264\321\304\366\263\222\355"
 325      CFD5649A 
 325      A6B4D1C4 
 325      F6B392ED 
 326 02a4 67D1F6BA 		.ascii	"g\321\366\272\347\375]\362e)\2229K\344d\343R#\331&\262"
 326      E7FD5DF2 
 326      65299239 
 326      4BE464E3 
 326      5223D926 
 327 02b9 0CFE6E92 		.ascii	"\014\376n\222\363\250\304\035\322\375*\247\266\270\277"
 327      F3A8C41D 
 327      D2FD2AA7 
 327      B6B8BF
 328 02c8 CEA4F6ED 		.ascii	"\316\244\366\355\267s\370Ql(\035m?\335\242\334\321*"
 328      B773F851 
 328      6C281D6D 
 328      3FDDA2DC 
 328      D12A
 329 02da 36E8F567 		.ascii	"6\350\365gD\221\340$\322L(\026\003[\250Y\332\\\244\205"
 329      4491E024 
 329      D24C2816 
 329      035BA859 
 329      DA5CA485 
 330 02ee 38C0CC67 		.ascii	"8\300\314g)\325\267\004\272\001\265D\036\251\333k\001"
 330      29D5B704 
 330      BA01B544 
 330      1EA9DB6B 
 330      01
 331 02ff B159AAC0 		.ascii	"\261Y\252\300\005\366\265e4R$\365\214-\364\304\325\325"
 331      05F6B565 
 331      345224F5 
 331      8C2DF4C4 
 331      D5D5
 332 0311 53A2705C 		.ascii	"S\242p\\`\367]\204\212[*\025\334y\260\267\025\354e;"
 332      60F75D84 
 332      8A5B2A15 
 332      DC79B0B7 
 332      15EC653B 
 333 0325 7AB430B7 		.ascii	"z\2640\267{\231(\312\311\005\210\323\2719+p\005\251"
 333      7B9928CA 
 333      C90588D3 
 333      B9392B70 
 333      05A9
 334 0337 4B344E5F 		.ascii	"K4N_\214\2631\011\020\223\235w\272\215\007\210\225X"
 334      8CB33109 
ARM GAS  C:\cygwin\tmp\ccoT4ET3.s 			page 26


 334      10939D77 
 334      BA8D0788 
 334      9558
 335 0349 FFE4139E 		.ascii	"\377\344\023\236\330%\214\314\350\036\030\347\365\212"
 335      D8258CCC 
 335      E81E18E7 
 335      F58A
 336 0357 1B7BA2B7 		.ascii	"\033{\242\267\344\231\025\015BGR.f&\230\321P|O\274\223"
 336      E499150D 
 336      4247522E 
 336      662698D1 
 336      507C4FBC 
 337 036c D429A7DF 		.ascii	"\324)\247\337\2338\350\300\035L\035\236\254\260DR\257"
 337      9B38E8C0 
 337      1D4C1D9E 
 337      ACB04452 
 337      AF
 338 037d A7CCC343 		.ascii	"\247\314\303C\267\256\334\261\"\216\330\214F\367\016"
 338      B7AEDCB1 
 338      228ED88C 
 338      46F70E
 339 038c 5C7F9B99 		.ascii	"\\\177\233\231\336\005\346\\\2317\335A2\035\243 F\213"
 339      DE05E65C 
 339      9937DD41 
 339      321DA320 
 339      468B
 340 039e 6605B632 		.ascii	"f\005\2662\322\016\346^\002sI'\004\302A\012\304U\000"
 340      D20EE65E 
 340      02734927 
 340      04C2410A 
 340      C45500
 341 03b1 AF61DD08 		.ascii	"\257a\335\010\345\375#q\012\203\342\326\374\244\245"
 341      E5FD2371 
 341      0A83E2D6 
 341      FCA4A5
 342 03c0 4CF17550 		.ascii	"L\361uP|y^q\027y\255\346\237\026\326\\v>f\237\255As"
 342      7C795E71 
 342      1779ADE6 
 342      9F16D65C 
 342      763E669F 
 343 03d7 6174C65B 		.ascii	"at\306[Ls\017h\356\230\327|\375\365\232\273\027\324"
 343      4C730F68 
 343      EE98D77C 
 343      FDF59ABB 
 343      17D4
 344 03e9 4C5E1C98 		.ascii	"L^\034\230\311\263\223\303\331\203\011\331\204\0151"
 344      C9B393C3 
 344      D98309D9 
 344      840D31
 345 03f8 ABA8D26F 		.ascii	"\253\250\322o\016\372\231 \226\221\334\226) \310\226"
 345      0EFA9920 
 345      9691DC96 
 345      2920C896 
 346 0408 EDE560FC 		.ascii	"\355\345`\374Xd\254\015\202\220?r\203\203/F\333\365"
 346      5864AC0D 
 346      82903F72 
 346      83832F46 
ARM GAS  C:\cygwin\tmp\ccoT4ET3.s 			page 27


 346      DBF5
 347 041a 968B56F7 		.ascii	"\226\213V\367-\254\356\233D*\357\2757\312\372\010=\306"
 347      2DACEE9B 
 347      442AEFBD 
 347      37CAFA08 
 347      3DC6
 348 042c CF8FB896 		.ascii	"\317\217\270\226\233\3516P\337\272\022\254oQ\252o\202"
 348      9BE93650 
 348      DFBA12AC 
 348      6F51AA6F 
 348      82
 349 043d B3C86DA3 		.ascii	"\263\310m\243\362\276m(\357_\260\274\027r\342q\347\256"
 349      F2BE6D28 
 349      EF5FB0BC 
 349      1772E271 
 349      E7AE
 350 044f 7FCED9DB 		.ascii	"\177\316\331\333\307M+|\374pD\230\263\367\016\0073\317"
 350      C74D2B7C 
 350      FC704498 
 350      B3F70E07 
 350      33CF
 351 0461 54B55163 		.ascii	"T\265Qc{M+\363.\032\334o0\370\360`t\275\222\326q\203"
 351      7B4D2BF3 
 351      2E1ADC6F 
 351      30F8F060 
 351      74BD92D6 
 352 0477 4B1BA64E 		.ascii	"K\033\246N\012h\260\2568\327\334\260\035\227\2609\344"
 352      0A68B0AE 
 352      38D7DCB0 
 352      1D97B039 
 352      E4
 353 0488 9E91B9F7 		.ascii	"\236\221\271\367\014\346\016\240\271\027Zk\202\350E"
 353      0CE60EA0 
 353      B9175A6B 
 353      82E845
 354 0497 AE22BDB4 		.ascii	"\256\"\275\2648MA\2739Q=\223qXA\3739\221\277+\351\205"
 354      384D41BB 
 354      39513D93 
 354      715841FB 
 354      3991BF2B 
 355 04ad 2D9DE284 		.ascii	"-\235\342\204a\033\254\347\333\240\272*9\332\216&S\344"
 355      611BACE7 
 355      DBA0BA2A 
 355      39DA8E26 
 355      53E4
 356 04bf 751F1A1A 		.ascii	"u\037\032\032\265\246\3079a8\333\326\363\263\355~s\034"
 356      B5A6C739 
 356      6138DBD6 
 356      F3B3ED7E 
 356      731C
 357 04d1 98DBCA79 		.ascii	"\230\333\312y\217:3k\225\3103\303\336_\2278Ci/\347%"
 357      8F3A336B 
 357      95C833C3 
 357      DE5F9738 
 357      43692FE7 
 358 04e6 C59C3C69 		.ascii	"\305\234<i\213<sF\376\324\220\265\234\016s\326\341\224"
 358      8B3C7346 
ARM GAS  C:\cygwin\tmp\ccoT4ET3.s 			page 28


 358      FED490B5 
 358      9C0E73D6 
 358      E194
 359 04f8 03C7CC90 		.ascii	"\003\307\314\220e\311\310\216\221\343Mr\032#G^\374\364"
 359      65C9C88E 
 359      91E34D72 
 359      1A23475E 
 359      FCF4
 360 050a D8253E4D 		.ascii	"\330%>M\201\315\344\327\264\001\013\232\303y\367\023"
 360      81CDE4D7 
 360      B4010B9A 
 360      C379F713 
 361 051a 0B4EF0E5 		.ascii	"\013N\360\345\254\361vP\364|\\\016\301'\317 2\023,\266"
 361      ACF17650 
 361      F47C5C0E 
 361      C127CF20 
 361      32132CB6 
 362 052e 6CDF7624 		.ascii	"l\337v$\327\2311p\034\300\247\020\364I\236\224\362\311"
 362      D7993170 
 362      1CC0A710 
 362      F4499E94 
 362      F2C9
 363 0540 995425C3 		.ascii	"\231T%\303\037\003\376\004\360)\216O\365\352\313\024"
 363      1F03FE04 
 363      F0298E4F 
 363      F5EACB14 
 364 0550 0C1F057C 		.ascii	"\014\037\005|\014\360i\216\217\334\354\311\260`\370"
 364      0CF0698E 
 364      8FDCECC9 
 364      B060F8
 365 055f 08E0BF01 		.ascii	"\010\340\277\001\376\234\343\235\361\011\303\270\350"
 365      FE9CE39D 
 365      F109C3B8 
 365      E8
 366 056c 23C07F05 		.ascii	"#\300\177\005|\206\343\303\271=M(?\014\370\373\366\344"
 366      7C86E3C3 
 366      B93D4D28 
 366      3F0CF8FB 
 366      F6E4
 367 057e 05876BBB 		.ascii	"\005\207k\273Kr\320\234\007\000?\004\361Y\216\037\255"
 367      4B72D09C 
 367      07003F04 
 367      F1598E1F 
 367      AD
 368 058f E9C84635 		.ascii	"\351\310F5C\200\277gO\364\034\336\231\231x\025\341\373"
 368      4380BF67 
 368      4FF41CDE 
 368      99997815 
 368      E1FB
 369 05a1 00BF6B4F 		.ascii	"\000\277kOD\201\301BM]\36559\261t\334\211-4*\222\246"
 369      4481C142 
 369      4D5DF535 
 369      39B174DC 
 369      892D342A 
 370 05b7 D91A7AA8 		.ascii	"\331\032z\250\214D\011\226\254.H\264\340H\"\005\271"
 370      8C440996 
 370      AC2E48B4 
ARM GAS  C:\cygwin\tmp\ccoT4ET3.s 			page 29


 370      E0482205 
 370      B9
 371 05c8 49232D99 		.ascii	"I#-\231,}D\331\326\006!\231\241z\014=Tx0Rx\325ra\265"
 371      2C7D44D9 
 371      D6062199 
 371      A17A0C3D 
 371      54783052 
 372 05e1 2406B4BD 		.ascii	"$\006\264\275Ns\337\276@K\262\003\004\006\347\033\006"
 372      4E73DFBE 
 372      404BB203 
 372      0406E71B 
 372      06
 373 05f2 5BC4D09F 		.ascii	"[\304\320\237\353\216MdY\320[<q{\323\247\247\314\351"
 373      EB8E4D64 
 373      59D05B3C 
 373      717BD3A7 
 373      A7CCE9
 374 0605 434E5426 		.ascii	"CNT&\347\316X\320qN$D\225\315(\351,'\306\006\272\373"
 374      E7CE58D0 
 374      714E2444 
 374      95CD28E9 
 374      2C27C606 
 375 061b CD69AC19 		.ascii	"\315i\254\031\022\367\272J\243\0244\231\023\315\321"
 375      12F7BA4A 
 375      A3143499 
 375      13CDD1
 376 062a 83FD96F4 		.ascii	"\203\375\226\364GND\356\272\361{\232\307\337\033S\236"
 376      474E44EE 
 376      BAF17B9A 
 376      C7DF1B53 
 376      9E
 377 063b 7699D132 		.ascii	"v\231\3212NL\344\366\015\023\254\017\013FV\3756y\225"
 377      4E4CE4F6 
 377      0D13AC0F 
 377      0B4656FD 
 377      367995
 378 064e B260EE13 		.ascii	"\262`\356\023(I\020x}T<L\213\267f`\274\300\363\235\210"
 378      28491078 
 378      7D543C4C 
 378      8BB76660 
 378      BCC0F39D 
 379 0663 2126A91D 		.ascii	"!&\251\035/\222\255\030\276W\340\371\376\201\343\247"
 379      2F92AD18 
 379      BE57E0F9 
 379      FE81E3A7 
 380 0673 FB9A2758 		.ascii	"\373\232'XG\"q\002\317w\022\307O\305\025\037`;\237\354"
 380      47227102 
 380      CF7712C7 
 380      4FC5151F 
 380      603B9FEC 
 381 0687 1130DFFB 		.ascii	"\0210\337\3739\03438\361\304\234\301\273\005\236\357"
 381      391C3338 
 381      F1C49CC1 
 381      BB059EEF 
 382 0697 648EC7E6 		.ascii	"d\216\307\346\357x\200\352c\005\314w\012\207\357_9R"
 382      EF7880EA 
 382      6305CC77 
ARM GAS  C:\cygwin\tmp\ccoT4ET3.s 			page 30


 382      0A87EF5F 
 382      3952
 383 06a9 4A18BC4B 		.ascii	"J\030\274K\300|\037\340\371N\331ug\247\2228Zbw\326W"
 383      C07C1FE0 
 383      F94ED975 
 383      67A79238 
 383      5A6277D6 
 384 06be 1EB68B84 		.ascii	"\036\266\213\204+n\372+)\\\260\034\322\245\244\245A"
 384      2B6EFA2B 
 384      295CB01C 
 384      D2A5A4A5 
 384      41
 385 06cf D2528D92 		.ascii	"\322R\215\222\006j/\027w\355\021\026\311w&\210/6\025"
 385      066A2F17 
 385      77ED1116 
 385      C9772688 
 385      2F3615
 386 06e2 F33D0DF9 		.ascii	"\363=\015\371\316\000\201\235\302\\\276\323\215\362"
 386      CE00819D 
 386      C25CBED3 
 386      8DF2
 387 06f0 FDF8594C 		.ascii	"\375\370YL\036\301N\310\204\244\266\337}%\335\312\270"
 387      1EC14EC8 
 387      84A4B6DF 
 387      7D25DDCA 
 387      B8
 388 0701 11B27A99 		.ascii	"\021\262z\231o\204\331\002k\204Y\202\324\010oN\235\230"
 388      6F84D902 
 388      6B845982 
 388      D4086F4E 
 388      9D98
 389 0713 54D25F78 		.ascii	"T\322_x*\023\356]\312\244\320\010K\240s\367\272\245"
 389      2A13EE5D 
 389      CAA4D008 
 389      4BA073F7 
 389      BAA5
 390 0725 8BBA2871 		.ascii	"\213\272(qV\017\367\0116\211\374(\314wBx\347\2350G`"
 390      560FF709 
 390      3689FC28 
 390      CC774278 
 390      E79D3047 
 391 073a 9D306D4F 		.ascii	"\2350mOZ\254\322\344ZPi\322|u\202\341Z\240\177\221\376"
 391      5AACD2E4 
 391      5A5069D2 
 391      7C7582E1 
 391      5AA07F91 
 392 074f 841B0C98 		.ascii	"\204\033\014\230dp\357\263\307e\3629\354 \317\321\321"
 392      6470EFB3 
 392      C765F239 
 392      EC20CFD1 
 392      D1
 393 0760 DEEC0716 		.ascii	"\336\354\007\026\010\256W\220C\034\023\017\014NZ\314"
 393      08AE5790 
 393      431C130F 
 393      0C4E5ACC 
 394 0770 09E672F0 		.ascii	"\011\346r\360\304\256\353\347-\026=\247\362\320\333"
 394      C4AEEBE7 
ARM GAS  C:\cygwin\tmp\ccoT4ET3.s 			page 31


 394      2D163DA7 
 394      F2D0DB
 395 077f C3066F73 		.ascii	"\303\006osgKk\354\350S\356m\275X\253\263\241\321\346"
 395      674B6BEC 
 395      E853EE6D 
 395      BD58ABB3 
 395      A1D1E6
 396 0792 9CC82D3F 		.ascii	"\234\310-?\210\025\232\217\256\261\352\317\277\036\317"
 396      88159A8F 
 396      AEB1EACF 
 396      BF1ECF
 397 07a1 8EB1BEC8 		.ascii	"\216\261\276\310\321\202\232{\253\323\305\203\206h\200"
 397      D1829A7B 
 397      ABD3C583 
 397      866880
 398 07b0 5272C410 		.ascii	"Rr\304\020\015R\000\312\031\311\003R\210\001)>\226\271"
 398      0D5200CA 
 398      19C90352 
 398      8801293E 
 398      96B9
 399 07c2 DB8ADEE4 		.ascii	"\333\212\336\344\252\365\311\207b(}\300\211\352"
 399      AAF5C987 
 399      62287DC0 
 399      89EA
 400 07d0 CBB55974 		.ascii	"\313\265Yt\305s\363l\370:\202\2131\226\343\017-\023"
 400      C573F36C 
 400      F83A828B 
 400      3196E30F 
 400      2D13
 401 07e2 D6EF1E14 		.ascii	"\326\357\036\024\257\350F\333G\375\341:\270\243O\257"
 401      AFE846DB 
 401      47FDE13A 
 401      B8A34FAF 
 402 07f2 5F81D7E6 		.ascii	"_\201\327\346\"X\005\316F\243\333\366Q\266\0209&\254"
 402      225805CE 
 402      46A3DBF6 
 402      51B61039 
 402      26AC
 403 0804 9091E3C2 		.ascii	"\220\221\343\302\2730\273,7\257\312\012/Z\237\033wy"
 403      BB30BB2C 
 403      37AFCA0A 
 403      2F5A9F1B 
 403      7779
 404 0816 25EFF286 		.ascii	"%\357\362\206\315\251\344\233\263o6Q\264[\374\006]*"
 404      CDA9E49B 
 404      B36F3651 
 404      B45BFC06 
 404      5D2A
 405 0828 4837E812 		.ascii	"H7\350\022\001o\0259\317\3525\322\005Z':\374\035+\251"
 405      016F1539 
 405      CFEA35D2 
 405      055A273A 
 405      FC1D2BA9 
 406 083c 58B02727 		.ascii	"X\260''\004\374\204\022\3364\314a\302\343\243\005\315"
 406      04FC8412 
 406      DE34CC61 
 406      C2E3A305 
ARM GAS  C:\cygwin\tmp\ccoT4ET3.s 			page 32


 406      CD
 407 084d 94C659A0 		.ascii	"\224\306Y\240\233\305\017\236\266\260\203.\203\025+"
 407      9BC50F9E 
 407      B6B0832E 
 407      83152B
 408 085c 3BDC3A2A 		.ascii	";\334:*6\001\271C\"\343\373n=\264\341l\336\252\222R"
 408      3601B943 
 408      22E3FB6E 
 408      3DB4E16C 
 408      DEAA9252 
 409 0870 EF5A733E 		.ascii	"\357Zs>\036\214c\277\351oK|\244+\363[2\224\234\317\317"
 409      1E8C63BF 
 409      E96F4B7C 
 409      A42BF35B 
 409      32949CCF 
 410 0885 83A6EC18 		.ascii	"\203\246\354\030%\347S<\007b\366\224\3129\215\374\266"
 410      25E7533C 
 410      0762F694 
 410      CA398DFC 
 410      B6
 411 0896 FA4767AD 		.ascii	"\372Gg\2559\215gd\366\361\362v\201\323x.\306\267\027"
 411      398D6764 
 411      F6F1F276 
 411      81D3782E 
 411      C6B717
 412 08a9 BDCD490C 		.ascii	"\275\315I\014\313`Y\372i+\256\036\331\272\234\201\021"
 412      CB6059FA 
 412      692BAE1E 
 412      D9BA9C81 
 412      11
 413 08ba DB4F2BC4 		.ascii	"\333O+\304X]\003an\222\012p\272\022F\025\214j\030'a"
 413      585D0361 
 413      6E920A70 
 413      BA124615 
 413      8C6A1827 
 414 08cf D4C0A895 		.ascii	"\324\300\250\225\236u\322\363\224\364\254\227\236\247"
 414      9E75D2F3 
 414      94F4AC97 
 414      9EA7
 415 08dd 619CE1B1 		.ascii	"a\234\341\261\214*,hPB\226\323t\272\251\\Q\336\012\233"
 415      8C2A2C68 
 415      504296D3 
 415      74BAA95C 
 415      51DE0A9B 
 416 08f1 9B659969 		.ascii	"\233e\231i/\207\234\032\305\265\034S\334 |\012\237%"
 416      2F879C1A 
 416      C5B51C53 
 416      DC207C0A 
 416      9F25
 417 0903 98E223C3 		.ascii	"\230\342#\303y\327mM\266\027\253@\243\317\022A\372,"
 417      79D76D4D 
 417      B617AB40 
 417      A3CF1241 
 417      FA2C
 418 0915 11D867C9 		.ascii	"\021\330g\311\363\316\266*\033\266!\"\377\323\206 M"
 418      F3CEB62A 
 418      1BB62122 
ARM GAS  C:\cygwin\tmp\ccoT4ET3.s 			page 33


 418      FFD38620 
 418      4D
 419 0926 C2B23181 		.ascii	"\302\2621\201&\377\\\027eA\340\263\236}\2747\304\376"
 419      26FF5C17 
 419      6541E0B3 
 419      9E7DBC37 
 419      C4FE
 420 0938 30FB2F3D 		.ascii	"0\373/=\377%X\220s\202\202\177\323C\341#\201\265\363"
 420      FF255890 
 420      7382827F 
 420      D343E123 
 420      81B5F3
 421 094b F2AD5486 		.ascii	"\362\255T\206,\370\\\001\037Z\300\007F\202%\267\323"
 421      2CF85C01 
 421      1F5AC007 
 421      468225B7 
 421      D3
 422 095c 1AF6C84D 		.ascii	"\032\366\310M\354f\3377\363\266\234\227\354>\217vO]"
 422      EC66DF37 
 422      F3B69C97 
 422      EC3E8F76 
 422      4F5D
 423 096e 68993595 		.ascii	"h\2315\225f\261\231\227n\225\244[Q\2724\257iZx'\207"
 423      66B19997 
 423      6E95A45B 
 423      51BA34AF 
 423      695A7827 
 424 0983 FD23A2C1 		.ascii	"\375#\242\301\031\\\304V\304\267\340\005\341\035v\231"
 424      195CC456 
 424      C4B7E005 
 424      E11D7699 
 425 0993 ECB85624 		.ascii	"\354\270V$_X\340\"\012t\015\336\270o\267\260@\033\012"
 425      5F58E022 
 425      0A740DDE 
 425      B86FB7B0 
 425      401B0A
 426 09a6 EC1C7C78 		.ascii	"\354\034|x\322za\201v\341\035\231<pk@\230\271\233\227"
 426      D27A6181 
 426      76E11D99 
 426      3C706B40 
 426      98B99B97 
 427 09ba BF838BEC 		.ascii	"\277\203\213\354\255\357<\235\375\265A\333|5Z\347 m"
 427      ADEF3C9D 
 427      FDB541DB 
 427      7C355AE7 
 427      206D
 428 09cc F8AAD080 		.ascii	"\370\252\320\2000\355\252\217\035\327\206i4\236![\276"
 428      30EDAA8F 
 428      1DD78669 
 428      349E215B 
 428      BE
 429 09dd 8E08FFC3 		.ascii	"\216\010\377\303v\376\370&\"8P\033\024\022\014\300\327"
 429      76FEF826 
 429      2238501B 
 429      14120CC0 
 429      D7
 430 09ee 1130217C 		.ascii	"\0210!|U\240\314\314\337e\235\223\3172#\341\320\220"
ARM GAS  C:\cygwin\tmp\ccoT4ET3.s 			page 34


 430      55A0CCCC 
 430      DF659D93 
 430      CF3223E1 
 430      D090
 431 0a00 302DFE59 		.ascii	"0-\376Y\265Uf\356\357\273\316\333\307\3172\"(X\373\311"
 431      B55566EE 
 431      EFBBCEDB 
 431      C7CF3222 
 431      2858FBC9 
 432 0a14 A76AAD42 		.ascii	"\247j\255B\2556\274n\012\374\363\346\320\260\220o\303"
 432      AD36BC6E 
 432      0AFCF3E6 
 432      D0B0906F 
 432      C3
 433 0a25 02B63B7C 		.ascii	"\002\266;|\023\264M\023\276\371\333\300\300\225\001"
 433      13B44D13 
 433      BEF9DBC0 
 433      C09501
 434 0a34 61DB5706 		.ascii	"a\333W\006\207\004kVj\002\276\016Z\271F\375\247\225"
 434      87046B56 
 434      6A02BE0E 
 434      5AB946FD 
 434      A795
 435 0a46 AB3FFE64 		.ascii	"\253?\376d\315f\023xsPp\340\266\210-\232\315\333\003"
 435      CD661378 
 435      735070E0 
 435      B6882D9A 
 435      CDDB03
 436 0a59 02B70605 		.ascii	"\002\267\006\005k6\253\267h\276\011\210\330\246Uk\277"
 436      6B36ABB7 
 436      68BE0988 
 436      D8A6556B 
 436      BF
 437 0a6a 0FD584C3 		.ascii	"\017\325\204\303\262\033\376w\335\341\332-`(\350\262"
 437      B21BFE77 
 437      DDE1DA2D 
 437      6028E8B2 
 438 0a7a 358D8E81 		.ascii	"5\215\216\201t\343\244R\343\351\254\372.P\023\312\342"
 438      74E3A452 
 438      E3E9ACFA 
 438      2E5013CA 
 438      E2
 439 0a8b A2F07456 		.ascii	"\242\360tV\253\376\252\366\362\366R-\345\257\356\036"
 439      ABFEAAF6 
 439      F2F6522D 
 439      E5AFEE1E 
 440 0a9b 1E2A3727 		.ascii	"\036*7'\017\365Z\177/\027?wo/{S\330\325\311\317I\355"
 440      0FF55A7F 
 440      2F173F77 
 440      6F2F7B53 
 440      D8D5C9CF 
 441 0ab1 E4EAEAA3 		.ascii	"\344\352\352\243\362\365]\276\000\353\013'\017\177\225"
 441      F2F55DBE 
 441      00EB0B27 
 441      0F7F95
 442 0ac0 34C7D7C3 		.ascii	"4\307\327\303\351\013\225\332U\365\205\273\213J\275"
 442      E90B95DA 
ARM GAS  C:\cygwin\tmp\ccoT4ET3.s 			page 35


 442      55F585BB 
 442      8B4ABD
 443 0acf D6C9DDC3 		.ascii	"\326\311\335\303\337G\365\006g9\271l\360\362\376\322"
 443      DF47F506 
 443      6739B96C 
 443      F0F2FED2 
 444 0adf 43E5EAA6 		.ascii	"C\345\352\246Zb,\354\354\357\373\325\3578\340\251\362"
 444      5A622CEC 
 444      ECEFFBD5 
 444      EF38E0A9 
 444      F2
 445 0af0 F4F6F94A 		.ascii	"\364\366\371J\275\321\311\307\335\357+\265\312\307\307"
 445      BDD1C9C7 
 445      DDEF2BB5 
 445      CAC7C7
 446 0aff DB47E2B8 		.ascii	"\333G\342\2709\371\251\276tb,\277u\250W\345\272\334"
 446      39F9A9BE 
 446      74622CBF 
 446      75A857E5 
 446      BADC
 447 0b11 94E3E7E6 		.ascii	"\224\343\347\346'1\336{\265&\244xAE@\300\265!\0200\014"
 447      2731DE7B 
 447      B526A478 
 447      414540C0 
 447      B5211030 
 448 0b26 49585848 		.ascii	"IXXH\230K\310\026\215\025S\345\345\015\013Jo>*7|s\367"
 448      984BC816 
 448      8D1553E5 
 448      E50D0B4A 
 448      6F3E2A37 
 449 0b3d 02E7ACD9 		.ascii	"\002\347\254\331\333F(\020c\276\2579\362\275\225\370"
 449      DB462810 
 449      63BEAF39 
 449      F2BD95F8 
 450 0b4d F0F0F0F5 		.ascii	"\360\360\360\365\003;\220\360s\367T\271z\373\373\255"
 450      033B90F0 
 450      73F754B9 
 450      7AFBFBAD 
 451 0b5d 789D1960 		.ascii	"x\235\031`\301[\241a\3770\030\261z.;6ju@x\270&L\253"
 451      C15BA161 
 451      FF3018B1 
 451      7A2E3B36 
 451      6A754078 
 452 0b75 6675AC54 		.ascii	"fu\254T\253\203C\3024\332\210\260`\265\372\377P/\\5"
 452      AB8343C2 
 452      34DA88B0 
 452      60B5FAFF 
 452      502F5C35 
 453 0b89 735F3D97 		.ascii	"s_=\227m\265\372\015cb\325g\237\255YmgZN2K\027\337/"
 453      6DB5FA0D 
 453      6362D567 
 453      9FAD596D 
 453      675A4E32 
 454 0ba1 FD5CD6AD 		.ascii	"\375\\\326\255\372\354\337V\013pq"
 454      FAECDF56 
 454      0B7071
 455              		.text
ARM GAS  C:\cygwin\tmp\ccoT4ET3.s 			page 36


 456              		.section	.gnu.lto_.symtab.652bf5bf,"",%progbits
 457 0000 784D4255 		.ascii	"xMBUtilSetBits\000\000\000\000\000\000\000\000\000\000"
 457      74696C53 
 457      65744269 
 457      74730000 
 457      00000000 
 458 0018 0000DF00 		.ascii	"\000\000\337\000\000\000xMBUtilGetBits\000\000\000\000"
 458      0000784D 
 458      42557469 
 458      6C476574 
 458      42697473 
 459 0030 00000000 		.ascii	"\000\000\000\000\000\000\000\000\345\000\000\000prv"
 459      00000000 
 459      E5000000 
 459      707276
 460 003f 654D4245 		.ascii	"eMBError2Exception\000\000\000\000\000\000\000\000\000"
 460      72726F72 
 460      32457863 
 460      65707469 
 460      6F6E0000 
 461 005a 0000001F 		.ascii	"\000\000\000\037\001\000\000__assert_func\000\000\002"
 461      0100005F 
 461      5F617373 
 461      6572745F 
 461      66756E63 
 462 0071 00000000 		.ascii	"\000\000\000\000\000\000\000\000\000)\001\000\000"
 462      00000000 
 462      00290100 
 462      00
 463              		.text
 464              		.section	.gnu.lto_.opts,"",%progbits
 465 0000 272D666E 		.ascii	"'-fno-trapv' '-mcpu=cortex-m4' '-mno-thumb-interwor"
 465      6F2D7472 
 465      61707627 
 465      20272D6D 
 465      6370753D 
 466 0033 6B272027 		.ascii	"k' '-mthumb' '-ggdb' '-O2' '-fomit-frame-pointer' '"
 466      2D6D7468 
 466      756D6227 
 466      20272D67 
 466      67646227 
 467 0066 2D66616C 		.ascii	"-falign-functions=16' '-ffunction-sections' '-fdata"
 467      69676E2D 
 467      66756E63 
 467      74696F6E 
 467      733D3136 
 468 0099 2D736563 		.ascii	"-sections' '-fno-common' '-flto'\000"
 468      74696F6E 
 468      73272027 
 468      2D666E6F 
 468      2D636F6D 
 469              		.text
 470              		.comm	__gnu_lto_v1,1,1
 471              		.comm	__gnu_lto_slim,1,1
 472              		.ident	"GCC: (GNU Tools for ARM Embedded Processors) 4.9.3 20141119 (release) [ARM/embedded-4_9-br
ARM GAS  C:\cygwin\tmp\ccoT4ET3.s 			page 37


DEFINED SYMBOLS
                            *ABS*:00000000 mbutils.c
                            *COM*:00000001 __gnu_lto_v1
                            *COM*:00000001 __gnu_lto_slim

NO UNDEFINED SYMBOLS
