ARM GAS  C:\cygwin\tmp\cctIbj0U.s 			page 1


   1              		.syntax unified
   2              		.cpu cortex-m4
   3              		.fpu softvfp
   4              		.eabi_attribute 20, 1
   5              		.eabi_attribute 21, 1
   6              		.eabi_attribute 23, 3
   7              		.eabi_attribute 24, 1
   8              		.eabi_attribute 25, 1
   9              		.eabi_attribute 26, 1
  10              		.eabi_attribute 30, 2
  11              		.eabi_attribute 34, 1
  12              		.eabi_attribute 18, 4
  13              		.thumb
  14              		.file	"nvic.c"
  15              		.text
  16              	.Ltext0:
  17              		.section	.gnu.lto_.profile.652bd5c1,"",%progbits
  18 0000 789C6366 		.ascii	"x\234cf```a\200\000F\006\021A\000\000\255\000."
  18      60606061 
  18      80004606 
  18      11410000 
  18      AD002E
  19              		.text
  20              		.section	.gnu.lto_.jmpfuncs.652bd5c1,"",%progbits
  21 0000 789C6366 		.ascii	"x\234cf\300\016D\24143\003\023##s}=#\020\3243A\330\014"
  21      C00E44A1 
  21      34330313 
  21      2323737D 
  21      3D2310D4 
  22 0018 0019A502 		.ascii	"\000\031\245\002\253"
  22      AB
  23              		.text
  24              		.section	.gnu.lto_.inline.652bd5c1,"",%progbits
  25 0000 789C6366 		.ascii	"x\234cf\300\016\022\24143\003\003\027'#\023##\220\015"
  25      C00E12A1 
  25      34330303 
  25      17272313 
  25      2323900D 
  26 0014 C42C6C1F 		.ascii	"\304,l\037\364\030\330\026\310310]\340ga\000\3628\200"
  26      F418D816 
  26      C8333130 
  26      5DE06761 
  26      00F23880 
  27 0028 121C4029 		.ascii	"\022\034@)\016v\240\032\240\012f\226\005\362\020\025"
  27      0E76A01A 
  27      A00A6696 
  27      05F21015 
  28 0038 404916A0 		.ascii	"@I\026\240$\013\003\023\003+\013##\310\010f\240.$\355"
  28      240B0313 
  28      032B0B23 
  28      23C80866 
  28      A02E24ED 
  29 004c 200000EE 		.ascii	" \000\000\356\271\011\364"
  29      B909F4
  30              		.text
  31              		.section	.gnu.lto_.pureconst.652bd5c1,"",%progbits
  32 0000 789C6366 		.ascii	"x\234cf```g\200\000f\006)F)&)\000\001\274\000_"
ARM GAS  C:\cygwin\tmp\cctIbj0U.s 			page 2


  32      60606067 
  32      80006606 
  32      29462926 
  32      290001BC 
  33              		.text
  34              		.section	.gnu.lto_nvicEnableVector.652bd5c1,"",%progbits
  35 0000 789C9552 		.ascii	"x\234\225RKk\023Q\024\276\337\235\311sJ\024\227\021"
  35      4B6B1351 
  35      14BEDF9D 
  35      C9734A14 
  35      9711
  36 0012 D185A10B 		.ascii	"\321\205\241\013i\306\205?\300\342\272 \376\003\311"
  36      69C6853F 
  36      C0E2BA20 
  36      FE03C9
  37 0021 C6824D4A 		.ascii	"\306\202MJ+\342\2567ih\026\012-\331X,\331\330\212\217"
  37      2BE2AE37 
  37      6968160A 
  37      2DD9582C 
  37      D9D88A8F 
  38 0035 D854AB51 		.ascii	"\330T\253Q\033\253\014\005\245\013\265\006#\226P\322"
  38      1BAB0C05 
  38      A50BB506 
  38      239650D2 
  39 0045 85F1DD85 		.ascii	"\205\361\335\205\251\201d\026\245\2363\023\025i\027"
  39      A9816416 
  39      A59E3313 
  39      156917
  40 0054 3ACCDC7B 		.ascii	":\314\334{\317\343;\337w\316\035M\354|\302\364\365j"
  40      CFE33BDF 
  40      77CE1D4D 
  40      EC7CC2F4 
  40      F56A
  41 0066 421CA31D 		.ascii	"B\034\243\035\232\200\234x%D\322/\001>\010\210\021\211"
  41      9A809C78 
  41      2544D22F 
  41      013E0888 
  41      1189
  42 0078 117C910D 		.ascii	"\021|\221\015\211\011+?it_SJ}\317\256$OZ\260\245\020"
  42      89092B3F 
  42      69745F53 
  42      4A7DCFAE 
  42      244F5AB0 
  43 008e 3FA45B07 		.ascii	"?\244[\007\327\321M9\225\325\367c\272\026\205\240\363"
  43      D7D14D39 
  43      95D5F763 
  43      BA1685A0 
  43      F3
  44 009f 42A1F9D2 		.ascii	"B\241\371\322\370,m\211Cl\226\262\313\223^6\245\316"
  44      F82C6D89 
  44      436C96B2 
  44      CB935E36 
  44      A5CE
  45 00b1 66F149E1 		.ascii	"f\361I\341\371\236\310\264R)ky^\035\327m\251\341\006"
  45      F99EC8B4 
  45      52296B79 
  45      5E1DD76D 
ARM GAS  C:\cygwin\tmp\cctIbj0U.s 			page 3


  45      A9E106
  46 00c4 34AA879B 		.ascii	"4\252\207\233\010\343\026\302\202\\\002yD(\373\365\225"
  46      08E316C2 
  46      825C0279 
  46      4428FBF5 
  46      95
  47 00d5 6645D78E 		.ascii	"fE\327\216:u\313\205\027\225\016r\355\027\362\366.\310"
  47      3A75CB85 
  47      17950E72 
  47      ED17F2F6 
  47      2EC8
  48 00e7 594438BD 		.ascii	"YD8\275\221\336zgx\323${\257\253\026\005xA\373\334>"
  48      91DE7A67 
  48      78D3247B 
  48      AFAB1605 
  48      7841FBDC 
  49 00fc 4B6D6F4F 		.ascii	"KmoO\0277\314\020\300\331\222p\272\306\213\007\314\353"
  49      1737CC10 
  49      C0D99270 
  49      BAC68B07 
  49      CCEB
  50 010e A3A3C74F 		.ascii	"\243\243\307O\2137\300K\220\027\203}B\324\251\020\017"
  50      8B37C04B 
  50      9017837D 
  50      42D4A910 
  50      0F
  51 011f E88394BC 		.ascii	"\350\203\224\274kU\244V3\265O\036\256\335\222\262%!"
  51      6B55A456 
  51      33B54F1E 
  51      AEDD92B2 
  51      2521
  52 0131 AA185DF3 		.ascii	"\252\030]\363\272\266F.R2S^/k<\001\237.0G2\253X\312"
  52      BAB6462E 
  52      5232535E 
  52      2F6B3C01 
  52      9F2E3047 
  53 0149 825328B8 		.ascii	"\202S(\270\371M\345t\016\372\325\322\250\012\261\362"
  53      F94DE574 
  53      0EFAD5D2 
  53      A80AB1F2 
  54 0159 F5FA4AD9 		.ascii	"\365\372J\331\357\270\004\233W\337\266\277\206r\230"
  54      EFB8049B 
  54      57DFB6BF 
  54      867298
  55 0168 4A2A65F9 		.ascii	"J*e\371l\031\300\035\352\366.\225\341\240=s\311\350"
  55      6C19C01D 
  55      EAF62E95 
  55      E1A03D73 
  55      C9E8
  56 017a C9AB345D 		.ascii	"\311\2534]J\020\363\310a\323\271\030\212\\\274\\n\373"
  56      4A10F3C8 
  56      61D3B918 
  56      8A5CBC5C 
  56      6EFB
  57 018c CD59954E 		.ascii	"\315Y\225NZ\373\211\032\367\320\323\342\026h\020\367"
  57      5AFB891A 
  57      F7D0D3E2 
ARM GAS  C:\cygwin\tmp\cctIbj0U.s 			page 4


  57      166810F7 
  58 019c 61923856 		.ascii	"a\2228VZ\033\373\230\351\210\367Q\224`\033o\246J]L\356"
  58      5A1BFB98 
  58      E988F751 
  58      94601B6F 
  58      A64A5D4C 
  59 01b1 F508141D 		.ascii	"\365\010\024\035\261\251Z\246\242\271I~.A\270v\247\303"
  59      B1A95AA6 
  59      A2B9497E 
  59      2E41B876 
  59      A7C3
  60 01c3 00B908B4 		.ascii	"\000\271\010\2648>\376\314\347\200\016\012<p@\277\207"
  60      383EFECC 
  60      E7800E0A 
  60      3C7040BF 
  60      87
  61 01d4 10C4E130 		.ascii	"\020\304\3410%\272u\232\322u\032\344\377k\014\377\332"
  61      25BA759A 
  61      D2751AE4 
  61      FF6B0CFF 
  61      DA
  62 01e5 A481874E 		.ascii	"\244\201\207N\223\330\321\344\001[v\341\0217\351s\232"
  62      93D8D1E4 
  62      015B76E1 
  62      1137E973 
  62      9A
  63 01f6 5CE0260D 		.ascii	"\\\340&\015\207\244\3614\372\3374%\207F\356N\363\370"
  63      87A4F134 
  63      FADF3425 
  63      8746EE4E 
  63      F3F8
  64 0208 0FCDA24B 		.ascii	"\017\315\242KSC\322\332r&\311\336:\351\243\337\203\320"
  64      5343D2DA 
  64      7226C9DE 
  64      3AE9A3DF 
  64      83D0
  65 021a 47A251D3 		.ascii	"G\242Q\323}\023\303\346\231\323g\315\301\304\320\271"
  65      7D13C3E6 
  65      99D367CD 
  65      C1C4D0B9 
  66 022a 61339618 		.ascii	"a3\226\030\030H\304\315\336S}'\372.\230\361\363\375"
  66      1848C4CD 
  66      DE537D27 
  66      FA2E98F1 
  66      F3FD
  67 023c B1684C20 		.ascii	"\261hL \256\017\016\365'~\002\340\355+\014"
  67      AE0F0EF5 
  67      277E02E0 
  67      ED2B0C
  68              		.text
  69              		.section	.gnu.lto_nvicDisableVector.652bd5c1,"",%progbits
  70 0000 789C8D51 		.ascii	"x\234\215QMk\023Q\024}\347\276\311$v\244\212\253\022"
  70      4D6B1351 
  70      147DE7BE 
  70      C92476A4 
  70      8AAB12
  71 0013 115D58BA 		.ascii	"\021]X\272\220\346\375\005EpW\220\376\203\222\215\202"
ARM GAS  C:\cygwin\tmp\cctIbj0U.s 			page 5


  71      90E6FD05 
  71      45705790 
  71      FE83928D 
  71      82
  72 0024 49C48AB8 		.ascii	"I\304\212\270\353K\023\353B\241\245\033\003m6Vm56\375"
  72      EB4B13EB 
  72      42A1A51B 
  72      036D3656 
  72      6D3536FD 
  73 0038 88552C0A 		.ascii	"\210U,\012CAQ\360\203jE)\022\021#\370\265hk\241\231"
  73      434151F0 
  73      836A4529 
  73      121123F8 
  73      B5686BA1 
  74 004d 85ADF7CE 		.ascii	"\205\255\367\316t!t\3430s\337\273\347\235{\316\275\363"
  74      742174E3 
  74      3073DFBB 
  74      E79D7BCE 
  74      BDF3
  75 005f B4DAF924 		.ascii	"\264\332\371$\371\313\220R\206Wh\005\032z\245T>A\200"
  75      F9CB9052 
  75      86576805 
  75      1A7AA554 
  75      3E4180
  76 0072 6C14541F 		.ascii	"l\024T\037\241\017\337i\2250\344WJ^\307Mk\355\312\233"
  76      A10FDF69 
  76      9530E457 
  76      4A5EC74D 
  76      6BEDCA9B 
  77 0086 99B64B6D 		.ascii	"\231\266Km\001\227\375\246H\006\343\350`\312\322\207"
  77      0197FDA6 
  77      4806E3E8 
  77      60CAD287 
  78 0096 2F038E4E 		.ascii	"/\003\216NA\361\376au\375\245\367\215\002\302!I\347"
  78      41F1FE61 
  78      75FDA5F7 
  78      8D02C221 
  78      49E7
  79 00a8 879F955C 		.ascii	"\207\237\225\\I\311\221t\356q\365\351\236\3661k\373"
  79      49C99174 
  79      EE71F5E9 
  79      9EF6316B 
  79      FB
  80 00b9 FDE7B3F6 		.ascii	"\375\347\263\366\250\023\220\306\0044\353\3416\222\270"
  80      A81390C6 
  80      0434EBE1 
  80      3692B8
  81 00c8 83A46248 		.ascii	"\203\244bH\241\202v\241\257\026\377\274\367\334\"{\357"
  81      A18276A1 
  81      AF16FFBC 
  81      F7DC227B 
  81      EF
  82 00d9 8D3C7117 		.ascii	"\215<q\027.x\235\332\347\333\255\255\261[\2435\247\005"
  82      2E789DDA 
  82      E7DBADAD 
  82      B15BA335 
  82      A705
ARM GAS  C:\cygwin\tmp\cctIbj0U.s 			page 6


  83 00eb 103A71A1 		.ascii	"\020:q\241\2439\304\034\0111\011\256`J5\270R\306\372"
  83      A339C41C 
  83      093109AE 
  83      604A35B8 
  83      52C6FA
  84 00fe 4A24AB5E 		.ascii	"J$\253^F\241>\260Y:)b\033D\033\354C\370\365vd~\2674"
  84      46A13EB0 
  84      593A2962 
  84      1B441BEC 
  84      43F8F576 
  85 0116 CAA598E4 		.ascii	"\312\245\230\344>\226\321_\277\274\244#\222f\022#\205"
  85      3E96D15F 
  85      BFBCA423 
  85      92661223 
  85      85
  86 0127 A61BE50E 		.ascii	"\246\033\345\016C\\\364hp\360I<,:\250P\015\213\012\037"
  86      435CF468 
  86      70F0493C 
  86      2C3AA850 
  86      0D8B0A1F 
  87 013b B729311C 		.ascii	"\267)1\034N21\322Y\247\010\024\234\221\205aH\316\012"
  87      4E3231D2 
  87      59A70814 
  87      9C918561 
  87      48CE0A
  88 014e 6B3F6DD9 		.ascii	"k?m\331\021\005\327.\024l\253\014\375\251\361z1\021"
  88      1105D72E 
  88      146CAB0C 
  88      FDA9F17A 
  88      3111
  89 0160 424AD2EB 		.ascii	"BJ\322\353\357\232?Z\313\030\311[\353\307\003\212c\212"
  89      EF9A3F5A 
  89      CB18C95B 
  89      EBC7038A 
  89      638A
  90 0172 7FD4347B 		.ascii	"\177\3244{\311ap\343\252\327Y\261E\004\224\300\014\312"
  90      C96170E3 
  90      AAD759B1 
  90      450494C0 
  90      0CCA
  91 0184 580B6F86 		.ascii	"X\013o\206O\256\\[l&\314\244-\346\375\003\001\355\302"
  91      4FAE5C5B 
  91      6C26CCA4 
  91      2DE6FD03 
  91      01EDC2
  92 0197 2C3A79D6 		.ascii	",:y\326\360\322j0\334\211\264\2612\375\342sl\273\223"
  92      F0D26A30 
  92      DC89B4B1 
  92      32FDE273 
  92      6CBB93
  93 01aa FFF569C1 		.ascii	"\377\365i\301\275\320\007;|\366\007\344aN|\020\372\334"
  93      BDD0073B 
  93      7CF607E4 
  93      614E7C10 
  93      FADC
  94 01bc 87F9771C 		.ascii	"\207\371w\034\217\241\007\254WG\336\257\235\020Wa5\230"
  94      8FA107AC 
ARM GAS  C:\cygwin\tmp\cctIbj0U.s 			page 7


  94      5747DEAF 
  94      9D105761 
  94      3598
  95 01ce CC97C29D 		.ascii	"\314\227\302\235\035I\245L\364\346z\315\251\2363\346"
  95      1D49A54C 
  95      F4E67ACD 
  95      A99E33E6 
  96 01de 6CEEDCF9 		.ascii	"l\356\334\371^\223\316e2\271\2549\326\335u\274\353\242"
  96      5E93CE65 
  96      32B9AC39 
  96      D6DD75BC 
  96      EBA2
  97 01f0 C95E389D 		.ascii	"\311^8\235N\245\025\262\177\001@\014\344:"
  97      4EA515B2 
  97      7F01400C 
  97      E43A
  98              		.text
  99              		.section	.gnu.lto_nvicSetSystemHandlerPriority.652bd5c1,"",%progbits
 100 0000 789C6D51 		.ascii	"x\234mQ=hSQ\024>\337\271//\321\250\025\247\022\027\227"
 100      3D685351 
 100      143EDFB9 
 100      2F2FD1A8 
 100      15A71217 
 101 0015 D0419AB7 		.ascii	"\320A\232\26798)\202[\027G\267\022\205\026\332\274\222"
 101      39382982 
 101      5B1747B7 
 101      128516DA 
 101      BC92
 102 0027 8AB8F5A6 		.ascii	"\212\270\365\246}\342\"\245d*\225\342\020\305j\332\324"
 102      7DE222A5 
 102      642A95E2 
 102      10C56ADA 
 102      D4
 103 0038 561D747A 		.ascii	"V\035tz:H)Z\015\024*\2415\024\"(\202\330\037\010\017"
 103      3A48295A 
 103      0D142AA1 
 103      35142228 
 103      82D81F08 
 104 004d 5AE33909 		.ascii	"Z\3439\011\235\364r\377\316\317\367\235\357\334k\350"
 104      9DF472FF 
 104      CECFF79D 
 104      EFDC6BE8 
 105 005d DF9192B5 		.ascii	"\337\221\222\265\015\242\213r\302\020xj\215\250\220"
 105      0DA28B72 
 105      C210786A 
 105      8DA890
 106 006c 60402F04 		.ascii	"`@/\004\032c\214\341\007\3570\246\302\362t\262\347\261"
 106      1A638CE1 
 106      07EF30A6 
 106      C2F274B2 
 106      E7B1
 107 007e B5F677F1 		.ascii	"\265\366w\361U\367\335\356\210\211\366\270C\203'\350"
 107      55F7DDEE 
 107      8889F6B8 
 107      438327E8 
 108 008e 91948773 		.ascii	"\221\224\207s\033\363]&\003\222\373\353\312\376\307"
 108      1BF35D26 
ARM GAS  C:\cygwin\tmp\cctIbj0U.s 			page 8


 108      0392FBEB 
 108      CAFEC7
 109 009d E4778E18 		.ascii	"\344w\216\030\347\324|S\\\231v\325dG\315\245\203\340"
 109      E7D47C53 
 109      5C9976D5 
 109      6447CDA5 
 109      83E0
 110 00af 00E992B5 		.ascii	"\000\351\222\265\343\341\346\262\275\344Dl0\007#|x\212"
 110      E3E1E6B2 
 110      BDE4446C 
 110      3007237C 
 110      788A
 111 00c1 149E2145 		.ascii	"\024\236!E\342\"\224\221\226\354\3173\373\353\216\271"
 111      E2229491 
 111      96ECCF33 
 111      FBEB8EB9 
 112 00d1 D0E6AD56 		.ascii	"\320\346\255V>\254wu\220\177\216\220\363\377A. \255"
 112      3EAC7775 
 112      907F8E90 
 112      F3FF412E 
 112      20AD
 113 00e3 E93BC1E1 		.ascii	"\351;\301\341F\322\015D\365\351\303#\301\250\300\225"
 113      46D20D44 
 113      F5E9C323 
 113      C1A8C095 
 114 00f3 9E69F14C 		.ascii	"\236i\361Lh[\255\322\373\267[.\342\200BX\300\216\321"
 114      685BADD2 
 114      FBB75B2E 
 114      E2804258 
 114      C08ED1
 115 0106 2D062D4E 		.ascii	"-\006-N\324\020\204\276\3057f=M\015\343_\356\375\232"
 115      D41084BE 
 115      C537663D 
 115      4D0DE35F 
 115      EEFD9A
 116 0119 B9AE244D 		.ascii	"\271\256$M\346&\203j\230\330t;\266\021\227T}T\255W\215"
 116      E626836A 
 116      98D8743B 
 116      B6119754 
 116      7D54AD57 
 117 012e 761B7308 		.ascii	"v\033s\010\213\"\251\206wEh\212\004\177\356N\326\217"
 117      8B22A986 
 117      7745688A 
 117      047FEE4E 
 117      D68F
 118 0140 6BD0B5B5 		.ascii	"k\320\265\265\011{JU\326\033\237\252\211\266\213\332"
 118      097B4A55 
 118      D61B9FAA 
 118      89B68BDA 
 119 0150 AFB3DA5A 		.ascii	"\257\263\332Z=1\213\007\005kC7\3428\236KgKB\243\301"
 119      3D318B07 
 119      056B4337 
 119      E2389E4B 
 119      674B42A3 
 120 0165 C9BD95ED 		.ascii	"\311\275\225\355c\275e\033 \342\004\2261\213\335\366"
 120      63BD651B 
 120      20E20496 
ARM GAS  C:\cygwin\tmp\cctIbj0U.s 			page 9


 120      318BDDF6 
 121 0175 2F48A8B2 		.ascii	"/H\250\262V\272\177\322[\260A!<+\265\361\002\275M\216"
 121      56BA7FD2 
 121      5BB04121 
 121      3C2BB5F1 
 121      02BD4D8E 
 122 0189 B53FE825 		.ascii	"\265?\350%<QG_Q\010\267\256\252\020\3656D\274\364$\360"
 122      3C51475F 
 122      5108B7AE 
 122      AA10F536 
 122      44BCF424 
 123 019e F3998CD7 		.ascii	"\363\231\214\327\231\376\2507\320?\344\215\370\371["
 123      99FEA837 
 123      D03FE48D 
 123      F8F95B
 124 01ad A35ED61F 		.ascii	"\243^\326\037\036\366s\336\345k}W\372\356x\271\333\203"
 124      1EF673DE 
 124      E56B7D57 
 124      FAEE78B9 
 124      DB83
 125 01bf D94C96E2 		.ascii	"\331L\226\342\003\375\271\033C7\363\316H~\320\377\013"
 125      03FDB91B 
 125      4337F3CE 
 125      487ED0FF 
 125      0B
 126 01d0 1F1BBA66 		.ascii	"\037\033\272f"
 127              		.text
 128              		.section	.gnu.lto_.symbol_nodes.652bd5c1,"",%progbits
 129 0000 789C6366 		.ascii	"x\234cf``0e\200\002\246\377\214\365\014\014\023\316"
 129      60603065 
 129      8002A6FF 
 129      8CF50C0C 
 129      13CE
 130 0012 3130D4D7 		.ascii	"10\324\3273\314[\300\301\300\324\300T\317\210\"\320"
 130      33CC5BC0 
 130      C1C0D4C0 
 130      54CF8822 
 130      D0
 131 0023 C854CF84 		.ascii	"\310T\317\204,\300\000\000\232\304\016\252"
 131      2CC00000 
 131      9AC40EAA 
 132              		.text
 133              		.section	.gnu.lto_.refs.652bd5c1,"",%progbits
 134 0000 789C6366 		.ascii	"x\234cf```d\200\002\000\000=\000\005"
 134      60606064 
 134      80020000 
 134      3D0005
 135              		.text
 136              		.section	.gnu.lto_.decls.652bd5c1,"",%progbits
 137 0000 789CBD58 		.ascii	"x\234\275X{P\223W\026\317\315\015\257\020\240\253\273"
 137      7B509357 
 137      16CFCD0D 
 137      AF10A0AB 
 137      BB
 138 0011 DA61BAB3 		.ascii	"\332a\272\263\324\3160\355\266\212\265\356\266\335\177"
 138      D4CE30ED 
 138      B68AB5EE 
ARM GAS  C:\cygwin\tmp\cctIbj0U.s 			page 10


 138      B6DD7F
 139 0020 2A45BBD2 		.ascii	"*E\273\322\035\272lh\375c\353,\245\230Vv\004\034\210"
 139      1DBA6C68 
 139      FD63EB2C 
 139      A5985676 
 139      041C88
 140 0033 3BED7F1F 		.ascii	";\355\177\037\204j\220\207\224\227 \202Q@\220\000\362"
 140      846A9087 
 140      94972082 
 140      51409000 
 140      F2
 141 0044 2A02F216 		.ascii	"*\002\362\026(\010\010*\212\010B|T\020P@Q@(\331s\357"
 141      2808082A 
 141      8A08427C 
 141      54105040 
 141      514028D9 
 142 005a FDBE247C 		.ascii	"\375\276$|\002\333\231\335\331\014'\311\371\316\357"
 142      02DB99DD 
 142      D90C27C9 
 142      F9CEEF
 143 0069 9EFB3BE7 		.ascii	"\236\373;\347\336{\356!X\"\221lC\022\211\021^^\353%"
 143      DE7BEE21 
 143      5822916C 
 143      43128911 
 143      5E5EEB25 
 144 007d 92BF4B25 		.ascii	"\222\277K%\022\031<\363\226\230_\030\244\034\244\012"
 144      12193CF3 
 144      96985F18 
 144      A41CA40A 
 145 008d A45AF2E2 		.ascii	"\244Z\362\342\213\330\034\3701\216 \012\220\"\220u "
 145      8BD81CF8 
 145      318E200A 
 145      90229075 
 145      20
 146 009e AF827C0C 		.ascii	"\257\202|\014\322Ll0\217\002d\012\276w\201\264\361\276"
 146      D24C6C30 
 146      8F02640A 
 146      BE7781B4 
 146      F1BE
 147 00b0 EDE09904 		.ascii	"\355\340\231\004d\221}P\177\342W\025\357W<\207\340_"
 147      64917D50 
 147      7FE25715 
 147      EF573C87 
 147      E05F
 148 00c2 F02DF89D 		.ascii	"\360-\370\235\342\347\204p$r\304\346@\274\037\361\213"
 148      E2E78470 
 148      2472C4E6 
 148      40BC1FF1 
 148      8B
 149 00d3 C464B702 		.ascii	"\304d\267\002\177\342\303\027\006\376\003\304\205\367"
 149      7FE2C317 
 149      06FE03C4 
 149      85F7
 150 00e1 E1C57F56 		.ascii	"\341\305\177V\363|\203\320R\177SRTY8\335i?\"E\216r\027"
 150      F37C83D0 
 150      527F5352 
 150      545938DD 
ARM GAS  C:\cygwin\tmp\cctIbj0U.s 			page 11


 150      693F2245 
 151 00f8 A256C5B7 		.ascii	"\242V\305\267\246X\203\252\220\313\210ZW;\333\"\307"
 151      A65883AA 
 151      90CB885A 
 151      573BDB22 
 151      C7
 152 0109 5244BE67 		.ascii	"RD\276g\246\334\356\221\277\225\307q\234\226\253\277"
 152      A6DCEE91 
 152      BF95C771 
 152      9C96ABBF 
 153 0119 81CC2EA2 		.ascii	"\201\314.\242\265\20669^CAa\247\317G\333\300\370W\345"
 153      B5863639 
 153      5E434161 
 153      A7CF47DB 
 153      C0F857E5 
 154 012d D4349436 		.ascii	"\3244\2246\227eGU\262lN\360H\332z\237\313tD\256\362"
 154      97654755 
 154      B26C4EF0 
 154      48DA7A9F 
 154      CB7444AE 
 155 0142 2C703459 		.ascii	",p4Y\023\337\362\012\307\311\320Y$Gz\204Q\036z\213P"
 155      13DFF20A 
 155      C7C9D059 
 155      24477A84 
 155      511E7A8B 
 156 0157 25A3C94B 		.ascii	"%\243\311K\313q\341\\\234\206\263ku\224\240\034\344"
 156      CB71E15C 
 156      9C86B36B 
 156      7594A01C 
 156      E4
 157 0168 8C7291B3 		.ascii	"\214r\221\263\004\025\"W@P,\312\207\207\005\360\020"
 157      04152257 
 157      40502CCA 
 157      878705F0 
 157      10
 158 0179 1C372FD4 		.ascii	"\0347/\324FX!\271\353\362\203\212\227\031D)\314e\036"
 158      465821B9 
 158      EBF2838A 
 158      97194429 
 158      CC651E
 159 018c 5D472814 		.ascii	"]G(\024\001\2053f\012\300\310\024\240\266\240\250\332"
 159      01853366 
 159      0AC0C814 
 159      A0B6A0A8 
 159      DA
 160 019d 4E060B44 		.ascii	"N\006\013DA\237\323\314\034\353\316OS\230\236\225 \372"
 160      419FD3CC 
 160      1CEBCE4F 
 160      53989E95 
 160      20FA
 161 01af B0E0C8D3 		.ascii	"\260\340\310\323&\305\372$pK\010\274$C\336\353L\014"
 161      26C5FA24 
 161      704B08BC 
 161      2443DEEB 
 161      4C0C
 162 01c1 24A80CC1 		.ascii	"$\250\014\301\266E\245H\306\274\226\364\3503\344\270"
 162      B645A548 
ARM GAS  C:\cygwin\tmp\cctIbj0U.s 			page 12


 162      C6BC96F4 
 162      E833E4B8 
 163 01d1 19D1BC15 		.ascii	"\031\321\274\025\365\364\345a\227\014NW4Y\230\223\201"
 163      F5F4E561 
 163      970C4E57 
 163      34599893 
 163      81
 164 01e2 53395D38 		.ascii	"S9]8\267h4\":\012\375`\342%!\337)/T\216\\V\340\326_"
 164      B7683422 
 164      3A0AFD60 
 164      E22521DF 
 164      292F548E 
 165 01fb BAF8C869 		.ascii	"\272\370\310iE\032\025\224\3069\201FG\364\241f\005\016"
 165      451A1594 
 165      C6398146 
 165      47F4A166 
 165      050E
 166 020d 676B5CD3 		.ascii	"gk\\\323\336\360\314\212\322\320\305dZ\267r\365F\343"
 166      DEF0CC8A 
 166      D2D0C564 
 166      5AB772F5 
 166      46E3
 167 021f 076400AA 		.ascii	"\007d\000\252\264`P)0\250\242\014\022+*5\0168\2219("
 167      B4605029 
 167      30A8A20C 
 167      122B2A35 
 167      0E389139 
 168 0234 7A98A2B1 		.ascii	"z\230\242\261a\016\316\230\034\220\020\316[88/8\250"
 168      610ECE98 
 168      1C9010CE 
 168      5B38382F 
 168      38A8
 169 0246 A60E843D 		.ascii	"\246\016\204=\263\216\355\231\330\366c\015\230\252F"
 169      B38EED99 
 169      D8F6630D 
 169      98AA46
 170 0255 EAF2E8E5 		.ascii	"\352\362\350\345\033\347d\270\230\371?\334\177\246\303"
 170      1BE764B8 
 170      98F93FDC 
 170      7FA6C3
 171 0264 06575245 		.ascii	"\006WRE\032\177w:\033\011+>\031\317\341\227%\350-g\364"
 171      1A7F773A 
 171      1B092B3E 
 171      19CFE197 
 171      25E82D67 
 172 0279 062C7723 		.ascii	"\006,w#,\367:~\271k \364Za\271k\236\033\020Y\356\006"
 172      2CF73A7E 
 172      B96B20F4 
 172      5A61B96B 
 172      9E1B1059 
 173 028f C856BD79 		.ascii	"\310V\275y\271\327\231V[j\350\315\376\333\362N\233V"
 173      B9D79956 
 173      5B6AE8CD 
 173      FEDBF24E 
 173      9B56
 174 02a1 723A97D9 		.ascii	"r:\227\331\376\033\342\364\0028\2553;m\260\330C\327"
 174      FE1BE2F4 
ARM GAS  C:\cygwin\tmp\cctIbj0U.s 			page 13


 174      0238AD33 
 174      3B6DB0D8 
 174      43D7
 175 02b3 A3C38E62 		.ascii	"\243\303\216b98\325\374\002\247\250\031\311a\314p\024"
 175      3938D5FC 
 175      02A7A819 
 175      C961CC70 
 175      14
 176 02c4 372DA367 		.ascii	"7-\243gSg\240\321w]4j\035\351\351\214x\205\350\207."
 176      5367A0D1 
 176      775D346A 
 176      1DE9E98C 
 176      7885E887 
 177 02d9 F6F659E3 		.ascii	"\366\366Y\343\013,5\017\033\263\276a\023\374\242\315"
 177      0B2C350F 
 177      1BB3BE61 
 177      13FCA2CD 
 178 02e9 0F23CE77 		.ascii	"\017#\316w\2349+\245\3769\251e-P\260Z0\223i\030CT\265"
 178      9C392BA5 
 178      FE39A965 
 178      2D50B05A 
 178      30936918 
 179 0300 21AA6131 		.ascii	"!\252a1\216s\"\023p\374\004`\260\330V\235$X\364\272"
 179      8E732213 
 179      70FC0460 
 179      B0D8569D 
 179      2458F4BA 
 180 0314 33EA60CE 		.ascii	"3\352`\316KKf\272\034\327\304Q8\307\271\250\351\376"
 180      4B4B66BA 
 180      1CD7C451 
 180      38C7B9A8 
 180      E9FE
 181 0326 BC08F076 		.ascii	"\274\010\360v\012\277\204\326\010\203h\015\031\235^"
 181      0ABF84D6 
 181      0883680D 
 181      199D5E
 182 0335 B0B244B7 		.ascii	"\260\262D\267\255\206\036\314\253j\262\307\235,\356"
 182      AD861ECC 
 182      AB6AB2C7 
 182      9D2CEE
 183 0344 9607B5B1 		.ascii	"\226\007\265\261\012\026\2055\335\202u\372H;J\373\013"
 183      0A168535 
 183      DD8275FA 
 183      483B4AFB 
 183      0B
 184 0355 A20E745F 		.ascii	"\242\016t_\323\263\234\255'\352\342]\355\023\253\225"
 184      D3B39CAD 
 184      27EAE25D 
 184      ED13AB95 
 185 0365 A3E811A2 		.ascii	"\243\350\021\242\270\312\242\250-\032O\265\026Gq\031"
 185      B8CAA2A8 
 185      2D1A4FB5 
 185      16477119 
 186 0375 E05728FC 		.ascii	"\340W(\374\032\345\325#\360\312\272q\3448\306W\030\257"
 186      1AE5D523 
 186      F0CABA71 
 186      E438C657 
ARM GAS  C:\cygwin\tmp\cctIbj0U.s 			page 14


 186      18AF
 187 0387 43C78DA7 		.ascii	"C\307\215\247\034\360\000S\222\252\217\3073R\034\325"
 187      1CF00053 
 187      92AA8FC7 
 187      33521CD5 
 188 0397 3B33D2CF 		.ascii	";3\322\317a|\233\031\233.\367\353Y\321\325Q]\333<\333"
 188      617C9B19 
 188      9B2EF7EB 
 188      59D1D551 
 188      5DDB3CDB 
 189 03ab 2DC3A3CC 		.ascii	"-\303\243\314(,\222\202_\244\373\005-\231\216x\202\217"
 189      282C9282 
 189      5FA4FB05 
 189      2D998E78 
 189      828F
 190 03bd BDF3F23D 		.ascii	"\275\363\362=\266D:j|\366\240\341\264\015\236c\306\271"
 190      B6443A6A 
 190      7CF6A0E1 
 190      B40D9E63 
 190      C6B9
 191 03cf 84C824E6 		.ascii	"\204\310$\346\226\303D7\226\247\2649\340Ef\354H\315"
 191      96C34437 
 191      96A7B439 
 191      E04566EC 
 191      48CD
 192 03e1 CA52B091 		.ascii	"\312R\260\221\324\330\337\0217\257\300ZL\215G&/\307"
 192      D4D8DF11 
 192      37AFC05A 
 192      4C8D4726 
 192      2FC7
 193 03f3 F06C6941 		.ascii	"\360liAy\230\2750\3126\"\347H9\315\226\347\260\234\262"
 193      7998BD30 
 193      CA3622E7 
 193      4839CD96 
 193      E7B09CB2 
 194 0407 7DC93D4F 		.ascii	"}\311=O\346S\376.\255\215\365\311\335v+\347xD\310\361"
 194      E653FE2E 
 194      AD8DF5C9 
 194      DD762BE7 
 194      7844C8F1 
 195 041b 30CB71CF 		.ascii	"0\313q\317\245\214\304\027v\312O\000\277O\341\017h\216"
 195      A58CC417 
 195      76CA4F00 
 195      BF4FE10F 
 195      688E
 196 042d 47841CCF 		.ascii	"G\204\034\317/\236\231p\3001\214hv\375L\024K\216\216"
 196      2F9E9970 
 196      C0318C68 
 196      76FD4C14 
 196      4B8E8E
 197 0440 12CDAD8B 		.ascii	"\022\315\255\213\317\341\211:\3214\247\032\312\030\321"
 197      CFE1893A 
 197      D134A71A 
 197      CA18D1
 198 044f 498A8FE8 		.ascii	"I\212\217\350\325v\331P}\202\3529\217\256\026\331\256"
 198      D576D950 
 198      7D82EA39 
ARM GAS  C:\cygwin\tmp\cctIbj0U.s 			page 15


 198      8FAE16D9 
 198      AE
 199 0460 CC744260 		.ascii	"\314tB`\372\2101\235\035<W\343df\212\350\201\037\007"
 199      FA88319D 
 199      1D3C57E3 
 199      64668AE8 
 199      811F07
 200 0473 F8430A9F 		.ascii	"\370C\012\237\244L'\004\246\213\265s\355\012Kt\363j"
 200      A44C2704 
 200      A68BB573 
 200      ED0A4B74 
 200      F36A
 201 0485 E8133D53 		.ascii	"\350\023=Si\012|\024/\331\323\012~OO\352*n\333\261\270"
 201      690A7C14 
 201      2FD9D30A 
 201      7E4F4FEA 
 201      2A6EDBB1 
 202 049a 4E528031 		.ascii	"NR\2001{<\301\226\002\342~M\364S\341U\303\016T\327X"
 202      7B3CC196 
 202      02E27E4D 
 202      F453E155 
 202      C30E54D7 
 203 04af 115D3F7F 		.ascii	"\021]?\177ul\225m>#\004\366\214\005\026s\263T&^\201"
 203      756C956D 
 203      3E2304F6 
 203      8C051673 
 203      B354265E 
 204 04c4 69403FA5 		.ascii	"i@?\245\350Y\312tF`z\275\371\346\200\003>\306\230\346"
 204      E859CA74 
 204      46607ABD 
 204      F9E68003 
 204      3EC698E6 
 205 04d8 965D33B0 		.ascii	"\226]3\260\0358I\253\304\344\354\302\025;\234\305\214"
 205      1D3849AB 
 205      C4E4ECC2 
 205      153B9CC5 
 205      8C
 206 04e9 9AFCC139 		.ascii	"\232\374\30199\013\203\324+\247\271\334\250\337\241"
 206      390B83D4 
 206      2BA7B9DC 
 206      A8DFA1
 207 04f8 0DC26B2D 		.ascii	"\015\302k-ys\325\221\002\332W0\361q<\307e\275L\346B"
 207      7973D591 
 207      02DA5730 
 207      F1713CC7 
 207      65BD4CE6 
 208 050d 7350420F 		.ascii	"sPB\017J\327\232\030\240\347\224\306\357\341M\242\343"
 208      4AD79A18 
 208      A0E794C6 
 208      EFE14DA2 
 208      E3
 209 051e 22C27479 		.ascii	"\"\302tyo\266nF]\200\354\346\221B\245\200\220,\200\032"
 209      6FB66E46 
 209      5D80ECE6 
 209      9142A580 
 209      902C801A 
 210 0532 5DADDE1A 		.ascii	"]\255\336\032\220\244\226\314\363HSM\\\020\371\254\020"
ARM GAS  C:\cygwin\tmp\cctIbj0U.s 			page 16


 210      90A496CC 
 210      F348534D 
 210      5C10F9AC 
 210      10
 211 0543 7C0E897D 		.ascii	"|\016\211}\032,\221\034\247\323\023$\234|t\235G\012"
 211      1A2C911C 
 211      A7D31324 
 211      9C7C749D 
 211      470A
 212 0555 F5802F56 		.ascii	"\365\200/Vf\344Y\001yK\214\034\024!+\005\344m1\362\216"
 212      66E45901 
 212      794B8C1C 
 212      14212B05 
 212      E46D31F2 
 213 056a 08592020 		.ascii	"\010Y  \373\304\310\233\242\210\252\204\210\356\212"
 213      FBC4C89B 
 213      A288AA84 
 213      88EE8A
 214 0579 23BA6746 		.ascii	"#\272gF~\317/\3726\265\004\265\200\375Gj\"h\270-P\224"
 214      7ECF2FFA 
 214      36B504B5 
 214      80FD476A 
 214      2268B82D 
 215 058f D4152DA2 		.ascii	"\324\025-\242\015(L\272\001\035\006\211\000\321\202"
 215      0D284CBA 
 215      011D0689 
 215      00D182
 216 059e 84837020 		.ascii	"\204\203p \032\220\357@\016\201D\202\374\014X#\332@"
 216      1A90EF40 
 216      0E814482 
 216      FC0C5823 
 216      DA40
 217 05b0 2F3DCAF6 		.ascii	"/=\312\366<\341\000'\030\215\362\034\204s\215\306Dl"
 217      3CE10027 
 217      188DF21C 
 217      84738DC6 
 217      446C
 218 05c2 0B05B6FD 		.ascii	"\013\005\266\375b\266\003\"d\365\233)\233\321\024 \037"
 218      62B60322 
 218      64F59B29 
 218      9BD11420 
 218      1F
 219 05d3 F348E14C 		.ascii	"\363H\341L\241'\"d\276\340\263W\354\363\206\031InpC"
 219      A1272264 
 219      BEE0B357 
 219      ECF38619 
 219      496E7043 
 220 05e7 AEDE9A43 		.ascii	"\256\336\232C\004\"\021\272\024S?0\376ta\336\021\255"
 220      042211BA 
 220      14533F30 
 220      FE7461DE 
 220      11AD
 221 05f9 755D2E53 		.ascii	"u].S(\006\022\364\277H\026%Q\027\205lQ4xk5\367\020\204"
 221      280612F4 
 221      BF481625 
 221      5117856C 
 221      5134786B 
ARM GAS  C:\cygwin\tmp\cctIbj0U.s 			page 17


 222 0611 92D0439C 		.ascii	"\222\320C\234\376>Wg\2558l\356o)\330|\252c\245\012\332"
 222      FE3E5767 
 222      AD386CEE 
 222      6F29D87C 
 222      AA63A50A 
 223 0626 56C127A0 		.ascii	"V\301'\240\253\007#GY\3150\330\222\321\027\215\011a"
 223      AB072347 
 223      59CD30D8 
 223      92D1178D 
 223      0961
 224 0638 56F43046 		.ascii	"V\3640F\323\303Y2\034s\320\011_e'\365\260\246-O.t\017"
 224      D3C35932 
 224      1C73D009 
 224      5F6527F5 
 224      B0A62D4F 
 225 064f DA5FD43D 		.ascii	"\332_\324=\324t\0256:\341\0016\276}\272\276\310\016"
 225      D4741536 
 225      3AE10136 
 225      BE7DBABE 
 225      C80E
 226 0661 DF61CAD3 		.ascii	"\337a\312\323\211\306[\266x\230)YI\311\371lZ\312\242"
 226      89C65BB6 
 226      78982959 
 226      49C9F96C 
 226      5ACAA2
 227 0674 AC43536B 		.ascii	"\254CSk\215\307\231\255,\362\207Nk\374\230wqg\366\011"
 227      8DC799AD 
 227      2CF2874E 
 227      6BFC9877 
 227      7167F609 
 228 0688 AB792F51 		.ascii	"\253y/QF\311\211-\010?c6\341Nwdw\372\314w\223\221\254"
 228      46C9892D 
 228      083F6336 
 228      E14E7764 
 228      77FACC77 
 229 069f AE28883A 		.ascii	"\256(\210:\034\227{\226\215\264\247\377\303Le$;\254"
 229      1C977B96 
 229      8DB4A7FF 
 229      C34C6524 
 229      3BAC
 230 06b1 5CFB32A4 		.ascii	"\\\3732\244|\355K\227\3228\322\273{\323\034\304E=M\352"
 230      7CED4B97 
 230      D238D2BB 
 230      7BD31CC4 
 230      453D4DEA 
 231 06c5 8C8E4B09 		.ascii	"\214\216K\011\374\204t\2150\2106\004\363\203W\354\305"
 231      FC84748D 
 231      30883604 
 231      F38357EC 
 231      C5
 232 06d6 457D4574 		.ascii	"E}Et\335\364c\243=~\316\202H\235\351hq\2424_&jw\313"
 232      DDF463A3 
 232      3D7ECE82 
 232      489DE968 
 232      71A2345F 
 233 06ee 857E7BBC 		.ascii	"\205~{\274\310lZNS \307\0212VS\357\\\212g\305\374uZ"
 233      C86C5A4E 
ARM GAS  C:\cygwin\tmp\cctIbj0U.s 			page 18


 233      5320C711 
 233      325653EF 
 233      5C8A67C5 
 234 0705 52EF8DA5 		.ascii	"R\357\215\2459\340Hf\033=\225{C\201c\231243\324\310"
 234      39E04866 
 234      1B3D957B 
 234      43816399 
 234      323433D4 
 235 071a AEB3CD44 		.ascii	"\256\263\315Dm\010O/\267\307\011\3146<\036?!\303\251"
 235      6D084F2F 
 235      B7C709CC 
 235      363C1E3F 
 235      21C3A9
 236 072d 4C09AB2F 		.ascii	"L\011\253/\270\312\200\357\321\273\346\361\251\203\266"
 236      B8CA80EF 
 236      D1BBE6F1 
 236      A983B6
 237 073c 3883D94A 		.ascii	"8\203\331J2\263\313Yn\267\321\274G\025\033mV\316^\241"
 237      32B3CB59 
 237      6EB7D1BC 
 237      47151B6D 
 237      56CE5EA1 
 238 0750 90BD3768 		.ascii	"\220\2757h\362\302\322\263\015\230O\207N\2709\012 \035"
 238      F2C2D2B3 
 238      0D984F87 
 238      4EB8390A 
 238      201D
 239 0762 C9341D67 		.ascii	"\3114\035gi:\012\205t\264%\244\017[[\242\343\245\253"
 239      693A0A85 
 239      74B425A4 
 239      0F5B5BA2 
 239      E3A5AB
 240 0775 A02B1B7B 		.ascii	"\240+\033{\027\355q\346R\226\012\306rA\303\225\332\341"
 240      17ED71E6 
 240      52960AC6 
 240      7241C395 
 240      DAE1
 241 0787 1C66AB2C 		.ascii	"\034f\253,\216\233c\267\374N\2426j\271\223\012\254\227"
 241      8E9B63B7 
 241      FC4EA236 
 241      6AB9930A 
 241      AC97
 242 0799 2D69BC1C 		.ascii	"-i\274\034\371\306+\2660\353\011[\004\332\366\344\236"
 242      F9C62BB6 
 242      30EB095B 
 242      04DAF6E4 
 242      9E
 243 07aa 1CE8C02B 		.ascii	"\034\350\300+G[!D{\216\337+c\335yN\342\213\262\034\002"
 243      475B2144 
 243      7B8EDF2B 
 243      63DD794E 
 243      E28BB21C 
 244 07bf 48A50154 		.ascii	"H\245\001T\322\000*\204\000\016\317\025\327aK4\011"
 244      D2002A84 
 244      000ECF15 
 244      D7614B34 
 244      09
ARM GAS  C:\cygwin\tmp\cctIbj0U.s 			page 19


 245 07d0 7745F444 		.ascii	"wE\364DI.4\000g\371\325\253\035\347Xc\343m\331!:\362"
 245      492E3400 
 245      67F9D5AB 
 245      1DE75863 
 245      E36DD921 
 246 07e6 1D62527B 		.ascii	"\035bR{\305-v\000\350\355\237w\257xd\2256\246N\210\""
 246      C52D7600 
 246      E8ED9F77 
 246      AF786495 
 246      36A64E88 
 247 07fb 979DDCAA 		.ascii	"\227\235\334\252Se{\304A\324\000\255ZJ\253\236\322\252"
 247      53657BC4 
 247      41D400AD 
 247      5A4AAB9E 
 247      D2AA
 248 080d 13683D9B 		.ascii	"\023h=\233\327\017\277\020\304\212\350\361\353\027\242"
 248      D70FBF10 
 248      C48AE8F1 
 248      EB17A2
 249 081c 14B88C05 		.ascii	"\024\270\214\005q\"\266d\2165\240\373\211z\360hD\247"
 249      7122B664 
 249      8E35A0FB 
 249      897AF068 
 249      44A7
 250 082e 0C57325B 		.ascii	"\014W2[Y]\351cvf\265D__8t\277\314\326\334\033l\260\354"
 250      595DE963 
 250      7666B544 
 250      5F5F3874 
 250      BFCCD6DC 
 251 0846 125CC95D 		.ascii	"\022\\\311]n\230\320_Tp\374m~L\212Q\237\345m\3162\232"
 251      6E98D05F 
 251      5470FC6D 
 251      7E4C8A51 
 251      9FE56DCE 
 252 085c 834C37FF 		.ascii	"\203L7\377#\323\315\237\262<\326\334$\304\026\010\320"
 252      23D3CD9F 
 252      B23CD6DC 
 252      24C41608 
 252      D0
 253 086d 2631B459 		.ascii	"&1\264Y\004\0357yM\022C\223-\241\211a:\355F@\026I\327"
 253      041D3779 
 253      4D124393 
 253      2DA18961 
 253      3AED4640 
 254 0884 A0621E29 		.ascii	"\240b\036)\354sT\"rj49\315\027;\325/\011+Q\243;L\271"
 254      EC735422 
 254      726A3439 
 254      CD173BD5 
 254      2F092B51 
 255 089c 9225F841 		.ascii	"\222%\370A\214-[\232\2020\335,\271'u\300\340$\017\025"
 255      8C2D5B9A 
 255      8230DD2C 
 255      B92775C0 
 255      E0240F15 
 256 08b0 CA143AB5 		.ascii	"\312\024:\265\204\253F7\252\027\274&\210\275\276\276"
 256      84AB4637 
 256      AA17BC26 
ARM GAS  C:\cygwin\tmp\cctIbj0U.s 			page 20


 256      88BDBEBE 
 257 08c0 1419699A 		.ascii	"\024\031i\232\277t\371\371\315a-\232\302\312[>,3t\314"
 257      BF74F9F9 
 257      CD612D9A 
 257      C2CA5B3E 
 257      2C3374CC 
 258 08d4 044D5C76 		.ascii	"\004M\\v~\213u}n\202f\211\241\331\226^\241\367\210!"
 258      7E8B757D 
 258      6E826689 
 258      A1D9965E 
 258      A1F78821 
 259 08e8 2B00FB93 		.ascii	"+\000\373\223\366i\004)\354ZtaiZ\303t\321\004\332\000"
 259      F6690429 
 259      EC5A7461 
 259      695AC374 
 259      D104DA00 
 260 08fc D046A908 		.ascii	"\320F\251\010z\005-\245\372\3204\377\321\345w\200\005"
 260      7A052DA5 
 260      FAD034FF 
 260      D1E57780 
 260      05
 261 090d D77913F6 		.ascii	"\327y\023\366\364\362\\-\260?\233\260g\304\330\\1v\301"
 261      F4F25C2D 
 261      B03F9BB0 
 261      67C4D85C 
 261      3176C1
 262 0920 84CD591E 		.ascii	"\204\315Y\036\373Bgw\004\302\211\243\246>\276Y\031\200"
 262      FB426777 
 262      04C289A3 
 262      A63EBE59 
 262      1980
 263 0932 66E51234 		.ascii	"f\345\0224!\227A\332@\256\201\374\010\322\002\322\011"
 263      219741DA 
 263      40AE81FC 
 263      08D202D2 
 263      09
 264 0943 D20F7205 		.ascii	"\322\017r\005\344:\310\015\220^\220n\220v\220\213 ]"
 264      E43AC80D 
 264      905E906E 
 264      9076908B 
 264      205D
 265 0955 201D2037 		.ascii	" \035 7Az@\256\202\264J\205\316\017R\032ERZ\005)=\317"
 265      417A40AE 
 265      82B44A85 
 265      CE0F521A 
 265      45525A05 
 266 096c 73140A1F 		.ascii	"s\024\012\037\252\026\255\376\234)\234Lq8\254\241f\241"
 266      AA16ADFE 
 266      9C299C4C 
 266      7138ACA1 
 266      66A1
 267 097e D3166984 		.ascii	"\323\026i\204\366i}\313\365i\021}\351:k\344\272\226"
 267      F6697DCB 
 267      F569117D 
 267      E93A6BE4 
 267      BA96
 268 0990 E28E04DA 		.ascii	"\342\216\004\332\242A\360\364\275\324\324I\365\011\235"
ARM GAS  C:\cygwin\tmp\cctIbj0U.s 			page 21


 268      A241F0F4 
 268      BDD4D449 
 268      F5099D
 269 099f D4728941 		.ascii	"\324r\211A\267 \037\377\217\334@\351\213L\274Vf\277"
 269      B7201FFF 
 269      8FDC40E9 
 269      8B4CBC56 
 269      66BF
 270 09b1 A48D1B5C 		.ascii	"\244\215\033\\\322\306\015\361m\334\020m\343Z\365\351"
 270      D2C60DF1 
 270      6DDC106D 
 270      E35AF5E9 
 271 09c1 5FE03A5A 		.ascii	"_\340:Z4ew\217\027\225;!Wgg\372\353\251\226\333\206"
 271      3465778F 
 271      17953B21 
 271      576767FA 
 271      EBA996DB 
 272 09d6 EEC14934 		.ascii	"\356\301I4H\2619\021\222\024x>\373\0011\300W[\372\271"
 272      48B13911 
 272      9214783E 
 272      FB0131C0 
 272      575BFAB9 
 273 09ea CC4F59B7 		.ascii	"\314OY\267!\304{\364Z\270\013\031\270\303n\267;\011"
 273      21C47BF4 
 273      5AB80B19 
 273      B8C36EB7 
 273      3B09
 274 09fc 5391F49F 		.ascii	"S\221\364\237F\202\326\376'\364\301\336\203\275\230"
 274      4682D6FE 
 274      27F4C1DE 
 274      83BD98
 275 0a0b DE4923B4 		.ascii	"\336I#\264\242\247\235\350}\304\272\226\337\322\013"
 275      A2A79DE8 
 275      7DC4BA96 
 275      DFD20B
 276 0a1a BB7AE429 		.ascii	"\273z\344)\273h\351OU\232\276\260\360U~=z \\Q#\314y"
 276      BB68E94F 
 276      559ABEB0 
 276      F0557E3D 
 276      7A205C51 
 277 0a31 E7485D8C 		.ascii	"\347H]\214\265e\233E\002\275\017\223\017\323\3153Jo"
 277      B5659B45 
 277      02BD0F93 
 277      0FD3CD33 
 277      4A6F
 278 0a43 9D07C2AD 		.ascii	"\235\007\302\255\223\237\367\344\330\222\377\313\177"
 278      939FF7E4 
 278      D892FFCB 
 278      7F
 279 0a50 5A0DFD53 		.ascii	"Z\015\375S|\322$\306M|\257\225\371s\223\002w\362\267"
 279      7CD224C6 
 279      4D7CAF95 
 279      F9739302 
 279      77F2B7
 280 0a63 EE42CC98 		.ascii	"\356B\314\230\335k'\271n]Q\341\360?\303\342\014\340"
 280      DD6B27B9 
 280      6E5D51E1 
ARM GAS  C:\cygwin\tmp\cctIbj0U.s 			page 22


 280      F03FC3E2 
 280      0CE0
 281 0a75 8EFC8089 		.ascii	"\216\374\200\211\306`\037\217\303V\252F.\026~\037\222"
 281      C6601F8F 
 281      C356AA46 
 281      2E167E1F 
 281      92
 282 0a86 C4A3D348 		.ascii	"\304\243\323H*A\217\244\257Il\017\004\004\251\337\331"
 282      2A418FA4 
 282      AF496C0F 
 282      0404A9DF 
 282      D9
 283 0a97 E2ABB6FE 		.ascii	"\342\253\266\376\363'\237\271xH\344\276\276\302\223"
 283      F3279FB9 
 283      7848E4BE 
 283      BEC293
 284 0aa6 CFFDFFB4 		.ascii	"\317\375\377\264{\177H\360\327!~\201._\005\354S\205"
 284      7B7F48F0 
 284      D7217E81 
 284      2E5F05EC 
 284      5385
 285 0ab8 EEFEDADF 		.ascii	"\356\376\332\337\177\243_H\340\306\240\340 \325F\225"
 285      7FA35F48 
 285      E0C6A0E0 
 285      20D54695 
 286 0ac8 DF97011B 		.ascii	"\337\227\001\033\267\372\276\277q\313\346\267\267\356"
 286      B7FABEBF 
 286      71CBE6B7 
 286      B7EE
 287 0ad6 5EF27877 		.ascii	"^\362xw@\220\377\276\003{T\273\003\375\374\367\006\004"
 287      4090FFBE 
 287      037B54BB 
 287      03FDFCF7 
 287      0604
 288 0ae8 A976FBEE 		.ascii	"\251v\373\356Q}\345w`\237\332W\375\355~U\350\246\275"
 288      517DE577 
 288      609FDA57 
 288      FDED7E55 
 288      E8A6BD
 289 0afb 92BFFCF7 		.ascii	"\222\277\374\367\276C\325{\200(\370z)\350_\001\376;"
 289      BE43D57B 
 289      8028F87A 
 289      29E85F01 
 289      FE3B
 290 0b0d 82FCBEDC 		.ascii	"\202\374\276\334\247\332\245\362W\007\207\274\271i\223"
 290      A7DAA5F2 
 290      570787BC 
 290      B96993
 291 0b1c 1BFB0B0E 		.ascii	"\033\373\013\016u\333\353\267\317m\177p\210:\324\315"
 291      75DBEBB7 
 291      CF6D7F70 
 291      883AD4CD 
 292 0b2c 3F383030 		.ascii	"?8008\310\315]\351\345\341\365\215\033\031\264\311_"
 292      38C8CD5D 
 292      E9E5E1F5 
 292      8D1B19B4 
 292      C95F
ARM GAS  C:\cygwin\tmp\cctIbj0U.s 			page 23


 293 0b3e F22BF2B9 		.ascii	"\362+\362\271= \324<\372\025\362\304G\245\366\3716T"
 293      3D20D43C 
 293      FA15F2C4 
 293      47A5F6F9 
 293      3654
 294 0b50 AD0ADCE9 		.ascii	"\255\012\334\351\027\264g\237*\304;$ 8$@\375\255\015"
 294      17B4679F 
 294      2AC43B24 
 294      20382440 
 294      FDAD0D
 295 0b63 49CE7BBE 		.ascii	"I\316{\276j;\226&\362\355\223]\236\036\276\237B\\2O"
 295      6A3B9626 
 295      F2ED935D 
 295      9E1EBE9F 
 295      425C324F 
 296 0b77 9F1D4A3B 		.ascii	"\237\035J;\345\016x\337\265c\373f\231\247\307\016\245"
 296      E50E78DF 
 296      B563FB66 
 296      99A7C70E 
 296      A5
 297 0b88 AD92696F 		.ascii	"\255\222io\203\321\333l\334\002F\013\365\035\231\247"
 297      83D1DB6C 
 297      DC02460B 
 297      F51D99A7 
 298 0b98 FB876675 		.ascii	"\373\207fu\253\324\323\333\244\374A\346\363\251\247"
 298      ABD4D3DB 
 298      A4FC41E6 
 298      F3A9A7
 299 0ba7 F20DCB90 		.ascii	"\362\015\313\220T\337\250\335<\274|<}\334\370\\@h!*"
 299      54DFA8DD 
 299      3CBC7C3C 
 299      7DDCF85C 
 299      4068212A 
 300 0bbb 5FFFC0AD 		.ascii	"_\377\300\255\220\015[\037\217\017)\035+\017\357\317"
 300      900D5B1F 
 300      8F0F291D 
 300      2B0FEFCF 
 301 0bcb 3CB7C344 		.ascii	"<\267\303D>J\331\256O\377\252\264r\367Tz(\261\017\210"
 301      3E4AD9AE 
 301      4FFFAAB4 
 301      72F7547A 
 301      28B10F88 
 302 0bdf 07F9DCE9 		.ascii	"\007\371\334\351m\345\263\223\030=>\202\267\235\344"
 302      6DE5B393 
 302      183D3E82 
 302      B79DE4
 303 0bee 6D3BBC59 		.ascii	"m;\274Yyy}\344\256\224}H\336\334A\307\336\037)\361v"
 303      79797DE4 
 303      AE947D48 
 303      DEDC41C7 
 303      DE1F29F1 
 304 0c03 10F7ED4A 		.ascii	"\020\367\355J\031\330\224\020\211\273\022\234\273{("
 304      19D89410 
 304      89BB129C 
 304      BB7B28
 305 0c12 65FE7BFD 		.ascii	"e\376{\375Bl}}\277:\020\344\357\353\353 |\331\364\307"
 305      426C7D7D 
ARM GAS  C:\cygwin\tmp\cctIbj0U.s 			page 24


 305      BF3A10E4 
 305      EFEBEB20 
 305      7CD9F4C7 
 306 0c26 77B7BCFF 		.ascii	"w\267\274\377o\307nn0"
 306      6FC76E6E 
 306      30
 307              		.text
 308              		.section	.gnu.lto_.symtab.652bd5c1,"",%progbits
 309 0000 6E766963 		.ascii	"nvicEnableVector\000\000\000\000\000\000\000\000\000"
 309      456E6162 
 309      6C655665 
 309      63746F72 
 309      00000000 
 310 0019 000000B6 		.ascii	"\000\000\000\266\000\000\000nvicDisableVector\000\000"
 310      0000006E 
 310      76696344 
 310      69736162 
 310      6C655665 
 311 0033 00000000 		.ascii	"\000\000\000\000\000\000\000\000\000\000\272\000\000"
 311      00000000 
 311      0000BA00 
 311      00
 312 0040 006E7669 		.ascii	"\000nvicSetSystemHandlerPriority\000\000\000\000\000"
 312      63536574 
 312      53797374 
 312      656D4861 
 312      6E646C65 
 313 0062 00000000 		.ascii	"\000\000\000\000\000\000\000\274\000\000\000"
 313      000000BC 
 313      000000
 314              		.text
 315              		.section	.gnu.lto_.opts,"",%progbits
 316 0000 272D666E 		.ascii	"'-fno-trapv' '-mcpu=cortex-m4' '-mno-thumb-interwor"
 316      6F2D7472 
 316      61707627 
 316      20272D6D 
 316      6370753D 
 317 0033 6B272027 		.ascii	"k' '-mthumb' '-ggdb' '-O2' '-fomit-frame-pointer' '"
 317      2D6D7468 
 317      756D6227 
 317      20272D67 
 317      67646227 
 318 0066 2D66616C 		.ascii	"-falign-functions=16' '-ffunction-sections' '-fdata"
 318      69676E2D 
 318      66756E63 
 318      74696F6E 
 318      733D3136 
 319 0099 2D736563 		.ascii	"-sections' '-fno-common' '-flto'\000"
 319      74696F6E 
 319      73272027 
 319      2D666E6F 
 319      2D636F6D 
 320              		.text
 321              		.comm	__gnu_lto_v1,1,1
 322              		.comm	__gnu_lto_slim,1,1
 323              		.ident	"GCC: (GNU Tools for ARM Embedded Processors) 4.9.3 20141119 (release) [ARM/embedded-4_9-br
ARM GAS  C:\cygwin\tmp\cctIbj0U.s 			page 25


DEFINED SYMBOLS
                            *ABS*:00000000 nvic.c
                            *COM*:00000001 __gnu_lto_v1
                            *COM*:00000001 __gnu_lto_slim

NO UNDEFINED SYMBOLS
