ARM GAS  C:\cygwin\tmp\ccOjjbud.s 			page 1


   1              		.syntax unified
   2              		.cpu cortex-m4
   3              		.fpu softvfp
   4              		.eabi_attribute 20, 1
   5              		.eabi_attribute 21, 1
   6              		.eabi_attribute 23, 3
   7              		.eabi_attribute 24, 1
   8              		.eabi_attribute 25, 1
   9              		.eabi_attribute 26, 1
  10              		.eabi_attribute 30, 2
  11              		.eabi_attribute 34, 1
  12              		.eabi_attribute 18, 4
  13              		.thumb
  14              		.file	"pal.c"
  15              		.text
  16              	.Ltext0:
  17              		.section	.gnu.lto_.profile.652bc22d,"",%progbits
  18 0000 789C6366 		.ascii	"x\234cf```a\200\000F\006\015\031\000\000\340\000M"
  18      60606061 
  18      80004606 
  18      0D190000 
  18      E0004D
  19              		.text
  20              		.section	.gnu.lto_.jmpfuncs.652bc22d,"",%progbits
  21 0000 789C6366 		.ascii	"x\234cf\300\016\344\24143\003##c=#\023##s}=\023\230"
  21      C00EE4A1 
  21      34330323 
  21      23633D23 
  21      13232373 
  22 0018 6264064B 		.ascii	"bd\006K\2243\002I\0000\362\002\265"
  22      94330249 
  22      0030F202 
  22      B5
  23              		.text
  24              		.section	.gnu.lto_.inline.652bc22d,"",%progbits
  25 0000 789C6366 		.ascii	"x\234cf\300\016\336Bif\006\006N\016Ff\006F\020\013H"
  25      C00EDE42 
  25      69660606 
  25      4E0E4666 
  25      0646100B 
  26 0015 38800805 		.ascii	"8\200\010\005\016\266\017z\014l\013\344\231\030\030"
  26      0EB60F7A 
  26      0C6C0BE4 
  26      991818
  27 0024 5FB0B340 		.ascii	"_\260\263@H\020\301\001fr\200\010\0010S\000d\006#\003"
  27      4810C101 
  27      66728008 
  27      01305300 
  27      64062303 
  28 0038 1F2F230B 		.ascii	"\037/#\013\330\010FF0\237Y\001l\0267\323\005~\014c\200"
  28      D8084646 
  28      309F5901 
  28      6C1637D3 
  28      057E0C63 
  29 004d 622806B0 		.ascii	"b(\006\260,\220\227\000\261\024\230\030\230w\210+0\000"
  29      2C909700 
  29      B1149818 
ARM GAS  C:\cygwin\tmp\ccOjjbud.s 			page 2


  29      9877882B 
  29      3000
  30 005f ADB60099 		.ascii	"\255\266\000\231\312\304\300-\214\3440\210\211\234@"
  30      CAC4C02D 
  30      8CE43088 
  30      899C40
  31 006e 09E2DC05 		.ascii	"\011\342\334\005\264F\002d\014\013/\320\223\023\374"
  31      B4460264 
  31      0C0B2FD0 
  31      9313FC
  32 007d 40900100 		.ascii	"@\220\001\000\311\250\037}"
  32      C9A81F7D 
  33              		.text
  34              		.section	.gnu.lto_.pureconst.652bc22d,"",%progbits
  35 0000 789C6366 		.ascii	"x\234cf```g\200\000f\006)F)&I\000\001\273\000^"
  35      60606067 
  35      80006606 
  35      29462926 
  35      490001BB 
  36              		.text
  37              		.section	.gnu.lto_palReadBus.652bc22d,"",%progbits
  38 0000 789C8D90 		.ascii	"x\234\215\220\313/\003Q\024\306\317w\357t\036J\210e"
  38      CB2F0351 
  38      14C6CF77 
  38      EF741E4A 
  38      8865
  39 0012 43622316 		.ascii	"Cb#\026\322\366_\360\257\224\215\205\204h$vF566\202"
  39      D2F65FF0 
  39      AF948D85 
  39      84682476 
  39      46353636 
  40 0027 054110F1 		.ascii	"\005A\020\361~\266\245\011+\261\262\360\210H4\265\250"
  40      7EB6A509 
  40      2BB1B2F0 
  40      884834B5 
  40      A8
  41 0038 854A5848 		.ascii	"\205JXH\274\022\272\020\316\231!i\330\230\314\234;\347"
  41      BC12BA10 
  41      CE992169 
  41      D898CC9C 
  41      3BE7
  42 004a DE737EDF 		.ascii	"\336s~\337w\256\246\277O\210\277\230\"j\340\025\232"
  42      77AEA6BF 
  42      4F88BF98 
  42      226AE015 
  42      9A
  43 005b A0864F89 		.ascii	"\240\206O\211\372m\005\310\017\201\372\024\372p\257"
  43      FA6D05C8 
  43      0F81FA14 
  43      FA70AF
  44 006a 9E14F636 		.ascii	"\236\024\3666_O\202w\252\244\270\230\323\375\221\243"
  44      5F4F8277 
  44      AAA4B898 
  44      D3FD91A3 
  45 007a 71535218 		.ascii	"qSR\030\222\346.\307sN\323\202\353&\036\017S\275\023"
  45      92E62EC7 
  45      734ED382 
ARM GAS  C:\cygwin\tmp\ccOjjbud.s 			page 3


  45      EB261E0F 
  45      53BD13
  46 008d 63B37CA2 		.ascii	"c\263|\242\350E\021\226\020\3022D\010+h\342\322\307"
  46      E8451196 
  46      10C23244 
  46      082B68E2 
  46      D2C7
  47 009f FE7CD1D2 		.ascii	"\376|\321\322\365\220\266\313|\376\302l\234\347\266"
  47      F590B6CB 
  47      7CFEC26C 
  47      9CE7B6
  48 00ae 83A3B4DB 		.ascii	"\203\243\264\333b\224\224\306*ty\037o\021\326\320(\345"
  48      629494C6 
  48      2A74791F 
  48      6F11D6D0 
  48      28E5
  49 00c0 4FC98F5C 		.ascii	"O\311\217\\\320L\272\256[\363\301\256\271\214\251\353"
  49      D04CBAAE 
  49      5BF3C1AE 
  49      B98CA9EB 
  50 00d0 30C1EB56 		.ascii	"0\301\353V\355\201\373\371y\2638\2251*\330?wh\3565\014"
  50      ED81FBF9 
  50      79B33895 
  50      312AD83F 
  50      7768EE35 
  51 00e5 0E810007 		.ascii	"\016\201\000\007\323\344`Y\222\332\022\034\022\207T"
  51      D3E46059 
  51      92DA121C 
  51      128754
  52 00f4 E44F66BD 		.ascii	"\344Of\275\345\204W}\205D6u<\247\005\373\2464\213^\027"
  52      E584577D 
  52      85443675 
  52      3CA705FB 
  52      A6348B5E 
  53 0109 CFCE6D99 		.ascii	"\317\316m\231T\223x\330}\237y\250\232\306$J\312~S\012"
  53      549378D8 
  53      7D9F79A8 
  53      9AC6244A 
  53      CA7E530A 
  54 011d 1B321BEF 		.ascii	"\0332\033\357O\275\216\346\253\303\315%\345`\023\323"
  54      4FBD8EE6 
  54      ABC3CD25 
  54      E56013D3 
  55 012d 78166F84 		.ascii	"x\026o\204-\204\351\012\207Y\370<\243\234\347\374\346"
  55      2D84E90A 
  55      8759F83C 
  55      A39CE7FC 
  55      E6
  56 013e 55B020B6 		.ascii	"U\260 \266\277y\305\343\241\254\035^s\223|\020D\312"
  56      BF79C5E3 
  56      A1AC1D5E 
  56      73937C10 
  56      44CA
  57 0150 43CA9C48 		.ascii	"C\312\234H{\310\304\0172\360\037O\225\310x\000\357\302"
  57      7BC8C40F 
  57      32F01F4F 
  57      95C87800 
ARM GAS  C:\cygwin\tmp\ccOjjbud.s 			page 4


  57      EFC2
  58 0162 767C40C1 		.ascii	"v|@\301\362\001\302\340|\240`\372\271\3056y\267\\\303"
  58      F201C2E0 
  58      7CA060FA 
  58      B9C53679 
  58      B75CC3
  59 0175 FE8F0697 		.ascii	"\376\217\006\227x\032Z4\262\236\306\300\373`\235Op<"
  59      781A5A34 
  59      B29EC6C0 
  59      FB609D4F 
  59      703C
  60 0187 AE4D057C 		.ascii	"\256M\005|#yx\276{\310\235\263\251P$\022\365\337\316"
  60      237978BE 
  60      7BC89DB3 
  60      A9502412 
  60      F5DFCE
  61 019a 78B43DD6 		.ascii	"x\264=\326\021\215w\267E\273b\035\2216\322\255=\361"
  61      118D77B7 
  61      45BB621D 
  61      9136D2AD 
  61      3DF1
  62 01ac 2F2D87D3 		.ascii	"/-\207\323\005"
  62      05
  63              		.text
  64              		.section	.gnu.lto_palWriteBus.652bc22d,"",%progbits
  65 0000 789C8D52 		.ascii	"x\234\215R\317k\023Q\020~\337{\233\335\315n6\251\236"
  65      CF6B1351 
  65      107EDF7B 
  65      9BDDCD6E 
  65      36A99E
  66 0013 4A40D043 		.ascii	"J@\320C\350A\222\340\177 \036\364\357h{Q((F\317\335"
  66      E84192E0 
  66      7F201EF4 
  66      EF687B51 
  66      282846CF 
  67 0028 D478F252 		.ascii	"\324x\362R\"BI-\036D\332\232\332jmSS<\004O\202?J+(Q"
  67      2242492D 
  67      1E44DA9A 
  67      DA6A6D53 
  67      533C044F 
  68 0042 A9A02BE8 		.ascii	"\251\240+\350Ah\332@\022\241\324\231\267[\010\365\322"
  68      4168DA40 
  68      12A1D499 
  68      B75B08F5 
  68      D2
  69 0053 90CC7B33 		.ascii	"\220\314{3o\276o\346\233\211\022\377\177\322\364\273"
  69      6FBE6FE6 
  69      9B8912FF 
  69      7FD2F4BB 
  70 0063 A884C8D0 		.ascii	"\250\204\310\320\011% '\337\013Q\264%\300\027\0011."
  70      09252027 
  70      DF0B51B4 
  70      25C01701 
  70      312E
  71 0075 318EDFB2 		.ascii	"1\216\337\262%1\331\250N\271C\217|\337\337\331Z\033"
  71      2531D9A8 
  71      4EB9438F 
ARM GAS  C:\cygwin\tmp\ccOjjbud.s 			page 5


  71      7CDFDFD9 
  71      5A1B
  72 0087 BC3DD893 		.ascii	"\274=\330\223B\354\311\220\006\263\030\242\224\235b"
  72      42ECC990 
  72      06B318A2 
  72      949D62
  73 0096 33B0D429 		.ascii	"3\260\324)\010\272\327\027\333\357\334_\262'q\232\335"
  73      08BAD717 
  73      DBEFDC5F 
  73      B227719A 
  73      DD
  74 00a7 F5F2EB29 		.ascii	"\365\362\353)\223]i\260\373\261\331\374`f\036\372\376"
  74      935D69B0 
  74      FBB1D9FC 
  74      60661EFA 
  74      FE
  75 00b8 44A3BEEC 		.ascii	"D\243\276\354\2377zRa\016\212\3700\2174\036#-($PE\206"
  75      9F377A52 
  75      610E8AF8 
  75      308F341E 
  75      232D2824 
  76 00cf B2976A9B 		.ascii	"\262\227j\233\025O\235\321\274/\247+\027B\340\227\020"
  76      154F9DD1 
  76      BC2FA72B 
  76      1742E097 
  76      10
  77 00e0 6860E128 		.ascii	"h`\341(\320\020x\202\014g\267J\373\237\\\263DM\017\354"
  77      D0107882 
  77      0C67B74A 
  77      FB9F5CB3 
  77      444D0FEC 
  78 00f4 1FF68B45 		.ascii	"\037\366\213E\230\240s\351d\303?8\370\261\262P7N\220"
  78      98A073E9 
  78      64C33F38 
  78      F8B1B250 
  78      374E90
  79 0107 602AA508 		.ascii	"`*\245\010\0333\300\340\030]M\223\215\305\306&c\305"
  79      1B33C0E0 
  79      185D4D93 
  79      8DC5C626 
  79      63C5
  80 0119 D938646C 		.ascii	"\3318dl\227c\0116\036\273I\276\245\330\010\021P\011"
  80      97630936 
  80      1EBB49BE 
  80      A5D80811 
  80      5009
  81 012b 9EDD4F29 		.ascii	"\236\335O)\371T\2371Qk\005\347\270hG*j\351[\260\261"
  81      F9549F31 
  81      516B05E7 
  81      B868472A 
  81      6AE95BB0 
  82 0140 69F32468 		.ascii	"i\363$h\354\344\256v\037\374\361f0\215\236\214w$i%\005"
  82      ECE4AE76 
  82      1FFCF166 
  82      308D9E8C 
  82      77246925 
  83 0155 1CBFDFBE 		.ascii	"\034\277\337\276\333Le\317\366\244\203\247\230\301\256"
ARM GAS  C:\cygwin\tmp\ccOjjbud.s 			page 6


  83      DB4C65CF 
  83      F6A483A7 
  83      98C1AE
  84 0164 9E349E21 		.ascii	"\2364\236!+\210\361\257\031\362\305:\244\225+ \364\315"
  84      2B88F1AF 
  84      19F2C53A 
  84      A4952B20 
  84      F4CD
  85 0176 E3101A58 		.ascii	"\343\020\032X\326\204<\003<\327\204\267\272\021\241"
  85      D6843C03 
  85      3CD784B7 
  85      BA11A1
  86 0185 A539CD7E 		.ascii	"\2459\315~N\3738\234.V4\247\236\357j\310Y\2168\343!"
  86      4EFB389C 
  86      2E5634A7 
  86      9EEF6AC8 
  86      598E38E3 
  87 019a C79BEFDD 		.ascii	"\307\233\357\335\275\004\353\266\006\004jD@5\266\255"
  87      BD04EBB6 
  87      06046A44 
  87      4035B6AD 
  88 01aa 30C5A12C 		.ascii	"0\305\241,\206|\215 \256\356\304\351\357,AR\243\316"
  88      867C8D20 
  88      AEEEC4E9 
  88      EF2C4152 
  88      A3CE
  89 01bc 0E511E11 		.ascii	"\016Q\036\021\367\243\222:\313\343P;\012\2454W\222B"
  89      F7A3923A 
  89      CBE3503B 
  89      0AA53457 
  89      9242
  90 01ce AFCA5A4F 		.ascii	"\257\312ZO\377\002\234\243\013 \264\302Z\244-x{\247"
  90      FF029CA3 
  90      0B20B4C2 
  90      5AA42D78 
  90      7BA7
  91 01e0 6667AB7E 		.ascii	"fg\253~\211\036<\274\320\362he\374\2645\277QIDOI\324"
  91      891E3CBC 
  91      D0F26865 
  91      FCB435BF 
  91      5149444F 
  92 01f6 91DDA535 		.ascii	"\221\335\2455\220\360ud\251\244\330F\261q\357\022W\343"
  92      90F07564 
  92      A9A4D846 
  92      B171EF12 
  92      57E3
  93 0208 9D053468 		.ascii	"\235\0054h\372#\320d\322\271\\>\374^-\344/\017\217\345"
  93      FA23D064 
  93      D2B95C3E 
  93      FC5E2DE4 
  93      2F0F8FE5 
  94 021c 0BD747F3 		.ascii	"\013\327G\363\327\206\307r\243B\215\334,\030#Wn\024"
  94      D786C772 
  94      A3428DDC 
  94      2C182357 
  94      6E14
  95 022e FE01BBD6 		.ascii	"\376\001\273\326\033\210"
ARM GAS  C:\cygwin\tmp\ccOjjbud.s 			page 7


  95      1B88
  96              		.text
  97              		.section	.gnu.lto_palSetBusMode.652bc22d,"",%progbits
  98 0000 789C8D90 		.ascii	"x\234\215\220\301KTq\020\307\347;\277\267\357\275v]"
  98      C14B5471 
  98      10C7E73B 
  98      BFB7EFBD 
  98      765D
  99 0012 8B4EB210 		.ascii	"\213N\262\020\324a\361 \356\322\177\340\255\177\241"
  99      D461F120 
  99      EED27FE0 
  99      AD7FA1
 100 0021 AB59D0C1 		.ascii	"\253Y\320\3010\\:\212\2775\003O\241y\021\\\353\020a"
 100      305C3A8A 
 100      BF35034F 
 100      A179115C 
 100      EB1061
 101 0034 69EDA6A5 		.ascii	"i\355\246\245P!.\236\272T\204P\274\020;\264R\036\002"
 101      50212E9E 
 101      BA548450 
 101      BC103BB4 
 101      521E02
 102 0047 6D057DE4 		.ascii	"m\005}\344b3\277G\207\362\342\343\367f~3\314\3673\363"
 102      6233BF47 
 102      87F2E2E3 
 102      F7667E33 
 102      CCF733F3 
 103 005b 1B43C7BF 		.ascii	"\033C\307\277\234\374\227\231(/\036\206\300\343\357"
 103      9CFC9799 
 103      282F1E86 
 103      C0E3EF
 104 006a 89CA2103 		.ascii	"\211\312!\003z!\3200c\030\333\274\313\030\257\317Oe"
 104      7A21D030 
 104      6318DBBC 
 104      CB18AFCF 
 104      4F65
 105 007c 3A1F596B 		.ascii	":\037Ykw\326V:\356t\304\"kr\202\301,:\245d\247\0345"
 105      77D6563A 
 105      EE74C422 
 105      6B7282C1 
 105      2C3AA564 
 106 0093 02730E24 		.ascii	"\002s\016$\367W\325\275w\231\037\0343\316k\370\372\336"
 106      F757D5BD 
 106      77991F1C 
 106      33CE6BF8 
 106      FADE
 107 00a5 DB295F43 		.ascii	"\333)_C\3664\374\024E\353~\376\241\265#\3657\213\266"
 107      F634FC14 
 107      45EB7EFE 
 107      A1B523F5 
 107      378BB6
 108 00b8 C78BD9E0 		.ascii	"\307\213\331\3401\214\360\360\0049\314!G\222\"\314#"
 108      318CF0F0 
 108      0439CC21 
 108      479222CC 
 108      23
 109 00c9 2FD5DFE3 		.ascii	"/\325\337\343\355\331\254\271\340\270\255\271\211J:"
ARM GAS  C:\cygwin\tmp\ccOjjbud.s 			page 8


 109      EDD9ACB9 
 109      E0B8ADB9 
 109      894A3A
 110 00d8 514689D2 		.ascii	"QF\211\322\303\323\377\225\036\341\031\362Z\276;\332"
 110      C3D3FF95 
 110      1EE119F2 
 110      5ABE3BDA 
 111 00e8 FA9CF147 		.ascii	"\372\234\361Ge\3523\255\277\003\243\012\037\342kg\353"
 111      65EA33AD 
 111      BF03A30A 
 111      1FE26B67 
 111      EB
 112 00f9 F6E8E85B 		.ascii	"\366\350\350[\255\262\352\245\345\305\322\313\2106\345"
 112      ADB2EAA5 
 112      E5C5D2CB 
 112      8836E5
 113 0108 89F15362 		.ascii	"\211\361Sb\002_L\030h\030\302\001\251!z\335\314\026"
 113      025F4C18 
 113      6818C201 
 113      A9217ADD 
 113      CC16
 114 011a B37AF305 		.ascii	"\263z\363\005#\313\013\207\027\225\270\317F\372}m|\370"
 114      23CB0B87 
 114      1795B8CF 
 114      46FA7D6D 
 114      7CF8
 115 012c 18EA3B0D 		.ascii	"\030\352;\015i\373\245\203\007?\2633\230F\314\247\366"
 115      69FBA583 
 115      073FB333 
 115      9846CCA7 
 115      F6
 116 013d 995193F1 		.ascii	"\231Q\223\3614_\331\233\214Nww\305\234\306s\314\340"
 116      345FD99B 
 116      8C4E7777 
 116      C59CC673 
 116      CCE0
 117 014f 97DB2316 		.ascii	"\227\333#\026\320MJD\302\363N\002\310`\321\001\364A"
 117      D04D4A44 
 117      C2F34E02 
 117      C860D101 
 117      F441
 118 0161 78F12F20 		.ascii	"x\361/ u\022@\033^:\200\333\314R\002\330\014\022\200"
 118      7512401B 
 118      5E3A80DB 
 118      CC5202D8 
 118      0C1280
 119 0174 3224BEBD 		.ascii	"2$\276\275\341'q CI\2266\340\022\312\271\277~\267\312"
 119      E1277120 
 119      43499636 
 119      E012CAB9 
 119      BF7EB7CA 
 120 0188 43BFED98 		.ascii	"C\277\355\230\015c\3166u\016,c\210d\035\256^\262\355"
 120      0D63CE36 
 120      750E2C63 
 120      88641DAE 
 120      5EB2ED
 121 019b B48972BD 		.ascii	"\264\211r\275y\311IH\227\010]\2364\314\025\012\305\344"
ARM GAS  C:\cygwin\tmp\ccOjjbud.s 			page 9


 121      79C94948 
 121      97085D9E 
 121      34CC150A 
 121      C5E4
 122 01ad 0C948AD7 		.ascii	"\014\224\212\327{\373\213\245\301\276\342\315\336\376"
 122      7BFB8BA5 
 122      C1BEE2CD 
 122      DEFE
 123 01bb 421F992B 		.ascii	"B\037\231+\267J\336\215\201\253\327\376\000\000\334"
 123      B74ADE8D 
 123      81ABD7FE 
 123      0000DC
 124 01ca D146     		.ascii	"\321F"
 125              		.text
 126              		.section	.gnu.lto_.symbol_nodes.652bc22d,"",%progbits
 127 0000 789C55C8 		.ascii	"x\234U\3101\021\200@\020\004\301\271\275\344\315\241"
 127      31118040 
 127      1004C1B9 
 127      BDE4CDA1 
 128 0010 69EFAB5E 		.ascii	"i\357\253^\000\012(\304\020\343\001#@\000\001t\330\011"
 128      000A28C4 
 128      10E30123 
 128      40000174 
 128      D809
 129 0022 4CBC7485 		.ascii	"L\274t\205a\336\301fY\033*9~\321e}#\206\234OP\325H%"
 129      61DEC166 
 129      591B2A39 
 129      7ED1657D 
 129      23869C4F 
 130 003a DB710637 		.ascii	"\333q\0067R\243\025\\"
 130      52A3155C 
 131              		.text
 132              		.section	.gnu.lto_.refs.652bc22d,"",%progbits
 133 0000 789C6366 		.ascii	"x\234cf```d\200\002\000\000=\000\005"
 133      60606064 
 133      80020000 
 133      3D0005
 134              		.text
 135              		.section	.gnu.lto_.decls.652bc22d,"",%progbits
 136 0000 789CA557 		.ascii	"x\234\245WkP\024W\026\356\333wf\030\206\031H\324\030"
 136      6B501457 
 136      16EEDB77 
 136      66188619 
 136      48D418
 137 0013 8B4A6D08 		.ascii	"\213Jm\010VQ\356\256\212h\312]\367O\\\037\033\334h\244"
 137      5651EEAE 
 137      8A68CA5D 
 137      F74F5C1F 
 137      1BDC68A4 
 138 0027 4653D9AD 		.ascii	"FS\331\255P5aaPjQ(\030\266\262\377\232\207\200\202\202"
 138      50356161 
 138      506A5128 
 138      18B6B2FF 
 138      9A878082 
 139 003c 200A2A08 		.ascii	" \012*\010\010\310K\345\241\370\000\301hD0*\004\211"
 139      08C84BE5 
 139      A1F800C1 
ARM GAS  C:\cygwin\tmp\ccOjjbud.s 			page 10


 139      6844302A 
 139      0489
 140 004e 0F401D20 		.ascii	"\017@\035 \370\000\205Q1\202\"\263\347\336\3333=3\031"
 140      F8008551 
 140      318222B3 
 140      E7DEDB33 
 140      3D3319
 141 0061 D854A58B 		.ascii	"\330T\245\213K\367\271\375\335\357|\347\321\267{0\307"
 141      4BF7B9FD 
 141      DDEF7CE7 
 141      D1B77B30 
 141      C7
 142 0072 71A988E3 		.ascii	"q\251\210\343\314p\374\360.\307m\3449N\006s\001\234"
 142      CC70FCF0 
 142      2EC76DE4 
 142      394E0673 
 142      019C
 143 0084 7410DB15 		.ascii	"t\020\333\0250\3560f\303\370\000q\2778\310}\015\234"
 143      30EE3066 
 143      C3F80071 
 143      BF38C87D 
 143      0D9C
 144 0096 DD61A861 		.ascii	"\335a\250a\234\200!\207\271\027p\376\010\206?\214\277"
 144      9C802187 
 144      B91770FE 
 144      08863F8C 
 144      BF
 145 00a7 132E987B 		.ascii	"\023.\230{\011\347g0\352a\274\021\371\3150\006\010\021"
 145      09E76730 
 145      EA61BC11 
 145      F9CD3006 
 145      0811
 146 00b9 DC47889E 		.ascii	"\334G\210\236('9\377\321\301\037\321\341!j\264\370#"
 146      282739FF 
 146      D1C11FD1 
 146      E1216AB4 
 146      F823
 147 00cb BE88CFA9 		.ascii	"\276\210\317\251\374\275\021}v\211~\345\242O\342\213"
 147      FCBD117D 
 147      76897EE5 
 147      A24FE28B 
 148 00db 38790AA7 		.ascii	"8y\012\247\233\354\222\362\223\363\"\007\277\263\247"
 148      9BEC92F2 
 148      93F32207 
 148      BFB3A7
 149 00ea F0FBEE34 		.ascii	"\360\373\3564q\236\020}\373\201\355\011\003;\370\345"
 149      719E107D 
 149      FB81ED09 
 149      033BF8E5 
 150 00fa 3929A764 		.ascii	"9)\247dj\231\203\317g<:sl\364\232\333#\036\271\253\274"
 150      6A9983CF 
 150      673C3A73 
 150      6CF49ADB 
 150      231EB9AB 
 151 010f 887936A3 		.ascii	"\210y6\243%[\001\246Z%#fF\307\325Z7\314#r}8\273\267"
 151      255B01A6 
 151      5A252366 
ARM GAS  C:\cygwin\tmp\ccOjjbud.s 			page 11


 151      46C7D55A 
 151      37CC2372 
 152 0127 5335BF5C 		.ascii	"S5\277\\\020\204d\341\374\030\222(\232\032\307\232U"
 152      108464E1 
 152      FC189228 
 152      9A1AC79A 
 152      55
 153 0138 783605A5 		.ascii	"x6\005\245&\033[U\370Cz\035[R\237\352\002\\\037\251"
 153      261B5B55 
 153      F8437A1D 
 153      5B529FEA 
 153      025C1FA9 
 154 014c 28ECFE81 		.ascii	"(\354\376\201\361\"Wj\222v\360\200)\276\345\201p\330"
 154      F122576A 
 154      9276F080 
 154      29BEE581 
 154      70D8
 155 015e 1DF9A88A 		.ascii	"\035\371\250\212\200\324\324\225\321\374\201 \310P\025"
 155      80D4D495 
 155      D1FC8120 
 155      C85015
 156 016d 52A14A84 		.ascii	"R\241J\204Q9\232O\242 \253\311\221,\010qBz\274\340\332"
 156      51399A4F 
 156      A220ABC9 
 156      912C0871 
 156      427ABCE0 
 157 0182 E2CEA123 		.ascii	"\342\316\241#\310\023\225\"O\016\035G>\200\240Xt\024"
 157      C8139522 
 157      4F0E1D47 
 157      3E80A058 
 157      7414
 158 0194 268FC124 		.ascii	"&\217\301$\020_\232hL\220#\225\217\363E5N\026Q\011\273"
 158      105F9A68 
 158      4C902395 
 158      8FF34535 
 158      4E165109 
 159 01a9 8AF7CD26 		.ascii	"\212\367\315&\022\252AB\205$\001\024Y\202\345\217\235"
 159      12AA4142 
 159      85240114 
 159      5982E58F 
 159      9D
 160 01ba BE3FA2B4 		.ascii	"\276?\242\264H.\277|D\033',G'\000_&\341\253\321\264"
 160      482EBF7C 
 160      441B272C 
 160      4727005F 
 160      26E1ABD1 
 161 01cf 9A6B9D6A 		.ascii	"\232k\235jFUM\025\333]i%\276&\346\253m\246\355*Z\011"
 161      46554D15 
 161      DB5D6925 
 161      BE26E6AB 
 161      6DA6ED2A 
 162 01e5 35316FF6 		.ascii	"51o\366T\337\227\343\004V\212\213-\005\335r\0125\362"
 162      54DF97E3 
 162      04568A8B 
 162      2D05DD72 
 162      0A35F2
 163 01f8 C4EE6AAB 		.ascii	"\304\356j\253\356u\247\330\371\304\334[\376(\004\357"
ARM GAS  C:\cygwin\tmp\ccOjjbud.s 			page 12


 163      EE75A7D8 
 163      F9C4DC5B 
 163      FE2804EF 
 164 0208 60D0A717 		.ascii	"`\320\247\027\212\276Q\201\216\370_\227\006X1\331\235"
 164      8ABE5181 
 164      8EF85F97 
 164      065831D9 
 164      9D
 165 0219 98A0C6FB 		.ascii	"\230\240\306\373\330\362\235\265\373\367+q.3\306\322"
 165      D8F29DB5 
 165      FBF72B71 
 165      2E33C6D2 
 166 0229 8B8B65B8 		.ascii	"\213\213e\270\210\031EY{+\345\324\247\222\230\365\005"
 166      88194559 
 166      7B2BE5D4 
 166      A79298F5 
 166      05
 167 023a 65234A5C 		.ascii	"e#J\\\311\3565\265\306^S\341\032f|\3377\366BM\201\357"
 167      C9EE35B5 
 167      C65E53E1 
 167      1A667CDF 
 167      37F6424D 
 168 0250 10B33BA3 		.ascii	"\020\263;\243\340\210;\256c\367\256O\246?w\301g\355"
 168      E0883BAE 
 168      63F7AE4F 
 168      A63F77C1 
 168      67ED
 169 0262 81EE0CB8 		.ascii	"\201\356\014\270\377\326\300(\246\353h\214YW\016\244"
 169      FFD6C028 
 169      A6EB688C 
 169      59570EA4 
 170 0272 C9710383 		.ascii	"\311q\003\203\246\367f\334\220\341K\274]\237y\261>\333"
 170      A6F766DC 
 170      90E14BBC 
 170      5D9F79B1 
 170      3EDB
 171 0284 37347642 		.ascii	"74vBIM\263\031\223\222\025\336m\357u\265vY\335\000\""
 171      494DB319 
 171      939215DE 
 171      6DEF75B5 
 171      7659DD00 
 172 0299 25BE0A25 		.ascii	"%\276\012%k\221J\346e[1H\226\274\0242u\011\222\322L"
 172      6B914AE6 
 172      655B3148 
 172      96BC1432 
 172      750992D2 
 173 02ae 32F53D64 		.ascii	"2\365=d\312K\314T+L^a]V\3337\234\242\262\020\357*\316"
 173      CA4BCC54 
 173      2B4C5E61 
 173      5D56DB37 
 173      9CA2B210 
 174 02c5 A0BD731D 		.ascii	"\240\275s\035\210/K\304W\321\264\314\327\2342\243S#"
 174      882F4BC4 
 174      57D1B4CC 
 174      D79C32A3 
 174      5323
 175 02d7 697D08B7 		.ascii	"i}\010\267\263\370R\366\214\266\362\270\223\032\262"
ARM GAS  C:\cygwin\tmp\ccOjjbud.s 			page 13


 175      B3F852F6 
 175      8CB6F2B8 
 175      931AB2
 176 02e6 1D4D0DB3 		.ascii	"\035M\015\263\220\367Lo\237|\3403\225'\325\257\211\217"
 176      90F74C6F 
 176      9F7CE033 
 176      9527D5AF 
 176      898F
 177 02f8 17F6CCA1 		.ascii	"\027\366\314\241n\333\300m\007\232)\261\317\363\004"
 177      6EDBC06D 
 177      079A29B1 
 177      CFF304
 178 0307 057F807F 		.ascii	"\005\177\200\177\334n\220(\244\347\013\313\243\244\006"
 178      DC6E9028 
 178      A4E70BCB 
 178      A3A406
 179 0316 E028185C 		.ascii	"\340(\030\\\243NP\361\003\362F7\2207\325J\270\363\237"
 179      A34E50F1 
 179      03F24637 
 179      9037D54A 
 179      B8F39F
 180 0329 6E53942E 		.ascii	"nS\224.\242\274\355Ny/\021\012\372\334\030\207\212\221"
 180      A2BCED4E 
 180      792F110A 
 180      FADC1887 
 180      8A91
 181 033b 92203831 		.ascii	"\222 81jio\2702\330\374T\201\273\230\366\324\227\247"
 181      6A696FB8 
 181      32D8FC54 
 181      81BB98F6 
 181      D497A7
 182 034e BAD5C8DB 		.ascii	"\272\325\310\333{\026\025o\034,\276\256\026Z\026\321"
 182      7B16156F 
 182      1C2CBEAE 
 182      165A16D1 
 183 035e A7ED3B70 		.ascii	"\247\355;pq\033\315\222\232S\222\236O<\014\017\310\317"
 183      711BCD92 
 183      9A53929E 
 183      4F3C0C0F 
 183      C8CF
 184 0370 C731153F 		.ascii	"\3071\025?N\015\315\240Q\306\013\313\015\266Q\0220\211"
 184      4E0DCDA0 
 184      51C60BCB 
 184      0DB65112 
 184      3089
 185 0382 F20E4479 		.ascii	"\362\016Dy\023\242\274%FI\245?\336\346\" \002\371\245"
 185      13A2BC25 
 185      4649A53F 
 185      DEE62220 
 185      02F9A5
 186 0395 F6C2B491 		.ascii	"\366\302\264\221\024\217Y\300\031;%'gG\010k2o\027N\252"
 186      148F59C0 
 186      193B2527 
 186      6747086B 
 186      326F174E 
 187 03aa 700F2B5C 		.ascii	"p\017+\\\316\253\253\315\036\264\203\347\020\263\372"
 187      CEABABCD 
ARM GAS  C:\cygwin\tmp\ccOjjbud.s 			page 14


 187      1EB483E7 
 187      10B3FA
 188 03b9 BBC67837 		.ascii	"\273\306x7\334\313\356\011\223-o5\370\0013,\233\260"
 188      DCCBEE09 
 188      932D6F35 
 188      F801332C 
 188      9BB0
 189 03cb 9A6DC2B9 		.ascii	"\232m\302\271wo<\321\340!v\257\26619S\205M\314(\355"
 189      776F3CD1 
 189      E02176AF 
 189      B6313953 
 189      854DCC28 
 190 03e0 BB9EA1A1 		.ascii	"\273\236\241\241\300y`j\012\013_\016*\320Lo\351\360"
 190      C079606A 
 190      0A0B5F0E 
 190      2AD04C6F 
 190      E9F0
 191 03f2 618516A8 		.ascii	"a\205\026\250\334\323 \367\014\225\333/\026z\004R\360"
 191      DCD320F7 
 191      0C95DB2F 
 191      167A0452 
 191      F0
 192 0403 08140FC3 		.ascii	"\010\024\017\303x\014\343'\030\0030\036\302x\012\343"
 192      780CE327 
 192      1803301E 
 192      C2780AE3 
 193 0413 018C4118 		.ascii	"\001\214A\030C0\236X\233!!\336xO\254U=\324\352<\024"
 193      43309E58 
 193      9B2121DE 
 193      784FAC55 
 193      3DD4EA3C 
 194 0428 80105A0B 		.ascii	"\200\020Z\013\320D}\034A\236\":\377~\261B\304~\353\210"
 194      D0447D1C 
 194      419E223A 
 194      FF7EB142 
 194      C47EEB88 
 195 043c BD806C0A 		.ascii	"\275\200l\012\013\3201+\364\256#\264\307\221\366\221"
 195      0BD0312B 
 195      F4AE23B4 
 195      C791F691 
 196 044c 157BD139 		.ascii	"\025{\3219\255\015\266\333\212mp\304\316\263Wp\327\212"
 196      AD0DB6DB 
 196      8A6D70C4 
 196      CEB35770 
 196      D78A
 197 045e 6C741E98 		.ascii	"lt\036\230\004\035\267B\3579B\357;@_[\241F\347P\033"
 197      041DB742 
 197      EF3942EF 
 197      3B405F5B 
 197      A146E750 
 198 0473 AD6FACD8 		.ascii	"\255o\254\330^Gl\237\035m\254q\244X\177>\001\243.h\277"
 198      5E476C9F 
 198      1D6DAC71 
 198      A4587F3E 
 198      01A32E68 
 199 0488 6EE7F9B2 		.ascii	"n\347\371\262J0\366\330\324\354\234\323$\034\221\036"
 199      4A30F6D8 
ARM GAS  C:\cygwin\tmp\ccOjjbud.s 			page 15


 199      D4EC9CD3 
 199      241C911E 
 200 0498 E13BC50A 		.ascii	"\341;\305\012x\016\372\235<\303|^\311\350\220\033\362"
 200      780EFA9D 
 200      3CC37C5E 
 200      C9E8901B 
 200      F2
 201 04a9 99497113 		.ascii	"\231Iq\023z%z\006Dg\245-\216,\242\207\263\336C&h\271"
 201      7A257A06 
 201      4467A52D 
 201      8E2CA287 
 201      B3DE4326 
 202 04bf DFD27ED0 		.ascii	"\337\322~\320\365\343W\022\2234xT|#5\034z\356\252\336"
 202      F5E35712 
 202      93347854 
 202      7C23351C 
 202      7AEEAADE 
 203 04d3 21BD59A9 		.ascii	"!\275Y\251\034\351\311|\201\324\2420\220~o\333P*\354"
 203      1CE9C97C 
 203      81D4A230 
 203      907E6FDB 
 203      502AEC
 204 04e6 D06A2ABD 		.ascii	"\320j*\275~\273;\204\370\022\356?\227\304\003\234\211"
 204      7EBB3B84 
 204      F812EE3F 
 204      97C4039C 
 204      89
 205 04f7 9F8A118D 		.ascii	"\237\212\021\215\202h[R\364&\265\255\006a3\223S\330"
 205      82685B52 
 205      F426B5AD 
 205      06613393 
 205      53D8
 206 0509 33F00AE3 		.ascii	"3\360\012\343DL\215\233\217++\334p\012\266{-\371\333"
 206      444C8D9B 
 206      8F2B2BDC 
 206      700AB67B 
 206      2DF9DB
 207 051c 7FFEF84B 		.ascii	"\177\376\370K\237?ey\007\247\371J\231\000\277\376\342"
 207      9F3F6579 
 207      07A7F94A 
 207      9900BFFE 
 207      E2
 208 052d AB611C26 		.ascii	"\253a\034&_[\277R\006\036|\003\373\021z\003u\035\223"
 208      5F5BBF52 
 208      061E7C03 
 208      FB117A03 
 208      751D93
 209 0540 22F1B77E 		.ascii	"\"\361\267~\244\240\312\207\265]\030gS\035\362\243%"
 209      A4A0CA87 
 209      B55D1867 
 209      531DF2A3 
 209      25
 210 0551 6345886E 		.ascii	"cE\210n\022v\233\303I\240\254\243\031\233\024\253\023"
 210      12769BC3 
 210      49A0ACA3 
 210      199B14AB 
 210      13
ARM GAS  C:\cygwin\tmp\ccOjjbud.s 			page 16


 211 0562 C7FB2033 		.ascii	"\307\373 3d>\226\367F\002/\275\011LMG\013\327d\306\013"
 211      643E96F7 
 211      46022FBD 
 211      094C4D47 
 211      0BD764C6 
 212 0577 457368F2 		.ascii	"Esh\362~\006\227\223S=O\360\3368@\273\231\210{\353\210"
 212      7E069793 
 212      533D4FF0 
 212      DE3840BB 
 212      99887BEB 
 213 058c B47B9E00 		.ascii	"\264{\236\000\232F\241\344\353\351\225SR\233\376|{\230"
 213      9A46A1E4 
 213      EBE99553 
 213      529BFE7C 
 213      7B98
 214 059e F4E7A4B3 		.ascii	"\364\347\244\263\376,/\235Ht\265\364\347A\350\317\004"
 214      FE2C2F9D 
 214      4874B5F4 
 214      E741E8CF 
 214      04
 215 05af 7E263A25 		.ascii	"~&:%%f\322Y\177Z\302G\361\020\365t\031\200t\366\276"
 215      2566D259 
 215      7F5AC247 
 215      F110F574 
 215      198074F6 
 216 05c4 1DBCEE66 		.ascii	"\035\274\356f\327r\304\203\324r\333x\265\210\274zwO"
 216      D772C483 
 216      D472DB78 
 216      B588BC7A 
 216      774F
 217 05d6 A652C6B3 		.ascii	"\246R\306\2639\364\025\375\206\216\257O;\247y?K|5\275"
 217      39F415FD 
 217      868EAF4F 
 217      3BA7793F 
 217      4B7C35BD 
 218 05ea 23A3F14A 		.ascii	"#\243\361J\213\223\370\367\341\177\"/c\014\235/v,\303"
 218      8B93F8F7 
 218      E17F222F 
 218      630C9D2F 
 218      762CC3
 219 05fd 8DAC836E 		.ascii	"\215\254\203nt\324\334F^yB~\225)'\255?r7\224@0\232\315"
 219      74D4DC46 
 219      5E79427E 
 219      952927AD 
 219      3F723794 
 220 0615 1FD24528 		.ascii	"\037\322E(\231\267D\310\221k*\026m\347\275`asw\346#"
 220      99B744C8 
 220      916B2A16 
 220      6DE7BD60 
 220      617377E6 
 221 062a 2683F862 		.ascii	"&\203\370b2\206\207\216\364K\322v\360tr\350\\Z\236\332"
 221      3286878E 
 221      F44BD276 
 221      F07472E8 
 221      5C5A9EDA 
 222 063e 565BC06C 		.ascii	"V[\300l\033i\251TZ\212EZQqC\247\002\377$vwG\372>\025"
 222      1B69A954 
ARM GAS  C:\cygwin\tmp\ccOjjbud.s 			page 17


 222      5A8A455A 
 222      517143A7 
 222      02FF2476 
 223 0657 D5663C77 		.ascii	"\325f<w\021\366$a\202|m\221%h\247\215\260\235\026a\273"
 223      11F62461 
 223      827C6D91 
 223      2568A78D 
 223      B09D1661 
 224 066c A8B0AA0B 		.ascii	"\250\260\252\013\027\336\303&\312\300'\026L\224i\254"
 224      17DEC326 
 224      CAC02716 
 224      4C9469AC 
 225 067c 5FD20FCB 		.ascii	"_\322\017\313\351\227\364n^\205\322\370_\373%\235\316"
 225      E997F46E 
 225      5E85D2F8 
 225      5FFB259D 
 225      CE
 226 068d 3BFD82ED 		.ascii	";\375\202\355\354|}\021\323P\011\035\013\377x\307\235"
 226      EC7C7D11 
 226      D350091D 
 226      0BFF78C7 
 226      9D
 227 069e 71B535FC 		.ascii	"q\2655\374\014\026~N\\\311\340\324\341\357\241\341g"
 227      0C167E4E 
 227      5CC9E0D4 
 227      E1EFA1E1 
 227      67
 228 06af 5AC2DF7D 		.ascii	"Z\302\337}\276\265\314\003\217\263\360\363{L\237[*\363"
 228      BEB5CC03 
 228      8FB3F0F3 
 228      7B4C9F5B 
 228      2AF3
 229 06c1 66518E90 		.ascii	"fQ\216\220\037'L\232\315\210.BY6\011\310\262$`/M\200"
 229      1F274C9A 
 229      CD882E42 
 229      593609C8 
 229      B224602F 
 230 06d7 33696969 		.ascii	"3iii\303\347\\\254\325\332\307\244\365\336K\311\223"
 230      C3E75CAC 
 230      D5DAC7A4 
 230      F5DE4BC9 
 230      93
 231 06e8 D349F2CC 		.ascii	"\323I\362\314e\263\311\327u\271\355\252)\365\356\247"
 231      65B3C9D7 
 231      75B9EDAA 
 231      29F5EEA7 
 232 06f8 7A732C7A 		.ascii	"zs,z\333\276m\310\362\300I2\252\267\241\243\177T\015"
 232      DBBE6DC8 
 232      F2C04932 
 232      AAB7A1A3 
 232      7F540D
 233 070b 828D90EA 		.ascii	"\202\215\220\352\244\347+w\307\247[Z\011V\241\0036\202"
 233      A4E72B77 
 233      C7A75B5A 
 233      0956A103 
 233      3682
 234 071d 0F58041F 		.ascii	"\017X\004\037\244\202[*r\277\306\271\224D\326\177\260"
ARM GAS  C:\cygwin\tmp\ccOjjbud.s 			page 18


 234      A4825B2A 
 234      72BFC6B9 
 234      9444D67F 
 234      B0
 235 072e AACE03F9 		.ascii	"\252\316\003\371xz\322\232%C\271\012 \210\\q\001;\262"
 235      787AD29A 
 235      2543B90A 
 235      20885C71 
 235      013BB2
 236 0741 617EEC13 		.ascii	"a~\354\023r\003.\225\364Lkg\312\020\360\034\016\315"
 236      72032E95 
 236      F44C6B67 
 236      CA10F01C 
 236      0ECD
 237 0753 F744BF87 		.ascii	"\367D\277\207\302\345A\341\310-\016\345\363\236\350"
 237      C2E541E1 
 237      C82D0EE5 
 237      F39EE8
 238 0762 104FCBD6 		.ascii	"\020O\313\326\227\371l\273\\%\242\223\377\037:\271a"
 238      97F96CBB 
 238      5C25A293 
 238      FF1F3AB9 
 238      61
 239 0773 4F09FBB9 		.ascii	"O\011\373\271\364\017b>L/=\316~e\270\321\267\304\353"
 239      F40F623E 
 239      4C2F3DCE 
 239      7E65B8D1 
 239      B7C4EB
 240 0786 67D7D82F 		.ascii	"g\327\330/\"\025M\334\370\345X\005\241\026,O\260\332"
 240      22154DDC 
 240      F8E55805 
 240      A1162C4F 
 240      B0DA
 241 0798 F6192CA1 		.ascii	"\366\031,\241\344\363<Q1\343nI(o\323\314H\027\267\013"
 241      E4F33C51 
 241      31E36E49 
 241      286FD3CC 
 241      4817B70B 
 242 07ac 2F44E33C 		.ascii	"/D\343<\014\276\213x\272-\3613,\213\350\017\246'\346"
 242      0CBE8B78 
 242      BA2DF133 
 242      2C8BE80F 
 242      A627E6
 243 07bf 560F5B74 		.ascii	"V\017[t\341t\350\201\214,\023\306\205\254,y\325"
 243      E174E881 
 243      8C2C13C6 
 243      85AC2C79 
 243      D5
 244 07d0 675364B8 		.ascii	"gSd\270\202\031\217\222\206o\311\347\026\010\355\371"
 244      82198F92 
 244      866FC9E7 
 244      1608EDF9 
 245 07e0 A69CB6FE 		.ascii	"\246\234\266\3769\261\351F\3403\233?A\250\224\237\201"
 245      39B1E946 
 245      E0339B3F 
 245      41A8949F 
 245      81
ARM GAS  C:\cygwin\tmp\ccOjjbud.s 			page 19


 246 07f1 CAA046F0 		.ascii	"\312\240F\360t\333\020\227\223\304\243\022\304s\250"
 246      74DB1097 
 246      93C4A312 
 246      C473A8
 247 0800 829F4B7E 		.ascii	"\202\237K~\274?\313\333\253\231:\312JK\224E,\312\313"
 247      BC3FCBDB 
 247      AB993ACA 
 247      4A4B9445 
 247      2CCACB
 248 0813 3FC636BB 		.ascii	"?\3066\273:F)\275\026\216R\335\225\026\335%\035?\037"
 248      3A4629BD 
 248      168E52DD 
 248      9516DD25 
 248      1D3F1F
 249 0826 923B4639 		.ascii	"\222;F9%\372\322\321\312\016\027|\206\005\226\233\370"
 249      25FAD2D1 
 249      CA0E177C 
 249      8605969B 
 249      F8
 250 0837 70358D2B 		.ascii	"p5\215+\277\351\260 \313\026\022H\347\241cbP\2603\330"
 250      BFE9B020 
 250      CB161248 
 250      E7A16362 
 250      50B033D8 
 251 084b F01C9782 		.ascii	"\360\034\227\202\252\242A\015\275\254IR\332m\276\244"
 251      AAA2410D 
 251      BDAC4952 
 251      DA6DBEA4 
 252 085b 63A5A8AA 		.ascii	"c\245\250\252\331\346K\316\200>\264\253f\\A\273\"\222"
 252      D9E64BCE 
 252      803EB4AB 
 252      665C41BB 
 252      2292
 253 086d 7E721774 		.ascii	"~r\027t\277b\277!\335\211\371\244&\277YIM\0151\333\267"
 253      BF62BF21 
 253      DD89F9A4 
 253      26BF5949 
 253      4D0D31DB 
 254 0882 4D2AA74E 		.ascii	"M*\247N\327IK\272N\260t\025W\036\034ssLW\015T\243\226"
 254      D7494BBA 
 254      4EB07415 
 254      571E1C73 
 254      734C570D 
 255 0899 56A38E26 		.ascii	"V\243\216&\340\244%\001{\215oS\025\216\351\232\022}"
 255      E0A42501 
 255      7B8D6F53 
 255      158EE99A 
 255      127D
 256 08ab 662433CD 		.ascii	"f$3\315\005_f\351\312j\313\334\357\312\3625l\223\257"
 256      055F66E9 
 256      CA6ACBDC 
 256      EFCAF235 
 256      6C93AF
 257 08be 5362BE60 		.ascii	"Sb\276`#\261!:-\345\353\014?\227S\207EDFD\031\266\004"
 257      23B1213A 
 257      2DE5EB0C 
 257      3F975387 
ARM GAS  C:\cygwin\tmp\ccOjjbud.s 			page 20


 257      45444644 
 258 08d5 45FF5B67 		.ascii	"E\377[gP|\372\371\027^+9eL\330V\303\222\305:\203J\247"
 258      507CFAF9 
 258      175E2B39 
 258      654CD856 
 258      C392C53A 
 259 08ec B35C7E15 		.ascii	"\263\\~\025\374\227\300\310\250\210MQA[\274B\303\302"
 259      FC97C0C8 
 259      A8884D51 
 259      415BBC42 
 259      C3C2
 260 08fe F5D1819B 		.ascii	"\365\321\201\233\202\203\027\004EmY\2605b\253~\201>"
 260      82831704 
 260      456D59B0 
 260      3562AB7E 
 260      813E
 261 0910 E85F610B 		.ascii	"\350_a\013>\326-[\260x\221\337\307\201v\323\201a[\203"
 261      3ED62D5B 
 261      B07891DF 
 261      C78176D3 
 261      81615B83 
 262 0924 C36342F4 		.ascii	"\303cB\364\201[\202\2027\207m\325\007\352B\364\241A"
 262      815B8282 
 262      37876DD5 
 262      07EA42F4 
 262      A141
 263 0936 31E1069D 		.ascii	"1\341\006\235\341\277\221\372\350\205\233\271\317~;"
 263      E1BF91FA 
 263      E8859BB9 
 263      CF7E3B
 264 0945 77B42104 		.ascii	"w\264!\004\204\002\227\337\302\205\276\354/\"\332ws"
 264      840297DF 
 264      C285BEEC 
 264      2F22DA77 
 264      73
 265 0956 50B82F89 		.ascii	"P\270/\211.\332w\303\306uK\026\373\256]\273\312\367"
 265      2EDA77C3 
 265      C6754B16 
 265      FBAE5DBB 
 265      CAF7
 266 0968 D38035EB 		.ascii	"\323\2005\353\377\263\33072(\\\027\036\036\002+\344"
 266      FFB3D837 
 266      32285C17 
 266      1E1E022B 
 266      E4
 267 0979 6BD6AF88 		.ascii	"k\326\257\210\211VG\033\266@\234\233\"\303\"t\006\371"
 267      8956471B 
 267      B6409C9B 
 267      22C32274 
 267      06F9
 268 098b BAF5AB56 		.ascii	"\272\365\253Vk\025\3537\3763`\265\326e\375\206\200\325"
 268      6B15EB37 
 268      FE3360B5 
 268      D665FD86 
 268      80D5
 269 099d AB5769E5 		.ascii	"\253Wi\345\001_\004\254\322\34250\326\257\322\242/i"
 269      015F04AC 
ARM GAS  C:\cygwin\tmp\ccOjjbud.s 			page 21


 269      D2E23530 
 269      D6AFD2A2 
 269      2F69
 270 09af 96FC965A 		.ascii	"\226\374\226Z\263D.q\264\336 \017\016\327\007E!\177"
 270      B3442E71 
 270      B4DE200F 
 270      0ED70745 
 270      217F
 271 09c1 D98A0D5A 		.ascii	"\331\212\015Z\255l\355\312\317\264\262\277\376M\273"
 271      AD6CEDCA 
 271      CFB4B2BF 
 271      FE4DBB
 272 09d0 96FCF3C7 		.ascii	"\226\374\363\307+\264Z\025\313xX\010\344\233]\310H\366"
 272      2BB45A15 
 272      CB785808 
 272      E49B5DC8 
 272      48F6
 273 09e2 D5844317 		.ascii	"\325\204C\027\032\024m\3703\334\210\010\015\005\252"
 273      1A146DF8 
 273      33DC8808 
 273      0D05AA
 274 09f1 DF390623 		.ascii	"\3379\006#\206K\324\203r\025\234\264\372\240\020\220"
 274      864BD483 
 274      72159CB4 
 274      FAA01090 
 275 0a01 EFE9888C 		.ascii	"\357\351\210\214\216\012\246\250`\316\015N_F\205\031"
 275      8E0AA6A8 
 275      60CE0D4E 
 275      5F468519 
 276 0a11 F4005386 		.ascii	"\364\000S\206El\211\010\321\353\014\032\230\334\240"
 276      456C8908 
 276      D1EB0C1A 
 276      98DCA0
 277 0a20 37C0D43A 		.ascii	"7\300\324:\260\337\323\211\351\320\201\323MQ\0211\221"
 277      B0DFD389 
 277      E9D081D3 
 277      4D511131 
 277      91
 278 0a31 04250BDE 		.ascii	"\004%\013\336\034\024\245\324\351Bc\266\006\353t\032"
 278      1C14A5D4 
 278      E94263B6 
 278      06EB741A 
 279 0a41 CBC5C2A5 		.ascii	"\313\305\302\245\177Z\354gg-\265\265\226\370\375\017"
 279      7F5AEC67 
 279      672DB5B5 
 279      96F8FD0F 
 280 0a51 1E0BF60D 		.ascii	"\036\013\366\015"
 281              		.text
 282              		.section	.gnu.lto_.symtab.652bc22d,"",%progbits
 283 0000 70616C52 		.ascii	"palReadBus\000\000\000\000\000\000\000\000\000\000\000"
 283      65616442 
 283      75730000 
 283      00000000 
 283      00000000 
 284 0015 00090100 		.ascii	"\000\011\001\000\000palWriteBus\000\000\000\000\000"
 284      0070616C 
 284      57726974 
ARM GAS  C:\cygwin\tmp\ccOjjbud.s 			page 22


 284      65427573 
 284      00000000 
 285 002a 00000000 		.ascii	"\000\000\000\000\000\000\000\016\001\000\000palSetB"
 285      0000000E 
 285      01000070 
 285      616C5365 
 285      7442
 286 003c 75734D6F 		.ascii	"usMode\000\000\000\000\000\000\000\000\000\000\000\000"
 286      64650000 
 286      00000000 
 286      00000000 
 286      0000
 287 004e 16010000 		.ascii	"\026\001\000\000_pal_lld_setgroupmode\000\000\002\000"
 287      5F70616C 
 287      5F6C6C64 
 287      5F736574 
 287      67726F75 
 288 006b 00000000 		.ascii	"\000\000\000\000\000\000\000\000\034\001\000\000"
 288      00000000 
 288      1C010000 
 289              		.text
 290              		.section	.gnu.lto_.opts,"",%progbits
 291 0000 272D666E 		.ascii	"'-fno-trapv' '-mcpu=cortex-m4' '-mno-thumb-interwor"
 291      6F2D7472 
 291      61707627 
 291      20272D6D 
 291      6370753D 
 292 0033 6B272027 		.ascii	"k' '-mthumb' '-ggdb' '-O2' '-fomit-frame-pointer' '"
 292      2D6D7468 
 292      756D6227 
 292      20272D67 
 292      67646227 
 293 0066 2D66616C 		.ascii	"-falign-functions=16' '-ffunction-sections' '-fdata"
 293      69676E2D 
 293      66756E63 
 293      74696F6E 
 293      733D3136 
 294 0099 2D736563 		.ascii	"-sections' '-fno-common' '-flto'\000"
 294      74696F6E 
 294      73272027 
 294      2D666E6F 
 294      2D636F6D 
 295              		.text
 296              		.comm	__gnu_lto_v1,1,1
 297              		.comm	__gnu_lto_slim,1,1
 298              		.ident	"GCC: (GNU Tools for ARM Embedded Processors) 4.9.3 20141119 (release) [ARM/embedded-4_9-br
ARM GAS  C:\cygwin\tmp\ccOjjbud.s 			page 23


DEFINED SYMBOLS
                            *ABS*:00000000 pal.c
                            *COM*:00000001 __gnu_lto_v1
                            *COM*:00000001 __gnu_lto_slim

NO UNDEFINED SYMBOLS
