ARM GAS  C:\cygwin\tmp\ccvWim8h.s 			page 1


   1              		.syntax unified
   2              		.cpu cortex-m4
   3              		.fpu softvfp
   4              		.eabi_attribute 20, 1
   5              		.eabi_attribute 21, 1
   6              		.eabi_attribute 23, 3
   7              		.eabi_attribute 24, 1
   8              		.eabi_attribute 25, 1
   9              		.eabi_attribute 26, 1
  10              		.eabi_attribute 30, 2
  11              		.eabi_attribute 34, 1
  12              		.eabi_attribute 18, 4
  13              		.thumb
  14              		.file	"pal_lld.c"
  15              		.text
  16              	.Ltext0:
  17              		.section	.gnu.lto_.profile.652bee9c,"",%progbits
  18 0000 789C6366 		.ascii	"x\234cf```c\200\000F\206\351\214S\031\001\004,\0019"
  18      60606063 
  18      80004686 
  18      E98C5319 
  18      01042C01 
  19              		.text
  20              		.section	.gnu.lto_.jmpfuncs.652bee9c,"",%progbits
  21 0000 789C6366 		.ascii	"x\234cf\300\016\004\2404\023\003##c=#3\220d\257\257"
  21      C00E04A0 
  21      34130323 
  21      23633D23 
  21      339064AF 
  22 0015 AF670000 		.ascii	"\257g\000\000\014\320\002#"
  22      0CD00223 
  23              		.text
  24              		.section	.gnu.lto_.inline.652bee9c,"",%progbits
  25 0000 789C6DCE 		.ascii	"x\234m\316\261\015\3020\024\004\320\273\357HNie\002"
  25      B10DC230 
  25      1404D0BB 
  25      EF484E69 
  25      6502
  26 0012 B7EC40E1 		.ascii	"\267\354@\341!\030\200Q,A\311\010\024\214\220\244J\311"
  26      21188051 
  26      2C41C908 
  26      148C90A4 
  26      4AC9
  27 0024 06404701 		.ascii	"\006@G\001}\266\000\3357%\277xw\325\327\005\374\277"
  27      7DB600DD 
  27      3725BF78 
  27      77D5D705 
  27      FCBF
  28 0036 E99706BC 		.ascii	"\351\227\006\274\361\002#\210\220E\021{Q)/\356\325E"
  28      F1022388 
  28      9045117B 
  28      51292FEE 
  28      D545
  29 0048 3A70F944 		.ascii	":p\371Dl\236\243\031\270\306\256)z\257\275H^\223\310"
  29      6C9EA319 
  29      B8C6AE29 
  29      7AAFBD48 
ARM GAS  C:\cygwin\tmp\ccvWim8h.s 			page 2


  29      5E93C8
  30 005b 5EB3285E 		.ascii	"^\263(^\213\250\264\026n{UM{\210\355l\244\021\010\273"
  30      8BA8B416 
  30      6E7B554D 
  30      7B88ED6C 
  30      A41108BB 
  31 006f E32D6338 		.ascii	"\343-c8?\202a\270\237\330\371\340/ez\037!"
  31      3F8261B8 
  31      9FD8F9E0 
  31      2F657A1F 
  31      21
  32              		.text
  33              		.section	.gnu.lto_.pureconst.652bee9c,"",%progbits
  34 0000 789C6366 		.ascii	"x\234cf```e\200\000&\006)F)\000\000\371\000@"
  34      60606065 
  34      80002606 
  34      29462900 
  34      00F90040 
  35              		.text
  36              		.section	.gnu.lto__pal_lld_init.652bee9c,"",%progbits
  37 0000 789CA59A 		.ascii	"x\234\245\232[PU\327\031\307\367Z\233\373\001\301\013"
  37      5B5055D7 
  37      19C7F75A 
  37      9BFB01C1 
  37      0B
  38 0011 8A781711 		.ascii	"\212x\027\021\274\000^\372\320\231\366\301\207\316t"
  38      BC005EFA 
  38      D099F6C1 
  38      87CE74
  39 0020 DA49A79D 		.ascii	"\332I\247\235i^\372\320\311d\322$M\307\251L\323\351"
  39      695EFAD0 
  39      C964D224 
  39      4DC7A94C 
  39      D3E9
  40 0032 F42593C3 		.ascii	"\364%\223\303\221\240\361\202\200\211b\224 5\306;*F"
  40      91A0F182 
  40      80896294 
  40      2035C63B 
  40      2A46
  41 0044 10C58828 		.ascii	"\020\305\210(\240(\250!^\300\033(( \250(\240G\004\272"
  41      A028A821 
  41      5EC01B28 
  41      2820A828 
  41      A04704BA 
  42 0058 BEFF598B 		.ascii	"\276\377Y\213}\016\002\263\267\333q>8\236\265\377\353"
  42      7D0E02B3 
  42      B7DB713E 
  42      389EB5FF 
  42      EB
  43 0069 B7BFF5ED 		.ascii	"\267\277\365\355\237\303E\327\336\374\023M%V\323\226"
  43      9FC345D7 
  43      DEFC134D 
  43      2556D396 
  44 0079 890F4CD7 		.ascii	"\211\017L\327\030\317\250\321\264\224 \316\030}\242"
  44      18CFA8D1 
  44      B49420CE 
  44      187DA2
ARM GAS  C:\cygwin\tmp\ccvWim8h.s 			page 3


  45 0088 31ED73CE 		.ascii	"1\355s\316>g\255\274\223\263\214\322}\331\216\270\235"
  45      3E67ADBC 
  45      93B38CD2 
  45      7DD98EB8 
  45      9D
  46 0099 4EA7F369 		.ascii	"N\247\363iYQ\324\027Qn\256i\317\271'\206\355bqbI\332"
  46      5951D417 
  46      516EAE69 
  46      CFB92786 
  46      ED627162 
  47 00af FEDB957E 		.ascii	"\376\333\225~\372/\230&>/\316\357\252v\264p7g3\351\345"
  47      FA2F9826 
  47      3E2FCEEF 
  47      AA76B470 
  47      376733E9 
  48 00c4 F1AC73D9 		.ascii	"\361\254s\331\001\364\222\373\321\313S\356\275W\374"
  48      01F492FB 
  48      D1CB53EE 
  48      BD57FC
  49 00d3 6277389D 		.ascii	"bw8\235\256\322\352\002\3472?7\327\331n\246\213<\266"
  49      AED2EA02 
  49      E7323F37 
  49      D7D96EA6 
  49      8B3CB6
  50 00e6 8745B3BD 		.ascii	"\207E\263\275,Z\023\377\244\261},\226\226w\246\366]"
  50      2C5A13FF 
  50      A4B17D2C 
  50      969677A6 
  50      F65D
  51 00f8 7704A48A 		.ascii	"w\004\244\212\275#<{\262\375,\200\211\217\007\307\225"
  51      BD233C7B 
  51      B2FD2C80 
  51      898F07C7 
  51      95
  52 0109 3A0706EE 		.ascii	":\007\006\356\347\227\324\372\375\225\213K\374t*\376"
  52      E797D4FA 
  52      FD958B4B 
  52      FC742AFE 
  53 0119 5402A804 		.ascii	"T\002\250\0041\212\010\246OC\2508\250\204R\011\243\022"
  53      318A08A6 
  53      4F43A838 
  53      A8845209 
  53      A312
  54 012b 4E2582CA 		.ascii	"N%\202\312X*\343\250\214\2472\201J$\225\211T&Q\211\242"
  54      582AE3A8 
  54      8CA73281 
  54      4A249589 
  54      54265189 
  55 0140 32990AC1 		.ascii	"2\231\012\301\371M\2412\225\3124*\323\251\314\2402\223"
  55      F94DA132 
  55      95CA342A 
  55      D3A9CCA0 
  55      3293
  56 0152 CA2C2AB3 		.ascii	"\312,*\263\251\304P\231C%\226\312\\*qT\342\251\314\243"
  56      A9C45099 
  56      432596CA 
  56      5C2A7154 
ARM GAS  C:\cygwin\tmp\ccvWim8h.s 			page 4


  56      E2A9CCA3 
  57 0166 329FCA02 		.ascii	"2\237\312\002*\013\251$PI\244\222De\021\225\305T\226"
  57      2A0BA924 
  57      5049A492 
  57      44651195 
  57      C55496
  58 0179 50594A45 		.ascii	"PYJE\323\232D\033\350\214\2329\247\217z=++\354l\317"
  58      D39A441B 
  58      E88C9A39 
  58      A78F7A3D 
  58      2B2BEC6C 
  59 018e F3A7CEBC 		.ascii	"\363\247\316\274\340t`/O\334\256\365\243\226\373;\237"
  59      E074602F 
  59      4FDCAEF5 
  59      A396FB3B 
  59      9F
  60 019f AE76A2ED 		.ascii	"\256v\242\355w\233.]\011\302?i\3642\255\377\256\333"
  60      779B2E5D 
  60      09C23F69 
  60      F432ADFF 
  60      AEDB
  61 01b1 3F876D65 		.ascii	"?\207men\036\300\016\210\276\347\213\276\323\033\231"
  61      6E1EC00E 
  61      88BEE78B 
  61      BED31B99 
  62 01c1 59DD1B43 		.ascii	"Y\335\033C\022\3669SS\202\334<\220\035d9\354\031\216"
  62      12F63953 
  62      5382DC3C 
  62      901D6439 
  62      EC198E
  63 01d4 9A1D6209 		.ascii	"\232\035b\011Z=[\331\025\340\331G\367l\325\224\331\320"
  63      5A3D5BD9 
  63      15E0D947 
  63      F76CD594 
  63      D9D0
  64 01e6 835CBF5C 		.ascii	"\203\\\277\\\246\261\303\"E\340d1Zca\233\002c\233#,"
  64      A6B1C322 
  64      45E06431 
  64      5A63619B 
  64      02639B23 
  65 01fb 4184534A 		.ascii	"A\204SJaf\007\363\354\345o!\352\007D\321\204\260\243"
  65      616607F3 
  65      ECE56F21 
  65      EA0744D1 
  65      84B0A3
  66 020e BEC414F4 		.ascii	"\276\304\024\364\326\204\205Fl\021\021\006h\327\230"
  66      D6848546 
  66      6C111106 
  66      68D798
  67 021d ABB4B652 		.ascii	"\253\264\266R\345\324U\234\335\353\210\377^\314i\303"
  67      E5D4559C 
  67      DDEB88FF 
  67      5ECC69C3 
  68 022d C0CEA665 		.ascii	"\300\316\246e\342\232 \371\240\261c,\336\373\000t\304"
  68      E29A20F9 
  68      A0B1632C 
  68      DEFB0074 
ARM GAS  C:\cygwin\tmp\ccvWim8h.s 			page 5


  68      C4
  69 023e 1F7D99DB 		.ascii	"\037}\231\333\021&\366M\021\027\264\236\031\343\346"
  69      1126F64D 
  69      1117B49E 
  69      19E3E6
  70 024d C12F7810 		.ascii	"\301/x\020+\226\233?.K\177\025.6\217p\363\020v\034["
  70      2B969B3F 
  70      2E4B7F15 
  70      2E368F70 
  70      F310761C 
  71 0262 5377C43B 		.ascii	"Sw\304;{Ov\334\012\377\254\327\231\341,\325\305\036"
  71      7B4F76DC 
  71      0AFFACD7 
  71      99E12CD5 
  71      C51E
  72 0274 EC044B20 		.ascii	"\354\004K \002\215\225\260\317\004\022\2278\365\347"
  72      028D95B0 
  72      CF041297 
  72      38F5E7
  73 0283 CB7EADFF 		.ascii	"\313~\255\377\012\217\343\205\272'\271zL\236x\340\032"
  73      0A8FE385 
  73      BA27B97A 
  73      4C9E78E0 
  73      1A
  74 0294 4ACE7C58 		.ascii	"J\316|X\232\272\335\331?0 n\327\301N\372>v\022\367G"
  74      9ABADDD9 
  74      3F30206E 
  74      D7C14EFA 
  74      3E7612F7 
  75 02a9 1623AE2A 		.ascii	"\026#\256*h\334\261\031#\344p:i\204\330)\261\302\367"
  75      68DCB119 
  75      23E4703A 
  75      6984D829 
  75      B1C2F7
  76 02bc 965B0B2B 		.ascii	"\226[\013+_\263a\202\203\206>\3172\270\224\305P/D\373"
  76      5FB36182 
  76      83863ECF 
  76      32B894C5 
  76      502F44FB 
  77 02d0 5D859DE5 		.ascii	"]\205\235\345y\201>O7ri\205\330\036\317\370s\316\206"
  77      79813E4F 
  77      37726985 
  77      D81ECFF8 
  77      73CE86
  78 02e3 3EFFECB4 		.ascii	">\377\354\264\270Q\215\225\321a\206{\2674hhKE\373C\251"
  78      B8518D95 
  78      D161867B 
  78      B7346868 
  78      4B45FB43 
  79 02f8 9F6786F4 		.ascii	"\237g\206\3643\303\331\260\226\232\035\306\316\242\251"
  79      33C3D9B0 
  79      969A1DC6 
  79      CEA2A9
  80 0307 BA279395 		.ascii	"\272'\223\225cR\312\262\362\")\335;\332\201\353\373"
  80      6352CAB2 
  80      F22229DD 
  80      3BDA81EB 
ARM GAS  C:\cygwin\tmp\ccvWim8h.s 			page 6


  80      FB
  81 0318 7353D31D 		.ascii	"sS\323\035\024\235A\321c\250\031\254Bf\237\252\372\256"
  81      149D41D1 
  81      63A819AC 
  81      42669FAA 
  81      FAAE
  82 032a 31188352 		.ascii	"1\030\203R\032E\223R\211d?\231|\216\206%\034\367|\270"
  82      1A459352 
  82      89643F99 
  82      7C8E8625 
  82      1CF77CB8 
  83 033e 222FD003 		.ascii	"\"/\320\003\037a\2166\202@\317#\316_\306U\015\005\265"
  83      1F618E36 
  83      8240CF23 
  83      CE5FC655 
  83      0D05B5
  84 0351 42760151 		.ascii	"Bv\001Q\0012\352\"\221ExNc\220l\254\005\262j\304\005"
  84      0132EA22 
  84      9145784E 
  84      63906CAC 
  84      05B26AC4 
  85 0366 CAB81A3B 		.ascii	"\312\270\032;d\227\020\025$\243.\023\331XO\317*\025"
  85      64971015 
  85      24A32E13 
  85      D9584FCF 
  85      2A15
  86 0378 D9380B64 		.ascii	"\3318\013dW\020\027,\343~\262CV\213\250\020\031\365"
  86      5710172C 
  86      E37EB243 
  86      568BA810 
  86      19F5
  87 038a 33918DF3 		.ascii	"3\221\215\363\364l\220l\274\005\262\253\210s\310\270"
  87      F46C906C 
  87      BC05B2AB 
  87      8873C8B8 
  88 039a 6B76C8AE 		.ascii	"kv\310\256#*TF\335 \262\361\236\236]Td\023,\220\325"
  88      232A5446 
  88      DD20B2F1 
  88      9E9E5D54 
  88      64132C90 
  89 03af 212E4CC6 		.ascii	"!.L\306\325\333!\273\211\25012\352\026\221M\360\364"
  89      D5DB21BB 
  89      89A83132 
  89      EA16914D 
  89      F0F4
  90 03c1 6C902CD2 		.ascii	"l\220,\322\002\331m\304\205\313\270;v\310\356\"J\232"
  90      02D96DC4 
  90      85CBB83B 
  90      76C8EE22 
  90      4A9A
  91 03d3 84351059 		.ascii	"\2045\020Y$\254VgF\344\215\020\271\267\271\333G7\367"
  91      24AC5667 
  91      46E48D10 
  91      B9B7B9DB 
  91      4737F7
  92 03e6 3D6C3776 		.ascii	"=l7vxs\337W\346n\3621\267U]7C\327\256\342\315U\016\217"
  92      7873DF57 
ARM GAS  C:\cygwin\tmp\ccvWim8h.s 			page 7


  92      E66EF231 
  92      B7555D37 
  92      43D7AEE2 
  93 03fe AE5743D7 		.ascii	"\256WC\327\017\244\256\353\336Z\327\017\205\214\033"
  93      0FA4AEEB 
  93      DE5AD70F 
  93      858C1B
  94 040d 47D435E5 		.ascii	"G\3245\345\322\212\346Qt\335\002]\267\322y\007\213\367"
  94      D28AE651 
  94      74DD025D 
  94      B7D27907 
  94      8BF7
  95 041f 8E3DEBC8 		.ascii	"\216=\353\310\015\201\256\247B\327\217[79|\217\277M"
  95      0D81AEA7 
  95      42D78F5B 
  95      37397C8F 
  95      BF4D
  96 0431 36B1ED40 		.ascii	"6\261\355@~\215\356\243\353GJ\327\224\311\332\215\031"
  96      7E8DEEA3 
  96      EB474AD7 
  96      94C9DA8D 
  96      19
  97 0442 68C5BDDD 		.ascii	"h\305\275\335;\275\373B\250\327\014<\360\232\201\374"
  97      3BBDFB42 
  97      A8D70C3C 
  97      F09A81FC 
  98 0452 92533961 		.ascii	"\222S9a^3\320\241\374\214\250\3074\003\301\206\237A"
  98      5E33D0A1 
  98      FC8CA8C7 
  98      3403C186 
  98      9F41
  99 0464 3BD11C1E 		.ascii	";\321\034\036\246\363\211\3623\342\236\332!\353T~F\324"
  99      A6F389F2 
  99      33E29EDA 
  99      21EB547E 
  99      46D4
 100 0476 33229B68 		.ascii	"3\"\233h\370\031d\223,\220=W~F\\\227\035\262n\345gD"
 100      F8196493 
 100      2C903D57 
 100      7E465C97 
 100      1DB26EE5 
 101 048c F510D924 		.ascii	"\365\020\331$\303\317 \213\262@\366B\371\031q/\355\220"
 101      C3CF208B 
 101      B240F642 
 101      F919712F 
 101      ED90
 102 049e B9959F11 		.ascii	"\271\225\237\021\365\212\310\242\014?\203l\262\005\262"
 102      F58AC8A2 
 102      0C3F836C 
 102      B205B2
 103 04ad 5EE567C4 		.ascii	"^\345g\304\275\266C\326\247\374\214\250~\"\233l\370"
 103      BDB643D6 
 103      A7FC8CA8 
 103      7E229B6C 
 103      F8
 104 04be 1964D116 		.ascii	"\031d\321\026\310\006\224\237\021\347\3446\310R\270"
 104      C806949F 
ARM GAS  C:\cygwin\tmp\ccvWim8h.s 			page 8


 104      11E7E436 
 104      C852B8
 105 04cd F433A25C 		.ascii	"\3643\242\\\\\220E\033~\006\331\024\013d+\271\3643\342"
 105      5C90451B 
 105      7E06D914 
 105      0B642BB9 
 105      F433E2
 106 04e0 52ED907D 		.ascii	"R\355\220}\301\245\237\021\225FdS\240\261\273f\374\274"
 106      C1A59F11 
 106      95466453 
 106      A0B1BB66 
 106      FCBC
 107 04f2 8A0FF5F3 		.ascii	"\212\017\365\363\223\321\375\274\032\333\215\033\336"
 107      93D1FDBC 
 107      1ADB8D1B 
 107      DE
 108 04ff CF5F72E9 		.ascii	"\317_r\351\3475\334\216\237\327r\362\363\311\007\273"
 108      E735DC8E 
 108      9FD772F2 
 108      F3C907BB 
 109 050f D64B3F67 		.ascii	"\326K?g\300\317\353x\364\220\033\263\352\347\365<\206"
 109      C0CFEB78 
 109      F4901BB3 
 109      EAE7F53C 
 109      86
 110 0520 EE78043F 		.ascii	"\356x\004?S.\255\020\333\217\350\347tN~\336@_\030\205"
 110      532EAD10 
 110      DB8FE8E7 
 110      744E7EDE 
 110      405F1885 
 111 0534 88F73A36 		.ascii	"\210\367:6\234x\204/\324\203~IK{\3123o\0169\376\014"
 111      9C78842F 
 111      D4837E49 
 111      4B7BCA33 
 111      6F0E39FE 
 112 0549 EE69629A 		.ascii	"\356ib\232\353\214\213\371\3709\223K?S&\3132f@\244\213"
 112      EB8C8BF9 
 112      F839934B 
 112      3F5326CB 
 112      326640A4 
 113 055e 0B8A76B4 		.ascii	"\013\212v\264\320\377\205\2033 \356~p\006\266\255o."
 113      D0FF8583 
 113      3320EE7E 
 113      7006B6AD 
 113      6F2E
 114 0570 E25E33B0 		.ascii	"\342^3\260\221K?#\352+\232\201\020\303\317\240\235j"
 114      914B3F23 
 114      EA2B9A81 
 114      10C3CFA0 
 114      9D6A
 115 0582 0E0FD3F9 		.ascii	"\016\017\323\3715\227~F\334&;d\233\271\3643\242\262"
 115      35977E46 
 115      DC263B64 
 115      9BB9F433 
 115      A2B2
 116 0594 896CAAE1 		.ascii	"\211l\252\341g\220M\263@\266\205K?#\356\033;d[\271\364"
 116      67904DB3 
ARM GAS  C:\cygwin\tmp\ccvWim8h.s 			page 9


 116      40B6854B 
 116      3F23EE1B 
 116      3B645BB9 
 117 05a9 33A2B611 		.ascii	"3\242\266\021\3314\303\317 \233n\201,\207K?#\356[;d"
 117      D934C3CF 
 117      209B6E81 
 117      2C874B3F 
 117      23EE5B3B 
 118 05be B95CFA19 		.ascii	"\271\\\372\031Q\333\211l\272\341g\220\315\260@\226\307"
 118      51DB896C 
 118      BAE16790 
 118      CDB04096 
 118      C7
 119 05cf A59F11F7 		.ascii	"\245\237\021\367?;d;\270\3643\242\276#\262\031\206\237"
 119      3F3B643B 
 119      B8F433A2 
 119      BE23B219 
 119      869F
 120 05e1 4136D302 		.ascii	"A6\323\002\331N.\375\214\270\357\355\220\355R~F\324"
 120      D94E2EFD 
 120      8CB8EFED 
 120      90ED527E 
 120      46D4
 121 05f3 6E229B69 		.ascii	"n\"\233i\370\031d\263,\220\355Q~F\334^;d\373\224\237"
 121      F81964B3 
 121      2C90ED51 
 121      7E46DC5E 
 121      3B64FB94 
 122 0608 11B59FC8 		.ascii	"\021\265\237\310fAc\335f\374|\340\015?\277\032\335\317"
 122      664163DD 
 122      66FC7CE0 
 122      0D3FBF1A 
 122      DDCF
 123 061a F9D86EFC 		.ascii	"\371\330n\374\360~>\250\374|\310\226\237\017\303\317"
 123      F07E3EA8 
 123      FC7CC896 
 123      9F0FC3CF 
 124 062a 29FB06B2 		.ascii	")\373\006\262t\217\237\263\341\347\002\351\347\356\267"
 124      748F9FB3 
 124      E1E702E9 
 124      E7EEB7
 125 0639 F6F31161 		.ascii	"\366\363\021a\337\003#\372\231ri\305\341Q\374\374\003"
 125      DF0323FA 
 125      997269C5 
 125      E151FCFC 
 125      03
 126 064a FC7C94CE 		.ascii	"\374|\224\316\333A\0158\342\352\015\204\237\337\245"
 126      DB410D38 
 126      E2EA0D84 
 126      9FDFA5
 127 0659 A587D664 		.ascii	"\245\207\326d\375\303\367\364\013\345\351oJ\331~2\314"
 127      FDC3F7F4 
 127      0BE5E96F 
 127      4AD97E32 
 127      CC
 128 066a 47CF454A 		.ascii	"G\317EJ\317\024\311\216\031#p\024#\360\260\246\355\277"
 128      CF14C98E 
ARM GAS  C:\cygwin\tmp\ccvWim8h.s 			page 10


 128      19237014 
 128      23F0B0A6 
 128      EDBF
 129 067c 5E1350E0 		.ascii	"^\023P\3405\001[\273j\\\376^\023P\254\354\214\244\343"
 129      35015BBB 
 129      6A5CFE5E 
 129      1350ACEC 
 129      8CA4E3
 130 068f 34010EC3 		.ascii	"4\001\016\303\316`\235m\012\016\243yB\311\031i%6\270"
 130      CE609D6D 
 130      0A0EA379 
 130      42C91969 
 130      2536B8
 131 06a2 4E2A3723 		.ascii	"N*7#\351G\342\232m\270\031\\1\346\271N)5#\255\324\006"
 131      E947E29A 
 131      6DB8195C 
 131      31E6B94E 
 131      293523AD 
 132 06b8 D7696566 		.ascii	"\327ief$\225\021W\214afp\3151\317uF\211\031igmp\225"
 132      24951157 
 132      8C616670 
 132      CD31CF75 
 132      46891969 
 133 06d0 2B2F23A9 		.ascii	"+/#\251\202\270\346\030^\006W\254y\256J\245e\244\235"
 133      82B8E618 
 133      5E0657AC 
 133      79AE4AA5 
 133      65A49D
 134 06e3 B3C1755E 		.ascii	"\263\301u^Y\031IU\304\025kX\031\\s\315s]PRF\332E\033"
 134      59194955 
 134      C4156B58 
 134      195C73CD 
 134      735D5052 
 135 06fb 5CD5CAC9 		.ascii	"\\\325\312\311H\252!\256\271\206\223\301\025g\236\353"
 135      48AA21AE 
 135      B98693C1 
 135      15679EEB 
 136 070b 925232D2 		.ascii	"\222R2\322.\333\340\272\242\214\214\244\237\210+\016"
 136      2EDBE0BA 
 136      A28C8CA4 
 136      9F882B0E 
 137 071b E2EA3563 		.ascii	"\342\3525c\344\3327\214\3347\272\221\177\306v\023\206"
 137      E4DA378C 
 137      DC37BA91 
 137      7FC67613 
 137      86
 138 072c 37F25565 		.ascii	"7\362Ue\344k\266\214|\035Oj\325\271\235\305\301\036"
 138      E46BB68C 
 138      7C1D4F6A 
 138      D5B99DC5 
 138      C11E
 139 073e 236F8791 		.ascii	"#o\207\221oH#\367\276\265\221\353\204okG42\345\322\212"
 139      6F4823F7 
 139      BEB591EB 
 139      846F6B47 
 139      3432E5D2 
 140 0753 EBA318B9 		.ascii	"\353\243\030\271\036F\276I\247\035J\337^\252\177\235"
ARM GAS  C:\cygwin\tmp\ccvWim8h.s 			page 11


 140      1E46BE49 
 140      A71D4ADF 
 140      5EAA7F9D 
 141 0763 CE61E464 		.ascii	"\316a\344dZz\331\271\347\265\356{\372\267\344\351g\357"
 141      5A7AD9B9 
 141      E7B5EE7B 
 141      FAB7E4E9 
 141      67EF
 142 0775 6ED9E5EF 		.ascii	"n\331\345\357\243\344\333J\311\224\311\356\030#p\023"
 142      A3E4DB4A 
 142      C994C9EE 
 142      18237013 
 143 0785 23D0FD6A 		.ascii	"#\320\375j\317\265\020\257\031\270\3415\003\253\372"
 143      CFB510AF 
 143      19B8E135 
 143      03ABFA
 144 0794 0ADFF3FE 		.ascii	"\012\337\363\376\246\226R2\222\032h\004B\015%\0036\336"
 144      A6965232 
 144      921A6804 
 144      420D2503 
 144      36DE
 145 07a6 1C1D66B3 		.ascii	"\034\035f\263Q9\031q\367l\200\335WNFR\023\201\305\033"
 145      51391971 
 145      F76C80DD 
 145      574E4652 
 145      1381C51B 
 146 07ba 4E06D83C 		.ascii	"N\006\330<\013`\315J\312\210{`\003\354\241\2222\222"
 146      0B60CD4A 
 146      CA887B60 
 146      03ECA192 
 146      3292
 147 07cc 5A086C9E 		.ascii	"Z\010l\236"
 148 07d0 216580CD 		.ascii	"!e\200\315\267\000\326\252\254\214\2706\033`\217\224"
 148      B700D6AA 
 148      AC8CB836 
 148      1B608F94 
 149 07e0 9591D44E 		.ascii	"\225\221\324N`\363\015+\003l\201\005\260\016\245e\304"
 149      60F30D2B 
 149      036C8105 
 149      B00EA565 
 149      C4
 150 07f1 3DB601F6 		.ascii	"=\266\001\366Di\031IO\011l\201\241e\200-\264\000\326"
 150      44691949 
 150      4F096C81 
 150      A165802D 
 150      B400D6
 151 0804 A9BC8CB8 		.ascii	"\251\274\214\270g6\300\236+/#\251\213\300\026\032^\006"
 151      6736C09E 
 151      2B2F23A9 
 151      8BC0161A 
 151      5E06
 152 0816 588205B0 		.ascii	"X\202\005\260n%f\304\365\330\000{\241\304\214\244\227"
 152      6E2566C4 
 152      F5D8007B 
 152      A1C48CA4 
 152      97
 153 0827 0496007F 		.ascii	"\004\226\000\177\345T\231\020\263\373\0151\247\227\217"
ARM GAS  C:\cygwin\tmp\ccvWim8h.s 			page 12


 153      E5549910 
 153      B3FB0D31 
 153      A7978F
 154 0836 2AE657D8 		.ascii	"*\346W\330.rx1\367*1\277\266%\346>\210\371NOw\245\347"
 154      2E727831 
 154      F72A31BF 
 154      B625E63E 
 154      88F94E4F 
 155 084d 4763CE63 		.ascii	"Gc\316c\020s\277\024\263qcV\305< \264\353\036Q\314\224"
 155      1073BF14 
 155      B3716356 
 155      C53C20B4 
 155      EB1E51CC 
 156 0862 4B2BFA46 		.ascii	"K+\372F\021\263S'1\247\350\342\270\303\304{%m]\025\036"
 156      11B35327 
 156      31A7E8E2 
 156      B8C3C47B 
 156      256D5D15 
 157 0877 31AFC3DA 		.ascii	"1\257\303\332\375[\326\375\305\367\364]\272\247\211"
 157      FD5BD6FD 
 157      C5F7F45D 
 157      BAA789
 158 0886 39076A36 		.ascii	"9\007j6\371\376dp\245.\305L\231,U\037\034\001\221.."
 158      F9FE6470 
 158      A52EC54C 
 158      992C551F 
 158      1C01912E 
 159 089b A86EDF7D 		.ascii	"\250n\337}\325\337k\004\372\275F\240\242q\353\232@\357"
 159      D5DF6B04 
 159      FABD46A0 
 159      A271EB9A 
 159      40EF
 160 08ad 6F67E9D2 		.ascii	"og\351\322\314\210J\323\305\014\204\031f\006m\242):"
 160      CC884AD3 
 160      C50C8419 
 160      66066DA2 
 160      293A
 161 08bf CCE62A5D 		.ascii	"\314\346*]\212\031i\253\355\200}\251K3#j\015\201%\032"
 161      8A1969AB 
 161      ED807DA9 
 161      4B33236A 
 161      0D81251A 
 162 08d3 66065892 		.ascii	"f\006X\222y\260\265\272\0243\322\326\331\001[\257K3"
 162      79B0B5BA 
 162      1433D2D6 
 162      D9015BAF 
 162      4B33
 163 08e5 232A9DC0 		.ascii	"#*\235\300\222\0143\003l\221y\260\015\272\0243\3222"
 163      920C3303 
 163      6C9179B0 
 163      0DBA1433 
 163      D232
 164 08f7 EC8065EA 		.ascii	"\354\200e\352\322\314\210\312\"\260E\206\231\001\266"
 164      D2CC88CA 
 164      22B04586 
 164      9901B6
 165 0906 D83CD846 		.ascii	"\330<\330F]\212\031i_\331\001\373Z\227fF\324&\002[l"
ARM GAS  C:\cygwin\tmp\ccvWim8h.s 			page 13


 165      5D8A1969 
 165      5FD901FB 
 165      5A976646 
 165      D426025B 
 166 091b 9819604B 		.ascii	"\230\031`K\314\203m\326\245\230\221\226m\007l\213.\315"
 166      CC836DD6 
 166      A5989196 
 166      6D076C8B 
 166      2ECD
 167 092d 8CA86F08 		.ascii	"\214\250o\010l\211af\200-5\017\266U\227bF\3326;`9\272"
 167      6C896166 
 167      802D350F 
 167      B6559762 
 167      46DA363B 
 168 0944 3433A2BE 		.ascii	"43\242\276%\260\245\332\035\226RZ\364{XR\243_\261a\364"
 168      25B0A5DA 
 168      1D96525A 
 168      F47B5852 
 168      A35FB161 
 169 0959 AB355CD3 		.ascii	"\2535\\\323\026'&&y\376\256\3704\351\357\357/OJ^\361"
 169      16272626 
 169      79FEAEF8 
 169      34E9EFEF 
 169      2F4F4A5E 
 170 096e AF7F7F9A 		.ascii	"\257\177\177\232\364\347w\377\260tI\322;\357\374&\351"
 170      F4E777FF 
 170      B07449D2 
 170      3BEFFC26 
 170      E9
 171 097f B77FFADD 		.ascii	"\267\177\372\335\037\377\263$)\371\375\345\357-_\376"
 171      1FFFB324 
 171      29F9FDE5 
 171      EF2D5FFE 
 172 098f B7C40FB4 		.ascii	"\267\304\017\264\200\017V\374\363\243O>\366\3778\371"
 172      800F56FC 
 172      F3A34F3E 
 172      F6FF38F9 
 173 099f 9315C9FF 		.ascii	"\223\025\311\377\007\010'\336L"
 173      070827DE 
 173      4C
 174              		.text
 175              		.section	.gnu.lto__pal_lld_setgroupmode.652bee9c,"",%progbits
 176 0000 789C9D57 		.ascii	"x\234\235W\177PUu\026\277\347{\357\373\011\210?\032"
 176      7F505575 
 176      16BFE77B 
 176      EFFB0988 
 176      3F1A
 177 0012 43D4B441 		.ascii	"C\324\264A\374\231\240H\272\352\212\253\240\325LM\315"
 177      FC99A048 
 177      BAEA8AAB 
 177      A0D54C4D 
 177      CD
 178 0023 D44C35D3 		.ascii	"\324L5\323T\226\316\266\26300\3006\355_{\345W\265\271"
 178      5496CEB6 
 178      B33030C0 
 178      36ED5F7B 
 178      E557B5B9 
ARM GAS  C:\cygwin\tmp\ccvWim8h.s 			page 14


 179 0037 3B2EB5BB 		.ascii	";.\265\273f2\3750\324\004y\206\277\202T^\304\012\"b"
 179      6632FD30 
 179      D4047986 
 179      BF82545E 
 179      C40A2262 
 180 004b AC06EA22 		.ascii	"\254\006\352\"P\013\210+\322\262\242/\032\222=?\356"
 180      500B882B 
 180      D2B2A22F 
 180      1A923D3F 
 180      EE
 181 005c 83F7081A 		.ascii	"\203\367\010\032F\206w\270\337\363>\347s\317\371|\317"
 181      468677B8 
 181      DFF33EE7 
 181      73CFF97C 
 181      CF
 182 006d B9DF8BAE 		.ascii	"\271\337\213\256\375\364g+~\336\016\327\264\327\360"
 182      FDF4672B 
 182      7EDE0ED7 
 182      B4D7F0
 183 007c 2F8468A0 		.ascii	"/\204h\240\266\327\243\323\251@\227\013]\031o\314\323"
 183      B6D7A3D3 
 183      A940970B 
 183      5D196FCC 
 183      D3
 184 008d 4CB7936C 		.ascii	"L\267\223l\250\241l\274\262\363\312\006\016\001\331"
 184      A8A16CBC 
 184      B2F3CA06 
 184      0E01D9
 185 009c FD170E70 		.ascii	"\375\027\016p\312\205S\271s\034\010tm\253\326\020\351"
 185      CA8553B9 
 185      731C0874 
 185      6DABD610 
 185      E9
 186 00ad 12BA2F9C 		.ascii	"\022\272/\234n\000\272\320@\373\203\322\015\233\335"
 186      6E00BAD0 
 186      40FB83D2 
 186      0D9BDD
 187 00bc E174B901 		.ascii	"\341t\271\001/%\231k\252W\301vo\321\216\220y\205\246"
 187      2F25996B 
 187      AA57C176 
 187      6FD18E90 
 187      7985A6
 188 00cf 69FEB7B4 		.ascii	"i\376\267\264)\"7\242_i\332M%\000\330\013\363\020r\305"
 188      292237A2 
 188      5F69DA4D 
 188      2500D80B 
 188      F31072C5 
 189 00e3 776C5B98 		.ascii	"wl[\230\036\017\032^\227\225\364\235\015\351R\375\012"
 189      1E0F1A5E 
 189      9795F49D 
 189      0DE952FD 
 189      0A
 190 00f4 66D3B23C 		.ascii	"f\323\262<\277f\207\235\226\312\240e\243\347\362%\025"
 190      BF66879D 
 190      96CAA065 
 190      A3E7F225 
 190      15
ARM GAS  C:\cygwin\tmp\ccvWim8h.s 			page 15


 191 0105 BDDB34B3 		.ascii	"\275\3334\263\274\347J\315_\031\375J\207}\240#\037|"
 191      BCE74ACD 
 191      5F19FD4A 
 191      877DA023 
 191      1F7C
 192 0117 0291B01F 		.ascii	"\002\221\260\037\"5tiP\004\321\210\376\250\271\303\247"
 192      22357469 
 192      5004D188 
 192      FEA8B9C3 
 192      A7
 193 0128 EB2B9977 		.ascii	"\353+\231w\177e\331\002\016l;^\330\030j>\334\257\014"
 193      7F65D902 
 193      0E6C3B5E 
 193      D8186A3E 
 193      DCAF0C
 194 013b 281E1969 		.ascii	"(\036\031ihp\200#\257\366_\333\033\246'p\344\217\373"
 194      68708023 
 194      AFF65FDB 
 194      1BA62770 
 194      E48FFB
 195 014e FFB2CB2D 		.ascii	"\377\262\313-\241'\012\317s\250\015JF\206\3324\360@"
 195      A1270ACF 
 195      73A80D4A 
 195      4686DA34 
 195      F040
 196 0160 34E1076A 		.ascii	"4\341\007jw\226\205\352\211\034\233w\360\207f[\324\207"
 196      779685EA 
 196      891C9B77 
 196      F087665B 
 196      D487
 197 0172 145B915B 		.ascii	"\024[\221[\035j\326\2309m\203\203\263\372\225\035\016"
 197      1D6AD698 
 197      396D8383 
 197      B3FA951D 
 197      0E
 198 0183 0633C80F 		.ascii	"\0063\310\017\206\274\277}\327-\233\376\010\207_\277"
 198      86BCBF7D 
 198      D72D9BFE 
 198      08875FBF 
 199 0193 B5EFAF21 		.ascii	"\265\357\257!\034\376AM\241= \270t\214\340\335}_\365"
 199      1CFE414D 
 199      A13D20B8 
 199      748CE0DD 
 199      7D5FF5
 200 01a6 3AF52738 		.ascii	":\365'8\270j\357w\005\341\022|:(\370\360\030\301\037"
 200      B86AEF77 
 200      05E1127C 
 200      3A28F8F0 
 200      18C11F
 201 01b9 79CA9ED6 		.ascii	"y\312\236\326\237\341\330\206\303\267[&HlmP\354\321"
 201      9FE1D886 
 201      C3B75B26 
 201      486C6D50 
 201      ECD1
 202 01cb 31621BBA 		.ascii	"1b\033\272\257z\\\372\363\034l\036\316\277\343\222\340"
 202      AF7A5CFA 
 202      F31C6C1E 
ARM GAS  C:\cygwin\tmp\ccvWim8h.s 			page 16


 202      CEBFE392 
 202      E0
 203 01dc 3341C19F 		.ascii	"3A\301\237\215\021|z\327\371\223n\375e\016\276v8\253"
 203      8D117C7A 
 203      D7F9936E 
 203      FD650EBE 
 203      7638AB
 204 01ef CC2AB92E 		.ascii	"\314*\271.(\270|\214\340\336\234\037\233B\3549\330_"
 204      28B87C8C 
 204      E0DE9C1F 
 204      9B42EC39 
 204      D85F
 205 0201 13E15388 		.ascii	"\023\341S\210\202C\3709\202\237c\370)\303\317\347\020"
 205      8243F839 
 205      829F63F8 
 205      29C3CFE7 
 205      10
 206 0212 25FD06C7 		.ascii	"%\375\006\307\301\016\232\346\036\013\205\\\276O\212"
 206      C10E9AE6 
 206      1E0B855C 
 206      BE4F8A
 207 0221 DF54FAAF 		.ascii	"\337T\372\257\245\212C\257gI\025m\347rk\203\266\356"
 207      A58A43AF 
 207      6749156D 
 207      E7726B83 
 207      B6EE
 208 0233 C468A9C0 		.ascii	"\304h\251\300I\2468\331ST3AOc\212\256\256\362%\314\340"
 208      49A638D9 
 208      53543341 
 208      4F638AAE 
 208      AEF225CC 
 209 0248 2DC766CD 		.ascii	"-\307f\315\371\300\27438\010DP1*\201\227\011\376d\026"
 209      F9C0BC33 
 209      38084450 
 209      312A8197 
 209      09FE6416 
 210 025c BD0D7A06 		.ascii	"\275\015z\006\023\024\366\026\234\010\023\206\223\301"
 210      1314F616 
 210      9C081386 
 210      93C1
 211 026a 0C5F8CCA 		.ascii	"\014_\214\312P\311\014\355{zrA\177\225\031\376\270?"
 211      50C90CED 
 211      7B7A7241 
 211      7F9519FE 
 211      B83F
 212 027c 371F84A1 		.ascii	"7\037\204\2416\230\341\313Q\031\252 \3123\331k\016\016"
 212      3698E1CB 
 212      5119AA20 
 212      CA33D96B 
 212      0E0E
 213 028e DE6C297D 		.ascii	"\336l)}k\255G=\004<\022\010D\325p\260P7\034\022T\016"
 213      6BAD473D 
 213      043C1208 
 213      44D570B0 
 213      50371C12 
 214 02a4 FB1DB5B3 		.ascii	"\373\035\265\263k\244\034>\005\260\367C\030\023\212"
 214      6BA41C3E 
ARM GAS  C:\cygwin\tmp\ccvWim8h.s 			page 17


 214      05B0F743 
 214      18138A
 215 02b3 B3E00863 		.ascii	"\263\340\010c\340\004\272\014g\364D\272\234\304!\223"
 215      E004BA0C 
 215      67F444BA 
 215      9CC42193 
 216 02c3 E9728A46 		.ascii	"\351r\212F\252\337\003\304=\225\034\367\222\211 3\015"
 216      AADF03C4 
 216      3D951CF7 
 216      92892033 
 216      0D
 217 02d4 8D3392E5 		.ascii	"\2153\222\345\234N\22738\251\231@3}\037\001f\221\231"
 217      9C4E9733 
 217      38A99940 
 217      337D1F01 
 217      669199
 218 02e7 4DE67E32 		.ascii	"M\346~2Qd\346\220\211&3\227\314|\012\\@f!\313\272\210"
 218      5164E690 
 218      89263397 
 218      CC7C0A5C 
 218      406621CB 
 219 02fd 9C0F9059 		.ascii	"\234\017\220YL&\206\314\0222K\011\023Gf\031\253\027"
 219      4C2686CC 
 219      12324B09 
 219      13476619 
 219      AB17
 220 030f 4FCE07C9 		.ascii	"O\316\007\311,'\263\202\314J2\253\310\254&\263\206L"
 220      2C27B382 
 220      CC4A32AB 
 220      C8AC26B3 
 220      864C
 221 0321 0299B564 		.ascii	"\002\231\265d\326\261>\353\271\340D\2565\211\313\334"
 221      D6B13EEB 
 221      B9E044AE 
 221      3589CBDC 
 222 0331 C06A6C64 		.ascii	"\300jld}4\255\035\033\020\037\240\035J\341\037\3752"
 222      7D34AD1D 
 222      1B101FA0 
 222      1D4AE11F 
 222      FD32
 223 0343 647F9F77 		.ascii	"d\177\237w\247\350\027\324\221>\025\342Sn\334\251?\227"
 223      A7E817D4 
 223      913E15E2 
 223      536EDCA9 
 223      3F97
 224 0355 7C7C339C 		.ascii	"||3\234\236t\016\224\371\037\270#\215\240\270e\221\006"
 224      9E740E94 
 224      F91FB823 
 224      8DA0B865 
 224      9106
 225 0367 411A079D 		.ascii	"A\032\007\235*~M\202B%h\350\361\350\300]9\205A\210j"
 225      2A7E4D82 
 225      422568E8 
 225      F1E8C05D 
 225      39854188 
 226 037c C96B0701 		.ascii	"\311k\007\001\205!\016A;\233:\372t\0029q\033\253\003"
 226      85210E41 
ARM GAS  C:\cygwin\tmp\ccvWim8h.s 			page 18


 226      3B9B3AFA 
 226      74023971 
 226      1BAB03
 227 038f 980F1173 		.ascii	"\230\017\021s\2300\327\373\231'\010\363\273\276\272"
 227      9830D7FB 
 227      992708F3 
 227      BBBEBA
 228 039e 53924E84 		.ascii	"S\222N\204\0065#\231\303\021\007\321\303LG\210)\\\230"
 228      06352399 
 228      C31107D1 
 228      C34C4788 
 228      295C98
 229 03b1 1AFD4C13 		.ascii	"\032\375L\023\205\351`E\321\233.fzQ\203\323#\231&!\016"
 229      85E96045 
 229      D19B2E66 
 229      7A5183D3 
 229      23992621 
 230 03c6 41DDE7DF 		.ascii	"A\335\347\337+\017\345\034\261\261j\003r<F\314\223\204"
 230      2B0FE51C 
 230      B1B16A03 
 230      723C46CC 
 230      9384
 231 03d8 B9C5CF3C 		.ascii	"\271\305\317<Y\230\367U\344\3575\230\331\3046;3\222"
 231      5998F755 
 231      E4EF3598 
 231      D9C4363B 
 231      3392
 232 03ea 7A0A0269 		.ascii	"z\012\002i\250w\267]\007\246vhP\027@]F\324Sp\231\345"
 232      A877B75D 
 232      07A67668 
 232      5017405D 
 232      46D45370 
 233 0400 DD11C21E 		.ascii	"\335\021\302\036y\012\264\266\237kpR\200\035\007\342"
 233      790AB4B6 
 233      9F6B7052 
 233      801D07E2 
 234 0410 2CCF4607 		.ascii	",\317F\007\036*x\320\351\210\235\310[\352\303/e\301"
 234      1E2A78D0 
 234      E9889DC8 
 234      5BEAC32F 
 234      65C1
 235 0422 09DAAC05 		.ascii	"\011\332\254\005\353`X\013\226W\267\026\274\213\312"
 235      EB60580B 
 235      9657B716 
 235      BC8BCA
 236 0431 5A60C7F8 		.ascii	"Z`\307\370\024HQ\267\213\023$\335\251\350\302\273W\027"
 236      144851B7 
 236      8B1324DD 
 236      A9E8C2BB 
 236      5717
 237 0443 74954A51 		.ascii	"t\225JQ8z\365x\367\257!\347R\366K\026\006\001[\367|"
 237      387AF578 
 237      F7AF21E7 
 237      52F64B16 
 237      06015BF7 
 238 0458 BECDC100 		.ascii	"\276\315\301\000L\357\234\214n'\200O\335\203\265\252"
 238      4CEF9C8C 
ARM GAS  C:\cygwin\tmp\ccvWim8h.s 			page 19


 238      6E27804F 
 238      DD83B5AA 
 239 0468 75AEEE2B 		.ascii	"u\256\356+\257t\202\302\226Q\003Mi>\265\301U\327\232"
 239      AF7482C2 
 239      9651034D 
 239      693EB5C1 
 239      55D79A
 240 047b DC093AEE 		.ascii	"\334\011:\356\264\332v\011\035\353]\357\274\320\011"
 240      B4DA7609 
 240      1DEB5DEF 
 240      BCD009
 241 048a 06EE977A 		.ascii	"\006\356\227z\347Y\237Jt\025\267fv\202\015UV\305\364"
 241      E7599F4A 
 241      7415B766 
 241      76820D55 
 241      56C5F4
 242 049d 7D92EB38 		.ascii	"}\222\3538\005\330\251tUG\236\215\256\346\326\027Q\003"
 242      05D8A974 
 242      55479E8D 
 242      AEE6D617 
 242      5103
 243 04af 437B639E 		.ascii	"C{c\2364o\375\201\3550\342\331\213\363J\243FSD\003\313"
 243      346FFD81 
 243      ED30E2D9 
 243      8BF34AA3 
 243      46534403 
 244 04c4 8F5B4CF0 		.ascii	"\217[L\360+J\373^\224+p'\034\270\023\015\262]\177\313"
 244      2B4AFB5E 
 244      942B7027 
 244      1CB8130D 
 244      B25D7FCB 
 245 04d8 EB360414 		.ascii	"\3536\004\024\2018\253\207\263Z^\037P\342\235\206_\020"
 245      8138AB87 
 245      B35A5E1F 
 245      50E29D86 
 245      5F10
 246 04ea AE39AFCA 		.ascii	"\2569\257\312\362D\362\316N\343mD\007\335\030\235\202"
 246      F244F2CE 
 246      4EE36D44 
 246      07DD189D 
 246      82
 247 04fb 693C9020 		.ascii	"i<\220 \240\351x\273\213mY\265\374*\341\304\356\370"
 247      A0E978BB 
 247      8B6D59B5 
 247      FC2AE1C4 
 247      EEF8
 248 050d 27445210 		.ascii	"'DR\020s_\000\001\315@\334\020M\025\321\314 \265\317"
 248      735F0001 
 248      CD40DC10 
 248      4D15D1CC 
 248      20B5CF
 249 0520 66DF982A 		.ascii	"f\337\230*\000Nz\240:\227\007\301\216I\237\267\236\224"
 249      004E7AA0 
 249      3A9707C1 
 249      8E499FB7 
 249      9E94
 250 0532 1DB8E355 		.ascii	"\035\270\343USP\213\312\243\237\366\224:\004}_`\357"
ARM GAS  C:\cygwin\tmp\ccvWim8h.s 			page 20


 250      53508BCA 
 250      A39FF694 
 250      3A047D5F 
 250      60EF
 251 0544 E87C381D 		.ascii	"\350|8\035\371\376\375\033a\005\360\036>q]>5\023.P<"
 251      F9FEFD1B 
 251      6105F01E 
 251      3E715D3E 
 251      35132E50 
 252 0559 3DA2EBDE 		.ascii	"=\242\353\336:\352\\\\d\346\340\027n\370\032\012\340"
 252      3AEA5C5C 
 252      64E6E017 
 252      6EF81A0A 
 252      E0
 253 056a 7FFC4A04 		.ascii	"\177\374J\004\215\260\230r\374!\257\335Re\026%\305\232"
 253      8DB09872 
 253      FC21AFDD 
 253      52651625 
 253      C59A
 254 057c 5FB03CB3 		.ascii	"_\260<\263\361N\350'g_^\235M\234\367\263\237T\250\314"
 254      F14EE827 
 254      675F5E9D 
 254      4D9CF7B3 
 254      9F54A8CC 
 255 0590 FF90B30F 		.ascii	"\377\220\263\017\270\373V\323\364\316\374\331\014\232"
 255      B8FB56D3 
 255      F4CEFCD9 
 255      0C9A
 256 059e 8633B808 		.ascii	"\2063\270\010\213\221\216k\264\017\325\370\235\277\306"
 256      8B918E6B 
 256      B40FD5F8 
 256      9DBFC6
 257 05ad A8711775 		.ascii	"\250q\027u\211)\201(/\217,j\316O\212\302y@\371\347\004"
 257      89298128 
 257      2F8F2C6A 
 257      CE4F8AC2 
 257      7940F9E7 
 258 05c2 173597FD 		.ascii	"\0275\227\375w]\324\277\2063h\246\242\346rQ\016ibl\203"
 258      775DD4BF 
 258      863368A6 
 258      A2E67251 
 258      0E69626C 
 259 05d7 3B077E29 		.ascii	";\007~)\367\231O\323L\375c\227\365\002\230\203\3152"
 259      F7994FD3 
 259      4CFD6397 
 259      F5029883 
 259      CD32
 260 05e9 3FB85916 		.ascii	"?\270Y\026\242\177\250Y\274\324,\0135\326\246\257\322"
 260      A27FA859 
 260      BCD42C0B 
 260      35D6A6AF 
 260      D2
 261 05fa D266D1B8 		.ascii	"\322f\321\270\265\271\302\231\361KI\213_\233\001K\211"
 261      B5B9C299 
 261      F14B498B 
 261      5F9B014B 
 261      89
ARM GAS  C:\cygwin\tmp\ccvWim8h.s 			page 21


 262 060b 078418B5 		.ascii	"\007\204\030\265\361\017\006\246\276\010\375\242M\273"
 262      F10F06A6 
 262      BE08FDA2 
 262      4DBB
 263 0619 A54D0CFB 		.ascii	"\245M\014\373u\326\346\233\321\264\231\376\263\031\264"
 263      75D6E69B 
 263      D1B499FE 
 263      B319B4
 264 0628 0E67D046 		.ascii	"\016g\320F\332\304\310,\326\227<'\364K\244\371\207\216"
 264      DAC4C82C 
 264      D6973C27 
 264      F44BA4F9 
 264      878E
 265 063a 0E071E1D 		.ascii	"\016\007\036\035\337\370g\263\317\222d)\342\002u\213"
 265      DFF867B3 
 265      CF926429 
 265      E202758B 
 266 064a C32301BD 		.ascii	"\303#\001\275\301\272-C\377\220n\225\244\3332\321\355"
 266      C1BA2D43 
 266      FF906E95 
 266      A4DB32D1 
 266      ED
 267 065b 965FB7F8 		.ascii	"\226_\267\370q\353\366-gM\377]\300\277\375\272UY\202"
 267      71EBF62D 
 267      674DFF5D 
 267      C0BFFDBA 
 267      555982
 268 066e 3C28C4A8 		.ascii	"<(\304\250[\237\245\333r\244F\277\350\326m\301V\260"
 268      5B9FA5DB 
 268      72A446BF 
 268      E8D66DC1 
 268      56B0
 269 0680 DFB85BDD 		.ascii	"\337\270[\335\332\2073\350 \335Vp-\275C\265\254\034"
 269      DA8733E8 
 269      20DD5670 
 269      2DBD43B5 
 269      AC1C
 270 0692 772D9DCC 		.ascii	"w-\235\314d\020\323U\256\0053\367\317\307*.g\245d\336"
 270      6410D355 
 270      AE0533F7 
 270      CFC72A2E 
 270      67A564DE 
 271 06a6 6C65BE9A 		.ascii	"le\276\232\375\266\273\315\274k\370~\327(\363\325\262"
 271      FDB6BBCD 
 271      BC6BF87E 
 271      D728F3D5 
 271      B2
 272 06b7 0BB7FD99 		.ascii	"\013\267\375\231\257\031w\346\377a&\0331]\037\231y\002"
 272      AF1977E6 
 272      FF61261B 
 272      315D1F99 
 272      7902
 273 06c9 67BE2638 		.ascii	"g\276&8\363\265\354Ww\233y\367\360\375nP\346ky\216\235"
 273      F3B5EC57 
 273      779B79F7 
 273      F0FD6E50 
 273      E66B798E 
ARM GAS  C:\cygwin\tmp\ccvWim8h.s 			page 22


 274 06de 7C20F381 		.ascii	"| \363\201\177\273$^\216\307ux\204\342\354\016\235\360"
 274      7FBB245E 
 274      8EC77578 
 274      84E2EC0E 
 274      9DF0
 275 06f0 7CCEAEA3 		.ascii	"|\316\256\243g\372\305\354\212\277GX \377\241\211$."
 275      67FAC5EC 
 275      8ABF4758 
 275      20FFA189 
 275      242E
 276 0702 0DFFA1D5 		.ascii	"\015\377\241\325\371\350\250\367X\357c\353q\254\002"
 276      F9E8A8F7 
 276      58EF63EB 
 276      71AC02
 277 0711 49F8185F 		.ascii	"I\370\030_o\235/\236U\002J\304\036\012z\227\342\223"
 277      6F9D2F9E 
 277      55024AC4 
 277      1E0A7A97 
 277      E293
 278 0723 3F51502D 		.ascii	"?QP-\236\345\202J\302\375\012B\361\313B\222\240\276"
 278      9EE5824A 
 278      C2FD0A42 
 278      F1CB4292 
 278      A0BE
 279 0735 8D15D006 		.ascii	"\215\025\320\006\224&\010\304\257\012\033\010\224\237"
 279      942608C4 
 279      AF0A1B08 
 279      949F
 280 0743 D7E35922 		.ascii	"\327\343Y\"\250\2152\220\015;\367d\313i\204o\007=\001"
 280      A88D3290 
 280      0D3BF764 
 280      CB69846F 
 280      073D01
 281 0756 41FC4EB2 		.ascii	"A\374N\262\221\213r\323;f\013l\365\366\236\321\345\024"
 281      918B72D3 
 281      3B660B6C 
 281      F5F69ED1 
 281      E514
 282 0768 A6175040 		.ascii	"\246\027P@/\316\373\322\230\230X\371M\315\210}eSrlZ"
 282      2FCEFBD2 
 282      989858F9 
 282      4DCD887D 
 282      6553726C 
 283 077d 6A7A6646 		.ascii	"jzfF\354\223O=\266,.\366\321G\223b\037z\342\221\307"
 283      EC934F3D 
 283      B62C2EF6 
 283      D1479362 
 283      1F7AE291 
 284 0792 5F8D8B4D 		.ascii	"_\215\213M\333\224\374Br\362\346\230\2275\203\020F\312"
 284      DB94FC42 
 284      72F2E698 
 284      97358310 
 284      46CA
 285 07a4 A68CDF1A 		.ascii	"\246\214\337\032)\251\233\267\330\310\244\333S3\177"
 285      29A99BB7 
 285      D8C8A4DB 
 285      53337F
ARM GAS  C:\cygwin\tmp\ccvWim8h.s 			page 23


 286 07b3 9FB625DD 		.ascii	"\237\266%\335\221\232\221\266e\313\346t[\332\357\322"
 286      919A91B6 
 286      65CBE674 
 286      5BDAEFD2 
 287 07c3 36A71B9B 		.ascii	"6\247\033\233\2223\323\365\227~\223\351\244"
 287      9233D3F5 
 287      977E93E9 
 287      A4
 288 07d0 0B8A5029 		.ascii	"\013\212P)KUJ\234J\211\377?\345\340qd"
 288      4B554A9C 
 288      4A89FF3F 
 288      E5E07164 
 289              		.text
 290              		.section	.gnu.lto_.symbol_nodes.652bee9c,"",%progbits
 291 0000 789C6366 		.ascii	"x\234cf``Pa\200\002\246\006\246z\006\206\011\347\030"
 291      60605061 
 291      8002A606 
 291      A67A0686 
 291      09E718
 292 0013 18EAEB19 		.ascii	"\030\352\353\031\346-\340``jd\252gD\026`\000\000\257"
 292      E62DE060 
 292      606A64AA 
 292      67441660 
 292      0000AF
 293 0026 E00974   		.ascii	"\340\011t"
 294              		.text
 295              		.section	.gnu.lto_.refs.652bee9c,"",%progbits
 296 0000 789C6366 		.ascii	"x\234cf```d\200\002\000\000=\000\005"
 296      60606064 
 296      80020000 
 296      3D0005
 297              		.text
 298              		.section	.gnu.lto_.decls.652bee9c,"",%progbits
 299 0000 789CCD58 		.ascii	"x\234\315XkPTG\026\236\276\315\014\3038\240\025\214"
 299      6B505447 
 299      169EBECD 
 299      0CC338A0 
 299      158C
 300 0012 49B9D90D 		.ascii	"I\271\331\015\261v\215\273\211\"\350\246v\367W\024\210"
 300      B1768DBB 
 300      8922E8A6 
 300      76F75714 
 300      88
 301 0023 BA31716A 		.ascii	"\2721qj0\233\335\212U\204\225Q\251E\241`\3342\265\217"
 301      309BDD8A 
 301      55849551 
 301      A945A160 
 301      DC32B58F 
 302 0037 5C011504 		.ascii	"\\\001\025\004\004\361\375dD\020\020_<D\021\344\245"
 302      04F1FD64 
 302      4410105F 
 302      3C4411E4 
 302      A5
 303 0048 3C7C818A 		.ascii	"<|\201\212\002\012\362Ry\012\370@\001E\330\323\335w"
 303      020AF252 
 303      790AF840 
 303      0145D8D3 
ARM GAS  C:\cygwin\tmp\ccvWim8h.s 			page 24


 303      DD77
 304 005a EECC5C2E 		.ascii	"\356\314\\.\211\251\374\331)>\272O\367\327\247\317\351"
 304      89A9FCD9 
 304      293EBA4F 
 304      F7D7A7CF 
 304      E9
 305 006b 3E73CF99 		.ascii	">s\317\231\213\025\012\205\016)\024\243\360Y\370\013"
 305      8B150A85 
 305      0E2914A3 
 305      F059F80B 
 306 007b 85E27BAC 		.ascii	"\205\342{\254P`2\246\260|8@\033`&R\214\371\220\361\211"
 306      506032A6 
 306      B07C3840 
 306      1B602652 
 306      8CF990F1 
 307 0090 02DF09A0 		.ascii	"\002\337\011\240\005\264\002>\000\374\013\370\337\001"
 307      05B4023E 
 307      00FC0BF8 
 307      DF01
 308 009e BAA0FF1F 		.ascii	"\272\240\377\037h[\240\375/\264\357\003\376\015\370"
 308      685BA0FD 
 308      2FB4EF03 
 308      FE0DF8
 309 00ad 1EF04BC0 		.ascii	"\036\360K\300\024\030\017\200v\031\240\026\372\305\200"
 309      14180F80 
 309      7619A016 
 309      FAC580
 310 00bc A9D02F83 		.ascii	"\251\320/\203\366mh/B;\011\332\022h\235\241-\205v\012"
 310      F66D682F 
 310      423B09DA 
 310      12689DA1 
 310      2D85760A 
 311 00d0 B4E5D0BE 		.ascii	"\264\345\320\276\003\355\005h'C[\017m\035\240\001p\027"
 311      03ED0568 
 311      27435B0F 
 311      6D1DA001 
 311      7017
 312 00e2 70C7CAF6 		.ascii	"p\307\312\366p\031\333\211?\023$\266\177\000c\277\006"
 312      7019DB89 
 312      3F1324B6 
 312      7F0063BF 
 312      06
 313 00f3 7C08382D 		.ascii	"|\0108-\370\361g\005\263\223\370\241\022\366&\373\022"
 313      F8F16705 
 313      B393F8A1 
 313      12F626FB 
 313      12
 314 0104 1B897DC4 		.ascii	"\033\211}\3046\262?\032\347\214\236p(\367D\377\265\011"
 314      36B23F1A 
 314      E78C9E70 
 314      28F744FF 
 314      B509
 315 0116 1D1C72D2 		.ascii	"\035\034r\322\270\020\361\\|\305n\025\210Z\215\035\021"
 315      B810F15C 
 315      7CC56E15 
 315      885A8D1D 
 315      11
ARM GAS  C:\cygwin\tmp\ccvWim8h.s 			page 25


 316 0127 F3FBA26F 		.ascii	"\363\373\242o\250\351l\221\206\310IW\342\366 :\235\212"
 316      A8E96C91 
 316      86C84957 
 316      E2F6203A 
 316      9D8A
 317 0139 887C7877 		.ascii	"\210|xw\313-\315\307Gy\236\217\340\213&Y\264\346\015"
 317      CB2DCDC7 
 317      47799E8F 
 317      E08B2659 
 317      B4E60D
 318 014c E6A438D1 		.ascii	"\346\2448\321u\315\224\227\231\337\361|\"]\367\036\021"
 318      75CD9497 
 318      99DFF17C 
 318      225DF71E 
 318      11
 319 015d 9B0AF2DA 		.ascii	"\233\012\362\332T\330\201N\025\026\014\226i\360{\264"
 319      54D8814E 
 319      15160C96 
 319      69F07BB4 
 320 016d 1F1DD17C 		.ascii	"\037\035\321|I\203\177C\373\353\217\344E\333\303\222"
 320      49837F43 
 320      FBEB8FE4 
 320      45DBC392 
 321 017d 0F345463 		.ascii	"\0174Tc\323\276\241$\007*\222\200\230\010C\\E\033\177"
 321      D3BEA124 
 321      072A9280 
 321      9808435C 
 321      451B7F
 322 0190 D8094DD7 		.ascii	"\330\011M\327$\301\366\217;\342\313\336\343y;\224\215"
 322      24C1F68F 
 322      3BE2CBDE 
 322      E3793B94 
 322      8D
 323 01a1 34E814C2 		.ascii	"4\350\024\302(\035}\014\246\320\325\344\023\301\363"
 323      281D7D0C 
 323      A6D0D5E4 
 323      13C1F3
 324 01b0 A17C5C18 		.ascii	"\241|\\\030\357P\341\244@)h*JES\025(\013M\007\006\345"
 324      EF50E1A4 
 324      4029682A 
 324      4A455315 
 324      280B4D07 
 325 01c6 A20C18CC 		.ascii	"\242\014\030\314\204AP\\:\\\020\256D\232\351\362\213"
 325      8441505C 
 325      3A5C10AE 
 325      449AE9F2 
 325      8B
 326 01d7 72641651 		.ascii	"rd\026Q\023\366'\357\232BL8\015&\234\264\230\000\026"
 326      13F627EF 
 326      9A424C38 
 326      0D269CB4 
 326      980016
 327 01ea 89E7327C 		.ascii	"\211\3472|yo\256\026\327!\352aB\334\376\347J\334\310"
 327      796FAE16 
 327      D721EA61 
 327      42DCFEE7 
 327      4ADCC8
ARM GAS  C:\cygwin\tmp\ccvWim8h.s 			page 26


 328 01fd 84C3FDD7 		.ascii	"\204\303\375\327\237\250\361C&$\355\330yLI\217KM\304"
 328      9FA8F143 
 328      2624EDD8 
 328      794C498F 
 328      4B4DC4
 329 0210 C493B95F 		.ascii	"\304\223\271_\343\0366\225m:V\216\3613&\\i\035|\246"
 329      E31E3695 
 329      6D3A568E 
 329      F133265C 
 329      691D7CA6 
 330 0224 A5BC4944 		.ascii	"\245\274ID,\351I\217r\302\003l.59\246\035\343a&\354"
 330      2CE9498F 
 330      72C2036C 
 330      2E3539A6 
 330      1DE36126 
 331 0239 19B85AC6 		.ascii	"\031\270Z\306\316\377]\020\035\"\213\303\333\264h\032"
 331      CEFF5D10 
 331      1D228BC3 
 331      DBB4681A 
 332 0249 FB384F37 		.ascii	"\3738O7\201\237\217#\323\356/\332\026\306'\275K\355"
 332      819F8F23 
 332      D3EE2FDA 
 332      16C627BD 
 332      4BED
 333 025b 3F0BF657 		.ascii	"?\013\366W g\213\3273\246*\350\031\200\037\204n\332"
 333      20678BD7 
 333      33A62AE8 
 333      19801F84 
 333      6EDA
 334 026d 97A2AA98 		.ascii	"\227\242\252\230M\251\371R\352y\302B\277\023\251Q\""
 334      4DA9F952 
 334      EA79C242 
 334      BF13A951 
 334      22
 335 027e F58CAC56 		.ascii	"\365\214\254V\013s\217\310\314\2232\317!\211\001\007"
 335      0B738FC8 
 335      CC9332CF 
 335      21890107 
 336 028e 446E81BC 		.ascii	"Dn\201\274\001V\334X\221\233+\257\327bB\202H-\224R\213"
 336      0156DC58 
 336      919B2BAF 
 336      D7624282 
 336      482D9452 
 337 02a3 2CD4AD70 		.ascii	",\324\255p\337|\034\317\177jT\240c0\177\234N\0216\\"
 337      DF7C1CCF 
 337      7F6A54A0 
 337      63307F9C 
 337      4E11365C 
 338 02b7 3ABA0411 		.ascii	":\272\004\021r\001MC\305\2002\300E@\011\240\024P\216"
 338      72014D43 
 338      C58032C0 
 338      454009A0 
 338      14508E
 339 02ca A6D16020 		.ascii	"\246\321` \021\323\034\231\242\342\021Y\246\020\202"
 339      11D31C99 
 339      A2E21159 
 339      A61082
ARM GAS  C:\cygwin\tmp\ccvWim8h.s 			page 27


 340 02d9 45FC0671 		.ascii	"E\374\006q\321\327vF;\"\347\351r;\241+\260\301O\336"
 340      D1D77646 
 340      3B22E7E9 
 340      723BA12B 
 340      B0C14FDE 
 341 02ed 2C75A51A 		.ascii	",u\245\032]\206E',\241Iv6\207\346\355\327\327~\205\263"
 341      5D864527 
 341      2CA14976 
 341      3687E6ED 
 341      D7D77E85 
 342 0302 381A2ECD 		.ascii	"8\032.\315\257\343\262\225\370\034\023\266_\336\372"
 342      AFE3B295 
 342      F81C13B6 
 342      5FDEFA
 343 0311 2D2E66FD 		.ascii	"-.f\375\365E\307\253\355i\034\375\201\210\307\216\305"
 343      F545C7AB 
 343      ED691CFD 
 343      8188C78E 
 343      C5
 344 0322 EDB4C715 		.ascii	"\355\264\307\025l\256\275\340\021\317\3219\035\021;"
 344      6CAEBDE0 
 344      11CFD139 
 344      1D113B
 345 0331 0B3BF327 		.ascii	"\013;\363'\340*6\227\260%s\210=V\202\210\270\267.\302"
 345      E02A3697 
 345      B0257388 
 345      3D568288 
 345      B8B72EC2 
 346 0345 09D7B0A9 		.ascii	"\011\327\260\251\354\302\254\247,\206#\210\254\356\215"
 346      ECC2ACA7 
 346      2C862388 
 346      ACEE8D
 347 0354 893EAB42 		.ascii	"\211>\253B\316,6m\334O\003\367\217\322\203\256\021|"
 347      CE2C366D 
 347      DC4F03F7 
 347      8FD283AE 
 347      117C
 348 0366 BF07BED7 		.ascii	"\277\007\276\327\202\237\365\200:@\003\340.\340\216"
 348      829FF580 
 348      3A4003E0 
 348      2EE08E
 349 0375 E0B789F8 		.ascii	"\340\267\211\370\235\237\362%\017WJ\\\277\012\256\223"
 349      9D9FF225 
 349      0F574A5C 
 349      BF0AAE93 
 350 0385 B5E241DA 		.ascii	"\265\342A\332\304\037o\272\372\241@\254\224\022\253"
 350      C41F6FBA 
 350      FAA140AC 
 350      9412AB
 351 0394 902D73D0 		.ascii	"\220-s\320\314\274%e\336\266\015>\336\324`\246\336\224"
 351      CCBC2565 
 351      DEB60D3E 
 351      DED460A6 
 351      DE94
 352 03a6 52AB254A 		.ascii	"R\253%J+\314\314kRf\221Ti\235\231z]J\275aE\245\367\236"
 352      2BCCCC6B 
 352      52669154 
ARM GAS  C:\cygwin\tmp\ccvWim8h.s 			page 28


 352      699D997A 
 352      5D4ABD61 
 353 03be 4B83AC46 		.ascii	"K\203\254F&\310\320\241\376cg\354\361=z\021\334\263"
 353      26C8D0A1 
 353      FE6367EC 
 353      F13D7A11 
 353      DCB3
 354 03d0 8E53D10E 		.ascii	"\216S\321\016h\2723]4\002\301\322\014j\033-\301Rc\016"
 354      68BA335D 
 354      3402C1D2 
 354      0C6A1B2D 
 354      C152630E 
 355 03e4 16B93B41 		.ascii	"\026\271;AMp\025oz-$\261<\352h\324:\013\232L\343iR\374"
 355      4D70156F 
 355      7A2D24B1 
 355      3CEA68D4 
 355      3A0B9A4C 
 356 03fc 989AD2CD 		.ascii	"\230\232\322\315\015\365*\355f\313s\032\265X}c\025\250"
 356      0DF52AED 
 356      66CB731A 
 356      B5587D63 
 356      15A8
 357 040e 156905E6 		.ascii	"\025i\005\346\221\201\213k\35586\204\276\241\311-\361"
 357      91818B6B 
 357      ED383684 
 357      BEA1C92D 
 357      F1
 358 041f DC70A2FA 		.ascii	"\334p\242\372\235\035\324\2060~\222\035\322M\261Z\372"
 358      9D1DD486 
 358      307E921D 
 358      D24DB15A 
 358      FA
 359 0430 00BD03FF 		.ascii	"\000\275\003\377\357#;\266\2765\2656\317\036\267\263"
 359      EF233BB6 
 359      BE35B536 
 359      CF1EB7B3 
 360 0440 984D297F 		.ascii	"\230M)\177=d\357r\2207\235z\334\023\3257{\017o\012\345"
 360      3D64EF72 
 360      90379D7A 
 360      DC13D537 
 360      7B0F6F0A 
 361 0455 47464711 		.ascii	"GFG\021]\205\036\212g\246 }j+jC.\260\360B\305\241z%"
 361      5D851E8A 
 361      67A6207D 
 361      6A2B6A43 
 361      2EB0F042 
 362 046d CB8B1C51 		.ascii	"\313\213\034Qt\267*\243\305\211\006\377\307D\334y\264"
 362      74B72AA3 
 362      C58906FF 
 362      C744DC79 
 362      B4
 363 047e C30FA760 		.ascii	"\303\017\247`\272GOI\322:\015d\240\2607\313@\260b\244"
 363      BA474F49 
 363      D23A0D64 
 363      A0B037CB 
 363      40B062A4 
 364 0492 7E63B816 		.ascii	"~c\270\026g\263\3451Y{\367\252\3619&\014\306%'\333\341"
ARM GAS  C:\cygwin\tmp\ccvWim8h.s 			page 29


 364      67B3E531 
 364      597BF7AA 
 364      F139260C 
 364      C62527DB 
 365 04a7 6226E41D 		.ascii	"b&\344\035J\353S\343KL(\274\264\376\232\006W1\241>\376"
 365      4AEB53E3 
 365      4B4C28BC 
 365      B4FE9A06 
 365      5731A13E 
 366 04bc 508A13AE 		.ascii	"P\212\023\256fB\345H\334S{\\\213m\022\215\023K4{k\037"
 366      6642E548 
 366      DC537B5C 
 366      8B6D128D 
 366      134B347B 
 367 04d2 F6636A36 		.ascii	"\366cj6\365b\307\345}\261J|\207Q\343Z\342\253\355p+"
 367      F562C7E5 
 367      7DB14A7C 
 367      8751E35A 
 367      E2ABED70 
 368 04e7 B649E22E 		.ascii	"\266I\342.,\211\357\352\036\314VSqt\024\223\230K\274"
 368      2C89EFEA 
 368      1ECC5653 
 368      71741493 
 368      984BBC
 369 04fa 77BDC541 		.ascii	"w\275\305AL\3419\017\021\311\237C\360\360}n\211;\027"
 369      4CE1390F 
 369      11C99F43 
 369      F0F07D6E 
 369      893B17
 370 050d EB140EC7 		.ascii	"\353\024\016\307\241L\205\263x\012n?#g1\010g\341\"\234"
 370      A14C85B3 
 370      780A6E3F 
 370      23673108 
 370      67E1229C 
 371 0521 C50B181C 		.ascii	"\305\013\030\034`)<\253\2657JcV\274?9\236&\346W\240"
 371      60293CAB 
 371      B5374A63 
 371      56BC3F39 
 371      9E26E657 
 372 0536 B8DFA278 		.ascii	"\270\337\242x\010\375\240\346\227\262\232\321\231\276"
 372      08FDA0E6 
 372      97B29AD1 
 372      99BE
 373 0544 D856847B 		.ascii	"\330V\204{\230\177Q\333\373/q\370\011\025\3546\027\346"
 373      987F51DB 
 373      FB2F71F8 
 373      0915EC36 
 373      17E6
 374 0556 4F46D39C 		.ascii	"OF\323\234\247\011\37142oQX\030\277\375]\272\3550l;"
 374      A709F934 
 374      326F5158 
 374      18BFFD5D 
 374      BAED306C 
 375 056b 0AA1296A 		.ascii	"\012\241)j\237!\311%&\376\323`\205U\370\215\012\337"
 375      9F21C925 
 375      26FED360 
 375      8555F88D 
ARM GAS  C:\cygwin\tmp\ccvWim8h.s 			page 30


 375      0ADF
 376 057d A5F5DC74 		.ascii	"\245\365\334t4\002A\317s\342#-\324\324\263A\225:\233"
 376      340241CF 
 376      73E2232D 
 376      D4D4B341 
 376      953A9B
 377 0590 EA7D2DAB 		.ascii	"\352}-\253\367\251\345\333\337\235\214\324\2041\366"
 377      F7A9E5DB 
 377      DF9D8CD4 
 377      8431F6
 378 059f CB7FB9AB 		.ascii	"\313\177\271\253\254G\205\007\230\355\321\317\317\324"
 378      AC478507 
 378      98EDD1CF 
 378      CFD4
 379 05ad 938A6032 		.ascii	"\223\212`25\276\271+\271R\313\013y\360\011l\261\201"
 379      35BEB92B 
 379      B952CB0B 
 379      79F0096C 
 379      B181
 380 05bf 9B3C4ED2 		.ascii	"\233<N\322\346\233{\037*\213B\231\025\241\334\270\324"
 380      E69B7B1F 
 380      2A8B4299 
 380      15A1DCB8 
 380      D4
 381 05d0 78E16B46 		.ascii	"x\341kF\276\352\026/\011\231x\271\021\274\014\343\246"
 381      BEEA162F 
 381      099978B9 
 381      11BC0CE3 
 381      A6
 382 05e1 A170CE2A 		.ascii	"\241p\316*aun\260\207\007\027P\306\332\236\030\333\027"
 382      61756EB0 
 382      87071750 
 382      C6DA9E18 
 382      DB17
 383 05f3 357132E8 		.ascii	"5q2\350\\?\256N\205\215BX\263\255.qD\203\207\330\305"
 383      5C3FAE4E 
 383      858D4258 
 383      B3AD2E71 
 383      448387D8 
 384 0608 655C2C08 		.ascii	"e\\,\010\233\200G\230\300\217T\274v\304av\310\272 \326"
 384      9B804798 
 384      C08F54BC 
 384      76C46176 
 384      C8BA20D6 
 385 061c B282F8C0 		.ascii	"\262\202\370\300\275\352G\2168\202\315e\025Dl\323\340"
 385      BDEA478E 
 385      3882CD65 
 385      15446CD3 
 385      E0
 386 062d 1826A4B6 		.ascii	"\030&\244\266V\306;R\342\014\020\035\023\023\237w\211"
 386      56C63B52 
 386      E20C101D 
 386      13139F77 
 386      89
 387 063e 796B6CF2 		.ascii	"ykl\362j\007\373:\250}\261\034\273\331}\340\363v0q/"
 387      6A07FB3A 
 387      A87DB11C 
ARM GAS  C:\cygwin\tmp\ccvWim8h.s 			page 31


 387      BBD97DE0 
 387      F3763071 
 388 0653 6007200E 		.ascii	"`\007 \016\260\025\260\015\260\007\020\017\330\011\330"
 388      B015B00D 
 388      B007100F 
 388      D809D8
 389 0662 05D82DDE 		.ascii	"\005\330-\336~xXs\243p9]p9\275p9D\3418uRx\230\251)Y"
 389      7E785873 
 389      A370395D 
 389      7039BD70 
 389      3944E138 
 390 067d 2570FBA4 		.ascii	"%p\373\244\\\233B\015\250\203\"5\222\223P\213\244j;"
 390      5C9B420D 
 390      A8832235 
 390      9293508B 
 390      A46A3B
 391 0690 44EE6379 		.ascii	"D\356cy\265V\334z\221\333-\345\316\260\265\340\236\310"
 391      B556DC7A 
 391      91DB2DE5 
 391      CEB0B5E0 
 391      9EC8
 392 06a2 EC9177CC 		.ascii	"\354\221w\314B\035\022\251\233\245\306Fq\266\324\227"
 392      421D12A9 
 392      9BA5C646 
 392      71B6D497 
 393 06b2 22355A9E 		.ascii	"\"5Z\236je\353+\221\033#\345n\261Q\273\276\271/\331"
 393      6A65EB2B 
 393      911B23E5 
 393      6EB151BB 
 393      BEB92FD9 
 394 06c6 50148ED1 		.ascii	"P\024\216\321&\210\267\010\371\363\022Mhn\260\272\263"
 394      2688B708 
 394      F9F3124D 
 394      686EB0BA 
 394      B3
 395 06d7 47B28760 		.ascii	"G\262\207`\225\261\357$\223\214\015\224\261e\341\301"
 395      95B1EF24 
 395      938C0D94 
 395      B165E1C1 
 396 06e7 23FDDD13 		.ascii	"#\375\335\023\314Iz\330\240F\007@Q\247\345\231F\026"
 396      CC497AD8 
 396      A0460740 
 396      51A7E599 
 396      4616
 397 06f9 8D49D2E6 		.ascii	"\215I\322\346\330C\373!\344~N\370A\324\017]\336\270"
 397      D843FB21 
 397      E47E4EF8 
 397      41D40F5D 
 397      DEB8
 398 070b C9116F65 		.ascii	"\311\021oe_\201\230\374\204\247\0166\351\367\000g\235"
 398      5F8198FC 
 398      84A70E36 
 398      E9F70067 
 398      9D
 399 071c 7E1338AD 		.ascii	"~\0238\255`\030\230\336\270\241;\032\036\311Zjz^\244"
 399      601898DE 
 399      B8A13B1A 
ARM GAS  C:\cygwin\tmp\ccvWim8h.s 			page 32


 399      1EC95A6A 
 399      7A5EA4
 400 072f 13B87808 		.ascii	"\023\270x\010\346\017r\242\361@g\306\217\247\021\231"
 400      E60F72A2 
 400      F14067C6 
 400      8FA71199 
 401 073f C0686BA5 		.ascii	"\300hk\245(\376\346\325\254\011x?5\207;q\266\251O-<"
 401      28FEE6D5 
 401      AC09783F 
 401      35873B71 
 401      B6A94F2D 
 402 0754 F49B0F5E 		.ascii	"\364\233\017^\322\300\016I\234\006%Zv8\215~\360\367"
 402      D2C00E49 
 402      9C06255A 
 402      76388D7E 
 402      F0F7
 403 0766 E0614E36 		.ascii	"\340aN6\261\236*)y\033\247\261=6\036\032Ns\024\3660"
 403      B19E2A29 
 403      791BA7B1 
 403      3D361E1A 
 403      4E7314F6 
 404 077b A53B2094 		.ascii	"\245; \224\002;$\277\361\016G\344w\270u\353\345\005"
 404      023B24BF 
 404      F10E47E4 
 404      77B875EB 
 404      E505
 405 078d 4CCB13A2 		.ascii	"L\313\023\242\216\225'\261\261\275\347\355\351\030q"
 405      8E9527B1 
 405      B1BDE7ED 
 405      E91871
 406 079c 2295A383 		.ascii	"\"\225\243\203-\215Q\007\225t\220\234]\032\033|\231"
 406      2D8D5107 
 406      9574909C 
 406      5D1A1B7C 
 406      99
 407 07ad 73E0BA66 		.ascii	"s\340\272f\334B&\235#\205\314QN(d\252\212\363wL\304"
 407      DC42269D 
 407      2385CC51 
 407      4E2864AA 
 407      8AF3774C 
 408 07c2 99EC0233 		.ascii	"\231\354\0023S\253\016;\012\205L\367\0117"
 408      53AB0E3B 
 408      0A854CF7 
 408      0937
 409 07d0 AB420656 		.ascii	"\253B\006V\241c\234\245\220\201>+d\216s\244\220imo\017"
 409      A1639CA5 
 409      90813E2B 
 409      648E73A4 
 409      90696D6F 
 410 07e5 65054111 		.ascii	"e\005A\021\375\211\272\267\2626R\211+\230\326\320\353"
 410      FD89BAB7 
 410      B2365289 
 410      2B98D6D0 
 410      EB
 411 07f6 8FEE4FC4 		.ascii	"\217\356O\304\267\230P\327\330\\4\001\3272\201\217m"
 411      B79850D7 
 411      D85C3401 
ARM GAS  C:\cygwin\tmp\ccvWim8h.s 			page 33


 411      D732818F 
 411      6D
 412 0807 0FC7B889 		.ascii	"\017\307\270\211\011\221\361a\355j\374\200\011'3_%8"
 412      0991F161 
 412      ED6AFC80 
 412      0927335F 
 412      2538
 413 0819 E00E261C 		.ascii	"\340\016&\034(+\275\251\302O\230\360\244&\347#\374\222"
 413      282BBDA9 
 413      C24F98F0 
 413      A426E723 
 413      FC92
 414 082b F593EA62 		.ascii	"\365\223\352b\367c\034\246\244\302Pe\373i\214c\230P"
 414      F7631CA6 
 414      A4C25065 
 414      FB698C63 
 414      9850
 415 083d 9D1A17A1 		.ascii	"\235\032\027\241\306;\231\220y89\307\201Z\367)\0217"
 415      C63B9990 
 415      793839C7 
 415      815AF729 
 415      1137
 416 084f 47658CDA 		.ascii	"Ge\214\332\223Z\2127\007\225Vcu@y\034\\\031|\011\321"
 416      935A8A37 
 416      07955663 
 416      7540791C 
 416      5C197C09 
 417 0864 6FE95DAC 		.ascii	"o\351]\254?\220\334\214\337\212\023\262\262\213\221"
 417      3F90DC8C 
 417      DF8A13B2 
 417      B28B91
 418 0873 26C173DC 		.ascii	"&\301s\334T\341\011\224\317\275e^C\313$~w\234\023N`"
 418      54E10994 
 418      CFBD655E 
 418      43CB247E 
 418      779C134E 
 419 0888 FB1E6D7C 		.ascii	"\373\036m|\025\246\304iLh\032h*a\277\225f\023\261<\371"
 419      15A6C469 
 419      4C681A68 
 419      2A61BF95 
 419      6613B13C 
 420 089d 64820A67 		.ascii	"d\202\012g\260\271\362\356\027]\010\3472\241\355x\331"
 420      B0B9F2EE 
 420      175D08E7 
 420      32A1ED78 
 420      D9
 421 08ae 61275CCC 		.ascii	"a'\\\314\204;)\233\266\251\361\025[?\264\314\217\322"
 421      843B299B 
 421      B6A9F115 
 421      5B3FB4CC 
 421      8FD2
 422 08c0 DA8D9D2A 		.ascii	"\332\215\235*\\\315\346Fsv_r\304\365L\310\315\210\033"
 422      5CCDE646 
 422      73765F72 
 422      C4F54CC8 
 422      CD881B
 423 08d3 6275E442 		.ascii	"bu\344Bz\033\025\241\245J\374\220\315\305<0\035V\343"
ARM GAS  C:\cygwin\tmp\ccvWim8h.s 			page 34


 423      7A1B15A1 
 423      A54AFC90 
 423      CDC53C30 
 423      1D56E3
 424 08e6 3E26ECE9 		.ascii	">&\354\351i\213U\341!&D\344o?\302\324\377\225\210\257"
 424      698B55E1 
 424      212644E4 
 424      6F3FC2D4 
 424      FF9588AF 
 425 08fa 46D2FA20 		.ascii	"F\322\372 \015\252\350\\z\012?\005\307\260\376\251\302"
 425      0DAAE85C 
 425      7A0A3F05 
 425      C7B0FEA9 
 425      C2
 426 090b F448C6FB 		.ascii	"\364H\306\373\226^\310\321\306\324\211x\027\233\253"
 426      965EC8D1 
 426      C6D48978 
 426      179BAB
 427 091a 29BDDBE0 		.ascii	")\275\333\340\210\0171a_\334\315=\354\267\334*\"nM\336"
 427      880F3161 
 427      5FDCCD3D 
 427      ECB7DC2A 
 427      226E4DDE 
 428 092e BE91C3E9 		.ascii	"\276\221\303\351l\256\260\2542\321\001\237b\302\313"
 428      6CAEB0AC 
 428      32D1019F 
 428      62C2CB
 429 093d E8AC320E 		.ascii	"\350\2542\016g3!\343vG\255\206\256ZGDSua\232\026\027"
 429      673321E3 
 429      7647AD86 
 429      AE5A4744 
 429      5375619A 
 430 0953 B0B91DF9 		.ascii	"\260\271\035\371\373\343\331\326<\225\273\262F\356+"
 430      FBE3D9D6 
 430      3C95BBB2 
 430      46EE2B
 431 0962 F1453AE9 		.ascii	"\361E:\351R\326\037\225go~\2151\315:\365Zga\362\374"
 431      52D61F95 
 431      676F7E8D 
 431      31CD3AF5 
 431      5A6761F2 
 432 0977 7D9C9037 		.ascii	"}\234\2207<+-\223'\317k\362\010>\013\221\335\362C)\243"
 432      3C2B2D93 
 432      27CF6BF2 
 432      083E0B91 
 432      DDF24329 
 433 098c 2ADD9C06 		.ascii	"*\335\234\006NI\251\222\224\025u\334\314\254\2212k%"
 433      4E49A992 
 433      941575DC 
 433      CCAC9132 
 433      6B25
 434 099e 4A8744A5 		.ascii	"J\207D\245\025R\352\015\311O\301\321\217\200\011\241"
 434      1552EA0D 
 434      C94FC1D1 
 434      8F8009A1 
 435 09ae 86AE0B4C 		.ascii	"\206\256\013Ls\000\242\033\022\245\221\342\376\325R"
 435      7300A21B 
ARM GAS  C:\cygwin\tmp\ccvWim8h.s 			page 35


 435      12A591E2 
 435      FED552
 436 09bd A5D5D25F 		.ascii	"\245\325\322_\215\233g\012ZoI\265\336\226h\215\020\265"
 436      8D9B670A 
 436      5A6F49B5 
 436      DE96688D 
 436      10B5
 437 09cf DE94D73A 		.ascii	"\336\224\327:\3465\310\011P\305~\373\266\010\031f\020"
 437      E635C809 
 437      50C57EFB 
 437      B6081966 
 437      10
 438 09e0 9E757721 		.ascii	"\236uw!{\334\007<\006\274\000<\003<\007\364\003z\000"
 438      7BDC073C 
 438      06BC003C 
 438      033C07F4 
 438      037A00
 439 09f3 7700ED80 		.ascii	"w\000\355\200n\300#\300\000\340)\340\011\340\001\240"
 439      6EC023C0 
 439      00E029E0 
 439      09E001A0 
 440 0a03 13D00B68 		.ascii	"\023\320\013h\000\364\001Z\001m\200.@\007\340\036\240"
 440      00F4015A 
 440      016D802E 
 440      4007E01E 
 440      A0
 441 0a14 19D00868 		.ascii	"\031\320\010h\002\324\003\036Z\025K\246W\342\231_\226"
 441      02D4031E 
 441      5A154BA6 
 441      57E2995F 
 441      96
 442 0a25 3A7245E2 		.ascii	":rE\342s\235H\315\220\275s\253*\241W\244^\220R/J\264"
 442      739D48CD 
 442      90BD73AB 
 442      2AA157A4 
 442      5E90522F 
 443 0a3b 468B2759 		.ascii	"F\213'Y'\037\037V\357\251\206\323\315/\237\256\312\033"
 443      271F1F56 
 443      EFA986D3 
 443      CD2F9FAE 
 443      CA1B
 444 0a4d 6B5D8089 		.ascii	"k]\200\211&\344\312\007\263\025wD\344VI\271\225Rn\237"
 444      26E4CA07 
 444      B3157744 
 444      E45649B9 
 444      95526E9F 
 445 0a61 C82D9577 		.ascii	"\310-\225w\315\212\373Z\344^\223\327k\011\350Ns@\237"
 445      CD8AFB5A 
 445      E45E93D7 
 445      6B09E84E 
 445      73409F
 446 0a74 9786DE16 		.ascii	"\227\206\336\026\311\201u\211J\013\244J\013m\224\206"
 446      C9817589 
 446      4A0BA44A 
 446      0B6D9486 
 447 0a84 9A1AC5F3 		.ascii	"\232\032\305\363:#\245\216yc2h6\240Lj@\271\264\\\024"
 447      3A23A58E 
ARM GAS  C:\cygwin\tmp\ccvWim8h.s 			page 36


 447      79633268 
 447      36A04C6A 
 447      40B9B45C 
 448 0a99 0DB824FF 		.ascii	"\015\270$\3775\265:\201;\"7S\312\225\276Y\354\021\215"
 448      35B53A81 
 448      3B223753 
 448      CA95BE59 
 448      EC118D
 449 0aac 2D9152AB 		.ascii	"-\221R\253\244j\037\211j\213\345\271\026k\353Ej\266"
 449      A46A1F89 
 449      6A8BE5B9 
 449      166BEB45 
 449      6AB6
 450 0abe 942AADEF 		.ascii	"\224*\255\357\357\211\324\034\371\343\262P\033D\352"
 450      EF89D41C 
 450      F9E3B250 
 450      1B44EA
 451 0acd 6979AD56 		.ascii	"iy\255V\306\336\025\271Y\362g`\305\355\026\271E\362"
 451      C6DE15B9 
 451      59F26760 
 451      C5ED16B9 
 451      45F2
 452 0adf 976B5506 		.ascii	"\227kU\006_K'ep\213\\\031|w\323\225\243\032\311\333"
 452      5F4B2765 
 452      708B5C19 
 452      7C77D395 
 452      A31AC9DB 
 453 0af3 51F30308 		.ascii	"Q\363\003\010\275\204\347\316\377\3133\210:\262e\265"
 453      BD84E7CE 
 453      FFCB3388 
 453      3AB265B5 
 454 0b03 1A0D8141 		.ascii	"\032\015\201A'-eb\013gy\363Z\323;\230\257\264\251\242"
 454      272D6562 
 454      0B6779F3 
 454      5AD33B98 
 454      AFB4A9A2 
 455 0b17 876CAAE8 		.ascii	"\207l\252\350W\254,&-\260\2177\025\326`\2337gr\257\205"
 455      57AC2C26 
 455      2DB08F37 
 455      15D6609B 
 455      376772AF 
 456 0b2c 153FFA4E 		.ascii	"\025?\372N\230\344\365\214\232\036\316f\343a\233\215"
 456      98E4F58C 
 456      9A1ECE66 
 456      E3619B8D 
 457 0b3c 5F0B1BBF 		.ascii	"_\013\033\277\246\033\337,\012\257p\222\335X\361\346"
 457      A61BDF2C 
 457      0AAF7092 
 457      DD58F1E6 
 458 0b4c BBA211CE 		.ascii	"\273\242\021\316\231\024\012\246\353\273\264\032\241"
 458      99140AA6 
 458      EBBBB41A 
 458      A1
 459 0b59 448EF8F1 		.ascii	"D\216\370\361\267[h\224\323\220\342\250\367r\301DZ\375"
 459      B75B6894 
 459      D390E2A8 
 459      F772C144 
ARM GAS  C:\cygwin\tmp\ccvWim8h.s 			page 37


 459      5AFD
 460 0b6b 82494299 		.ascii	"\202IB\231\334\371\202\327\322!\362\273\200\307t,c\377"
 460      DCF982D7 
 460      D221F2BB 
 460      80C7742C 
 460      63FF
 461 0b7d F12C8771 		.ascii	"\361,\207q\013\342PL\012\342\365X(\210\317_x~\303\021"
 461      0BE2504C 
 461      0AE2F558 
 461      2888CF5F 
 461      787EC311 
 462 0b91 0FB07AA3 		.ascii	"\017\260z\243\374\331\255\007\034\024\304EP\020\247"
 462      FCD9AD07 
 462      1C14C445 
 462      5010A7
 463 0ba0 B7AEDA1A 		.ascii	"\267\256\332\032\306'\361\315\243\243\357\273\220U("
 463      C627F1CD 
 463      A3A3EFBB 
 463      905528
 464 0baf 0C5B0A62 		.ascii	"\014[\012b\3503\217\302\261\213B\265\340\313\257\\<"
 464      E8338FC2 
 464      B18B42B5 
 464      E0CBAF5C 
 464      3C
 465 0bc0 146F8518 		.ascii	"\024o\205\030W\317q\367Y\031\344\037\350\023b0\256\015"
 465      57CF71F7 
 465      5919E41F 
 465      E8136230 
 465      AE0D
 466 0bd2 F231AAD7 		.ascii	"\3621\252\327\372\2571\302\230Q\343\343c\356~\263\374"
 466      FAAF31C2 
 466      9851E3E3 
 466      63EE7EB3 
 466      FC
 467 0be3 4FCB8282 		.ascii	"O\313\202\202\003W\006\373\256vY\341\037`\010Y\266r"
 467      035706FB 
 467      AE7659E1 
 467      1F600859 
 467      B672
 468 0bf5 F9F299BE 		.ascii	"\371\362\231\276\301\253g\256\011\\c\230i\360\375\273"
 468      C1AB67AE 
 468      095C6398 
 468      69F0FDBB 
 469 0c05 FFCCB93E 		.ascii	"\377\314\271>\177\234\351>\333m\3562\233\341e\376k\226"
 469      7F9CE93E 
 469      DB6DEE32 
 469      9BE165FE 
 469      6B96
 470 0c17 07ACF533 		.ascii	"\007\254\3653,[\355\273|\225\377\032\3032\037?\303\012"
 470      2C5BEDBB 
 470      7C95FF1A 
 470      C3321F3F 
 470      C30A
 471 0c29 DFB50146 		.ascii	"\337\265\001F\037\343wA\206\220Y\253\024\237\377|\335"
 471      1FE37741 
 471      869059AB 
 471      149FFF7C 
ARM GAS  C:\cygwin\tmp\ccvWim8h.s 			page 38


 471      DD
 472 0c3a 21463F30 		.ascii	"!F?0\024t)W\007\372\031\202U\201Dw\260}`H\220\301\340"
 472      14742957 
 472      07FA1982 
 472      55814477 
 472      B07D6048 
 473 0c51 17AC0C5A 		.ascii	"\027\254\014Z\033\344\027\214\003\375\202\355|W\004"
 473      1BE4178C 
 473      03FD82ED 
 473      7C5704
 474 0c60 07907FAB 		.ascii	"\007\220\177\253\334f\315re\177\201!\256\253|\003\\"
 474      DC66CD72 
 474      657F8121 
 474      AEAB7C03 
 474      5C
 475 0c71 8302838D 		.ascii	"\203\002\203\215!\256\336K\277\230\343\356\272x\261"
 475      21AEDE4B 
 475      BF98E3EE 
 475      BA78B1
 476 0c80 A7EB02DD 		.ascii	"\247\353\002\335\242%\377tw\015\362\015\360\011\010"
 476      A225FF74 
 476      770DF20D 
 476      F00908
 477 0c8f F003D52A 		.ascii	"\360\003\325*\335<O_\243\257J7\2375\036\254\361d\215"
 477      DD3C4F5F 
 477      A3AF4A37 
 477      9F351EAC 
 477      F1648D
 478 0ca2 176B1692 		.ascii	"\027k\026\222\306A7o\261G\340\232\025\376+\035}\204"
 478      C641376F 
 478      B147E09A 
 478      15FE2B1D 
 478      7D84
 479 0cb4 F53EFE6B 		.ascii	"\365>\376k\374\215?u\317\345\012\255\325\355\030\225"
 479      FC8D3F75 
 479      CFE50AAD 
 479      D5ED1895 
 480 0cc4 5F2CF1F4 		.ascii	"_,\361\364\322\253\226,\375\233\316Ko\277\304[\347\345"
 480      D2AB962C 
 480      FD9BCE4B 
 480      6FBFC45B 
 480      E7E5
 481 0cd6 E5A957EA 		.ascii	"\345\251W\352\276\322y\352\361\"\300\022O=\372\232^"
 481      BED279EA 
 481      F122C012 
 481      4F3DFA9A 
 481      5E
 482 0ce7 9EDB27E2 		.ascii	"\236\333'\342\345\221.\206\213U.\0170\370\006\243\205"
 482      E5912E86 
 482      8B552E0F 
 482      30F806A3 
 482      85
 483 0cf8 76F3BDF5 		.ascii	"v\363\275\365z\273\305\036\237\353\355\346}\246_L\376"
 483      7ABBC51E 
 483      9FEBEDE6 
 483      7DA65F4C 
 483      FE
ARM GAS  C:\cygwin\tmp\ccvWim8h.s 			page 39


 484 0d09 2DC4F3F5 		.ascii	"-\304\363\365z\215\177 \261\306\337\317\307\250e\335"
 484      7A8D7F20 
 484      B1C6DFCF 
 484      C7A865DD 
 485 0d19 D5BE21FF 		.ascii	"\325\276!\377\200`\360\017$G\352c|[t\005\264\255\014"
 485      8060F00F 
 485      2447EA63 
 485      7C5B7405 
 485      B4AD0C
 486 0d2c 0E5C1B44 		.ascii	"\016\\\033D\306'\350=<|\226\302a{\032Vp\036z{\335\342"
 486      C627E83D 
 486      3C7C96C2 
 486      617B1A56 
 486      701E7A7B 
 487 0d42 C51E9F2D 		.ascii	"\305\036\237-\320\333\221\177\330c\221^=o\341|7\275"
 487      D0DB917F 
 487      D863915E 
 487      3D6FE17C 
 487      37BD
 488 0d54 F752DA71 		.ascii	"\367R\332q7w\346\220\216\203\336\313\333K\377\027/\317"
 488      3777E690 
 488      8E83DECB 
 488      DB4BFF17 
 488      2FCF
 489 0d66 D9EA793A 		.ascii	"\331\352y:3I\307H\342\234\233=Q\340\365\245\236\264"
 489      3349C748 
 489      E29C9B3D 
 489      51E0F5A5 
 489      9EB4
 490 0d78 EE423B07 		.ascii	"\356B;\007Z\221\341nOV\323\031\035e\2103s\034\310\332"
 490      5A91E16E 
 490      4F56D319 
 490      1D658833 
 490      731CC8DA 
 491 0d8c C53A3246 		.ascii	"\305:2FV\213\2759\254g\346\315u \032\204Y\235\231g\236"
 491      568BBD39 
 491      AC67E6CD 
 491      75201A84 
 491      599D9967 
 492 0da1 FDBDDD7C 		.ascii	"\375\275\335|O\017\360\305\3332\364\211\322\333\333"
 492      4F0FF0C5 
 492      DB32F489 
 492      D2DBDB
 493 0db0 63815E03 		.ascii	"c\201^\003\316.r\367&\256~h}\263\206uFW\217/\274\027"
 493      CE2E72F7 
 493      26AE7E68 
 493      7DB38675 
 493      46578F2F 
 494 0dc6 79C3CDBA 		.ascii	"y\303\315\272\322\013\\1\327\315m\235\001bHM\302\200"
 494      D20B5C31 
 494      D7CD6D9D 
 494      0162484D 
 494      C280
 495 0dd8 DCE6FF00 		.ascii	"\334\346\377\000\264\276\276\365"
 495      B4BEBEF5 
 496              		.text
 497              		.section	.gnu.lto_.symtab.652bee9c,"",%progbits
ARM GAS  C:\cygwin\tmp\ccvWim8h.s 			page 40


 498 0000 5F70616C 		.ascii	"_pal_lld_init\000\000\000\000\000\000\000\000\000\000"
 498      5F6C6C64 
 498      5F696E69 
 498      74000000 
 498      00000000 
 499 0017 0000E600 		.ascii	"\000\000\346\000\000\000_pal_lld_setgroupmode\000\000"
 499      00005F70 
 499      616C5F6C 
 499      6C645F73 
 499      65746772 
 500 0034 00000000 		.ascii	"\000\000\000\000\000\000\000\000\000\000-\001\000\000"
 500      00000000 
 500      00002D01 
 500      0000
 501              		.text
 502              		.section	.gnu.lto_.opts,"",%progbits
 503 0000 272D666E 		.ascii	"'-fno-trapv' '-mcpu=cortex-m4' '-mno-thumb-interwor"
 503      6F2D7472 
 503      61707627 
 503      20272D6D 
 503      6370753D 
 504 0033 6B272027 		.ascii	"k' '-mthumb' '-ggdb' '-O2' '-fomit-frame-pointer' '"
 504      2D6D7468 
 504      756D6227 
 504      20272D67 
 504      67646227 
 505 0066 2D66616C 		.ascii	"-falign-functions=16' '-ffunction-sections' '-fdata"
 505      69676E2D 
 505      66756E63 
 505      74696F6E 
 505      733D3136 
 506 0099 2D736563 		.ascii	"-sections' '-fno-common' '-flto'\000"
 506      74696F6E 
 506      73272027 
 506      2D666E6F 
 506      2D636F6D 
 507              		.text
 508              		.comm	__gnu_lto_v1,1,1
 509              		.comm	__gnu_lto_slim,1,1
 510              		.ident	"GCC: (GNU Tools for ARM Embedded Processors) 4.9.3 20141119 (release) [ARM/embedded-4_9-br
ARM GAS  C:\cygwin\tmp\ccvWim8h.s 			page 41


DEFINED SYMBOLS
                            *ABS*:00000000 pal_lld.c
                            *COM*:00000001 __gnu_lto_v1
                            *COM*:00000001 __gnu_lto_slim

NO UNDEFINED SYMBOLS
