ARM GAS  C:\cygwin\tmp\ccDw2oKa.s 			page 1


   1              		.syntax unified
   2              		.cpu cortex-m4
   3              		.fpu softvfp
   4              		.eabi_attribute 20, 1
   5              		.eabi_attribute 21, 1
   6              		.eabi_attribute 23, 3
   7              		.eabi_attribute 24, 1
   8              		.eabi_attribute 25, 1
   9              		.eabi_attribute 26, 1
  10              		.eabi_attribute 30, 2
  11              		.eabi_attribute 34, 1
  12              		.eabi_attribute 18, 4
  13              		.thumb
  14              		.file	"port.c"
  15              		.text
  16              	.Ltext0:
  17              		.section	.gnu.lto_.profile.652bee72,"",%progbits
  18 0000 789C6366 		.ascii	"x\234cf```a\200\000F\006\026&\000\000~\000\017"
  18      60606061 
  18      80004606 
  18      16260000 
  18      7E000F
  19              		.text
  20              		.section	.gnu.lto_.jmpfuncs.652bee72,"",%progbits
  21 0000 789C6366 		.ascii	"x\234cf\300\0168\2404\023\0203\0021\000\0014\000\017"
  21      C00E38A0 
  21      34131033 
  21      02310001 
  21      34000F
  22              		.text
  23              		.section	.gnu.lto_.inline.652bee72,"",%progbits
  24 0000 789C6366 		.ascii	"x\234cf\300\016\324\2404\023\003\0033\023#\210b`[ \017"
  24      C00ED4A0 
  24      34130303 
  24      33132388 
  24      62605B20 
  25 0015 A2181831 		.ascii	"\242\030\0301D\030\000$\007\001\313"
  25      44180024 
  25      0701CB
  26              		.text
  27              		.section	.gnu.lto_.pureconst.652bee72,"",%progbits
  28 0000 789C6366 		.ascii	"x\234cf```e\200\000&\006\006F\006\000\000\221\000\014"
  28      60606065 
  28      80002606 
  28      06460600 
  28      0091000C 
  29              		.text
  30              		.section	.gnu.lto_EnterCriticalSection.652bee72,"",%progbits
  31 0000 789C6366 		.ascii	"x\234cf\300\004R@\\\012\304\262@\314\310\314\300\310"
  31      C0045240 
  31      5C0AC4B2 
  31      40CCC8CC 
  31      C0C8
  32 0012 34E11C03 		.ascii	"4\341\034\003C#\007\023##\210\301\300\310P\317\304X"
  32      43230713 
  32      232388C1 
  32      C0C850CF 
ARM GAS  C:\cygwin\tmp\ccDw2oKa.s 			page 2


  32      C458
  33 0024 CFF892E9 		.ascii	"\317\370\222\351#\023\343\204\003\253gp\253/mhh\370"
  33      2313E384 
  33      03AB6770 
  33      AB2F6D68 
  33      68F8
  34 0036 70E97863 		.ascii	"p\351xc\300\001\306\237L\014\014\237\231 \3460.gTg\000"
  34      C001C69F 
  34      4C0C0C9F 
  34      9920E630 
  34      2E675467 
  35 004b 2AFAD8F2 		.ascii	"*\372\330\362\367:7[\013P\221\000D\216q\005#\033#\220"
  35      F73A375B 
  35      0B509100 
  35      448E7105 
  35      231B2390 
  36 005f 5E2F74A0 		.ascii	"^/t\240\341\377\377\315\363\017N`\004\012?\001b\220"
  36      E1FFFFCD 
  36      F30F4E60 
  36      040A3F01 
  36      6290
  37 0071 054F9998 		.ascii	"\005O\231\230@4\363=FF\220B\220IO\230\030AB@\005\322"
  37      4034F33D 
  37      46469042 
  37      90494F98 
  37      18414240 
  38 0087 6E45A9A9 		.ascii	"nE\251\251\276\371)I\245\305\372\005\371E%\372E%%`\206"
  38      BEF92949 
  38      A5C5FA05 
  38      F94525FA 
  38      45252560 
  39 009c 5E320300 		.ascii	"^2\003\000p\2243\302"
  39      709433C2 
  40              		.text
  41              		.section	.gnu.lto_ExitCriticalSection.652bee72,"",%progbits
  42 0000 789C6366 		.ascii	"x\234cf\300\004R@\\\012\304\262@\314\310\314\300\310"
  42      C0045240 
  42      5C0AC4B2 
  42      40CCC8CC 
  42      C0C8
  43 0012 34E11C03 		.ascii	"4\341\034\003C#\007\023##\210\301\300\310P\317\304X"
  43      43230713 
  43      232388C1 
  43      C0C850CF 
  43      C458
  44 0024 CFF892E9 		.ascii	"\317\370\222\351#\023\343\204\003\253gp\253/mhh\370"
  44      2313E384 
  44      03AB6770 
  44      AB2F6D68 
  44      68F8
  45 0036 B0E86463 		.ascii	"\260\350dc\300\001\306\237L\014\014\237\231 \3460.g"
  45      C001C69F 
  45      4C0C0C9F 
  45      9920E630 
  45      2E67
  46 0048 5467002A 		.ascii	"Tg\000*\372\330\362\367:7[\013P\221\000D\216q\005#\033"
  46      FAD8F2F7 
ARM GAS  C:\cygwin\tmp\ccDw2oKa.s 			page 3


  46      3A375B0B 
  46      50910044 
  46      8E710523 
  47 005d 23905E2F 		.ascii	"#\220^/t\240\341\377\377\317K\017\316b\004\012?\001"
  47      74A0E1FF 
  47      FFCF4B0F 
  47      CE62040A 
  47      3F01
  48 006f 6290054F 		.ascii	"b\220\005O\231\230@4\363=FF\220B\220IO\230\030AB@\005"
  48      99984034 
  48      F33D4646 
  48      90429049 
  48      4F981841 
  49 0086 D26E45A9 		.ascii	"\322nE\251\251\276\371)I\245\305\372\005\371E%\372E"
  49      A9BEF929 
  49      49A5C5FA 
  49      05F94525 
  49      FA45
  50 0098 25256086 		.ascii	"%%`\206^2\003\000o\3423\344"
  50      5E320300 
  50      6FE233E4 
  51              		.text
  52              		.section	.gnu.lto_.symbol_nodes.652bee72,"",%progbits
  53 0000 789C6366 		.ascii	"x\234cf``Pa\200\002\246\006\246z\006\206\011\347\030"
  53      60605061 
  53      8002A606 
  53      A67A0686 
  53      09E718
  54 0013 18EAEB19 		.ascii	"\030\352\353\031\346-\340``jd\252gD\026`\000\000\257"
  54      E62DE060 
  54      606A64AA 
  54      67441660 
  54      0000AF
  55 0026 E00974   		.ascii	"\340\011t"
  56              		.text
  57              		.section	.gnu.lto_.refs.652bee72,"",%progbits
  58 0000 789C6366 		.ascii	"x\234cf```d\200\002\000\000=\000\005"
  58      60606064 
  58      80020000 
  58      3D0005
  59              		.text
  60              		.section	.gnu.lto_.decls.652bee72,"",%progbits
  61 0000 789C6366 		.ascii	"x\234cf``\250\001\342\377@\360\034H\373\00213\020\007"
  61      6060A801 
  61      E2FF40F0 
  61      1C48FB02 
  61      31331007 
  62 0014 30200013 		.ascii	"0 \000\023\020\257\001\342u\014\230\000$\316\210\244"
  62      10AF01E2 
  62      750C9800 
  62      24CE88A4 
  63 0024 9E112A86 		.ascii	"\236\021*\206\016\326aQ\207\315\274\217L\214;\327}9"
  63      0ED66151 
  63      87CDBC8F 
  63      4C8C3BD7 
  63      7D39
  64 0036 CBFD8289 		.ascii	"\313\375\202\211\221\217K\001\304\3355\351\304\0146"
ARM GAS  C:\cygwin\tmp\ccDw2oKa.s 			page 4


  64      918F4B01 
  64      C4DD35E9 
  64      C40C36
  65 0045 2097878B 		.ascii	" \227\207\213\005\304\335\375\373\321\025\026\361\251"
  65      05C4DDFD 
  65      FBD11516 
  65      F1A9
  66 0053 0D4030A1 		.ascii	"\015@0\241\271A\200\2051@\214q9\243\024\343\012F)\240"
  66      B9418085 
  66      31408C71 
  66      39A314E3 
  66      0A4629A0 
  67 0067 A92B19C5 		.ascii	"\251+\031\305\201d4\013\304\2443\317^O\346`fb\004\261"
  67      8164340B 
  67      C4A433CF 
  67      5E4FE660 
  67      666204B1 
  68 007b 17CF7878 		.ascii	"\027\317xx\205Kg\025P[G\303\201\037L\010\353~\355|1"
  68      854B6715 
  68      505B47C3 
  68      811F4C08 
  68      EB7EED7C 
  69 0090 9D5B615E 		.ascii	"\235[a^\303\206\015\037\366\375\272\301\323p\242\341"
  69      C3860D1F 
  69      F6FDBAC1 
  69      D370A2E1 
  70 00a0 C0FFFFF6 		.ascii	"\300\377\377\366`\243\030W123\256f\324\001;\030\310"
  70      60A31857 
  70      313233AE 
  70      66D4013B 
  70      18C8
  71 00b2 86B87C0D 		.ascii	"\206\270|\015\243\002P[\373\354?\247\030\231\255\300"
  71      A302505B 
  71      FBEC3FA7 
  71      1899ADC0 
  72 00c2 663F9931 		.ascii	"f?\2311\365\0363\330\210\005\247658\2644\374\371\377"
  72      F51E33D8 
  72      8805A736 
  72      3538B434 
  72      FCF9FF
  73 00d5 9F196CC0 		.ascii	"\237\031l\300Z$\003\326\302\014X\307\250\300 \342\232"
  73      5A2403D6 
  73      C20C58C7 
  73      A8C020E2 
  73      9A
  74 00e6 57925AE4 		.ascii	"W\222Z\344\\\224Y\222\231\234\230\023\234\232\\\222"
  74      5C945992 
  74      999C9813 
  74      9C9A5C92 
  75 00f6 999FC7E6 		.ascii	"\231\237\307\346\356\027\252\340\314 \355V\224\232\352"
  75      EE17AAE0 
  75      CC20ED56 
  75      949AEA
  76 0105 9B9F9254 		.ascii	"\233\237\222TZ\254_\220_T\242_TR\002f\350%3\010\273"
  76      5AAC5F90 
  76      5F54A25F 
  76      54520266 
ARM GAS  C:\cygwin\tmp\ccDw2oKa.s 			page 5


  76      E8253308 
  77 011a 566496A0 		.ascii	"Vd\226\240i\003\000<&p\370"
  77      6903003C 
  77      2670F8
  78              		.text
  79              		.section	.gnu.lto_.symtab.652bee72,"",%progbits
  80 0000 456E7465 		.ascii	"EnterCriticalSection\000\000\000\000\000\000\000\000"
  80      72437269 
  80      74696361 
  80      6C536563 
  80      74696F6E 
  81 001c 00000000 		.ascii	"\000\000\000\000\254\000\000\000ExitCriticalSection"
  81      AC000000 
  81      45786974 
  81      43726974 
  81      6963616C 
  82 0037 00000000 		.ascii	"\000\000\000\000\000\000\000\000\000\000\000\000\256"
  82      00000000 
  82      00000000 
  82      AE
  83 0044 000000   		.ascii	"\000\000\000"
  84              		.text
  85              		.section	.gnu.lto_.opts,"",%progbits
  86 0000 272D666E 		.ascii	"'-fno-trapv' '-mcpu=cortex-m4' '-mno-thumb-interwor"
  86      6F2D7472 
  86      61707627 
  86      20272D6D 
  86      6370753D 
  87 0033 6B272027 		.ascii	"k' '-mthumb' '-ggdb' '-O2' '-fomit-frame-pointer' '"
  87      2D6D7468 
  87      756D6227 
  87      20272D67 
  87      67646227 
  88 0066 2D66616C 		.ascii	"-falign-functions=16' '-ffunction-sections' '-fdata"
  88      69676E2D 
  88      66756E63 
  88      74696F6E 
  88      733D3136 
  89 0099 2D736563 		.ascii	"-sections' '-fno-common' '-flto'\000"
  89      74696F6E 
  89      73272027 
  89      2D666E6F 
  89      2D636F6D 
  90              		.text
  91              		.comm	__gnu_lto_v1,1,1
  92              		.comm	__gnu_lto_slim,1,1
  93              		.ident	"GCC: (GNU Tools for ARM Embedded Processors) 4.9.3 20141119 (release) [ARM/embedded-4_9-br
ARM GAS  C:\cygwin\tmp\ccDw2oKa.s 			page 6


DEFINED SYMBOLS
                            *ABS*:00000000 port.c
                            *COM*:00000001 __gnu_lto_v1
                            *COM*:00000001 __gnu_lto_slim

NO UNDEFINED SYMBOLS
