ARM GAS  C:\cygwin\tmp\ccKbYfoc.s 			page 1


   1              		.syntax unified
   2              		.cpu cortex-m4
   3              		.fpu softvfp
   4              		.eabi_attribute 20, 1
   5              		.eabi_attribute 21, 1
   6              		.eabi_attribute 23, 3
   7              		.eabi_attribute 24, 1
   8              		.eabi_attribute 25, 1
   9              		.eabi_attribute 26, 1
  10              		.eabi_attribute 30, 2
  11              		.eabi_attribute 34, 1
  12              		.eabi_attribute 18, 4
  13              		.thumb
  14              		.file	"portevent_m.c"
  15              		.text
  16              	.Ltext0:
  17              		.section	.gnu.lto_.profile.652bf52f,"",%progbits
  18 0000 789C6366 		.ascii	"x\234cf```a\200\000F\006\003M\000\000\375\000b"
  18      60606061 
  18      80004606 
  18      034D0000 
  18      FD0062
  19              		.text
  20              		.section	.gnu.lto_.jmpfuncs.652bf52f,"",%progbits
  21 0000 789C6366 		.ascii	"x\234cf\300\016\254\24147\0203122\326\263\200\010V\006"
  21      C00EACA1 
  21      34371033 
  21      313232D6 
  21      B3800856 
  22 0015 06364646 		.ascii	"\0066FF\006\006v\006\006\016fF\020\213\201\201\023\306"
  22      06067606 
  22      060E6646 
  22      108B8181 
  22      13C6
  23 0027 E0823180 		.ascii	"\340\2021\200zx\200\024\000M\307\001\254"
  23      7A788014 
  23      004DC701 
  23      AC
  24              		.text
  25              		.section	.gnu.lto_.inline.652bf52f,"",%progbits
  26 0000 789C6366 		.ascii	"x\234cf\300\016\256@in\006\006\026fF\006&\246\013\374"
  26      C00EAE40 
  26      696E0606 
  26      16664606 
  26      26A60BFC 
  27 0014 0C6C0BE4 		.ascii	"\014l\013\344\231@bL\014\254,\214\214\014\214@\026\313"
  27      9940624C 
  27      0CAC2C8C 
  27      8C0C8C40 
  27      16CB
  28 0026 0279B830 		.ascii	"\002y\2700\013\003';P%\367-7\006\366&\025\260\020+\003"
  28      0B03273B 
  28      5025F72D 
  28      3706F626 
  28      15B0102B 
  29 003b 33135008 		.ascii	"3\023P\010\310\202)b\303\020a\307\020\341\000\231\217"
  29      C8822962 
ARM GAS  C:\cygwin\tmp\ccKbYfoc.s 			page 2


  29      C31061C7 
  29      10E10099 
  29      8F
  30 004c 6A3627A6 		.ascii	"j6'\246\020\027\246\0207\246\020\017\203\000\027PH\252"
  30      1017A610 
  30      37A6100F 
  30      83001750 
  30      48AA
  31 005e A1162EC4 		.ascii	"\241\026.\304\000\000'r\021$"
  31      00002772 
  31      1124
  32              		.text
  33              		.section	.gnu.lto_.pureconst.652bf52f,"",%progbits
  34 0000 789C6366 		.ascii	"x\234cf``\020g\200\000n\006\011&\011\026)V\0066\006"
  34      60601067 
  34      80006E06 
  34      09260916 
  34      29560636 
  35 0015 76060E09 		.ascii	"v\006\016\011N\011.\011n\011\036\011\000\016\244\001"
  35      4E092E09 
  35      6E091E09 
  35      000EA401 
  36 0025 32       		.ascii	"2"
  37              		.text
  38              		.section	.gnu.lto_xMBMasterPortEventInit.652bf52f,"",%progbits
  39 0000 789C654E 		.ascii	"x\234eN\275J\003a\020\334\331\203p\220B\021lR\212\020"
  39      BD4A0361 
  39      10DCD983 
  39      70904211 
  39      6C528A10 
  40 0014 44316F61 		.ascii	"D1oa'\370\006\202z\245F\316\323.d/^a%\202V\376uz\211"
  40      27F80682 
  40      7AA546CE 
  40      D32E642F 
  40      5E612582 
  41 002d BF58DADD 		.ascii	"\277X\332\335\003\210\022S\010\"\332D\320\356\242U\220"
  41      03881253 
  41      0822DA44 
  41      D0EEA255 
  41      90
  42 003e 18770F0B 		.ascii	"\030w\017\013\301\017\226\335ofvv\034\372\377\012Z\037"
  42      C10F96DD 
  42      6F667676 
  42      1CFAFF0A 
  42      5A1F
  43 0050 5AA35A70 		.ascii	"Z\243Zp\010\274uK\024\272\014\330@\240*\243\212w\356"
  43      08BC754B 
  43      14BA0CD8 
  43      40A02AA3 
  43      8A77EE
  44 0063 306EAEBF 		.ascii	"0n\256\277[(\036\211\324\322\373\306\323L\202.\023}"
  44      5B281E89 
  44      D4D2FBC6 
  44      D34C822E 
  44      137D
  45 0075 3261A280 		.ascii	"2a\242\2001\363A\214\"\251\260\023\365\036\362\271H"
  45      31F3418C 
ARM GAS  C:\cygwin\tmp\ccKbYfoc.s 			page 3


  45      22A9B013 
  45      F51EF2B9 
  45      48
  46 0086 44068D57 		.ascii	"D\006\215W\242\216\034\264_\016%\322\357o\307;y\207"
  46      A28E1CB4 
  46      5F0E25D2 
  46      EF6FC73B 
  46      7987
  47 0098 A8AD8CDD 		.ascii	"\250\255\214\335xe\266\356<\242\226\246\361\270i\325"
  47      7865B6EE 
  47      3CA296A6 
  47      F1B869D5 
  48 00a8 E3B0B579 		.ascii	"\343\260\265y\301\225/\331\020\267\313\350\231\213\242"
  48      C1952FD9 
  48      10B7CBE8 
  48      998BA2
  49 00b7 2FEDBBA6 		.ascii	"/\355\273\246\373\306\212d\337z\030\355\343\000{\241"
  49      FBC68A64 
  49      DF7A18ED 
  49      E3007BA1 
  50 00c7 988AD040 		.ascii	"\230\212\320@\005'\320(8U\370\257\336B\234)\363\214"
  50      0527D028 
  50      3855F8AF 
  50      DE429C29 
  50      F38C
  51 00d9 30B91AFE 		.ascii	"0\271\032\376\275\321\334=^\037\310X\020\316mOC\301"
  51      BDD1DC3D 
  51      5E1FC858 
  51      10CE6D4F 
  51      43C1
  52 00eb C2A87E64 		.ascii	"\302\250~d\312\367\274\351\362\302\334\352Ji\271\354"
  52      CAF7BCE9 
  52      F2C2DCEA 
  52      4A69B9EC 
  53 00fb 07253F08 		.ascii	"\007%?\010\262\301[\363\226\202\331\305\311y\372\001"
  53      B2C15BF3 
  53      9682D9C5 
  53      C979FA01 
  54 010b 0969652A 		.ascii	"\011ie*"
  55              		.text
  56              		.section	.gnu.lto_xMBMasterPortEventPost.652bf52f,"",%progbits
  57 0000 789C6D90 		.ascii	"x\234m\220\315KBA\024\305\357\231\247/\251\240\010\332"
  57      CD4B4241 
  57      14C5EF99 
  57      A72FA9A0 
  57      08DA
  58 0012 B80C44C2 		.ascii	"\270\014D\302\250\177\241M\355\202\376\203\240z\313"
  58      A87FA14D 
  58      ED82FE83 
  58      A07ACB
  59 0021 3E306B27 		.ascii	">0k'\216%\324*\242e_\233\2504K\255V\355\254]\024\205"
  59      8E25D42A 
  59      A2655F9B 
  59      A8344BAD 
  59      56EDAC5D 
  60 0037 B910420C 		.ascii	"\271\020B\014J\301v\212\201Y<\353^wQ\017\206\271\367"
  60      4AC1768A 
ARM GAS  C:\cygwin\tmp\ccKbYfoc.s 			page 4


  60      81593CEB 
  60      5E77510F 
  60      86B9F7
  61 004a BC33E737 		.ascii	"\2743\3477w\014\372\373\271y\235\202\310\307;\014\202"
  61      770CFAFB 
  61      B9799D82 
  61      C8C73B0C 
  61      82
  62 005b DAB8270A 		.ascii	"\332\270'\012\273\024 \005\201B\012!\274\251\252\302"
  62      BB142005 
  62      81420A21 
  62      BCA9AAC2 
  63 006b DD65330B 		.ascii	"\335e3\013\357\201\326\313\225\353x~<\215\206\"\252"
  63      EF81D6CB 
  63      95EB787E 
  63      3C8D8622 
  63      AA
  64 007c 29C2801B 		.ascii	")\302\200\033\375\222\203#x\331\027\263\313\257\355"
  64      FD928323 
  64      78D917B3 
  64      CBAFED
  65 008b 8607C4F5 		.ascii	"\206\007\304\365\355\313G\255\263\254\032\012\335\322"
  65      EDCB47AD 
  65      B3AC1A0A 
  65      DDD2
  66 0099 6EE54AEF 		.ascii	"n\345J\357\206\264JIk\247>o\340\331\347\304t>\245\207"
  66      86B44A49 
  66      6BA73E6F 
  66      E0D9E7C4 
  66      743EA587 
  67 00ad 59371085 		.ascii	"Y7\020\205!\2311\270q\0147\261D\210\303#\366j\304\316"
  67      219931B8 
  67      710C37B1 
  67      4488C323 
  67      F66AC4CE 
  68 00c1 759811AD 		.ascii	"u\230\021\255u\267p\031x\002\223\357N\311\236\264\376"
  68      75B77019 
  68      780293EF 
  68      4EC99EB4 
  68      FE
  69 00d2 FEAE25AE 		.ascii	"\376\256%\256\036a\032\020\273\203\017:\210\212\354"
  69      1E611A10 
  69      BB830F3A 
  69      888AEC
  70 00e1 92394ACC 		.ascii	"\2229J\314\343\335x\302r%\225\364\3119\316\333\313\256"
  70      E3DD78C2 
  70      722595F4 
  70      C939CEDB 
  70      CBAE
  71 00f3 2754F04B 		.ascii	"'T\360K\257iWC9mId\365\271\370\220q\311\035\235\255"
  71      AF695743 
  71      396D4964 
  71      F5B9F890 
  71      71C91D9D 
  72 0108 361A8EEC 		.ascii	"6\032\216\354`\027\333a-.\302)\202H\360\305\010I\226"
  72      6017DB61 
  72      2D2EC229 
ARM GAS  C:\cygwin\tmp\ccKbYfoc.s 			page 5


  72      8248F0C5 
  72      084996
  73 011b D990D93A 		.ascii	"\331\220\331:\\\351\022??\026R\374\207!\205\325\346"
  73      5CE9123F 
  73      3F1652FC 
  73      872185D5 
  73      E6
  74 012c 81532875 		.ascii	"\201S(u\345\250\363\004,m\342?\252i+\374\246\232\377"
  74      E5A8F304 
  74      2C6DE23F 
  74      AA692BFC 
  74      A69AFF
  75 013f 50DB70C6 		.ascii	"P\333p\306\324\363\026\365\202eN\245\002\302\351Lo\353"
  75      D4F316F5 
  75      82654EA5 
  75      02C2E94C 
  75      6FEB
  76 0151 05042AB3 		.ascii	"\005\004*\263Bf\344)\372F\375\226567=\271\27004?\347"
  76      4266E429 
  76      FA46FD96 
  76      3536373D 
  76      B9B83034 
  77 0167 0F0CF903 		.ascii	"\017\014\371\003\201Va-Y\263\201\211\231\301)2\255\021"
  77      8156612D 
  77      59B38189 
  77      99C12932 
  77      AD11
  78 0179 A97F0062 		.ascii	"\251\177\000b]\251X"
  78      5DA958
  79              		.text
  80              		.section	.gnu.lto_xMBMasterPortEventGet.652bf52f,"",%progbits
  81 0000 789C6D51 		.ascii	"x\234mQ\317KTQ\030\275\347\3367\363\246\321T\202\026"
  81      CF4B5451 
  81      18BDE7DE 
  81      37F3A6D1 
  81      548216
  82 0013 CE422219 		.ascii	"\316B\"\031D\220f\321\256U\233\242M\320\037\020D\345"
  82      449066D1 
  82      AE559BA2 
  82      4DD01F10 
  82      44E5
  83 0025 5BA6834D 		.ascii	"[\246\203M\321F\274\243\263\220\210\012\333D\277\177"
  83      D146BCA3 
  83      B390880A 
  83      DB44BF7F 
  84 0035 9A5633A6 		.ascii	"\232V3\2466\346\370#^\255ZX!\232\221\224\025i\030T("
  84      36E6F823 
  84      5EAD5A58 
  84      219A9194 
  84      15691854 
  85 004a 06D31033 		.ascii	"\006\323\0203\323\367\335gf\346\205\367\356\275\037"
  85      D3F7DD67 
  85      66E685F7 
  85      EEBD1F
  86 0059 E79C7BBE 		.ascii	"\347\234{\276\363)\361\377\332N_\271\022b\007\355\360"
  86      F329F1FF 
  86      DA4E5FB9 
ARM GAS  C:\cygwin\tmp\ccKbYfoc.s 			page 6


  86      126207ED 
  86      F0
  87 006a 09C8B32F 		.ascii	"\011\310\263/\204\210\007\244T\223\021\241\203\326H"
  87      848807A4 
  87      549311A1 
  87      83D648
  88 0079 95D0A50A 		.ascii	"\225\320\245\012\226W\266\000>\010\210\026\251,\264"
  88      9657B600 
  88      3E088816 
  88      A92CB4
  89 0088 E08B5C94 		.ascii	"\340\213\\\224\030\313\024&Ps[\353\326\205\247\311\267"
  89      18CB1426 
  89      50735BEB 
  89      D685A7C9 
  89      B7
  90 0099 FB5CE4A4 		.ascii	"\373\\\344\244\020KR\240.\204\332\020\303\357\240\206"
  90      104B52A0 
  90      2E84DA10 
  90      C3EFA086 
  91 00a9 70DDF9F9 		.ascii	"p\335\371\371OA\025\206\240s&\365\343y\311\274\314I"
  91      4F411586 
  91      A07326F5 
  91      E379C9BC 
  91      CC49
  92 00bb 6CE1EB50 		.ascii	"l\341\353P\307\263\363~\276J\213\257\351\251\224\033"
  92      C7B3F37E 
  92      BE4A8BAF 
  92      E9A9941B 
  93 00cb 0CDF2445 		.ascii	"\014\337$E\367]\237\336i\345\244B\027\024kv#\204\273"
  93      F75D9FDE 
  93      69E5A442 
  93      17146B76 
  93      2384BB
  94 00de 08092A09 		.ascii	"\010\011*\011\334C\230\341\375\203\267\316\225\252:"
  94      DC4398E1 
  94      FD83B7CE 
  94      95AA3A
  95 00ed 4FF8F1C9 		.ascii	"O\370\361\311\033v\365u\242~\370>\275\337\215_\323\205"
  95      1B76F575 
  95      A27EF83E 
  95      BDDF8D5F 
  95      D385
  96 00ff 62911DE1 		.ascii	"b\221\035\341\276'\360\307\024/\302/&\362\257K\374\011"
  96      BE27F0C7 
  96      142FC22F 
  96      26F2AF4B 
  96      FC09
  97 0111 AD750592 		.ascii	"\255u\005\222\250f\337d8\005?h\343J\317&W\027\213K\003"
  97      A866DF64 
  97      38053F68 
  97      E34ACF26 
  97      57178B4B 
  98 0126 4F0A0842 		.ascii	"O\012\010Bp\305\242\307-\037\375|~\372\371m\030\037"
  98      70C5A2C7 
  98      2D1FFD7C 
  98      7EFAF96D 
  98      181F
ARM GAS  C:\cygwin\tmp\ccKbYfoc.s 			page 7


  99 0138 6296989C 		.ascii	"b\226\230\234\316\234\224\274\253)\220\3734\214\026"
  99      CE9C94BC 
  99      AB2990FB 
  99      348C16
 100 0147 B1E8ADF7 		.ascii	"\261\350\255\367\263/\307\003\334%?\321CML\243\265\243"
 100      B32FC703 
 100      DC253FD1 
 100      434D4CA3 
 100      B5A3
 101 0159 77A49221 		.ascii	"w\244\222!Yi\021\342\312\304\351\224l\376\245\333u "
 101      596911E2 
 101      CAC4E994 
 101      6CFEA5DB 
 101      7520
 102 016b 27EDBCF4 		.ascii	"'\355\274\364<\256\360ls\355\212'.\3412.\3065\243\004"
 102      3CAEF06C 
 102      73ED8A27 
 102      2EE1322E 
 102      C635A304 
 103 017f 1EA019BD 		.ascii	"\036\240\031\275\244&\320Ge\361\012\2117mU\1775\343"
 103      A426D047 
 103      65F10A89 
 103      376D557F 
 103      35E3
 104 0191 9DC3A76C 		.ascii	"\235\303\247lf[\204\350\207\327\373\034\3057\031Q\306"
 104      665B84E8 
 104      87D7FB1C 
 104      C5371951 
 104      C6
 105 01a2 C068AD07 		.ascii	"\300h\255\007\366\2555\020\310K\374k \260\216\201\015"
 105      F6AD3510 
 105      C84BFC6B 
 105      20B08E81 
 105      0D
 106 01b3 784806D2 		.ascii	"xH\006\322\306\300\000\033 \321\031\333\223dU\323\245"
 106      C6C0001B 
 106      20D119DB 
 106      936455D3 
 106      A5
 107 01c4 8961B592 		.ascii	"\211a\265\2222J\351\237W\277m\364\224\334\312\234\014"
 107      324AE99F 
 107      57BF6DF4 
 107      94DCCA9C 
 107      0C
 108 01d5 66A58D47 		.ascii	"f\245\215GFi\220\224\210\317\344\205\205\321\3102}\375"
 108      46699094 
 108      88CFE485 
 108      85D1C832 
 108      7DFD
 109 01e7 7CD60692 		.ascii	"|\326\006\222Y\011d\210\312&i\036F\356\343\352a\214"
 109      59096488 
 109      CA26691E 
 109      46EEE3EA 
 109      618C
 110 01f9 5FE86C2B 		.ascii	"_\350l+7\303\240\251\016\233X\346(\242\345\311U\230"
 110      37C3A0A9 
 110      0E9B58E6 
ARM GAS  C:\cygwin\tmp\ccKbYfoc.s 			page 8


 110      28A2E5C9 
 110      5598
 111 020b 4967A9FF 		.ascii	"Ig\251\377\031\304\335\374f\257\035J\3433\214\240\374"
 111      19C4DDFC 
 111      66AF1D4A 
 111      E3338CA0 
 111      FC
 112 021c 9A2C6196 		.ascii	"\232,a\226\032;SF\223\007\363\310\315\326\335M\216\263"
 112      1A3B5346 
 112      9307F3C8 
 112      CDD6DD4D 
 112      8EB3
 113 022e B7B1FED0 		.ascii	"\267\261\376\320\261\243\221hcS,\322\024\213\231\203"
 113      B1A39168 
 113      63532CD2 
 113      148B9983 
 114 023e 73DC6988 		.ascii	"s\334i\210\0358\262\355\260\360;\273\370\\v\302l{\016"
 114      1D38B2ED 
 114      B0F03BBB 
 114      F85C76C2 
 114      6C7B0E
 115 0251 46A34E83 		.ascii	"F\243N\203S\377\033c\357$\341"
 115      53FF1B63 
 115      EF24E1
 116              		.text
 117              		.section	.gnu.lto_vMBMasterOsResInit.652bf52f,"",%progbits
 118 0000 789C6366 		.ascii	"x\234cf\300\004R@\\\012\304*@\314\310\314\300\3104\341"
 118      C0045240 
 118      5C0AC42A 
 118      40CCC8CC 
 118      C0C834E1 
 119 0014 1C034323 		.ascii	"\034\003C#\007\023##\210\301\300\310P\317\304X\317\370"
 119      07132323 
 119      88C1C0C8 
 119      50CFC458 
 119      CFF8
 120 0026 92E92313 		.ascii	"\222\351#\023\343\204\003\253gp\253/mhh\370pi\243D\253"
 120      E38403AB 
 120      6770AB2F 
 120      6D6868F8 
 120      7069A344 
 121 003b C44F2606 		.ascii	"\304O&\006\206\317L\020c\030\2273\2523\000\325|l\371"
 121      86CF4C10 
 121      63189733 
 121      AA3300D5 
 121      7C6CF9
 122 004e 7B9D9BAD 		.ascii	"{\235\233\255\005\250F\000\"\307\270\202\221\215\021"
 122      05A84600 
 122      22C7B882 
 122      918D11
 123 005d 48AF173A 		.ascii	"H\257\027:\320\360\377\377\346\343\023W\2501\002\305"
 123      D0F0FFFF 
 123      E6E31357 
 123      A83102C5 
 124 006d 9F0031C8 		.ascii	"\237\0001\310\202\247LL \232\371\036##H%\310\250'L\214"
 124      82A74C4C 
 124      209AF91E 
ARM GAS  C:\cygwin\tmp\ccKbYfoc.s 			page 9


 124      23234825 
 124      C8A8274C 
 125 0082 2021A002 		.ascii	" !\240\002%\267\242\324T\337\374\224\244\322b\375\202"
 125      25B7A2D4 
 125      54DFFC94 
 125      A4D262FD 
 125      82
 126 0093 FCA212FD 		.ascii	"\374\242\022\375\242\222\0220#\265,5\257$>W/\231\001"
 126      A2921230 
 126      23B52C35 
 126      AF243E57 
 126      2F9901
 127 00a6 00943436 		.ascii	"\000\22446\001"
 127      01
 128              		.text
 129              		.section	.gnu.lto_xMBMasterRunResTake.652bf52f,"",%progbits
 130 0000 789C6366 		.ascii	"x\234cf\300\004R@\374\002\210u\201\230\221\231\201\221"
 130      C0045240 
 130      FC028875 
 130      81989199 
 130      8191
 131 0012 69C23906 		.ascii	"i\3029\006\206F\016&FF\020\203\201\221\241\236\211\261"
 131      86460E26 
 131      46461083 
 131      8191A19E 
 131      89B1
 132 0024 9EF125D3 		.ascii	"\236\361%\323G&\3063;\377]fT_\332\320\320\364a\323\326"
 132      4726C633 
 132      3BFF5D66 
 132      545FDAD0 
 132      D0F461D3 
 133 0039 1BDCAD12 		.ascii	"\033\334\255\022?\231\030\030>310\352H1j\202\314a\\"
 133      3F991818 
 133      3E333130 
 133      EA48316A 
 133      82CC615C 
 134 004d CEA80E54 		.ascii	"\316\250\016T\367f\316\313\027\334\314\252\214\014@"
 134      F766CECB 
 134      17DCCCAA 
 134      8C0C40
 135 005c F6CE755F 		.ascii	"\366\316u_\316r\277`\372\311\304\250\000\342\356\232"
 135      CE72BF60 
 135      FAC9C4A8 
 135      00E2EE9A 
 136 006c 7462061B 		.ascii	"tb\006\033\210\313\304\002\342n[\337\325\300\256\272"
 136      88CBC402 
 136      E26E5BDF 
 136      D5C0AEBA 
 137 007c B8A1A1E1 		.ascii	"\270\241\241\341\300\211M\015\016,?\231\230\031W02\203"
 137      C0894D0D 
 137      0E2C3F99 
 137      98195730 
 137      3283
 138 008e CC5CC928 		.ascii	"\314\\\311(\305\270\212Q\212\001(\304\300\270\232Q\025"
 138      C5B88A51 
 138      8A0128C4 
 138      C0B89A51 
ARM GAS  C:\cygwin\tmp\ccKbYfoc.s 			page 10


 138      15
 139 009f A4FC63CB 		.ascii	"\244\374c\313\337\353\334l-@\345\002 {\201\026\256a"
 139      DFEBDC6C 
 139      2D40E502 
 139      207B8116 
 139      AE61
 140 00b1 646304D2 		.ascii	"dc\004\322\353\205\0164\374\377\277\371\332\304\025"
 140      EB850E34 
 140      FCFFBFF9 
 140      DAC415
 141 00c0 7A8C40F1 		.ascii	"z\214@\361'@\014r\375S&&\020\315|\217\261\361\300\307"
 141      27400C72 
 141      FD532626 
 141      10CD7C8F 
 141      B1F1C0C7 
 142 00d4 3646906A 		.ascii	"6F\220j\240)\027g-k\346\007\271\001\3509\306\265\214"
 142      A0291767 
 142      2D6BE607 
 142      B901E839 
 142      C6B58C
 143 00e7 20873F61 		.ascii	" \207?ab\004)\004jSr+JM\365\315OI*-\326/\310/*\321/"
 143      62042904 
 143      6A53722B 
 143      4A4DF5CD 
 143      4F492A2D 
 144 0102 2A290133 		.ascii	"*)\0013R\313R\363J\342s\365\222\0318rB2sS\375KK\000"
 144      52CB52F3 
 144      4AE273F5 
 144      92193872 
 144      42327353 
 145 011a 3FE063B4 		.ascii	"?\340c\264"
 146              		.text
 147              		.section	.gnu.lto_vMBMasterRunResRelease.652bf52f,"",%progbits
 148 0000 789C6366 		.ascii	"x\234cf\300\004R@\\\012\304*@\314\310\314\300\3104\341"
 148      C0045240 
 148      5C0AC42A 
 148      40CCC8CC 
 148      C0C834E1 
 149 0014 1C034323 		.ascii	"\034\003C#\007\023##\210\301\300\310P\317\304X\317\370"
 149      07132323 
 149      88C1C0C8 
 149      50CFC458 
 149      CFF8
 150 0026 92E92313 		.ascii	"\222\351#\023\343\204\003\253gp\253/mhh\370\320\264"
 150      E38403AB 
 150      6770AB2F 
 150      6D6868F8 
 150      D0B4
 151 0038 53A255E2 		.ascii	"S\242U\342'\023\003\303g&\2101\214\313\031\325\031\200"
 151      271303C3 
 151      67268831 
 151      8CCB19D5 
 151      1980
 152 004a 6A3EB6FC 		.ascii	"j>\266\374\275\316\315\326\002T#\000\221c\\\301\310"
 152      BDCECDD6 
 152      02542300 
 152      91635CC1 
ARM GAS  C:\cygwin\tmp\ccKbYfoc.s 			page 11


 152      C8
 153 005b C608A4D7 		.ascii	"\306\010\244\327\013\035h\370\377\377\363\223\211\035"
 153      0B1D68F8 
 153      FFFFF393 
 153      891D
 154 0069 C68C40F1 		.ascii	"\306\214@\361'@\014\262\340)\023\023\210f\276\307\310"
 154      27400CB2 
 154      E0291313 
 154      8866BEC7 
 154      C8
 155 007a 08520932 		.ascii	"\010R\0112\352\011\023#H\010\250@\311\255(5\3257?%\251"
 155      EA091323 
 155      4808A840 
 155      C9AD2835 
 155      D5373F25 
 156 008f B458BF20 		.ascii	"\264X\277 \277\250D\277\250\244\004\314H-K\315+\211"
 156      BFA844BF 
 156      A8A404CC 
 156      482D4BCD 
 156      2B89
 157 00a1 CFD54B66 		.ascii	"\317\325Kf\000\000\205\0356\003"
 157      0000851D 
 157      3603
 158              		.text
 159              		.section	.gnu.lto_vMBMasterErrorCBRespondTimeout.652bf52f,"",%progbits
 160 0000 789C6D51 		.ascii	"x\234mQKh\023Q\024}\367\275\351$\315D-\256JVb\011\365"
 160      4B681351 
 160      147DF7BD 
 160      E924CD44 
 160      2DAE4A56 
 161 0017 875DB897 		.ascii	"\207]\270\227\012\361\203(t\343Zb2\350\306\266$\023"
 161      0AF18328 
 161      74E35A62 
 161      32E8C6B6 
 161      2413
 162 0029 77A52F69 		.ascii	"w\245/iJ\324\205\226\342\242\264\266Z\212\332ZM\332"
 162      4AD48596 
 162      E2A2B4B6 
 162      5A8ADA5A 
 162      4DDA
 163 003b 5AEDC77E 		.ascii	"Z\355\307~\006\334(\376(U#\012*6\301\024\\4$`GI\343"
 163      06DC28FE 
 163      2855230A 
 163      2A36C114 
 163      5C342460 
 164 0052 7D6F4488 		.ascii	"}oD\210v\340\361\356}\367\336s\316=\303\310\377\237"
 164      76E0F1EE 
 164      7DF7DE73 
 164      CE3DC3C8 
 164      FF9F
 165 0064 07CF1425 		.ascii	"\007\317\024%\244\011o`\004h\327+B\242N\012 \002\002"
 165      A4096F60 
 165      0468D72B 
 165      42A24E0A 
 165      200202
 166 0077 A49D423B 		.ascii	"\244\235B;\254\322<\205.s\264G\253\277\3059_\213\315"
 166      ACD23C85 
ARM GAS  C:\cygwin\tmp\ccKbYfoc.s 			page 12


 166      2E73B447 
 166      ABBFC539 
 166      5F8BCD
 167 008a D776D65A 		.ascii	"\327v\326Z8V\2406\014\334\201zly;\375\354\233\203y\201"
 167      3856A036 
 167      0CDC817A 
 167      6C793BFD 
 167      EC9B8379 
 168 009f 609CEE5C 		.ascii	"`\234\356\\05\357\020\3471\363c\2227\202\205\230\303"
 168      3035EF10 
 168      E731F363 
 168      92378285 
 168      98C3
 169 00b1 C07002F6 		.ascii	"\300p\002\366y`\267\207\340\003\201\021\360bov\"\021"
 169      7960B787 
 169      E0038111 
 169      F0626F76 
 169      2211
 170 00c3 65EC809C 		.ascii	"e\354\200\234\233I\026_j9jQ\272C\244\263\335O{T\221"
 170      9B49165F 
 170      6A396A51 
 170      BA43A4B3 
 170      DD4F7B54 
 171 00d8 3245A4D7 		.ascii	"2E\244\327\276\367\025]6\352\325!\365\230E\025\270k"
 171      BEF7155D 
 171      36EAD521 
 171      F5984515 
 171      B86B
 172 00ea 838E8207 		.ascii	"\203\216\202\007\356\201\200U\010\334\227\260K\343\033"
 172      EE818055 
 172      08DC97B0 
 172      4BE31B
 173 00f9 FD2A3B28 		.ascii	"\375*;(a\237\177]/\270%l\215H{\323\331\"\223\260T\244"
 173      619F7F5D 
 173      2FB8256C 
 173      8D487BD3 
 173      D92293B0 
 174 010f 2F062713 		.ascii	"/\006'\023n\011\373e\265\343\262\233\357\262h\025$m"
 174      6E09FB65 
 174      B5E3B29B 
 174      EFB26815 
 174      246D
 175 0121 E014028F 		.ascii	"\340\024\002\217I\340*\002\343\340\025\375\371x)\255"
 175      49E02A02 
 175      E3E015FD 
 175      F97829AD 
 176 0131 A971F4A2 		.ascii	"\251q\364\242\306\366\000&@\005\274S\333M^.\257\014"
 176      C6F60026 
 176      4005BC53 
 176      DB4D5E2E 
 176      AF0C
 177 0143 CC2D2A0A 		.ascii	"\314-*\012!\031,\011\037\263\224\212\233\275\203\230"
 177      21192C09 
 177      1FB3948A 
 177      9BBD8398 
 178 0153 641F29E5 		.ascii	"d\037)\345V\\\354\270\024f\256\277\177C\353\006\005"
 178      565CECB8 
ARM GAS  C:\cygwin\tmp\ccKbYfoc.s 			page 13


 178      1466AEBF 
 178      7F43EB06 
 178      05
 179 0164 75EE89DF 		.ascii	"u\356\211\337\214\335\344\033\3452\272\245\302\203J"
 179      8CDDE41B 
 179      E532BAA5 
 179      C2834A
 180 0173 FE3F4E4F 		.ascii	"\376?NOB\035N\335H_\372\271U\350W\033\011<\304\352\007"
 180      421D4EDD 
 180      485FFAB9 
 180      55E8571B 
 180      093CC4EA 
 181 0188 88AD8DA5 		.ascii	"\210\255\215\245\366Vh3\013\011\020\375R]\201\302\277"
 181      F6566833 
 181      0B0910FD 
 181      525D81C2 
 181      BF
 182 0199 CAE111A8 		.ascii	"\312\341\021\250\2108\005*\026\006\226\257$i\333/~\221"
 182      8838052A 
 182      160696AF 
 182      2469DB2F 
 182      7E91
 183 01ab 3B2DEA28 		.ascii	";-\352(\211\245\360\365s\346\365\222S\3608d:\034\215"
 183      89A5F0F5 
 183      73E6F592 
 183      53F03864 
 183      3A1C8D
 184 01be 5F877EE8 		.ascii	"_\207~\350\213r\321\345\204ih\203\031\241\015f\361Y"
 184      8B72D1E5 
 184      84696883 
 184      19A10D66 
 184      F159
 185 01d0 58DE7BBB 		.ascii	"X\336{\273c\233\350w\342\317}l\353\352\316\247\366l"
 185      639BE877 
 185      E2CF7D6C 
 185      EBEACEA7 
 185      F66C
 186 01e2 46525D42 		.ascii	"FR]BI\025$\325\233\220\270`\016I\346%\311\202M\362w"
 186      491524D5 
 186      9B90B860 
 186      0E49E625 
 186      C9824DF2 
 187 01f7 790D975F 		.ascii	"y\015\227_\304\312'\210\232?\216\212-\205E\031\204E"
 187      C4CA2788 
 187      9A3F8E8A 
 187      2D854519 
 187      8445
 188 0209 B771839D 		.ascii	"\267q\203\235GB\272~\262%x&\022nhm\011\031\015!\303"
 188      4742BA7E 
 188      B2257826 
 188      126E686D 
 188      09190D21 
 189 021e 90817E41 		.ascii	"\220\201~Ao6N\237\337\037 [\"\001\237\0366\016\005\203"
 189      6F364E9F 
 189      DF1F205B 
 189      22019F1E 
 189      360E0583 
ARM GAS  C:\cygwin\tmp\ccKbYfoc.s 			page 14


 190 0232 213D1C76 		.ascii	"!=\034v\265F\002M\276S>\277\341\327dtBo>k\234S\365\303"
 190      B546024D 
 190      BE533EBF 
 190      E1D76474 
 190      426F3E6B 
 191 024a 62E037C3 		.ascii	"b\3407\303B\026r"
 191      421672
 192              		.text
 193              		.section	.gnu.lto_vMBMasterErrorCBReceiveData.652bf52f,"",%progbits
 194 0000 789C6D50 		.ascii	"x\234mP]HSa\030\376\336\357\314\263\271\263H\272\222"
 194      5D485361 
 194      18FEDEEF 
 194      CCB3B9B3 
 194      48BA92
 195 0013 5D4532EC 		.ascii	"]E2\354\217\204\272\217\202\025!\005\336t\035k;\324"
 195      8F84BA8F 
 195      82152105 
 195      DE741D6B 
 195      3BD4
 196 0025 4D2ADB59 		.ascii	"M*\333Yw\342\267\265aH\224H\027CS\032Ri\332\246f\371"
 196      77E2B7B5 
 196      61489448 
 196      1743531A 
 196      5269DAA6 
 197 003b 53D9B909 		.ascii	"S\331\271\011\212\376\030\245\223.2r#\203.\\\333\205"
 197      8AFE18A5 
 197      932E3272 
 197      23832E5C 
 197      DB85
 198 004d 23E67ADF 		.ascii	"#\346z\337\357\324\305\312\003\207\357\375}\236\347"
 198      EFD4C5CA 
 198      0387EFFD 
 198      7D9EE7
 199 005c 7D14F6FF 		.ascii	"}\024\366\377\347\306\177\2263\326\206/(\014x\337;\306"
 199      E7C67F96 
 199      33D6862F 
 199      280C78DF 
 199      3BC6
 200 006e 220E0E40 		.ascii	"\"\016\016@\001\003\326\315\241\033\276\363\002\207"
 200      0103D6CD 
 200      A11BBEF3 
 200      0287
 201 007c 3E733CA1 		.ascii	">s<\2415\337\021Bl\374\3144\306\033\313\270V\344\026"
 201      35DF1142 
 201      6CFCCC34 
 201      C61BCBB8 
 201      56E416
 202 008f 0CDC8366 		.ascii	"\014\334\203f\034Y\232{\365\315\256x\200a\234\215/\232"
 202      1C599A7B 
 202      F5CDAE78 
 202      80619C8D 
 202      2F9A
 203 00a1 9A674488 		.ascii	"\232gD\210\250\271\222\022\307\240\214\230\243\240\340"
 203      A8B99212 
 203      C7A08C98 
 203      A3A0E0
 204 00b0 061C74C3 		.ascii	"\006\034t\303>7\303\002\2031\360\340l~\272'\242(G\344"
ARM GAS  C:\cygwin\tmp\ccKbYfoc.s 			page 15


 204      3E37C302 
 204      8331F0E0 
 204      6C7EBA27 
 204      A22847E4 
 205 00c4 DE7CAAF4 		.ascii	"\336|\252\364V[\347e\316wS\272\320\3772\241R\252\330"
 205      565BE765 
 205      CE7753BA 
 205      D0FF32A1 
 205      52AAD8
 206 00d7 28BDF963 		.ascii	"(\275\371c\260\344\264P\257\215\250\247\312\334\006"
 206      B0E4B450 
 206      AF8DA8A7 
 206      CADC06
 207 00e6 F72DD071 		.ascii	"\367-\320qp\303\004\020\254\215\301\003\011\233\231"
 207      70C30410 
 207      AC8DC103 
 207      099B99
 208 00f5 DA1A5295 		.ascii	"\332\032R\225\243\022\366\365\327\315\242K\3026P:\220"
 208      A312F6F5 
 208      D7CDA24B 
 208      C236503A 
 208      90
 209 0106 CD971409 		.ascii	"\315\227\024\011\313)}\223\234\351qI\330/\211x\257K"
 209      CB297D93 
 209      9CE97149 
 209      D82F8978 
 209      AF4B
 210 0118 EC2DF33A 		.ascii	"\354-\363:HY\300i\004\236\224\300u\014\246\300C\363"
 210      4859C069 
 210      049E94C0 
 210      750CA6C0 
 210      43F3
 211 012a 855825AB 		.ascii	"\205X%\253\2511\364\242\301\362\000\246A\005|\323\273"
 211      A931F4A2 
 211      C1F200A6 
 211      41057CD3 
 211      BB
 212 013b 4C51ADAE 		.ascii	"LQ\255\256\015O,\331l\214\345\260E>\3469\247WY\206\250"
 212      0D4F2CD9 
 212      6C8CE5B0 
 212      453EE639 
 212      A7575986 
 213 0150 641FABAC 		.ascii	"d\037\253\254\2579\225V)\314\334\\\371\310\233\222D"
 213      AF399556 
 213      29CCDC5C 
 213      F9C89B92 
 213      44
 214 0161 7DE385CF 		.ascii	"}\343\205\317\214\336\026[\325*\272\245\302\303Z\376"
 214      8CDE165B 
 214      D52ABAA5 
 214      C2C35AFE 
 215 0171 3F4ECF40 		.ascii	"?N\317@\023n\025W\223\207I\276*\320\304G\330\375\004"
 215      136E1557 
 215      938749BE 
 215      2AD0C447 
 215      D8FD04
 216 0184 D18DC9F4 		.ascii	"\321\215\311\364\201\032mf\246\027h^\252+r\370W9<\006"
ARM GAS  C:\cygwin\tmp\ccKbYfoc.s 			page 16


 216      811A6D66 
 216      A617685E 
 216      AA2B72F8 
 216      57393C06 
 217 0198 15116741 		.ascii	"\025\021gA\305\306\360\207\353)\336\365K\\\025\2162"
 217      C5C6F087 
 217      EB29DEF5 
 217      4B5C158E 
 217      32
 218 01a9 B757E828 		.ascii	"\267W\350(\254\256\346\336g\034Dd\227\351h$v\013\206"
 218      ACAEE6DE 
 218      671C4464 
 218      97E96824 
 218      760B86
 219 01bc 60302268 		.ascii	"`0\"h\312\001s\320\005\363\244\015\026\260L\226\017"
 219      CA0173D0 
 219      05F3A40D 
 219      16B04C96 
 219      0F
 220 01cd DCBDB293 		.ascii	"\334\275\262\223\346\035\250\353\211\245\253\277\220"
 220      E61DA8EB 
 220      89A5ABBF 
 220      90
 221 01da DEBF1D49 		.ascii	"\336\277\035I}\005%\325\220\324oC\342\204\247H\362L"
 221      7D0525D5 
 221      90D46F43 
 221      E284A748 
 221      F24C
 222 01ec 922C5A24 		.ascii	"\222,Z$\177\217\327\350\370\347\330\371\014\021s\251"
 222      7F8FD7E8 
 222      F8E7D8F9 
 222      0C1173A9 
 223 01fc 95AE248B 		.ascii	"\225\256$\213r\010\213n\343\005{N\006u\375LG\340|8\324"
 223      72088B6E 
 223      E3057B4E 
 223      0675FD4C 
 223      47E07C38 
 224 0211 D2D91134 		.ascii	"\322\331\0214Z\202\206!\003\375\262\336n\234\273t\310"
 224      5A828621 
 224      03FDB2DE 
 224      6E9CBB74 
 224      C8
 225 0222 CF7684FD 		.ascii	"\317v\204\375^=d\034\017\004\202z(\344\354\014\373\333"
 225      5E3D641C 
 225      0F04827A 
 225      28E4EC0C 
 225      FBDB
 226 0234 BC67BD3E 		.ascii	"\274g\275>\303\247\311\350\264\336~\301\270\250\352"
 226      C3A7C9E8 
 226      B4DE7EC1 
 226      B8A8EA
 227 0243 2768E137 		.ascii	"'h\3417\242a\025\320"
 227      A26115D0 
 228              		.text
 229              		.section	.gnu.lto_vMBMasterErrorCBExecuteFunction.652bf52f,"",%progbits
 230 0000 789C6D51 		.ascii	"x\234mQKh\023A\030\236\177&\335\244\331\210\305S\311"
 230      4B681341 
ARM GAS  C:\cygwin\tmp\ccKbYfoc.s 			page 17


 230      189E7F26 
 230      DDA4D988 
 230      C553C9
 231 0013 492CA1BE 		.ascii	"I,\241\276\260\007\357E!\212\370\200^<KL\026\275\330"
 231      B007EF45 
 231      218AF880 
 231      5E3C4B4C 
 231      16BDD8
 232 0026 9664E3AD 		.ascii	"\226d\343\255t\022\023*\012R\212\207\330\227\226\242"
 232      7412132A 
 232      0A528A87 
 232      D89796A2 
 233 0036 B65693BE 		.ascii	"\266V\223\276\324\264j\272\027A\321*\305G\304\026\225"
 233      D4B46ABA 
 233      1741D12A 
 233      C547C416 
 233      95
 234 0047 34C10A1E 		.ascii	"4\301\012\036\032\222C\027I\343?\263\"D\2730\314\377"
 234      1A924317 
 234      49E33FB3 
 234      2244BB30 
 234      CCFF
 235 0059 FCBE6FBE 		.ascii	"\374\276o\276e\344\377\317\215'M\011i\303\033\030\001"
 235      65E4FFCF 
 235      8D274D09 
 235      69C31B18 
 235      01
 236 006a DAFB8690 		.ascii	"\332\373\206\220\210\203\002\210\200\000\351\246\320"
 236      88830288 
 236      8000E9A6 
 236      D0
 237 0077 0D3F6891 		.ascii	"\015?h\221B\2571\221P\233os\316\327s\331\306x\243\211"
 237      42AF3191 
 237      509B6F73 
 237      CED773D9 
 237      C678A389 
 238 008b 6B256AC1 		.ascii	"k%j\301\300]h\306\221\017\351\227\337\355\314\003\004"
 238      C05D68C6 
 238      910FE997 
 238      DFEDCC03 
 238      04
 239 009c E36C3C63 		.ascii	"\343l<c\250\236Q\316\243\306J\222\037\002\0231\307\200"
 239      A89E51CE 
 239      A3C64A92 
 239      1F021331 
 239      C780
 240 00ae E106EC77 		.ascii	"\341\006\354w\303\0367\301\002\201q\360\340la\272'\302"
 240      C31E37C1 
 240      028171F0 
 240      E06C61BA 
 240      27C2
 241 00c0 D841B937 		.ascii	"\330A\2717\227,/\252k\324\244t\247H\347\373^$\024\221"
 241      972C2FAA 
 241      6BD4A474 
 241      A748E7FB 
 241      5E241491 
 242 00d4 329B48AF 		.ascii	"2\233H\257\377\034(;-\324\304\250r\314\2446\270g\201"
ARM GAS  C:\cygwin\tmp\ccKbYfoc.s 			page 18


 242      FF1C283B 
 242      2DD4C4A8 
 242      72CCA436 
 242      B86781
 243 00e7 4E801BEE 		.ascii	"N\200\033\356\203\200\265\021x a\227\2466\207\024\326"
 243      8380B511 
 243      78206197 
 243      A6368714 
 243      D6
 244 00f8 2A615FE5 		.ascii	"*a_\3456J.\011\333 \322\376l\241\314$,\025\351\353\221"
 244      364A2E09 
 244      DB20D2FE 
 244      6CA1CC24 
 244      2C15E9EB 
 245 010d D91E9784 		.ascii	"\331\036\227\204\375\266\020\277\342\342\273MZ\007I"
 245      FDB610BF 
 245      E2E2BB4D 
 245      5A0749
 246 011c 0B3885C0 		.ascii	"\0138\205\300\223\022\270\216\300\024x\304|1V\311\252"
 246      9312B88E 
 246      C01478C4 
 246      7C3156C9 
 246      AA
 247 012d 4A0CBD68 		.ascii	"J\014\275h\260<\200iP\000\357\324\016\203W\253\253\303"
 247      B03C8069 
 247      5000EFD4 
 247      0E8357AB 
 247      ABC3
 248 013f 83CB361B 		.ascii	"\203\3136\033!yl\011\037\013\224\212\233}\204\250d\037"
 248      21796C09 
 248      1F0B948A 
 248      9B7D84A8 
 248      641F
 249 0151 AFACAD3A 		.ascii	"\257\254\255:\331q)\314\330\370\364\2366\215\010\352"
 249      D97129CC 
 249      D8F8F49E 
 249      368D08EA 
 250 0161 CC739F11 		.ascii	"\314s\237\021\275\3057\253UtK\201\231Z\376?N\317B\023"
 250      BDC537AB 
 250      55744B81 
 250      995AFE3F 
 250      4ECF4213 
 251 0175 6E2DE716 		.ascii	"n-\347\026oP\241_\3418\362\020\333\237!\272>\231\332"
 251      6F50A15F 
 251      E138F210 
 251      DB9F21BA 
 251      3E99DA
 252 0188 5723CEB8 		.ascii	"W#\316\270y\025\304\202\224W\242\360\257tx\004\012B"
 252      7915C482 
 252      9457A2F0 
 252      AF747804 
 252      0A42
 253 019a 3E06051B 		.ascii	">\006\005\033\303\357\256%i\327/~\231;Lj\257\210Wa\365"
 253      C3EFAE25 
 253      69D72F7E 
 253      993B4C6A 
 253      AF885761 
ARM GAS  C:\cygwin\tmp\ccKbYfoc.s 			page 19


 254 01af 6BFEED92 		.ascii	"k\376\355\222C\020\331e:\026\211\015\302\020\014D\270"
 254      4310D965 
 254      3A16890D 
 254      C2100C44 
 254      B8
 255 01c0 9872401A 		.ascii	"\230r@\032\272`N\210\203y,\013\317\373\357\\\332.\346"
 255      BA604E88 
 255      83792C0B 
 255      CFFBEF5C 
 255      DA2EE6
 256 01d3 1DF8779F 		.ascii	"\035\370w\237X\272\372\212\251\275[\221\324WPR\015I"
 256      58BAFA8A 
 256      A9BD5B91 
 256      D4575052 
 256      0D49
 257 01e5 FD16244E 		.ascii	"\375\026$Nx\212$\317$I\306\"\371;\257bm\001;_ b\314"
 257      788A24CF 
 257      2449C622 
 257      F93BAF62 
 257      6D013B5F 
 258 01fc 9C10AF14 		.ascii	"\234\020\257\024\036\345\021\026\355\306\027\354:\032"
 258      1EE51116 
 258      EDC617EC 
 258      3A1A
 259 020a D4B4531D 		.ascii	"\324\264S\035\201\263\341PKgGPo\011\352\272\014\264"
 259      81B3E150 
 259      4B674750 
 259      6F09EABA 
 259      0CB4
 260 021c 8B5ABB7E 		.ascii	"\213Z\273~\346\302\001?\331\026\366{\265\220~8\020\010"
 260      E6C2013F 
 260      D916F67B 
 260      B5907E38 
 260      1008
 261 022e 6AA190B3 		.ascii	"j\241\220\2633\354o\363\236\366\372t\237*\243\223Z\373"
 261      33EC6FF3 
 261      9EF6FA74 
 261      9F2AA393 
 261      5AFB
 262 0240 39FDBCA2 		.ascii	"9\375\274\242\035\021\013\277\001_\361\026\227"
 262      1D110BBF 
 262      015FF116 
 262      97
 263              		.text
 264              		.section	.gnu.lto_vMBMasterCBRequestScuuess.652bf52f,"",%progbits
 265 0000 789C6D51 		.ascii	"x\234mQ[+Da\024\335\353;\343\230\214\"O\232'\221\224"
 265      5B2B4461 
 265      14DDEB3B 
 265      E3988C22 
 265      4F9A2791 
 266 0015 297E052F 		.ascii	")~\005/\362\033\344r\036\031\215\341m\232o\306(%\222"
 266      F21BE472 
 266      1E198DE1 
 266      6D9A6FC6 
 266      282592
 267 0028 27B94572 		.ascii	"'\271Erg\306\335\213\207\363\342I\321DF\312}\024\017"
 267      67C6DD8B 
ARM GAS  C:\cygwin\tmp\ccKbYfoc.s 			page 20


 267      87F3E249 
 267      D14446CA 
 267      7D140F
 268 003b CA34C4A4 		.ascii	"\3124\304\2441\366wF\312\345\324\351\333\373[k\257\265"
 268      31F67746 
 268      CAE5D4E9 
 268      DBFB5B6B 
 268      AFB5
 269 004d D7391AFD 		.ascii	"\3279\032\375}\234\374>\202\310\305'4\202\030< \012"
 269      7D9CFC3E 
 269      82C8C527 
 269      3482183C 
 269      200A
 270 005f D805A00A 		.ascii	"\330\005\240\012\002\371\005\374x\020\011\201Asi\330"
 270      02F905FC 
 270      78100981 
 270      417369D8 
 271 006f 513123A5 		.ascii	"Q1#\245|\032:/\356)N\011\242\244\310\312`\016\025\304"
 271      7C1A3A2F 
 271      EE294E09 
 271      A2A4C8CA 
 271      600E15C4 
 272 0083 9C44281D 		.ascii	"\234D(\035s\350!\346\024f1\314Cgy\212\024\2312\223\231"
 272      73E821E6 
 272      146631CC 
 272      4367798A 
 272      14993293 
 273 0098 5EDEBDB4 		.ascii	"^\336\275\264\331\210\342\014)\375;!\324\251\235 X\250"
 273      D988E20C 
 273      29FD3B21 
 273      D4A99D20 
 273      58A8
 274 00aa C617D2F7 		.ascii	"\306\027\322\367\267yZ9T\275\177\363\226\314\277\027"
 274      B7795A39 
 274      54BD7FF3 
 274      96CCBF17 
 275 00ba 29010B1A 		.ascii	")\001\013\032\211\335=k\252\345\021n\315\267\323cQ6"
 275      89DD3D6B 
 275      AAE5116E 
 275      CDB7D363 
 275      5136
 276 00cc 2565F0EA 		.ascii	"%e\360\352a\257\321\014N\312\217L\006)\241a\001\032"
 276      61AFD10C 
 276      4ECA8F4C 
 276      0629A161 
 276      011A
 277 00de 3B63114E 		.ascii	";c\021N,\301\371\025\023\313(\343\251\353\376\227\015"
 277      2CC1F915 
 277      13CB28E3 
 277      A9EBFE97 
 277      0D
 278 00ef 2811AD84 		.ascii	"(\021\255\204\260\302\350\031\202O\253\021\327\217\315"
 278      B0C2E819 
 278      824FAB11 
 278      D78FCD
 279 00fe CD641F14 		.ascii	"\315d\037\024\337\332=)\360;\027\302\320Y1\002\235\201"
 279      DFDA3D29 
ARM GAS  C:\cygwin\tmp\ccKbYfoc.s 			page 21


 279      F03B17C2 
 279      D0593102 
 279      9D81
 280 0110 89A381B0 		.ascii	"\211\243\201\260\360\275\313^iO\011[ZE\346\333\313\370"
 280      F0BDCB5E 
 280      694F095B 
 280      5A45E6DB 
 280      CBF8
 281 0122 61D4AE7C 		.ascii	"a\324\256|lV;\037\010\215a\034\243\001\251X9X\205\017"
 281      6C563B1F 
 281      088D611C 
 281      A301A958 
 281      3958850F 
 282 0136 6B6A37AC 		.ascii	"kj7\254\3635\023\242#\263\335\005\212\237\003\302Fv"
 282      F33513A2 
 282      23B3DD05 
 282      8A9F03C2 
 282      4676
 283 0148 AFA144A4 		.ascii	"\257\241D\244\362?\023=\315+\3750\321\3771\311\305&"
 283      F23F133D 
 283      CD2BFD30 
 283      D1FF31C9 
 283      C526
 284 015a 9B6C5926 		.ascii	"\233lY&\333Y\223\357\360v\016\277\303\310\005\002\346"
 284      DB5993EF 
 284      F0760EBF 
 284      C3C80502 
 284      E6
 285 016b 6B9D4AA9 		.ascii	"k\235J\251>Q\234e\371_p\202\322Z\217a\324\273[\232:"
 285      3E519C65 
 285      F95F7082 
 285      D25A8F61 
 285      D4BB5B9A 
 286 0180 3BAADBDD 		.ascii	";\252\333\335\036o\265\307\353\265\012\243\313h\363"
 286      1E6FB5C7 
 286      EBB50AA3 
 286      CB68F3
 287 018f 36B45635 		.ascii	"6\264V5\223n\324\250\372\023_\232\303\337"
 287      936ED4A8 
 287      FA135F9A 
 287      C3DF
 288              		.text
 289              		.section	.gnu.lto_eMBMasterWaitRequestFinish.652bf52f,"",%progbits
 290 0000 789C7554 		.ascii	"x\234uT\357O[e\024>\347\275?i\033$.1\221\017\323HL\263"
 290      EF4F5B65 
 290      143EE7BD 
 290      3F691B24 
 290      2E31910F 
 291 0018 C488F1B3 		.ascii	"\304\210\361\263\211&f\306/~0\376\001n\216\373M7\322"
 291      892666C6 
 291      2F7E30FE 
 291      016E8EFB 
 291      4D37D2
 292 002b 95C52F64 		.ascii	"\225\305/d\267\320e\350F\231s\011\310T\334\302FA\006"
 292      B7D065E8 
 292      46997309 
 292      C854DCC2 
ARM GAS  C:\cygwin\tmp\ccKbYfoc.s 			page 22


 292      464106
 293 003e 9B0C1C8C 		.ascii	"\233\014\034\214\316\316\241\240\374J\235\0037# \016"
 293      CECEA1A0 
 293      FC4A9D03 
 293      3723200E 
 294 004e 33FD04B6 		.ascii	"3\375\004\266\206uR\3529\357{\013\005g\223\276\367\375"
 294      867552EA 
 294      39EF7B0B 
 294      056793BE 
 294      F7FD
 295 0060 719E739E 		.ascii	"q\236s\236\3479\357\275\032\374\367\3676\375S\006\300"
 295      E739EFBD 
 295      1AFCF7F7 
 295      36FD5306 
 295      C0
 296 0071 EBF4C412 		.ascii	"\353\364\304\022@qb\012 b\013\2415\004\301\365\351<"
 296      4071620A 
 296      20620BA1 
 296      3504C1F5 
 296      E93C
 297 0083 0634D4D5 		.ascii	"\0064\324\325\266\256\333#;\300\265-9\032r4\325\034"
 297      B6AEDB23 
 297      3BC0B52D 
 297      391A7234 
 297      D51C
 298 0095 6D156216 		.ascii	"m\025b\026&Vab#\362\004\020\016\013M7L\313\306\303\370"
 298      26566162 
 298      23F20410 
 298      0E0B4D37 
 298      4CCBC6C3 
 299 00aa 87581138 		.ascii	"\207X\02181\270~\023\203\347\\\267nyq\34526\237\332"
 299      31B87E13 
 299      83E75CB7 
 299      6E7971E5 
 299      32369FDA 
 300 00be 93150069 		.ascii	"\223\025\000i\001\370L9\356*gL\007\006\201\"\033\257"
 300      01F84C39 
 300      EE2A674C 
 300      07068122 
 300      1BAF
 301 00d0 FF358FDA 		.ascii	"\3775\217\332\323\310\363\231\346;\017\364\2123\204"
 301      D3C8F399 
 301      E63B0FF4 
 301      8A3384
 302 00df 5A683A3A 		.ascii	"Zh::\355w[\334\350B>\377\004A1\216Z1\232\177\004\210"
 302      ED775BDC 
 302      E8423EFF 
 302      0441318E 
 302      5A319A7F 
 303 00f5 C58FFD28 		.ascii	"\305\217\375(\264\347$x|\361~:pOd\005\226\361\262uv"
 303      B4E72478 
 303      7CF17E3A 
 303      704F6405 
 303      96F1B275 
 304 010a 29A3F152 		.ascii	")\243\361R\010^\272k\347\272L\225\272\345h,\340\306"
 304      085EBA6B 
 304      E7BA4C95 
ARM GAS  C:\cygwin\tmp\ccKbYfoc.s 			page 23


 304      BAE5682C 
 304      E0C6
 305 011c 0BA935EC 		.ascii	"\013\2515\354R\251?\307r\354\306\242\344+\321\334\254"
 305      52A93FC7 
 305      72ECC6A2 
 305      E42BD1DC 
 305      AC
 306 012d DF8CBAAE 		.ascii	"\337\214\272\256[\206\235X\201\027\260\202\025\020\365"
 306      5B869D58 
 306      8117B082 
 306      1510F5
 307 013c 1E341140 		.ascii	"\0364\021@\024v{\037M\272\371|\337h}SpX\370\020x_\007"
 307      14767B1F 
 307      4DBAF97C 
 307      DF687D53 
 307      7058F810 
 308 0153 3E31202B 		.ascii	">1 +t\223\006\303\242\301$\2778\011\334\245,l\334\022"
 308      749306C3 
 308      A2C124BF 
 308      3809DCA5 
 308      2C6CDC12 
 309 0167 71A3A736 		.ascii	"q\243\2476\203u\311\266\330N\231\227\260T{\376\356t"
 309      8375C9B6 
 309      D84E9997 
 309      B0547BFE 
 309      EE74
 310 0179 CA66F65C 		.ascii	"\312f\366\\\256\227X\315\240\340c:\352\314\335\373\315"
 310      AE9758CD 
 310      A0E0633A 
 310      EACCDDFB 
 310      CD
 311 018a A7BD2035 		.ascii	"\247\275 5\017\366d&\375R\363\223\274\034:9\326bJ\315"
 311      0FF66426 
 311      FD52F393 
 311      BC1C3A39 
 311      D6624ACD 
 312 019e 3A2FFF3C 		.ascii	":/\377<\025;b)\315\261\216\361\200;V\320l\341E\245\371"
 312      153B6229 
 312      CDB18EF1 
 312      803B56D0 
 312      6CE145A5 
 313 01b3 1269FE62 		.ascii	"\022i\376bC3\366\311\332\215\353\243\315z\355?\244{"
 313      4333F6C9 
 313      DA8DEBA3 
 313      CD7AED3F 
 313      A47B
 314 01c5 A1B50339 		.ascii	"\241\265\0039\232Hsq\300\313X\013L\366\227~\244\300"
 314      9A487371 
 314      C0CB580B 
 314      4CF6977E 
 314      A4C0
 315 01d7 BE2BED1F 		.ascii	"\276+\355\037\006\264\227\025\223k\357\237U\265\334"
 315      06B49715 
 315      936BEF9F 
 315      55B5DC
 316 01e6 66774F43 		.ascii	"fwOC2\237\1771+l\354\177h\3336\235M\366O\011.+=M\013"
 316      329F7F31 
ARM GAS  C:\cygwin\tmp\ccKbYfoc.s 			page 24


 316      2B6CEC7F 
 316      68DB369D 
 316      4DF64F09 
 317 01ff DCEEFB00 		.ascii	"\334\356\373\000\037}I\245\001\257\2209\003[\315\261"
 317      1F7D49A5 
 317      01AF9039 
 317      035BCDB1 
 318 020f 697B90E8 		.ascii	"i{\220\350\337\301\272\223\227\206\037\347\220UaP\304"
 318      DFC1BA93 
 318      97861FE7 
 318      90556150 
 318      C4
 319 0220 A737633D 		.ascii	"\2477c=\202$4\270vV\224\344\204*\273\201+\221\313x$"
 319      822434B8 
 319      765694E4 
 319      842ABB81 
 319      2B91CB78 
 320 0235 FA317E82 		.ascii	"\3721~\202\247#.G\3318\204\265x\225\315\300a\332\206"
 320      A7232E47 
 320      D93884B5 
 320      7895CDC0 
 320      61DA86
 321 0248 5B18BD5D 		.ascii	"[\030\275]\277s3g\344\374\325\343\026\243u\212Hx\246"
 321      BF733367 
 321      E4FCD5E3 
 321      16A3758A 
 321      4878A6
 322 025b 2D090D1A 		.ascii	"-\011\015\032\202\232$\220\330\245\202\315\355\004|"
 322      829A2490 
 322      D8A582CD 
 322      ED047C
 323 026a 3912B685 		.ascii	"9\022\266\205\200\357!\004\374x\215\010|%\011$\231\000"
 323      80EF2104 
 323      FC788D08 
 323      7C250924 
 323      9900
 324 027c 259DB354 		.ascii	"%\235\263TJ\213\262\312+\300&P7h\207\217\227\227\023"
 324      4A8BB2CA 
 324      2BC02650 
 324      3768878F 
 324      979713
 325 028f 95BCF5BF 		.ascii	"\225\274\365\277\212\267K\274\276!\361k\332\226\336"
 325      8AB74BBC 
 325      BE21F16B 
 325      DA96DE
 326 029e 713BB3BF 		.ascii	"q;\263\277b\221\275\251\326\363\365\217H{\351*\337\220"
 326      6291BDA9 
 326      D6F3F58F 
 326      487BE92A 
 326      DF90
 327 02b0 429748B4 		.ascii	"B\227H\264wQ\313@\021\320A-\270Cp\033\217$\007\247\344"
 327      7751CB40 
 327      11D0412D 
 327      B843701B 
 327      8F2407A7 
 328 02c5 0DA513CA 		.ascii	"\015\245\023\312\361\303\332Z\034\233\2601\022\345\302"
 328      F1C3DA5A 
ARM GAS  C:\cygwin\tmp\ccKbYfoc.s 			page 25


 328      1C9BB031 
 328      12E5C2
 329 02d4 01808C90 		.ascii	"\001\200\214\220Wy\2046\351\270m\366\275\007\245\\\302"
 329      57798436 
 329      E9B86DF6 
 329      BD07A55C 
 329      C2
 330 02e5 7C896976 		.ascii	"|\211iv\015$\316\032*\372\263\270E\361\370\015\225\315"
 330      0D24CE1A 
 330      2AFAB3B8 
 330      45F1F80D 
 330      95CD
 331 02f7 90B704F9 		.ascii	"\220\267\004\371VA\322\363g\236\227\010W^\222\343\307"
 331      5641D2F3 
 331      679E9708 
 331      575E92E3 
 331      C7
 332 0308 4EF7DB1E 		.ascii	"N\367\333\036\344\202\204\214J\210\316\2201\005\371"
 332      E482848C 
 332      4A88CE90 
 332      3105F9
 333 0317 7971F223 		.ascii	"yq\362#\2410\362\0330y\242;\347\3630C\022\363\235\304"
 333      A130F21B 
 333      3079A23B 
 333      E7F33043 
 333      12F39DC4 
 334 032b 188CF99E 		.ascii	"\030\214\371\2360\000\277\243\276*l\201d\260\326\335"
 334      3000BFA3 
 334      BE2A6C81 
 334      64B0D6DD 
 335 033b EB23E106 		.ascii	"\353#\341\006\214\354\320~\302H\031\213cJl\330\255\330"
 335      8CECD07E 
 335      C248198B 
 335      634A6CD8 
 335      ADD8
 336 034d 63452F6B 		.ascii	"cE/k{j>%?5@o\375\270g\230\271\025'\355J\316\225\026"
 336      7B6A3E25 
 336      3F35406F 
 336      FDB86798 
 336      B91527ED 
 337 0365 C17ADBFE 		.ascii	"\301z\333\376^G\011\323\000'<\230\265\025fH\330\375"
 337      5E4709D3 
 337      00273C98 
 337      B5156648 
 337      D8FD
 338 0377 62587A3D 		.ascii	"bXz=\235\220\252\200^\310I\017f\313\366l\342\204\327"
 338      9D90AA80 
 338      5EC8490F 
 338      66CBF66C 
 338      E284D7
 339 038a 9D4E6E15 		.ascii	"\235Nn\025\302\034F\222\037L{\375\2212\221\277*\372"
 339      C21C4692 
 339      1F4C7BFD 
 339      913291BF 
 339      2AFA
 340 039c DACA3272 		.ascii	"\332\3122r\016kb\365\"2u\243\275\206\251\230\231\032"
 340      0E6B62F5 
ARM GAS  C:\cygwin\tmp\ccKbYfoc.s 			page 26


 340      223275A3 
 340      BD86A998 
 340      991A
 341 03ae FA482127 		.ascii	"\372H!'\245\266=\365J\310q^;P\365V\315\301\312\352\003"
 341      A5B63DF5 
 341      4AC8715E 
 341      3B50F556 
 341      CDC1CAEA 
 342 03c3 A1706528 		.ascii	"\241pe(\034\226\023\347\220\263?\374\346;\317\356\003"
 342      1C9613E7 
 342      90B33FFC 
 342      E63BCFEE 
 342      03
 343 03d4 9FB33B14 		.ascii	"\237\263;\024z#\2747\\s\320\037r\366\035r\252v\363\231"
 343      7A23BC37 
 343      5C73D01F 
 343      72F61D72 
 343      AA76F399 
 344 03e8 E9C847E9 		.ascii	"\351\310G\351\273\362\361\352\336\352jg\277S\365/\007"
 344      BBF2F1EA 
 344      DEEA6A67 
 344      BF53F52F 
 344      07
 345 03f9 D220AC   		.ascii	"\322 \254"
 346              		.text
 347              		.section	.gnu.lto_.symbol_nodes.652bf52f,"",%progbits
 348 0000 789C55C9 		.ascii	"x\234U\311I\022\202@\024\004\321\352\304V\364\322%\016"
 348      49128240 
 348      1404D1EA 
 348      C456F4D2 
 348      250E
 349 0012 20C3C213 		.ascii	" \303\302\023\030}!<\223\006\301\242\177._6\222V\355"
 349      187D213C 
 349      9306C1A2 
 349      7F2E5F36 
 349      9256ED
 350 0025 71C3D2FB 		.ascii	"q\303\322\373+\331\372\224V\271C\0057\334q\012\343J"
 350      2BD9FA94 
 350      56B94305 
 350      37DC710A 
 350      E34A
 351 0037 DAC60353 		.ascii	"\332\306\003S\017\236\177\015\320\343C\200\001\347\000"
 351      0F9E7F0D 
 351      D0E34380 
 351      01E700
 352 0046 2F7C0C30 		.ascii	"/|\0140\342S\200\011\267\001f|\016\260\340K\015\372"
 352      E2538009 
 352      B701667C 
 352      0EB0E04B 
 352      0DFA
 353 0058 01646937 		.ascii	"\001di7\304"
 353      C4
 354              		.text
 355              		.section	.gnu.lto_.refs.652bf52f,"",%progbits
 356 0000 789C2DC8 		.ascii	"x\234-\310\301\015\2000\020\003A\257}\002BR\026\375"
 356      C10D8030 
 356      100341AF 
ARM GAS  C:\cygwin\tmp\ccKbYfoc.s 			page 27


 356      7D024252 
 356      16FD
 357 0012 D7C44989 		.ascii	"\327\304I\211\037\036i#\351\323\036\002\354>\222\224"
 357      1F1E6923 
 357      E9D31E02 
 357      EC3E9294 
 358 0022 B05270FB 		.ascii	"\260Rp\373\351\334\311\343\370\036\3476K\224r\301\320"
 358      E9DCC9E3 
 358      F81EE736 
 358      4B9472C1 
 358      D0
 359 0033 0F29DC00 		.ascii	"\017)\334\000\366"
 359      F6
 360              		.text
 361              		.section	.gnu.lto_.decls.652bf52f,"",%progbits
 362 0000 789CA558 		.ascii	"x\234\245XkPTG\026\276}{\030\206\341\225'\272\354\326"
 362      6B505447 
 362      16BE7D7B 
 362      1886E195 
 362      27BAECD6 
 363 0014 06D75DAB 		.ascii	"\006\327]\253R\033\363\332d7\233}D\304\321\350\312#"
 363      521BF3DA 
 363      64379B7D 
 363      44C4D1E8 
 363      CA23
 364 0026 03249B8A 		.ascii	"\003$\233\212US\004n\"\265\012.\014&\373ck/\"\240QQ"
 364      5553046E 
 364      22B50A2E 
 364      0C26FB63 
 364      6B2F22A0 
 365 003c 51C24B05 		.ascii	"Q\302K\005\002\004E\345%\010\002\"\006#\250\370B\015"
 365      020445E5 
 365      25080222 
 365      0623A8F8 
 365      420D
 366 004e A2222308 		.ascii	"\242\"#\010D!\212\274\004\203\316\236\356\276w\346\016"
 366      44218ABC 
 366      0483CE9E 
 366      EEBE77E6 
 366      0E
 367 005f 0EF8C3A9 		.ascii	"\016\370\303\251j\356=_\237\363\365\351>_\367m\305\034"
 367      6AEE3D5F 
 367      9FF3F5E9 
 367      3E5FF76D 
 367      C51C
 368 0071 C7A5618E 		.ascii	"\307\245a\2163\303o\360\031\216\013Qq\234\013`\001\234"
 368      33C36FF0 
 368      198E0B51 
 368      719C0B60 
 368      019C
 369 0083 F5E70CAD 		.ascii	"\365\347\014\255\022\332uh]\320z\240\215@\273O\372\020"
 369      12DA7568 
 369      5DD07AA0 
 369      8D40BB4F 
 369      FA10
 370 0095 C7B94273 		.ascii	"\307\271Bs\207\366,\264\227\241\361\200\377\036\236"
 370      87F62CB4 
ARM GAS  C:\cygwin\tmp\ccKbYfoc.s 			page 28


 370      97A1F180 
 370      FF1E9E
 371 00a4 EF22CEE6 		.ascii	"\357\"\316\346G8H_)\264\277H}H\302\221\024\243\374\221"
 371      4738485F 
 371      29B4BF48 
 371      7D48C291 
 371      14A3FC91 
 372 00b8 F13492BF 		.ascii	"\3614\222\277\033\307\362j\203\3666b\361\177\205\366"
 372      1BC7F26A 
 372      83F63662 
 372      F17F85F6 
 373 00c8 2705CF75 		.ascii	"'\005\317un\352\261\273\244y(\271:\240yH|\255\234-g"
 373      6EEAB1BB 
 373      A47928B9 
 373      3AA07948 
 373      7CAD9C2D 
 374 00dd 1B67E5ED 		.ascii	"\033g\345\355\232\206\267G\362\011P\370\367p\217\377"
 374      9A86B747 
 374      F20950F8 
 374      F7708FFF 
 375 00ed C87AA926 		.ascii	"\310z\251&\215\177O\0213b'\346\276\035\356\373v\374"
 375      8D7F4F11 
 375      336227E6 
 375      BE1DEEFB 
 375      76FC
 376 00ff 480DE49A 		.ascii	"H\015\344\232\215+\370'\2409Hs!s#c\313\363{[\232\007"
 376      8D2BF827 
 376      A0394873 
 376      21732363 
 376      CBF37B5B 
 377 0115 2FC54FB7 		.ascii	"/\305O\267v\256O\311\357\372\004~\367\247\344w\177\002"
 377      76AE4FC9 
 377      EFFA047E 
 377      F7A7E477 
 377      7F02
 378 0127 3FD1A593 		.ascii	"?\321\245\223\304\257\324\321t\234\317>\201\223\350"
 378      C4AFD4D1 
 378      749CCF3E 
 378      8193E8
 379 0136 DC159E73 		.ascii	"\334\025\236s\220-\247ROD_\262\326\3451\344Z\362\022"
 379      902DA752 
 379      4F445FB2 
 379      D6E531E4 
 379      5AF212
 380 0149 07D1965A 		.ascii	"\007\321\226Z1\306\337\240\375\035\332{\320\346M\032"
 380      31C6DFA0 
 380      FD1DDA7B 
 380      D0E64D1A 
 381 0159 F31E8FDA 		.ascii	"\363\036\217\332\007\037\235u\302<\"\357\271i7.j_)\024"
 381      071F9D75 
 381      C23C22EF 
 381      B969372E 
 381      6A5F2914 
 382 016d 45719D58 		.ascii	"Eq\235X\377\216\325'\365\374\345J\025v\243>_]\335\323"
 382      FF8ED527 
 382      F5FCE54A 
 382      1576A33E 
ARM GAS  C:\cygwin\tmp\ccKbYfoc.s 			page 29


 382      5F5DDDD3 
 383 0181 EC883DE8 		.ascii	"\354\210=\350{\354\2675\033\035\177\344\221\207\226"
 383      7BECB735 
 383      1B1D7FE4 
 383      918796
 384 0190 BA259DCA 		.ascii	"\272%\235\3128\212\251i&\335|r\327p>B\3329\353Dq\215"
 384      388AA969 
 384      26DD7C72 
 384      D7703E42 
 384      DA39EB44 
 385 01a6 38902CE2 		.ascii	"8\220,\342\231\034z\305\023\275\354\311\241\"4\007\334"
 385      991C7AC5 
 385      13BDECC9 
 385      A1223407 
 385      DC
 386 01b7 D06EF40A 		.ascii	"\320n\364\012\207\366\"O\264\017yry0\356@\323\003\023"
 386      87F6224F 
 386      B40F7972 
 386      7930EE40 
 386      D30313
 387 01ca 124515DA 		.ascii	"\022E\025\332\217\264\250\020a\352\001:%#\260dxSk\376"
 387      8FB4A810 
 387      61EA013A 
 387      2523B064 
 387      78536BFE 
 388 01de 07F6494B 		.ascii	"\007\366IK\246\"\235\310=\365\"!-\006\322=VR\030\303"
 388      A6229DC8 
 388      3DF52221 
 388      2D06D23D 
 388      565218C3 
 389 01f2 C25A3298 		.ascii	"\302Z2\230\225\340`\237\266l*\332\264\336\037^ \264"
 389      95E0609F 
 389      B66C2ADA 
 389      B4DE1F5E 
 389      20B4
 390 0204 A5405B60 		.ascii	"\245@[`\245-\266\322\242CE\303\247\235aI\334\264^\304"
 390      A52DB6D2 
 390      A24345C3 
 390      A79D6149 
 390      DCB45EC4 
 391 0218 AC4E6E4A 		.ascii	"\254NnJS\203\351\242U\021\2634\276\177/\236\221\002"
 391      5383E9A2 
 391      5511B334 
 391      BE7F2F9E 
 391      9102
 392 022a 5CE29638 		.ascii	"\\\342\2268\361\031\306t\000\206(\207!8T\201f\300\337"
 392      F119C674 
 392      00862887 
 392      21385481 
 392      66C0DF
 393 023d 4F548C6A 		.ascii	"OT\214j0ak\217\012\233\020]\371\321\330\3148\215\327"
 393      30616B8F 
 393      0A9B105D 
 393      F9D1D8CC 
 393      388DD7
 394 0250 2E31BB64 		.ascii	".1\273d\340nA`\272\230\275F|d\206U'1\350\240%\027\216"
 394      E06E4160 
ARM GAS  C:\cygwin\tmp\ccKbYfoc.s 			page 30


 394      BA98BD46 
 394      7C648655 
 394      2731E8A0 
 395 0267 BCD35C50 		.ascii	"\274\323\\P%\362\202\270S\235cC.4\237g\010MFk\3670\246"
 395      25F282B8 
 395      539D6343 
 395      2E349F67 
 395      084D466B 
 396 027e F9F0C46C 		.ascii	"\371\360\304l\235\030\337\342\2143\230\030~J/\033\307"
 396      9D18DFE2 
 396      8C339818 
 396      7E4A2F1B 
 396      C7
 397 028f 783F33CA 		.ascii	"x?3\312[\315\033\324\37003\344\250%,\352aN\341Z\214"
 397      5BCD1BD4 
 397      F83033E4 
 397      A8252CEA 
 397      614EE15A 
 398 02a4 7F607DF2 		.ascii	"\177`}\362\014\227\260\031v\224\266\354p%\276\304\310"
 398      0C97B019 
 398      7694B6EC 
 398      7025BEC4 
 398      C8
 399 02b5 4BF97A9F 		.ascii	"K\371z\237\003\355\323\020\363\340\325\266\353<~\310"
 399      03EDD310 
 399      F3E0D5B6 
 399      EB3C7EC8 
 400 02c5 FAE4C496 		.ascii	"\372\344\304\226\260\304\366l\354Js\302)\030)\027q\011"
 400      B0C4F66C 
 400      EC4A73C2 
 400      29182917 
 400      7109
 401 02d7 5BC4F6D1 		.ascii	"[\304\366\321\241q\204\213X_Yn\376A'\3327\217\230Y\347"
 401      A171848B 
 401      585F596E 
 401      FE4127DA 
 401      378F9859 
 402 02ec FACADDF0 		.ascii	"\372\312\335\360\031\326\227R\273#\231\365\211\324N"
 402      19D69752 
 402      BB2399F5 
 402      89D44E
 403 02fb 3BB3F5B2 		.ascii	";\263\365\262\013\356c\2355\315{\212y\326Ig\321\224"
 403      0BEE639D 
 403      35CD7B8A 
 403      79D64967 
 403      D194
 404 030d 3852E5AC 		.ascii	"8R\345\254\3429t\022V\357\024Y\177\000+v\225uR\260\011"
 404      E2397412 
 404      56EF1459 
 404      7F002B76 
 404      957552B0 
 405 0322 C0135098 		.ascii	"\300\023P\230fD\247u4vx\014\023\3748\340\215\200\237"
 405      6644A775 
 405      3476780C 
 405      13FC38E0 
 405      8D809F
 406 0335 66F8919D 		.ascii	"f\370\221\235\271\343\210\340\307\000\377\036\3603\014"
ARM GAS  C:\cygwin\tmp\ccKbYfoc.s 			page 31


 406      B9E388E0 
 406      C700FF1E 
 406      F0330C
 407 0344 DFDE3992 		.ascii	"\337\3369\222\240!\370w\2007\000~\226\341C7nVR\236z"
 407      A021F877 
 407      8037007E 
 407      96E14337 
 407      6E56529E 
 408 0359 C08F027E 		.ascii	"\300\217\002~\216\341\0059\353\367\252\011^\007\370"
 408      8EE10539 
 408      EBF7AA09 
 408      5E07F8
 409 0368 11C0CF33 		.ascii	"\021\300\3173\374\370w\373\266\272\023\274\026\360\303"
 409      FCF877FB 
 409      B6BA13BC 
 409      16F0C3
 410 0377 80B7307C 		.ascii	"\200\2670|s\307\266N\025\301k\000\377\255'\272\300`"
 410      73C7B64E 
 410      15C16B00 
 410      FFAD27BA 
 410      C060
 411 0389 797F7AB1 		.ascii	"y\177z\261\375\231\3327V\256\241\246\331\214\211\350"
 411      FD99DA37 
 411      56AEA1A6 
 411      D98C89E8 
 412 0399 0FA46C2B 		.ascii	"\017\244l+\307H3'\201\210^\214\213u\330\355\306\241"
 412      C7483327 
 412      81885E8C 
 412      8B75D8ED 
 412      C6A1
 413 03ab 2AA03D44 		.ascii	"*\240=D\365\327\2124DG\3502l\200\213H\205.A\317\017"
 413      F5D78A34 
 413      4447E832 
 413      6C808B48 
 413      852E41CF 
 414 03c0 92F84B76 		.ascii	"\222\370Kv\224\226`\"~p\342d\265Yv\323\335\244\216\\"
 414      94966022 
 414      7E70E264 
 414      B55976D3 
 414      DDA48E5C 
 415 03d4 ED54C4E8 		.ascii	"\355T\304\350\012\360M\307mz\244F\250\015\034\252\255"
 415      0AF04DC7 
 415      6D7AA446 
 415      A80D1CAA 
 415      AD
 416 03e5 9B8A0C23 		.ascii	"\233\212\014#o\252\372\237\3327\223U\340\250\323't\252"
 416      6FAAFA9F 
 416      DA379355 
 416      E0A8D327 
 416      74AA
 417 03f7 C7AA9277 		.ascii	"\307\252\222w\250\246\336J\327\350V\272\212\244\275"
 417      A8A6DE4A 
 417      D7E856BA 
 417      8AA4BD
 418 0406 74F3F0C8 		.ascii	"t\363\360\310Qg\\\242\242J\250\253N\314w\207\275d\202"
 418      51675CA2 
 418      A24AA8AB 
ARM GAS  C:\cygwin\tmp\ccKbYfoc.s 			page 32


 418      4ECC7787 
 418      BD6482
 419 0419 BD94F891 		.ascii	"\275\224\370\221e/\361$\010\265+\366R\273\274\227\256"
 419      652FF124 
 419      08B52BF6 
 419      52BBBC97 
 419      AE
 420 042a D3BD9495 		.ascii	"\323\275\224\225=X\346\350\362\025\231\"\014\351\324"
 420      3D58E6E8 
 420      F2159922 
 420      0CE9D4
 421 0439 E446D3B1 		.ascii	"\344F\323\261\216\331\201\\\244\204MU\017\252\\h\302"
 421      8ED9815C 
 421      A4844D55 
 421      0FAA5C68 
 421      C2
 422 044a 80490937 		.ascii	"\200I\0117\354\354\331\347<u\3027h\302&9\341\253C\031"
 422      ECECD9E7 
 422      3C75C237 
 422      68C22639 
 422      E1AB4319 
 423 045e 337123CB 		.ascii	"3q#\313\367\374\361\316\2314\335\354\3762q\336Zq\302"
 423      F7FCF1CE 
 423      9934DDEC 
 423      FE3271DE 
 423      5A71C2
 424 0471 6C8ED390 		.ascii	"l\216\323\220\000\324\251H\266SN\266\213&[\363s\347"
 424      00D4A948 
 424      B6534EB6 
 424      8B265BF3 
 424      73E7
 425 0483 459BF509 		.ascii	"E\233\365\011\360P\214v\323\346\244\351h.\253V\341v"
 425      F0508C76 
 425      D3E6A4E9 
 425      682EAB56 
 425      E176
 426 0495 365AC783 		.ascii	"6Z\307\203=\325\2160\\I\211iS\203PO\207\3034\002u+\206"
 426      3DD58E30 
 426      5C498969 
 426      5383504F 
 426      87C33402 
 427 04ac EB9687EB 		.ascii	"\353\226\207\353\241\303\305\217^\314P\343\001FQ\323"
 427      A1C3C58F 
 427      5ECC50E3 
 427      014651D3 
 428 04bc BBA6CD11 		.ascii	"\273\246\315\021\2170c\354vo?\302\017\231Q\324\336\360"
 428      8F3063EC 
 428      766F3FC2 
 428      0F9951D4 
 428      DEF0
 429 04ce 050852AD 		.ascii	"\005\010R\255%y\215\221\033#\372\037\300'.\234=\347"
 429      25798D91 
 429      1B23FA1F 
 429      C0272E9C 
 429      3DE7
 430 04e0 40710239 		.ascii	"@q\0029\022E\215\037\253*V\263\363Y\224\226\233\263"
 430      12458D1F 
ARM GAS  C:\cygwin\tmp\ccKbYfoc.s 			page 33


 430      AB2A56B3 
 430      F3599496 
 430      9BB3
 431 04f2 4C00FD04 		.ascii	"L\000\375\004*RKG\364m\000\373,\237\223G7\350\347\244"
 431      2A524B47 
 431      F46D00FB 
 431      2C9F9347 
 431      37E8E7A4 
 432 0506 1F16F796 		.ascii	"\037\026\367\226UMj\353\301\337V\221S\355\206\346h\331"
 432      554D6AEB 
 432      C1DF5691 
 432      53ED86E6 
 432      68D9
 433 0518 8722AE95 		.ascii	"\207\"\256\225~(\356\202\373\217V\367~\371D\267?\372"
 433      7E28EE82 
 433      FB8F56F7 
 433      7EF944B7 
 433      3FFA
 434 052a 1D3BA303 		.ascii	"\035;\243\003\363\275\246\206\313\3162sZ\342U\372\255"
 434      F3BDA686 
 434      CBCE3273 
 434      5AE255FA 
 434      AD
 435 053b B807CCBD 		.ascii	"\270\007\314\275V\346\273\3233\017\330eF\305\345;72"
 435      56E6BBD3 
 435      330FD865 
 435      46C5E53B 
 435      3732
 436 054d 3D113AA6 		.ascii	"=\021:\246\247\266\234\204\314i\276%C\264\302\203\262"
 436      A7B69C84 
 436      CC69BE25 
 436      43B4C283 
 436      B2
 437 055e 9E2EE59D 		.ascii	"\236.\345\235\357R\341D\007Z\205\323\345\247\217hh\211"
 437      EF52E144 
 437      075A85D3 
 437      E5A78F68 
 437      6889
 438 0570 07EEF6DE 		.ascii	"\007\356\366\336~]\3615\201(4\254\250\362\260\\\345"
 438      7E5DF135 
 438      812834AC 
 438      A8F2B05C 
 438      E5
 439 0581 115AE5A4 		.ascii	"\021Z\345\244\263\275\331N8\223\261\244\307f~LI\262"
 439      B3BDD94E 
 439      3893B1A4 
 439      C7667E4C 
 439      49B2
 440 0593 9B72D54D 		.ascii	"\233r\325Mb\275\331\374\036U\311\250\"~T\216\277O\343"
 440      62BDD9FC 
 440      1E55C9A8 
 440      227E548E 
 440      BF4FE3
 441 05a6 47532ADB 		.ascii	"GS*\333y\\F\343\371\313\033j\016c\373_\340\007S~\201"
 441      795C46E3 
 441      F9CB1B6A 
 441      0E63FB5F 
ARM GAS  C:\cygwin\tmp\ccKbYfoc.s 			page 34


 441      E007537E 
 442 05bb 0B5A6790 		.ascii	"\013Zg\220U\035\207\271\216\331\273-\240\370\314\354"
 442      551D87B9 
 442      8ED9BB2D 
 442      A0F8CCEC 
 443 05cb 6D6AADC4 		.ascii	"mj\255\304\271\356\011\234\344\214l\350mt\262\331\324"
 443      B9EE099C 
 443      E48C6CE8 
 443      6D74B2D9 
 443      D4
 444 05dc 3FDBACE3 		.ascii	"?\333\254\343\204eS\337\277R2\352\204\253\330\344SN"
 444      846553DF 
 444      BF5232EA 
 444      84ABD8E4 
 444      534E
 445 05ee 666E76C0 		.ascii	"fnv\300G\230\261\345F\362\005\025nb\323\372\246\375"
 445      4798B1E5 
 445      46F20515 
 445      6E62D3FA 
 445      A6FD
 446 0600 DC0D2759 		.ascii	"\334\015'Y\005M\007\273\251\034cy-2[\363\365\262\212"
 446      054D07BB 
 446      A91C6379 
 446      2D325BF3 
 446      F5B28A
 447 0613 801C97A2 		.ascii	"\200\034\227\242\355q)\362s\300\203e*\037\223\344\360"
 447      ED7129F2 
 447      73C08365 
 447      2A1F93E4 
 447      F0
 448 0624 EEBCB341 		.ascii	"\356\274\263Ak\021nn\262\007!\216\003\342GVb\030g:\346"
 448      6B116E6E 
 448      B207218E 
 448      03E24756 
 448      6218673A 
 449 0639 35F699CB 		.ascii	"5\366\231\313\032\343\223\334\254\302\315\240[\"\036"
 449      1AE393DC 
 449      ACC2CDA0 
 449      5B221E
 450 0648 981F5A99 		.ascii	"\230\037Z\231\343\246g^k\227\031\325\335Ljd\302%tL\270"
 450      E3A6675E 
 450      6B9719D5 
 450      DD4C6A64 
 450      C225744C 
 451 065d A7E2AACB 		.ascii	"\247\342\252\313\265\024\203\265E\011<\005\317\225\267"
 451      B51483B5 
 451      45093C05 
 451      CF95B7
 452 066c 5D72A220 		.ascii	"]r\242 )m\"\003\357\0144\265k\247<\303\326\363D\341"
 452      296D2203 
 452      EF0C34B5 
 452      6BA73CC3 
 452      D6F344E1 
 453 0680 EB7849E1 		.ascii	"\353xI\341\011};k\235\361\005V\221\334\303E\265\316"
 453      097D3B6B 
 453      9DF10556 
 453      91DCC345 
ARM GAS  C:\cygwin\tmp\ccKbYfoc.s 			page 35


 453      B5CE
 454 0692 D27529F1 		.ascii	"\322u)\361\201R\341\020\205\276\342\255\012\205w\246"
 454      8152E110 
 454      85BEE2AD 
 454      0A8577A6 
 455 06a2 D00D3C51 		.ascii	"\320\015<Qh\355\360\335\373Z<\310X\272\333F\277\347"
 455      68EDF0DD 
 455      FB5A3CC8 
 455      58BADB46 
 455      BFE7
 456 06b4 294BF6E6 		.ascii	")K\366\346|Y\342\204`\243\202`\243L\260\211\022t\015"
 456      7C59E284 
 456      60A38260 
 456      A34CB089 
 456      12740D
 457 06c7 9F3FE08C 		.ascii	"\237?\340\214\223\324l\213\230\006S\035\031A\235\015"
 457      93D46C8B 
 457      9806531D 
 457      19419D0D 
 458 06d7 41928220 		.ascii	"A\222\202 I&\330L\011\232\262\304+j\\\304\010n\365\255"
 458      4926D84C 
 458      099AB2C4 
 458      2B6A5CC4 
 458      086EF5AD 
 459 06eb CB93086E 		.ascii	"\313\223\010n\345+7\331\026\005\301\026\231`+%\030o"
 459      E52B37D9 
 459      1605C116 
 459      99602B25 
 459      186F
 460 06fd 19DE056A 		.ascii	"\031\336\005jd\004k\012jO:\342k\314\210o\211\273\342"
 460      64046B0A 
 460      6A4F3AE2 
 460      6BCC886F 
 460      89BBE2
 461 0710 886F33A3 		.ascii	"\210o3\243\352\370\256\377\3421\366\236q\264\246\304"
 461      EAF8AEFF 
 461      E231F69E 
 461      71B4A6C4 
 462 0720 05273A52 		.ascii	"\005':R\343^\321\261d-Ne\206\251\275\244\301\031\027"
 462      E35ED1B1 
 462      642D4E65 
 462      86A9BDA4 
 462      C11917
 463 0733 30A3FF42 		.ascii	"0\243\377Bf5\273\2639\020\363L\367x\205\003\256f}\311"
 463      6635BBB3 
 463      3910F34C 
 463      F7788503 
 463      AE667DC9 
 464 0747 F155556E 		.ascii	"\361UUn\264OM\314\314\314\265?;\220\013J\006$\232\311"
 464      B44F4DCC 
 464      CCCCB53F 
 464      3B900B4A 
 464      06249AC9 
 465 075b B3DB55E1 		.ascii	"\263\333U\341D\366\347\004K\003,\235\367D;X\231\273"
 465      44F6E704 
 465      4B032C9D 
 465      F7443B58 
ARM GAS  C:\cygwin\tmp\ccKbYfoc.s 			page 36


 465      99BB
 466 076d 2A2E96BA 		.ascii	"*.\226\272\021<\225g\227\237\235\014\337t)};\275,}\015"
 466      113C9567 
 466      979F9D0C 
 466      DF74297D 
 466      3BBD2C7D 
 467 0782 F8EF3CD1 		.ascii	"\370\357<\321.\006\267\354|\324B\357\\)<\273\023e1\274"
 467      2E06B7EC 
 467      7CD442EF 
 467      5C293CBB 
 467      136531BC 
 468 0796 2E797734 		.ascii	".yw4\201\267\363\364J\224\315\320\323\251c=\224d\033"
 468      81B7F3F4 
 468      4A94CDD0 
 468      D3A9633D 
 468      94641B
 469 07a9 C0B33D51 		.ascii	"\300\263=Q\016\205\371\204\274\211\363\226\233\320\300"
 469      0E85F984 
 469      BC89F396 
 469      9BD0C0
 470 07b8 9A589CE6 		.ascii	"\232X\234\346&\237\024\034\312\345\331]%\017D\375\015"
 470      269F141C 
 470      CAE5D95D 
 470      250F44FD 
 470      0D
 471 07c9 AFB23D82 		.ascii	"\257\262=\202\322\217L"
 471      D28F4C
 472 07d0 B8C48AF3 		.ascii	"\270\304\212\363\210\323\343\367\240\304\254\313\217"
 472      88D3E3F7 
 472      A0C4ACCB 
 472      8F
 473 07dd 309AA3A1 		.ascii	"0\232\243\241\267\232\342P\015\372\026\250\222-\265"
 473      B79AE250 
 473      0DFA16A8 
 473      922DB5
 474 07ec A241F467 		.ascii	"\242A\364gg\\\224\017\303M54\314\344\333\023c\247\334"
 474      675C940F 
 474      C34D3534 
 474      CCE4DB13 
 474      63A7DC
 475 07ff 95BB8170 		.ascii	"\225\273\201p[\267C\001\257\374\244\367\227\2379\242"
 475      5BB74301 
 475      AFFCA4F7 
 475      979F39A2 
 476 080f C57DAC36 		.ascii	"\305}\2546\337\015\325\233\335\245\335\320\330\025\236"
 476      DF0DD59B 
 476      DDA5DDD0 
 476      D8159E
 477 081e 1C27E689 		.ascii	"\034'\346\211&\263\371%\032\204v+\244\264[\226\322\036"
 477      26B3F925 
 477      1A84762B 
 477      A4B45B96 
 477      D21E
 478 0830 2AA53BB9 		.ascii	"*\245;\271\327D\025N\320\260\177\010\026\254}mv\216"
 478      D744154E 
 478      D0B07F08 
 478      16AC7D6D 
ARM GAS  C:\cygwin\tmp\ccKbYfoc.s 			page 37


 478      768E
 479 0842 287E636A 		.ascii	"(~cjjYV\037+\322\015E\277:\205\214\301\262~\205\214"
 479      6A59561F 
 479      2BD20D45 
 479      BF3A858C 
 479      C1B27E85 
 480 0857 05EDE567 		.ascii	"\005\355\345gC\334\311\226!\220\320vFR\271g[\267\003"
 480      43DCC996 
 480      2190D076 
 480      4652B967 
 480      5BB703
 481 086a CE61C6DE 		.ascii	"\316a\306\336\232\356\023*\\\310\214\374\037\343Z\035"
 481      9AEE132A 
 481      5CC88CFC 
 481      1FE35A1D 
 482 087a 702D33AE 		.ascii	"p-3\256\214\324}\215q#3\232\277\337\220FKX\302\323K"
 482      8CD47D8D 
 482      7123339A 
 482      BFDF9046 
 482      4B58C2D3 
 483 088f 339DE0B5 		.ascii	"3\235\340\265\354M\265\364\006\\,\211\246\224\325\273"
 483      EC4DB5F4 
 483      065C2C89 
 483      A694D5BB 
 484 089f 787DC720 		.ascii	"x}\307 9qP\221\244\2162\011\337\337SAU\263\237\311\343"
 484      39715091 
 484      A48E3209 
 484      DFDF5341 
 484      55B39FC9 
 485 08b4 00D34163 		.ascii	"\000\323Ac\355\311\323\252\251tP!\025\343 \024\243|"
 485      EDC9D3AA 
 485      A9745021 
 485      15E32014 
 485      A37C
 486 08c6 B20E7694 		.ascii	"\262\016v\224\016h\3119YaO\007\342\261\216\303\356\366"
 486      0E68C939 
 486      59614F07 
 486      E2B18EC3 
 486      EEF6
 487 08d8 695115B0 		.ascii	"iQ\025\260M\307l\272\005\267\341Jp\330g\325M\005o\275"
 487      4DC76CBA 
 487      05B7E14A 
 487      70D867D5 
 487      4D056FBD 
 488 08ec 0D0F5435 		.ascii	"\015\017T5'b|I*J\311\266vWZ\025\370\224\237\365H\025"
 488      27627C49 
 488      2A4AC9B6 
 488      76575A15 
 488      F8949FF5 
 489 0902 4DC0400E 		.ascii	"M\300@\016\011\312phRa\016I\205\251\246\2051\327\335"
 489      09CA7068 
 489      52610E49 
 489      85A9A685 
 489      31D7DD
 490 0915 FCC2E6CB 		.ascii	"\374\302\346\313g{\203\250\341\351\227\217<\311\365"
 490      677B83A8 
 490      E1E9978F 
ARM GAS  C:\cygwin\tmp\ccKbYfoc.s 			page 38


 490      3CC9F5
 491 0924 F5D0A50E 		.ascii	"\365\320\245\016l\343]i#\277Z\311\273\226z\357\275\224"
 491      6CE35D69 
 491      23BF5AC9 
 491      BB967AEF 
 491      BD94
 492 0936 91E4382B 		.ascii	"\221\3448+\213\374\307B\375|8\266\251\240\230\262\016"
 492      8BFCC742 
 492      FD7C38B6 
 492      A9A098B2 
 492      0E
 493 0947 F3B3C0E1 		.ascii	"\363\263\300\341las\251\023u0\355.\210\015\320\330\372"
 493      6C6173A9 
 493      137530ED 
 493      2E880DD0 
 493      D8FA
 494 0959 D4519FCE 		.ascii	"\324Q\237\316\211\243M*\352\223\275?Qt@\266>G\250O\372"
 494      89A34D2A 
 494      EA93BD3F 
 494      517440B6 
 494      3E47A84F 
 495 096e FAD4631A 		.ascii	"\372\324c\032\346S\375\270O=?\213S\315\367\367_\252"
 495      E653FDB8 
 495      4F3D3F8B 
 495      53CDF7F7 
 495      5FAA
 496 0980 5EE417EC 		.ascii	"^\344\027\354\345\3039\306\204G\030\3371\030\235\014"
 496      E5C339C6 
 496      844718DF 
 496      31189D0C 
 497 0990 06E9ED93 		.ascii	"\006\351\355\223\320w\227\255\212\212\374<*d\245\327"
 497      D07797AD 
 497      8A8AFC3C 
 497      2A64A5D7 
 498 09a0 67E12B84 		.ascii	"g\341+\204\350e\237\207\206\316\015\211Z97\"2B\230+"
 498      E8659F87 
 498      86CE0D89 
 498      5A393722 
 498      3242982B 
 499 09b4 847C1A3E 		.ascii	"\204|\032>\367-\303\237\347\276\371\372\033o-\263\201"
 499      F72DC39F 
 499      E7BEF9FA 
 499      1B6F2DB3 
 499      81
 500 09c5 97854784 		.ascii	"\227\205G\204\256\210\011\023\226\255\014\011]\036\036"
 500      AE880913 
 500      96AD0C09 
 500      5D1E1E
 501 09d4 212C3384 		.ascii	"!,3\204\011\237\205\304\2540\032\214\377Y%D\277\272"
 501      099F85C4 
 501      AC301A8C 
 501      FF592544 
 501      BFBA
 502 09e6 9CFBC7D3 		.ascii	"\234\373\307\323sG\033\303 O\340\232\2610J\020|#\303"
 502      73471BC3 
 502      204FE09A 
 502      B1304A10 
ARM GAS  C:\cygwin\tmp\ccKbYfoc.s 			page 39


 502      7C23C3
 503 09f9 3E8D897E 		.ascii	">\215\211~mUd\224\221\376\001\334\343K\337\371\276!"
 503      6D556494 
 503      91FE01DC 
 503      E34BDFF9 
 503      BE21
 504 0a0b D146212A 		.ascii	"\321F!*\000\000\335j!\302\2708\"\334\370\233\311\356"
 504      0000DD6A 
 504      21C2B838 
 504      22DCF89B 
 504      C9EE
 505 0a1d 51461622 		.ascii	"QF\026\"\020\017\303\312WC\271\347\0049\222F\005A\322"
 505      100FC3CA 
 505      5743B9E7 
 505      04399246 
 505      0541D2
 506 0a30 EEBA0F0D 		.ascii	"\356\272\017\015\276\336\201A:\275A\257\363^\360\361"
 506      BEDE8141 
 506      3ABD41AF 
 506      F35EF0F1 
 507 0a40 4CABBD50 		.ascii	"L\253\275P\357\355\253\003\324G\267\370C\335\202g\255"
 507      EFEDAB03 
 507      D447B7F8 
 507      43DD8267 
 507      AD
 508 0a51 1DBA7FEA 		.ascii	"\035\272\177\352|\202\203t/Lv\015\324\371\005\315P\270"
 508      7C828374 
 508      2F4C760D 
 508      D4F905CD 
 508      50B8
 509 0a63 E9F5FE7A 		.ascii	"\351\365\376zC\200\336\337G\027\030\250\340\225\020"
 509      4380DEDF 
 509      471718A8 
 509      E09510
 510 0a72 43603079 		.ascii	"C`0y\27449@\257\013\014\360\367[`\010Z\354\253\363\017"
 510      BC343940 
 510      AF0B0CF0 
 510      F75B6008 
 510      5AECABF3 
 511 0a87 0EFAD5E3 		.ascii	"\016\372\325\343\3754!\303\002\357 o\257\311\235Rj\206"
 511      FD3421C3 
 511      02EF206F 
 511      AFC99D52 
 511      6A86
 512 0a99 85C17E3E 		.ascii	"\205\301~>A\213\375\375f+\026e%{H\353\374\332\312O\247"
 512      418BFDFD 
 512      662B1665 
 512      257B48EB 
 512      FCDACA4F 
 513 0aae 5ECF80C8 		.ascii	"^\317\200\310h\343\213\217\303\213\004\343s\253e\324"
 513      68E38B8F 
 513      C38B04E3 
 513      73AB65D4 
 514 0abe 3F5A2F44 		.ascii	"?Z/D\223\205W-\365\367[\344\0105\373\303\233Tf\322\333"
 514      9385572D 
 514      F5F75BE4 
 514      0835FBC3 
ARM GAS  C:\cygwin\tmp\ccKbYfoc.s 			page 40


 514      9B5466D2 
 515 0ad3 F396787D 		.ascii	"\363\226x}L\004\270\006\205\374K\360Xm\213\351\205\025"
 515      4C04B806 
 515      85FC4BF0 
 515      586D8BE9 
 515      8515
 516 0ae5 4248B4E0 		.ascii	"BH\264\340\020\354\363\276\267^\035\034\370\276\277"
 516      10ECF3BE 
 516      B75E1D1C 
 516      F8BEBF
 517 0af4 3E484364 		.ascii	">HCd\372\306\037\015F-S,y\375\265%N\027\025\025\031"
 517      FAC61F0D 
 517      462D532C 
 517      79FDB525 
 517      4E171515 
 518 0b09 E5331F62 		.ascii	"\3453\037bWEF\204\005\205\257\024\"c\214\277|\274;T"
 518      57454684 
 518      0585AF14 
 518      22638CBF 
 518      7CBC3B54 
 519 0b1d 085F2D2C 		.ascii	"\010_-,\0101\206\2744\271O\367\245\020\032c\024\026"
 519      083186BC 
 519      34B94FF7 
 519      A5101A63 
 519      1416
 520 0b2f C644841A 		.ascii	"\306D\204\032\303##~a\351'a\377\216\021\242\215\201"
 520      C323237E 
 520      61E92761 
 520      FF8E11A2 
 520      8D81
 521 0b41 A131F088 		.ascii	"\2411\360\210~\336\242\026\300!\330'2Lp\365\235o\360"
 521      7EDEA216 
 521      C021D827 
 521      324C70F5 
 521      9D6FF0
 522 0b54 D5EB0C7E 		.ascii	"\325\353\014~\376d\301\025\226^\267\310M\262\026/]j"
 522      FE64C115 
 522      965EB7C8 
 522      4DB2162F 
 522      5D6A
 523 0b66 F0D62F72 		.ascii	"\360\326/r\227L=\324\210\324J\266I]\027@a\237\223l\251"
 523      974C3DD4 
 523      88D44AB6 
 523      495D1740 
 523      619F936C 
 524 0b7b 7EF38303 		.ascii	"~\363\203\003?\226\031\240\212\244\202\263\246+\036"
 524      3F9619A0 
 524      8AA482B3 
 524      A62B1E
 525 0b8a 087A39E7 		.ascii	"\010z9\347iI\361\243\220p\243\224\376\302\360\210\360"
 525      6949F1A3 
 525      9070A394 
 525      FEC2F088 
 525      F0
 526 0b9b E8E5AE5F 		.ascii	"\350\345\256_J;\343\203\030!Fp\001G\213\3465\220\021"
 526      4A3BE383 
 526      18214670 
ARM GAS  C:\cygwin\tmp\ccKbYfoc.s 			page 41


 526      01478BE6 
 526      359011
 527 0bae 153BD1B4 		.ascii	"\025;\321\264\255\312\265\200H\032r\265t\022]\273\010"
 527      ADCAB580 
 527      481A72B5 
 527      74125DBB 
 527      08
 528 0bbf 94278C92 		.ascii	"\224'\214\222\374\037\011\023\313\275"
 528      FC1F0913 
 528      CBBD
 529              		.text
 530              		.section	.gnu.lto_.symtab.652bf52f,"",%progbits
 531 0000 784D424D 		.ascii	"xMBMasterPortEventInit\000\000\000\000\000\000\000\000"
 531      61737465 
 531      72506F72 
 531      74457665 
 531      6E74496E 
 532 001e 00000000 		.ascii	"\000\000\000\000\267\000\000\000xMBMasterPortEventP"
 532      B7000000 
 532      784D424D 
 532      61737465 
 532      72506F72 
 533 0039 6F737400 		.ascii	"ost\000\000\000\000\000\000\000\000\000\000\000\000"
 533      00000000 
 533      00000000 
 533      000000
 534 0048 DE000000 		.ascii	"\336\000\000\000xMBMasterPortEventGet\000\000\000\000"
 534      784D424D 
 534      61737465 
 534      72506F72 
 534      74457665 
 535 0065 00000000 		.ascii	"\000\000\000\000\000\000\000\000\343\000\000\000vMB"
 535      00000000 
 535      E3000000 
 535      764D42
 536 0074 4D617374 		.ascii	"MasterOsResInit\000\000\000\000\000\000\000\000\000"
 536      65724F73 
 536      52657349 
 536      6E697400 
 536      00000000 
 537 008c 000000E6 		.ascii	"\000\000\000\346\000\000\000xMBMasterRunResTake\000"
 537      00000078 
 537      4D424D61 
 537      73746572 
 537      52756E52 
 538 00a7 00000000 		.ascii	"\000\000\000\000\000\000\000\000\000\000\000\365\000"
 538      00000000 
 538      000000F5 
 538      00
 539 00b4 0000764D 		.ascii	"\000\000vMBMasterRunResRelease\000\000\000\000\000\000"
 539      424D6173 
 539      74657252 
 539      756E5265 
 539      7352656C 
 540 00d2 00000000 		.ascii	"\000\000\000\000\000\000\367\000\000\000vMBMasterEr"
 540      0000F700 
 540      0000764D 
ARM GAS  C:\cygwin\tmp\ccKbYfoc.s 			page 42


 540      424D6173 
 540      74657245 
 541 00e7 726F7243 		.ascii	"rorCBRespondTimeout\000\000\000\000\000\000\000\000"
 541      42526573 
 541      706F6E64 
 541      54696D65 
 541      6F757400 
 542 0102 00000000 		.ascii	"\000\000\000\000\013\001\000\000vMBMasterErrorCBRec"
 542      0B010000 
 542      764D424D 
 542      61737465 
 542      72457272 
 543 011d 65697665 		.ascii	"eiveData\000\000\000\000\000\000\000\000\000\000\000"
 543      44617461 
 543      00000000 
 543      00000000 
 543      000000
 544 0130 000D0100 		.ascii	"\000\015\001\000\000vMBMasterErrorCBExecuteFunction"
 544      00764D42 
 544      4D617374 
 544      65724572 
 544      726F7243 
 545 0154 00000000 		.ascii	"\000\000\000\000\000\000\000\000\000\000\000\000\017"
 545      00000000 
 545      00000000 
 545      0F
 546 0161 01000076 		.ascii	"\001\000\000vMBMasterCBRequestScuuess\000\000\000\000"
 546      4D424D61 
 546      73746572 
 546      43425265 
 546      71756573 
 547 0181 00000000 		.ascii	"\000\000\000\000\000\000\000\000\021\001\000\000eMB"
 547      00000000 
 547      11010000 
 547      654D42
 548 0190 4D617374 		.ascii	"MasterWaitRequestFinish\000\000\000\000\000\000\000"
 548      65725761 
 548      69745265 
 548      71756573 
 548      7446696E 
 549 01ae 00000000 		.ascii	"\000\000\000\000\000)\001\000\000"
 549      00290100 
 549      00
 550              		.text
 551              		.section	.gnu.lto_.opts,"",%progbits
 552 0000 272D666E 		.ascii	"'-fno-trapv' '-mcpu=cortex-m4' '-mno-thumb-interwor"
 552      6F2D7472 
 552      61707627 
 552      20272D6D 
 552      6370753D 
 553 0033 6B272027 		.ascii	"k' '-mthumb' '-ggdb' '-O2' '-fomit-frame-pointer' '"
 553      2D6D7468 
 553      756D6227 
 553      20272D67 
 553      67646227 
 554 0066 2D66616C 		.ascii	"-falign-functions=16' '-ffunction-sections' '-fdata"
 554      69676E2D 
ARM GAS  C:\cygwin\tmp\ccKbYfoc.s 			page 43


 554      66756E63 
 554      74696F6E 
 554      733D3136 
 555 0099 2D736563 		.ascii	"-sections' '-fno-common' '-flto'\000"
 555      74696F6E 
 555      73272027 
 555      2D666E6F 
 555      2D636F6D 
 556              		.text
 557              		.comm	__gnu_lto_v1,1,1
 558              		.comm	__gnu_lto_slim,1,1
 559              		.ident	"GCC: (GNU Tools for ARM Embedded Processors) 4.9.3 20141119 (release) [ARM/embedded-4_9-br
ARM GAS  C:\cygwin\tmp\ccKbYfoc.s 			page 44


DEFINED SYMBOLS
                            *ABS*:00000000 portevent_m.c
                            *COM*:00000001 __gnu_lto_v1
                            *COM*:00000001 __gnu_lto_slim

NO UNDEFINED SYMBOLS
