ARM GAS  C:\cygwin\tmp\ccrpOAvb.s 			page 1


   1              		.syntax unified
   2              		.cpu cortex-m4
   3              		.fpu softvfp
   4              		.eabi_attribute 20, 1
   5              		.eabi_attribute 21, 1
   6              		.eabi_attribute 23, 3
   7              		.eabi_attribute 24, 1
   8              		.eabi_attribute 25, 1
   9              		.eabi_attribute 26, 1
  10              		.eabi_attribute 30, 2
  11              		.eabi_attribute 34, 1
  12              		.eabi_attribute 18, 4
  13              		.thumb
  14              		.file	"st.c"
  15              		.text
  16              	.Ltext0:
  17              		.section	.gnu.lto_.profile.652bcd13,"",%progbits
  18 0000 789C6366 		.ascii	"x\234cf```a\200\000F\006)\036\000\000\264\000/"
  18      60606061 
  18      80004606 
  18      291E0000 
  18      B4002F
  19              		.text
  20              		.section	.gnu.lto_.jmpfuncs.652bcd13,"",%progbits
  21 0000 789C6366 		.ascii	"x\234cf\300\016\304\2404+\210`\004\202z&\006\006f\020"
  21      C00EC4A0 
  21      342B8860 
  21      04827A26 
  21      06066610 
  22 0014 CD021400 		.ascii	"\315\002\024\000\000\015^\001-"
  22      000D5E01 
  22      2D
  23              		.text
  24              		.section	.gnu.lto_.inline.652bcd13,"",%progbits
  25 0000 789C6366 		.ascii	"x\234cf\300\016R\2414+\003\003\013\017#\003\023\220"
  25      C00E52A1 
  25      342B0303 
  25      0B0F2303 
  25      1390
  26 0012 C9B6401E 		.ascii	"\311\266@\036D10r\201\010\0066V\2400\333\007=\2708\023"
  26      44313072 
  26      81080636 
  26      56A030DB 
  26      073DB838 
  27 0027 030B3350 		.ascii	"\003\0133P\210\351\002?\\\210\031S\210\005S\210\001"
  27      88E9023F 
  27      5C881953 
  27      88055388 
  27      01
  28 0038 0099C708 		.ascii	"\000\231\307\010l"
  28      6C
  29              		.text
  30              		.section	.gnu.lto_.pureconst.652bcd13,"",%progbits
  31 0000 789C6366 		.ascii	"x\234cf``\340f\200\000V\006\011F)&)f)\026)\000\004\004"
  31      6060E066 
  31      80005606 
  31      09462926 
ARM GAS  C:\cygwin\tmp\ccrpOAvb.s 			page 2


  31      29662916 
  32 0018 009E     		.ascii	"\000\236"
  33              		.text
  34              		.section	.gnu.lto_stInit.652bcd13,"",%progbits
  35 0000 789C6366 		.ascii	"x\234cf\300\004R@\274\030\210\245\201\230\221\231\201"
  35      C0045240 
  35      BC1888A5 
  35      81989199 
  35      81
  36 0011 9169C239 		.ascii	"\221i\3029\006\206F\016&FF\020\203\201\221\241\236\211"
  36      0686460E 
  36      26464610 
  36      838191A1 
  36      9E89
  37 0023 B19EF125 		.ascii	"\261\236\361%\323G&\306\011\007V\317\340V_\332\320\320"
  37      D34726C6 
  37      090756CF 
  37      E0565FDA 
  37      D0D0
  38 0035 F0E1D3F9 		.ascii	"\360\341\323\371\306\200\003\214?\231\030\030>3A\314"
  38      C680038C 
  38      3F991818 
  38      3E3341CC 
  39 0045 615CCEA8 		.ascii	"a\\\316\250\316\000T\364\261\345\357un\266\026\240\""
  39      CE0054F4 
  39      B1E5EF75 
  39      6EB616A0 
  39      22
  40 0056 01881CE3 		.ascii	"\001\210\034\343\012F6F \275^\350@\303\377\377\217\247"
  40      0A463646 
  40      20BD5EE8 
  40      40C3FFFF 
  40      8FA7
  41 0068 AED9C8C2 		.ascii	"\256\331\310\302\314\300\360\004(\005\262\340)\023\023"
  41      CCC0F004 
  41      2805B2E0 
  41      291313
  42 0077 8866BEC3 		.ascii	"\210f\276\303\330|`\3621F\220b\220)\363.\367\255c\252"
  42      D87C60F2 
  42      31469062 
  42      9029F32E 
  42      F7AD63AA 
  43 008b FDDDD0D1 		.ascii	"\375\335\320\321\300\361\223\211\3613\023\320\000\306"
  43      C0F19389 
  43      F13313D0 
  43      00C6
  44 0099 958CB50C 		.ascii	"\225\214\265\014?\201\312\35716\036\230\352\006V\311"
  44      3F81CAEF 
  44      31361E98 
  44      EA0656C9 
  45 00a9 00328811 		.ascii	"\0002\210\021d\000\3208I==}\010\312/\326\317H\314\321"
  45      6400D038 
  45      493D3D7D 
  45      08CA2FD6 
  45      CF48CCD1 
  46 00bd 2F2E4AD6 		.ascii	"/.J\326/.\321Kf\000\000\313gBh"
  46      2F2ED14B 
ARM GAS  C:\cygwin\tmp\ccrpOAvb.s 			page 3


  46      660000CB 
  46      674268
  47              		.text
  48              		.section	.gnu.lto_stStartAlarm.652bcd13,"",%progbits
  49 0000 789C9D91 		.ascii	"x\234\235\221\317k\023Q\020\307\337wv\263\011\244\324"
  49      CF6B1351 
  49      10C7DF77 
  49      76B309A4 
  49      D4
  50 0011 E2290641 		.ascii	"\342)\006A!\224^L\026\365\037\360\340EhA\260w\221Z\250"
  50      21945E4C 
  50      16F51FF0 
  50      E0456841 
  50      B077915A 
  51 0026 10A934C1 		.ascii	"\020\2514\301k_b\342\301K\203\205\266 \021\213]\254"
  51      6B5F62E2 
  51      C14B8385 
  51      B620118B 
  51      5DAC
  52 0038 8D696B6A 		.ascii	"\215ikj\214-\012\253=\370\013\015\202(\250h\300\010"
  52      8C2D0AAB 
  52      3DF80B0D 
  52      8228A868 
  52      C008
  53 004a 4A40525B 		.ascii	"J@R[(+\264q\336v\005\255\036\304e\227\267\363f\346\363"
  53      282BB471 
  53      DE7605AD 
  53      1EC46597 
  53      B7F366E6 
  54 005f FDCE7B9A 		.ascii	"\375\316{\232\370\363\011\3637IB\034\345\025\232\000"
  54      F8F309F3 
  54      3749421C 
  54      E5159A00 
  55 006f E59E0B91 		.ascii	"\345\236\013\221\012\020\240~\004\3040a\030_h\205\220"
  55      0A10A07E 
  55      04C43061 
  55      185F6885 
  55      90
  56 0080 B30B13C1 		.ascii	"\263\013\023\301.KJ\331L\227C\331\220\303m\253\264\205"
  56      2E4B4AD9 
  56      4C9743D9 
  56      90C36DAB 
  56      B485
  57 0092 C1357471 		.ascii	"\3015tq\311\202\365\375\002\264\335\020\374\2778\273"
  57      C982F5FD 
  57      02B4DD10 
  57      FCBF38BB 
  58 00a2 F62CF899 		.ascii	"\366,\370\231\034\302^\025.]|4a\250\220t\025\236+\345"
  58      1CC25E15 
  58      2E5D7C34 
  58      61A89074 
  58      159E2BE5 
  59 00b6 A77C9D57 		.ascii	"\247|\235W\245L\333\367J\362\220\356\220\206ih\314\303"
  59      A54CDBF7 
  59      4AF290EE 
  59      90866968 
  59      CCC3
ARM GAS  C:\cygwin\tmp\ccrpOAvb.s 			page 4


  60 00c8 75843183 		.ascii	"u\2041\203\260\340-\201\002:U\371Jf\343u\320\310\260"
  60      B0E02D81 
  60      023A55F9 
  60      4A66E375 
  60      D0C8B0
  61 00db 76C7C64F 		.ascii	"v\307\306OY\334\200\001^\347v\332\262\325\372h\275+"
  61      59DC8001 
  61      5EE776DA 
  61      B2D5FA68 
  61      BD2B
  62 00ed EB06FB56 		.ascii	"\353\006\373V\035\242\316\005j\200ODj\325^!\335\241"
  62      1DA2CE05 
  62      6A804F44 
  62      6AD55E21 
  62      DDA1
  63 00ff 386F2B95 		.ascii	"8o+\225\315\266\310$\313\326\246\227\373\355\314\025"
  63      CDB6C824 
  63      CBD6A697 
  63      FBEDCC15 
  64 010f B9D96AE1 		.ascii	"\271\331j\341/\342\336XED\326\031\361\006\017\306\234"
  64      2FE2DE58 
  64      4544D619 
  64      F1060FC6 
  64      9C
  65 0120 A9CBD9F6 		.ascii	"\251\313\331\366\337\254\324\262\215\220\252p\235\254"
  65      DFACD4B2 
  65      8D90AA70 
  65      9DAC
  66 012e 12B61915 		.ascii	"\022\266\031\025\230\205\301\2149\030\234\370\372\364"
  66      9885C18C 
  66      39189CF8 
  66      FAF4
  67 013c E1799F9A 		.ascii	"\341y\237\232_\347\234t\317\340C\275\372\"\340n\011"
  67      5FE79C74 
  67      CFE043BD 
  67      FA22E06E 
  67      09
  68 014d 158E571B 		.ascii	"\025\216W\0333\224\307\245TN\006\034\362a\236\255\334"
  68      3394C7A5 
  68      544E061C 
  68      F2619EAD 
  68      DC
  69 015e 545638B7 		.ascii	"TV8\267>Z/\266G\0132\223j>\276\373d\207C\006J\310\343"
  69      3E5A2FB6 
  69      470B3293 
  69      6A3EBEFB 
  69      64874306 
  70 0175 1B8FE9AA 		.ascii	"\033\217\351\252p\311\375\3215\213\314\"\227\330\373"
  70      70C9FDD1 
  70      358BCC22 
  70      97D8FB
  71 0184 1CF26301 		.ascii	"\034\362c\001QD\302^\036\267`z\2034\233\325\264\337"
  71      5144C25E 
  71      1EB7607A 
  71      83349BD5 
  71      B4DF
  72 0196 33F56F92 		.ascii	"3\365o\222\366\036\305+\273z\360x\267\021\375u\002?"
ARM GAS  C:\cygwin\tmp\ccrpOAvb.s 			page 5


  72      F61EC52B 
  72      BB7AF078 
  72      B711FD75 
  72      023F
  73 01a8 EB54B851 		.ascii	"\353T\270Q\361\347_\376\027\377\216\313'\217\277\350"
  73      F1E75FFE 
  73      17FF8ECB 
  73      278FBFE8 
  74 01b8 F2ABB5E5 		.ascii	"\362\253\265\345\2216\227\317\373K\334\370\036\251\232"
  74      913697CF 
  74      FB4BDCF8 
  74      1EA99A
  75 01c7 D508A803 		.ascii	"\325\010\250\003W\367Sg?|\275|\012\273b1s\353\035L\230"
  75      57F75367 
  75      3F7CBD7C 
  75      0ABB6231 
  75      73EB1D4C 
  76 01dc 0327E266 		.ascii	"\003'\342fb\250\317L$c}BO\236:\335onO\237\031\034J&"
  76      62A8CF4C 
  76      24637D42 
  76      4F9E3ADD 
  76      6F6E4F9F 
  77 01f4 CC63BD3D 		.ascii	"\314c\275=\007\017\230\335\335\207\315\336#=g\367s\303"
  77      070F98DD 
  77      DD87CDDE 
  77      233D67F7 
  77      73C3
  78 0206 F178FC64 		.ascii	"\361x\374dl@\374\0001{\006\272"
  78      6C40FC00 
  78      317B06BA 
  79              		.text
  80              		.section	.gnu.lto_stStopAlarm.652bcd13,"",%progbits
  81 0000 789C6366 		.ascii	"x\234cf\300\004R@\254\313\310\300\340\015\244\031\231"
  81      C0045240 
  81      ACCBC8C0 
  81      E00DA419 
  81      99
  82 0011 19189926 		.ascii	"\031\030\231&\234c`h\344`bd\0041\030\030\031\352\231"
  82      9C636068 
  82      E4606264 
  82      04311818 
  82      19EA99
  83 0024 18EB195F 		.ascii	"\030\353\031_2}db\234p`\365\014n\365\245\015\015\015"
  83      327D6462 
  83      9C7060F5 
  83      0C6EF5A5 
  83      0D0D0D
  84 0037 1F1E6D97 		.ascii	"\037\036m\227h\225\370\311\304\300\360\231\011b\014"
  84      6895F8C9 
  84      C4C0F099 
  84      09620C
  85 0046 E3724675 		.ascii	"\343rFu\006\240\232\217-\177\257s\263\265\000\325\010"
  85      06A09A8F 
  85      2D7FAF73 
  85      B3B500D5 
  85      08
  86 0057 40E41857 		.ascii	"@\344\030W0\262\001\215gX/t\240\341\377\377\305s\346"
ARM GAS  C:\cygwin\tmp\ccrpOAvb.s 			page 6


  86      30B2018D 
  86      67582F74 
  86      A0E1FFFF 
  86      C573E6
  87 006a EC646166 		.ascii	"\354daf`x\002\224\002\231\377\224\211\011D3\337b<\364"
  87      60780294 
  87      0299FF94 
  87      89094433 
  87      DF623CF4 
  88 007e 61C7BC5D 		.ascii	"a\307\274]G\271Q\214x\320\372I\002l\300g&Ft\303\031"
  88      47B9518C 
  88      78D0FA49 
  88      026CC067 
  88      264674C3 
  89 0093 5732B201 		.ascii	"W2\262\001M_\305\310\006\224xw\372x\033\353\013\246"
  89      4D5FC5C8 
  89      06947877 
  89      FA781BEB 
  89      0BA6
  90 00a5 9F4C8C40 		.ascii	"\237L\214@\271\006\026\220\332\373O\316_\344\000\013"
  90      B9061690 
  90      DAFB4FCE 
  90      5FE4000B 
  91 00b5 3180B8D3 		.ascii	"1\200\270\323\317\277^\3054\227qv\343\204\006\216\237"
  91      CFBF5EC5 
  91      34977176 
  91      E384068E 
  91      9F
  92 00c6 4C4C8CAB 		.ascii	"LL\214\253\031\245\030\3270J\201\345\276O~\262\226O"
  92      19A518D7 
  92      304A81E5 
  92      BE4F7EB2 
  92      964F
  93 00d8 7775434B 		.ascii	"wuCK\343\207=_N\361\377dbf\\\3138\227\361\023\320\215"
  93      E3873D5F 
  93      4EF1FF64 
  93      62665CCB 
  93      3897F113 
  94 00ee 605B18D7 		.ascii	"`[\030\3271\352\"\233\010t?\343z\240\336{\214\215\017"
  94      31EA229B 
  94      08743FE3 
  94      7AA0DE7B 
  94      8C8D0F
  95 0101 967EE200 		.ascii	"\226~\342\0009\020\024\004O\200V\001\375\002\324%\251"
  95      39101404 
  95      4F805601 
  95      FD02D425 
  95      A9
  96 0112 A7A70F41 		.ascii	"\247\247\017A\371\305\372\031\2119\372\305E\311\372"
  96      F9C5FA19 
  96      8939FAC5 
  96      45C9FA
  97 0121 C5257AC9 		.ascii	"\305%z\311\014\372\3502\005\371E%\305\372\301!\276\306"
  97      0CFAE832 
  97      05F94525 
  97      C5FAC121 
  97      BEC6
ARM GAS  C:\cygwin\tmp\ccrpOAvb.s 			page 7


  98 0133 46FA3E3E 		.ascii	"F\372>>.\372!\236\276e\206@\265\36199)z\031\014\000"
  98      2EFA219E 
  98      BE658640 
  98      B5F13939 
  98      297A190C 
  99 0148 25BF85D4 		.ascii	"%\277\205\324"
 100              		.text
 101              		.section	.gnu.lto_stSetAlarm.652bcd13,"",%progbits
 102 0000 789C6D50 		.ascii	"x\234mPQK\223Q\030~\237\367\373\3665X\250t5\207\027"
 102      514B9351 
 102      187E9FF7 
 102      FBF63558 
 102      A8743587 
 103 0015 C2106F74 		.ascii	"\302\020ot\207\352\017t\321\215\240\020\344}\210\011"
 103      87EA0F74 
 103      D18DA010 
 103      E47D8809 
 104 0025 060BC58D 		.ascii	"\006\013\305\215n=\263\255\213\256FB\012:(\332\250\234"
 104      6E3DB3AD 
 104      8BAE4642 
 104      0A3A28DA 
 104      A89C
 105 0037 D39A8194 		.ascii	"\323\232\201\224\004_vQ!)\335\024\224\324\242\005\212"
 105      045F7651 
 105      2129DD14 
 105      94D4A205 
 105      8A
 106 0048 209A827C 		.ascii	" \232\202|\003]\357\231z\241u8\207s\336\363<\347y\237"
 106      035DEF99 
 106      7AA17538 
 106      8773DEF3 
 106      3CE7799F 
 107 005c E758F4EF 		.ascii	"\347X\364\357\010\311\372\011\242+\262\303\"pz\231("
 107      08C9FA09 
 107      A22BB2C3 
 107      22707A99 
 107      28
 108 006d E167C01C 		.ascii	"\341g\300\034\0104\314\030\306:o3\322n~<\320\232\323"
 108      0834CC18 
 108      C63A6F33 
 108      D26E7E3C 
 108      D09AD3
 109 0080 5A6F2D2E 		.ascii	"Zo-.\004SA\217\211v\370P\006\217\321*\224\271\\\345"
 109      0453418F 
 109      8976F850 
 109      068FD12A 
 109      94B95CE5 
 110 0094 2EAC2690 		.ascii	".\254&\220\234_\316\354~\014\254\261\307h6\345\253{"
 110      9C5FCEEC 
 110      7E0CACB1 
 110      C76836E5 
 110      AB7B
 111 00a6 EFC71D53 		.ascii	"\357\307\035S\262m\312\333\305L\326\327\362H\353\021"
 111      B26DCADB 
 111      C54CD6D7 
 111      F248EB11 
 112 00b6 77A1A82F 		.ascii	"w\241\250/\331\036[x\002K\364\360\024!L!DrE\310\243"
ARM GAS  C:\cygwin\tmp\ccrpOAvb.s 			page 8


 112      D91E5B78 
 112      024BF4F0 
 112      14214C21 
 112      447245C8 
 113 00cb C5D0B793 		.ascii	"\305\320\267\223\373_\002NRz7\354\037\267\3054\034q"
 113      FB5F024E 
 113      527A37EC 
 113      1FB7C534 
 113      1C71
 114 00dd 4EB3E75C 		.ascii	"N\263\347\\]\255\376\312N\276\266m\361m^PY\010&\300"
 114      5DADFECA 
 114      4EBEB66D 
 114      F16D5E50 
 114      590826C0 
 115 00f1 6F66B35B 		.ascii	"of\263[\2371\322`t\276\315\317\037\234\015?\224\266"
 115      9F31D260 
 115      74BECDCF 
 115      1F9C0D3F 
 115      94B6
 116 0103 A5D5B77D 		.ascii	"\245\325\267}n\362\201>\250V\361\237\346G\261\012\010"
 116      6EF2813E 
 116      A856F19F 
 116      E647B10A 
 116      08
 117 0114 EF89C457 		.ascii	"\357\211\304W,\336\367\262\313\251\272\023VJ\251J\320"
 117      2CDEF7B2 
 117      CBA9BA13 
 117      564AA94A 
 117      D0
 118 0125 306A4E76 		.ascii	"0jNv\030\247\214\022f\340\210\306,\034\0016\227\336"
 118      18A78C12 
 118      66E088C6 
 118      2C1C0136 
 118      97DE
 119 0137 DDF199FC 		.ascii	"\335\361\231\374\266`\272\366\007?\312+\237\374\265"
 119      B660BAF6 
 119      073FCA2B 
 119      9FFCB5
 120 0146 2B32E5D8 		.ascii	"+2\345\330\312\306\024g0\221Hk\277\307><\023+\317\215"
 120      CAC61467 
 120      3091486B 
 120      BFC73E3C 
 120      132BCF8D 
 121 015a 15C1F646 		.ascii	"\025\301\366F\313\205\272\366\274N&\266>L.\325{\354"
 121      CB85BAF6 
 121      BC4E26B6 
 121      3E4C2ED5 
 121      7BEC
 122 016c A0880CFE 		.ascii	"\240\210\014\376H\314Z\027\241\274\031\335\315\261*"
 122      48CC5A17 
 122      A1BC19DD 
 122      CDB12A
 123 017b 08C56DF3 		.ascii	"\010\305m\363\370\014\346\320\216p\350\010\307\013("
 123      F80CE6D0 
 123      8E70E808 
 123      C70B28
 124 018a 13E43B12 		.ascii	"\023\344;\022\245\\\305o\014\233|e1-\337#*\215\221\210"
ARM GAS  C:\cygwin\tmp\ccrpOAvb.s 			page 9


 124      A55CC56F 
 124      0C9B7C65 
 124      312DDF23 
 124      2A8D9188 
 125 019e 3A9C0331 		.ascii	":\234\0031\325\337\023U\261\241^\025\213Gz\311\216\337"
 125      D5DF1355 
 125      B1A15E15 
 125      8B477AC9 
 125      8EDF
 126 01b0 B8D9A74E 		.ascii	"\270\331\247N\303\203\003C\361\230\272\332\335u\361"
 126      C3830343 
 126      F198BADA 
 126      DD75F1
 127 01bf 82EAECBC 		.ascii	"\202\352\354\274\254\272;\272n\235\227\007\327\242\321"
 127      ACBA3BBA 
 127      6E9D9707 
 127      D7A2D1
 128 01ce EB917EFA 		.ascii	"\353\221~\372\013\036h\303W"
 128      0B1E68C3 
 128      57
 129              		.text
 130              		.section	.gnu.lto_stGetAlarm.652bcd13,"",%progbits
 131 0000 789C654F 		.ascii	"x\234eO\315+\304Q\024\275\347\376\306\257\321\224dg"
 131      CD2BC451 
 131      14BDE7FE 
 131      C6AFD194 
 131      6467
 132 0012 568AB29A 		.ascii	"V\212\262\232y\341_\260\021Vf/\241,~Ef\262\365F\303"
 132      79E15FB0 
 132      1156662F 
 132      A12C7E45 
 132      66B2F546 
 133 0027 7A320AF9 		.ascii	"z2\012\371H\243\311\347\370X\2222l(1)\231\262`\026\243"
 133      48A3C9E7 
 133      F8589232 
 133      6C283129 
 133      99B26016 
 134 003c 7C940C53 		.ascii	"|\224\014S\323,\304}\303\006\257\367\272\367\274s\272"
 134      D32CC47D 
 134      C306AFF7 
 134      BAF7BC73 
 134      BA
 135 004d F71C8BFE 		.ascii	"\367\034\213\376\037\257<\007D\355Ra\0218zA\024v3`\032"
 135      1FAF3C07 
 135      44ED5261 
 135      11387A41 
 135      14763360 
 136 0062 028D3246 		.ascii	"\002\2152F\361\310y\306\336V\341\334\363\300%\246:\022"
 136      F1C879C6 
 136      DE56E1DC 
 136      F3C025A6 
 136      3A12
 137 0074 B83F793A 		.ascii	"\270?y:c\033\010\227\201\231\353\231LecB\353\261\327"
 137      631B0897 
 137      8199EB99 
 137      4C656342 
 137      EBB1D7
ARM GAS  C:\cygwin\tmp\ccrpOAvb.s 			page 10


 138 0087 E3436776 		.ascii	"\343CgvjI\030\246w&\254\300\213U\230EXC\243\321\346"
 138      6A4918A6 
 138      7726ACC0 
 138      8B559845 
 138      5843A3D1 
 139 009c 231F198F 		.ascii	"#\037\031\217\035\321ZW\1770\031\221p\353\260\305\007"
 139      1DD15A57 
 139      7F301991 
 139      70EBB0C5 
 139      07
 140 00ad 6DD7A4F4 		.ascii	"m\327\244\364\347\347\362\342\374\245\313b23('\317\270"
 140      E7E7F2E2 
 140      FCA5CB62 
 140      32332827 
 140      CFB8
 141 00bf B91720D5 		.ascii	"\271\027 \325\272\301\361\376\336\342S\377\257I\331"
 141      BAC1F1FE 
 141      DEE253FF 
 141      AF49D9
 142 00ce 481CE521 		.ascii	"H\034\345!\357\214?;\010\033\260e\303&\354\"\233$/g"
 142      EF8C3F3B 
 142      081BB065 
 142      C326EC22 
 142      9B242F67 
 143 00e2 271315C6 		.ascii	"'\023\025\306\272%\264.\333\277\313\245/\335\345/2p"
 143      BA25B42E 
 143      DBBFCBA5 
 143      2FDDE52F 
 143      3270
 144 00f4 3AFDBCCE 		.ascii	":\375\274\316\013\230\013G\265\273\304.$%\303\226\311"
 144      0B980B47 
 144      B5BBC42E 
 144      2425C396 
 144      C9
 145 0105 205C3196 		.ascii	" \\1\226KV\3716t$\374zpu\326P\342\012lc\001o\342\262"
 145      4B56F936 
 145      7424FC7A 
 145      7075D650 
 145      E20A6C63 
 146 011d BC482447 		.ascii	"\274H$G\261B\202UR$)o\211m\354\300\207z\357\017\217"
 146      B1428255 
 146      5224296F 
 146      896DECC0 
 146      877AEF0F 
 147 0132 5D28BA45 		.ascii	"](\272E8;\036\2575\206\213&\243\204\204\011'm\255\337"
 147      383B1EAF 
 147      35868B26 
 147      A3848409 
 147      276DADDF 
 148 0146 AFBEEF60 		.ascii	"\257\276\357`P\015\3648*8\334\253\202!\177/\251\277"
 148      500DF438 
 148      2A38DCAB 
 148      82217F2F 
 148      A9BF
 149 0158 CCD0E070 		.ascii	"\314\320\340p(\250\272\002\235-\315\252\243\243U\005"
 149      28A8BA02 
 149      9D2DCDAA 
ARM GAS  C:\cygwin\tmp\ccrpOAvb.s 			page 11


 149      A3A35505 
 150 0168 DA3A479A 		.ascii	"\332:G\232D\333\3558}\376\001\372\002\203u\233\032"
 150      44DBED38 
 150      7DFE01FA 
 150      0283759B 
 150      1A
 151              		.text
 152              		.section	.gnu.lto_.symbol_nodes.652bcd13,"",%progbits
 153 0000 789C55C8 		.ascii	"x\234U\310;\021\2000\024D\321\3736d&n\221\260\341#\000"
 153      3B118030 
 153      1444D1FB 
 153      3664266E 
 153      91B0E123 
 154 0015 050C057A 		.ascii	"\005\014\005z\320\200\022\240\200\202\234\362$\240\347"
 154      D08012A0 
 154      80829CF2 
 154      24A0E7
 155 0024 A33B0CCB 		.ascii	"\243;\014\313\0016\353VP\225\243\211AV\023\243\234\232"
 155      0136EB56 
 155      5095A389 
 155      415613A3 
 155      9C9A
 156 0036 98E4EE1F 		.ascii	"\230\344\356\0371\313\371\015j-$2\373y\005\017\341\323"
 156      31CBF90D 
 156      6A2D2432 
 156      FB79050F 
 156      E1D3
 157 0048 1EB5     		.ascii	"\036\265"
 158              		.text
 159              		.section	.gnu.lto_.refs.652bcd13,"",%progbits
 160 0000 789C6366 		.ascii	"x\234cf```d\200\002\000\000=\000\005"
 160      60606064 
 160      80020000 
 160      3D0005
 161              		.text
 162              		.section	.gnu.lto_.decls.652bcd13,"",%progbits
 163 0000 789CB557 		.ascii	"x\234\265W{LT\331\031\277\347\236a\200a\000\213\251"
 163      7B4C54D9 
 163      19BFE79E 
 163      61806100 
 163      8BA9
 164 0012 6B49D3B2 		.ascii	"kI\323\262\330\020kD\024m\2336iV\213f\327\354\272k\006"
 164      D8106B44 
 164      146D9B36 
 164      69568B66 
 164      D7ECBA6B 
 165 0027 9B6C22C9 		.ascii	"\233l\"\311,E\024\022\036\206\031\233\356\177\227\207"
 165      2C451412 
 165      1E86199B 
 165      EE7F9787 
 166 0037 CBC30788 		.ascii	"\313\303\007\210\240<DGy\012\212`E\026T@\324qP^**>A"
 166      A03C4447 
 166      790A8A60 
 166      45165440 
 166      D471505E 
 167 004f 5CC507AE 		.ascii	"\\\305\007\256\203\217\005|0\375\3169\367\336\271\334"
 167      838F057C 
ARM GAS  C:\cygwin\tmp\ccrpOAvb.s 			page 12


 167      30FDCE39 
 167      F7DEB9DC 
 168 005f 8ED6A6E9 		.ascii	"\216\326\246\351\015\337\334\363\235\363\373~\347{\234"
 168      0DDFDCF3 
 168      9DF3FB7E 
 168      E77B9C
 169 006e 7BEF07E6 		.ascii	"{\357\007\3468\316\2028\316\001\327\254i\034\267\223"
 169      38CE8238 
 169      CE01D7AC 
 169      691CB793 
 170 007e E7382DCC 		.ascii	"\3478-\314\255\344\234\027\321\017\200\034\0039\001"
 170      ADE49C17 
 170      D10F801C 
 170      033901
 171 008d D20AD20E 		.ascii	"\322\012\322\016r\232\373\367\213\340\260h\177\006d"
 171      729AFBF7 
 171      8BE0B068 
 171      7F0664
 172 009c BF38CF8B 		.ascii	"\2778\317\213k\256l\010\257\207h\343\003\242\007i\004"
 172      6BAE6C08 
 172      AF8768E3 
 172      03A20769 
 172      04
 173 00ad F104BFDC 		.ascii	"\361\004\277\334A\356\300\270C\344\345A\177\001\367"
 173      41EEC0B8 
 173      43E4E541 
 173      7F01F7
 174 00bc D72227B1 		.ascii	"\327\"'\261\365\2029\370\343\374\321T^\342\253F\344"
 174      F58239F8 
 174      E3FCD154 
 174      5EE2AB46 
 174      E4
 175 00cd 95B8080F 		.ascii	"\225\270\010\017R\330\023\314/Uv\234\030\343\207\370"
 175      52D813CC 
 175      2F55769C 
 175      18E387F8 
 176 00dd 84449F78 		.ascii	"\204D\237x\321\346W\242/A*N\222/\367\377\202\213\340"
 176      D1E657A2 
 176      2F412A4E 
 176      922FF7FF 
 176      828BE0
 177 00f0 678B5C73 		.ascii	"g\213\\sT\\\243<j\252}\321\345\365\200G>\272\000\242"
 177      545CA33C 
 177      6AAA7DD1 
 177      E5F58047 
 177      3EBA00A2 
 178 0104 36E7DA0A 		.ascii	"6\347\332\012\264\240\352u\032\242\036{=\324\247\371"
 178      B4A0EA75 
 178      1AA21E7B 
 178      3DD4A7F9 
 179 0114 285F802B 		.ascii	"(_\200+'U\230\246A+g\240J\344\217\252\220?0\356G\037"
 179      275598A6 
 179      412B67A0 
 179      4AE48FAA 
 179      903F30EE 
 180 012a C1EF6A0D 		.ascii	"\301\357j\015c\2624\246=\323`\330\026\306\245\005w\372"
 180      63B234A6 
ARM GAS  C:\cygwin\tmp\ccrpOAvb.s 			page 13


 180      3DD360D8 
 180      16C6A505 
 180      77FA
 181 013c 7473ABC1 		.ascii	"ts\253\301,Ch\263!\347v\367k\357\025\361\001\273\005"
 181      2C4368B3 
 181      21E776F7 
 181      6BEF15F1 
 181      01BB05
 182 014f 4B9DBD6A 		.ascii	"K\235\275j\362\232^\260\011m\016\307'\224\012U#\214"
 182      F29A5EB0 
 182      096D0EC7 
 182      27940A55 
 182      238C
 183 0161 6AD05C82 		.ascii	"j\320\\\202$cj\202\016\240\0000\353\336m9\342\213\347"
 183      24636A82 
 183      0EA00030 
 183      EBDE6D39 
 183      E28BE7
 184 0174 50EED696 		.ascii	"P\356\326\226q\253\016/\242\343\315\031\203\035:\374"
 184      71AB0E2F 
 184      A2E3CD19 
 184      831D3AFC 
 185 0184 673A4EAE 		.ascii	"g:N\2568\266\331\035\\\377XGw\032(\236(\363\244*9\221"
 185      38B6D91D 
 185      5CFF5847 
 185      771A289E 
 185      28F3A42A 
 186 019a BE30C5DB 		.ascii	"\2760\305\333\356\013\245>(HW\006~\331\013J\207>K\025"
 186      EE0BA53E 
 186      28485706 
 186      7ED90B4A 
 186      873E4B15 
 187 01ae 16A37F22 		.ascii	"\026\243\177\"\035:$\357L\255\311\225!\010)$fO\233\017"
 187      1D3A24EF 
 187      4CADC995 
 187      21082924 
 187      664F9B0F 
 188 01c2 27878C0E 		.ascii	"'\207\214\016\243 @P,\252\203\311z\230\004\3423oZ\322"
 188      A3204050 
 188      2CAA83C9 
 188      7A9804E2 
 188      336F5AD2 
 189 01d6 DC902EC8 		.ascii	"\334\220.\310\265Q\203\013#\352Bg\371\316\031\202\240"
 189      B551830B 
 189      23EA4267 
 189      F9CE1982 
 189      A0
 190 01e7 4147C085 		.ascii	"AG\300\205Z\247\013\340\221\224/\376Imn\003\222\\~0"
 190      5AA70BE0 
 190      91942FFE 
 190      496D6E03 
 190      925C7E30 
 191 01fb 5CF47382 		.ascii	"\\\364s\202o\004\374A'\376\010z\257\317G]\372\214\352"
 191      6F04FC41 
 191      27FE087A 
 191      AFCF475D 
 191      FA8CEA
ARM GAS  C:\cygwin\tmp\ccrpOAvb.s 			page 14


 192 020e B7DCCE74 		.ascii	"\267\334\316t\327\300\011\241t\253i\271\257\365g\316"
 192      D7C009A1 
 192      74AB69B9 
 192      AFF567CE 
 193 021e 7E67B59B 		.ascii	"~g\265\233h\265\277Gb\271\033\232{Gt8\237\325\273\247"
 193      68B5BF47 
 193      62B91B9A 
 193      7B477438 
 193      9FD5BBA7 
 194 0232 BEF5AA17 		.ascii	"\276\365\252\027\224u\020\312\332\373\035.\024,)\302"
 194      947510CA 
 194      DAFB1D2E 
 194      142C29C2 
 195 0242 A4C381A8 		.ascii	"\244\303\201\250\025jV\024\266Y*\3541Z\330\354M\217"
 195      156A5614 
 195      B6592AEC 
 195      315AD8EC 
 195      4D8F
 196 0254 36F2781F 		.ascii	"6\362x\037c9\237|*YKY,-\245Zv4\350\3118\256 8.\021\234"
 196      63399F7C 
 196      2A594B59 
 196      2C2DA55A 
 196      7634E8C9 
 197 026f A0047555 		.ascii	"\240\004uU\366\026o\\\313\010nV^\275\314\334\260\334"
 197      F6166F5C 
 197      CB086E56 
 197      5EBDCCDC 
 197      B0DC
 198 0281 94098807 		.ascii	"\224\011\210\007-\012\202\026\211\240\225\022|\177\261"
 198      2D0A8216 
 198      89A09512 
 198      7C7FB1
 199 0290 6FCC5D19 		.ascii	"o\314]\0314I\2073\352\266)g\374\340\340\370c=nb\273"
 199      34498733 
 199      EAB62967 
 199      FCE0E0F8 
 199      633D6E62 
 200 02a5 15161687 		.ascii	"\025\026\026\207\322\315\006\337\334\265:\2172X\240"
 200      D2CD06DF 
 200      DCB53A8F 
 200      3258A0
 201 02b4 938AFD4E 		.ascii	"\223\212\375NJ\373\265\323\375.\025\345\036A\3704\243"
 201      4AFBB5D3 
 201      FD2E15E5 
 201      1E41F834 
 201      A3
 202 02c5 682C9EC8 		.ascii	"h,\236\310\303\204C\260W\235\037[\274-5\247L\030t8~"
 202      C38443B0 
 202      579D1F5B 
 202      BC2D35A7 
 202      4C187438 
 203 02da CD1E8853 		.ascii	"\315\036\210S\012\226S\022\313i\312r\273\240-K\243\317"
 203      0A965312 
 203      CB69CA72 
 203      BBA02D4B 
 203      A3CF
 204 02ec 72169C1A 		.ascii	"r\026\234\0328\335>\203\364\024\015w@[\037\266l\325"
ARM GAS  C:\cygwin\tmp\ccrpOAvb.s 			page 15


 204      38DD3E83 
 204      F4140D77 
 204      405B1FB6 
 204      6CD5
 205 02fe D3875CD0 		.ascii	"\323\207\\\320\222m\353Zk2=\351S\376\015Q\333\233\322"
 205      926DEB5A 
 205      6B323DE9 
 205      53FE0D51 
 205      DB9BD2
 206 0311 4B3458C0 		.ascii	"K4X\300\324\245'\355e\377\320\301IJ\375\260\203\014"
 206      D4A527ED 
 206      65FFD0C1 
 206      494AFDB0 
 206      830C
 207 0323 1669858E 		.ascii	"\026i\205\216\227\030of\346E\023\207\366{\341\034Q)"
 207      97186F66 
 207      E6451387 
 207      F67BE11C 
 207      5129
 208 0335 3C7B4383 		.ascii	"<{C\203\363\230R\226\277\343\200\033\335\324\203>\272"
 208      F3985296 
 208      BFE3801B 
 208      DDD4833E 
 208      BA
 209 0346 3D7DD99E 		.ascii	"=}\331\236\270\220\255U\344\215e\372\342\335L9?4\376"
 209      B890AD55 
 209      E48D65FA 
 209      E2DD4C39 
 209      3F34FE
 210 0359 5C4F81D3 		.ascii	"\\O\201\323\210:\361\272\357\032\217\367\262\265sW\356"
 210      883AF1BA 
 210      EF1A8FF7 
 210      B2B57357 
 210      EE
 211 036a EC73C3E5 		.ascii	"\354s\303\345L)\034\353\264\372R\340L\242\216\025\247"
 211      4C291CEB 
 211      B4FA52E0 
 211      4CA28E15 
 211      A7
 212 037b A6FAE21A 		.ascii	"\246\372\342\032\266f\251|\353\360\301\365L\221^rz\366"
 212      B666A97C 
 212      EBF0C1F5 
 212      4C915E72 
 212      7AF6
 213 038d 92DB75F2 		.ascii	"\222\333u\362\321\005o|\224\255=\037J\231D\270\231)"
 213      D1056F7C 
 213      94AD3D1F 
 213      4A9944B8 
 213      9929
 214 039f 5543DDB9 		.ascii	"UC\335\271\336\0248\233\250{\362&\302p\013[j\036\335"
 214      DE14389B 
 214      A87BF226 
 214      C2700B5B 
 214      6A1EDD
 215 03b2 F4C203B7 		.ascii	"\364\302\003\2673e`l\240\335\235\342\346\0235\377\370"
 215      3365606C 
 215      A0DD9DE2 
ARM GAS  C:\cygwin\tmp\ccrpOAvb.s 			page 16


 215      E61335FF 
 215      F8
 216 03c3 AE5C4F96 		.ascii	"\256\\O\226_\272\274\265\266\3549s\014S\326\2757;1\311"
 216      5FBABCB5 
 216      B6EC3973 
 216      0C53D6BD 
 216      373B31C9 
 217 03d7 A920154B 		.ascii	"\251 \025K\257<b\003\344\371E\263\375\321m\226\317\222"
 217      AF3C6203 
 217      E4F945B3 
 217      FDD16D96 
 217      CF92
 218 03e9 C7BDD5BE 		.ascii	"\307\275\325\276~9\024.\010\001f\372~\270\005\360^\012"
 218      7E39142E 
 218      080166FA 
 218      7EB805F0 
 218      5E0A
 219 03fb 1F447E92 		.ascii	"\037D~\222\021A\357\274\\ewW\242;\336\207\316\332\221"
 219      1141EFBC 
 219      5C657757 
 219      A23BDE87 
 219      CEDA91
 220 040e 6745D8CA 		.ascii	"gE\330\312\242\270\234|\377\012\217\3171\345pi\371Q"
 220      A2B89C7C 
 220      FF0A8FCF 
 220      31E57069 
 220      F951
 221 0420 762616D3 		.ascii	"v&\026\323\020\256^\270\354\216{\304\374\325\347L\370"
 221      10AE5EB8 
 221      EC8E7BC4 
 221      FCD5E74C 
 221      F8
 222 0431 D0B5CF88 		.ascii	"\320\265\317\210\332\321\260\245M\207/\261\265\2675"
 222      DAD1B0A5 
 222      4D872FB1 
 222      B5B735
 223 0440 3F8CF3B8 		.ascii	"?\214\363\270\237)\303-#\002O\201+\211z\373\311\226"
 223      9F29C32D 
 223      23024F81 
 223      2B897AFB 
 223      C996
 224 0452 010F7C63 		.ascii	"\001\017|c\352\006>l\203\254M\365\016\367w'eDJ\312o"
 224      EA063E6C 
 224      83AC4DF5 
 224      0EF77727 
 224      65444ACA 
 225 0467 694E924B 		.ascii	"iN\222K\312\007\261\030\245E\312\311c@wQ\364\023\032"
 225      CA07B118 
 225      A545CAC9 
 225      63407751 
 225      F4131A
 226 047a E58814E5 		.ascii	"\345\210\024\345h\177Z\217\227\022\335\361>t\327OU%"
 226      687F5A8F 
 226      9712DDF1 
 226      3E74D74F 
 226      5525
 227 048c 5A7C8779 		.ascii	"Z|\207y\231q<\257\202\245\341kPg\334\350I?\344\215\002"
ARM GAS  C:\cygwin\tmp\ccrpOAvb.s 			page 17


 227      99713CAF 
 227      82A5E16B 
 227      5067DCE8 
 227      493FE48D 
 228 04a1 D9353D50 		.ascii	"\3315=Pq\005\005Z\204\264T{wv\363\347\333S\205\262\231"
 228      7105055A 
 228      84B4547B 
 228      7776F3E7 
 228      DB5385B2 
 229 04b6 748F07F0 		.ascii	"t\217\007\360\304\216\243\351\316G\346!\335p\016\374"
 229      C48EA3E9 
 229      CE47E621 
 229      DD700EFC 
 230 04c6 70046E19 		.ascii	"p\004n\0318\250\265\315\247\320a5\364>\205V\"\031\333"
 230      38A8B5CD 
 230      A7D06135 
 230      F43E8556 
 230      2219DB
 231 04d9 23632FAB 		.ascii	"#c/\253\261WT\264\347eh\217\032\332\253\202^\227\241"
 231      B15754B4 
 231      E765688F 
 231      1ADAAB82 
 231      5E97A1
 232 04ec D7D5D06B 		.ascii	"\327\325\320kj\017\272el\237\032{I\215\355\222\261\027"
 232      6A0FBA65 
 232      6C9F1A7B 
 232      498DED92 
 232      B117
 233 04fe 5D63A90B 		.ascii	"]c\251\013\333\304s\272\330\314!+\254\237\245K\004\015"
 233      DBC473BA 
 233      D8CC212B 
 233      AC9FA54B 
 233      040D
 234 0510 6F15B491 		.ascii	"o\025\264\221\017B\257P \232\000\021\370@\364\032\356"
 234      0F42AF50 
 234      209A0011 
 234      F840F41A 
 234      EE
 235 0521 2F409261 		.ascii	"/@\222a<\006\367\237@\236\203\274\005I\203\271\227p"
 235      3C06F79F 
 235      409E83BC 
 235      054983B9 
 235      9770
 236 0533 9F044981 		.ascii	"\237\004I\201q*\310\033\030?\003\031\005\371\016t\007"
 236      712AC81B 
 236      183F0319 
 236      05F90E74 
 236      07
 237 0544 0AA42F4D 		.ascii	"\012\244/M\352\240Mv\360\274\332\301\331\252XZe\350"
 237      EAA04D76 
 237      F0BCDAC1 
 237      D9AA585A 
 237      65E8
 238 0556 39975067 		.ascii	"9\227Pg6\317\311\310n5\262K\235\241\3332\366\236\353"
 238      36CFC9C8 
 238      6E35B24B 
 238      9DA1DB32 
ARM GAS  C:\cygwin\tmp\ccrpOAvb.s 			page 18


 238      F69EEB
 239 0569 DA3B69FB 		.ascii	"\332;i\373e\350U\327\245W\320\336\220\2617\324\330\233"
 239      65E855D7 
 239      A557D0DE 
 239      90B137D4 
 239      D89B
 240 057b 5368932D 		.ascii	"Sh\223-\217\202\001\371#\362COE\244\364L \273\312\201"
 240      8F8201F9 
 240      23F2434F 
 240      45A4F44C 
 240      20BBCA81 
 241 058f 0E99B4D3 		.ascii	"\016\231\264\323u\\Nh\247\014\275\340\372\354\311\276"
 241      755C4E68 
 241      A70CBDE0 
 241      FAECC9BE 
 242 059f 265B6E12 		.ascii	"&[n\022\007\356\200\003C\"TzQ\211\256*\302\272%\323"
 242      07EE8003 
 242      4322547A 
 242      5189AE2A 
 242      C2BA25D3 
 243 05b3 DE55D3FE 		.ascii	"\336U\323\376\240\306^\223\261\375\256\3174\365\226"
 243      A0C65E93 
 243      B1FDAECF 
 243      34F596
 244 05c2 F450832D 		.ascii	"\364P\203-\007\265\002\"\020N\372\264r\362\021\031|"
 244      07B50222 
 244      104EFAB4 
 244      72F21119 
 244      7C
 245 05d3 78B01BBE 		.ascii	"x\260\033\276\343\214\351\221\353G\231\355\012\235\331"
 245      E38CE991 
 245      EB4799ED 
 245      0A9DD9
 246 05e2 597BD324 		.ascii	"Y{\323$F\323\203\\\235h\224\001\007\371\377}\250i8\217"
 246      46D3835C 
 246      9D689401 
 246      07F9FF7D 
 246      A869388F 
 247 05f6 E33D503A 		.ascii	"\343=P:?\035\331\234\355 \211Mj\267O\354\261\216\272"
 247      3F1DD99C 
 247      ED20894D 
 247      6AB74FEC 
 247      B18EBA
 248 0609 4F691308 		.ascii	"Oi\023\010\330\371\226\315\344Y\233\000w@\357h\030\016"
 248      D8F996CD 
 248      E4599B00 
 248      7740EF68 
 248      180E
 249 061b C7851AFA 		.ascii	"\307\205\032\372\036|\232\322\233\352\015\235I\033t"
 249      1E7C9AD2 
 249      9BEA0D9D 
 249      491B74
 250 062a 749B2A23 		.ascii	"t\233*#s\341\025G;\023\213\007m\250\262xgk\002c\326"
 250      73E11547 
 250      3B138B07 
 250      6DA8B278 
 250      676B0263 
ARM GAS  C:\cygwin\tmp\ccrpOAvb.s 			page 19


 251 063f 9A6CE249 		.ascii	"\232l\342Ikb\253)\371\006\037\240,\232\273\273\352\216"
 251      6B62AB29 
 251      F9061FA0 
 251      2C9ABBBB 
 251      EA8E
 252 0651 FAA2207F 		.ascii	"\372\242 \177\177\332\300f@\273\235\303\353\320f\321"
 252      7FDAC066 
 252      40BB9DC3 
 252      EBD066D1 
 253 0661 805D0530 		.ascii	"\200]\0050?\376\011Y\200\241\007\275\323F\326\236+\340"
 253      3FFE0959 
 253      80A107BD 
 253      D346D69E 
 253      2BE0
 254 0673 991C9A4B 		.ascii	"\231\034\232K?\001h\013d\221,q(\233\367G[y\372U\030"
 254      3F01680B 
 254      64912C71 
 254      289BF747 
 254      5B79FA55 
 255 0688 DA3E9AE9 		.ascii	"\332>\232\351\246\023\321\031\377\011]\234s\261\220"
 255      A613D119 
 255      FF095D9C 
 255      73B190
 256 0697 75413144 		.ascii	"uA1D\0359l\261z\3207\2757\355\0366\3323uT\325S\365Y"
 256      1D396CB1 
 256      7AD037BD 
 256      37ED1E36 
 256      DA337554 
 257 06af CD6BCDBB 		.ascii	"\315k\315\273?O\371\274\370y\312c\334\235\331g\372\365"
 257      3F4FF9BC 
 257      F879CA63 
 257      DC9DD967 
 257      FAF5
 258 06c1 CEAF30A2 		.ascii	"\316\2570\242q\346\302\336\333y\002\337\301\373IF\004"
 258      71E6C2DE 
 258      DB7902DF 
 258      C1FB4946 
 258      04
 259 06d2 5DF3A0E1 		.ascii	"]\363\240\341\020\257Do{\037\372^n\276\035\343zV\227"
 259      10AF446F 
 259      7B1FFA5E 
 259      6EBE1DE3 
 259      7A5697
 260 06e5 A67BBD47 		.ascii	"\246{\275G0nf\312\266[\305\035x\326^\241\327b\257\352"
 260      306E66CA 
 260      B65BC51D 
 260      78D65EA1 
 260      D762AFEA 
 261 06f9 B3A2E49C 		.ascii	"\263\242\344\234A\340#=/\332\311\373\241\002\250\021"
 261      41E0233D 
 261      2FDAC9FB 
 261      A102A811 
 262 0709 74D90AE2 		.ascii	"t\331\012\342B\222xT\201x\016\025\361\263\310\377i/"
 262      42927854 
 262      81780E15 
 262      F1B3C8FF 
 262      692F
ARM GAS  C:\cygwin\tmp\ccrpOAvb.s 			page 20


 263 071b 1B1BDDB0 		.ascii	"\033\033\335\260M\244.\332\223\356+\225\274vJ\311Is"
 263      4DA42EDA 
 263      93EE2B95 
 263      BC764AC9 
 263      4973
 264 072d 59AC2879 		.ascii	"Y\254(y\261T\362]\264\344\267.TW\373\340\353\214\306"
 264      B154F25D 
 264      B4E4B72E 
 264      5457FBE0 
 264      EB8CC6
 265 0740 FA63F739 		.ascii	"\372c\3679\035\245\261t\226\263&\274U\370\230\236\232"
 265      1DA5B174 
 265      96B326BC 
 265      55F8989E 
 265      9A
 266 0751 12054589 		.ascii	"\022\005E\211D\261\233RH\337]\037\372\335E\3039U\207"
 266      44B19B52 
 266      48DF5D1F 
 266      FADD45C3 
 266      395587
 267 0764 580FE845 		.ascii	"X\017\350E\324-\257F\273X\003\242#\352\253\211\263\311"
 267      D42DAF46 
 267      BB5803A2 
 267      23EAAB89 
 267      B3C9
 268 0776 DA771767 		.ascii	"\332w\027g\237T\234\275\2548\266\264\352\036ouq\366"
 268      9F549CBD 
 268      AC38B6B4 
 268      EA1E6F75 
 268      71F6
 269 0788 40562C34 		.ascii	"@V,4+\2454\335\373\244tO\2168:|\325\305y'\272\351\351"
 269      2BA534DD 
 269      FBA4744F 
 269      8E383A7C 
 269      D5C57927 
 270 079f F66C77FC 		.ascii	"\366lw\374\230\205\3361l\255\323\212\3658~VY\2172\261"
 270      9885DE31 
 270      6CADD38A 
 270      F5387E56 
 270      598F32B1 
 271 07b3 1EF03F87 		.ascii	"\036\360?\207\202\253\334Y\217\012Z\017\233e\354\226"
 271      82ABDC59 
 271      8F0A5A0F 
 271      9B65EC96 
 272 07c3 2F9E606C 		.ascii	"/\236`l)\315\311\025nR=\232\227"
 272      29CDC915 
 272      6E523D9A 
 272      97
 273 07d0 6F57D483 		.ascii	"oW\324\203\374\217Q\251Hf\245\224\314*\232\314\323="
 273      FC8F51A9 
 273      4866A594 
 273      CC2A9ACC 
 273      D33D
 274 07e2 2F0F239C 		.ascii	"/\017#\234\345Fiz\323\323\237\270\211N\275q\351T\373"
 274      E546697A 
 274      D3D39FB8 
 274      894EBD71 
ARM GAS  C:\cygwin\tmp\ccrpOAvb.s 			page 21


 274      E954FB
 275 07f5 14A7F63B 		.ascii	"\024\247\366;\235\252\346gqZ\223yyB\254Y\373\351\227"
 275      9DAAE667 
 275      715A9379 
 275      7942AC59 
 275      FBE997
 276 0808 7F0D08E3 		.ascii	"\177\015\010\343~1o^\010\373K4\205\304D\306\205\230"
 276      7E316F5E 
 276      08FB4B34 
 276      85C444C6 
 276      8598
 277 081a 92A2424C 		.ascii	"\222\242BL\346yQ\234\247\351[\22396>\332h\366\330\020"
 277      E679519C 
 277      A7E95B93 
 277      39363EDA 
 277      68F6D810 
 278 082e 9B605E18 		.ascii	"\233`^\030j4\353\214Fi\270:\352O\021\353\223\022\327"
 278      6A34EB8C 
 278      4669B83A 
 278      EA4F11EB 
 278      9312D7
 279 0841 2545C607 		.ascii	"%E\306\007\254\215\215\2136E\254\213\212\012\216L\212"
 279      AC8D8D8B 
 279      3645AC8B 
 279      8A0A8E4C 
 279      8A
 280 0852 0F4E484C 		.ascii	"\017NHL\210\016\216\216\374[l\360\"\343\037\203C\347"
 280      880E8E8E 
 280      FC5B6CF0 
 280      22E31F83 
 280      43E7
 281 0864 2F581431 		.ascii	"/X\0241e:\"6!*n\303\232\350\210\370\310\250\230\330"
 281      653A2236 
 281      212A6EC3 
 281      9AE888F8 
 281      C8A898D8 
 282 0878 84E808E3 		.ascii	"\204\350\010\343\232\350\265\221\033\342\314F\363\267"
 282      9AE8B591 
 282      1BE2CC46 
 282      F3B7
 283 0886 EBA34DF3 		.ascii	"\353\243M\363b\270\317\377wn\223y\0158\012\\\277Q\306"
 283      62B8CFFF 
 283      776E9379 
 283      0D380A5C 
 283      BF51C6
 284 0899 97640E11 		.ascii	"\227d\016\021\001!Q1$<qC\275\311\034n\216L2/\211\003"
 284      01215131 
 284      243C7143 
 284      BDC91C6E 
 284      8E4C322F 
 285 08af 362FA224 		.ascii	"6/\242$\256\247c\035\214\243\315\322\360\323h\031a\214"
 285      AEA7631D 
 285      8CA3CDD2 
 285      F0D36819 
 285      618C
 286 08c1 8B5B638C 		.ascii	"\213[c\214\2054\206\250\363\267>1\311l\012\011_\265"
 286      853486A8 
ARM GAS  C:\cygwin\tmp\ccrpOAvb.s 			page 22


 286      F3B73E31 
 286      C96C0A09 
 286      5FB5
 287 08d3 626168C8 		.ascii	"bah\310\027_,\015Y\265|\305\337\027\2040\013\330\012"
 287      175F2C0D 
 287      59B57CC5 
 287      DF178430 
 287      0BD80A
 288 08e6 6CE349FE 		.ascii	"l\343I\376b\343\215f\034fX\000\022\252\011_\021f\320"
 288      62E38D66 
 288      1C665800 
 288      12AA095F 
 288      1166D0
 289 08f9 2C5DBECC 		.ascii	",]\276\314\300\207\033\360\262O\015naa+\014\013\350"
 289      C0871BF0 
 289      B24F0D6E 
 289      61612B0C 
 289      0BE8
 290 090b 6FA8262C 		.ascii	"o\250&,l\231\001\207}\271\012\257\014\017\303K\014\006"
 290      6C990187 
 290      7DB90AAF 
 290      0C0FC34B 
 290      0C06
 291 091d 6C08031D 		.ascii	"l\010\003\035\014\376\262t\225\001/%\226+\226\030\370"
 291      0CFEB274 
 291      95012F25 
 291      962B9618 
 291      F8
 292 092e AF98D542 		.ascii	"\257\230\325B\300\177m\010\375P\257D_\3001?1(\023I\204"
 292      C07F6D08 
 292      FD50AF44 
 292      5FC0313F 
 292      31281349 
 293 0943 3192C4A9 		.ascii	"1\222\304\251\211\212\211L\3620\032\327nH\2102\032\275"
 293      898A894C 
 293      F2301AD7 
 293      6E488832 
 293      1ABD
 294 0955 A5C1BCDF 		.ascii	"\245\301\274\337\377!t\321\317dx\342z\206\236&\315D"
 294      FF2174D1 
 294      CF6478E2 
 294      7A869E26 
 294      CD44
 295 0967 8BE64A83 		.ascii	"\213\346J\203\205\013\244\345u.\227\177\367/&\265\264"
 295      850BA4E5 
 295      752E977F 
 295      F72F26B5 
 295      B4
 296 0978 A0       		.ascii	"\240"
 297              		.text
 298              		.section	.gnu.lto_.symtab.652bcd13,"",%progbits
 299 0000 7374496E 		.ascii	"stInit\000\000\000\000\000\000\000\000\000\000\000\000"
 299      69740000 
 299      00000000 
 299      00000000 
 299      0000
 300 0012 AC000000 		.ascii	"\254\000\000\000stStartAlarm\000\000\000\000\000\000"
ARM GAS  C:\cygwin\tmp\ccrpOAvb.s 			page 23


 300      73745374 
 300      61727441 
 300      6C61726D 
 300      00000000 
 301 0028 00000000 		.ascii	"\000\000\000\000\000\000\273\000\000\000stStopAlarm"
 301      0000BB00 
 301      00007374 
 301      53746F70 
 301      416C6172 
 302 003d 00000000 		.ascii	"\000\000\000\000\000\000\000\000\000\000\000\000\275"
 302      00000000 
 302      00000000 
 302      BD
 303 004a 00000073 		.ascii	"\000\000\000stSetAlarm\000\000\000\000\000\000\000\000"
 303      74536574 
 303      416C6172 
 303      6D000000 
 303      00000000 
 304 005f 00000000 		.ascii	"\000\000\000\000\277\000\000\000stGetAlarm\000\000\000"
 304      BF000000 
 304      73744765 
 304      74416C61 
 304      726D0000 
 305 0074 00000000 		.ascii	"\000\000\000\000\000\000\000\000\000\302\000\000\000"
 305      00000000 
 305      00C20000 
 305      00
 306 0081 73745F6C 		.ascii	"st_lld_init\000\000\002\000\000\000\000\000\000\000"
 306      6C645F69 
 306      6E697400 
 306      00020000 
 306      00000000 
 307 0096 0000C400 		.ascii	"\000\000\304\000\000\000"
 307      0000
 308              		.text
 309              		.section	.gnu.lto_.opts,"",%progbits
 310 0000 272D666E 		.ascii	"'-fno-trapv' '-mcpu=cortex-m4' '-mno-thumb-interwor"
 310      6F2D7472 
 310      61707627 
 310      20272D6D 
 310      6370753D 
 311 0033 6B272027 		.ascii	"k' '-mthumb' '-ggdb' '-O2' '-fomit-frame-pointer' '"
 311      2D6D7468 
 311      756D6227 
 311      20272D67 
 311      67646227 
 312 0066 2D66616C 		.ascii	"-falign-functions=16' '-ffunction-sections' '-fdata"
 312      69676E2D 
 312      66756E63 
 312      74696F6E 
 312      733D3136 
 313 0099 2D736563 		.ascii	"-sections' '-fno-common' '-flto'\000"
 313      74696F6E 
 313      73272027 
 313      2D666E6F 
 313      2D636F6D 
 314              		.text
ARM GAS  C:\cygwin\tmp\ccrpOAvb.s 			page 24


 315              		.comm	__gnu_lto_v1,1,1
 316              		.comm	__gnu_lto_slim,1,1
 317              		.ident	"GCC: (GNU Tools for ARM Embedded Processors) 4.9.3 20141119 (release) [ARM/embedded-4_9-br
ARM GAS  C:\cygwin\tmp\ccrpOAvb.s 			page 25


DEFINED SYMBOLS
                            *ABS*:00000000 st.c
                            *COM*:00000001 __gnu_lto_v1
                            *COM*:00000001 __gnu_lto_slim

NO UNDEFINED SYMBOLS
