ARM GAS  C:\cygwin\tmp\cc2WQ7fS.s 			page 1


   1              		.syntax unified
   2              		.cpu cortex-m4
   3              		.fpu softvfp
   4              		.eabi_attribute 20, 1
   5              		.eabi_attribute 21, 1
   6              		.eabi_attribute 23, 3
   7              		.eabi_attribute 24, 1
   8              		.eabi_attribute 25, 1
   9              		.eabi_attribute 26, 1
  10              		.eabi_attribute 30, 2
  11              		.eabi_attribute 34, 1
  12              		.eabi_attribute 18, 4
  13              		.thumb
  14              		.file	"stubs.c"
  15              		.text
  16              	.Ltext0:
  17              		.section	.gnu.lto_.profile.652bf6be,"",%progbits
  18 0000 789C6366 		.ascii	"x\234cf```a\200\000F\006\0031\000\000\352\000O"
  18      60606061 
  18      80004606 
  18      03310000 
  18      EA004F
  19              		.text
  20              		.section	.gnu.lto_.jmpfuncs.652bf6be,"",%progbits
  21 0000 789C6366 		.ascii	"x\234cf\300\016\246\003\261\002\020s2022002}db\334\265"
  21      C00EA603 
  21      B1021073 
  21      32303232 
  21      3030327D 
  22 0018 E2DD4B6E 		.ascii	"\342\335Kny\306\271\0153\024~210\000E\332/L\233\316"
  22      79C6B90D 
  22      33147E32 
  22      31300045 
  22      DA2F4C9B 
  23 002d 52FBBB61 		.ascii	"R\373\273aF\003\307O&F\306\345\214\362@\245+\030k\031"
  23      4603C74F 
  23      2646C6E5 
  23      8CF240A5 
  23      2B186B19 
  24 0041 805A9840 		.ascii	"\200Z\230@\372\230\241Z\227\237\357[\307&\317\001\321"
  24      FA98A15A 
  24      979FEF5B 
  24      C726CF01 
  24      D1
  25 0052 CA04D2FA 		.ascii	"\312\004\322\372w\372\343\0166\230Vf\306\225`\255\253"
  25      77FAE30E 
  25      36985666 
  25      C69560AD 
  25      AB
  26 0063 805A5918 		.ascii	"\200ZY\030\031\031\353YA\004\033\210`\007\361\031\301"
  26      1919EB59 
  26      41041B88 
  26      6007F119 
  26      C1
  27 0074 4EE24030 		.ascii	"N\342@0\031\330\342S+2K\030$\342\343\223+\022\343\013"
  27      19D8E253 
  27      2B324B18 
ARM GAS  C:\cygwin\tmp\cc2WQ7fS.s 			page 2


  27      24E2E393 
  27      2B12E30B 
  28 0088 4A8B52E3 		.ascii	"J\213R\343\3132\213JJ\023s44\025\224\015\031\000\034"
  28      CB328B4A 
  28      4A137334 
  28      3415940D 
  28      19001C
  29 009b A02E4D   		.ascii	"\240.M"
  30              		.text
  31              		.section	.gnu.lto_.inline.652bf6be,"",%progbits
  32 0000 789C6366 		.ascii	"x\234cf\300\0166AiN\006\006\026nF\006& \223\005L20q"
  32      C00E3641 
  32      694E0606 
  32      166E4606 
  32      26209305 
  33 0018 33303002 		.ascii	"300\002!3\023D\230m\201<D\034C\204\231\201\225\027M"
  33      21331344 
  33      986D813C 
  33      441C4384 
  33      99819517 
  34 002d 0D582F0B 		.ascii	"\015X/\013\003;\033P\234\375\206\031\003{\207:X\202"
  34      033B1B50 
  34      9CFD8619 
  34      037B873A 
  34      5882
  35 003f 95818D15 		.ascii	"\225\201\215\025(\304\332\241\016\027b\303\024b\307"
  35      28C4DAA1 
  35      0E1762C3 
  35      1462C7
  36 004e B0820343 		.ascii	"\260\202\003C\204\001\000D\274\012\000"
  36      84010044 
  36      BC0A00
  37              		.text
  38              		.section	.gnu.lto_.pureconst.652bf6be,"",%progbits
  39 0000 789C6366 		.ascii	"x\234cf``\020f\200\000N\006\023F\006&\006f\011\026+"
  39      60601066 
  39      80004E06 
  39      13460626 
  39      06660916 
  40 0015 562B362B 		.ascii	"V+6+v\006\016\006\000\015V\001>"
  40      76060E06 
  40      000D5601 
  40      3E
  41              		.text
  42              		.section	.gnu.lto__exit.652bf6be,"",%progbits
  43 0000 789C6550 		.ascii	"x\234eP\261J\003A\020\2357{9\017\256\221T\022\204\244"
  43      B14A0341 
  43      109D377B 
  43      390FAE91 
  43      541284A4 
  44 0014 09B1B2B3 		.ascii	"\011\261\262\263\327?\360\017D\305\302\372.`\023\334"
  44      D73FF00F 
  44      44C5C2FA 
  44      2E6013DC 
  45 0024 40442B09 		.ascii	"@D+\011\026\346\032mD\214F\023\020,\264\361\300\306"
  45      16E61A6D 
  45      448C4613 
ARM GAS  C:\cygwin\tmp\cc2WQ7fS.s 			page 3


  45      102CB4F1 
  45      C0C6
  46 0036 422590C2 		.ascii	"B%\220\302\306\316\010I#\306h\261\210\304\331\\\351"
  46      C6CE0849 
  46      23C668B1 
  46      88C4D95C 
  46      E9
  47 0047 C0EECCBC 		.ascii	"\300\356\314\274}\363ff\025\375\267993 \232\022\217"
  47      7DF36666 
  47      15FDB739 
  47      3933209A 
  47      128F
  48 0059 1481AB4F 		.ascii	"\024\201\253ODe\217\241\222@\301I\002'A\026@\233\254"
  48      44658FA1 
  48      9240C149 
  48      02274116 
  48      409BAC
  49 006c 1CC89508 		.ascii	"\034\310\225\010\364y\300\250\306\215\310/\034k\255"
  49      F479C0A8 
  49      C68DC82F 
  49      1C6BAD
  50 007b 3F3EEFCA 		.ascii	"?>\357\312\2131\014\023\0159a\340\004\005\313\331\272"
  50      8B310C13 
  50      0D3961E0 
  50      0405CBD9 
  50      BA
  51 008c EAB9CA07 		.ascii	"\352\271\312\007I|\335\374z\364{l\0309\233\336\354\335"
  51      497CDDFC 
  51      7AF47B6C 
  51      18399BDE 
  51      ECDD
  52 009e 47AE4DD9 		.ascii	"G\256M\331\261i\373\373\3626\225?\022\265\270~\251\347"
  52      B169FBFB 
  52      F236953F 
  52      12B5B87E 
  52      A9E7
  53 00b0 1DC30A75 		.ascii	"\035\303\012u(\321\303)28C\206\004\"4\220\267\364A\345"
  53      28D1C329 
  53      32384386 
  53      04223490 
  53      B7F441E5 
  54 00c4 F7D9772B 		.ascii	"\367\331w+B\237Lz\342\034\256\254D\255t\254G\243\327"
  54      429F4C7A 
  54      E21CAEAC 
  54      44AD74AC 
  54      47A3D7
  55 00d7 DA435E66 		.ascii	"\332C^f\355\312\013\350\215ED\275\240\022w<K\263\365"
  55      EDCA0BE8 
  55      8D4544BD 
  55      A012773C 
  55      4BB3F5
  56 00ea 879DDD26 		.ascii	"\207\235\335&\227~\364\216\366\014;C\226R\\\2404\036"
  56      977EF48E 
  56      F60C3B43 
  56      96525CA0 
  56      341E
  57 00fc ACFEDEF7 		.ascii	"\254\376\336\367\263\351\003\035\345\014\247,\262\335"
ARM GAS  C:\cygwin\tmp\cc2WQ7fS.s 			page 4


  57      B3E9031D 
  57      E50CA72C 
  57      B2DD
  58 010a DEAF3942 		.ascii	"\336\2579B\216t<m\330E\023\331\261\016Z(\031\236 \333"
  58      8E743C6D 
  58      D84513D9 
  58      B10E5A28 
  58      199E20DB 
  59 011e 4891FC94 		.ascii	"H\221\374\224\352\3122\342\321\265\202b^\020\026W\202"
  59      EACA32E2 
  59      D1B58262 
  59      5E101657 
  59      82
  60 012f D9557283 		.ascii	"\331Ur\203p9,\006\356\322\332\306zH\177\236\301s\264"
  60      70392C06 
  60      EED2DAC6 
  60      7A487F9E 
  60      C173B4
  61              		.text
  62              		.section	.gnu.lto__getpid.652bf6be,"",%progbits
  63 0000 789C658E 		.ascii	"x\234e\216\275\016\001Q\020\205\347\314n6\033\233 J"
  63      BD0E0151 
  63      1085E7CC 
  63      6E361B9B 
  63      204A
  64 0012 956E3BCF 		.ascii	"\225n;\317\342\031x\204\245\266B\251\020\205\210V\374"
  64      E2197884 
  64      A5B642A9 
  64      10858856 
  64      FC
  65 0023 0735D596 		.ascii	"\0075\325\226\032\022\225BB\"6AEh\024\262f\264nr2s\356"
  65      1A129542 
  65      42223641 
  65      456814B2 
  65      66B46E72 
  66 003a FDE6CC35 		.ascii	"\375\346\3145\350\377\244ESQL\004\203\300\215\015Q\305"
  66      E8FFA445 
  66      53514C04 
  66      83C08D0D 
  66      51C5
  67 004c 66401B02 		.ascii	"f@\033\002\225\031e\\\371\301X\314^k\347\302o\246\014"
  67      9519655C 
  67      F9C158CC 
  67      5E6BE7C2 
  67      6FA60C
  68 005f 895D3657 		.ascii	"\211]6WmK-L\265\373Ft\213\273=\337\367\357\2470\314"
  68      6D4B2D4C 
  68      B5FB4674 
  68      8BBB3DDF 
  68      F7EFA730 
  69 0074 05E69B99 		.ascii	"\005\346\233\231\236L\030 \215!t\017Fp\025}\324>;\307"
  69      9E4C1820 
  69      8D21740F 
  69      4670157D 
  69      D43E3BC7 
  70 0088 AA099A54 		.ascii	"\252\011\232TB\036\306\260 u\236\012\374(\352\266\352"
  70      421EC6B0 
ARM GAS  C:\cygwin\tmp\cc2WQ7fS.s 			page 5


  70      20759E0A 
  70      FC28EAB6 
  70      EA
  71 0099 AEDC9E45 		.ascii	"\256\334\236E\372\207Pr\244\032\007T\202\243\255\250"
  71      FA875072 
  71      A41A0754 
  71      82A3ADA8 
  72 00a9 446C3BFD 		.ascii	"Dl;\375jB\2273\010\223_\372YZ\341d\312\366\212\245\274"
  72      6A429733 
  72      08935FFA 
  72      595AE164 
  72      CAF68AA5 
  73 00be 972DD017 		.ascii	"\227-\320\027h\015C\001"
  73      680D4301 
  74              		.text
  75              		.section	.gnu.lto__kill.652bf6be,"",%progbits
  76 0000 789C658E 		.ascii	"x\234e\216\275j\002Q\020\205\347\314\225ea\021\304r"
  76      BD6A0251 
  76      1085E7CC 
  76      95656111 
  76      C472
  77 0012 2B1BD92E 		.ascii	"+\033\331.\317\220G\3103\250\215\265Z{\005\037`\011"
  77      CF9047C8 
  77      33A88DB5 
  77      5A7B051F 
  77      6009
  78 0024 28629920 		.ascii	"(b\231 \376\205\010vZm#I\241\266v\026\306@\354\024-"
  78      FE850876 
  78      5A6D2349 
  78      A1B67616 
  78      C640EC14 
  79 0039 B2853F33 		.ascii	"\262\205?3Xz\3410s\016\037\347\216\241\307\347\213\346"
  79      587AE130 
  79      730E1FE7 
  79      8EA1C7E7 
  79      8BE6
  80 004b A2A40886 		.ascii	"\242\244\010\206\300\341\222\250\3462\240\013\201\252"
  80      C0E192A8 
  80      E632A00B 
  80      81AA
  81 0059 8C2A767C 		.ascii	"\214*v|`\204\321\260\345\005\035k\355\376\355\253\366"
  81      6084D1B0 
  81      E5051D6B 
  81      EDFEEDAB 
  81      F6
  82 006a 122166A2 		.ascii	"\022!f\242#\337{\320E \314\245\275\014\035\343\201d"
  82      23DF7BD0 
  82      4520CCA5 
  82      BD0C1DE3 
  82      8164
  83 007c 9F7C9E16 		.ascii	"\237|\236\026\336\037\307\214\214\332\351\353w\313Q"
  83      DE1FC78C 
  83      8CDAE9EB 
  83      77CB51
  84 008b CB09B59B 		.ascii	"\313\011\265\233\331\177\303\315\276K[4\030\333\347"
  84      D97FC3CD 
  84      BE4B5B34 
ARM GAS  C:\cygwin\tmp\cc2WQ7fS.s 			page 6


  84      18DBE7
  85 009a 44CC063D 		.ascii	"D\314\006=\030\351C\037>\006\360I\"\302\020Y\305\017"
  85      18E9431F 
  85      3E06F049 
  85      22C21059 
  85      C50F
  86 00ac F5F3CA73 		.ascii	"\365\363\312s\352\202\247\356\177\342\003\016d\216\322"
  86      EA82A7EE 
  86      7FE2030E 
  86      648ED2
  87 00bb 91BD5E7F 		.ascii	"\221\275^\177\232\363@\322\255H\357\376e\326i\326\200"
  87      9AF340D2 
  87      AD48EFFE 
  87      65D669D6 
  87      80
  88 00cc 727AE096 		.ascii	"rz\340\226\241\221\000n\251\\\311\225\236\362\304\305"
  88      A191006E 
  88      A95CC995 
  88      9EF2C4C5 
  89 00dc C20DBB84 		.ascii	"\302\015\273\204LI"
  89      4C49
  90              		.text
  91              		.section	.gnu.lto___cxa_pure_virtual.652bf6be,"",%progbits
  92 0000 789C6366 		.ascii	"x\234cf\300\004R@|\011\210\225\201\230\221\231\201\221"
  92      C0045240 
  92      7C098895 
  92      81989199 
  92      8191
  93 0012 69C23906 		.ascii	"i\3029\006\206F\016&FF\020\203\201\221\241\236\211\261"
  93      86460E26 
  93      46461083 
  93      8191A19E 
  93      89B1
  94 0024 9EF125D3 		.ascii	"\236\361%\323G&\306\011\007V\317\340V_\332\320\320\360"
  94      4726C609 
  94      0756CFE0 
  94      565FDAD0 
  94      D0F0
  95 0036 E1D1F1C6 		.ascii	"\341\321\361\306\200\003\214?\231\030\030>3A\314a\\"
  95      80038C3F 
  95      9918183E 
  95      3341CC61 
  95      5C
  96 0047 CEA8CE00 		.ascii	"\316\250\316\000T\364\261\345\357un\266\026\240\"\001"
  96      54F4B1E5 
  96      EF756EB6 
  96      16A02201 
  97 0057 881CE30A 		.ascii	"\210\034\343\012F6F \275^\350@\303\377\377\217\347\367"
  97      46364620 
  97      BD5EE840 
  97      C3FFFF8F 
  97      E7F7
  98 0069 68323330 		.ascii	"h230<\001\312\200\314\177\312\304\004\242\231\3570\266"
  98      3C01CA80 
  98      CC7FCAC4 
  98      04A299EF 
  98      30B6
ARM GAS  C:\cygwin\tmp\cc2WQ7fS.s 			page 7


  99 007b 1CF8CF03 		.ascii	"\034\370\317\003R\0122c\336\345\276uL\265\277\033:\032"
  99      520A3263 
  99      DEE5BE75 
  99      4CB5BF1B 
  99      3A1A
 100 008d 387E3231 		.ascii	"8~21~f\002jg\\\311X\013\222Z~\276o\035\233<\367\334"
 100      7E66026A 
 100      675CC958 
 100      0B925A7E 
 100      BE6F1D9B 
 101 00a4 86190A3F 		.ascii	"\206\031\012?\201z\201\"\177\247?\356`\003*\236\321"
 101      817A8122 
 101      7FA73FEE 
 101      60032A9E 
 101      D1
 102 00b5 7040EE27 		.ascii	"p@\356'\0233\343*Fy\2609\214\253\031k\1772\2610\334"
 102      1333E32A 
 102      4679B039 
 102      8CAB196B 
 102      7F32B130 
 103 00ca 636C3C30 		.ascii	"cl<0\221\025,\304\000\262\230\021d!\320z\216\342\222"
 103      91152CC4 
 103      00B29811 
 103      6421D07A 
 103      8EE292
 104 00dd D2A462BD 		.ascii	"\322\244b\275d\006\211\370\370\344\212\304\370\202\322"
 104      640689F8 
 104      F8E48AC4 
 104      F882D2
 105 00ec A2D4F8B2 		.ascii	"\242\324\370\262\314\242\222\322\304\034\015M\005eC"
 105      CCA292D2 
 105      C41C0D4D 
 105      056543
 106 00fb 0600B6E2 		.ascii	"\006\000\266\342W\212"
 106      578A
 107              		.text
 108              		.section	.gnu.lto___cxa_guard_acquire.652bf6be,"",%progbits
 109 0000 789C8D52 		.ascii	"x\234\215R]H\223Q\030>\357\371~6]\206hx\341\215\003"
 109      5D489351 
 109      183EEFF9 
 109      7E365D86 
 109      6878E18D 
 110 0015 110964EB 		.ascii	"\021\011d\353\316\233\240B\010\272\030\224\336\006\241"
 110      CE9BA042 
 110      08BA1894 
 110      DE06A1
 111 0024 73A4E054 		.ascii	"s\244\340T\366m\242W~[+!\012\314\012gb\2519\31345\315"
 111      F66DA257 
 111      7E5B2B21 
 111      0ACC0A67 
 111      62A939CB 
 112 003b CAD9CF2A 		.ascii	"\312\331\317*\263\020\355\2170\312\320\025\023\2246"
 112      B310ED8F 
 112      30CAD015 
 112      139436
 113 004a 98F88FE4 		.ascii	"\230\370\217\344z\3177\2259\015\372\330\267\363\235"
 113      7ACF3795 
ARM GAS  C:\cygwin\tmp\cc2WQ7fS.s 			page 8


 113      390DFAD8 
 113      B7F39D
 114 0059 F33ECF79 		.ascii	"\363>\317y\237\363<\207#\273\237T|\005\236\220.\034"
 114      9FF33C87 
 114      23BB9F54 
 114      7C059E90 
 114      2E1C
 115 006b 8123406B 		.ascii	"\201#@k\337\023bWS\000\366A\200TS\250\2069:Oa\260{q"
 115      DF136257 
 115      5300F641 
 115      805453A8 
 115      86393A4F 
 116 0083 5C334BD7 		.ascii	"\\3K\327(\321\022\234z\352\336\271D6\005\236M\327\335"
 116      28D1129C 
 116      7AEADEB9 
 116      4436059E 
 116      4DD7DD
 117 0096 A13931D3 		.ascii	"\24191\323-\313r\250\265c\346\244\227_\243\224,P\002"
 117      2DCB72A8 
 117      B563E6A4 
 117      975FA394 
 117      2C5002
 118 00a9 772015EE 		.ascii	"w \025\356\002\353\003\035\220\211\310\272vg@\3404\300"
 118      02EB031D 
 118      9089C8BA 
 118      766740E0 
 118      34C0
 119 00bb 581BB31D 		.ascii	"X\033\263\035\2472n\313\262\303;\332'\037E\016\007\367"
 119      A7326ECB 
 119      B2C33BDA 
 119      271F450E 
 119      07F7
 120 00cd 808BA6E1 		.ascii	"\200\213\246\341\022\201N\310`\350\216\037K\336\375"
 120      12814EC8 
 120      60E88E1F 
 120      4BDEFD
 121 00dc 5C82C20C 		.ascii	"\\\202\302\014~ki\027\322[\344Z\3317\346)\364:\233\345"
 121      7E6B6917 
 121      D25BE45A 
 121      D937E629 
 121      F43A9BE5 
 122 00f0 8D7018D6 		.ascii	"\215p\030\326(\017];7\210<\310\230w\376\371\252\021"
 122      280F5D3B 
 122      37883CC8 
 122      9877FEF9 
 122      AA11
 123 0102 9DA83011 		.ascii	"\235\2500\021\356C:\023\207\232\272A\004\034\330JO\222"
 123      EE433A13 
 123      879ABA41 
 123      041CD84A 
 123      4F92
 124 0114 570E87FB 		.ascii	"W\016\207\373\335\343\256\024Ps\300\272\362\330_\020"
 124      DDE3AE14 
 124      5073C0BA 
 124      F2D85F10 
 125 0124 F04F1489 		.ascii	"\360O\024\211B\"~d1kf\360x8r\023\340Hd\273/t\312\327"
 125      42227E64 
ARM GAS  C:\cygwin\tmp\cc2WQ7fS.s 			page 9


 125      316B66F0 
 125      78387213 
 125      E04864BB 
 126 013c 38EE80A2 		.ascii	"8\356\200\242\355\367\227\026w<j\223\035!\317rcJ\203"
 126      EDF79716 
 126      773C6A93 
 126      1D21CF72 
 126      634A83
 127 014f DCECA8C5 		.ascii	"\334\354\250\305\235\217\240<\025\364\354%\017z!\035"
 127      9D8FA03C 
 127      15F4EC25 
 127      0F7A211D 
 128 015f 893F2F2F 		.ascii	"\211?//\365\003\363T\245%\360\000\253\223\340\370\325"
 128      F503F354 
 128      A525F000 
 128      AB93E0F8 
 128      D5
 129 0170 7061C625 		.ascii	"pa\306%\356\320\357\363')\302\027(\354<\230\357\363"
 129      EED0EFF3 
 129      2729C217 
 129      28EC3C98 
 129      EFF3
 130 0182 DB204FA0 		.ascii	"\333 O\240\217\225hLiq5\233u!\320\317\252\\\214#\004"
 130      8F95684C 
 130      6971359B 
 130      7521D0CF 
 130      AA5C8C23 
 131 0197 1E82883A 		.ascii	"\036\202\210:\006\230\035@\256\000\226\247\003\253W"
 131      06981D40 
 131      AE0096A7 
 131      03AB57
 132 01a6 B9B45668 		.ascii	"\271\264Vh\222]\3325\252f\214\353\223\353\366x\036-"
 132      925DDA35 
 132      AA668CEB 
 132      93EBF678 
 132      1E2D
 133 01b8 804790A6 		.ascii	"\200G\220\246\270z\343|}\303>\\\201\307\300+\222\011"
 133      B87AE37C 
 133      7DC33E5C 
 133      81C7C02B 
 133      9209
 134 01ca 3C011E0B 		.ascii	"<\001\036\013\2435\315\313|\232{\223\035\307\260\037"
 134      A335CDCB 
 134      7C9A7B93 
 134      1DC7B01F 
 135 01da 03239E38 		.ascii	"\003#\2368\205=\310\330\340\301\253\363\035\034\313"
 135      853DC8D8 
 135      E0C1ABF3 
 135      1D1CCB
 136 01e9 17EBC74E 		.ascii	"\027\353\307N\263\363\254PF\234\366\177\370\244f&\304"
 136      B3F3AC50 
 136      469CF67F 
 136      F8A46626 
 136      C4
 137 01fa 2B0D0656 		.ascii	"+\015\006Vo\005\023\232\240\021\315\023V\360~\014)="
 137      6F05139A 
 137      A011CD13 
ARM GAS  C:\cygwin\tmp\cc2WQ7fS.s 			page 10


 137      56F07E0C 
 137      293D
 138 020c 9E421320 		.ascii	"\236B\023 \367\\\257*B\024\"\\{\373\320%\025\343j\020"
 138      F75CAF2A 
 138      4214225C 
 138      7BFBD025 
 138      15E36A10 
 139 0220 F30C91B8 		.ascii	"\363\014\221\270\375TM\000\" \206#\023@\225\3201M\\"
 139      FD544D00 
 139      22208623 
 139      134095D0 
 139      314D5C
 140 0233 215BF945 		.ascii	"![\371Eg\326w\363\2772{\256d\266-W\205K/\376\235Y[\362"
 140      67D677F3 
 140      BF327BAE 
 140      64B62D57 
 140      854B2FFE 
 141 024b 6666FC2E 		.ascii	"ff\374.\353\275\314\372\330 \207\005\002/\031^\210\015"
 141      EBBDCCFA 
 141      D8208705 
 141      022F195E 
 141      880D
 142 025d 327498B5 		.ascii	"2t\230\265&\360j\357 _+A\016G\005\331\026\364y\304\255"
 142      26F06AEF 
 142      205F2B41 
 142      0E4705D9 
 142      16F479C4 
 143 0272 8C5E28FE 		.ascii	"\214^(\376\275Q2\212\015d\004\003\231\002\273\317\237"
 143      BD51328A 
 143      0D640403 
 143      9902BBCF 
 143      9F
 144 0283 BC691861 		.ascii	"\274i\030a\027\036\330EG\220Z\262\332\012$\235\221\300"
 144      171ED845 
 144      47905AB2 
 144      DA0A249D 
 144      91C0
 145 0295 59D16292 		.ascii	"Y\321b\222l%V\241\"\277\304f:\250\323\351#\2772Io\261"
 145      6C2556A1 
 145      22BFC466 
 145      3AA8D3E9 
 145      23BF3249 
 146 02ab EACBCB2C 		.ascii	"\352\313\313,VI\177,\327\220c\250\324\033\213\214e\026"
 146      56497F2C 
 146      D79063A8 
 146      D41B8B8C 
 146      6516
 147 02bd D3998A6C 		.ascii	"\323\231\212l\263\256\210dE#M\225V}\216!\357D\236\276"
 147      B3AE8864 
 147      45234D95 
 147      567D8E21 
 147      EF449EBE 
 148 02d1 B8D45862 		.ascii	"\270\324Xb+4\351\025\244\321|\334VjDpZ\314\266\333\250"
 148      2B34E915 
 148      A4D17CDC 
 148      566A4470 
 148      5ACCB6DB 
ARM GAS  C:\cygwin\tmp\cc2WQ7fS.s 			page 11


 149 02e6 22A94AC2 		.ascii	"\"\251J\302z\242!/W[\220/\231\312-\305Y\332\214C\204"
 149      7AA2212F 
 149      575B902F 
 149      99CA2DC5 
 149      59DA8C43 
 150 02fb 5A88CA6C 		.ascii	"Z\210\312l2\227Y\252\310_L$\227\031"
 150      329759AA 
 150      C85F4C24 
 150      9719
 151              		.text
 152              		.section	.gnu.lto___cxa_guard_release.652bf6be,"",%progbits
 153 0000 789C8D52 		.ascii	"x\234\215R]H\024Q\024>\347\336\331qs\223\244\007\003"
 153      5D481451 
 153      143EE7DE 
 153      D9717393 
 153      A40703
 154 0013 5F764144 		.ascii	"_vAD\"\331\251'_\202\012!\350a\241\364\241\307\320m"
 154      22D9A927 
 154      5F820A21 
 154      E861A1F4 
 154      A1C7D06D 
 155 0027 49C17565 		.ascii	"I\301uegW\364\311\331\315\010\202@\254\310\0374\315"
 155      6757F4C9 
 155      D9CD0882 
 155      40ACC81F 
 155      34CD
 156 0039 BF6C4BCB 		.ascii	"\277lK\313\237\322-k+\263H\372\021\302 \241\326X\301"
 156      9FD22D6B 
 156      2BB348FA 
 156      11C220A1 
 156      D658C1
 157 004c 688515CB 		.ascii	"h\205\025\313\\\244\354\334\361\007]\013\032f\270s\357"
 157      5CA4ECDC 
 157      F1075D0B 
 157      1A66B873 
 157      EF
 158 005d F9CE39DF 		.ascii	"\371\3169\337\371\276\313a\373\223N\237\312\001:hE\016"
 158      F9BECB61 
 158      FB934E9F 
 158      CA013A68 
 158      450E
 159 006f C86ADE00 		.ascii	"\310j\336\000\370\214\014Q\374\000B\025\303*\374\312"
 159      F88C0C51 
 159      FC004215 
 159      C32AFCCA 
 160 007f E619D684 		.ascii	"\346\031\326\204\002u\246\254\016M\323b\327\307}\307"
 160      0275A6AC 
 160      0E4DD362 
 160      D7C77DC7 
 161 008f 43186700 		.ascii	"C\030g\000\013l\265\016va\026aj;\253\243\006nB\240\377"
 161      0B6CB50E 
 161      76611661 
 161      6A3BABA3 
 161      066E42A0 
 162 00a4 E19EEFAF 		.ascii	"\341\236\357\257M\263,\316\320\"\266\301\332\227u\262"
 162      4DB32CCE 
 162      D022B6C1 
ARM GAS  C:\cygwin\tmp\cc2WQ7fS.s 			page 12


 162      DA9775B2 
 163 00b4 D832496C 		.ascii	"\3302Il\177\317v\237\310l\3234\177h\274O;,\305\031\307"
 163      7FCF769F 
 163      C86CD334 
 163      7F68BC4F 
 163      3B2CC519 
 164 00c9 1BC8A91C 		.ascii	"\033\310\251\034vc:\336\304t\240#\300\000f\012\364|"
 164      76633ADE 
 164      C474A023 
 164      C000660A 
 164      F47C
 165 00db F5AF0F26 		.ascii	"\365\257\017&\271\232z\247\256\266\304[(#\255\275\273"
 165      B99A7AA7 
 165      AEB6C45B 
 165      2823ADBD 
 165      BB
 166 00ec 43DACA4A 		.ascii	"C\332\312J[Wt\237\314QGC\204\342\202\374\014cb\345\223"
 166      5B57749F 
 166      CC514743 
 166      84E282FC 
 166      0C6362E5 
 167 0101 E84F1535 		.ascii	"\350O\0255\026\002\332e\316Stn\337\336\267v$g\264R\373"
 167      1602DA65 
 167      CE53746E 
 167      DFDEB776 
 167      2467B452 
 168 0116 5860B131 		.ascii	"X`\2611\255^k\361\327P\235C4\223\204\267\267\362X\033"
 168      AD5E6BF1 
 168      D7509D43 
 168      349384B7 
 168      B7F2581B 
 169 012a B0073328 		.ascii	"\260\0073(q\372\342\217~\024SH\026\300^\212N\241\377"
 169      71FAE28F 
 169      7E145348 
 169      16C05E8A 
 169      4EA1FF
 170 013d CB72F7D8 		.ascii	"\313r\367\330\201-$\303\2214\235\341\002\303\255\354"
 170      812D24C3 
 170      91349DE1 
 170      02C3ADEC 
 171 014d C3032FE6 		.ascii	"\303\003/\346$\300;\"\304\022B\223K9\242\011\340]\021"
 171      24C03B22 
 171      C4124293 
 171      4B39A209 
 171      E05D11
 172 0160 E5896363 		.ascii	"\345\211cc\037\312D\243_\314\215p\001)\3749\272t\211"
 172      1FCA44A3 
 172      5FCC8D70 
 172      0129FC39 
 172      BA7489
 173 0173 9B1BB149 		.ascii	"\233\033\261I\253\263\304\231Ad\\\231Z\366%K\244\000"
 173      ABB3C499 
 173      41645C99 
 173      5AF6254B 
 173      A400
 174 0185 0EA019C4 		.ascii	"\016\240\031\304I\303\271\253\365;\351\004\007Q\322"
 174      49C3B9AB 
ARM GAS  C:\cygwin\tmp\cc2WQ7fS.s 			page 13


 174      F53BE904 
 174      0751D2
 175 0194 1903DE43 		.ascii	"\031\003\336C\211\002\257\316\267,J\346\346\265lY`\337"
 175      8902AFCE 
 175      B72C4AE6 
 175      E6B56C59 
 175      60DF
 176 01a6 45C7823B 		.ascii	"E\307\202;\364\354\373\"\033\207P\202\217\350\217\015"
 176      F4ECFB22 
 176      1B875082 
 176      8FE88F0D 
 177 01b6 4DCF7031 		.ascii	"M\317p1\217\350\031y;a\024\002$\351\325\007\227\256"
 177      8FE81979 
 177      3B611402 
 177      24E9D507 
 177      97AE
 178 01c8 CDA53461 		.ascii	"\315\2454a\243O\323B<\316\214?\311\307a\275I\020\233"
 178      A34FD342 
 178      3CCE8C3F 
 178      C9C761BD 
 178      49109B
 179 01db 04C78986 		.ascii	"\004\307\211\206\316\263\273\004\336H\264\037Pd\335"
 179      CEB3BB04 
 179      DE48B41F 
 179      5064DD
 180 01ea 8ECD16F4 		.ascii	"\216\315\026\3645\377\227\005\017u\0136\030Ht4\362O"
 180      35FF9705 
 180      0F750B36 
 180      18487434 
 180      F24F
 181 01fc 0BDAF7AC 		.ascii	"\013\332\367\254Y mS\362\221P2\321\227Q\003\340c\201"
 181      59206D53 
 181      F2915032 
 181      D1975103 
 181      E06381
 182 020f 3724FA12 		.ascii	"7$\372\022;(:\003\206\376\356\313\023\335\227\247\233"
 182      3B283A03 
 182      86FEEECB 
 182      13DD97A7 
 182      9B
 183 0220 7C699F0B 		.ascii	"|i\237\013\007\345u\311Gt5\236\351\222'\352;J\372~B"
 183      07E575C9 
 183      4774359E 
 183      E99227EA 
 183      3B4AFA7E 
 184 0235 5FF8F949 		.ascii	"_\370\371IAU\314\030\241\033C\227\226 F\325\343-T\255"
 184      4155CC18 
 184      A11B4397 
 184      962046D5 
 184      E32D54AD 
 185 0249 76C03386 		.ascii	"v\3003\206\362\202\022\257c\257\325\252\254\276.Uq{"
 185      F28212AF 
 185      63AFD5AA 
 185      ACBE2E55 
 185      717B
 186 025b 943297DB 		.ascii	"\2242\227\333\243*G\362l\271\266\012\305^dw\271\035"
 186      A32A47F2 
ARM GAS  C:\cygwin\tmp\cc2WQ7fS.s 			page 14


 186      6CB9B60A 
 186      C55E6477 
 186      B91D
 187 026d A7CA739C 		.ascii	"\247\312s\234\326\"\310\336\214tTx\224\\[\376\261|\245"
 187      D622C8DE 
 187      8C745478 
 187      945C5BFE 
 187      B17CA5
 188 0280 B8D45EE2 		.ascii	"\270\324^\342=\355Pt\244\335y\324[j'\2609\241\354\006"
 188      3DED5074 
 188      A4DD79D4 
 188      5B6A27B0 
 188      39A1EC06 
 189 0294 AA48AD54 		.ascii	"\252H\255T)\236j\313\317\263\024\026\250\2162wq\266"
 189      299E6ACB 
 189      CFB31416 
 189      A88E3277 
 189      71B6
 190 02a6 25733F30 		.ascii	"%s?07$9\035N\227\273\022\376\000\235\254ge"
 190      3724391D 
 190      4E97BB12 
 190      FE009DAC 
 190      6765
 191              		.text
 192              		.section	.gnu.lto___cxa_guard_abort.652bf6be,"",%progbits
 193 0000 789C8D52 		.ascii	"x\234\215R]HSa\030~\337\357;;.\227$]t\261\233\015D$"
 193      5D485361 
 193      187EDFEF 
 193      3B3B2E97 
 193      245D74B1 
 194 0018 B09DBAF2 		.ascii	"\260\235\272\362&\250\020\202.\006\245\227]\204\256"
 194      26A81082 
 194      2E06A597 
 194      5D84AE
 195 0027 918273B2 		.ascii	"\221\202s\262\263\211^y\266\224 \010\304\212\246\242"
 195      B3895E79 
 195      B6942008 
 195      C48AA6A2 
 196 0037 29FE94AD 		.ascii	")\376\224\255\264\374)]Y\253\304~\310J\010\203\204Z"
 196      B4FC295D 
 196      59ABC47E 
 196      C84A0883 
 196      845A
 197 0049 B1C24861 		.ascii	"\261\302Hab\331\206\224\275\337\361\007\235\005\035"
 197      62D98694 
 197      BDDFF107 
 197      9D051D
 198 0058 CEE13BDF 		.ascii	"\316\341;\337\367>\357\373>\357\363|\034\266>f\372T"
 198      F73EEFFB 
 198      3EEFF37C 
 198      1CB63E66 
 198      FA54
 199 006a 0ED0452B 		.ascii	"\016\320E+r@V\377\022\300od\210\342\007\020j\030\326"
 199      724056FF 
 199      12C06F64 
 199      88E20710 
 199      6A18D6
ARM GAS  C:\cygwin\tmp\cc2WQ7fS.s 			page 15


 200 007d E05736CF 		.ascii	"\340W6\317\260>\022\012\232r\2724M\213\007&\374G#\230"
 200      B03E120A 
 200      9A72BA34 
 200      4D8B0726 
 200      FC472398 
 201 0091 64000B6C 		.ascii	"d\000\013l\245\016^\301\034\3024t\327\316\032\270\011"
 201      A50E5EC1 
 201      1CC23474 
 201      D7CE1AB8 
 201      09
 202 00a2 81FE477A 		.ascii	"\201\376Gz\277O\230fX\222\241Ul\303\015O\203\262\330"
 202      BF4F9866 
 202      5892A155 
 202      6CC30D4F 
 202      83B2D8
 203 00b5 32496C7F 		.ascii	"2Il\177\317\364\034\313\356\320\264@\344Y\277vPJ2\216"
 203      CFF41CCB 
 203      EED0B440 
 203      E459BF76 
 203      504A328E 
 204 00c9 57915339 		.ascii	"W\221S9\354A3^C3\320\021`\010\263\005z\276\366\327["
 204      EC41335E 
 204      4333D011 
 204      6008B305 
 204      7ABEF6D7 
 205 00de 935C4BBD 		.ascii	"\223\\K\2753WZ\342u\224\221\326\276\235\021my\271\243"
 205      33575AE2 
 205      759491D6 
 205      BE9D116D 
 205      79B9A3
 206 00f1 FBC51E99 		.ascii	"\373\305\036\231\243\216\206\030\305\005\371\317\214"
 206      A38E8618 
 206      C505F9CF 
 206      8C
 207 00fe 89954F61 		.ascii	"\211\225Oa S\324X\010i\0278\317\320\271}{\323\336\225"
 207      2053D458 
 207      08691738 
 207      CFD0B97D 
 207      7BD3DE95 
 208 0112 9ED54EED 		.ascii	"\236\325N\355\343\241\305\346]\215Z[\240\236\352\034"
 208      E3A1C5E6 
 208      5D8D5A5B 
 208      A09EEA1C 
 209 0122 A09924BC 		.ascii	"\240\231$\274\261\231\307\352\200\275\230E\211\037\317"
 209      B199C7EA 
 209      80BD9845 
 209      891FCF
 210 0131 FD184031 		.ascii	"\375\030@1\205d\005\354\243\3504\006>-\365\214\357\333"
 210      856405EC 
 210      A3E83406 
 210      3E2DF58C 
 210      EFDB
 211 0143 4432DA69 		.ascii	"D2\332i\326\031.0\334\314>:\370dN\002\274)B,%4\225\310"
 211      D6192E30 
 211      DCCC3E3A 
 211      F8644E02 
 211      BC29422C 
ARM GAS  C:\cygwin\tmp\cc2WQ7fS.s 			page 16


 212 015b 134D006F 		.ascii	"\023M\000o\211(O\035\033\373Q&\032\003bn\204\263H\341"
 212      89284F1D 
 212      1BFB5126 
 212      1A03626E 
 212      84B348E1 
 213 016f 0FB389F3 		.ascii	"\017\263\211\363\334\322\214-Z\320\232d\006\221qqz\311"
 213      DCD28C2D 
 213      5AD09A64 
 213      06917171 
 213      7AC9
 214 0181 9F2E9102 		.ascii	"\237.\221\0028\210\026\020'Mu\227\032\267\323\011\016"
 214      38881610 
 214      274D7597 
 214      1AB7D309 
 214      0E
 215 0192 A1A43306 		.ascii	"\241\2443\006\274\215\022\005\236\237i[\224,\255\253"
 215      BC8D1205 
 215      9E9F695B 
 215      942CADAB 
 216 01a2 D9B2C0BE 		.ascii	"\331\262\300\276\236\035\017o\323\263\357\210l\034F"
 216      9E1D0F6F 
 216      D3B3EF88 
 216      6C1C46
 217 01b1 09DE6120 		.ascii	"\011\336a ><\371\205\213yD\317\330\253I\243\020 M\257"
 217      3E3CF985 
 217      8B7944CF 
 217      D8AB49A3 
 217      10204DAF 
 218 01c5 3E94B83C 		.ascii	">\224\270<\227\321\202\315~M\213\360$3\376$\037G\364"
 218      97D182CD 
 218      7E4D8BF0 
 218      2433FE24 
 218      1F47F4
 219 01d8 26616C11 		.ascii	"&al\021\034'\233\272O\357\020x#\321\276K\2215;6Z\320"
 219      1C279BBA 
 219      4FEF1078 
 219      23D1BE4B 
 219      91353B36 
 220 01ee DFFA5F16 		.ascii	"\337\372_\026\334\323-Xg \321\321\350?-\210\255Y mQ"
 220      DCD32D58 
 220      6720D1D1 
 220      E83F2D88 
 220      AD59206D 
 221 0203 F2BE5032 		.ascii	"\362\276P2\325\2271\003\340\003\2017\244\372\022\337"
 221      D5973103 
 221      E0038137 
 221      A4FA12DF 
 222 0213 2F3A0346 		.ascii	"/:\003F\376\356\313C\335\227G\033|\351\234\213\206\345"
 222      FEEECB43 
 222      DD97471B 
 222      7CE99C8B 
 222      86E5
 223 0225 35C94775 		.ascii	"5\311Gu5\036\353\222\247\352;F\372\276G\177\264\356"
 223      351EEB92 
 223      A7EA3B46 
 223      FABE477F 
 223      B4EE
ARM GAS  C:\cygwin\tmp\cc2WQ7fS.s 			page 17


 224 0237 B8A02A66 		.ascii	"\270\240*f\214\321\215\241KK\020\243\352\365\025\253"
 224      8CD18DA1 
 224      4B4B10A3 
 224      EAF515AB 
 225 0247 3607E029 		.ascii	"6\007\340)CeQ\231\317\271\333fSV^\267\252x\274J\205"
 225      43655199 
 225      CFB9DB66 
 225      53565EB7 
 225      AA78BC4A 
 226 025c DBE35595 		.ascii	"\333\343U\225C\005\366|{\225\342(q\270=\316\023\225"
 226      4305F67C 
 226      7B95E228 
 226      71B83DCE 
 226      1395
 227 026e 792E5B09 		.ascii	"y.[\011\344nD:\253\274J\276\275\360H\241RZ\356(\363"
 227      E46E443A 
 227      ABBC4ABE 
 227      BDF048A1 
 227      525AEE28 
 228 0283 9D742A3A 		.ascii	"\235t*:\322\341:\354+w\020\330\222Rv\035U\242V\253\024"
 228      D2E13AEC 
 228      2B7710D8 
 228      9252761D 
 228      55A256AB 
 229 0298 CFB41716 		.ascii	"\317\264\027\026X\213\213Tg\205\2474\327\232\275\027"
 229      588B8B54 
 229      6785A734 
 229      D79ABD17 
 230 02a8 9807D25C 		.ascii	"\230\007\322\\N\227\333S\015\177\000\026kf\342"
 230      4E97DB53 
 230      0D7F0016 
 230      6B66E2
 231              		.text
 232              		.section	.gnu.lto__open_r.652bf6be,"",%progbits
 233 0000 789C6DD0 		.ascii	"x\234m\320\317JBA\024\006\360\371f\256\027\345\022T"
 233      CF4A4241 
 233      1406F0F9 
 233      66AE17E5 
 233      1254
 234 0012 8B0269D1 		.ascii	"\213\002i\321\306\334D\317\320#\364\012\375\271F`\005"
 234      C6DC44CF 
 234      D023F40A 
 234      FDB94660 
 234      05
 235 0023 696BC770 		.ascii	"ik\307p\033T\020\010A\033\023+S\313]Eq\203\026!\345"
 235      1B541008 
 235      411B132B 
 235      53CB5D45 
 235      71831621 
 236 0038 B65D8B54 		.ascii	"\266]\213TR\332(Fp\223\2623#AX\003\303\3149|?\2069\202"
 236      52DA2846 
 236      7093B233 
 236      23415803 
 236      C3CC397C 
 237 0050 FD5D7EDA 		.ascii	"\375]~\332\01106N'\004\003\337*3\026\367r@]\030X\214"
 237      0930364E 
 237      270403DF 
ARM GAS  C:\cygwin\tmp\cc2WQ7fS.s 			page 18


 237      2A3316F7 
 237      72405D18 
 238 0066 2386066F 		.ascii	"#\206\006oq\234\347\337\036\254:w9\205\251\274\330\271"
 238      719CE7DF 
 238      1EAC3A77 
 238      3985A9BC 
 238      D8B9
 239 0078 4B9AAA84 		.ascii	"K\232\252\204\241\312N\272\3310\203i)e\3639W\233q\014"
 239      A1CA4EBA 
 239      D9308369 
 239      2965F339 
 239      579B710C 
 240 008c 9773D6E6 		.ascii	"\227s\326\346\014\031\370q\010\365\016\216\020\244d"
 240      0C19F871 
 240      08F50E8E 
 240      10A464
 241 009b F5A0BC69 		.ascii	"\365\240\274i\011\013Jm\177\271\357\276@J\312\015'["
 241      090B4A6D 
 241      7FB9EFBE 
 241      404ACA0D 
 241      275B
 242 00ad 94D38404 		.ascii	"\224\323\204\004\216!~;j1d\021\240\364\325GiT\014ix"
 242      8E217E3B 
 242      6A316411 
 242      A0F4D547 
 242      69540C69 
 243 00c2 7F5D7CF5 		.ascii	"\177]|\365\366`\271\007\015\234\364C\203!\247a\312\331"
 243      F660B907 
 243      0D9CF443 
 243      8321A761 
 243      CAD9
 244 00d4 2F196244 		.ascii	"/\031bD\313d\2472\251\240t\352=\310\221\357\207T\024"
 244      CB64A732 
 244      A9A074EA 
 244      3DC891EF 
 244      875414
 245 00e7 347C711B 		.ascii	"4|q\033\231\0011\246\341\336\356%5\265\354\374\310\323"
 245      990131A6 
 245      E1DEEE25 
 245      35B5ECFC 
 245      C8D3
 246 00f9 7FE41902 		.ascii	"\177\344\031\002*\336J|>Zf\202\342\203j\016\364\375"
 246      2ADE4A7C 
 246      3E5A6682 
 246      E2836A0E 
 246      F4FD
 247 010b 224C9A34 		.ascii	"\"L\2324+\014;\262\333\255\334\336\264=\324\256\322"
 247      2B0C3BB2 
 247      DBADDCDE 
 247      B43DD4AE 
 247      D2
 248 011c 56A3AE11 		.ascii	"V\243\256\021\245S<!\356\264|:;\241\206V\345P}Jy#\321"
 248      A5533C21 
 248      EEB47C3A 
 248      3BA18656 
 248      E5507D4A 
 249 0133 F5B9C8D4 		.ascii	"\365\271\310\324<\363\254\331\366J\324\010-\205mO(<"
ARM GAS  C:\cygwin\tmp\cc2WQ7fS.s 			page 19


 249      3CF3ACD9 
 249      F64AD408 
 249      2D856D4F 
 249      283C
 250 0145 BB183196 		.ascii	"\273\0301\226W\027\354o<\320\222\375"
 250      5717EC6F 
 250      3CD092FD 
 251              		.text
 252              		.section	.gnu.lto___register_exitproc.652bf6be,"",%progbits
 253 0000 789C6DD0 		.ascii	"x\234m\320MK\002Q\024\006\340\363\336;\334\304!\220"
 253      4D4B0251 
 253      1406E0F3 
 253      DE3BDCC4 
 253      2190
 254 0012 5A14AE82 		.ascii	"Z\024\256\202\020w\375\206\226\255\242\277\320\367."
 254      1077FD86 
 254      96ADA2BF 
 254      D0F72E
 255 0021 226DD1CA 		.ascii	"\"m\321\3121\244E\020E$\265\027\311\276\264\304\215"
 255      31A44510 
 255      4524B517 
 255      C9BEB4C4 
 255      8D
 256 0032 42311188 		.ascii	"B1\021\210\005\266\022\242\202\240P\310\235\366\261"
 256      05B612A2 
 256      82A050C8 
 256      9DF6B1
 257 0041 900C3B77 		.ascii	"\220\014;wf\023\326\300\345\316\271\363>s9G\322\337"
 257      6613D6C0 
 257      E5CEB9F3 
 257      3E733947 
 257      D2DF
 258 0053 C7CF6B0D 		.ascii	"\307\317k\015D\203\274C\022\304\326-Q\324#\000\375B"
 258      4483BC43 
 258      12C4D62D 
 258      51D42300 
 258      FD42
 259 0065 A0884004 		.ascii	"\240\210@\004u\321\024\310\247?\312\346\253h\011\032"
 259      75D114C8 
 259      A73FCAE6 
 259      AB68091A 
 260 0075 222E0BDB 		.ascii	"\".\013\333\245=\245K\030\272\374J6\352*\230\264,\253"
 260      A53DA54B 
 260      18BAFC4A 
 260      36EA2A98 
 260      B42CAB
 261 0088 91CDD426 		.ascii	"\221\315\324&l\243%\004\275\013\302>\374HA\337\203\003"
 261      6CA32504 
 261      BD0BC23E 
 261      FC4841DF 
 261      8303
 262 009a 043959B1 		.ascii	"\0049Y\261\333o\275\322\204V\327\3177\025\025H\260\262"
 262      DB6FBDD2 
 262      8456D7CF 
 262      37151548 
 262      B0B2
 263 00ac CFB3D6A8 		.ascii	"\317\263\326\250F8\204\374\355\364\177p\204\000\247"
ARM GAS  C:\cygwin\tmp\cc2WQ7fS.s 			page 20


 263      463884FC 
 263      EDF47F70 
 263      8400A7
 264 00bb 73EBF757 		.ascii	"s\353\367W^\351sd1\225ky\265\\\265\037\\)q\334-\271"
 264      5EE97364 
 264      31956B79 
 264      B55CB51F 
 264      5C2971DC 
 265 00d1 A11347C6 		.ascii	"\241\023G\3066v\306e\277\003\255\227\307\270\351\302"
 265      3676C665 
 265      BF03AD97 
 265      C7B8E9C2 
 266 00e1 B60B0DA4 		.ascii	"\266\013\015\244\273\241A\3108\260\224\217\177\366\310"
 266      BBA141C8 
 266      38B0948F 
 266      7FF6C8
 267 00f0 0147D653 		.ascii	"\001G\326S\027\005\341\312\315\204\032\323\360\364\037"
 267      1705E1CA 
 267      CD841AD3 
 267      F0F41F
 268 00ff 7886804E 		.ascii	"x\206\200N7c\337w\246\212qk>=\007n?\013\305\223\246"
 268      3763DF77 
 268      A68A716B 
 268      3E3D076E 
 268      3F0BC593 
 269 0114 4C9F6D75 		.ascii	"L\237mu:\211\362\345\256\002\237Wy\351Y\327\270O\336"
 269      3A89F2E5 
 269      AE029F57 
 269      79E959D7 
 269      B84FDE
 270 0127 E513A276 		.ascii	"\345\023\242v\274\010'=\254\307V\025\320\0378\346\011"
 270      BC08273D 
 270      ACC75615 
 270      D01F38E6 
 270      09
 271 0138 8597A742 		.ascii	"\205\227\247B#\323d\204W\026g\305\334\202\234\\\232"
 271      23D36484 
 271      571667C5 
 271      DC829C5C 
 271      9A
 272 0149 C7CC0F08 		.ascii	"\307\314\017\010\301\216\237"
 272      C18E9F
 273              		.text
 274              		.section	.gnu.lto_.symbol_nodes.652bf6be,"",%progbits
 275 0000 789C55CE 		.ascii	"x\234U\316\315\015\202P\020\004\340\331Y\220\007Vee"
 275      CD0D8250 
 275      1004E0D9 
 275      59900756 
 275      6565
 276 0012 F3C01FD4 		.ascii	"\363\300\037\324\023\025\020M\254\307\213\015X\011\250"
 276      1315104D 
 276      ACC78B0D 
 276      5809A8
 277 0021 D144762F 		.ascii	"\321Dv/\223\371\346\262\016\340\201\3371S\300p\007$"
 277      93F9E6B2 
 277      0EE081DF 
 277      3153C070 
ARM GAS  C:\cygwin\tmp\cc2WQ7fS.s 			page 21


 277      0724
 278 0033 8C97026C 		.ascii	"\214\227\002l)\373C\002;\212\001\266\224\007\330QE\200"
 278      29FB4302 
 278      3B8A01B6 
 278      9407D851 
 278      4580
 279 0045 3D550638 		.ascii	"=U\0068P\253\000=U\0058Ri\011\345l\270\276\177\263\023"
 279      50AB003D 
 279      55053852 
 279      6909E56C 
 279      B8BE7FB3 
 280 005a 557F07E4 		.ascii	"U\177\007\344\234`g\252YtG\203\333s2\367\365'7x\001"
 280      9C6067AA 
 280      59744783 
 280      DB7332F7 
 280      F5273778 
 281 006f 52813A67 		.ascii	"R\201:g"
 282              		.text
 283              		.section	.gnu.lto_.refs.652bf6be,"",%progbits
 284 0000 789C6366 		.ascii	"x\234cf```d\200\002\000\000=\000\005"
 284      60606064 
 284      80020000 
 284      3D0005
 285              		.text
 286              		.section	.gnu.lto_.decls.652bf6be,"",%progbits
 287 0000 789CAD57 		.ascii	"x\234\255W{PSW\032\317\2717!\017#\250\353h\207mW\234"
 287      7B505357 
 287      1ACFB937 
 287      210F23A8 
 287      EB68876D 
 288 0016 CED27546 		.ascii	"\316\322uF\241k;\323\335\235\235\251\217\335nk\327\352"
 288      A16B3BD3 
 288      DD9D9DA9 
 288      8FDD6E6B 
 288      D7EA
 289 0028 D4E95F32 		.ascii	"\324\351_2s7\204\010\231\306\204&a\325\277\274\202\325"
 289      73378408 
 289      99C68426 
 289      61D5BFBC 
 289      82D5
 290 003a 88B40650 		.ascii	"\210\264\006P\004T\214\212\310SA\036\"ZD-\212\225\012"
 290      04548C8A 
 290      C853411E 
 290      225A442D 
 290      8A950A
 291 004d 2B582BA0 		.ascii	"+X+\240 \210\206*\030*\002\242&\373\235s\356%7\010\263"
 291      2088862A 
 291      182A02A2 
 291      26FB9D73 
 291      EE253708 
 292 0062 9DDDBDE3 		.ascii	"\235\335\275\343G\356\371\356\367\370}\277\363\235\207"
 292      47EEF9EE 
 292      F7F87DBF 
 292      F39D87
 293 0071 AC4C26EB 		.ascii	"\254L&\353`d2\037<\233Cd\262\006x\327\200n5\210\034"
 293      6064321F 
 293      3C9B4364 
ARM GAS  C:\cygwin\tmp\cc2WQ7fS.s 			page 22


 293      B20678D7 
 293      806E3588 
 294 0086 E4244839 		.ascii	"\344$H9H5\310i\031}\246\201|\013\322\010\322\014\322"
 294      4835C869 
 294      197DA681 
 294      7C0BD208 
 294      D20CD2
 295 0099 02D209D2 		.ascii	"\002\322\011\322\003\322\0132\0002\0142\006\362\022"
 295      03D20B32 
 295      00320C32 
 295      06F212
 296 00a8 04C9C43F 		.ascii	"\004\311\304?\376\007\373\253\204<\301 Z\220\025\330"
 296      FE07FBAB 
 296      843CC120 
 296      5A9015D8 
 297 00b8 0CF9738E 		.ascii	"\014\371s\216\012\266\214`?&{\365\301\030XI\214\006"
 297      0AB68C60 
 297      3F267BF5 
 297      C1185849 
 297      8C06
 298 00ca 418F846F 		.ascii	"A\217\204o\023\237f\241\256\325S\3704O\342\203\353S"
 298      139F66A1 
 298      AED553F8 
 298      344FE283 
 298      EB53
 299 00dc 083E0CF2 		.ascii	"\010>\014\362s\361\\\202\257E\250u\342\323)\344\220"
 299      73F15C82 
 299      AF45A875 
 299      E2D329E4 
 299      90
 300 00ed D6D88EE3 		.ascii	"\326\330\216\343A\234\"\314\001\374\316\004\231\003"
 300      419C22CC 
 300      01FCCE04 
 300      9903
 301 00fb 120AF26B 		.ascii	"\022\012\362k\374.\370\006\011\376o\200n\036\310oA\336"
 301      FC2EF806 
 301      09FE6F80 
 301      6E1EC86F 
 301      41DE
 302 010d 0259805E 		.ascii	"\002Y\200^\315\203\271WO\250\013\347\231\030\273H\022"
 302      CD83B957 
 302      4FA80BE7 
 302      9918BB48 
 302      12
 303 011e BBE717C6 		.ascii	"\273\347\027\306\356\375/b\367\376\302\330\003\002\267"
 303      EEFD2F62 
 303      F7FEC2D8 
 303      0302B7
 304 012d 527E5681 		.ascii	"R~V\201<\020\276#\301f\3423<\211\337c\301W\364\033\236"
 304      3C10BE23 
 304      C166E233 
 304      3C89DF63 
 304      C157F41B 
 305 0142 C46F9041 		.ascii	"\304o\220A\015E\007\376\301\302<\0162\362\236\375\245"
 305      0D4507FE 
 305      C1C23C0E 
 305      32F29EFD 
ARM GAS  C:\cygwin\tmp\cc2WQ7fS.s 			page 23


 305      A5
 306 0153 5521283C 		.ascii	"U!(<4T\223\313\363\274\203_\202\212\220\006\035C\254"
 306      345493CB 
 306      F3BC835F 
 306      828A9006 
 306      1D43AC
 307 0166 C42313F4 		.ascii	"\304#\023\364\243\357\343\017\360\252\"\277\016\236"
 307      A3EFE30F 
 307      F0AA22BF 
 307      0E9E
 308 0174 4FE43D69 		.ascii	"O\344=i<\373\232\014-\014E\013Be(\037\205\223O2T\210"
 308      3CFB9A0C 
 308      2D0C450B 
 308      4265281F 
 308      85934F32 
 309 018a 4251010A 		.ascii	"BQ\001\012\305\231:G:/(\335\014\012\326\274\215\207"
 309      C5993A47 
 309      3A2F28DD 
 309      0C0AD6BC 
 309      8D87
 310 019c 695F5657 		.ascii	"i_VW\007\303P\253\011\302\303\323\307\207\276\237F\276"
 310      07C350AB 
 310      09C2C3D3 
 310      C787BE9F 
 310      46BE
 311 01ae 86E1614D 		.ascii	"\206\341aMZCf\020\371*\307\303G-\373j\264d\250\300\303"
 311      5A436610 
 311      F92AC7C3 
 311      472DFB6A 
 311      B464A8C0 
 312 01c3 91A28795 		.ascii	"\221\242\207\225\301\032H\314\363\316$^\335\020\014"
 312      C11A48CC 
 312      F3CE245E 
 312      DD100C
 313 01d2 1FD07148 		.ascii	"\037\320qHu\002R\311P\031I\375\273PTJ3w\325\224\024"
 313      750252C9 
 313      501949FD 
 313      BB50544A 
 313      3377D594 
 314 01e7 AA673989 		.ascii	"\252g9\2119\317\207!RW1\230\227\020\363\223h\226\350"
 314      39CF8721 
 314      52573198 
 314      9710F393 
 314      6896E8
 315 01fa 4406E0E1 		.ascii	"D\006\340\341p\235\360*\265\311\2702!\001\350%\031\312"
 315      709DF02A 
 315      B5C9B832 
 315      2101E825 
 315      19CA
 316 020c 9196F00A 		.ascii	"\221\226\360\012\277`\335\270\363`\026C\260\327a\"Q"
 316      BF60DDB8 
 316      F3601643 
 316      B0D76122 
 316      51
 317 021d D648E3A5 		.ascii	"\326H\343\245\020\202\3665<\354h\276QD+\235\213\207"
 317      1082F635 
 317      3CEC68BE 
ARM GAS  C:\cygwin\tmp\cc2WQ7fS.s 			page 24


 317      51442B9D 
 317      8B87
 318 022f DE1EC713 		.ascii	"\336\036\307\023\305\324\340O\211\340\253(\370\242\023"
 318      C5D4E04F 
 318      89E0AB28 
 318      F8A213
 319 023e C925DA89 		.ascii	"\311%\332\211\340+\300\274\222\230W\023\360\247(\370"
 319      E02BC0BC 
 319      92985713 
 319      F0A728F8 
 320 024e 6A02BEF2 		.ascii	"j\002\276\362\324\315ml\000\370\352\000\360\247\005"
 320      D4CD6D6C 
 320      00F8EA00 
 320      F0A705
 321 025d F0A709F8 		.ascii	"\360\247\011\370\013M\325\031H\016\253\026\255\320\240"
 321      0B4DD519 
 321      480EAB16 
 321      ADD0A0
 322 026c B584ED91 		.ascii	"\265\204\355\221s\365\203As\367\010\010g\310\321\352"
 322      73F58341 
 322      73F70808 
 322      67C8D1EA 
 323 027c 3912F733 		.ascii	"9\022\3673h.\374\255Ar\332@\215\307\3677)X%)\374H\346"
 323      682EFCAD 
 323      4172DA40 
 323      8DC7F737 
 323      29582529 
 324 0293 DD56CDC2 		.ascii	"\335V\315\302B\322=un\344\3572gaGe\020;\233\030]J\254"
 324      42D23D75 
 324      6EE4EF32 
 324      67614765 
 324      103B9B18 
 325 02aa E8D0B0AF 		.ascii	"\350\320\260\257\223\367[w\373Z\225\354|\362~03\347"
 325      93F75B77 
 325      FB5A95EC 
 325      7CF27E30 
 325      33E7
 326 02bc A61680A0 		.ascii	"\246\026\200\240:\322q\240\271\352\342=J\2549\007\032"
 326      3AD271A0 
 326      B9EAE23D 
 326      4AAC3907 
 326      1A
 327 02cd 741E1170 		.ascii	"t\036\021p\315\217z\317\206`e-V^\240J_q\345\215\340"
 327      CD8F7ACF 
 327      8660652D 
 327      565EA04A 
 327      5F71E58D 
 328 02e2 B01CDE55 		.ascii	"\260\034\336U\346i\253\375Q\3137\360u>\3379m\346v\204"
 328      E669ABFD 
 328      51CB37F0 
 328      753EDF39 
 328      6DE67684 
 329 02f6 E1A2B388 		.ascii	"\341\242\263\210E\337\240\205\000\373\"\330\343!]\026"
 329      45DFA085 
 329      00FB22D8 
 329      E3215D16 
 330 0306 DFA230DC 		.ascii	"\337\2420\334\211O_\0242\354;\004\304\361\333\0277\300"
ARM GAS  C:\cygwin\tmp\cc2WQ7fS.s 			page 25


 330      894F5F14 
 330      32EC3B04 
 330      C4F1DB17 
 330      37C0
 331 0318 54ADD0E0 		.ascii	"T\255\320\340\342G\3619\2006\203\372JKS\263\202\350"
 331      E247F139 
 331      803683FA 
 331      4A4B53B3 
 331      82E8
 332 032a B14A0996 		.ascii	"\261J\011\226L\356\2303s\032\322\204K&R6\316\022\272"
 332      4CEE9833 
 332      731AD284 
 332      4B265236 
 332      CE12BA
 333 033d 022B00F8 		.ascii	"\002+\000\370\304I\321%P^\006%^U\236gi\327\202y^\216"
 333      C449D125 
 333      505E0625 
 333      5E559E67 
 333      69D78279 
 334 0353 1A6016EB 		.ascii	"\032`\026\353EX\230\373q\256\276\353\274P\253\221\262"
 334      455898FB 
 334      71AEBEEB 
 334      BC50AB91 
 334      B2
 335 0364 8F4DFDF4 		.ascii	"\217M\375\364\177G\350_+\260\357{\260\257!\210u \002"
 335      7F47E85F 
 335      2BB0EF7B 
 335      B0AF2188 
 335      752002
 336 0377 3EF5E1E3 		.ascii	">\365\341\343V\004,\224\226z\332::\004\026\336'.\350"
 336      56042C94 
 336      967ADA3A 
 336      3A0416DE 
 336      272EE8
 337 038a EA782E19 		.ascii	"\352x.\031~\247\3657\222\372\263S\012~C\032\000'\242"
 337      7EA7F537 
 337      92FAB353 
 337      0A7E431A 
 337      0027A2
 338 039d 1D70BE34 		.ascii	"\035p\2764\243=d\312\016\270F |/v@\353\356\227\255!"
 338      A33D64CA 
 338      0EB84620 
 338      7C2F7640 
 338      EBEE97AD 
 339 03b2 AC936268 		.ascii	"\254\223bh\310z\266[C0t\325\024\007Q\004\330\0015I\000"
 339      C87AB65B 
 339      433074D5 
 339      14075104 
 339      D8013549 
 340 03c7 3489009A 		.ascii	"4\211\000\232\011\2003\317\273[\345Sf\373W@\301My\035"
 340      098033CF 
 340      BB5BE553 
 340      66FB5740 
 340      C14D791D 
 341 03db BBB46C06 		.ascii	"\273\264l\006M\226W\345>\206\013v\225\272jO\362K\266"
 341      4D9657E5 
 341      3E860B76 
ARM GAS  C:\cygwin\tmp\cc2WQ7fS.s 			page 26


 341      95BA6A4F 
 341      F24BB6
 342 03ee F22F7C3E 		.ascii	"\362/|>\026;\240\353\222l\327\305l-$\333\311#G\253\324"
 342      163BA0EB 
 342      926CD7C5 
 342      6C2D24DB 
 342      C92347AB 
 343 0403 64B52EC1 		.ascii	"d\265.\3011r\367d\024+\310\352T\221N\255\270\340T\262"
 343      3172F764 
 343      142BC8EA 
 343      54914EAD 
 343      B8E054B2 
 344 0417 05347E7F 		.ascii	"\0054~\177\375\265Q\015|\233M\332\201<\244\035\216\346"
 344      FDB5510D 
 344      7C9B4DDA 
 344      813CA41D 
 344      8EE6
 345 0429 B4FF309D 		.ascii	"\264\3770\235\350}\302\263\031\267D\376Xi\277\002\205"
 345      E87DC2B3 
 345      19B744FE 
 345      5869BF02 
 345      85
 346 043a 93EDD3D3 		.ascii	"\223\355\323\323\327{\371\015<\321m@\352\017\376\211"
 346      D77BF90D 
 346      3CD16D40 
 346      EA0FFE89 
 347 044a 9E2D4C34 		.ascii	"\236-L4i\033W\022?sK\331\3532\324\012\325\336\300}s"
 347      691B5712 
 347      3F734BD9 
 347      EB32D40A 
 347      D5DEC07D 
 348 045f 0BFA66B6 		.ascii	"\013\372f\266\32077A\371#\335\004\312\362\237\264O\017"
 348      D0373741 
 348      F923DD04 
 348      CAF29FB4 
 348      4F0F
 349 0471 58D26D01 		.ascii	"X\322m\001M\321N\2274\306\237\354u+\311l\202N\230M\247"
 349      4DD14E97 
 349      34C69FEC 
 349      752BC96C 
 349      824E984D 
 350 0486 27DDA192 		.ascii	"'\335\241\222\362\273B\352{\233\360\333!\316\346\220"
 350      F2BB42EA 
 350      7B9BF0DB 
 350      21CEE690 
 351 0496 F3FC2AB6 		.ascii	"\363\374*\266\206\326\337\351vz\225\204_O\333\356\033"
 351      86D6DFE9 
 351      767A9584 
 351      5F4FDBEE 
 351      1B
 352 04a7 FE860217 		.ascii	"\376\206\002\027tG\302\360\035\221\341N\302\360/\302"
 352      7447C2F0 
 352      1D91E14E 
 352      C2F02FC2 
 353 04b7 1030C777 		.ascii	"\0200\307w\011\206.\021\303\201\347\303\213\331k\024"
 353      09862E11 
 353      C381E7C3 
ARM GAS  C:\cygwin\tmp\cc2WQ7fS.s 			page 27


 353      8BD96B14 
 354 04c7 C39E8CAF 		.ascii	"\303\236\214\257\007\024\004CW\333xC\201=\352\226\000"
 354      07140443 
 354      57DB7843 
 354      813DEA96 
 354      00
 355 04d8 E81601F4 		.ascii	"\350\026\001\364\020\000\333\035\373\372\203\330n\032"
 355      1000DB1D 
 355      FBFA83D8 
 355      6E1A
 356 04e6 203BAFA0 		.ascii	" ;\257\240\230\241M\342\3667\011\216pO\022\341\236\030"
 356      98A14DE2 
 356      F637098E 
 356      704F12E1 
 356      9E18
 357 04f8 A19744E8 		.ascii	"\241\227D\350N\037\334A6i|\2649\376\323\321\226\231"
 357      4E1FDC41 
 357      36697CB4 
 357      39FED3D1 
 357      9699
 358 050a 9CE9D006 		.ascii	"\234\351\320\006L\317\375\200\351y0>=\223\354\266\305"
 358      4CCFFD80 
 358      E979303E 
 358      3D93ECB6 
 358      C5
 359 051b 6967D255 		.ascii	"ig\322U\242\312M\367\263\212\332\00175\003W\324G\225"
 359      A2CA4DF7 
 359      B38ADA01 
 359      37350357 
 359      D44795
 360 052e 45172F35 		.ascii	"E\027/5Q\303UZ\364\023\325\325\225xo\261SN\355#B\353"
 360      51C3555A 
 360      F413D5D5 
 360      95786FB1 
 360      534EED23 
 361 0544 4391D686 		.ascii	"C\221\326\206\244\333'Yv\210\322R\357L\257P\323\205"
 361      A4DB2759 
 361      7688D252 
 361      EF4CAF50 
 361      D385
 362 0556 3A5028F2 		.ascii	":P(\362\012\016\250_\302J\277\310\312\000a\345Nf]\262"
 362      0A0EA85F 
 362      C24ABFC8 
 362      CA0061E5 
 362      4E665DB2 
 363 056a 3CA04EBC 		.ascii	"<\240N\274\326\374\371\036OR\347*\355+u\202\312C\341"
 363      D6FCF91E 
 363      4F52E72A 
 363      ED2B7582 
 363      CA43E1
 364 057d E7BE4C6B 		.ascii	"\347\276LkQ\023\035\270\242A\252\354*\353\271\242\020"
 364      51131DB8 
 364      A241AAEC 
 364      2AEBB9A2 
 364      10
 365 058e 09F999EA 		.ascii	"\011\371\231\352\356?(\254a\246\254s\210\324\371D\254"
 365      EE3F28AC 
ARM GAS  C:\cygwin\tmp\cc2WQ7fS.s 			page 28


 365      61A6AC73 
 365      88D4F944 
 365      AC
 366 059f F3706AF2 		.ascii	"\363pj\362\301\020\366\005\255sGZ\376I\005\251\323\365"
 366      C110F605 
 366      AD73475A 
 366      FE4905A9 
 366      D3F5
 367 05b1 DC3FFDE0 		.ascii	"\334?\375\340\201\236J\012}*\026:L\012\365\275\314z"
 367      819E4A0A 
 367      7D2A163A 
 367      4C0AF5BD 
 367      CC7A
 368 05c3 E2E79FE2 		.ascii	"\342\347\237\342\367\244\024\375\244\236\262\203G\011"
 368      F7A414FD 
 368      A49EB283 
 368      4709
 369 05d1 841111C2 		.ascii	"\204\021\021\302\211\364\273?\253X'\271X\241c\225\275"
 369      89F4BB3F 
 369      AB5827B9 
 369      58A16395 
 369      BD
 370 05e2 A5789BEA 		.ascii	"\245x\233\352\342=5W\236,MMr\346\362]>\337<\342\205"
 370      E23D3557 
 370      9E2C4D4D 
 370      72E6F25D 
 370      3EDF3CE2 
 371 05f7 9E49603C 		.ascii	"\236I`<\023a\214\021\030\315mO\313\247MY\365s\234R\340"
 371      13618C11 
 371      18CD6D4F 
 371      CBA74D59 
 371      F5739C52 
 372 060c BBF3BA3B 		.ascii	"\273\363\272;'\230\255\241\371\306FR\363T4_\233\267"
 372      2798ADA1 
 372      F9C64652 
 372      F354345F 
 372      9BB7
 373 061e 51EB1297 		.ascii	"Q\353\022\227-8\240\027b\206\361\227\227$\325\255\355"
 373      2D38A017 
 373      6286F197 
 373      9724D5AD 
 373      ED
 374 062f 1DDD2AB6 		.ascii	"\035\335*\266\236\006H|\231\343\324\316\273\316\034"
 374      9E06487C 
 374      99E3D4CE 
 374      BBCE1C
 375 063e E055247A 		.ascii	"\340U$zw\373\323S\3127\017\361\256\303\236\276\243W"
 375      77FBD353 
 375      CA370FF1 
 375      AEC39EBE 
 375      A357
 376 0650 D92CDE95 		.ascii	"\331,\336\225\310\363\270_\360Tz)~\0110\254\361!(\357"
 376      C8F3B85F 
 376      F0547A29 
 376      7E0930AC 
 376      F12128EF 
 377 0664 2D58303C 		.ascii	"-X0<\363&\276%t\225]d\002:g4\240s\2660\364N\002\277"
ARM GAS  C:\cygwin\tmp\cc2WQ7fS.s 			page 29


 377      F326BE25 
 377      74955D64 
 377      023A6734 
 377      A073B630 
 378 067c F820DBB6 		.ascii	"\370 \333\266\243'p\273{\036`\235(X'\022\353\256V\327"
 378      A32770BB 
 378      7B1E609D 
 378      28582712 
 378      EBAE56D7 
 379 0690 03157B8F 		.ascii	"\003\025{\217B\357\333\221\222(\017\027/\260\300W\022"
 379      42EFDB91 
 379      92280F17 
 379      2FB0C057 
 379      12
 380 06a1 23BDBF82 		.ascii	"#\275\277\202E\333\036o\271\\\274\1779\002\217\355\255"
 380      45DB1E6F 
 380      B95CBC7F 
 380      39028FED 
 380      AD
 381 06b2 CCABC736 		.ascii	"\314\253\3076\372\222\321\200\333\336\214\253\373\225"
 381      FA92D180 
 381      DBDE8CAB 
 381      FB95
 382 06c0 AC9B5E95 		.ascii	"\254\233^\225\357=\2733\242D\241\352\360P|\013v0j\331"
 382      EF3DBB33 
 382      A244A1EA 
 382      F0507C0B 
 382      76306AD9 
 383 06d4 76B25524 		.ascii	"v\262U$:g|1\276U\354\200`\370\223\014mgBQ2Co\000\030"
 383      3A677C31 
 383      BE55EC80 
 383      60F8930C 
 383      6D674251 
 384 06ed 1668D136 		.ascii	"\026h\3216f\342\275\232\006\302\177 \335\271\332\321"
 384      66E2BD9A 
 384      06C27F20 
 384      DDB9DAD1 
 385 06fd 4B1A7680 		.ascii	"K\032v\200\026\225\342\350\272\242aG\350`K\336\231\024"
 385      1695E2E8 
 385      BAA26147 
 385      E8604BDE 
 385      9914
 386 070f 7C8F9EAF 		.ascii	"|\217\236\257\2413\277\357Y\256\232\014\3619\024\202"
 386      A133BFEF 
 386      59AE9A0C 
 386      F1391482 
 387 071f CFA186FB 		.ascii	"\317\241\206\373\374\221`\361\034J.\351\3760\011r:\031"
 387      FC9160F1 
 387      1C4A2EE9 
 387      FE300972 
 387      3A19
 388 0731 0D4A61C6 		.ascii	"\015Ja\306\317\241\371\376s(\361\325\353\313.\200>_"
 388      CFA1F9FE 
 388      7328F1D5 
 388      EBCB2E80 
 388      3E5F
 389 0743 E0E12B00 		.ascii	"\340\341+\000\3775\203\3679\246\376E\355V\005\275\363"
ARM GAS  C:\cygwin\tmp\cc2WQ7fS.s 			page 30


 389      FF3583F7 
 389      39A6FE45 
 389      ED5605BD 
 389      F3
 390 0754 4CE29436 		.ascii	"L\342\2246\211\023\201P{b\357\034|\024\246\002\204\235"
 390      89138150 
 390      7B62EF1C 
 390      7C14A602 
 390      849D
 391 0766 7E088088 		.ascii	"~\010\200\210b\300\037\360u\257{\364\211\226\034\314"
 391      62C01FF0 
 391      75AF7BF4 
 391      89961CCC 
 392 0776 33C8BE7D 		.ascii	"3\310\276}\263w\210%\0073\203\207\311;\313|\312\251"
 392      B3778825 
 392      07338387 
 392      C93BCB7C 
 392      CAA9
 393 0788 AFCD7B18 		.ascii	"\257\315{\030\341\332\274\200\354\3109\356\214l\361"
 393      E1DABC80 
 393      ECC839EE 
 393      8C6CF1
 394 0797 CAEF126F 		.ascii	"\312\357\022o\315\351\000j7\203\2553\230Y\242\017\031"
 394      CDE9006A 
 394      3783AD33 
 394      9859A20F 
 394      19
 395 07a8 605AEB4A 		.ascii	"`Z\353JZ\350\177O\376@\356\300G\272\036\"\222]I6\252"
 395      5AE87F4F 
 395      FE40EEC0 
 395      47BA1E22 
 395      925D4936 
 396 07bd 5C4FC6F4 		.ascii	"\\O\306\364\251\263g\211\331K\350\201\320\237\364\260"
 396      A9B36789 
 396      D94BE881 
 396      D09FF4B0 
 397 07cd 2468E2   		.ascii	"$h\342"
 398 07d0 A57D2FA4 		.ascii	"\245}/\244\317$\351\263I\372,\232>\233\244\377\312U"
 398      CF24E9B3 
 398      49FA2C9A 
 398      3E9BA4FF 
 398      CA55
 399 07e2 7333F008 		.ascii	"s3\360\010)\0128B\3661Z\221\267}\244\353\317g\037\333"
 399      290A3842 
 399      F6315A91 
 399      B77DA4EB 
 399      CF671FDB 
 400 07f6 AB660BE5 		.ascii	"\253f\013\345\244'\362;|\267YX\361u\245\2455\005U\014"
 400      A427F23B 
 400      7CB75958 
 400      F175A5A5 
 400      3505550C 
 401 080a 59A05EB8 		.ascii	"Y\240^\270\273.#\033\364~\306\277\303\354\027\332\016"
 401      BB2E231B 
 401      F47EC6BF 
 401      C3EC17DA 
 401      0E
ARM GAS  C:\cygwin\tmp\cc2WQ7fS.s 			page 31


 402 081b 1D60F0B2 		.ascii	"\035`\360\262\277\327:\310k\330\012\032%\257\377\254"
 402      BFD73AC8 
 402      6BD80A1A 
 402      25AFFFAC 
 403 082b 5B4DA378 		.ascii	"[M\243x\313\036\2757!J\216$J\216\030\345 \211\342()"
 403      CB1EBD37 
 403      214A8E24 
 403      4A8E18E5 
 403      2089E228 
 404 0840 3D4BB771 		.ascii	"=K\267q<\305t\273l/\367\016L}\205<\304\340\355\322\305"
 404      3CC574BB 
 404      6C2FF70E 
 404      4C7D853C 
 404      C4E0EDD2 
 405 0855 08DBA5B7 		.ascii	"\010\333\245\267k\027\257f\335\024\306\241\276[\273"
 405      6B17AF66 
 405      DD14C6A1 
 405      BE5BBB
 406 0864 34EC301D 		.ascii	"4\3540\035\364_\366\226\343\303\000\035a\204\377\025"
 406      F45FF696 
 406      E3C3001D 
 406      6184FF15 
 407 0874 24A5D70D 		.ascii	"$\245\327\015!\202\322\223R\351\372 \365\3046z/A\007"
 407      2182D293 
 407      52E9FA20 
 407      F5C4367A 
 407      2F4107
 408 0887 EB9C721C 		.ascii	"\353\234r\034\030\035\026\221\242\\H\200\207\024\354"
 408      181D1691 
 408      A25C4880 
 408      8714EC
 409 0896 5102B6AA 		.ascii	"Q\002\266\252-5K\313\226)HxoU\306\030C\203\325\024\234"
 409      2D354BCB 
 409      96294878 
 409      6F55C618 
 409      4383D514 
 410 08ab 894E4BE2 		.ascii	"\211NK\342\351\326\354R\221\232\363$5\347\211a\216\221"
 410      E9D6EC52 
 410      919AF324 
 410      35E78961 
 410      8E91
 411 08bd 3039CDB7 		.ascii	"09\315\267\373\344\3547B\230\244\346N\205\310\334\275"
 411      FBE4EC37 
 411      4298A4E6 
 411      4E85C8DC 
 411      BD
 412 08ce 3F4F602E 		.ascii	"?O`._\022%_\214R\300\204\311\344\3728\235U\301\0316"
 412      5F12255F 
 412      8C52C084 
 412      C9E4FA38 
 412      9D55C119 
 413 08e3 1AED417F 		.ascii	"\032\355A\177\373\344\263\260\3452\245\331b\217\263"
 413      FBE4B3B0 
 413      E532A5D9 
 413      628FB3
 414 08f2 5A36C84D 		.ascii	"Z6\310M\006\335:\225\331b5\330\023\254f\225\315\236"
 414      06DD3A95 
ARM GAS  C:\cygwin\tmp\cc2WQ7fS.s 			page 32


 414      D96235D8 
 414      13AC6695 
 414      CD9E
 415 0904 106D8BD0 		.ascii	"\020m\213\320\313\024\361\306\030\316\376\211\376OQ"
 415      CB14F1C6 
 415      18CEFE89 
 415      FE4F51
 416 0913 F1564BAC 		.ascii	"\361VK\254U\267>l\235\321d\260E\305\352\365\213t\326"
 416      55B73E6C 
 416      9DD164B0 
 416      45C5EAF5 
 416      8B74D6
 417 0926 F58BCC16 		.ascii	"\365\213\314\026\263a\221A\027m\\\364.\367\307E\213"
 417      B3619141 
 417      176D5CF4 
 417      2EF7C745 
 417      8B
 418 0937 DFFEFDBB 		.ascii	"\337\376\375\273Q\001\352(\243YoJ\2101D\3316\331\242"
 418      5101EA28 
 418      A3596F4A 
 418      883144D9 
 418      36D9A2
 419 094a EC9BE20D 		.ascii	"\354\233\342\015\266\2108\231\222\2135\330!\260\202"
 419      B6883899 
 419      928B35D8 
 419      21B082
 420 0959 FBDC6832 		.ascii	"\373\334h2\315\3428\375F\035\027\237`5p\3774Z\355\011"
 420      CDE238FD 
 420      461D179F 
 420      603570FF 
 420      345AED09 
 421 096d 3A9392E3 		.ascii	":\223\222\343b\023t\326\030\001F\234\354W\324\206(9"
 421      621374D6 
 421      1801469C 
 421      EC57D486 
 421      2839
 422 097f 9DFE8B04 		.ascii	"\235\376\213\004\243\325\020\240\263\032\000\277\315"
 422      A3D510A0 
 422      B31A00BF 
 422      CD
 423 098c 3033C02E 		.ascii	"03\300.\332b\265+9K\274\301\314Y\301\332j\2105\332\354"
 423      DA62B52B 
 423      394BBCC1 
 423      CC59C1DA 
 423      6A8835DA 
 424 09a1 062B291F 		.ascii	"\006+)\037\312\321\253\365qk6\331>\324\231\354\363\""
 424      CAD1ABF5 
 424      716B36D9 
 424      3ED499EC 
 424      F322
 425 09b3 2222E93F 		.ascii	"\"\"\351?\213-\322j\217\024PG\352\343\0007\344\327\350"
 425      8B2DD26A 
 425      8F145047 
 425      EAE30037 
 425      E4D7E8
 426 09c6 E3FE121D 		.ascii	"\343\376\022\035\273Zg6\352\265\034\027c\263pq:s\214"
 426      BB5A6736 
ARM GAS  C:\cygwin\tmp\cc2WQ7fS.s 			page 33


 426      EAB51C17 
 426      63B37071 
 426      3A738C
 427 09d9 C9303322 		.ascii	"\31103\"\332f\213\220jX\243\331\256\340\226Y,&U\002"
 427      DA668B90 
 427      6A58A3D9 
 427      AEE09659 
 427      2C265502 
 428 09ed BCBEB398 		.ascii	"\274\276\263\230\263k8N|]\373\277\023\271^\247\2173"
 428      B36B384E 
 428      7C5DFBBF 
 428      13B95EA7 
 428      8F33
 429 09ff 9A0D515C 		.ascii	"\232\015Q\\\214a\235.\301d\347DV?\376?L\222=\006\200"
 429      8C619D2E 
 429      C164E744 
 429      563FFE3F 
 429      4C923D06 
 430 0a14 422CCACC 		.ascii	"B,\312\314\337-\372\317\325\361@\"g\202\267\005\023"
 430      DF2DFACF 
 430      D5F14022 
 430      6782B705 
 430      13
 431 0a25 38C21F6C 		.ascii	"8\302\037l\221K?]\271|\345F Jo\301\363\367\336z\360"
 431      914B3F5D 
 431      B97CE546 
 431      204A6FC1 
 431      F3F7DE7A 
 432 0a3a 9ECE7136 		.ascii	"\236\316q6\203\235[\266t\315_W\177\372\321t\235i\203"
 432      839D5BB6 
 432      74CD5F57 
 432      7FFAD174 
 432      9D6983
 433 0a4d 6E938D33 		.ascii	"n\223\2153\232M\200{\2414\212a\243=r\371\3125\037\255"
 433      9A4D807B 
 433      A1348A61 
 433      A33D72F9 
 433      CA351FAD 
 434 0a61 F1138EA3 		.ascii	"\361\023\216\243\350\327\177\220`\326C\240i\004\306"
 434      E8D77F90 
 434      60D643A0 
 434      6904C6
 435 0a70 67669C7E 		.ascii	"gf\234~\032\001\222@\336\377\015\302)\354\302"
 435      1A019240 
 435      DEFF0DC2 
 435      29ECC2
 436              		.text
 437              		.section	.gnu.lto_.symtab.652bf6be,"",%progbits
 438 0000 5F676574 		.ascii	"_getpid\000\000\000\000\000\000\000\000\000\000\000"
 438      70696400 
 438      00000000 
 438      00000000 
 438      0000
 439 0012 00CC0000 		.ascii	"\000\314\000\000\000_kill\000\000\000\000\000\000\000"
 439      005F6B69 
 439      6C6C0000 
 439      00000000 
ARM GAS  C:\cygwin\tmp\cc2WQ7fS.s 			page 34


 439      00
 440 0023 00000000 		.ascii	"\000\000\000\000\000\320\000\000\000__cxa_pure_virt"
 440      00D00000 
 440      005F5F63 
 440      78615F70 
 440      7572655F 
 441 003b 75616C00 		.ascii	"ual\000\000\000\000\000\000\000\000\000\000\000\000"
 441      00000000 
 441      00000000 
 441      000000
 442 004a D3000000 		.ascii	"\323\000\000\000__cxa_guard_acquire\000\000\000\000"
 442      5F5F6378 
 442      615F6775 
 442      6172645F 
 442      61637175 
 443 0065 00000000 		.ascii	"\000\000\000\000\000\000\000\000\337\000\000\000__c"
 443      00000000 
 443      DF000000 
 443      5F5F63
 444 0074 78615F67 		.ascii	"xa_guard_release\000\000\000\000\000\000\000\000\000"
 444      75617264 
 444      5F72656C 
 444      65617365 
 444      00000000 
 445 008d 000000E3 		.ascii	"\000\000\000\343\000\000\000__cxa_guard_abort\000\000"
 445      0000005F 
 445      5F637861 
 445      5F677561 
 445      72645F61 
 446 00a7 00000000 		.ascii	"\000\000\000\000\000\000\000\000\000\000\345\000\000"
 446      00000000 
 446      0000E500 
 446      00
 447 00b4 005F6F70 		.ascii	"\000_open_r\000\000\000\000\000\000\000\000\000\000"
 447      656E5F72 
 447      00000000 
 447      00000000 
 447      0000
 448 00c6 0000EE00 		.ascii	"\000\000\356\000\000\000__register_exitproc\000\000"
 448      00005F5F 
 448      72656769 
 448      73746572 
 448      5F657869 
 449 00e1 00000000 		.ascii	"\000\000\000\000\000\000\000\000\000\000\366\000\000"
 449      00000000 
 449      0000F600 
 449      00
 450 00ee 005F5F64 		.ascii	"\000__dso_handle\000\000\000\000\000\000\000\000\000"
 450      736F5F68 
 450      616E646C 
 450      65000000 
 450      00000000 
 451 0104 00000000 		.ascii	"\000\000\000\000\001\000\000chSysHalt\000\000\002\000"
 451      01000063 
 451      68537973 
 451      48616C74 
 451      00000200 
ARM GAS  C:\cygwin\tmp\cc2WQ7fS.s 			page 35


 452 0118 00000000 		.ascii	"\000\000\000\000\000\000\000\000\372\000\000\000chD"
 452      00000000 
 452      FA000000 
 452      636844
 453 0127 62675061 		.ascii	"bgPanic\000\000\002\000\000\000\000\000\000\000\000"
 453      6E696300 
 453      00020000 
 453      00000000 
 453      0000
 454 0139 00FD0000 		.ascii	"\000\375\000\000\000"
 454      00
 455              		.text
 456              		.section	.gnu.lto_.opts,"",%progbits
 457 0000 272D666E 		.ascii	"'-fno-trapv' '-mcpu=cortex-m4' '-mno-thumb-interwor"
 457      6F2D7472 
 457      61707627 
 457      20272D6D 
 457      6370753D 
 458 0033 6B272027 		.ascii	"k' '-mthumb' '-ggdb' '-O2' '-fomit-frame-pointer' '"
 458      2D6D7468 
 458      756D6227 
 458      20272D67 
 458      67646227 
 459 0066 2D66616C 		.ascii	"-falign-functions=16' '-ffunction-sections' '-fdata"
 459      69676E2D 
 459      66756E63 
 459      74696F6E 
 459      733D3136 
 460 0099 2D736563 		.ascii	"-sections' '-fno-common' '-flto'\000"
 460      74696F6E 
 460      73272027 
 460      2D666E6F 
 460      2D636F6D 
 461              		.text
 462              		.comm	__gnu_lto_v1,1,1
 463              		.comm	__gnu_lto_slim,1,1
 464              		.ident	"GCC: (GNU Tools for ARM Embedded Processors) 4.9.3 20141119 (release) [ARM/embedded-4_9-br
ARM GAS  C:\cygwin\tmp\cc2WQ7fS.s 			page 36


DEFINED SYMBOLS
                            *ABS*:00000000 stubs.c
                            *COM*:00000001 __gnu_lto_v1
                            *COM*:00000001 __gnu_lto_slim

NO UNDEFINED SYMBOLS
