ARM GAS  C:\cygwin\tmp\cclbZN3L.s 			page 1


   1              		.syntax unified
   2              		.cpu cortex-m4
   3              		.fpu softvfp
   4              		.eabi_attribute 20, 1
   5              		.eabi_attribute 21, 1
   6              		.eabi_attribute 23, 3
   7              		.eabi_attribute 24, 1
   8              		.eabi_attribute 25, 1
   9              		.eabi_attribute 26, 1
  10              		.eabi_attribute 30, 2
  11              		.eabi_attribute 34, 1
  12              		.eabi_attribute 18, 4
  13              		.thumb
  14              		.file	"board.c"
  15              		.text
  16              	.Ltext0:
  17              		.section	.gnu.lto_.profile.9c5f564,"",%progbits
  18 0000 789C6366 		.ascii	"x\234cf```a\200\000F\006>f\000\000\223\000\032"
  18      60606061 
  18      80004606 
  18      3E660000 
  18      93001A
  19              		.text
  20              		.section	.gnu.lto_.jmpfuncs.9c5f564,"",%progbits
  21 0000 789C6366 		.ascii	"x\234cf\300\0168\2414\023\210`\004b\000\001S\000\020"
  21      C00E38A1 
  21      34138860 
  21      04620001 
  21      530010
  22              		.text
  23              		.section	.gnu.lto_.inline.9c5f564,"",%progbits
  24 0000 789C6366 		.ascii	"x\234cf\300\016\264\2414\023\003\003\013\017#\210b`"
  24      C00EB4A1 
  24      34130303 
  24      0B0F2388 
  24      6260
  25 0012 5B200FA2 		.ascii	"[ \017\242\030\030\271@\004\0033\023\2520\003\000,\231"
  25      1818B940 
  25      04033313 
  25      AA300300 
  25      2C99
  26 0024 01E6     		.ascii	"\001\346"
  27              		.text
  28              		.section	.gnu.lto_.pureconst.9c5f564,"",%progbits
  29 0000 789C6366 		.ascii	"x\234cf```e\200\000&\006\011F\006\000\000\331\000$"
  29      60606065 
  29      80002606 
  29      09460600 
  29      00D90024 
  30              		.text
  31              		.section	.gnu.lto___early_init.9c5f564,"",%progbits
  32 0000 789C6366 		.ascii	"x\234cf\300\004R@\274\010\210\215\200\230\221\231\201"
  32      C0045240 
  32      BC08888D 
  32      80989199 
  32      81
  33 0011 9169C239 		.ascii	"\221i\3029\006\206F\016&FF\020\203\201\221\241\236\211"
ARM GAS  C:\cygwin\tmp\cclbZN3L.s 			page 2


  33      0686460E 
  33      26464610 
  33      838191A1 
  33      9E89
  34 0023 B19EF125 		.ascii	"\261\236\361%\323G&\306\011\007V\317\340V_\332\320\320"
  34      D34726C6 
  34      090756CF 
  34      E0565FDA 
  34      D0D0
  35 0035 F0E1D146 		.ascii	"\360\341\321F\211V\211\237L\014\014\237\231 \3060.g"
  35      8956899F 
  35      4C0C0C9F 
  35      9920C630 
  35      2E67
  36 0047 546700AA 		.ascii	"Tg\000\252\371\330\362\367:7[\013P\215\000D\216q\005"
  36      F9D8F2F7 
  36      3A375B0B 
  36      508D0044 
  36      8E7105
  37 005a 231B2390 		.ascii	"#\033#\220^/t\240\341\377\377\307s\346lfaf`x\002\224"
  37      5E2F74A0 
  37      E1FFFFC7 
  37      73E66C66 
  37      61666078 
  38 0070 0299FF94 		.ascii	"\002\231\377\224\211\011D3\337al>\260\361\030#H1\310"
  38      89094433 
  38      DF616C3E 
  38      B0F11823 
  38      4831C8
  39 0083 947997FB 		.ascii	"\224y\227\373\3261\325\376n\350h\340\370\311\304\370"
  39      D631D5FE 
  39      6EE868E0 
  39      F8C9C4F8 
  40 0093 99096800 		.ascii	"\231\011h\000\343J\306Z\206\237@\345\367\030\033\017"
  40      E34AC65A 
  40      869F40E5 
  40      F7181B0F 
  41 00a3 6C7603AB 		.ascii	"lv\003\253d\000\031\304\0102\000h\234\201\236\236>\004"
  41      640019C4 
  41      08320068 
  41      9C819E9E 
  41      3E04
  42 00b5 E517EB67 		.ascii	"\345\027\353g$\346\350'\345'\026\245\024\353\007\207"
  42      24E6E827 
  42      E52716A5 
  42      14EB0787 
  43 00c5 C4FB853A 		.ascii	"\304\373\205:\373\270\372\307\273\231\030\032\006\271"
  43      FBB8FAC7 
  43      BB99181A 
  43      06B9
  44 00d3 42C4F592 		.ascii	"B\304\365\222\031\000o\307H\340"
  44      19006FC7 
  44      48E0
  45              		.text
  46              		.section	.gnu.lto_boardInit.9c5f564,"",%progbits
  47 0000 789C6366 		.ascii	"x\234cf\300\004R@\\\002\304F@\314\310\314\300\3104\341"
  47      C0045240 
ARM GAS  C:\cygwin\tmp\cclbZN3L.s 			page 3


  47      5C02C446 
  47      40CCC8CC 
  47      C0C834E1 
  48 0014 1C034323 		.ascii	"\034\003C#\007\023##\210\301\300\310P\317\304X\317\370"
  48      07132323 
  48      88C1C0C8 
  48      50CFC458 
  48      CFF8
  49 0026 92E92313 		.ascii	"\222\351#\023\343\204\003\253gp\253/mhh\370\260i\277"
  49      E38403AB 
  49      6770AB2F 
  49      6D6868F8 
  49      B069BF
  50 0039 44ABC44F 		.ascii	"D\253\304O&\006\206\317L\020c\030\2273\2523\000\325"
  50      260686CF 
  50      4C106318 
  50      9733AA33 
  50      00D5
  51 004b 7C6CF97B 		.ascii	"|l\371{\235\233\255\005\250F\000\"\307\270\202\221\215"
  51      9D9BAD05 
  51      A8460022 
  51      C7B88291 
  51      8D
  52 005c 1148AF17 		.ascii	"\021H\257\027:\320\360\377\377\342\351g\366\263\000"
  52      3AD0F0FF 
  52      FFE2E967 
  52      F6B300
  53 006b 859F0031 		.ascii	"\205\237\0001\310\374\247LL \232\371\036##H!\310\244"
  53      C8FCA74C 
  53      4C209AF9 
  53      1E232348 
  53      21C8A4
  54 007e 274C8C20 		.ascii	"'L\214 !\240\002\003==}\010\312/\326\317H\314\321O\312"
  54      21A00203 
  54      3D3D7D08 
  54      CA2FD6CF 
  54      48CCD14F 
  55 0093 4F2C4A29 		.ascii	"O,J)\326\017\016\211\367\013u\366q\365\217w314\014r"
  55      D60F0E89 
  55      F70B75F6 
  55      71F58F77 
  55      3331340C 
  56 00a8 8588EB25 		.ascii	"\205\210\353%3\000\000\031\3427C"
  56      33000019 
  56      E23743
  57              		.text
  58              		.section	.gnu.lto_.symbol_nodes.9c5f564,"",%progbits
  59 0000 789C6366 		.ascii	"x\234cf``pa\200\002\246\006\246z\006\206\011\347\030"
  59      60607061 
  59      8002A606 
  59      A67A0686 
  59      09E718
  60 0013 18EAEB19 		.ascii	"\030\352\353\031\346-\340``jd\252gD\026`\375\317\310"
  60      E62DE060 
  60      606A64AA 
  60      67441660 
  60      FDCFC8
ARM GAS  C:\cygwin\tmp\cclbZN3L.s 			page 4


  61 0026 B010A888 		.ascii	"\260\020\250\210\261\211\251\236\011\"\301\320\320\300"
  61      B189A99E 
  61      0922C1D0 
  61      D0C0
  62 0034 C1C00C84 		.ascii	"\301\300\014\204K\036\374cd\000\000w\\\022/"
  62      4B1EFC63 
  62      64000077 
  62      5C122F
  63              		.text
  64              		.section	.gnu.lto_.refs.9c5f564,"",%progbits
  65 0000 789C6366 		.ascii	"x\234cf```d\200\002\000\000=\000\005"
  65      60606064 
  65      80020000 
  65      3D0005
  66              		.text
  67              		.section	.gnu.lto_.decls.9c5f564,"",%progbits
  68 0000 789CA556 		.ascii	"x\234\245VkPSG\024\276\233\233\027\001\301\221\031u"
  68      6B505347 
  68      14BE9B9B 
  68      1701C191 
  68      1975
  69 0012 9C8E529D 		.ascii	"\234\216R\235\241\035G\2362\216\355\217V\353{J\225>"
  69      A11D479E 
  69      328EED8F 
  69      56EB7B4A 
  69      953E
  70 0024 9CFE9099 		.ascii	"\234\376\220\2314&\0012\015$\023BG\377]\204*\"*jA(("
  70      34260132 
  70      0D241342 
  70      47FF5D84 
  70      2A222A6A 
  71 003b 51D02086 		.ascii	"Q\320 \206\020\221\362\026\360\011\362h}\200\217V\005"
  71      1091F216 
  71      F009F268 
  71      7D808F56 
  71      05
  72 004c 51011F28 		.ascii	"Q\001\037( **H\317\356\346\0011\242\235\356d\263\367"
  72      202A2A48 
  72      CFEEE601 
  72      31A29DEE 
  72      64B3F7
  73 005f 9CF39DEF 		.ascii	"\234\363\235\357\234\335={\367\262\014\303\244B\037"
  73      9CDD3D7B 
  73      F7B20CC3 
  73      A4421F
  74 006e 85E6E9CE 		.ascii	"\205\346\351\31603y\014\303\202\034\3068\032\226M\320"
  74      3033790C 
  74      C3821CC6 
  74      381A964D 
  74      D0
  75 007f CDD02DD0 		.ascii	"\315\320-\320\021\364\021f|31\016\2777\320\217X\365"
  75      11F41166 
  75      7C33310E 
  75      BF37D08F 
  75      58F5
  76 0091 3CABCDC2 		.ascii	"<\253\315\302\274\335\314V.[,d\3259\267~\036\2520\017"
  76      BCDDCC56 
ARM GAS  C:\cygwin\tmp\cclbZN3L.s 			page 5


  76      2E5B2C64 
  76      D539B77E 
  76      1EAA300F 
  77 00a5 B6B8F7F0 		.ascii	"\266\270\367\360\220\247\304\007\213\225\273\0332\204"
  77      90A7C407 
  77      8B95BB1B 
  77      3284
  78 00b3 207A48F8 		.ascii	" zH\370X\254z\335\331\312\237\226\306AKM\340&\363Q\330"
  78      58AC7ADD 
  78      D9CA9F96 
  78      C6414B4D 
  78      E026F351 
  79 00c8 54644433 		.ascii	"TdD3P>\232\001\254G\3204\370_\307\247L\247v\015\364"
  79      503E9A01 
  79      AC47D034 
  79      F85FC7A7 
  79      4CA7760D 
  80 00dd 229687F0 		.ascii	"\"\226\207\360sn\306\355V\311\274\002pK\342\352\206"
  80      736EC6ED 
  80      56C9BC02 
  80      704BE2EA 
  80      86
  81 00ee 90235CF2 		.ascii	"\220#\\\362\025\343\027>\3739\203\245\317\234\275\231"
  81      15E3173E 
  81      FB3983A5 
  81      CF9CBD99 
  82 00fe CDE40C9B 		.ascii	"\315\344\014\233\2707\243\243\210p\241\002\304\242\243"
  82      B837A3A3 
  82      8870A102 
  82      C4A2A3
  83 010d 681EC918 		.ascii	"h\036\311\030\236i\352&\344\003~\0059;\333D\354\012"
  83      9E69EA26 
  83      E4037E05 
  83      393BDB44 
  83      EC0A
  84 011f 426E1AAC 		.ascii	"Bn\032\254\251\020\001\211\305bx\235+l\340\352FG\277"
  84      A9100189 
  84      C562789D 
  84      2B6CE0EA 
  84      4647BF
  85 0132 24FE8563 		.ascii	"$\376\205c\374\013m\376f\342o4^)\024\260\337\022\377"
  85      FC0B6DFE 
  85      66E26F34 
  85      5E2914B0 
  85      DF12FF
  86 0145 FB091D7D 		.ascii	"\373\011\035}B\360\357\340\372\032s\273\246e\024s\247"
  86      42F0EFE0 
  86      FA1A73BB 
  86      A6651473 
  86      A7
  87 0156 12B961C8 		.ascii	"\022\271a\310\002\021\226\2421,E6\026\013a\251~\222"
  87      021196A2 
  87      312C4536 
  87      160B61A9 
  87      7E92
  88 0168 72514C16 		.ascii	"rQL\026\253N\202\231\362\232R3\021Y\255|\302\\5Tj\364"
  88      AB4E8299 
ARM GAS  C:\cygwin\tmp\cclbZN3L.s 			page 6


  88      F29A5233 
  88      1159AD7C 
  88      C25C3554 
  89 017e 24F60E22 		.ascii	"$\366\016\"\027W\367<\363\"\366\217\260\330^S\325%d"
  89      1757F73C 
  89      F322F68F 
  89      B0D85E53 
  89      D52564
  90 0191 F72062AB 		.ascii	"\367 b\253\255\031:'a\017S!%\251\343\274\204-\242B\374"
  90      AD193A27 
  90      610F5321 
  90      25A9E3BC 
  90      842DA242 
  91 01a6 E1AA1411 		.ascii	"\341\252\024\021x},!K\326\236\3652\317\215\210\270\224"
  91      787D2C21 
  91      4BD69EF5 
  91      32CF8D88 
  91      B894
  92 01b8 BC40C56B 		.ascii	"\274@\305k\350\342r=\221\257$\017\026\270\357\325\241"
  92      E8E2723D 
  92      91AF240F 
  92      16B8EFD5 
  92      A1
  93 01c9 CE9509DC 		.ascii	"\316\225\011\334\"T\205$\250\314\236;\361\306-\211\343"
  93      22548524 
  93      A8CC9E3B 
  93      F1C62D89 
  93      E3
  94 01da 36E1CD73 		.ascii	"6\341\315sk\360d\354{\207*\221/ \010\026\225\203\262"
  94      6BF064EC 
  94      7B872A91 
  94      2F200816 
  94      9583B2
  95 01ed 0294407C 		.ascii	"\002\224@|v\270&Q\200$\276\256\235N\270p\")\230\217"
  95      76B82651 
  95      8024BEAE 
  95      9D4EB870 
  95      2229988F 
  96 0201 EC9DCA71 		.ascii	"\354\235\312q|T\015)\224:R\200\214\354\033?\334\370"
  96      7C540D29 
  96      943A5280 
  96      8CEC1B3F 
  96      DCF8
  97 0213 7B8507DB 		.ascii	"{\205\007\333I\313#'5\373\231\200\355\261\326\312\340"
  97      49CB2327 
  97      35FB9980 
  97      EDB1D6CA 
  97      E0
  98 0224 857E31FB 		.ascii	"\205~1\373\204\012yi\351&\001Y11\026\017\026U\374\310"
  98      840A7969 
  98      E9260159 
  98      3131160F 
  98      1655FCC8 
  99 0238 BEA0A612 		.ascii	"\276\240\246\022\203\251\236eG\250\320\3249\364\324"
  99      83A99E65 
  99      47A8D0D4 
  99      39F4D4
ARM GAS  C:\cygwin\tmp\cclbZN3L.s 			page 7


 100 0247 83E02693 		.ascii	"\203\340&\223\332\353=\272\315\223\215g\211-\377\320"
 100      DAEB3DBA 
 100      CD938D67 
 100      892DFFD0 
 101 0257 F66E96DD 		.ascii	"\366n\226\335L\205\314\027\315\347\350\026L\007\321"
 101      4C85CC17 
 101      CDE7E816 
 101      4C07D1
 102 0266 6DEBC9C4 		.ascii	"m\353\311\304.\0174\2336o_\003\314\263/\253\360\316"
 102      2E0F349B 
 102      366F5F03 
 102      CCB32FAB 
 102      F0CE
 103 0278 AA3D095C 		.ascii	"\252=\011\\\336t\222\177-\344\377\027\362v\314\372S"
 103      DE74927F 
 103      2DE4FF17 
 103      F276CCFA 
 103      53
 104 0289 5CEA465C 		.ascii	"\\\352F\\\360\014\206\033\262\214\302\206@\002=\355"
 104      F00C861B 
 104      B28CC286 
 104      40023DED 
 105 0299 0C3D438E 		.ascii	"\014=C\216\305\\;t\233\035Z\343\222\325\201\314\264"
 105      C55C3B74 
 105      9B1D5AE3 
 105      92D581CC 
 105      B4
 106 02aa 234F3923 		.ascii	"#O9#O\"\247\004\366\331\261g]'0\006\273\323\216\255"
 106      4F22A704 
 106      F6D9B167 
 106      5D273006 
 106      BBD38EAD 
 107 02be 73CDEB48 		.ascii	"s\315\353H!\307\016=\347\014\255w@w\221w\001\307-\322"
 107      21C70E3D 
 107      E70CAD77 
 107      40779177 
 107      01C72DD2 
 108 02d2 33E838D8 		.ascii	"3\3508\330K\210\011\243a\323\321\005\250\220F4\0335"
 108      4B8809A3 
 108      61D3D105 
 108      A8904634 
 108      1B35
 109 02e4 406F81DE 		.ascii	"@o\201\336\004\375<\364f\350\177\242\331\244\030p\305"
 109      04FD3CF4 
 109      66E87FA2 
 109      D9A41870 
 109      C5
 110 02f5 746C350A 		.ascii	"tl5\0129\204\335\030\333Y\263U\012/\245%=e\022\362\366"
 110      3984DD18 
 110      DB59B355 
 110      0A2FA525 
 110      3D6512F2 
 111 030a 7515095D 		.ascii	"u\025\011]\202\000\3779X~\244\030]\004\247?\034\245"
 111      8200FF39 
 111      587EA418 
 111      5D04A73F 
 111      1CA5
ARM GAS  C:\cygwin\tmp\cclbZN3L.s 			page 8


 112 031c 8923DB4A 		.ascii	"\211#\333J\263m\244e&{\202\226K\307Hj\211\200=C\205"
 112      B36DA465 
 112      267B8296 
 112      4BC7486A 
 112      89803D43 
 113 0331 DF1A77FD 		.ascii	"\337\032w\375\3046\321\347\370\272\302\313\"RG\013\311"
 113      C436D1E7 
 113      F8BAC2CB 
 113      2252470B 
 113      C9
 114 0342 3BC8949A 		.ascii	";\310\224\232.b/Q[w\315#\216Gla\344\375R{\277\332\235"
 114      2E622F51 
 114      5B77CD23 
 114      8E476C61 
 114      E4FD527B 
 115 0359 BD4E6D39 		.ascii	"\275Nm9;\212_\322\027\252\026\213\277_K\362d;\250\251"
 115      3B8A5FD2 
 115      17AA168B 
 115      BF5F4BF2 
 115      643BA8A9 
 116 036d A4F6F800 		.ascii	"\244\366\370\000\255\341$,\213\037oO)\027\"oZ\233\343"
 116      ADE1242C 
 116      8B1F6F4F 
 116      2917226F 
 116      5A9BE3
 117 0380 A67F0CA6 		.ascii	"\246\177\014\246_L\026\372\246u\356wa\356\267`\236\235"
 117      5F4C16FA 
 117      A675EE77 
 117      61EEB760 
 117      9E9D
 118 0392 D0DBA1DF 		.ascii	"\320\333\241\337\201~\033z\207u\336\006<\357j\343j\016"
 118      817E1B7A 
 118      8775DE06 
 118      3CEF6AE3 
 118      6A0E
 119 03a4 B6144FFD 		.ascii	"\266\024O\3752L\035\373\332\027r\\\375q\206\346O\254"
 119      324C1DFB 
 119      DA17725C 
 119      FD7186E6 
 119      4FAC
 120 03b6 C03667E0 		.ascii	"\3006g\340\0254\0369dC\376\343\214\2741\276\3708\303"
 120      15341E39 
 120      6443FEE3 
 120      8CBC31BE 
 120      F838C3
 121 03c9 0D1BF4BA 		.ascii	"\015\033\364\2723\364o'\322\006\033\262\325\031Y\357"
 121      33F46F27 
 121      D2061BB2 
 121      D51959EF 
 122 03d9 4C7ACD06 		.ascii	"Lz\315\006\275\352\014\2756\006J\366\275\202\024\331"
 122      BDEA0CBD 
 122      36064AF6 
 122      BD8214D9 
 123 03e9 4D174586 		.ascii	"M\027E\206\016\014\232\312Dl7\331\010\336\323\036K\212"
 123      0E0C9ACA 
 123      446C37D9 
 123      08DED31E 
ARM GAS  C:\cygwin\tmp\cclbZN3L.s 			page 9


 123      4B8A
 124 03fb 1BF2F526 		.ascii	"\033\362\365&No\240X\272\201\366\236\243Xn\332\212\305"
 124      4E6FA058 
 124      BA81F69E 
 124      A3586EDA 
 124      8AC5
 125 040d D59EA02E 		.ascii	"\325\236\240.\330\212\017\335\026|\207<\352\271\345"
 125      D88A0FDD 
 125      167C873C 
 125      EAB9E5
 126 041c E16D6532 		.ascii	"\341me2\274\213\211y\037\315\325\356\2739,\333O+\251"
 126      BC8B8979 
 126      1FCDD5EE 
 126      BB392CDB 
 126      4F2BA9
 127 042f 7EB8379B 		.ascii	"~\2707\233?+\221\277\217\023\023c\306\303\364,/re\030"
 127      3F2B91BF 
 127      8F131363 
 127      C6C3F42C 
 127      2F726518 
 128 0443 B672AD3C 		.ascii	"\266r\255<r\025\275\334\262g\022Q\025\275\240\267\010"
 128      7215BDDC 
 128      B2671251 
 128      15BDA0B7 
 128      08
 129 0454 1A3D9D76 		.ascii	"\032=\235vY@T\277\036l3\010\261\352\372\256-\225b\242"
 129      594054BF 
 129      1E6C3308 
 129      B1EAFAAE 
 129      2D9562A2 
 130 0468 6A1F65B1 		.ascii	"j\037e\261\242\371Di\013e\342\036\323\367\351vS\255"
 130      A2F94469 
 130      0B65E21E 
 130      D3F7E976 
 130      53AD
 131 047a 3B55D4CD 		.ascii	";U\324\315%7\372\275\264\247\236\013J\270$\303B\262"
 131      2537FABD 
 131      B4A79E0B 
 131      4AB824C3 
 131      42B2
 132 048c 2DF8443E 		.ascii	"-\370D>\204\031\341S\211/\011|2\037\301\210Og/\214\370"
 132      8419E153 
 132      892F097C 
 132      321FC188 
 132      4F672F8C 
 133 04a1 843E8611 		.ascii	"\204>\206\021\237\322'0\302IE}\344\366Ai\325\331\273"
 133      9FD22730 
 133      C249457D 
 133      E4F64169 
 133      D5D9BB
 134 04b4 E94DC791 		.ascii	"\351M\307\221X\203\225um4\347\266\202\266\002\001V\355"
 134      58839575 
 134      6D34E7B6 
 134      82B60201 
 134      56ED
 135 04c6 7D385422 		.ascii	"}8T\"\266^\206$AK\366\201z\347\360\003N\341+\254\341"
 135      B65E8624 
ARM GAS  C:\cygwin\tmp\cclbZN3L.s 			page 10


 135      414BF681 
 135      7AE7F003 
 135      4EE12BAC 
 136 04db 9F5AC30F 		.ascii	"\237Z\303\017Z\303\227[\303\227\323\360=\307\313.z\331"
 136      5AC3975B 
 136      C397D3F0 
 136      3DC7CB2E 
 136      7AD9
 137 04ed C2259370 		.ascii	"\302%\223p\375\317\263\015\254\023{\371;\330\237O\314"
 137      FDCFB30D 
 137      AC137BF9 
 137      3BD89F4F 
 137      CC
 138 04fe 7EA36AC7 		.ascii	"~\243j\307=\321\007R\275'\321\352}\307N\322\215[\206"
 138      3DD10752 
 138      BD27D1EA 
 138      7DC74ED2 
 138      8D5B86
 139 0511 C5C6F3A5 		.ascii	"\305\306\363\245\005\274\017d~91\2639\273\261\314y5"
 139      05BC0F64 
 139      7E3931B3 
 139      39BBB1CC 
 139      7935
 140 0523 DF45553E 		.ascii	"\337EU>1\325\003\363\356\203n\204*\020\365\000\025\256"
 140      31D503F3 
 140      EE836E84 
 140      2A10F500 
 140      15AE
 141 0535 E77EB480 		.ascii	"\347~\264\200\324\3643\030q]\277\200\021\327\366\020"
 141      D4F43318 
 141      715DBF80 
 141      11D7F610 
 142 0545 8CB8BE5F 		.ascii	"\214\270\276_\301\0105\216^\243\005\230bG\366\223\375"
 142      C108358E 
 142      5EA30598 
 142      6247F693 
 142      FD
 143 0556 A2390738 		.ascii	"\2429\0078\213\241\317<\220\207\342\361\327\"\207?\366"
 143      8BA1CF3C 
 143      9087E2F1 
 143      D722873F 
 143      F6
 144 0567 08E17D7A 		.ascii	"\010\341}z@\307\274\034\261\346\001\232\305\240a\360"
 144      40C7BC1C 
 144      B1E6019A 
 144      C5A061F0 
 145 0577 4723680E 		.ascii	"G#h\016p\334\312\250K\346{$;\276g\3107\236\343\033\366"
 145      70DCCAA8 
 145      4BE67B24 
 145      3BBE67C8 
 145      379EE31B 
 146 058c 0DF2201F 		.ascii	"\015\362 \037xx\364\220J\2252\235z\243T\025\243\322"
 146      7878F490 
 146      4A95329D 
 146      7AA35415 
 146      A3D2
 147 059e 0B57AC5E 		.ascii	"\013W\254^\353\263\204\011\364\367\017\240?Ml@\224L"
ARM GAS  C:\cygwin\tmp\cclbZN3L.s 			page 11


 147      EBB38409 
 147      F4F70FA0 
 147      3F4D6C40 
 147      944C
 148 05b0 1DB05E23 		.ascii	"\035\260^#\323)b\003\276\377A\272z\355\222\320ek\244"
 148      D3296203 
 148      BEFF41BA 
 148      7AED92D0 
 148      656BA4
 149 05c3 CB438282 		.ascii	"\313C\202\202\276[F\365\376r\306\215<\254\002\206\311"
 149      BE5B46F5 
 149      FE72C68D 
 149      3CAC0286 
 149      C9
 150 05d4 B1FAE8F9 		.ascii	"\261\372\350\371\301R\271Z#\377\231P\276\305\245\325"
 150      C152B95A 
 150      23FF9950 
 150      BEC5A5D5 
 151 05e4 E8F498EA 		.ascii	"\350\364\230\352\233\371\301\364\177y\310\206\015\330"
 151      9BF9C1F4 
 151      7F79C886 
 151      0DD8
 152 05f2 2255AB15 		.ascii	"\"U\253\025\376Q\314\024\312\020\251Ui\244\261J}\234"
 152      FE51CC14 
 152      CA10A955 
 152      69A4B14A 
 152      7D9C
 153 0604 56AA17C7 		.ascii	"V\252\027\307\251b\364\240\323K\244R\333\343:\371\347"
 153      A962F4A0 
 153      D34BA452 
 153      DBE33AF9 
 153      E7
 154 0615 E15A9D26 		.ascii	"\341Z\235&R'\213\366\211P\251\225\261\341\221r\271\237"
 154      52278BF6 
 154      8950A995 
 154      B1E19172 
 154      B99F
 155 0627 4C17ED17 		.ascii	"L\027\355\027\243\211Q\372)e\353U~!\322\317\374\202"
 155      A38951FA 
 155      2965EB55 
 155      7E21D2CF 
 155      FC82
 156 0639 038342C2 		.ascii	"\003\203B\302\307\251\303U1ru\234B\031\036-\223G\251"
 156      C7A9C355 
 156      3172759C 
 156      42191E2D 
 156      9347A9
 157 064c 6294E152 		.ascii	"b\224\341R\2052B\026\247\326K\365\033\265\312XH\341"
 157      85324216 
 157      A7D64BF5 
 157      1BB5CA58 
 157      48E1
 158 065e EBFFCF1D 		.ascii	"\353\377\317\035\253W@\242\300%\210\326(\224:\241\006"
 158      AB5740A2 
 158      C02588D6 
 158      28943AA1 
 158      06
ARM GAS  C:\cygwin\tmp\cclbZN3L.s 			page 12


 159 066f 73EB449A 		.ascii	"s\353D\232X\255R\251\320\011\264qZ\205\216\325(t|Y\204"
 159      58AD52A9 
 159      D009B471 
 159      5A858ED5 
 159      28747C59 
 160 0684 4E8DFFA2 		.ascii	"N\215\377\242\202&Z\250\320\320\245\001+\302V\255\371"
 160      82265AA8 
 160      D0D0A501 
 160      2BC256AD 
 160      F9
 161 0695 2538406B 		.ascii	"%8@k_)a\330\342\2452\275L\030\366\025\035\226\320a)"
 161      5F2961D8 
 161      E2A532BD 
 161      4C18F615 
 161      1D96D061 
 162 06aa 1D96D161 		.ascii	"\035\226\321a%\036\334\302\026\207.\321\304D\250\"\247"
 162      251EDCC2 
 162      16872ED1 
 162      C444A822 
 162      A7
 163 06bb 6077DB7C 		.ascii	"`w\333|\345D5\303_\247Q\000\310\377m\323\2775\371\006"
 163      E54435C3 
 163      5FA75100 
 163      C8FF6DD3 
 163      BF35F906 
 164 06cf 6C       		.ascii	"l"
 165              		.text
 166              		.section	.gnu.lto_.symtab.9c5f564,"",%progbits
 167 0000 5F5F6561 		.ascii	"__early_init\000\000\000\000\000\000\000\000\000\000"
 167      726C795F 
 167      696E6974 
 167      00000000 
 167      00000000 
 168 0016 0000AC00 		.ascii	"\000\000\254\000\000\000boardInit\000\000\000\000\000"
 168      0000626F 
 168      61726449 
 168      6E697400 
 168      00000000 
 169 002a 00000000 		.ascii	"\000\000\000\000\000\000\000\256\000\000\000pal_def"
 169      000000AE 
 169      00000070 
 169      616C5F64 
 169      6566
 170 003c 61756C74 		.ascii	"ault_config\000\000\000\000\000\000\000\000\000\000"
 170      5F636F6E 
 170      66696700 
 170      00000000 
 170      00000000 
 171 0051 0000FD00 		.ascii	"\000\000\375\000\000\000stm32_clock_init\000\000\002"
 171      00007374 
 171      6D33325F 
 171      636C6F63 
 171      6B5F696E 
 172 006a 00000000 		.ascii	"\000\000\000\000\000\000\000\000\000\260\000\000\000"
 172      00000000 
 172      00B00000 
 172      00
ARM GAS  C:\cygwin\tmp\cclbZN3L.s 			page 13


 173              		.text
 174              		.section	.gnu.lto_.opts,"",%progbits
 175 0000 272D666E 		.ascii	"'-fno-trapv' '-mcpu=cortex-m4' '-mno-thumb-interwor"
 175      6F2D7472 
 175      61707627 
 175      20272D6D 
 175      6370753D 
 176 0033 6B272027 		.ascii	"k' '-mthumb' '-ggdb' '-O2' '-fomit-frame-pointer' '"
 176      2D6D7468 
 176      756D6227 
 176      20272D67 
 176      67646227 
 177 0066 2D66616C 		.ascii	"-falign-functions=16' '-ffunction-sections' '-fdata"
 177      69676E2D 
 177      66756E63 
 177      74696F6E 
 177      733D3136 
 178 0099 2D736563 		.ascii	"-sections' '-fno-common' '-flto'\000"
 178      74696F6E 
 178      73272027 
 178      2D666E6F 
 178      2D636F6D 
 179              		.text
 180              		.comm	__gnu_lto_v1,1,1
 181              		.comm	__gnu_lto_slim,1,1
 182              		.ident	"GCC: (GNU Tools for ARM Embedded Processors) 4.9.3 20141119 (release) [ARM/embedded-4_9-br
ARM GAS  C:\cygwin\tmp\cclbZN3L.s 			page 14


DEFINED SYMBOLS
                            *ABS*:00000000 board.c
                            *COM*:00000001 __gnu_lto_v1
                            *COM*:00000001 __gnu_lto_slim

NO UNDEFINED SYMBOLS
