ARM GAS  C:\cygwin\tmp\cck3QFc2.s 			page 1


   1              		.syntax unified
   2              		.cpu cortex-m4
   3              		.fpu softvfp
   4              		.eabi_attribute 20, 1
   5              		.eabi_attribute 21, 1
   6              		.eabi_attribute 23, 3
   7              		.eabi_attribute 24, 1
   8              		.eabi_attribute 25, 1
   9              		.eabi_attribute 26, 1
  10              		.eabi_attribute 30, 2
  11              		.eabi_attribute 34, 1
  12              		.eabi_attribute 18, 4
  13              		.thumb
  14              		.file	"chmemcore.c"
  15              		.text
  16              	.Ltext0:
  17              		.section	.gnu.lto_.profile.9c5b65b,"",%progbits
  18 0000 789C6366 		.ascii	"x\234cf```a\200\000F\006\025\005\000\000\334\000M"
  18      60606061 
  18      80004606 
  18      15050000 
  18      DC004D
  19              		.text
  20              		.section	.gnu.lto_.jmpfuncs.9c5b65b,"",%progbits
  21 0000 789C6366 		.ascii	"x\234cf\300\016\204\2404\013\020\263222\326\263\201"
  21      C00E84A0 
  21      340B10B3 
  21      323232D6 
  21      B381
  22 0012 0876200F 		.ascii	"\010v \017\000\013&\0010"
  22      000B2601 
  22      30
  23              		.text
  24              		.section	.gnu.lto_.inline.9c5b65b,"",%progbits
  25 0000 789C6366 		.ascii	"x\234cf\300\016\022\2414\013\003\003+\013#\003\023\313"
  25      C00E12A1 
  25      340B0303 
  25      2B0B2303 
  25      13CB
  26 0012 027906B6 		.ascii	"\002y\006\266\005\362L 1V\006>^FF\006F\006\006f\241"
  26      05F24C20 
  26      3156063E 
  26      5E464606 
  26      46060666 
  27 0027 039D8C10 		.ascii	"\003\235\214\020q\240\002\026\220$\033\003\0177T\222"
  27      71A00216 
  27      90241B03 
  27      0F375492 
  28 0037 6F4116AA 		.ascii	"oA\026\252\034;\003\033+\320,\266\017zp\263\030\000"
  28      1C3B031B 
  28      2BD02CB6 
  28      0F7A70B3 
  28      1800
  29 0049 DFC109D8 		.ascii	"\337\301\011\330"
  30              		.text
  31              		.section	.gnu.lto_.pureconst.9c5b65b,"",%progbits
  32 0000 789C6366 		.ascii	"x\234cf``\340d\200\000\026\006\011V+6\011v\026\000\003"
ARM GAS  C:\cygwin\tmp\cck3QFc2.s 			page 2


  32      6060E064 
  32      80001606 
  32      09562B36 
  32      09761600 
  33 0015 6B0091   		.ascii	"k\000\221"
  34              		.text
  35              		.section	.gnu.lto__core_init.9c5b65b,"",%progbits
  36 0000 789C7552 		.ascii	"x\234uRKK#A\020\256\257fL&\004Y\361\024\274\210'o\311"
  36      4B4B2341 
  36      10AEAF66 
  36      4C260459 
  36      F114BC88 
  37 0017 BFD8BFB0 		.ascii	"\277\330\277\2607/!\340E\224\270'!8\321,\356I$\027\305"
  37      372F21E0 
  37      4594B827 
  37      2138D12C 
  37      EE492417 
  38 002c C7C222E2 		.ascii	"\307\302\"\342\373\265\276.\036\362\013\024\361\260"
  38      FBB5BE2E 
  38      1EF20B14 
  38      F1B0
  39 003a 8B60D6C7 		.ascii	"\213`\326\307\254\270(\270\301C\022%\314VM\373@\215"
  39      ACB828B8 
  39      C1431225 
  39      CC564DFB 
  39      408D
  40 004c C3747577 		.ascii	"\303tuw\325WU\375}\335\026\275\375Zd\3641Q\233\314\260"
  40      D55755FD 
  40      7DDD16BD 
  40      FD5A64F4 
  40      31519BCC 
  41 0061 083CB247 		.ascii	"\010<\262G\224u\030\320\005\201\372\031\375\370\313"
  41      947518D0 
  41      0581FA19 
  41      FDF8CB
  42 0070 25C64861 		.ascii	"%\306Haq,\332>\343\272\356\277\263\215\330\227XU\322"
  42      712CDA3E 
  42      E3BAEEBF 
  42      B38DD897 
  42      5855D2
  43 0083 6ED994C1 		.ascii	"n\331\224\301,\332I0\245\\\355g4\224\023L\223\211a\016"
  43      2CDA4930 
  43      A55CED67 
  43      3494134C 
  43      9389610E 
  44 0097 21C8BCDA 		.ascii	"!\310\274\332\\p}\377|tw\307\216\202\252\014Vc\251\261"
  44      5C707DFF 
  44      7C7477C7 
  44      8E82AA0C 
  44      5663A9B1 
  45 00ab C5705857 		.ascii	"\305pXW\216\232\210n\211<\031z\204?\262\221\331:\302"
  45      8E9A886E 
  45      893C197A 
  45      843FB291 
  45      D93AC2
  46 00be 4071A838 		.ascii	"@q\2508\336\243\005\313\322\210\361\355px\2053\367\356"
  46      DEA305CB 
ARM GAS  C:\cygwin\tmp\cck3QFc2.s 			page 3


  46      D288F1ED 
  46      70788533 
  46      F7EE
  47 00d0 57D7A9B2 		.ascii	"W\327\251\262U\323n\342\375\355\355\0378\227,\236`;"
  47      55D36EE2 
  47      FDEDED1F 
  47      38972C9E 
  47      603B
  48 00e2 97CD4D62 		.ascii	"\227\315Mb\012\023YWQ6\346\221\301\002Z\202\330\261"
  48      0A135957 
  48      5136E691 
  48      C1025A82 
  48      D8B1
  49 00f4 77F749F2 		.ascii	"w\367I\3625\033\213\002\222\323.!CG\030\314\207L\033"
  49      351B8B02 
  49      92D32E21 
  49      434718CC 
  49      874C1B
  50 0107 369DCAD3 		.ascii	"6\235\312\323'W\320\232\010\023\226%[ \225\007\210%"
  50      2757D09A 
  50      08139625 
  50      5B209507 
  50      8825
  51 0119 2881DC5E 		.ascii	"(\201\334^\334\314\333\001\244\342\373\376\007\302J"
  51      DCCCDB01 
  51      A4E2FBFE 
  51      07C24A
  52 0128 001BF835 		.ascii	"\000\033\3705t\015\003\264\005\253\236\374i\243:^\023"
  52      740D03B4 
  52      05AB9EFC 
  52      69A33A5E 
  52      13
  53 0139 68A8315E 		.ascii	"h\2501^\022h\250C\200\261*\004\326\224\000\326\305-"
  53      1268A843 
  53      80B12A04 
  53      D69400D6 
  53      C52D
  54 014b 652950E6 		.ascii	"e)P\346b\274\303\264\011\327Q\206\353J\361\343\035)"
  54      62BCC3B4 
  54      09D75186 
  54      EB4AF1E3 
  54      1D29
  55 015d 368C149B 		.ascii	"6\214\024\233F\212G\236\216\224~&\345=\220\212H  \365"
  55      468A479E 
  55      8E947E26 
  55      E53D908A 
  55      482020F5 
  56 0171 FD3D52F5 		.ascii	"\375=R\365\256\201\261\365\304b;`\021\241\"\262\205"
  56      AE81B1F5 
  56      C4623B60 
  56      11A122B2 
  56      85
  57 0182 F2472DA2 		.ascii	"\362G-\242\357\311\0231\344\326\345\340\255\361x\302"
  57      EFC91331 
  57      E4D6E5E0 
  57      ADF178C2 
  58 0192 FCDDBD89 		.ascii	"\374\335\275\211\364\347Do:\231Hvv\245\272\222\335\351"
ARM GAS  C:\cygwin\tmp\cck3QFc2.s 			page 4


  58      F4E7446F 
  58      3A994876 
  58      76A5BA92 
  58      DDE9
  59 01a4 543C49FF 		.ascii	"T<I\377\001>\266\350\340"
  59      013EB6E8 
  59      E0
  60              		.text
  61              		.section	.gnu.lto_chCoreAlloc.9c5b65b,"",%progbits
  62 0000 789C9554 		.ascii	"x\234\225T\377oSU\024?\347\276\327\367\272\356\261M"
  62      FF6F5355 
  62      143FE7BE 
  62      D7F7BAEE 
  62      B14D
  63 0012 63FC61BF 		.ascii	"c\374a\277\264qY\026\022\262\362\203\221_H\324\220\020"
  63      B4715916 
  63      12B2F283 
  63      915F48D4 
  63      9010
  64 0024 FD61BFB0 		.ascii	"\375a\277\260?\300`m\262%\214-\355\206@Bx-\335\300D"
  64      3FC0606D 
  64      B2258C2D 
  64      ED864042 
  64      782DDDC0 
  65 0039 0D291886 		.ascii	"\015)\030\206\014\034\031\323\"8d\210@\267a\201\321"
  65      0C1C19D3 
  65      22386488 
  65      40B76181 
  65      D1
  66 004a 7D51C616 		.ascii	"}Q\306\026\024\221\031Ve#\030\207n\016\331*\342\363"
  66      14911956 
  66      65231887 
  66      6E0ED92A 
  66      E2F3
  67 005c 9CFB68B3 		.ascii	"\234\373h\263\225\232\340K\373\336\273\347|>\347~\336"
  67      959AE04B 
  67      FBDEBBE7 
  67      7C3EE77E 
  67      DE
  68 006d E7DE7315 		.ascii	"\347\336s\025x\362z\221\376k5\200\013\364D\007\240\330"
  68      78F27A91 
  68      FE6B3580 
  68      0BF44407 
  68      A0D8
  69 007f 3D021072 		.ascii	"=\002\020r\012\241\336\325\301t)\261$\200i(\250\332"
  69      0AA1DED5 
  69      C17429B1 
  69      24806928 
  69      A8DA
  70 0091 7115915F 		.ascii	"q\025\221_\000a\273PT\334\216\277\210Y\201\347\272\356"
  70      0061BB50 
  70      54DC8EBF 
  70      885981E7 
  70      BAEE
  71 00a3 5F29BC2B 		.ascii	"_)\274+\322\002<@\303xt\260U\343!\252<\214&\3433\216"
  71      D2023C40 
  71      C37874B0 
ARM GAS  C:\cygwin\tmp\cck3QFc2.s 			page 5


  71      55E321AA 
  71      3C8C26E3 
  72 00b9 8A4ED30C 		.ascii	"\212N\323\014\317D{~4\232_K\013\001s\002\360\023,\305"
  72      CF447B7E 
  72      349A5F4B 
  72      0B017302 
  72      F0132CC5 
  73 00cd 189672B9 		.ascii	"\030\226r\271\243XA\310\321\241\320x\261\362\0022\353"
  73      A35841C8 
  73      D1A1D078 
  73      B1F20232 
  73      EB
  74 00de FEEF976E 		.ascii	"\376\357\227n\030\345\035\304J\304\273\315W\324\264"
  74      18E51DC4 
  74      4AC4BBCD 
  74      57D4B4
  75 00ed 50F05354 		.ascii	"P\360ST\026\363(\004x\014\313\031\276\020{\247O(\025"
  75      16F32804 
  75      780CCB19 
  75      BE107BA7 
  75      4F2815
  76 0100 927A7B6C 		.ascii	"\222z{l\317GF\331a\242\246nv$\015s\320\214\244,\313"
  76      CF4746D9 
  76      61A2A66E 
  76      76240D73 
  76      D08CA42C 
  77 0115 4DD3E2F1 		.ascii	"M\323\342\361\245\025\354\213(\263\221G\337\027j\021"
  77      A515EC8B 
  77      28B39147 
  77      DF176A11 
  78 0125 D3344BF0 		.ascii	"\3234K\3603,cy\244\252\0135\244\007\345'/\036\377\315"
  78      332C6379 
  78      A4AA0B35 
  78      A407E527 
  78      2F1EFFCD 
  79 0139 6597FCE1 		.ascii	"e\227\374\341\266?\021i7\377\261,\314\243\311\276\360"
  79      B63F1169 
  79      37FFB12C 
  79      CCA3C9BE 
  79      F0
  80 014a 04969D78 		.ascii	"\004\226\235x6aZV\307\221\266>\365\031AZU\005Y\254&"
  80      36615A56 
  80      C791B63E 
  80      F519415A 
  80      550559AC 
  81 015f 933A051C 		.ascii	"\223:\005\034N\272i\005\374\346\342\267B\276\031\214"
  81      4EBA6905 
  81      FCE6E2B7 
  81      42BE198C 
  82 016f 5CC6B122 		.ascii	"\\\306\261\"`\237`\222\376l\371\024\015\350\251\\\307"
  82      609F6092 
  82      FE6CF914 
  82      0DE8A95C 
  82      C7
  83 0180 70092B9E 		.ascii	"p\011+\236;f\356U\224\345\362\203\177\375\366p\247\255"
  83      3B66EE55 
  83      94E5F283 
ARM GAS  C:\cygwin\tmp\cck3QFc2.s 			page 6


  83      7FFDF670 
  83      A7AD
  84 0192 6E66E2C1 		.ascii	"nf\342\301\201\347\367\233\355\341\3354\367\313$P\307"
  84      81E7F79B 
  84      EDE1DD34 
  84      F7CB2450 
  84      C7
  85 01a3 CFF30A3C 		.ascii	"\317\363\012<\211eD\374\351\275?O!\257\224\356\001\354"
  85      896544FC 
  85      E9BD3F4F 
  85      21AF94EE 
  85      01EC
  86 01b5 A6EC3886 		.ascii	"\246\3548\206\177\236k\231j\325\226x\222\212\274-\315"
  86      7F9E6B99 
  86      6AD59678 
  86      928ABC2D 
  86      CD
  87 01c6 9813B8D4 		.ascii	"\230\023\270\324\254T\333\360=\025\360\024\247DN\352"
  87      AC54DBF0 
  87      3D15F014 
  87      A7444EEA 
  88 01d6 7C7A15CF 		.ascii	"|z\025\317\002\370\005g\225\034\227\001O#m;\374\222"
  88      02F80567 
  88      951C9701 
  88      4F236D3B 
  88      FC92
  89 01e8 2D46F898 		.ascii	"-F\370\230M\236\230^\330\243\270\317\340A\263\325\223"
  89      4D9E985E 
  89      D8A3B8CF 
  89      E041B3D5 
  89      93
  90 01f9 164E667C 		.ascii	"\026Nf|0\3760\344R\311\002<\203n\271R\0376\357\333o"
  90      30FE30E4 
  90      52C9023C 
  90      836EB952 
  90      1F36EFDB 
  91 020e 5004CFA2 		.ascii	"P\004\317\242*%\003\236C\225\022\303;\333\037\250\356"
  91      2A25039E 
  91      439512C3 
  91      3BDB1FA8 
  91      EE
  92 021f F8637601 		.ascii	"\370cv\001cG\247\223\361\002\311\2163\033{hCJ\377x\011"
  92      6347A793 
  92      F102C98E 
  92      331B7B68 
  92      434AFF78 
  93 0234 E649D34D 		.ascii	"\346I\323M\334\021m\331\367\356em\351\256\331\325\371"
  93      DC116DD9 
  93      F7EE656D 
  93      E9AED9D5 
  93      F9
  94 0245 7F774DA2 		.ascii	"\177wM\242g@p\321\3076\251\271{\252\227S}\362\213\317"
  94      674070D1 
  94      C736A9B9 
  94      7BAA9753 
  94      7DF28BCF 
  95 0259 A3362F04 		.ascii	"\2436/\004\315N\220\371\277\007\232\213\331\177E\007"
ARM GAS  C:\cygwin\tmp\cck3QFc2.s 			page 7


  95      CD4E90F9 
  95      BF079A8B 
  95      D97F4507 
  96 0269 FC8A4A93 		.ascii	"\374\212J\223\240\205\226;\261\2256\212\201\204:\035"
  96      A085963B 
  96      B195368A 
  96      81843A1D 
  97 0279 3EFB9743 		.ascii	">\373\227C\242\026,\313*\006L\020\362:\012\006\331_"
  97      A2162CCB 
  97      2A064C10 
  97      F23A0A06 
  97      D95F
  98 028b A211311C 		.ascii	"\242\0211\034\235M\376\341\260\211:\261\016]{\277Kl"
  98      9D4DFEE1 
  98      B0893AB1 
  98      0E5D7BBF 
  98      4B6C
  99 029d 7B68EE32 		.ascii	"{h\3562\235i\341z$l\311\023\223W\307\234\\\313%\207"
  99      9D69E17A 
  99      246CC913 
  99      9357C79C 
  99      5CCB2587 
 100 02b1 B150A40D 		.ascii	"\261P\244\015\017\342\201\220\311(\007^\300mxQ\232z"
 100      0FE28190 
 100      C928075E 
 100      C06D7851 
 100      9A7A
 101 02c3 89C25CF5 		.ascii	"\211\302\\\365\206n\227tRU9\013\332\343\202<S`\336\232"
 101      866E9774 
 101      5255390B 
 101      DAE3823C 
 101      5360DE9A 
 102 02d7 FDD99A97 		.ascii	"\375\331\232\227sj\272\250\014\177\362^\315\036\027"
 102      736ABAA8 
 102      0C7FF25E 
 102      CD1E17
 103 02e6 CA695C0C 		.ascii	"\312i\\\014\271\265s\265\0353(\014\337addGi\326\024"
 103      B9B573B5 
 103      1D33280C 
 103      DF616464 
 103      4769D614 
 104 02fa 432EC014 		.ascii	"C.\300\024- \035O\334\021\211\223\303\266\033\275\354"
 104      2D201D4F 
 104      DC118993 
 104      C3B61BBD 
 104      EC
 105 030b 86ACD9DA 		.ascii	"\206\254\331\3322r\364%\233\261\214B\031\217\244\372"
 105      3272F425 
 105      9BB18C42 
 105      198FA4FA 
 106 031b A7969ECC 		.ascii	"\247\226\236\314J\037\2400U\222\323\252\231F\224\253"
 106      4A1FA030 
 106      5592D3AA 
 106      994694AB 
 107 032b CE87041F 		.ascii	"\316\207\004\037\031\220\351\314\305\335\330}\350\251"
 107      1990E9CC 
 107      C5DDD87D 
ARM GAS  C:\cygwin\tmp\cck3QFc2.s 			page 8


 107      E8A9
 108 0339 BA715076 		.ascii	"\272qPvcvmt\012\015\375w7\366g\272\321\361DS\015\363"
 108      63766D74 
 108      0A0DFD77 
 108      37F667BA 
 108      D1F14453 
 109 034f 16CB6DD1 		.ascii	"\026\313m\321~:\327\277f\274\226\333\242\263\253yj\300"
 109      7E3AD7BF 
 109      66BC96DB 
 109      A2B3AB79 
 109      6AC0
 110 0361 6FF2B7E8 		.ascii	"o\362\267\350\025\271aG\026\265\350\221{\251\270\226"
 110      15B96147 
 110      16B5E891 
 110      7BA9B896 
 111 0371 E9BE21E9 		.ascii	"\351\276!\351\314U\331}\271\2556J\255v\013C\251\310"
 111      CC55D97D 
 111      B9AD364A 
 111      AD760B43 
 111      A9C8
 112 0383 56963A2F 		.ascii	"V\226:/\212\000\356`\021V\224\212\351\261\347h=\224"
 112      8A00EE60 
 112      1156948A 
 112      E9B1E768 
 112      3D94
 113 0395 DE6B069D 		.ascii	"\336k\006\235m\310V\022\313]Y\351\265\177\365Ao\240"
 113      6DC85612 
 113      CB5D59E9 
 113      B57FF541 
 113      6FA0
 114 03a7 D11B0CF8 		.ascii	"\321\033\014\370\274\276\232:\177\235\257>\340\257\364"
 114      BCBE9A3A 
 114      7F9DAF3E 
 114      E0AFF4
 115 03b6 811AACDD 		.ascii	"\201\032\254\335\352\307\006\307\246\365\033\232\374"
 115      EAC706C7 
 115      A6F51B9A 
 115      FC
 116 03c3 CB73C00D 		.ascii	"\313s\300\015\365\201\306\240\367\325uUk\2526\023\213"
 116      F581C6A0 
 116      F7D57555 
 116      6BAA3613 
 116      8B
 117 03d4 296F6C5A 		.ascii	")olZUWY\003+\026#\375\233\033\275k\252\252_\257\366"
 117      55575903 
 117      2B1623FD 
 117      9B1BBD6B 
 117      AAAA5FAF 
 118 03e9 D66EF46D 		.ascii	"\326n\364mhz\313\357\225H_\335\332\246\215>\002\347"
 118      687ACBEF 
 118      95485FDD 
 118      DAA68D3E 
 118      02E7
 119 03fb 6AC8A26A 		.ascii	"j\310\242j\202[\202\224/\251\252^\347ys}\320\337\020"
 119      825B8294 
 119      2FA9AA5E 
 119      E779737D 
ARM GAS  C:\cygwin\tmp\cck3QFc2.s 			page 9


 119      D0DF10
 120 040e A85DE129 		.ascii	"\250]\341)_\011\"\000:I\254\017l\201\177\001\341\020"
 120      5F092200 
 120      3A49AC0F 
 120      6C817F01 
 120      E110
 121 0420 6736     		.ascii	"g6"
 122              		.text
 123              		.section	.gnu.lto_chCoreAllocI.9c5b65b,"",%progbits
 124 0000 789C8D52 		.ascii	"x\234\215RMk\023Q\024}\347\275\231L\232LI\021W\331T"
 124      4D6B1351 
 124      147DE7BD 
 124      994C9A4C 
 124      491157D9 
 125 0015 2C25AE1A 		.ascii	",%\256\032\320\342\312\205K\377G\010\350\242T\022WB"
 125      D0E2CA85 
 125      4BFF4708 
 125      E8A25412 
 125      5742
 126 0027 E94B9AC6 		.ascii	"\351K\232\306v#\032]\024\374B\244\230\372\221\332j\375"
 126      76231A5D 
 126      14FC42A4 
 126      98FA91DA 
 126      6AFD
 127 0039 A88A0125 		.ascii	"\250\212\001%V\321j)\326\242R\013\266\245\202`\323\026"
 127      56D16A29 
 127      D6A2520B 
 127      B6A58260 
 127      D316
 128 004b 92A865BC 		.ascii	"\222\250e\274w\246\006?\272\36013\357\336\3139\347\236"
 128      77A6063F 
 128      BAF03133 
 128      EFDECB39 
 128      E79E
 129 005d 77DF28F1 		.ascii	"w\337(\361\357j\247w\267\022b\027\3550\005\344\211I"
 129      EF6AA777 
 129      B7126217 
 129      ED3005E4 
 129      8949
 130 006f 21527E29 		.ascii	"!R~)\215eK\350\200\312\227\204\320\266\202\341\325\015"
 130      8D654BE8 
 130      80CA9784 
 130      D0B682E1 
 130      D50D
 131 0081 800301D1 		.ascii	"\200\003\001\321-\225\201n|\226e\211{\205\365\227\301"
 131      2D95816E 
 131      7C966589 
 131      7B85F597 
 131      C1
 132 0092 65599362 		.ascii	"eY\223b\207\240t<71\340\343\024\006\247\271\322\370"
 132      87A0743C 
 132      3731E0E3 
 132      1406A7B9 
 132      D2F8
 133 00a4 8A1919D4 		.ascii	"\212\031\031\324:\275\262\372\350\203\335{\240&\245"
 133      3ABDB2FA 
 133      E883DD7B 
ARM GAS  C:\cygwin\tmp\cck3QFc2.s 			page 10


 133      A026A5
 134 00b3 58930297 		.ascii	"X\223\002\227\021F\036a\226\033B\204\220\257\237\245"
 134      11461E61 
 134      961B4284 
 134      90AF9FA5 
 135 00c3 DE87D44E 		.ascii	"\336\207\324N0k\375\353\343Y\273\365\022\261\212\367"
 135      306BFDEB 
 135      E359BBF5 
 135      12B18AF7 
 136 00d3 47F57EA3 		.ascii	"G\365~\243&\025\256@\375\316\243\222\300U\2642\274\232"
 136      2615AE40 
 136      FDCEA392 
 136      C055B432 
 136      BC9A
 137 00e5 EF7F2855 		.ascii	"\357\177(U\304\245~\232:u\301n\271H\324\371\276\301"
 137      C4A57E9A 
 137      3A75C16E 
 137      B948D4F9 
 137      BEC1
 138 00f7 92AD2774 		.ascii	"\222\255'tf\336q\232\251-\256\375\251\340-\242\2243"
 138      66DE719A 
 138      A92DAEFD 
 138      A9E02DA2 
 138      9433
 139 0109 1B6F83BE 		.ascii	"\033o\203\276\214\326\272\011\327\321\302\366\310U\001"
 139      8CD6BA09 
 139      D7D1C2F6 
 139      C85501
 140 0118 3ED03EBC 		.ascii	">\320>\274\255\250\035g\3159\331\277gH\206@}\311\013"
 140      ADA81D67 
 140      CD39D9BF 
 140      67488640 
 140      7DC90B
 141 012b 37362834 		.ascii	"76(4L\327\203E\241\351\247\217\257\201\243\000GA\376"
 141      4CD78345 
 141      A1E9A78F 
 141      AF81A300 
 141      4741FE
 142 013e D88C69E4 		.ascii	"\330\214i\344\232\020\013\244\312\343[\244\001\320\256"
 142      9A100BA4 
 142      CAE35BA4 
 142      01D0AE
 143 014d DEA12797 		.ascii	"\336\241'\227]\312\267s\243\2124*R\221\225\312\217\247"
 143      5DCAB773 
 143      A38A342A 
 143      529195CA 
 143      8FA7
 144 015f BD219E9E 		.ascii	"\275!\236\236\262\004\206\311$\241\252\331'\360@&\341"
 144      B20486C9 
 144      24A1AAD9 
 144      27F04026 
 144      E1
 145 0170 083496BE 		.ascii	"\0104\226\276\373\315tAU\307qB\0027\0108\003\351Z&;"
 145      FBCD7441 
 145      55C77142 
 145      02370838 
 145      03E95A26 
ARM GAS  C:\cygwin\tmp\cck3QFc2.s 			page 11


 146 0185 04245E3A 		.ascii	"\004$^:W.\255\232\036\321\"\326\371\351\343\005\331"
 146      572EAD9A 
 146      1ED122D6 
 146      F9E9E305 
 146      D9
 147 0196 F55DF769 		.ascii	"\365]\367i\177MZ\033\322;\373\307\205WS~\326\262\334"
 147      7F4D5A1B 
 147      D23BFBC7 
 147      8557537E 
 147      D6B2DC
 148 01a9 349FCA9C 		.ascii	"4\237\312\234\3059\234IiF\231\030A\027FyV\270IeV\235"
 148      C5399C49 
 148      69469918 
 148      41174679 
 148      56B84965 
 149 01bf B53C493F 		.ascii	"\265<I?\251\272]6\2755l\321\002[j\336\252k\216\375\245"
 149      A9BA5D36 
 149      BD356CD1 
 149      025B6ADE 
 149      AA6B8EFD 
 150 01d4 1920193E 		.ascii	"\031 \031>\361i\237\227\007\3356\001\206\314\035\333"
 150      F1699F97 
 150      07DD3601 
 150      86CC1DDB 
 151 01e4 E7D56C2A 		.ascii	"\347\325l*\2137\310\274\350\011\327\013\246{\223\213"
 151      8B37C8BC 
 151      E809D70B 
 151      A67B938B 
 152 01f4 F447D01F 		.ascii	"\364G\320\037\253f\220.\216<\367\246A\327\271\2519\220"
 152      AB66902E 
 152      8E3CF7A6 
 152      41D7B9A9 
 152      3990
 153 0206 9D1CDAEB 		.ascii	"\235\034\332\3531\032\251\364kF\256\373\377\266~\273"
 153      311AA9F4 
 153      6B46AEFB 
 153      FFB67EBB 
 154 0216 6EFD0E95 		.ascii	"n\375\016\225I\311mk\270\3679\207T\223\2500q\011@$,"
 154      49C96D6B 
 154      B8F73987 
 154      5493A830 
 154      71094024 
 155 022b BF4C6DA7 		.ascii	"\277Lm\247F\352\301\264Mw\017\306\320\314\233\333\332"
 155      46EAC1B4 
 155      4D770FC6 
 155      D0CC9BDB 
 155      DA
 156 023c A2DED399 		.ascii	"\242\336\323\231\214&\216D\223\211X4v\260#\336\021\353"
 156      8C268E44 
 156      93895834 
 156      76B023DE 
 156      11EB
 157 024e 4CC4DB62 		.ascii	"L\304\333b\302H\036:\032\307\341\237\304\367#|"
 157      C2481E3A 
 157      1AC7E19F 
 157      C4F7237C 
 158              		.text
ARM GAS  C:\cygwin\tmp\cck3QFc2.s 			page 12


 159              		.section	.gnu.lto_chCoreGetStatusX.9c5b65b,"",%progbits
 160 0000 789C6D4F 		.ascii	"x\234mO=KCA\020\334\271{_\222F,\203\240V\351\362\376"
 160      3D4B4341 
 160      10DCB97B 
 160      5F92462C 
 160      83A056E9 
 161 0016 92F008D8 		.ascii	"\222\360\010\330\204@b\033r\211\001-D$\244\210\370\211"
 161      8440621B 
 161      7289012D 
 161      4424A488 
 161      F889
 162 0028 20C6AFA4 		.ascii	" \306\257\244\326\312\322FEE\237X\304\302\010\332\031"
 162      D6CAD246 
 162      45459F58 
 162      C4C208DA 
 162      19
 163 0039 14244888 		.ascii	"\024$H\210\273\276`\2419now\366\226\231YM\377O\234\243"
 163      BBBE60A1 
 163      396E6F77 
 163      F6969959 
 163      4DFF4F9C 
 164 004e 06A229CE 		.ascii	"\006\242)\316\320\004\265|AT\364\024 \005\201\012\012"
 164      D004B57C 
 164      4154F414 
 164      2005810A 
 164      0A
 165 005f 05BCAA8E 		.ascii	"\005\274\252\216\302q\343\343<\366\242\272\212&\211"
 165      C271E3E3 
 165      3CF6A2BA 
 165      8A2689
 166 006e E149E5AC 		.ascii	"\341I\345\254\346\010\204%0\274\253\205#\211\035cJo"
 166      E6088425 
 166      30BCAB85 
 166      23891D63 
 166      4A6F
 167 0080 D7B7D32B 		.ascii	"\327\267\323+\325-\376Q\364\256\010\273\210\243\016"
 167      D52DFE51 
 167      F4AE08BB 
 167      88A30E
 168 008f 11C21E12 		.ascii	"\021\302\036\0222\333)\367\302\230S6\306\214\312\004"
 168      32DB29F7 
 168      C2985336 
 168      C68CCA04 
 169 009f 7FECC361 		.ascii	"\177\354\303a\023\324\034;5\375\376\323\346bhy\212\272"
 169      13D41C3B 
 169      35FDFED3 
 169      E6626879 
 169      8ABA
 170 00b1 4A6B7E2C 		.ascii	"Jk~,K*[*G\036\227\204\231\332\034\342\361\231\001g\375"
 170      4B2A5B2A 
 170      471E9784 
 170      99DA1CE2 
 170      F1990167 
 171 00c6 8052A513 		.ascii	"\200R\245\023n\273\302\365\251\304\360\306\315RC\345"
 171      6EBBC2F5 
 171      A9C4F0C6 
 171      CD5243E5 
ARM GAS  C:\cygwin\tmp\cck3QFc2.s 			page 13


 172 00d6 BFCC82F1 		.ascii	"\277\314\202\361\272\312\356\211\020w\037\333\227W\236"
 172      BACAEE89 
 172      10771FDB 
 172      97579E
 173 00e5 F8B67F60 		.ascii	"\370\266\177`\275X^\303:V\213F\2464\016\220\307\241"
 173      BD585EC3 
 173      3A568B46 
 173      A6340E90 
 173      C7A1
 174 00f7 B8C511B7 		.ascii	"\270\305\021\267\211Y\357\007\224\232Y\005W\020ak\210"
 174      8959EF07 
 174      949A5905 
 174      5710616B 
 174      88
 175 0108 04867236 		.ascii	"\004\206r6~9\233\1778m\246a<Wu\"\034\311\3302\322\232"
 175      7E399B7F 
 175      386DA661 
 175      3C577522 
 175      1CC9D832 
 176 011e 1F8F7A2E 		.ascii	"\037\217z.\267\251\205\201\252K\262:de^h\"\231\364\243"
 176      B7A98581 
 176      AA4BB23A 
 176      64655E68 
 176      2299F4A3 
 177 0132 9BC9F9D9 		.ascii	"\233\311\371\331Y?\227\015\374`&\235J\007\231l*\031"
 177      593F970D 
 177      FC60269D 
 177      4A07996C 
 177      2A19
 178 0144 D03701B3 		.ascii	"\3207\001\263\224&"
 178      9426
 179              		.text
 180              		.section	.gnu.lto_.symbol_nodes.9c5b65b,"",%progbits
 181 0000 789C558A 		.ascii	"x\234U\212\313\011\200@\020\305\362fX\360h\221\366\361"
 181      CB098040 
 181      10C5F266 
 181      58F06891 
 181      F6F1
 182 0012 5AB002D9 		.ascii	"Z\260\002\331\212,\302\277]\310\202\007\315-!\011\014"
 182      8A2CC2BF 
 182      5DC88207 
 182      CD2D2109 
 182      0C
 183 0023 BCC426C3 		.ascii	"\274\304&\3038\203\315T;\312%zS\026\251\206\263\334"
 183      3883CD54 
 183      3BCA257A 
 183      5316A986 
 183      B3DC
 184 0035 8AA6ABB2 		.ascii	"\212\246\253\262i\354\262\276{\034r\374\302)\3477\360"
 184      69ECB2BE 
 184      7B1C72FC 
 184      C229E737 
 184      F0
 185 0046 0073661B 		.ascii	"\000sf\033\256"
 185      AE
 186              		.text
 187              		.section	.gnu.lto_.refs.9c5b65b,"",%progbits
ARM GAS  C:\cygwin\tmp\cck3QFc2.s 			page 14


 188 0000 789C25C9 		.ascii	"x\234%\311\313\011\2000\024E\301s?y!\013\301F\354\277"
 188      CB098030 
 188      1445C173 
 188      3F79210B 
 188      C146ECBF 
 189 0014 3D05673B 		.ascii	"=\005g;\001\036~\305\222\274\234QO\026\335\370\310w"
 189      011E7EC5 
 189      92BC9C51 
 189      4F16DDF8 
 189      C877
 190 0026 867E39F2 		.ascii	"\206~9\362\345M\205\303\013\027\204\000\307"
 190      E54D85C3 
 190      0B178400 
 190      C7
 191              		.text
 192              		.section	.gnu.lto_.decls.9c5b65b,"",%progbits
 193 0000 789CA555 		.ascii	"x\234\245U{LSW\030\277\247\267\024Zj1&\342B\226\010"
 193      7B4C5357 
 193      18BFA7B7 
 193      145A6A31 
 193      26E24296 
 194 0015 312133E1 		.ascii	"1!3\341\261)\311t\3778%\363\2659\235\304d\213$w\245"
 194      B129C974 
 194      FF3825F3 
 194      B5399DC4 
 194      648B2477 
 195 002a 54692C85 		.ascii	"Ti,\205\320\262\211\177]E\031q\016\020Q\221\241\003"
 195      D0B2897F 
 195      5D451971 
 195      0E105191 
 195      A103
 196 003c 41110529 		.ascii	"A\021\005)\242\200\200<\246<\004DT\030( \345!\342\220"
 196      A280803C 
 196      A63C0444 
 196      54182820 
 196      E521E290 
 197 0050 A7B8C99C 		.ascii	"\247\270\311\234t\3379\367^z\313@\263\354\206\257\234"
 197      74DF39F7 
 197      5E7ACB40 
 197      B3EC86AF 
 197      9C
 198 0061 73EE777E 		.ascii	"s\356w~\277\337\367\270\347\320\024E% \212\262\302\263"
 198      BFDFF7B8 
 198      E7D01445 
 198      25208AB2 
 198      C2B3
 199 0073 5A4E51FB 		.ascii	"ZNQ\373$\024\345\000k\333(\333#\005\313\001\273\006"
 199      2414E500 
 199      6BDB28DB 
 199      2305CB01 
 199      BB06
 200 0085 560456C2 		.ascii	"V\004V\302\257U\203\325\201\325\2035R\366\017\366\227"
 200      AF5583D5 
 200      81D58335 
 200      52F60FF6 
 200      97
 201 0096 F1381BC1 		.ascii	"\3618\033\301j\300\356\200\335\004k\342}\020\357\367"
ARM GAS  C:\cygwin\tmp\cck3QFc2.s 			page 15


 201      6AC0EE80 
 201      DD046BE2 
 201      7D10EFF7 
 202 00a6 2E2CCCEB 		.ascii	".,\314\353\014\246\002S\202m\0053\213p7\203\265\202"
 202      0CA60253 
 202      826D0533 
 202      8B703783 
 202      B582
 203 00b8 7583F58B 		.ascii	"u\203\365\213\360\035\371\275\003`\203`#\274\3761\260"
 203      F01DF9BD 
 203      03608360 
 203      23BCFE31 
 203      B0
 204 00c9 093009CF 		.ascii	"\0110\011\317U7\213\017\3738\275\203O\034C\321[\260"
 204      55378B0F 
 204      FB38BD83 
 204      4F1C43D1 
 204      5BB0
 205 00db 4AF83C08 		.ascii	"J\370<\010X\346y0J\336\2021.A\327/O\336q\036\224 \225"
 205      58E67930 
 205      4ADE8231 
 205      2E41D72F 
 205      4FDE711E 
 206 00f2 C21D4F4B 		.ascii	"\302\035OK\022\353\222e0U*\244xZ\372\272\267E\272\344"
 206      12EB9265 
 206      30552AA4 
 206      785AFABA 
 206      B745BAE4 
 207 0106 380B4F42 		.ascii	"8\013OB4\273P\212\266\271\242,\344\206. 7@\317FK\340"
 207      34BB508A 
 207      B6B9A22C 
 207      E4862E20 
 207      3740CF46 
 208 011c 77A79443 		.ascii	"w\247\224C:\235\225\324\"\245%\010\2173\222{Z\024^\027"
 208      3A9D95D4 
 208      22A52508 
 208      8F33927B 
 208      5A145E17 
 209 0130 615B2C5B 		.ascii	"a[,[9\210ltG\217\325\267+\335\317\260i\346\261\234\262"
 209      39886C74 
 209      478FD5B7 
 209      2BDDCFB0 
 209      69E6B19C 
 210 0145 18FA149B 		.ascii	"\030\372\024\233v\200\235\266Z\021\001C\027\021\215"
 210      76809DB6 
 210      5A110143 
 210      17118D
 211 0154 2E212F22 		.ascii	".!/\"\035\306\\\0149\310\0356\226\235\317w\240\375\010"
 211      1DC65C0C 
 211      39C81D36 
 211      969DCF77 
 211      A0FD08
 212 0167 F8FEF3A5 		.ascii	"\370\376\363\245G\034A\343F\005\201\354\376y*SN\246"
 212      471C41E3 
 212      460581EC 
 212      FE792A53 
 212      4EA6
ARM GAS  C:\cygwin\tmp\cck3QFc2.s 			page 16


 213 0179 B8D55C60 		.ascii	"\270\325\\`Ir\367RA\217\022)<cY\366\000\026.\257SQ3"
 213      4972F752 
 213      418F1229 
 213      3C6359F6 
 213      00162EAF 
 214 0190 BA513EF2 		.ascii	"\272Q>\362\004gB\204.\303b\036,f\202\324\261\327\355"
 214      04674284 
 214      2EC3621E 
 214      2C6682D4 
 214      B1D7ED
 215 01a3 4D4B5856 		.ascii	"MKXV\212\314H\201rg\244\020\036^\376\363\251\364Q\245"
 215      8ACC4881 
 215      7267A410 
 215      1E5EFEF3 
 215      A9F451A5 
 216 01b7 14D2497C 		.ascii	"\024\322I|v\222\034\305\264\346N9\211s\264U)\312Q\001"
 216      76921CC5 
 216      B4E64E39 
 216      8973B455 
 216      29CA5101 
 217 01cb C9D115C4 		.ascii	"\311\321\025\304')\2765.\317\205>\216H C-\305\017U|"
 217      2729BE35 
 217      2ECF853E 
 217      8E482043 
 217      2DC50F55 
 218 01e0 32AED48A 		.ascii	"2\256\324\212\223\001\273\320UQ2\256\012\311\270F\222"
 218      9301BBD0 
 218      555132AE 
 218      0AC9B846 
 218      92
 219 01f1 91187766 		.ascii	"\221\030wf\\E\247s(\261\365=\307\034\000\305bN\263f"
 219      5C45A773 
 219      28B1F53D 
 219      C71C00C5 
 219      624EB366 
 220 0205 C8EAD84A 		.ascii	"\310\352\330J\253\265\202E\004\242P\004Q(@\024\021\210"
 220      ABB58245 
 220      04A25004 
 220      51284014 
 220      1188
 221 0217 B63785C7 		.ascii	"\2667\205\307eb\3258 \233\354b\273\3226\336:{QE_\346"
 221      6562D538 
 221      209BEC62 
 221      BBD236DE 
 221      3A7B5145 
 222 022d F8529326 		.ascii	"\370R\223&\023\244D\265%\367P\215\222%\214k\234\360"
 222      13A444B5 
 222      25F7508D 
 222      92258C6B 
 222      9CF0
 223 023f 16745D44 		.ascii	"\026t]Dx] ,!\204'\357\265\027I\351\012\016\343pGv\243"
 223      785D202C 
 223      218427EF 
 223      B51749E9 
 223      0A0EE370 
 224 0256 235D8BEC 		.ascii	"#]\213\354\352\351\312\3253\256!\245\212&S+~-I\354\233"
 224      EAE9CAD5 
ARM GAS  C:\cygwin\tmp\cck3QFc2.s 			page 17


 224      33AE21A5 
 224      8A26532B 
 224      7E2D49EC 
 225 026b 3C878462 		.ascii	"<\207\204b\216%\262\364{\024\362rC\313\241\222\225P"
 225      8E25B2F4 
 225      7B14F272 
 225      43CBA192 
 225      9550
 226 027d 4957BE92 		.ascii	"IW\276\2227@{\271P\311\354\254\370\367q%+ \2502[%]g"
 226      37407BB9 
 226      50C9ECAC 
 226      F8F77125 
 226      2B20A832 
 227 0295 2A29B1B4 		.ascii	"*)\261\264\235\373jn\320_\347\003\355\312nX\214A\253"
 227      9DFB6A6E 
 227      D05FE703 
 227      EDCA6E58 
 227      8C41AB
 228 02a8 00B4D406 		.ascii	"\000\264\324\006\012\0343\375Q\337\370\242@\262(\201"
 228      0A1C33FD 
 228      51DFF8A2 
 228      40B22881 
 229 02b8 649565DD 		.ascii	"d\225e\335\021\366%9\270\211\026\31585UU\245\"z\212"
 229      11F62539 
 229      B88916CD 
 229      38355555 
 229      A5227A8A 
 230 02cc FB527ECA 		.ascii	"\373R~\312\257\276G/Kg-\354XNs\314\342\375l\017\354"
 230      AFBE472F 
 230      4B672DEC 
 230      584E73CC 
 230      E2FD6C0F 
 231 02e1 857C22BC 		.ascii	"\205|\"\274\005\335\022r\310\017P5Z\006\233::\217$!"
 231      05DD1272 
 231      C80F5035 
 231      5A069B3A 
 231      3A8F2421 
 232 02f5 E5615B77 		.ascii	"\345a[w\023M\266\352\325 %\317\3658\257\"OB\377@\023"
 232      134DB6EA 
 232      D52025CF 
 232      F538AF22 
 232      4F42FF40 
 233 030a AE43E9FB 		.ascii	"\256C\351\373\007\034\200\213=k\231\276\037\\y\220%"
 233      071C808B 
 233      3D6B99BE 
 233      1F5C7990 
 233      25
 234 031b DD86BD51 		.ascii	"\335\206\275Q-\027\217\010\243\226g\254#\214i\235\223"
 234      2D178F08 
 234      A39667AC 
 234      238C699D 
 234      93
 235 032c 7FA8E878 		.ascii	"\177\250\350x\016g\242\346\306KD4[\262onNKfY\213\325"
 235      0E67A2E6 
 235      C64B4434 
 235      5BB26F6E 
 235      4E4B6659 
ARM GAS  C:\cygwin\tmp\cck3QFc2.s 			page 18


 236 0342 BA9408BE 		.ascii	"\272\224\010\276-\010\346\007\250\236l\217}s.\011\321"
 236      2D08E607 
 236      A89E6C8F 
 236      7D732E09 
 236      D1
 237 0353 A9DCF6E7 		.ascii	"\251\334\366\347S/\215\234\012\353,\025\015\377R\321"
 237      532F8D9C 
 237      0AEB2C15 
 237      0DFF52D1 
 238 0363 C0C33412 		.ascii	"\300\3034\022\230\241\336\232\011\231]\334\230\323\346"
 238      98A1DE9A 
 238      09995DDC 
 238      98D3E6
 239 0372 7D878B1B 		.ascii	"}\207\213\033\377\007\357\366\336\332a\251\2357\346"
 239      FF07EFF6 
 239      DEDA61A9 
 239      9D37E6
 240 0381 B07937F1 		.ascii	"\260y7\361\336M\304\273\242\374U\215\202\316\340$\036"
 240      DE4DC4BB 
 240      A2FC558D 
 240      82CEE024 
 240      1E
 241 0392 89B5DC56 		.ascii	"\211\265\334V\3209\264]\177z\330\2377\036\266\363\246"
 241      D039B45D 
 241      7F7AD89F 
 241      371EB6F3 
 241      A6
 242 03a3 6E80CD50 		.ascii	"n\200\315P!O\005\337{\275\033\243\331OQ\013\224\244"
 242      214F05DF 
 242      7BBD1BA3 
 242      D94F510B 
 242      94A4
 243 03b5 D9D6261E 		.ascii	"\331\326&\036|\227\314}&=\200\246\363\340\233\356\036"
 243      7C97CC7D 
 243      263D80A6 
 243      F3E09BEE 
 243      1E
 244 03c6 2CDE8745 		.ascii	",\336\207E\000\256\376\273\374\240\303\274\007\331o"
 244      00AEFEBB 
 244      FCA0C3BC 
 244      07D96F
 245 03d5 736CE23B 		.ascii	"sl\342;\365\244+\356\324V\220p\327&\241E\350T\374\002"
 245      F5A42BEE 
 245      D4569070 
 245      D726A145 
 245      E854FC02 
 246 03e9 22A9BB74 		.ascii	"\"\251\273t\372[\272\210\004)\355K5\027\272 O77\022"
 246      FA5BBA88 
 246      0429ED4B 
 246      3517BA20 
 246      4F373712 
 247 03fd 442CE8EF 		.ascii	"D,\350\357\200\315m|9\271'\031\326_\255\301/`\350D\376"
 247      80CD6D7C 
 247      39B92719 
 247      D65FADC1 
 247      2F60E844 
 248 0412 CFF1FDB4 		.ascii	"\317\361\375\264\203*\374\212B\217@\323C\022\010j\350"
ARM GAS  C:\cygwin\tmp\cck3QFc2.s 			page 19


 248      832AFC8A 
 248      428F40D3 
 248      4312086A 
 248      E8
 249 0423 7DF54249 		.ascii	"}\365BI\256\231\205x\232\322\366d\222&\327\214\204\034"
 249      AE998578 
 249      9AD2F664 
 249      9226D78C 
 249      841C
 250 0435 073FE65B 		.ascii	"\007?\346[\035\025\261\374a\204+\245\024\267\363c\202"
 250      1D15B1FC 
 250      61842BA5 
 250      14B7F363 
 250      82
 251 0446 F6018107 		.ascii	"\366\001\201\007\3573\203'R\344\374G\226\206?2\254\264"
 251      EF338327 
 251      52E4FC47 
 251      96863F32 
 251      ACB4
 252 0458 13BCBB88 		.ascii	"\023\274\273\210w7\376\324\270=d\202+X\231\373\300\221"
 252      7737FED4 
 252      B83D6482 
 252      2B5899FB 
 252      C091
 253 046a B0AFC200 		.ascii	"\260\257\302\000\177fX\206\020aw\304\323\304C\305\305"
 253      7F665886 
 253      106177C4 
 253      D3C443C5 
 253      C5
 254 047b 2A3295E1 		.ascii	"*2\225\341if\346\330\211\005\363\213\351\023\304\364"
 254      6966E6D8 
 254      8905F38B 
 254      E913C4F4 
 255 048b 72910D47 		.ascii	"r\221\015G\017\345\312\304\237<Vc\001\367\036\342\336"
 255      0FE5CAC4 
 255      9F3C5663 
 255      01F71EE2 
 255      DE
 256 049c 4FD4F471 		.ascii	"O\324\364qj\372\211\232\252\224\254\223r\272\214k\256"
 256      6AFA899A 
 256      AA94AC93 
 256      72BA8C6B 
 256      AE
 257 04ad 0B9DD62E 		.ascii	"\013\235\326.\032N\323J\2639.\257P2s\007\254#\027\342"
 257      1A4ED34A 
 257      B3392EAF 
 257      50327307 
 257      AC2317E2 
 258 04c1 13D179FA 		.ascii	"\023\321y\372D\370\264\006\310y\332\3372\316*\350\001"
 258      44F8B406 
 258      C879DADF 
 258      32CE2AE8 
 258      01
 259 04d2 0EE5FC70 		.ascii	"\016\345\374p\331\240\234C\031\034-\247g\241<\025\241"
 259      D9A09C43 
 259      191C2DA7 
 259      67A13C15 
ARM GAS  C:\cygwin\tmp\cck3QFc2.s 			page 20


 259      A1
 260 04e3 3C155006 		.ascii	"<\025P\006\011Jl\256\271LN.\264\326\231\013\255\243"
 260      094A6CAE 
 260      B94C4E2E 
 260      B4D6990B 
 260      ADA3
 261 04f5 607AC465 		.ascii	"`z\304e\336K\377wr3<\023.\264iK<+\247S\244DF\372\263"
 261      DE4BFF77 
 261      72333C13 
 261      2EB4694B 
 261      3C2BA753 
 262 050e 87F10AFA 		.ascii	"\207\361\012\372\0027\031\256\235.p\000h\364\234P\302"
 262      023719AE 
 262      9D2E7000 
 262      68F49C50 
 262      C2
 263 051f 4AF4B1CA 		.ascii	"J\364\261\312IDT\216\215\344\247\255?\232\027\303]\036"
 263      4944548E 
 263      8DE4A7AD 
 263      3F9A17C3 
 263      5D1E
 264 0531 E897CA04 		.ascii	"\350\227\312\004)\006FC\202R4\014\004x\312\211\035!"
 264      29064643 
 264      8252340C 
 264      0478CA89 
 264      1D21
 265 0543 620B1F1D 		.ascii	"b\013\037\035=\245\244\3738\370\351\302\023\177I8\260"
 265      3DA5A4FB 
 265      38F8E9C2 
 265      137F4938 
 265      B0
 266 0554 B8BCD2A0 		.ascii	"\270\274\322\240\304h6\223\034CiN$\346QQ\314\243\002"
 266      C4683693 
 266      1C43694E 
 266      24E65151 
 266      CCA302
 267 0567 CC188139 		.ascii	"\314\030\2019\323\334\365LJ\217\3620\321\315\335\016"
 267      D3DCF54C 
 267      4A8FF230 
 267      D1CDDD0E 
 268 0577 7CE6F206 		.ascii	"|\346\362\006fgn\\\2042.\240L wJ\301h\302\"\264\214"
 268      66676E5C 
 268      84322EA0 
 268      4C20774A 
 268      C168C222 
 269 058d CEA033C9 		.ascii	"\316\2403\3116|\271\303\335\237Z\352\343\343\313\375"
 269      367CB9C3 
 269      DD9F5AEA 
 269      E3E3CBFD 
 270 059d 85197D23 		.ascii	"\205\031}#L\276\306\010\215\257&$T\033\212\035}4\224"
 270      4CBEC608 
 270      8DAF2624 
 270      541B8A1D 
 270      7D3494
 271 05b0 CCA8DBA7 		.ascii	"\314\250\333\247eL\337h>\011\014\217\010\333\035\241"
 271      654CDF68 
 271      3E090C8F 
ARM GAS  C:\cygwin\tmp\cck3QFc2.s 			page 21


 271      08DB1DA1 
 272 05c0 0E75DFA5 		.ascii	"\016u\337\245\323k\215\201\2735\032ouD\250\267!\314"
 272      D36B8D81 
 272      BB351A6F 
 272      7544A8B7 
 272      21CC
 273 05d2 A0F5D6AA 		.ascii	"\240\365\326\252\203t\336~\314j\357\025\037~\344\027"
 273      8374DE7E 
 273      CC6AEF15 
 273      1F7EE417 
 274 05e2 A8D705E1 		.ascii	"\250\327\005\341\327\201v\257\003\375|V\373\254\014"
 274      D78176AF 
 274      03FD7C56 
 274      FBAC0C
 275 05f1 D41934FA 		.ascii	"\324\0314\372\310`m\240\321\024\034\254\335\345\023"
 275      C8606DA0 
 275      D1141CAC 
 275      DDE513
 276 0600 42396B42 		.ascii	"B9kB\374\201j\255^\037\246Q\212\306\233\026r\223\015"
 276      FC816AAD 
 276      5E1FA651 
 276      8AC69B16 
 276      72930D
 277 0613 5A538049 		.ascii	"ZS\200Im\2124~\355\030\2513\230V1&9\303\360\243\235"
 277      6D8A347E 
 277      ED18A933 
 277      98563126 
 277      39C3F0A3 
 278 0628 FF4595BD 		.ascii	"\377E\225\275\032AG\250Z\023\2423h\003\031P\243\216"
 278      1A4147A8 
 278      5A13A233 
 278      68031950 
 278      A38E
 279 063a D49B1853 		.ascii	"\324\233\030ST\270\326\010\272>\377\377\330\020#\350"
 279      54B8D608 
 279      BA3EFFFF 
 279      D81023E8 
 280 064a 04AC050C 		.ascii	"\004\254\005\014\023\242U\2073Aj\243\226a\034\015\332"
 280      13A25587 
 280      33416AA3 
 280      96611C0D 
 280      DA
 281 065b BD26C8B0 		.ascii	"\275&\310\260\222_\325\032\202\031F\006\277\260\346"
 281      925FD51A 
 281      82194606 
 281      BFB0E6
 282 066a 84235BB9 		.ascii	"\204#[\271\2021)\270 \361P\252\011QG\3105!\001Q\306"
 282      823129B8 
 282      20F150AA 
 282      095147C8 
 282      35210151 
 283 067f 2FC2347B 		.ascii	"/\3024{fW\214g\203\252\031\243\260pyxX\204\211\201\014"
 283      66578C67 
 283      83AA19A3 
 283      B0707978 
 283      58848981 
 284 0694 EE593ECB 		.ascii	"\356Y>\313\023\2770\372\256\335\276\305\177\313^p'\255"
ARM GAS  C:\cygwin\tmp\cck3QFc2.s 			page 22


 284      13BF30FA 
 284      AEDDBEC5 
 284      7FCB5E70 
 284      27AD
 285 06a6 F0DDC7A1 		.ascii	"\360\335\307\241\234@\243\326\304\254[\033\360\331\266"
 285      9C40A3D6 
 285      C4AC5B1B 
 285      F0D9B6
 286 06b5 ED9B16A8 		.ascii	"\355\233\026\250\365\337\253\243\214\320&zH\215\227"
 286      F5DFABA3 
 286      8CD0267A 
 286      488D97
 287 06c4 180594FB 		.ascii	"\030\005\224\373\372o\011\330\024`\243\305(\232\320"
 287      FA6F09D8 
 287      1460A3C5 
 287      289AD0
 288 06d3 F591060D 		.ascii	"\365\221\006\015WM\220\271\303\200\351\235\211\220H"
 288      574D90B9 
 288      C380E99D 
 288      899048
 289 06e2 32FE07FD 		.ascii	"2\376\007\375g\352\014"
 289      67EA0C
 290              		.text
 291              		.section	.gnu.lto_.symtab.9c5b65b,"",%progbits
 292 0000 5F636F72 		.ascii	"_core_init\000\000\000\000\000\000\000\000\000\000\000"
 292      655F696E 
 292      69740000 
 292      00000000 
 292      00000000 
 293 0015 00AC0000 		.ascii	"\000\254\000\000\000chCoreAlloc\000\000\000\000\000"
 293      00636843 
 293      6F726541 
 293      6C6C6F63 
 293      00000000 
 294 002a 00000000 		.ascii	"\000\000\000\000\000\000\000\265\000\000\000chCoreA"
 294      000000B5 
 294      00000063 
 294      68436F72 
 294      6541
 295 003c 6C6C6F63 		.ascii	"llocI\000\000\000\000\000\000\000\000\000\000\000\000"
 295      49000000 
 295      00000000 
 295      00000000 
 295      00
 296 004d B7000000 		.ascii	"\267\000\000\000chCoreGetStatusX\000\000\000\000\000"
 296      6368436F 
 296      72654765 
 296      74537461 
 296      74757358 
 297 0066 00000000 		.ascii	"\000\000\000\000\000\000\000\272\000\000\000__heap_"
 297      000000BA 
 297      0000005F 
 297      5F686561 
 297      705F
 298 0078 62617365 		.ascii	"base__\000\000\002\000\000\000\000\000\000\000\000\000"
 298      5F5F0000 
 298      02000000 
ARM GAS  C:\cygwin\tmp\cck3QFc2.s 			page 23


 298      00000000 
 298      0000
 299 008a C5000000 		.ascii	"\305\000\000\000__heap_end__\000\000\002\000\000\000"
 299      5F5F6865 
 299      61705F65 
 299      6E645F5F 
 299      00000200 
 300 00a0 00000000 		.ascii	"\000\000\000\000\000\000\312\000\000\000"
 300      0000CA00 
 300      0000
 301              		.text
 302              		.section	.gnu.lto_.opts,"",%progbits
 303 0000 272D666E 		.ascii	"'-fno-trapv' '-mcpu=cortex-m4' '-mno-thumb-interwor"
 303      6F2D7472 
 303      61707627 
 303      20272D6D 
 303      6370753D 
 304 0033 6B272027 		.ascii	"k' '-mthumb' '-ggdb' '-O2' '-fomit-frame-pointer' '"
 304      2D6D7468 
 304      756D6227 
 304      20272D67 
 304      67646227 
 305 0066 2D66616C 		.ascii	"-falign-functions=16' '-ffunction-sections' '-fdata"
 305      69676E2D 
 305      66756E63 
 305      74696F6E 
 305      733D3136 
 306 0099 2D736563 		.ascii	"-sections' '-fno-common' '-flto'\000"
 306      74696F6E 
 306      73272027 
 306      2D666E6F 
 306      2D636F6D 
 307              		.text
 308              		.comm	__gnu_lto_v1,1,1
 309              		.comm	__gnu_lto_slim,1,1
 310              		.ident	"GCC: (GNU Tools for ARM Embedded Processors) 4.9.3 20141119 (release) [ARM/embedded-4_9-br
ARM GAS  C:\cygwin\tmp\cck3QFc2.s 			page 24


DEFINED SYMBOLS
                            *ABS*:00000000 chmemcore.c
                            *COM*:00000001 __gnu_lto_v1
                            *COM*:00000001 __gnu_lto_slim

NO UNDEFINED SYMBOLS
