ARM GAS  C:\cygwin\tmp\ccVOLtux.s 			page 1


   1              		.syntax unified
   2              		.cpu cortex-m4
   3              		.fpu softvfp
   4              		.eabi_attribute 20, 1
   5              		.eabi_attribute 21, 1
   6              		.eabi_attribute 23, 3
   7              		.eabi_attribute 24, 1
   8              		.eabi_attribute 25, 1
   9              		.eabi_attribute 26, 1
  10              		.eabi_attribute 30, 2
  11              		.eabi_attribute 34, 1
  12              		.eabi_attribute 18, 4
  13              		.thumb
  14              		.file	"chregistry.c"
  15              		.text
  16              	.Ltext0:
  17              		.section	.gnu.lto_.profile.9c5ad3e,"",%progbits
  18 0000 789C6366 		.ascii	"x\234cf```a\200\000F\006Y!\000\000\300\0008"
  18      60606061 
  18      80004606 
  18      59210000 
  18      C00038
  19              		.text
  20              		.section	.gnu.lto_.jmpfuncs.9c5ad3e,"",%progbits
  21 0000 789C6366 		.ascii	"x\234cf\300\016\004\2404\023\010322\32632\227\203\370"
  21      C00E04A0 
  21      34130833 
  21      3232D633 
  21      329783F8 
  22 0014 0008FA01 		.ascii	"\000\010\372\001\025"
  22      15
  23              		.text
  24              		.section	.gnu.lto_.inline.9c5ad3e,"",%progbits
  25 0000 789C6366 		.ascii	"x\234cf\300\016\364\2414\023\003\003'\007#\003\023\317"
  25      C00EF4A1 
  25      34130303 
  25      27072303 
  25      13CF
  26 0012 835806B6 		.ascii	"\203X\006\266\005\362L\0201^Q\240\020\377\202\022\006"
  26      05F24C10 
  26      315E51A0 
  26      10FF8212 
  26      06
  27 0023 F60E7588 		.ascii	"\366\016u\210\0207\003\003\343\004?\006\000\200 \005"
  27      10370303 
  27      E3043F06 
  27      00802005 
  28 0033 47       		.ascii	"G"
  29              		.text
  30              		.section	.gnu.lto_.pureconst.9c5ad3e,"",%progbits
  31 0000 789C6366 		.ascii	"x\234cf```e\200\000&\006+&+\000\001{\000\201"
  31      60606065 
  31      80002606 
  31      2B262B00 
  31      017B0081 
  32              		.text
  33              		.section	.gnu.lto_chRegFirstThread.9c5ad3e,"",%progbits
ARM GAS  C:\cygwin\tmp\ccVOLtux.s 			page 2


  34 0000 789C8D53 		.ascii	"x\234\215SIOSQ\024\276\337}\257\245L\221\270p\301\246"
  34      494F5351 
  34      14BEDF7D 
  34      AFA54C91 
  34      B870C1A6 
  35 0014 4D8853B4 		.ascii	"M\210S\264<wnL\214!1q\301\006~\200\321\332\010\011S"
  35      3C776E4C 
  35      8C213171 
  35      C1067E80 
  35      D1DA0809 
  36 0029 5E8B9185 		.ascii	"^\213\221\205\361\265T\324\005J\000\025p\302\001DQP"
  36      F1B554D4 
  36      054A0015 
  36      70C20144 
  36      5150
  37 003b 06051CA8 		.ascii	"\006\005\034\250\212\2028\242\006\242\250T\203\211F"
  37      8A8238A2 
  37      06A2A854 
  37      838946
  38 004a 48409C1A 		.ascii	"H@\234\032\002x\356-h\251\232\370\322\276\373\356=\337"
  38      0278EE2D 
  38      68A99AF8 
  38      D2BEFBEE 
  38      3DDF
  39 005c 39E73BE7 		.ascii	"9\347;\347|Wa\177>\211\364?\2432v\203V(\014\274\344"
  39      7C57617F 
  39      3E89F43F 
  39      A3327683 
  39      56280CBC 
  40 0071 11631E0B 		.ascii	"\021c\036\013\007\304\007\003\333\311\261\023\037\371"
  40      07C40703 
  40      DBC9B113 
  40      1FF9
  41 007f 38477BC3 		.ascii	"8G{\303\227\207\261\037x\2203\033\243mGiO\205Yl\241"
  41      9787B11F 
  41      7890331B 
  41      A36D4769 
  41      4F85596C 
  42 0094 8AED407F 		.ascii	"\212\355@\177\305@\364\322\032\303\360\216y\373\262"
  42      C540F4D2 
  42      1AC3F08E 
  42      79FBB2
  43 00a3 2ACBABC9 		.ascii	"*\313\253\311\302\331\004g8\203D\324A$\302Y,\025X\217"
  43      C2D90467 
  43      388344D4 
  43      4124C259 
  43      2C15588F 
  44 00b7 BFF879BC 		.ascii	"\277\370y\274\222\004\361]\330\346\351\214K:A~\201\275"
  44      9204F15D 
  44      D8E6E98C 
  44      4B3A417E 
  44      81BD
  45 00c9 35DD7146 		.ascii	"5\335qF\217\341\013\314\314X\311\031\347\240\314\367"
  45      8FE10BCC 
  45      CC58C919 
  45      E7A0CCF7 
  46 00d9 170FB98C 		.ascii	"\027\017\271\214\373\246\006b\315>\3030\022P\217$\221"
ARM GAS  C:\cygwin\tmp\ccVOLtux.s 			page 3


  46      FBA60662 
  46      CD3EC330 
  46      12508F24 
  46      91
  47 00ea 84629F87 		.ascii	"\204b\237\207\031\264\210\223\306\205~cf\246\271\353"
  47      19B48893 
  47      C6857E63 
  47      66A6B9EB 
  48 00fa E45EED2C 		.ascii	"\344^\355,\267PUt\246\262 WL\342\305\33009\210\362\336"
  48      B7505574 
  48      A6B22057 
  48      4CE2C5D8 
  48      303988F2 
  49 010f 13435A95 		.ascii	"\023CZ\225~x\023D\340\211z\243\\Q\226H^\237\236\237"
  49      7E781344 
  49      E0897AA3 
  49      5C519648 
  49      5E9F9E9F 
  50 0123 A88991BC 		.ascii	"\250\211\221\274\306^};\274\250\322\250\366\226P\320"
  50      C65E7D3B 
  50      BCA8D2A8 
  50      F69650D0 
  51 0133 B5087215 		.ascii	"\265\010r\025\027\376\306\014\015H\"\307\267\305_\233"
  51      17FEC60C 
  51      0D4822C7 
  51      B7C55F9B 
  52 0143 21FAA2DA 		.ascii	"!\372\242\332\030\032\311:\010\357\273\327E\357+\314"
  52      181AC93A 
  52      08EFBBD7 
  52      45EF2BCC 
  53 0153 F3A80786 		.ascii	"\363\250\007\206OB\222\236\340\230_T\340`\357\250\312"
  53      4F42929E 
  53      E0985F54 
  53      E060EFA8 
  53      CA
  54 0164 70519878 		.ascii	"pQ\230x\204\251-\270Z\244a\270$\254JD7\030\232`&\"\315"
  54      84A92DB8 
  54      5AA461B8 
  54      24AC4A44 
  54      37189A60 
  55 017b A21560A7 		.ascii	"\242\025`\247@\346\241\221\037e\212\265\005G\215\012"
  55      40E6A191 
  55      1F658AB5 
  55      05478D0A 
  56 018b 5B909B84 		.ascii	"[\220\233\204\307\201\301IO\214J=@\013\254\262\243U"
  56      C781C149 
  56      4F8C4A3D 
  56      400BACB2 
  56      A355
  57 019d BB0E55C6 		.ascii	"\273\016U\306\321\011Z\241J\316\014\227\241\222\241"
  57      D1095AA1 
  57      4ACE0C97 
  57      A192A1
  58 01ac 7777F537 		.ascii	"ww\3657\325ze\326\333,\260OF\356vDK\357+\302\033m4\377"
  58      D57A65D6 
  58      DB2CB04F 
  58      46EE7644 
ARM GAS  C:\cygwin\tmp\ccVOLtux.s 			page 4


  58      4BEF2BC2 
  59 01c4 97F05E6E 		.ascii	"\227\360^n\177[\027'\352\371\316\025B\035{\266\257\201"
  59      7F5B1727 
  59      EAF9CE15 
  59      421D7BB6 
  59      AF81
  60 01d6 EF9834F6 		.ascii	"\357\2304\366\030\226 \217\232\342\241\311\015\015?"
  60      1896208F 
  60      9AE2A1C9 
  60      0D0D3F
  61 01e5 EEB388DE 		.ascii	"\356\263\210\336D\311m\235\307w\004Gq\330c\010\224\005"
  61      44C96D9D 
  61      C7770447 
  61      71D86308 
  61      9405
  62 01f7 EDD8810E 		.ascii	"\355\330\201\016\221\235l\323\347\3677\231\355\365T"
  62      919D6CD3 
  62      E7F73799 
  62      EDF554
  63 0206 963F31C8 		.ascii	"\226?1\310\243q\225\200\237\371\254\002\256w>\235VC"
  63      A3719580 
  63      9FF9AC02 
  63      AE773E9D 
  63      5643
  64 0218 C6654229 		.ascii	"\306eB)\327`\377Lm$6\327ag4N#^\352\201\346Nt$\275K\335"
  64      D760FF4C 
  64      6D2436D7 
  64      6167344E 
  64      235EEA81 
  65 0233 6921766A 		.ascii	"i!vj8\017.\303\265\3768>\032O<h\2661\204\307\215Y\016"
  65      380F2EC3 
  65      B5FE383E 
  65      1A4F3C68 
  65      B63184C7 
  66 024a 47BE94BD 		.ascii	"G\276\224\275X`_\021\344\261\350\224\351\245\320\374"
  66      58605F11 
  66      E4B1E894 
  66      E9A5D0FC 
  67 025a 94E2250A 		.ascii	"\224\342%\012K\213F\020\212h\012\005\355\253\252-\\"
  67      4B8B4610 
  67      8A680A05 
  67      EDABAA2D 
  67      5C
  68 026b 2082C652 		.ascii	" \202\306R\363oR\010J[*!a)\250T\277\351\337in\375Ns"
  68      F36F5208 
  68      4A5B2A21 
  68      6129A854 
  68      BFE9DF69 
  69 0283 1B760ACD 		.ascii	"\033v\012\315\346\264\031\256\307\246c\377\245\307."
  69      E6B419AE 
  69      C7A663FF 
  69      A5C72E
  70 0292 A9C75FB5 		.ascii	"\251\307_\265\322-\307\235\177\353\321W;\247G\365\017"
  70      D22DC79D 
  70      7FEBD157 
  70      3BA747F5 
  70      0F
ARM GAS  C:\cygwin\tmp\ccVOLtux.s 			page 5


  71 02a3 59DD15B2 		.ascii	"Y\335\025\262\212\024i\227\211\241[\340M\221\"\035_"
  71      8A146997 
  71      89A15BE0 
  71      4D91221D 
  71      5F
  72 02b4 237233F4 		.ascii	"#r3\364\374]\244\367\244H{\303Dzz4\320a\236\323\337"
  72      FC5DA4F7 
  72      A4487BC3 
  72      447A7A34 
  72      D0619ED3 
  73 02c9 1DA9BFFB 		.ascii	"\035\251\277\373R\177\221b{@b{\003O\240\253v\266\367"
  73      527F9162 
  73      7B40627B 
  73      034FA0AB 
  73      76B6F7
  74 02dc 749BE93A 		.ascii	"t\233\351:C\\cB\331\222\223\265\320/\327\245\351n\315"
  74      435C6342 
  74      D99293B5 
  74      D02FD7A5 
  74      E96ECD
  75 02ef A53B3447 		.ascii	"\245;4G\206\356\334\232\351r\353\005\311\016\306\335"
  75      86EEDC9A 
  75      E972EB05 
  75      C90EC6DD 
  76 02ff 79A66D9B 		.ascii	"y\246m\233\262\362\235\313#\220y\271\272\333\245\255"
  76      B2F29DCB 
  76      239079B9 
  76      BADBA5AD 
  77 030f 4B4B4D49 		.ascii	"KKMI\335N.\216\\\335\271q\333\352\354\344\014\2662\034"
  77      DD4E2E8E 
  77      5CDDB971 
  77      DBEAECE4 
  77      0CB6321C 
  78 0323 E9DCEED6 		.ascii	"\351\334\356\326RR\3237\244k\2319\216\254\374-NM\"\035"
  78      5252D337 
  78      A46B9939 
  78      8EACFC2D 
  78      4E4D221D 
  79 0337 D9EBF373 		.ascii	"\331\353\363s\034\004\266F\204\375\205\312p\025\270"
  79      1C04B646 
  79      84FD85CA 
  79      7015B8
  80 0346 C89E909A 		.ascii	"\310\236\220\232\236f\333\274\311\345\314\3233W\332"
  80      9E66DBBC 
  80      C9E5CCD3 
  80      3357DA
  81 0355 16AF625C 		.ascii	"\026\257b\\gQ\331\316\354\\\275\200\375\004\366N\327"
  81      6751D9CE 
  81      EC5CBD80 
  81      FD04F64E 
  81      D7
  82 0366 EB       		.ascii	"\353"
  83              		.text
  84              		.section	.gnu.lto_chRegNextThread.9c5ad3e,"",%progbits
  85 0000 789C8D54 		.ascii	"x\234\215T\357O[U\030>\317\271\267\227\002e\020?\030"
  85      EF4F5B55 
  85      183ECFB9 
ARM GAS  C:\cygwin\tmp\ccVOLtux.s 			page 6


  85      B7970265 
  85      103F18
  86 0013 334DDA84 		.ascii	"3M\332\204\340\242\016j\242\311\022\243Q\263\304\304"
  86      E0A20E6A 
  86      A2C912A3 
  86      51B3C4C4 
  87 0023 0F7C197F 		.ascii	"\017|\031\177\200\231]#$\374J[\226\361\201\354\266\324"
  87      80995D23 
  87      24FC4A5B 
  87      96F181EC 
  87      B6D4
  88 0035 6962D005 		.ascii	"ib\320\005X\006\333@\026e\233\262\201\202\303\301\324"
  88      5806DB40 
  88      16659BB2 
  88      8182C3C1 
  88      D4
  89 0046 D5593786 		.ascii	"\325Y7\206\260A\234T\267\305u\006\014:H\206lc7\004\361"
  89      B0419C54 
  89      B7C57506 
  89      0C3A4886 
  89      6C633704 
  90 005b 7DCF1DA3 		.ascii	"}\317\035\243\224-\361\246\275\367\236\363\276\317\373"
  90      942DF1A6 
  90      BDF79EF3 
  90      BECFFB
  91 006a E3799F73 		.ascii	"\343y\237s5\261\376z\221\376\373\035B\234\245'\034\002"
  91      35B1FE7A 
  91      91FEFB1D 
  91      429CA527 
  91      1C02
  92 007c 72EF4521 		.ascii	"r\357E!\302N)\365\030\204\231\245\215\215\010a\2724"
  92      C24E29F5 
  92      188499A5 
  92      8D8D0861 
  92      BA34
  93 008e E8F6BE0E 		.ascii	"\350\366\276\016\360\213\200\330-5\035\273\361\227\234"
  93      F08B80D8 
  93      2D351DBB 
  93      F1979C
  94 009d 9318E8BE 		.ascii	"\223\030\350\276=\232=--)<\202\226\203\215C-\006/\241"
  94      3D9A3D2D 
  94      2D293C82 
  94      96838D43 
  94      2D062FA1 
  95 00b1 F33231D1 		.ascii	"\36321\321\222\310\334\324i\232\221[\221Dyks\007Y\244"
  95      92C8DCD4 
  95      699A915B 
  95      9144796B 
  95      730759A4 
  96 00c5 98970247 		.ascii	"\230\227\002G\261\021\307\260\221\343}\206M\344\032"
  96      B111C7B0 
  96      91E37D86 
  96      4DE41A
  97 00d4 8E355CCE 		.ascii	"\2165\\\316\321\362\301\260x\317\204\345,\370\204`\261"
  97      D1F2C1B0 
  97      78CF84E5 
  97      2CF88460 
ARM GAS  C:\cygwin\tmp\ccVOLtux.s 			page 7


  97      B1
  98 00e5 D15EF335 		.ascii	"\321^\3635\235@\370\034Z*\216\343\240\013\005\354\336"
  98      9D40F81C 
  98      5A2A8EE3 
  98      A00B05EC 
  98      DE
  99 00f6 175BBCA9 		.ascii	"\027[\274\251kO+\350\231\351\277\233]\371\207\011\232"
  99      6B4F2BE8 
  99      99E9BF9B 
  99      5DF98709 
  99      9A
 100 0107 1CE83CEF 		.ascii	"\034\350<\3572\207\314hry\331\315\021\216\257\215`_"
 100      3287CC68 
 100      7279D9CD 
 100      118EAF8D 
 100      605F
 101 0119 04998B2E 		.ascii	"\004\231\213.%\262\215\250i\232y8\201\374%)\270B*\254"
 101      25B28DA8 
 101      699A7938 
 101      81FC2529 
 101      B8422AAC 
 102 012d 1B06E8C1 		.ascii	"\033\006\350\301\233=\217\305\314\345\345\276k\215\037"
 102      9B3D8FC5 
 102      CCE5E5BE 
 102      6B8D1F
 103 013c BC7042BA 		.ascii	"\274pB\272 x\317\001.\300P\357\031T\220\346\344\233"
 103      2078CF01 
 103      2EC050EF 
 103      195490E6 
 103      E49B
 104 014e 10930466 		.ascii	"\020\223\004f\246\246\250Dzj\023\210\344q\236\371.\263"
 104      A6A6A844 
 104      7A6A1388 
 104      E4719EF9 
 104      2EB3
 105 0160 59D39E55 		.ascii	"Y\323\236Ue\336\274|\2703K\225yk\372\356\301\307[\315"
 105      65DEBC7C 
 105      B8334B95 
 105      796BFAEE 
 105      C1C75BCD 
 106 0174 8EC85E4A 		.ascii	"\216\310^J\360*,\251\243\347a\205\342\013\344\023\360"
 106      F02A2CA9 
 106      A3E76185 
 106      E20BE413 
 106      F0
 107 0185 46C39D3E 		.ascii	"F\303\235>0\301\272G\340K\262^E\344\217;{\246Z\2145"
 107      30C1BA47 
 107      E04BB25E 
 107      45E48F3B 
 107      7BA65A8C 
 108 019a 9D2427BB 		.ascii	"\235$'\273\241\032\230\227X\333c\262}xV\027\350e\223"
 108      A11A9897 
 108      58DB63B2 
 108      7D785617 
 108      E86593
 109 01ad 4C338D59 		.ascii	"L3\215Y[8\215@\037[\2654r\004\276\202A\205\234dZ \216"
 109      5B388D40 
ARM GAS  C:\cygwin\tmp\ccVOLtux.s 			page 8


 109      1F5BB534 
 109      7204BE82 
 109      41859C64 
 110 01c4 82CCD767 		.ascii	"\202\314\327g\3565i\356Sh3[<\226t0b\337\325\305p\226"
 110      EE3569EE 
 110      5368335B 
 110      3C967430 
 110      62DFD5C5 
 111 01da 4E1CA01F 		.ascii	"N\034\240\037nE\360\201w\367\267\272h\007_CW5\013\234"
 111      6E45F081 
 111      77F7B7BA 
 111      68075F43 
 111      57350B9C 
 112 01ee 824E86E1 		.ascii	"\202N\206\341\367:\356\352\356\323\367\321\006\373\216"
 112      F73AEEEA 
 112      EED3F7D1 
 112      06FB8E
 113 01fd CD9C1BCC 		.ascii	"\315\234\033\314T\350\001Fc\220\204t\005\221\376\201"
 113      54E80146 
 113      63908474 
 113      0591FE81 
 114 020d 1B5D1BB8 		.ascii	"\033]\033\270\237\005\311\215^\237\2744\356\234Vbb\320"
 114      9F05C98D 
 114      5E9FBC34 
 114      EE9C5662 
 114      62D0
 115 021f C97B1FCF 		.ascii	"\311{\037\317\346\264\341`\3304cOZ2cA:p\232\363\220"
 115      E6B4E160 
 115      D834634F 
 115      5A326341 
 115      3A709AF3 
 116 0234 EDD0EDA6 		.ascii	"\355\320\355\246\337r\013\237c\001|\2036\374#\025\231"
 116      DF720B9F 
 116      63017C83 
 116      36FC2315 
 116      99
 117 0245 DFA250D0 		.ascii	"\337\242P\320\\\314\\5d\032 \305\025\277 \372k\375\302"
 117      5CCC5C35 
 117      641A20C5 
 117      15BF20FA 
 117      6BFDC2
 118 0258 3E63354F 		.ascii	">c5O\373\317\037v\313\272E\363}\323iI\347\022q)R\263"
 118      FBCF1F76 
 118      CBBA45F3 
 118      7DD36949 
 118      E7127129 
 119 026e 3BD5F258 		.ascii	";\325\362X8z\010vv\362\312\304w\250\303\231\373\331"
 119      387A0876 
 119      76F2CAC4 
 119      77A8C399 
 119      FBD9
 120 0280 FF3DFE51 		.ascii	"\377=\376Q\257Q\330E\364\305^\261d\026b\252\004\330"
 120      AF51D845 
 120      F4C55EB1 
 120      641662AA 
 120      04D8
 121 0292 C26B583C 		.ascii	"\302kX<\322d\250\350\261\227,\231\215\357\251(\201\263"
ARM GAS  C:\cygwin\tmp\ccVOLtux.s 			page 9


 121      D264A8E8 
 121      B1972C99 
 121      8DEFA928 
 121      81B3
 122 02a4 A853039F 		.ascii	"\250S\003\237\242\001\320\021\324\270\373\271\251\210"
 122      A201D011 
 122      D4B8FBB9 
 122      A988
 123 02b2 66579591 		.ascii	"fW\225\221\322.T\253\306\372V]\370A\345Q*\216S\324+"
 123      D22E54AB 
 123      C6FA565D 
 123      F841E551 
 123      2A8E53D4 
 124 02c7 A86FDC13 		.ascii	"\250o\334\023\227v\010\247\035e\374\300\221\372\\\356"
 124      977608A7 
 124      1D65FCC0 
 124      91FA5CEE 
 125 02d7 82E5FC23 		.ascii	"\202\345\374#\205\240D\215`\2274F\237xt\232s\253i\316"
 125      85A0448D 
 125      60973446 
 125      9F78749A 
 125      73AB69CE 
 126 02eb A3708109 		.ascii	"\243p\201\011\241\272\365U\331\333\324B\254\234\201"
 126      A1BAF555 
 126      D9DBD442 
 126      AC9C81
 127 02fa 54DDF7B6 		.ascii	"T\335\367\266\377/\335\017)\335?\340\\\247\255\013\217"
 127      FF2FDD0F 
 127      29DD3FE0 
 127      5CA7AD0B 
 127      8F
 128 030b D67DBC6F 		.ascii	"\326}\274oE\367\372:\371\016\263|\323\017C\234\276|"
 128      45F7FA3A 
 128      F90EB37C 
 128      D30F439C 
 128      BE7C
 129 031d 3FB1BF23 		.ascii	"?\261\277#\3750\314\275\314\271\005F\036~\030F\325a"
 129      FD30CCBD 
 129      CCB90546 
 129      1E7E1846 
 129      D561
 130 032f B8987218 		.ascii	"\270\230r\030>\235M\016\032+:\277\240t~I\351<]\324c"
 130      3E9D4D0E 
 130      1A2B3ABF 
 130      A0747E49 
 130      E93C5DD4 
 131 0344 24EA6B88 		.ascii	"$\352k\210&\243\375\212o\221\256\264\234y\311\261\307"
 131      26A3FD8A 
 131      6F91AEB4 
 131      9C79C9B1 
 131      C7
 132 0355 49092465 		.ascii	"I\011$eKn\020\277\323\367\261?\333\236\037\251\347O"
 132      4B6E10BF 
 132      D3F7B13F 
 132      DB9E1FA9 
 132      E74F
 133 0367 80C72167 		.ascii	"\200\307!g\022;h2\332H\342)\372\352\200i\247$\236\242"
ARM GAS  C:\cygwin\tmp\ccVOLtux.s 			page 10


 133      123B6832 
 133      DA48E229 
 133      FAEA8069 
 133      A7249EA2 
 134 037b 22AFFDAB 		.ascii	"\"\257\375\253\012z\003!o0\340\363\372J\003\376w\312"
 134      0A7A0321 
 134      6F30E0F3 
 134      FA4A03FE 
 134      77CA
 135 038d 82A1406D 		.ascii	"\202\241@m\221O\310P\265V\031\252v\354\334^^\343\177"
 135      914FC850 
 135      B55619AA 
 135      76ECDC5E 
 135      5EE37F
 136 03a0 26CDBBBA 		.ascii	"&\315\273\272*\020\012z_\337V\274\265x\027\301|U\001"
 136      2A100A7A 
 136      5FDF56BC 
 136      B57817C1 
 136      7C5501
 137 03b3 FF5B3BB7 		.ascii	"\377[;\267T\024\225\212\315\251\236\376]!\357\326\342"
 137      5414958A 
 137      CDA99EFE 
 137      5D21EFD6 
 137      E2
 138 03c4 92374BBC 		.ascii	"\2227K\274e\225\276\362\232\035~\257\362\364U\274QS"
 138      6595BEF2 
 138      9A1D7EAF 
 138      F2F455BC 
 138      5153
 139 03d6 E9236777 		.ascii	"\351#gwZ\330\007^\245\301\332 \331\363\212K\266y\336"
 139      5AD8075E 
 139      A5C1DA20 
 139      D9F38A4B 
 139      B679DE
 140 03e9 DE1EF457 		.ascii	"\336\036\364W\007\3126{\012\236\0272 2*\374\025U\201"
 140      07CA367B 
 140      0A9E1732 
 140      20322AFC 
 140      155581
 141 03fc 5AF11F67 		.ascii	"Z\361\037g\204/\251"
 141      842FA9
 142              		.text
 143              		.section	.gnu.lto_.symbol_nodes.9c5ad3e,"",%progbits
 144 0000 789C6366 		.ascii	"x\234cf``\360f\200\002\246\307\214\365\014\014\023\316"
 144      6060F066 
 144      8002A6C7 
 144      8CF50C0C 
 144      13CE
 145 0012 3130D4D7 		.ascii	"10\324\3273\314[\300\301\300\372\224\221A\240\236\201"
 145      33CC5BC0 
 145      C1C0FA94 
 145      9141A09E 
 145      81
 146 0023 E909633D 		.ascii	"\351\011c=#\212\370#F\306\205L\365\014\214\317\031\353"
 146      238AF823 
 146      46C6854C 
 146      F50C8CCF 
ARM GAS  C:\cygwin\tmp\ccVOLtux.s 			page 11


 146      19EB
 147 0035 9920120C 		.ascii	"\231 \022\014\015\015\034\014\314L,\014K\332\337\310"
 147      0D0D1C0C 
 147      CC4C2C0C 
 147      4BDADFC8 
 148 0045 33000020 		.ascii	"3\000\000 \001\024r"
 148      011472
 149              		.text
 150              		.section	.gnu.lto_.refs.9c5ad3e,"",%progbits
 151 0000 789C6366 		.ascii	"x\234cf``\340f\200\000F bfdbbde\000\000\001z\000\037"
 151      6060E066 
 151      80004620 
 151      62666462 
 151      62646500 
 152              		.text
 153              		.section	.gnu.lto_.decls.9c5ad3e,"",%progbits
 154 0000 789CB53A 		.ascii	"x\234\265:kXTG\226]\267\272\201n\232&\0232L>\277\314"
 154      6B585447 
 154      965DB7BA 
 154      816E9A26 
 154      13324C3E 
 155 0016 842133CC 		.ascii	"\204!3\314d&j^c\222\235\335If\262\233y\355\274\222\314"
 155      64266A5E 
 155      63929DDD 
 155      4966B29B 
 155      79EDBC92 
 156 002b AF71BE5E 		.ascii	"\257q\276^\002\255\262\3415M\033\343|\337~{y*(\017A"
 156      02ADB2E1 
 156      354D1BE3 
 156      7CDF7E7B 
 156      792A280F 
 157 0040 94874023 		.ascii	"\224\207@#  Oy#\210\370B\001\037(*\017\025\020PAPQP"
 157      20204F79 
 157      2388F842 
 157      011F282A 
 157      0F151050 
 158 0058 4005F654 		.ascii	"@\005\366T\325\355\276\267\233\333&\373\355\016\237"
 158      D5EDBEB7 
 158      9BDB26FB 
 158      ED0E9F
 159 0067 C75BE7D6 		.ascii	"\307[\347\326\251sN\235:u\316\251\272\215\025\012\305"
 159      A9734E9D 
 159      3A75CEA9 
 159      BA8D150A 
 159      C5
 160 0078 3F238562 		.ascii	"?#\205b\011\376\336}K\241\370\273\263B\201\341\335\037"
 160      09FEDE7D 
 160      4BA1F8BB 
 160      B34281E1 
 160      DD1F
 161 008a 15E21FC1 		.ascii	"\025\342\037\301\377\0124\276\000\006\000\016\360+\360"
 161      FF0A34BE 
 161      0006000E 
 161      F02BF0
 162 0099 FC01A7B0 		.ascii	"\374\001\247\260\371#4Zx\352\024\354\371s\300=\341Y"
 162      F923345A 
 162      78EA14EC 
ARM GAS  C:\cygwin\tmp\ccVOLtux.s 			page 12


 162      F973C03D 
 162      E159
 163 00ab 0FF02AD0 		.ascii	"\017\360*\320\256\004X\005\320\007\357\377\013`\015"
 163      AE045805 
 163      D007EFFF 
 163      0B600D
 164 00ba C082C0FF 		.ascii	"\300\202\300\377<\264M\000\237\0008\011\274\336\000"
 164      3CB44D00 
 164      9F003809 
 164      BCDE00
 165 00c9 DAB700DE 		.ascii	"\332\267\000\336\003\370)\300\277\000 A\266\364\217"
 165      03F829C0 
 165      BF002041 
 165      B6F48F
 166 00d8 E8E5FE15 		.ascii	"\350\345\376\025r\211,\251\354\237qL\366\373\360\364"
 166      72892CA9 
 166      EC9F714C 
 166      F6FBF0F4 
 167 00e8 434C875F 		.ascii	"CL\207_!\246\007\321\301Y\340+\247\203\305\006\037q"
 167      21A607D1 
 167      C159E02B 
 167      A783C506 
 167      1F71
 168 00fa CB75B9CF 		.ascii	"\313u\271\317\241\202\326\331m\334\030\207t\032\263"
 168      A182D6D9 
 168      6DDC1887 
 168      741AB3
 169 0109 92E0FB1B 		.ascii	"\222\340\373\033\342\236\270\000\256\325\374+A\213\253"
 169      E29EB800 
 169      AED5FC2B 
 169      418BAB
 170 0118 CAEE7298 		.ascii	"\312\356r\230C\244\235\227v\375\242\346\265\375<\317"
 170      43A49D97 
 170      76FDA2E6 
 170      B5FD3CCF 
 171 0128 6FE55B7B 		.ascii	"o\345[{\221\310c$\247\363\246;~\236\022\245\336*{\240"
 171      91C86324 
 171      A7F3A63B 
 171      7E9E12A5 
 171      DE2A7BA0 
 172 013c C62FD176 		.ascii	"\306/\321vc\371\314\031W\312\333\213\240\007\223O\245"
 172      63F9CC19 
 172      57CADB8B 
 172      A007934F 
 172      A5
 173 014d 3951D654 		.ascii	"9Q\326TR_\302t\222\013~\205R^N\234\270\250\305?\242"
 173      525FC274 
 173      920B7E85 
 173      525E4E9C 
 173      B8A8C53F 
 174 0162 EDC32D73 		.ascii	"\355\303-sm\032\374&mo\337:\324\256\301?\245\355\360"
 174      6D1AFC26 
 174      6D6FDF3A 
 174      D4AEC13F 
 174      A5EDF0
 175 0175 7D4DDB9D 		.ascii	"}M\333\235a\370w5T\350`\346|\276\232\242\304\033\334"
 175      61F87735 
ARM GAS  C:\cygwin\tmp\ccVOLtux.s 			page 13


 175      54E860E6 
 175      7CBE9AA2 
 175      C41BDC
 176 0188 E11577EA 		.ascii	"\341\025w\352&\237\247C>\232|Pq*!o\370W\221\374\007"
 176      269FA743 
 176      3E9A7C50 
 176      712A216F 
 176      F85791FC 
 177 019d A80E6950 		.ascii	"\250\016iP\025\302h?z\015\264\245\243\311\337V\236\217"
 177      15C2683F 
 177      7A0DB4A5 
 177      A3C9DF56 
 177      9E8F
 178 01af E0932279 		.ascii	"\340\223\"y\365)\235\002\225\241\025\250\034\255P\240"
 178      F5299D02 
 178      95A115A8 
 178      1CAD50A0 
 179 01bf 5AE40314 		.ascii	"Z\344\003\024\224\026U\303\313\032x\011\214O<m\211R"
 179      941655C3 
 179      CB1A7809 
 179      8C4F3C6D 
 179      8952
 180 01d1 218D8FFC 		.ascii	"!\215\217\374\240\006\231AT\205\216\202\335\236<\257"
 180      A0069941 
 180      54858E82 
 180      DD9E3CAF 
 181 01e1 44F5A0C2 		.ascii	"D\365\240\302\001Q\005\320\310b:.\177<\242DeQy`\313"
 181      015105D0 
 181      C8623A2E 
 181      7F3CA244 
 181      65517960 
 182 01f6 AD0D44E5 		.ascii	"\255\015D\345\203@_)\322\327\243g\352\334(\2533\312"
 182      83405F29 
 182      D2D7A367 
 182      EADC28AB 
 182      33CA
 183 0208 39FE30D7 		.ascii	"9\3760\327\025\347\261\245\313O\335U\252\242\246w!h"
 183      15E7B1A5 
 183      CB4FDD55 
 183      AAA2A677 
 183      2168
 184 021a F7E8D4A4 		.ascii	"\367\350\324\244\013\336\317\372\332\316\234\037E\314"
 184      0BDECFFA 
 184      DACE9C1F 
 184      45CC
 185 0228 033882E7 		.ascii	"\0038\202\347\216tt\272R\332\357\0214\251\260\265\315"
 185      8E7474BA 
 185      52DAEF11 
 185      34A9B0B5 
 185      CD
 186 0239 155731DA 		.ascii	"\025W1\332\013\017\032yg\334B\021.\376\374\340\242\022"
 186      0B0F1A79 
 186      67DC4211 
 186      2EFEFCE0 
 186      A212
 187 024b F968A9EE 		.ascii	"\371h\251\356\211%y\233\303A\367cH\213\216\210\272\377"
 187      8925799B 
ARM GAS  C:\cygwin\tmp\ccVOLtux.s 			page 14


 187      C341F763 
 187      488B8E88 
 187      BAFF
 188 025d 41CB548F 		.ascii	"A\313T\217\023UG\177\364\024\225?\012\312\377A+P\203"
 188      1355477F 
 188      F414953F 
 188      0ACAFF41 
 188      2B5083
 189 0270 80477C5B 		.ascii	"\200G|[\234;\276\303\244\305MG\035\321\342)\206\334"
 189      9C3BBEC3 
 189      A4C54D47 
 189      1DD1E229 
 189      86DC
 190 0282 3BD49EE5 		.ascii	";\324\236\345\216\247\0312v\177\354\262\016?bH\312\355"
 190      8EA71932 
 190      767FECB2 
 190      0E3F6248 
 190      CAED
 191 0294 D6611D9E 		.ascii	"\326a\035\236gH\347\360\334\264\226j\377\034A\367\036"
 191      6748E7F0 
 191      DCB4966A 
 191      FF1C41F7 
 191      1E
 192 02a5 1E89D4E2 		.ascii	"\036\211\324\342\247\254\357JRL\221\032/1$}\366t\233"
 192      A7ACEF4A 
 192      524C911A 
 192      2F31247D 
 192      F6749B
 193 02b8 3B257C91 		.ascii	";%|\221\240\245\271\351uj\034\211i\337\335\366\322a"
 193      A0A5B9E9 
 193      756A1C89 
 193      69DFDDF6 
 193      D261
 194 02ca 0E6FC136 		.ascii	"\016o\3016^\254\245^\354:S\334\224\253E\336\354\317"
 194      5EACA55E 
 194      EC3A53DC 
 194      94AB45DE 
 194      ECCF
 195 02dc C3DBC7DB 		.ascii	"\303\333\307\333\014S\233\312\210\337\367\233\344H>"
 195      0C539BCA 
 195      88DFF79B 
 195      E4483E
 196 02eb FF456A80 		.ascii	"\377Ej\200\023`\200\036\344!N\363\207+\024t\305`\222"
 196      1360801E 
 196      E4214EF3 
 196      872B1474 
 196      C56092
 197 02fe 84DCBCA7 		.ascii	"\204\334\274\247\330\351\324\353\224\264\303\236\264"
 197      D8E9D4EB 
 197      94B4C39E 
 197      B4
 198 030b 1DD9D166 		.ascii	"\035\331\321fYi;\355iOS\332\037YI3\254\244'\355I\233"
 198      59693BED 
 198      694F53DA 
 198      1F594933 
 198      ACA427ED 
 199 0321 EDD9A65B 		.ascii	"\355\331\246[i\333\344iE\2669V\322\263\366\244\347\354"
ARM GAS  C:\cygwin\tmp\ccVOLtux.s 			page 15


 199      69DBE469 
 199      45B63956 
 199      D2B3F6A4 
 199      E7EC
 200 0333 4813ADA4 		.ascii	"H\023\255\244\307em@)w\200\303\360I<\377\201I\201Z\240"
 200      C7656D40 
 200      297780C3 
 200      F0493CFF 
 200      8149815A 
 201 0348 FB30E96E 		.ascii	"\3730\351n\025\350\301\025P\037x\305e\344\215\272\000"
 201      15E8C115 
 201      501F78C5 
 201      65E48DBA 
 201      00
 202 0359 2E027403 		.ascii	".\002t\003\364\003\234\007\270\000\320\013p\011yS\317"
 202      F4039C07 
 202      B800D00B 
 202      70097953 
 202      CF
 203 036a A262B3AD 		.ascii	"\242b\263\255b\317\310\333\210M\234x\352\320\344\026"
 203      62CFC8DB 
 203      884D9C78 
 203      EAD0E416 
 204 037a 271E111A 		.ascii	"'\036\021\032\205\340v\302\037a4\224Y\334\241\345\005"
 204      85E076C2 
 204      1F613494 
 204      59DCA1E5 
 204      05
 205 038b 56A7E497 		.ascii	"V\247\344\227\206N\001\374\342V\364\326|\225V\352\330"
 205      864E01FC 
 205      E256F4D6 
 205      7C9556EA 
 205      D8
 206 039c 526205BA 		.ascii	"Rb\005\272\202\264B|\034\337\022\375\033\\C\275\011"
 206      82B4427C 
 206      1CDF12FD 
 206      1B5C43BD 
 206      09
 207 03ad 1FD9B663 		.ascii	"\037\331\266c\023\002\267a6\210\2446\260\0128\004\022"
 207      1302B761 
 207      3688A436 
 207      B00A3804 
 207      12
 208 03be AF093618 		.ascii	"\257\0116\030\004\033\014H\3468\225\330Y\267\231\271"
 208      041B0C48 
 208      E63895D8 
 208      59B799B9 
 209 03ce 18704657 		.ascii	"\030pFW\005R\031\363\322Y\366E\223Y^[6KP\347i\352H\214"
 209      055219F3 
 209      D259F645 
 209      93595E5B 
 209      364B50E7 
 210 03e6 0B6E60DE 		.ascii	"\013n`\336=XwbZ\215[\030\222Q97\253\301m\0149U\222\365"
 210      3D587762 
 210      5A8D5B18 
 210      92513937 
 210      ABC16D0C 
ARM GAS  C:\cygwin\tmp\ccVOLtux.s 			page 16


 211 03fe 1FF82C6D 		.ascii	"\037\370,m+G\366T\326\271#\237\025+h\240\332\012\373"
 211      2B47F654 
 211      D6B9239F 
 211      152B68A0 
 211      DA0AFB
 212 0411 FC16C4A8 		.ascii	"\374\026\304\250\021\204%\311$\015\336\317\275O:\240"
 212      118425C9 
 212      240DDECF 
 212      BD4F3AA0 
 213 0421 E9429F34 		.ascii	"\351B\2374`M%\363\370E\005zm\005z\025\324\034\205i\221"
 213      604D25F3 
 213      F845057A 
 213      6D057A15 
 213      D41C8569 
 214 0436 2E05BA09 		.ascii	".\005\272\011\232\337`\261j8\345~\254J#Po\375*\352\264"
 214      9ADF60B1 
 214      6A38E57E 
 214      AC4A2350 
 214      6FFD2AEA 
 215 044b B8B4AD5A 		.ascii	"\270\264\255Z\033\303\217\2012\242\341\307\255\206\277"
 215      1BC38F81 
 215      32A2E1C7 
 215      AD86BF
 216 045a 34B20362 		.ascii	"4\262\003bQ7\233\317\323\205\250\335\356\270\237!\273"
 216      51379BCF 
 216      D385A8DD 
 216      EEB89F21 
 216      BB
 217 046b CFF7D62B 		.ascii	"\317\367\326+\361\010C\342\256\024\237v\306\023\330"
 217      F10843E2 
 217      AE149F76 
 217      C613D8
 218 047a 26CD78B2 		.ascii	"&\315x\2624\223\320\231q\004St\211\006\275\344\221\231"
 218      3493D099 
 218      71045374 
 218      8906BDE4 
 218      9199
 219 048c 02644905 		.ascii	"\002dI\005\266S\273\017\312z\012\201\370.hs\317\222"
 219      B653BB0F 
 219      CA7A0A81 
 219      F82E6873 
 219      CF92
 220 049e 0712F212 		.ascii	"\007\022\362\022_\"y`\012\324\274#\306FO1\015\014\365"
 220      5F227960 
 220      0AD4BC23 
 220      C6464F31 
 220      0D0CF5
 221 04b1 14FC499E 		.ascii	"\024\374I\236\351\264#\246\035\005\235\337$L\037\000"
 221      E9B423A6 
 221      1D059DDF 
 221      244C1F00 
 222 04c1 D34991E9 		.ascii	"\323I\221\351\224$\271\014\345\316\256\227\347\372\320"
 222      9424B90C 
 222      E5CEAE97 
 222      E7FAD0
 223 04d0 11D781C2 		.ascii	"\021\327\201\302\2334\005\315\000\327\011\221\353\003"
 223      9B3405CD 
ARM GAS  C:\cygwin\tmp\ccVOLtux.s 			page 17


 223      00D70991 
 223      EB03
 224 04de 912BEA2F 		.ascii	"\221+\352/\3559\216\361Cf\2553\227\322\242\335\360\002"
 224      ED398EF1 
 224      4366AD33 
 224      97D2A2DD 
 224      F002
 225 04f0 45B84B0B 		.ascii	"E\270K\0131\036\362\362\346\035\3103\247a\204\346@\326"
 225      311EF2F2 
 225      E61DC833 
 225      A76184E6 
 225      40D6
 226 0502 ACBCAC91 		.ascii	"\254\274\254\221\007\375EZ\034\255\244\262\212\206\317"
 226      07FD455A 
 226      1CADA4B2 
 226      8A86CF
 227 0511 26BBD144 		.ascii	"&\273\321D\365C\202\356\3312\363X\211\343i\037W\023"
 227      F54382EE 
 227      D932F358 
 227      89E3691F 
 227      5713
 228 0523 3F188DE5 		.ascii	"?\030\215\345e/:\222\235\001\262\027@\366Sy\331\327"
 228      652F3A92 
 228      9D01B217 
 228      40F65379 
 228      D9D7
 229 0535 6FB7EC53 		.ascii	"o\267\354S\342T&{pv\360\2503\225\375:Ak\332\006\317"
 229      E254267B 
 229      7076F0A8 
 229      3395FD3A 
 229      416BDA06 
 230 054a B8E13DAC 		.ascii	"\270\341=\254\257\351VD\2373\336\313\220\271\333\267"
 230      AFE95644 
 230      9F33DECB 
 230      90B9DBB7 
 231 055a 6035F633 		.ascii	"`5\3663\244\374\332\261M0\310IC6\373\034\251S\320\177"
 231      A4FCDAB1 
 231      4D30C849 
 231      4336FB1C 
 231      A953D07F 
 232 056e C3EBF6EE 		.ascii	"\303\353\366\356s]*\372\236\274r&\372\317\037o\250p"
 232      735D2AFA 
 232      9EBC7226 
 232      FACF1F6F 
 232      A870
 233 0580 62FAF3CB 		.ascii	"b\372\363\313S\374\026\316\007\210\331\024\242\270\025"
 233      53FC16CE 
 233      0788D914 
 233      A2B815
 234 058f 289AB378 		.ascii	"(\232\263x\326H\016\365\254\030N\203\"9\3534\234D\037"
 234      D6480EF5 
 234      AC184E83 
 234      2239EB34 
 234      9C441F
 235 05a2 E8ABCD3D 		.ascii	"\350\253\315=h\255\211:\242{\250\317\304\002y\204H\016"
 235      68AD893A 
 235      A27BA8CF 
ARM GAS  C:\cygwin\tmp\ccVOLtux.s 			page 18


 235      C4027984 
 235      480E
 236 05b4 A3AD0586 		.ascii	"\243\255\005\206\214\364\2552\322\201\363\336\013#q"
 236      8CF4AD32 
 236      D281F3DE 
 236      0B2371
 237 05c3 C85ABA14 		.ascii	"\310Z\272\024\262\322e\033p\016\0279\307>\233s\234,"
 237      B2D2651B 
 237      700E1739 
 237      C73E9B73 
 237      9C2C
 238 05d5 6794D4D3 		.ascii	"g\224\324\323\267\350\202k\230\015/\026w\231\335q\023"
 238      B7E8826B 
 238      980D2F16 
 238      7799DD71 
 238      13
 239 05e6 437AFB8E 		.ascii	"Cz\373\216g9\343\343\01490\336\277\022w\262\365O\237"
 239      6739E3E3 
 239      0C3930DE 
 239      BF1277B2 
 239      F54F9F
 240 05f9 B9D1811C 		.ascii	"\271\321\201\034Vh;8\371\012\315\234\003.\220\004*'"
 240      56683B38 
 240      F90ACD9C 
 240      032E9004 
 240      2A27
 241 060b 72CBAB2D 		.ascii	"r\313\253-\220\220uu_\216\026\367P\021N\0131\003\003"
 241      90907575 
 241      5F8E16F7 
 241      50114E0B 
 241      310303
 242 061e 1A48FC2F 		.ascii	"\032H\374/x{\373\230\311\234[\252+\277\327X\305\267"
 242      787BFB98 
 242      C99C5BAA 
 242      2BBFD758 
 242      C5B7
 243 0630 46613AED 		.ascii	"Fa:\355x\340\221\312\275 \027\221\011\271y\241\220\344"
 243      78E091CA 
 243      BD201791 
 243      09B979A1 
 243      90E4
 244 0642 2842B9DD 		.ascii	"(B\271\3351e\262LZPPb\222\023\322`\036;9o\224\002\260"
 244      3165B24C 
 244      5A505062 
 244      9213D260 
 244      1E3B396F 
 245 0659 1B601727 		.ascii	"\033`\027'\311\201\373i\016$\263I~\246&\220\344\332"
 245      C981FB69 
 245      0E24B349 
 245      7EA62690 
 245      E4DA
 246 066b CFD22407 		.ascii	"\317\322$\007\205W\202cR\232F\356\256w!\375\313\223"
 246      85578263 
 246      529A46EE 
 246      AE7721FD 
 246      CB93
 247 067d 4876784F 		.ascii	"HvxO\212\012/\261\225X\314\333\336\204p\244\212\"\327"
ARM GAS  C:\cygwin\tmp\ccVOLtux.s 			page 19


 247      8A0A2FB1 
 247      9558CCDB 
 247      DE8470A4 
 247      8A22D7
 248 0690 2B6E8D73 		.ascii	"+n\215s8\231!ig\343\273\265x/C\252\362\012\352\324t"
 248      38992169 
 248      67E3BBB5 
 248      782F43AA 
 248      F20AEAD4 
 249 06a5 137D40AB 		.ascii	"\023}@\253\254-\273/q\270\224\365e\264_q\307\315\254"
 249      AC2DBB2F 
 249      71B894F5 
 249      65B45F71 
 249      C7CDAC
 250 06b8 1D7F74E8 		.ascii	"\035\177t\350\202\012\237Q\331\354z-\333\365\305}\227"
 250      820A9F51 
 250      D9EC7A2D 
 250      DBF5C57D 
 250      97
 251 06c9 4F3AE35E 		.ascii	"O:\343^\225\315\256\324\262]\23154s]\215\007X_j\363"
 251      95CDAED4 
 251      B25D9935 
 251      34735D8D 
 251      07585F6A 
 252 06de 9E64268C 		.ascii	"\236d&\214\247xK\315\321\0165\036g\235\021\267\323\315"
 252      A7784BCD 
 252      D10E351E 
 252      679D11B7 
 252      D3CD
 253 06f0 08DF63C8 		.ascii	"\010\337c\310\215\230\252,%\236e\310\256\222\254\307"
 253      8D98AA2C 
 253      259E65C8 
 253      AE92ACC7 
 254 0700 4E788921 		.ascii	"Nx\211!)\011\003\265Z\274\305\211\"\003\307#.+q\002"
 254      290903B5 
 254      5ABCC589 
 254      2203C723 
 254      2E2B7102 
 255 0714 43C25BCB 		.ascii	"C\302[\313\272\231\344wi1y\"u\306\025\247\261\276\310"
 255      BA99E477 
 255      69317922 
 255      75C615A7 
 255      B1BEC8
 256 0727 C8963615 		.ascii	"\310\2266\025\316s\262\231\263\226\316\371\307\311\023"
 256      CE73B299 
 256      B396CEF9 
 256      C7C913
 257 0736 99A9189C 		.ascii	"\231\251\030\234H\353\355\343\341\341\003\025\244\217"
 257      48EBEDE3 
 257      E1E10315 
 257      A48F
 258 0744 071491DE 		.ascii	"\007\024\221\336Z\017\322\244\025\245\007\364\221\302"
 258      5A0FD2A4 
 258      15A507F4 
 258      91C2
 259 0752 92BC803F 		.ascii	"\222\274\200?\272`}\305l\301\310\342\346\303\212\235"
 259      BA607DC5 
ARM GAS  C:\cygwin\tmp\ccVOLtux.s 			page 20


 259      6CC1C8E2 
 259      E6C38A9D 
 260 0762 E624893F 		.ascii	"\346$\211?\217\263\255\354\246\2564N}\222B\013\205#"
 260      8FB3ADEC 
 260      A6AE344E 
 260      7D92420B 
 260      8523
 261 0774 9C161501 		.ascii	"\234\026\025\001}-'_\335Is\250\224F\201\2528\255\265"
 261      7D2D275F 
 261      DD4973A8 
 261      944681AA 
 261      38ADB5
 262 0787 F068A99E 		.ascii	"\360h\251\236\371vc9\337\032\216i\250~\214\230\002B"
 262      F9766339 
 262      DF1A8E69 
 262      A87E8C98 
 262      0242
 263 0799 7865F5D5 		.ascii	"xe\365\325\023k}5\225\3314\251m\347\241\0028\012D\331"
 263      136B7D35 
 263      95D934A9 
 263      6DE7A102 
 263      380A44D9 
 264 07ad E2C66AE1 		.ascii	"\342\306j\341<\230\367H\313\277\002\330\365\244\254"
 264      3C98F748 
 264      CBBF02D8 
 264      F5A4AC
 265 07bc 42FB0435 		.ascii	"B\373\0045\211\233\367\203\233_\004\367>\000pXpq\351"
 265      899BF783 
 265      9B5F04F7 
 265      3E007058 
 265      7071E9
 266 07cf A0       		.ascii	"\240"
 267 07d0 4250B388 		.ascii	"BP\263\210\014\252\007\302\323\302\240\036h7\300\200"
 267      0CAA07C2 
 267      D3C2A01E 
 267      6837C080 
 268 07e0 E3001D00 		.ascii	"\343\000\035\000\307\000N\001\234\0078\011p\016\240"
 268      C7004E01 
 268      9C073809 
 268      700EA0
 269 07ef 1AA01BA0 		.ascii	"\032\240\033\240\025\340\020@\027\300%\200J\200v\200"
 269      15E01040 
 269      17C02580 
 269      4A807680 
 270 07ff CB006704 		.ascii	"\313\000g\004\201\324\375\227L.\250\016\004\024\213"
 270      81D4FD97 
 270      4C2EA80E 
 270      04148B
 271 080e 29E2B465 		.ascii	")\342\264e\032\3046\225-\325O\277\225\316\233\217\""
 271      1AC43695 
 271      2DD54FBF 
 271      95CE9B8F 
 271      22
 272 081f 6AEB5264 		.ascii	"j\353Rd\2676\266\033\317|\255\200lQ\013\345\205gPN\332"
 272      B736B61B 
 272      CF7CAD80 
 272      6C510BE5 
ARM GAS  C:\cygwin\tmp\ccVOLtux.s 			page 21


 272      8567504E 
 273 0834 50B6C853 		.ascii	"P\266\310SRs_i\254\014\213\200\310\333I\324\024\255"
 273      52735F69 
 273      AC0C8B80 
 273      C8DB49D4 
 273      14AD
 274 0846 5D6B6B6D 		.ascii	"]kkm\273B\263\015\214uA0\\\037\264\033\305@B\342\332"
 274      BB42B30D 
 274      8C754130 
 274      5C1FB41B 
 274      C54042E2 
 275 085b E8F785B8 		.ascii	"\350\367\205\270\326\0144{\354\035\356\234\244\242f"
 275      D60C347B 
 275      EC1DEE9C 
 275      A4A266
 276 086a DCCD947B 		.ascii	"\334\315\224{\026\254%q.\224\3031\225\011\367^\340~"
 276      16AC2571 
 276      2E94C331 
 276      9509F75E 
 276      E07E
 277 087c 10CC7A42 		.ascii	"\020\314zB\022\252@\3479\301C\317\302\014\367\313{\250"
 277      12AA40E7 
 277      39C143CF 
 277      C20CF7CB 
 277      7BA8
 278 088e D5A369A4 		.ascii	"\325\243i\244\265hD\202U\272\274F\313\\\272\316\306"
 278      B5684482 
 278      55BABC46 
 278      CB5CBACE 
 278      C6
 279 089f A5893199 		.ascii	"\245\2111\231q\244\276dU\272\006\024}\206\322\274y;"
 279      71A4BE64 
 279      55BA0614 
 279      7D86D2BC 
 279      793B
 280 08b1 8DDFA4E6 		.ascii	"\215\337\244\346\036\262_f\373\303\325P\354I\266a\211"
 280      1EB25F66 
 280      FBC3D550 
 280      EC49B661 
 280      89
 281 08c2 CC0A59A7 		.ascii	"\314\012Y\247\220\234\304\356X\327\272Bv\255\313\244"
 281      909CC4EE 
 281      58D7BA42 
 281      76ADCBA4 
 282 08d2 7BAB527B 		.ascii	"{\253R{\212\354-\2620\031\342j_\220:%\230k\356\245\203"
 282      8AEC2DB2 
 282      3019E26A 
 282      5F903A25 
 282      986BEEA5 
 283 08e7 CC5C500B 		.ascii	"\314\\P\013\243\333\366\012\330\037\033\023\012-\012"
 283      A3DBF60A 
 283      D81F1B13 
 283      0A2D0A
 284 08f6 5CB7276D 		.ascii	"\\\267'm\267#\035\243I\006\242\003*\261_\204R\3166\313"
 284      B7231DA3 
 284      4906A203 
 284      2AB15F84 
ARM GAS  C:\cygwin\tmp\ccVOLtux.s 			page 22


 284      52CE36CB 
 285 090a 6C2B6436 		.ascii	"l+d6 \267\031M\362\026[v\032\264\206\203&X\201\377u"
 285      20B7194D 
 285      F2165B76 
 285      1AB48683 
 285      265881FF 
 286 091f 382811A4 		.ascii	"8(\021\244\374#\302\001\235\322c1q\226\333O\277\202"
 286      FC23C201 
 286      9DD26331 
 286      7196DB4F 
 286      BF82
 287 0931 93F5C14E 		.ascii	"\223\365\301N\033\037<+\206\325\241\306\302\263\256"
 287      1B1F3C2B 
 287      86D5A1C6 
 287      C2B3AE
 288 0940 7CDAEBB4 		.ascii	"|\332\353\264\324~$\027S\305\015`>\374*H%\361\324,\210"
 288      D47E2417 
 288      53C50D60 
 288      3EFC2A48 
 288      25F1D42C 
 289 0955 B5BA6DAE 		.ascii	"\265\272m\256\235\325\023%\2367,\277\232\322\235k\027"
 289      9DD51325 
 289      9E372CBF 
 289      9AD29D6B 
 289      17
 290 0966 173239EC 		.ascii	"\02729\354(.D\014u\010\012\223\232yINa\236\263(\\y\245"
 290      282E440C 
 290      75080A93 
 290      9A79494E 
 290      619EB328 
 291 097d 710C87D3 		.ascii	"q\014\207\323\270H\264.\024v\270Uk\333\322\010\242h"
 291      B848B42E 
 291      1476B855 
 291      6BDBD208 
 291      A268
 292 098f A90F8BA2 		.ascii	"\251\017\213\242\244<\332+\237\341$\301\221:!\361\253"
 292      A43CDA2B 
 292      9FE124C1 
 292      913A21F1 
 292      AB
 293 09a0 32792794 		.ascii	"2y'\224\234\366\027\3519\230\004m\333\022\206\226\177"
 293      9CF617E9 
 293      3998046D 
 293      DB128696 
 293      7F
 294 09b1 132A44D3 		.ascii	"\023*D\323\222L\327U\350\272 \333\005s\033\305\244\212"
 294      924CD755 
 294      E8BA20DB 
 294      05731BC5 
 294      A48A
 295 09c3 AE5DD60D 		.ascii	"\256]\326\015\371~\266i\366\220\363\267R\005\343>\247"
 295      F97EB669 
 295      F690F3B7 
 295      5205E33E 
 295      A7
 296 09d4 A40B21B9 		.ascii	"\244\013!\271\024\340\276\005\377\377E\311\210G\232"
 296      14E0BE05 
ARM GAS  C:\cygwin\tmp\ccVOLtux.s 			page 23


 296      FFFF45C9 
 296      88479A
 297 09e3 17BA5478 		.ascii	"\027\272Tx\212U\012\343\375\335\225N^\331\274\271r*"
 297      8A550AE3 
 297      FDDD954E 
 297      5ED9BCB9 
 297      722A
 298 09f5 F690F985 		.ascii	"\366\220\371\205L\262\201\371\247pd@d\024\272j\335\355"
 298      4CB281F9 
 298      A7706440 
 298      6414BA6A 
 298      DDED
 299 0a07 0AD2A6F2 		.ascii	"\012\322\246\362\3205\316\013FF\037\334~\324]\311\011"
 299      D035CE0B 
 299      46461FDC 
 299      7ED45DC9 
 299      09
 300 0a18 31EE2FF4 		.ascii	"1\356/\364v\265\273\364q\015v\254\307 \325c\200\023"
 300      76B5BBF4 
 300      710D76AC 
 300      C720D563 
 300      8013
 301 0a2a 14A9CA8B 		.ascii	"\024\251\312\213\350Ax\2573Ud$&\367\251\013U\304\334"
 301      E84178AF 
 301      33556424 
 301      26F7A90B 
 301      55C4DC
 302 0a3d 00A1896F 		.ascii	"\000\241\211o]Zz\237\014@C\022\025\206,*\\w\250\302"
 302      5D5A7A9F 
 302      0C404312 
 302      15862C2A 
 302      5C77A8C2 
 303 0a51 A5AE5A9D 		.ascii	"\245\256Z\235T\003\311\275\237\002\215P\005\206-\012"
 303      5403C9BD 
 303      9F028D50 
 303      05862D0A 
 304 0a61 D457F60C 		.ascii	"\324W\366\014\253p\025S #\252\341\232\006\024\030\342"
 304      AB701553 
 304      2023AAE1 
 304      9A061418 
 304      E2
 305 0a72 A7960E4D 		.ascii	"\247\226\016Mj\323\252\370\243\026K\30004*Qc\324\242"
 305      6AD3AAF8 
 305      A3164BC0 
 305      30342A51 
 305      63D4A2
 306 0a85 C60DAA46 		.ascii	"\306\015\252Frsn\204\013+\372\276Ik\321\375\321\367"
 306      72736E84 
 306      0B2BFABE 
 306      496BD1FD 
 306      D1F7
 307 0a97 D9957317 		.ascii	"\331\225s\027\275\333\214\351k0\340\021&\245\376\310"
 307      BDDB8CE9 
 307      6B30E011 
 307      26A5FEC8 
 308 0aa7 CC37F03D 		.ascii	"\3147\360=\326n\232\253+\324\321qC\254jk\036{\310.\007"
 308      D66E9AAB 
ARM GAS  C:\cygwin\tmp\ccVOLtux.s 			page 24


 308      2BD4D171 
 308      43AC6A6B 
 308      1E7BC82E 
 309 0abc 5FA2E5E2 		.ascii	"_\242\345\342\302\223Q\035\236g\264\215\005\365\305"
 309      C293511D 
 309      9E67B48D 
 309      05F5C5
 310 0acb 6E38C685 		.ascii	"n8\306\205\"\311\273oU\351\360N\206\304\026w\216h\361"
 310      22C9BB6F 
 310      55E9F04E 
 310      86C41677 
 310      8E68F1
 311 0ade 1E863456 		.ascii	"\036\2064V\325fq8\217!\267\302s\263t\270\230!'v\216"
 311      D5667138 
 311      8F21B7C2 
 311      73B374B8 
 311      98212776 
 312 0af3 7F8A0FB0 		.ascii	"\177\212\017\260v\367\360\245}n\270\221\".\307\316\237"
 312      76F7F0A5 
 312      7D6EB891 
 312      222EC7CE 
 312      9F
 313 0b04 BDA746AC 		.ascii	"\275\247F\254\366\243g\014\022\312GW\013\241\234\030"
 313      F6A3670C 
 313      12CA4757 
 313      0BA19C18 
 314 0b14 F63E4CFD 		.ascii	"\366>L\375\241\203\370,\015\211\267a\243M\300V@w\204"
 314      A183F82C 
 314      0D89B761 
 314      A34DC056 
 314      407784
 315 0b27 0164433F 		.ascii	"\001dC?\201\015\375\030B\332<\300#\200\031\2009\200"
 315      810DFD18 
 315      42DA3CC0 
 315      23801980 
 315      3980
 316 0b39 5949961B 		.ascii	"YI\226\033\272[\302\342\007\311sS\366\322\226\345\271"
 316      BA5BC2E2 
 316      07C97353 
 316      F6D296E5 
 316      B9
 317 0b4a 854E31DA 		.ascii	"\205N1\332L\333S\333\247\231\307%\2264\363@~\032\022"
 317      4CDB53DB 
 317      A799C725 
 317      9634F340 
 317      7E1A12
 318 0b5d C6932562 		.ascii	"\306\223%b\362\270'\257\206x\262\232\370\261\020\035"
 318      F2B827AF 
 318      8678B29A 
 318      F8B1101D 
 319 0b6d EF0A9432 		.ascii	"\357\012\2242q\206\006\203\333\333H0x(\263o\271\321"
 319      71860683 
 319      DBDB4830 
 319      7828B36F 
 319      B9D1
 320 0b7f B34D179D 		.ascii	"\263M\027\235\220\217\207\220f\213\334ZH\232]\000f\223"
 320      908F8790 
ARM GAS  C:\cygwin\tmp\ccVOLtux.s 			page 25


 320      668BDC5A 
 320      489A5D00 
 320      6693
 321 0b91 629A7D28 		.ascii	"b\232}(W\302Zm\375\024\354\373um\015K\1775\277\247^"
 321      57C25A6D 
 321      FD14ECFB 
 321      756D0D4B 
 321      7F35BFA7 
 322 0ba6 898F313F 		.ascii	"\211\2171?(\2369>\211q;C\312\253[\333]\361 C\216\237"
 322      289E393E 
 322      89713B43 
 322      CAAB5BDB 
 322      5DF12043 
 323 0bbc BF52E2C4 		.ascii	"\277R\342\304\256\347\331\271\246\0236\007u\315\027"
 323      AEE7D9B9 
 323      A6133607 
 323      75CD17
 324 0bcb E8ED7DDE 		.ascii	"\350\355}\336\310N5~$\270Yy\004\034\350b\324\354$\223"
 324      C84E357E 
 324      24B85979 
 324      041CE862 
 324      D4EC2493 
 325 0bdf 925AAFC6 		.ascii	"\222Z\257\306\273\0312Z\234\327\351\206s\030r6\333\\"
 325      BB19325A 
 325      9CD7E986 
 325      73187236 
 325      DB5C
 326 0bf1 E38E0B29 		.ascii	"\343\216\013)\302\335)O\256\265\034\343\207&>uA\261"
 326      C2DD294F 
 326      AEB51CE3 
 326      87263E75 
 326      41B1
 327 0c03 5883B6E0 		.ascii	"X\203\266\340\257\373\365a+\226\375\372\220\327\335"
 327      AFFBF561 
 327      2B96FDFA 
 327      90D7DD
 328 0c12 528BF001 		.ascii	"R\213\360\001&\357\350\271\206]\210\006\207?Xb\303\354"
 328      26EFE8B9 
 328      865D8806 
 328      873F5862 
 328      C3EC
 329 0c24 E113F79D 		.ascii	"\341\023\367\235\034\006\207\355\230\004\207mX\010\016"
 329      1C0687ED 
 329      9804876D 
 329      58080E
 330 0c33 4D03D39D 		.ascii	"M\003\323\235j|\2201+M\251ou\265\271\375\003j\311\330"
 330      6A7C9031 
 330      2B4DA96F 
 330      75B5B9FD 
 330      036AC9D8 
 331 0c47 042C7E4E 		.ascii	"\004,~N\340J\273\213R]\221\326\307\0219J\002\365\305"
 331      E04ABB8B 
 331      525D91D6 
 331      C711394A 
 331      02F5C5
 332 0c5a 11D40615 		.ascii	"\021\324\006\025\221pbD\211\3602^\264\002\320XC\374"
 332      91706244 
ARM GAS  C:\cygwin\tmp\ccVOLtux.s 			page 26


 332      89F0325E 
 332      B402D058 
 332      43FC
 333 0c6c DE999446 		.ascii	"\336\231\224FW|\214\251\263\177(g^\207;)\242i\271\033"
 333      577C8CA9 
 333      B37F2867 
 333      5E873B29 
 333      A269B91B 
 334 0c80 FE066227 		.ascii	"\376\006b':r\302\243\354\232\363\236\007v;\261\007\212"
 334      3A72C2A3 
 334      EC9AF39E 
 334      07763BB1 
 334      078A
 335 0c92 14D9EDC2 		.ascii	"\024\331\355\3022\216\024\216W\240\010\014J\245\200"
 335      328E148E 
 335      57A0080C 
 335      4AA580
 336 0ca1 5240411D 		.ascii	"R@A\035i\017\264S\2617\312\004\330\015\220\006\220\216"
 336      690FB453 
 336      B137CA04 
 336      D80D9006 
 336      908E
 337 0cb3 25B53414 		.ascii	"%\2654\024{\257\011\021\"\003t\216\006!d\354W\\\273"
 337      7BAF0911 
 337      2203748E 
 337      062164EC 
 337      575CBB
 338 0cc6 5B654509 		.ascii	"[eE\011\364_G\326P\221\260+\211\213\304\331\013\262"
 338      F45F47D6 
 338      5091B02B 
 338      898BC4D9 
 338      0BB2
 339 0cd8 FF6A504C 		.ascii	"\377jPL\267;\261\343\016yR\311v/\351\264\026V\311\366"
 339      B73BB1E3 
 339      0E7952C9 
 339      762FE9B4 
 339      1656C9F6 
 340 0cec C4921027 		.ascii	"\304\222\020']\306\235XZXe`kae\316\241\202\2111bd\215"
 340      5DC69D58 
 340      5A586560 
 340      6B6165CE 
 340      A1828931 
 341 0d03 21A90EB2 		.ascii	"!\251\016\262h@ \253\261,\221'\037m\257\347\360\005"
 341      684020AB 
 341      B12C9127 
 341      1F6DAFE7 
 341      F005
 342 0d15 BAB04EB3 		.ascii	"\272\260N\263s\007\323\335Ydf'\362~\211%\262@J\216\243"
 342      7307D3DD 
 342      59646627 
 342      F27E8925 
 342      B2404A8E 
 343 0d2a E9C956B7 		.ascii	"\351\311V\267\2740\202\030=\017\214\276\027\014m\006"
 343      BC308218 
 343      3D0F8CBE 
 343      170C6D06 
 344 0d3a C805C896 		.ascii	"\310\005\310\226\032\374\224`\027\313dr\034L\206\325"
ARM GAS  C:\cygwin\tmp\ccVOLtux.s 			page 27


 344      1AFC9460 
 344      17CB6472 
 344      1C4C86D5 
 345 0d4a 6776AB23 		.ascii	"gv\253#\243\223X'\266H8G\313r\026\303\346!j\245\034"
 345      A3935827 
 345      B6483847 
 345      CB7216C3 
 345      E6216AA5 
 346 0d5f 192B71B3 		.ascii	"\031+q\263\023\345eJ1l\346\353zI\330,\000fKb\330\314"
 346      13E5654A 
 346      316CE6EB 
 346      7A49D82C 
 346      00664B62 
 347 0d75 91F376AB 		.ascii	"\221\363v\2531\362\301\000_e\014r\27138>\255\304\003"
 347      31F2C100 
 347      5F650C72 
 347      B933383E 
 347      ADC403
 348 0d88 6CD7E52D 		.ascii	"l\327\345-\346T\270\340\033\014i\275\021}\321\015\317"
 348      E654B8E0 
 348      1B0C69BD 
 348      117DD10D 
 348      CF
 349 0d99 08B166F8 		.ascii	"\010\261f\370\36465\011\017\221_\365q`WC\351C5\216\322"
 349      F4363509 
 349      0F915FF5 
 349      71605743 
 349      E943358E 
 350 0dae D0CF32E7 		.ascii	"\320\3172\347\273\362{]`\201au\243\"aOM\275}\232\355"
 350      BBF27B5D 
 350      60816175 
 350      A322614F 
 350      4DBD7D9A 
 351 0dc3 A962121C 		.ascii	"\251b\022\034\300>\245\317\332SvUt\221@OfT\0063*\301"
 351      C03EA5CF 
 351      DA537655 
 351      7491404F 
 351      66540633 
 352 0dd9 922B85ED 		.ascii	"\222+\205\355\361\304\230\245r\306\354\035m(\345\220"
 352      F1C498A5 
 352      72C6EC1D 
 352      6D28E590 
 353 0de9 87FCB7A1 		.ascii	"\207\374\267\241\012`\344\210)X\276AG\317\205\345@Q"
 353      0A60E488 
 353      2958BE41 
 353      47CF85E5 
 353      4051
 354 0dfb 28C69952 		.ascii	"(\306\231R\213\345a\276KQ\247\273\020N\320\260,\322"
 354      8BE561BE 
 354      4B51A7BB 
 354      104ED0B0 
 354      2CD2
 355 0e0d 557AD919 		.ascii	"Uz\331\031'3\244\253\247+\025\341,\206\014\356\273\272"
 355      2733A4AB 
 355      A72B15E1 
 355      2C860CEE 
 355      BBBA
ARM GAS  C:\cygwin\tmp\ccVOLtux.s 			page 28


 356 0e1f A4C4E514 		.ascii	"\244\304\345\024\341\256\317\236\232\224\334\361\216"
 356      E1AECF9E 
 356      9A94DCF1 
 356      8E
 357 0e2c D03BDE5A 		.ascii	"\320;\336Z\360\257\352\257\235 j\344\023D\351\255\352"
 357      F0AFEAAF 
 357      9D206AE4 
 357      1344E9AD 
 357      EA
 358 0e3d 7E8CEB98 		.ascii	"~\214\353\230\365+*\372\376\352\350\243\030\010\020"
 358      F52B2AFA 
 358      FEEAE8A3 
 358      180810
 359 0e4c 66DD089C 		.ascii	"f\335\010\234\032\244\241o\241o\352\267\354\032\201"
 359      1AA4A16F 
 359      A16FEAB7 
 359      EC1A81
 360 0e5b A854072A 		.ascii	"\250T\007*\325?\303\213\347\336t!\375\313\315~\244\213"
 360      D53FC38B 
 360      E7DE7421 
 360      FDCBCD7E 
 360      A48B
 361 0e6d 7FA2127C 		.ascii	"\177\242\022|xh\301\011\241&\340R%\231 ~\326U\312A\320"
 361      7868C109 
 361      A126E052 
 361      2599207E 
 361      D655CA41 
 362 0e82 4A4E43F2 		.ascii	"JNC\362\311\372\354\266X\204\2572\273\346$T\315\263"
 362      C9FAECB6 
 362      5884AF32 
 362      BBE62454 
 362      CDB3
 363 0e94 523494A0 		.ascii	"R4\224\240\207\306\223\2324x\220\365\355\234j\350U\343"
 363      87C6939A 
 363      347890F5 
 363      ED9C6AE8 
 363      55E3
 364 0ea6 DB0CB97F 		.ascii	"\333\014\271\177&\353\270\016Okl\276Fy\263\257Q\363"
 364      26EBB80E 
 364      4F6B6CBE 
 364      4679B3AF 
 364      51F3
 365 0eb8 5B62A334 		.ascii	"[b\2434\024]\262\374\321u\352\210\336Q\240\265\\\177"
 365      145DB2FC 
 365      D175EA88 
 365      DE51A0B5 
 365      5C7F
 366 0eca 9B23F96F 		.ascii	"\233#\371o\204\037xIr\267q\034\364\362\026\326\340\010"
 366      841F7849 
 366      72B7711C 
 366      F4F216D6 
 366      E008
 367 0edc 44FEA3D8 		.ascii	"D\376\243\330\372\375\340.\375\221\3041\260_\2538co"
 367      FAFDE02E 
 367      FD91C431 
 367      B05FAB38 
 367      636F
ARM GAS  C:\cygwin\tmp\ccVOLtux.s 			page 29


 368 0eee F1FBC1B5 		.ascii	"\361\373\301\265\332\366\005\225c\316m\2168w\024d\323"
 368      DAF60595 
 368      63CE6D8E 
 368      38771464 
 368      D3
 369 0eff DF3E9C00 		.ascii	"\337>\234\000\316\207E\316 \310\312:}\272\377\3243\224"
 369      CE8745CE 
 369      20C8CA3A 
 369      7DBAFFD4 
 369      3394
 370 0f11 3EE58875 		.ascii	">\345\210ubI\341\237\310\215\327I`\335\"\262>!\262F"
 370      6249E19F 
 370      C88DD749 
 370      60DD22B2 
 370      3E21B246 
 371 0f25 FCC34B89 		.ascii	"\374\303K\211\356\264hju#\370\225\330\035\221:j\374"
 371      EEB4686A 
 371      7523F895 
 371      D81D913A 
 371      6AFC
 372 0f37 5E76617D 		.ascii	"^va}\340\360,\373\225\000u\306\376\205\213\203\356\032"
 372      E0F02CFB 
 372      950075C6 
 372      FE858B83 
 372      EE1A
 373 0f49 C9370AE8 		.ascii	"\3117\012\350\2208\340i\302\031\334\011ubJ~h\251b\332"
 373      9038E069 
 373      C219DC09 
 373      75624A7E 
 373      68A962DA 
 374 0f5d EDF92421 		.ascii	"\355\371$!\230y\245\351\250*\355\240c\007&\364g\360"
 374      9879A5E9 
 374      A82AEDA0 
 374      630726F4 
 374      67F0
 375 0f6f F3965184 		.ascii	"\363\226Q\204<:\356a\267\026/\262\005=pi\254\207\225"
 375      3C3AEE61 
 375      B7162FB2 
 375      053D7069 
 375      AC8795
 376 0f82 6F5F9292 		.ascii	"o_\222\222\177[f\346\234\022Y\356{-\227]\3574F\320\340"
 376      7F5B66E6 
 376      9C1259EE 
 376      7B2D975D 
 376      EF3446D0 
 377 0f97 432EB00E 		.ascii	"C.\260\016\300\014/\220]"
 377      C00C2F90 
 377      5D
 378 0fa0 6DB9E5B0 		.ascii	"m\271\345\260=\015\363\346\336\225\020\306I\241\272"
 378      3D0DF3E6 
 378      DE9510C6 
 378      49A1BA
 379 0faf C8314A6B 		.ascii	"\3101JkA*\223\372\323`k\336\204\376[\244\177\\\030@"
 379      412A93FA 
 379      D3606BDE 
 379      84FE5BA4 
 379      7F5C1840 
ARM GAS  C:\cygwin\tmp\ccVOLtux.s 			page 30


 380 0fc3 EF4BC0DA 		.ascii	"\357K\300\332\347!\342^\004\270\014\320\005p\011\240"
 380      E721E25E 
 380      04B80CD0 
 380      057009A0 
 381 0fd3 1B4B0E07 		.ascii	"\033K\016\007\361\367\224\255i\257\223\371\241\263\202"
 381      F1F794AD 
 381      69AF93F9 
 381      A1B382
 382 0fe2 5A9659A3 		.ascii	"Z\226Y\243s\330F\255\241\253e\277'\371\205\244\202}"
 382      73D846AD 
 382      A1AB65BF 
 382      27F985A4 
 382      827D
 383 0ff4 02AD35E4 		.ascii	"\002\2555\344/\273\337\230/#)\233"
 383      2FBBDF98 
 383      2F23299B 
 384 1000 ECBB6681 		.ascii	"\354\273f\201V\374&\216\355h\307(-\011t\225\366\264"
 384      56FC268E 
 384      ED68C728 
 384      2D097495 
 384      F6B4
 385 1012 B9F6A7FF 		.ascii	"\271\366\247\377\3234\330^\220\333\365c%g\012\221\230"
 385      D334D85E 
 385      90DBF563 
 385      25670A91 
 385      98
 386 1023 B9267507 		.ascii	"\271&u\007I\374\354\003vc\222{\265e\231\313\306\200"
 386      49FCEC03 
 386      7663927B 
 386      B56599CB 
 386      C680
 387 1035 BD60B4AF 		.ascii	"\275`\264\257k@X\373\351\314\353f\214\343]\331O\236"
 387      6B4058FB 
 387      E9CCEB66 
 387      8CE35DD9 
 387      4F9E
 388 1047 16736F6A 		.ascii	"\026soj_\311%\207\334\226\352\311\237\225F\360G\323"
 388      5FC92587 
 388      DC96EAC9 
 388      9F9546F0 
 388      47D3
 389 1059 40E3F7E1 		.ascii	"@\343\367\341\254M\224\350g\216m\225\245 o\010\037t"
 389      AC4D94E8 
 389      678E6D95 
 389      A5206F08 
 389      1F74
 390 106b 05BF02C3 		.ascii	"\005\277\002\303\0374$f\262\023k%ew\355\310\261~\366"
 390      1F342466 
 390      B2136B25 
 390      6577EDC8 
 390      B17EF6
 391 107e 41C293A0 		.ascii	"A\302\223\240\011\345\371\323\354\000\213\351G\224\334"
 391      09E5F9D3 
 391      EC008BE9 
 391      4794DC
 392 108d ABE08E0E 		.ascii	"\253\340\216\016\035|\320\342\340\003\314\301\273\247"
 392      1D7CD0E2 
ARM GAS  C:\cygwin\tmp\ccVOLtux.s 			page 31


 392      E003CCC1 
 392      BBA7
 393 109b 72AFE804 		.ascii	"r\257\350\004\0077\363^\210~\355\027\311\207\250\177"
 393      0737F35E 
 393      887EED17 
 393      C987A87F 
 394 10ab 0F5AFC3B 		.ascii	"\017Z\374;\256 \273P\205\223\330\264\342\232#\207\335"
 394      AE20BB50 
 394      8593D8B4 
 394      E29A2387 
 394      DD
 395 10bc 70364332 		.ascii	"p6C2\342\363\367\273\343}\2566\277\314\321\261_\346"
 395      E2F3F7BB 
 395      E37DAE36 
 395      BFCCD1B1 
 395      5FE6
 396 10ce 64F4DC98 		.ascii	"d\364\334\230\301TCz2O\355\310LT\341rF\232t=\271[\211"
 396      C154437A 
 396      324FEDC8 
 396      4C54E172 
 396      469A743D 
 397 10e5 EB5D6D42 		.ascii	"\353]mB\240\027\013\201\273'\346j\\(\272\264D\346\306"
 397      A0170B81 
 397      BB27E66A 
 397      5C28BAB4 
 397      44E6C6
 398 10f8 EDBDD675 		.ascii	"\355\275\326u]m\375\325\327\310e\372At\0026\344-16x"
 398      5D6DFDD5 
 398      D7C865FA 
 398      41740236 
 398      E42D3136 
 399 110d 49531494 		.ascii	"IS\024\224\006\252\"X\306Qp\335\033\304uo\303\322y\011"
 399      06AA2258 
 399      C65170DD 
 399      1BC4756F 
 399      C3D27909 
 400 1121 91660C5E 		.ascii	"\221f\014^\216S+p\325\303w\267i\254\237N\013\222i<\273"
 400      8E532B70 
 400      D5C377B7 
 400      69AC9F4E 
 400      0B92693C 
 401 1136 038C6F8A 		.ascii	"\003\214o\212\214'\36039O\312rFi\267v\266\352\360Q6"
 401      8C27F033 
 401      394FCA72 
 401      4669B776 
 401      B6EAF051 
 402 114b BFF8BC4B 		.ascii	"\277\370\274K\217\324\370\014C\322{\223 \037\3662d\213"
 402      8FD4F80C 
 402      43D27B93 
 402      201FF632 
 402      648B
 403 115d B973C60D 		.ascii	"\271s\306\015\2172\344H\372\336%\035~\340j\363\343%"
 403      8F32E448 
 403      FADE251D 
 403      7EE06AF3 
 403      E325
 404 116f 1DFBF152 		.ascii	"\035\373\361RrJw\243\012/\262\276[\251M?\301\261Z\341"
ARM GAS  C:\cygwin\tmp\ccVOLtux.s 			page 32


 404      724A77A3 
 404      0A2FB2BE 
 404      5BA94D3F 
 404      C1B15AE1 
 405 1183 7AA11536 		.ascii	"z\241\0256\311.\206\354\313\316\014\303yZ\233\357W:"
 405      C92E86EC 
 405      CBCE0CC3 
 405      795A9BEF 
 405      573A
 406 1195 F6FDAAF5 		.ascii	"\366\375\252\365|\373\003g\\\301\372\232\332*\212\324"
 406      7CFB0367 
 406      5CC1FA9A 
 406      DA2A8AD4 
 407 11a5 F8304352 		.ascii	"\3700CRc\366\326\251\360i\206\034\310/\276\243\303}"
 407      63F6D6A9 
 407      F069861C 
 407      C82FBEA3 
 407      C37D
 408 11b7 0CA9BBD3 		.ascii	"\014\251\273\323\274\213\3037\030\222~d\347.\214g(\362"
 408      BC8BC337 
 408      18927E64 
 408      E72E8C67 
 408      28F2
 409 11c9 42CF42CD 		.ascii	"B\317B\315\036\025\362\360\266\373\363\361\366\266n"
 409      1E15F2F0 
 409      B6FBF3F1 
 409      F6B66E
 410 11d8 23A3025D 		.ascii	"#\243\002]\005{\\\243\233{I\330BIJ\037\224\254\364F"
 410      057B5CA3 
 410      9B7B49D8 
 410      42494A1F 
 410      94ACF446 
 411 11ec 3CC00E80 		.ascii	"<\300\016\200\355\000[\001\"\001\302\001\"\000b\000"
 411      ED005B01 
 411      2201C201 
 411      22006200 
 412 11fc 1201B601 		.ascii	"\022\001\266\001\304\002D\001\304\003l\001\210\006H"
 412      C4024401 
 412      C4036C01 
 412      880648
 413 120b 0088534A 		.ascii	"\000\210SJ\212\204\255\017\033>\277\037\301o\177\221"
 413      8A84AD0F 
 413      1B3EBF1F 
 413      C16F7F91 
 414 121b FE526218 		.ascii	"\376Rb\030\226\216\210\023\356-\355\257\342\237\224"
 414      968E8813 
 414      EE2DEDAF 
 414      E29F94
 415 122a F31F8463 		.ascii	"\363\037\204cJy\337\226\222\325\317\243\330J\372T$}"
 415      4A79DF96 
 415      92D5CFA3 
 415      D84AFA54 
 415      247D
 416 123c 20473A2D 		.ascii	" G:-\222>\026I\247\344H_\263R\306\216\250 \276\022\302"
 416      923E1649 
 416      A7E4485F 
 416      B352C68E 
ARM GAS  C:\cygwin\tmp\ccVOLtux.s 			page 33


 416      A820BE12 
 417 1251 795B42FB 		.ascii	"y[B\373{\370x+\341S9B\211\360\005Q\370\214\234p\311"
 417      7BF8782B 
 417      E1533942 
 417      89F00551 
 417      F88C9C70 
 418 1266 ECB75B99 		.ascii	"\354\267[\231>\221c*\231\374\274\310\364\236\034SQ\321"
 418      3E91632A 
 418      99FCBCC8 
 418      F49E1C53 
 418      51D1
 419 1278 AD569EB3 		.ascii	"\255V\236\263r\204s\"\3174+\345\242\234\364'\242\236"
 419      72847322 
 419      CF342BE5 
 419      A29CF427 
 419      A29E
 420 128a 4BA2F447 		.ascii	"K\242\364GrL\255\367\320\021\346\271J\376\203\010Lw"
 420      724CADF7 
 420      D011E6B9 
 420      4AFE8308 
 420      4C77
 421 129c ED5D81D4 		.ascii	"\355]\201\324\2729\177hG\273\315\252\300c9\005\304U"
 421      BA397F68 
 421      47BBCDAA 
 421      C0633905 
 421      C455
 422 12ae 4AB0122E 		.ascii	"J\260\022.\310\021J,\272(j\372PNS\361\263\351\320$\224"
 422      C8114A2C 
 422      BA286AFA 
 422      504E53F1 
 422      B3E9D024 
 423 12c3 A74BCB12 		.ascii	"\247K\313\022\025=\253\335;\270\266U\3402\"\343\277"
 423      153DABDD 
 423      3BB8B655 
 423      E03222E3 
 423      BF
 424 12d4 4FC4DC78 		.ascii	"O\304\334x'\202\312\203\000\215\256\013\2242\3450\354"
 424      2782CA83 
 424      008DAE0B 
 424      9432E530 
 424      EC
 425 12e5 D71D39A5 		.ascii	"\327\0359\245\251Z\\\340F\253\307\332\007\205\251\032"
 425      A95A5CE0 
 425      46ABC7DA 
 425      0785A91A 
 426 12f5 EBB9C376 		.ascii	"\353\271\303vw\242T\330\224\377\250\015J'\236\356\347"
 426      77A254D8 
 426      94FFA80D 
 426      4A279EEE 
 426      E7
 427 1306 82762A3D 		.ascii	"\202v*=P\212\322\032U\227$\307\226\223\035\345MZ\017"
 427      508AD21A 
 427      559724C7 
 427      96931DE5 
 427      4D5A0F
 428 1319 4135B323 		.ascii	"A5\263#\325\024\377\257z\221\3377\354\315\030\207\210"
 428      D514FFAF 
ARM GAS  C:\cygwin\tmp\ccVOLtux.s 			page 34


 428      7A91DF37 
 428      ECCD1887 
 428      88
 429 132a E8C67E83 		.ascii	"\350\306~\203\022u\371o/7\270e\361.\264\357aM\365<z"
 429      1275F96F 
 429      2F37B865 
 429      F12EB4EF 
 429      614DF53C 
 430 133f B91DF034 		.ascii	"\271\035\3604/\232\014%\371\327\223\345\337\360\363"
 430      2F9A0C25 
 430      F9D793E5 
 430      DFF0F3
 431 134e D7E37534 		.ascii	"\327\343u4K\361\364\247\011\226\337>{jl~e\355\311~e"
 431      4BF1F4A7 
 431      0996DF3E 
 431      7B6A6C7E 
 431      65EDC97E 
 432 1363 6DF979AE 		.ascii	"m\371y\256'\373y\356l\364T\254\206\242Zi\342\364d\211"
 432      27FB79EE 
 432      6CF454AC 
 432      86A25A69 
 432      E2F46489 
 433 1377 D37201E8 		.ascii	"\323r\001\350\311.\000-\251\300\223\245\002\313\315"
 433      C92E002D 
 433      A9C093A5 
 433      02CBCD
 434 1386 B527BBB9 		.ascii	"\265'\273\271\316\314\351\271\353F\321o\02341e\241\232"
 434      CECCE9B9 
 434      EB46D16F 
 434      13343165 
 434      A19A
 435 1398 A3E87708 		.ascii	"\243\350w\010Z9\032\337\312\255\251\341\267\232\273"
 435      5A391ADF 
 435      CAADA9E1 
 435      B79ABB
 436 13a7 E03C0C6B 		.ascii	"\340<\014k@\214\230\256|\231\032\222\374V\212\0303C"
 436      408C98AE 
 436      7C991A92 
 436      FC568A18 
 436      3343
 437 13b9 B9821A34 		.ascii	"\271\202\0324\023\236\304\250{\340\031)<\211q\263\340"
 437      139EC4A8 
 437      7BE01929 
 437      3C8971B3 
 437      E0
 438 13ca 490C9C0D 		.ascii	"I\014\234\015Ob\344\034x\022C\233\341I\214\235\013O"
 438      4F62E41C 
 438      7812439B 
 438      E1498C9D 
 438      0B4F
 439 13dc 62F0BDF0 		.ascii	"b\360\275\360\214\022\370\022\303\347\001N\214\237\017"
 439      8C12F812 
 439      C3E7014E 
 439      8C9F0F
 440 13eb 4FB20005 		.ascii	"O\262\000\005\360L\020\372\343\330\223\350\330\223\222"
 440      F04C10FA 
 440      E3D893E8 
ARM GAS  C:\cygwin\tmp\ccVOLtux.s 			page 35


 440      D89392
 441 13fa 7ADB15EA 		.ascii	"z\333\025\352\244J\363T\354\241\031m)\251\214y~\361"
 441      A44AF354 
 441      ECA1196D 
 441      29A98C79 
 441      7EF1
 442 140c FD254C35 		.ascii	"\375%L5\336\315\274F\222M\310\2334\345\313\012\264O"
 442      DECDBC46 
 442      924DC89B 
 442      34E5CB0A 
 442      B44F
 443 141e B946810A 		.ascii	"\271F\201\012\225\244Z\212\333v`\311\331q\375S\244\024"
 443      95A45A8A 
 443      DB7660C9 
 443      D971FD53 
 443      A414
 444 1430 EA9F57A9 		.ascii	"\352\237W\251\310\354\261]\031j\373\362\307\0226\024"
 444      C8ECB15D 
 444      196AFBF2 
 444      C7123614 
 445 1440 A858F9BC 		.ascii	"\250X\371\274e\014E\310\212\345\015M Z\3148\323|\034"
 445      650C45C8 
 445      8AE50D4D 
 445      205ACC38 
 445      D37C1C
 446 1453 DDD0C08E 		.ascii	"\335\320\300\216\033Nty\363\247v\2719\226^j\221^\242"
 446      1B4E7479 
 446      F3A776B9 
 446      39965E6A 
 446      915EA2
 447 1466 A4E2EF44 		.ascii	"\244\342\357DN\2249\211\307\013&\036\002%\332\257\244"
 447      4E943989 
 447      C70B261E 
 447      0225DAAF 
 447      A4
 448 1477 E1858A2F 		.ascii	"\341\205\212/e\342\313\250\370\222\372\342\0117\233"
 448      65E2CBA8 
 448      F892FAE2 
 448      09379B
 449 1486 3BD13E9B 		.ascii	";\321>\233\333\261r%\275\364 O\222\337\237\014_T:\274"
 449      DBB17225 
 449      BDF4204F 
 449      92DF9F0C 
 449      5F543ABC 
 450 149a 7BAD504A 		.ascii	"{\255PJ\277P\035\311(\334\255\306\347\3306(\272\272"
 450      BF501DC9 
 450      28DCADC6 
 450      E7D83628 
 450      BABA
 451 14ac 740D7B65 		.ascii	"t\015{e\363\255\225\225\215\263\243\344\213]\004\277"
 451      F3AD9595 
 451      8DB3A3E4 
 451      8B5D04BF 
 452 14bc 0827D05F 		.ascii	"\010'\320_\220A\250R)~\226\2016\335H\350\200\322\213"
 452      9041A852 
 452      297E9681 
 452      36DD48E8 
ARM GAS  C:\cygwin\tmp\ccVOLtux.s 			page 36


 452      80D28B
 453 14cf DC3E5FBC 		.ascii	"\334>_\274\317k\360<\343\262\357N\363\230\232q\311\270"
 453      CF6BF03C 
 453      E3B2EF4E 
 453      F3989A71 
 453      C9B8
 454 14e1 D382EDB8 		.ascii	"\323\202\355\270TI\270TY\270TS.[\313*\233\325\364\032"
 454      5449B854 
 454      59B85453 
 454      2E5BCB2A 
 454      9BD5F41A 
 455 14f5 99FCA09E 		.ascii	"\231\374\240\236\335#_\251^\274\353\356p.\265t.5Ja2"
 455      DD235FA9 
 455      5EBCEBEE 
 455      702EB574 
 455      2E354A61 
 456 150a 8B4389BC 		.ascii	"\213C\211\274\032G\352\250\032\271\343}\211\032\274"
 456      1A47EAA8 
 456      1AB9E37D 
 456      891ABC
 457 1519 8321774E 		.ascii	"\203!wN.V\253\2005\252\247\"\341MdJ\353\014\242ZN\035"
 457      2E56AB80 
 457      35AAA722 
 457      E14D644A 
 457      EB0CA25A 
 458 152f 9E377FB4 		.ascii	"\2367\177\264\243\"\206\247_\302PNk\222\2220Fu\026M"
 458      A32286A7 
 458      5FC2504E 
 458      6B929230 
 458      4675164D 
 459 1543 51030820 		.ascii	"Q\003\010 (S\266\221*[\327\277#]\213O3\366\213u\273"
 459      2853B691 
 459      2A5BD7BF 
 459      235D8B4F 
 459      33F68B75 
 460 1558 1E738C59 		.ascii	"\036s\214Y\343l\315\017J\255\237\366\302\243\020\235"
 460      E36CCD0F 
 460      4AAD9FF6 
 460      C2A3109D 
 461 1568 F541C9AC 		.ascii	"\365A\311\254\017Z\0305QF\331]\327\306\225\270W`\024"
 461      0F5A1835 
 461      5146D95D 
 461      D7C695B8 
 461      576014
 462 157b D935A812 		.ascii	"\3315\250\022lWv\323\336v\315\022.\315\026.\207(\227"
 462      6C5776D3 
 462      DE76CD12 
 462      2ECD162E 
 462      872897
 463 158e CAF2B65A 		.ascii	"\312\362\266Zl\343!\0136\037\246[\004\017i\241\0362"
 463      6CE3210B 
 463      361FA65B 
 463      040F69A1 
 463      1E32
 464 15a0 D09E724D 		.ascii	"\320\236rMcCM\276\273\211\324\207\005\352\303\224\272"
 464      63434DBE 
 464      BB89D487 
ARM GAS  C:\cygwin\tmp\ccVOLtux.s 			page 37


 464      05EAC394 
 464      BA
 465 15b1 7728A283 		.ascii	"w(\242\203\375@\336\235F\302\336\210\034'\307\336~\304"
 465      FD40DE9D 
 465      46C2DE88 
 465      1C27C7DE 
 465      7EC4
 466 15c3 E2EDADCC 		.ascii	"\342\355\255\314\333\217U_\270\353b\357\355\226\223"
 466      DB8F555F 
 466      B8EB62EF 
 466      ED9693
 467 15d2 A2021DA5 		.ascii	"\242\002\035\245\336N\007\021\352\355=\007#\225R\352"
 467      DE4E0711 
 467      EAED3D07 
 467      239552EA 
 468 15e2 B16751DF 		.ascii	"\261gQ\337HN\205\202k\224\331\356\304\203\216Ag|\207"
 468      484E8582 
 468      6B94D9EE 
 468      C4838E41 
 468      677C87
 469 15f5 214303B3 		.ascii	"!C\003\263Q\344\364\325E\242J\221g*\037\261\035j\305"
 469      51E4F4D5 
 469      45A24A91 
 469      672A1FB1 
 469      1D6AC5
 470 1608 A5F75F46 		.ascii	"\245\367_F\307\224\317\243\343`\310\353\234\227\204"
 470      C794CFA3 
 470      E360C8EB 
 470      9C9784
 471 1617 F109624E 		.ascii	"\361\011bN\264\017\201\213\264)_Q\270\2306\030\015\276"
 471      B40F818B 
 471      B4295F51 
 471      B8983618 
 471      0DBE
 472 1629 FE7A93D3 		.ascii	"\376z\223\323/\177\377g\257\017\025j\277\015z\366\312"
 472      2F7FFF67 
 472      AF0F156A 
 472      BF0D7AF6 
 472      CA
 473 163a 29541F6C 		.ascii	")T\037l\370\322\004\217P\243\341\013gS\2501 Dor\331"
 473      F8D2048F 
 473      50A3E10B 
 473      6753A831 
 473      20446F72 
 474 164f 18106C7A 		.ascii	"\030\020lz\353M\275I\243\327[\232\177\361\373\247\265"
 474      EB4DBD49 
 474      A3D75B9A 
 474      7FF1FBA7 
 474      B5
 475 1660 A1C690F5 		.ascii	"\241\306\220\365F\337 \257u\001\201\206\260\265\353"
 475      46DF20AF 
 475      75018186 
 475      B0B5EB
 476 166f FDFC56FA 		.ascii	"\375\374V\372\032\203V\006\207\004\033V\032|?\013X\371"
 476      1A835606 
 476      87041B56 
 476      1A7C3F0B 
ARM GAS  C:\cygwin\tmp\ccVOLtux.s 			page 38


 476      58F9
 477 1681 B6FEBD95 		.ascii	"\266\376\275\225o\276\376\306\333km^\257\015\010\366"
 477      6FBEFEC6 
 477      DB6B6D5E 
 477      AF0D08F6 
 478 1691 0BDCE86F 		.ascii	"\013\334\350oX\033\344\353\267! \330\260V\357oX\347"
 478      581BE4EB 
 478      B72120D8 
 478      B056EF6F 
 478      58E7
 479 16a3 BB31D0A4 		.ascii	"\2731\320\2447m\0165\204\255\332\240\370\355\377\235"
 479      376D0E35 
 479      84ADDAA0 
 479      F8EDFF9D 
 480 16b3 7798C91F 		.ascii	"w\230\311\037\024\005^o\257Z\265\232\375\013\011[m4"
 480      14055E6F 
 480      AF5AB59A 
 480      FD0B095B 
 480      6D34
 481 16c5 AD0E0D31 		.ascii	"\255\016\0151\232\302V\377\374\343\337}\370\273/W\373"
 481      9AC256FF 
 481      FCE3DF7D 
 481      F8BB2F57 
 481      FB
 482 16d6 85048502 		.ascii	"\205\004\205\002\177c\330\352_~\370\341j\277\015\026"
 482      7F63D8EA 
 482      5F7EF8E1 
 482      6ABF0D16 
 483 16e6 05E8FC03 		.ascii	"\005\350\374\003B\234\375B\202M`\016W2H\017\374\374"
 483      429CFD42 
 483      824D600E 
 483      5732480F 
 483      FCFC
 484 16f8 4C5FBA18 		.ascii	"L_\272\030\015\353A\244\336\364\375g2\336\340\027b4"
 484      0DEB41A4 
 484      DEF4FD67 
 484      32DEE017 
 484      6234
 485 170a 0027CEF8 		.ascii	"\000'\316\3706g\374\011g\\\303\031\337\341\214\357r"
 485      3667FC09 
 485      675CC319 
 485      DFE18CEF 
 485      72
 486 171b C6F7B0F1 		.ascii	"\306\367\260\361\215\327\001\336\340\002\215\257~5\013"
 486      8DD701DE 
 486      E0028DAF 
 486      7E350B
 487 172a FD17EF04 		.ascii	"\375\027\357\004\001\033\030\360\226*T\017\362\235\311"
 487      011B18F0 
 487      962A540F 
 487      F29DC9
 488 1739 0A6D3218 		.ascii	"\012m2\030\341\031\022\350o0*\3756\370\032\311\262\371"
 488      E11912E8 
 488      6F302AFD 
 488      36F81AC9 
 488      B2F9
 489 174b 06195C4C 		.ascii	"\006\031\\La&_\223Aor&\253\364\256\336\244f\353\005"
ARM GAS  C:\cygwin\tmp\ccVOLtux.s 			page 39


 489      61265F93 
 489      416F7226 
 489      ABF4AEDE 
 489      A466EB05 
 490 175f 2D20A77D 		.ascii	"- \247}\316\246\240\020\177\003\305\327\005\372\256"
 490      CEA6A010 
 490      7F03C5D7 
 490      05FAAE
 491 176e 0F733619 		.ascii	"\017s6\031\015\353\302\364d\305IC\025\024\266\036:\205"
 491      0DEBC2F4 
 491      64C54943 
 491      1514B61E 
 491      3A85
 492 1780 3586E142 		.ascii	"5\206\341B\313\311\350\277\031\272\\\014_\006\230\374"
 492      CBC9E8BF 
 492      19BA5C0C 
 492      5F0698FC 
 493 1790 8081D326 		.ascii	"\200\201\323&S\310g\377\031\352j\370\302\020l\012\362"
 493      53C867FF 
 493      19EA6AF8 
 493      C2106C0A 
 493      F2
 494 17a1 0DFB1C48 		.ascii	"\015\373\034H\014\233H\303\313nN\302\202\300t\302\374"
 494      0C9B48C3 
 494      CB6E4EC2 
 494      82C074C2 
 494      FC
 495 17b2 36F893A9 		.ascii	"6\370\223\251\204\3527\352\230\267\205\351\003\003\302"
 495      84EA37EA 
 495      98B785E9 
 495      0303C2
 496 17c1 60D9DDAD 		.ascii	"`\331\335\255\376\307\336\250C\365\233|\003L\001"
 496      FEC7DEA8 
 496      43F59B7C 
 496      034C01
 497 17d0 C1EBDD2D 		.ascii	"\301\353\335-\257\377\266\321\260\021\324~NBI_iB\365"
 497      AFFFB6D1 
 497      B011D47E 
 497      4E42495F 
 497      6942F5
 498 17e3 A0176DAA 		.ascii	"\240\027m\252h\023^\030B\015\301\260\372\353UA\033a"
 498      68135E18 
 498      420DC1B0 
 498      FAEB5541 
 498      1B61
 499 17f5 F59C8318 		.ascii	"\365\234\203\030%<C6\005\203\341\350[\3207\210\272:"
 499      253C4336 
 499      0583E1E8 
 499      5BD03788 
 499      BA3A
 500 1807 C80A327D 		.ascii	"\310\0122}I\244j\210\011|\003\351\302\303\313\320\220"
 500      49A46A88 
 500      097C03E9 
 500      C2C3CBD0 
 500      90
 501 1818 90C0971D 		.ascii	"\220\300\227\035N\006\306\300\\\276\347x\262\233\303"
 501      4E06C6C0 
ARM GAS  C:\cygwin\tmp\ccVOLtux.s 			page 40


 501      5CBEE778 
 501      B29BC3
 502 1827 2CCE043A 		.ascii	",\316\004:\177lX\377Q\2001\314\364)U\335\336DaF?\030"
 502      7F6C58FF 
 502      518031CC 
 502      F42955DD 
 502      DE446146 
 503 183d 017E054A 		.ascii	"\001~\005J\0307\257\362S\270\323\021\277\007\355\330"
 503      1837AFF2 
 503      53B8D311 
 503      BF07EDD8 
 504 184d 00ADDF86 		.ascii	"\000\255\337\206O7\370\177l\0104\370\206\031^q(\323"
 504      4F37F87F 
 504      6C0834F8 
 504      86195E71 
 504      28D3
 505 185f 7F333841 		.ascii	"\17738A\200\037\210t\0053\021\015\014\340\247jk[Kxm"
 505      801F8874 
 505      0533110D 
 505      0CE0A76A 
 505      6B5B4B78 
 506 1874 166CEE06 		.ascii	"\026l\356\006\257E\334\331\310\214\344d\244\216\257"
 506      AF45DCD9 
 506      C88CE464 
 506      A48EAF
 507 1883 32525733 		.ascii	"2RW3\012\256fd\256\246\206\267\033\215FXq\225\221\014"
 507      0AAE6664 
 507      AEA686B7 
 507      1B8D4658 
 507      7195910C 
 508 1897 FAE61701 		.ascii	"\372\346\027\001F\323F\337@\275) \010\366\220\300\330"
 508      46D346DF 
 508      40BD2920 
 508      08F690C0 
 508      D8
 509 18a8 1318CB74 		.ascii	"\023\030\313t\270\333\274c+i\363\312\371\013\023]\020"
 509      B8DBBC63 
 509      2B69F3CA 
 509      F90B135D 
 509      10
 510 18b9 F224C147 		.ascii	"\362$\301GM\224\206\016\010?\360\306\337\020h\362\205"
 510      4D94860E 
 510      083FF0C6 
 510      DF1068F2 
 510      85
 511 18ca C6BA8DC1 		.ascii	"\306\272\215\301~zJCZN\204\326\327\350\012\217@\337"
 511      7E7A4A43 
 511      5A4E84D6 
 511      D7E80A8F 
 511      40DF
 512 18dc 30132187 		.ascii	"0\023!\207WD\234N\230\276\277\341\263\215\353\231\207"
 512      57449C4E 
 512      98BEBFE1 
 512      B38DEB99 
 512      87
 513 18ed 49DFA843 		.ascii	"I\337\250C}\203\003\374\210\277`\377\317\326k\202|\301"
 513      7D8303FC 
ARM GAS  C:\cygwin\tmp\ccVOLtux.s 			page 41


 513      88BF60FF 
 513      CFD66B82 
 513      7CC1
 514 18ff CFA9A99F 		.ascii	"\317\251\251\2373\005\351\375|\003\003>3\372\232\002"
 514      3305E9FD 
 514      7C03033E 
 514      33FA9A02 
 515 190f 42824194 		.ascii	"B\202A\224\321\344\027\014\323r\012Y\267.\314`\372\216"
 515      D1E4170C 
 515      D3720A59 
 515      B72ECC60 
 515      FA8E
 516 1921 43EB9BC8 		.ascii	"C\353\233\310>\345LA\2320\323\347\300`}\260\0207\327"
 516      3EE54C41 
 516      9A30D3E7 
 516      C0607DB0 
 516      1037D7
 517 1934 BC6D8D9B 		.ascii	"\274m\215\233\244\251\013\360\0174\010>\014^\316\371"
 517      A4A90BF0 
 517      0F34083E 
 517      0C5ECEF9 
 518 1944 6D202B11 		.ascii	"m +\021\340\017V\015X\027\000f\000\354\357\006c\010"
 518      E00F560D 
 518      58170066 
 518      00ECEF06 
 518      6308
 519 1956 798605FC 		.ascii	"y\206\005\374\335@y\274\261\306\312\2036\211\355\300"
 519      DD4079BC 
 519      B1C6CA83 
 519      3689EDC0 
 520 1966 B0A02069 		.ascii	"\260\240 i\206\232\214\204\222,:\261\000i\273\211\373"
 520      869A8C84 
 520      922C3AB1 
 520      0069BB89 
 520      FB
 521 1977 84F6ACD3 		.ascii	"\204\366\254\323\203\372ti5B\033\326W+4\351\"[\020\272"
 521      83FA7469 
 521      35421BD6 
 521      572B34E9 
 521      225B10BA 
 522 198b D2960124 		.ascii	"\322\226\001$\250\270\013m\230V`@P\200Ik\305!\234X\020"
 522      A8B80B6D 
 522      98566040 
 522      5080496B 
 522      C5219C58 
 523 19a0 1A4B2CA3 		.ascii	"\032K,\243H \321YE\032\014A\241&K\027\321\317\361\246"
 523      4820D159 
 523      451A0C41 
 523      A1264B17 
 523      D1CFF1A6 
 524 19b4 B16E810D 		.ascii	"\261n\201\015$%\011K\347\002S\241\315\347V\031C\374"
 524      2425094B 
 524      E70253A1 
 524      CDE75619 
 524      43FC
 525 19c6 7D4DBEAB 		.ascii	"}M\276\253,/Td\331\010\345'\233\303\376=\304\357s\307"
 525      2C2F5464 
ARM GAS  C:\cygwin\tmp\ccVOLtux.s 			page 42


 525      D908E527 
 525      9BC3FE3D 
 525      C4EF73C7 
 526 19da BB15969E 		.ascii	"\273\025\226\236\360\244a<\020(\335\364zXK\375/~\376"
 526      F0A4613C 
 526      1028DDF4 
 526      7A584BFD 
 526      2F7EFE
 527 19ed C9BFFDF1 		.ascii	"\311\277\375\361\343_\273\371\006n\362\335\034\006\261"
 527      E35FBBF9 
 527      066EF2DD 
 527      1C06B1
 528 19fc 2E10D2D1 		.ascii	".\020\322\321kR.\340\217\253?\374\335'\277\376DdF\202"
 528      6B522EE0 
 528      8FAB3FFC 
 528      DD27BFFE 
 528      44644682 
 529 1a10 B25FD047 		.ascii	"\262_\320G\340}l\243\201\360?\007\023\246,Kl\244m\027"
 529      E07D6CA3 
 529      81F03F07 
 529      13A62C4B 
 529      6CA46D17 
 530 1a24 3DF54FBD 		.ascii	"=\365O\275\336\315\322X\265\346\315\367\336\371\037"
 530      DECDD258 
 530      B5E6CDF7 
 530      DEF91F
 531 1a33 96CD2CCF 		.ascii	"\226\315,\317"
 532              		.text
 533              		.section	.gnu.lto_.symtab.9c5ad3e,"",%progbits
 534 0000 63685265 		.ascii	"chRegFirstThread\000\000\000\000\000\000\000\000\000"
 534      67466972 
 534      73745468 
 534      72656164 
 534      00000000 
 535 0019 0000005D 		.ascii	"\000\000\000]\001\000\000chRegNextThread\000\000\000"
 535      01000063 
 535      68526567 
 535      4E657874 
 535      54687265 
 536 0032 00000000 		.ascii	"\000\000\000\000\000\000\000\000\000a\001\000\000ch"
 536      00000000 
 536      00610100 
 536      006368
 537 0041 5F646562 		.ascii	"_debug\000\000\000\000\000\000\000\000\000\000\000\000"
 537      75670000 
 537      00000000 
 537      00000000 
 537      0000
 538 0053 27020000 		.ascii	"'\002\000\000ch\000\000\002\000\000\000\000\000\000"
 538      63680000 
 538      02000000 
 538      000000
 539 0062 000000DB 		.ascii	"\000\000\000\333\001\000\000chThdRelease\000\000\002"
 539      01000063 
 539      68546864 
 539      52656C65 
 539      61736500 
ARM GAS  C:\cygwin\tmp\ccVOLtux.s 			page 43


 540 0078 00000000 		.ascii	"\000\000\000\000\000\000\000\000\000e\001\000\000"
 540      00000000 
 540      00650100 
 540      00
 541              		.text
 542              		.section	.gnu.lto_.opts,"",%progbits
 543 0000 272D666E 		.ascii	"'-fno-trapv' '-mcpu=cortex-m4' '-mno-thumb-interwor"
 543      6F2D7472 
 543      61707627 
 543      20272D6D 
 543      6370753D 
 544 0033 6B272027 		.ascii	"k' '-mthumb' '-ggdb' '-O2' '-fomit-frame-pointer' '"
 544      2D6D7468 
 544      756D6227 
 544      20272D67 
 544      67646227 
 545 0066 2D66616C 		.ascii	"-falign-functions=16' '-ffunction-sections' '-fdata"
 545      69676E2D 
 545      66756E63 
 545      74696F6E 
 545      733D3136 
 546 0099 2D736563 		.ascii	"-sections' '-fno-common' '-flto'\000"
 546      74696F6E 
 546      73272027 
 546      2D666E6F 
 546      2D636F6D 
 547              		.text
 548              		.comm	__gnu_lto_v1,1,1
 549              		.comm	__gnu_lto_slim,1,1
 550              		.ident	"GCC: (GNU Tools for ARM Embedded Processors) 4.9.3 20141119 (release) [ARM/embedded-4_9-br
ARM GAS  C:\cygwin\tmp\ccVOLtux.s 			page 44


DEFINED SYMBOLS
                            *ABS*:00000000 chregistry.c
                            *COM*:00000001 __gnu_lto_v1
                            *COM*:00000001 __gnu_lto_slim

NO UNDEFINED SYMBOLS
