ARM GAS  C:\cygwin\tmp\ccvPGD1Q.s 			page 1


   1              		.syntax unified
   2              		.cpu cortex-m4
   3              		.fpu softvfp
   4              		.eabi_attribute 20, 1
   5              		.eabi_attribute 21, 1
   6              		.eabi_attribute 23, 3
   7              		.eabi_attribute 24, 1
   8              		.eabi_attribute 25, 1
   9              		.eabi_attribute 26, 1
  10              		.eabi_attribute 30, 2
  11              		.eabi_attribute 34, 1
  12              		.eabi_attribute 18, 4
  13              		.thumb
  14              		.file	"hal.c"
  15              		.text
  16              	.Ltext0:
  17              		.section	.gnu.lto_.profile.9c5da16,"",%progbits
  18 0000 789C6366 		.ascii	"x\234cf```a\200\000F\006Sv\000\000\345\000E"
  18      60606061 
  18      80004606 
  18      53760000 
  18      E50045
  19              		.text
  20              		.section	.gnu.lto_.jmpfuncs.9c5da16,"",%progbits
  21 0000 789C6366 		.ascii	"x\234cf\300\016\324\2404#\224b\372\310\3048\255\377"
  21      C00ED4A0 
  21      34239462 
  21      FAC8C438 
  21      ADFF
  22 0012 CA0EE6DA 		.ascii	"\312\016\346\332\337\0153\0328~21\374e\002\211/g\254"
  22      DF0D331A 
  22      387E3231 
  22      FC650289 
  22      2F67AC
  23 0025 055200C1 		.ascii	"\005R\000\301\206\012\016"
  23      860A0E
  24              		.text
  25              		.section	.gnu.lto_.inline.9c5da16,"",%progbits
  26 0000 789C6366 		.ascii	"x\234cf\300\016\364\2404#\003\003\247)#\003\023\220"
  26      C00EF4A0 
  26      34230303 
  26      A7292303 
  26      1390
  27 0012 C9B6409E 		.ascii	"\311\266@\236\011,\304\205B0q\203T\201\231\014\0003"
  27      092CC485 
  27      42307183 
  27      5481990C 
  27      0033
  28 0024 A00175   		.ascii	"\240\001u"
  29              		.text
  30              		.section	.gnu.lto_.pureconst.9c5da16,"",%progbits
  31 0000 789C6366 		.ascii	"x\234cf```f\200\000F\006\011\000\000x\000 "
  31      60606066 
  31      80004606 
  31      09000078 
  31      0020
  32              		.text
ARM GAS  C:\cygwin\tmp\ccvPGD1Q.s 			page 2


  33              		.section	.gnu.lto_halInit.9c5da16,"",%progbits
  34 0000 789C7590 		.ascii	"x\234u\220\317K\002A\024\307\337\367\255\256K^\242S"
  34      CF4B0241 
  34      14C7DFF7 
  34      ADAE4B5E 
  34      A253
  35 0012 48776FFA 		.ascii	"Hwo\372\177t\352_\010/\035\202 \317\213\263\350\241"
  35      7F74EA5F 
  35      082F1D82 
  35      20CF8BB3 
  35      E8A1
  36 0024 532E24B2 		.ascii	"S.$\262P\331!\"\315\322~\\<\316\311c\022\006]\244.\033"
  36      50D92122 
  36      CDD27E5C 
  36      3CCEC963 
  36      12065DA4 
  37 003a D42DF1B4 		.ascii	"\324-\361\264\204\330\2335\"(\207\031\336\314|?|\337"
  37      84D89B35 
  37      22288719 
  37      DECC7C3F 
  37      7CDF
  38 004c 77C6A2BF 		.ascii	"w\306\242\277##\253\005\2425\251\260\010\354\337\023"
  38      2323AB05 
  38      A235A9B0 
  38      08ECDF13 
  39 005c 790E0366 		.ascii	"y\016\003fC\240\022\243\204w\0363|\335\016\322\3313"
  39      43A012A3 
  39      84771E33 
  39      7CDD0ED2 
  39      D933
  40 006e A5D4C7ED 		.ascii	"\245\324\307\355\300\333\320\210\230h\302s\037\234#"
  40      C0DBD088 
  40      9868C273 
  40      1F9C23
  41 007d 4B028D2B 		.ascii	"K\002\215+\323\247\264]\021hy\256\241\011[\374\251\273"
  41      D3A7B45D 
  41      116879AE 
  41      A1095BFC 
  41      A9BB
  42 008f A2D56C76 		.ascii	"\242\325lvZ?\032&RD\241H\246\301+\263\251\326\010e}"
  42      5A3F1A26 
  42      5244A148 
  42      A6C12BB3 
  42      A9D60865 
  43 00a4 D087818D 		.ascii	"\320\207\201\215Kc\270\337a\367S\355)'bLX\014\320\202"
  43      4B63B8DF 
  43      61F753ED 
  43      2927624C 
  43      580CD082 
  44 00b8 4B91E023 		.ascii	"K\221\340#Tt`\377KZ\023\321\011\027B\212T\257>\366,"
  44      547460FF 
  44      4B5A13D1 
  44      0917428A 
  44      54AF3EF6 
  45 00cd 91022325 		.ascii	"\221\002#%\246&\214\334\276\204\203\007\347\215\345"
  45      A6268CDC 
  45      BE848307 
ARM GAS  C:\cygwin\tmp\ccvPGD1Q.s 			page 3


  45      E78DE5
  46 00dc 263EB6AA 		.ascii	"&>\266\252\265\036\216q\350\371\206J\242\015\027\227"
  46      B51E8E71 
  46      E8F9864A 
  46      A20D1797 
  47 00ec C8C4DA49 		.ascii	"\310\304\332I\330\014\322b\260*0\256\204\212\233\242"
  47      D80CD262 
  47      B02A30AE 
  47      848A9BA2 
  48 00fc 0337629B 		.ascii	"\0037b\233L\344ZjQbKrt\177\022\227\265\277\264\210\224"
  48      4CE45A6A 
  48      51624B72 
  48      747F1297 
  48      B5BFB488 
  49 0111 1CB8FE45 		.ascii	"\034\270\376E6\026\222I!o\276\311gx\372n=&\311|'\314"
  49      36169249 
  49      216FBEC9 
  49      6778FA6E 
  49      3D26C97C 
  50 0127 37CA1333 		.ascii	"7\312\0233\271\\~>w\212\371\255\315\355|q\267`j\256"
  50      B95C7E3E 
  50      778AF9AD 
  50      CDED7C71 
  50      B7606AAE 
  51 013b 405FBF3F 		.ascii	"@_\277?\235\240"
  51      9DA0
  52              		.text
  53              		.section	.gnu.lto_.symbol_nodes.9c5da16,"",%progbits
  54 0000 789C4DC8 		.ascii	"x\234M\310\273\015\302@\024D\321\373\346y\221C:\236"
  54      BB0DC240 
  54      1444D1FB 
  54      E6799143 
  54      3A9E
  55 0012 054C6EB9 		.ascii	"\005Ln\271\000\344\300\2458\246\006\220\250\203\237"
  55      00E4C0A5 
  55      38A60690 
  55      A8839F
  56 0021 21D8498E 		.ascii	"!\330I\216\356$0\361\237^a\030\257`s\231{\312Q\354M"
  56      EE2430F1 
  56      9F5E6118 
  56      AF607399 
  56      7BCA51EC 
  57 0036 9CE5F8FD 		.ascii	"\234\345\370\375\324\332\023\203\254\266Or\266}\220"
  57      D4DA1383 
  57      ACB64F72 
  57      B67D90
  58 0045 BBB6AB5C 		.ascii	"\273\266\253\\\232Nv,\267g$\205u\263\343\261\231\014"
  58      9A4E762C 
  58      B7672485 
  58      75B3E3B1 
  58      990C
  59 0057 F7AF62F9 		.ascii	"\367\257b\371\310\033\353/'d"
  59      C81BEB2F 
  59      2764
  60              		.text
  61              		.section	.gnu.lto_.refs.9c5da16,"",%progbits
  62 0000 789C6366 		.ascii	"x\234cf```c\200\000F\006&F&\006\000\000\261\000\020"
ARM GAS  C:\cygwin\tmp\ccvPGD1Q.s 			page 4


  62      60606063 
  62      80004606 
  62      26462606 
  62      0000B100 
  63              		.text
  64              		.section	.gnu.lto_.decls.9c5da16,"",%progbits
  65 0000 789CA555 		.ascii	"x\234\245UmLSW\030\276\247\247\264\264\"\030I\324\020"
  65      6D4C5357 
  65      18BEA7A7 
  65      B4B42218 
  65      49D410
  66 0013 375133B6 		.ascii	"7Q3\266,B\005\371\261\355\317t\210\316\214)\331f\366"
  66      2C4205F9 
  66      B1EDCF74 
  66      88CE8C29 
  66      D966F6
  67 0026 4392AED2 		.ascii	"C\222\256\322\002M\200vmY\\\262\037W\361\007 \316\""
  67      024D8076 
  67      6D595CB2 
  67      1F57F107 
  67      20CE22
  68 0039 D389BA51 		.ascii	"\323\211\272Q\024\005\021\005\225\251|\010\350\024\361"
  68      14051105 
  68      95A97C08 
  68      E814F1
  69 0048 83A95311 		.ascii	"\203\251S\021'BA\201\002\002\345+B\206\262\367\234\323"
  69      27424181 
  69      0202E52B 
  69      4286B2F7 
  69      9CD3
  70 005a CF3BC8B6 		.ascii	"\317;\310\266\354\246\357=\367=\347y\237\363\274\357"
  70      ECA6EF3D 
  70      F73DE779 
  70      9FF3BCEF 
  71 006a 796F2FE6 		.ascii	"yo/\3468\3560\3304\\Gd\034\367\265\210\343\340\307\305"
  71      38EE30D8 
  71      345C4764 
  71      1CF7B588 
  71      E3E0C7C5 
  72 007e 8221B04E 		.ascii	"\202!\260N\216]\022\260.\260\036\260^\260~\260!\260"
  72      8E5D12B0 
  72      2EB01EB0 
  72      5EB07EB0 
  72      21B0
  73 0090 61076E94 		.ascii	"a\007n\224\363\276\010V\352\340\031\003{\0066\356\340"
  73      F3BE0856 
  73      EAE01903 
  73      7B0636EE 
  73      E0
  74 00a1 EB001B10 		.ascii	"\353\000\033\020\360\016;\370\372\035\374=\263\360\016"
  74      F00E3BF8 
  74      FA1DFC3D 
  74      B3F00E
  75 00b0 8B50CD50 		.ascii	"\213P\315P\366=_\233\010\371\313\353\345\304/\274e\316"
  75      F63D5F9B 
  75      08F9CBEB 
  75      E5C42FBC 
ARM GAS  C:\cygwin\tmp\ccvPGD1Q.s 			page 5


  75      65CE
  76 00c2 43E0FBC9 		.ascii	"C\340\373\311\213\021\361\217\036\350x _Q\302\363|\006"
  76      8B11F18F 
  76      1EE87820 
  76      5F51C2F3 
  76      7C06
  77 00d4 5F3FCF1D 		.ascii	"_?\317\035W=q\276\310\237\306Y)\356l\215m<\200\306-"
  77      573D71BE 
  77      C89FC659 
  77      29EE6C8D 
  77      6D3C80C6 
  78 00e9 266E7B6D 		.ascii	"&n{mu\267\004\313\350R\345\351\261\2469\024\032L\334"
  78      75B704CB 
  78      E852E5E9 
  78      B1A63914 
  78      1A4CDC
  79 00fc AABD8D07 		.ascii	"\252\275\215\007$\024)&n]\355D\203\034/\246\310\354"
  79      24142926 
  79      6E5DED44 
  79      831C2FA6 
  79      C8EC
  80 010e 0CEB0D39 		.ascii	"\014\353\0159~\213>o?^\235-\005\330R9\335\257\375\320"
  80      7E8B3E6F 
  80      3F5E9D2D 
  80      05D85239 
  80      DDAFFDD0 
  81 0122 64A18CBA 		.ascii	"d\241\214\272\244\270\0010%j\354\346\217\372\243\020"
  81      A4B80130 
  81      256AECE6 
  81      8FFAA310 
  82 0132 792188B3 		.ascii	"y!\210\263\333\3666,\346y1\252@rT\2160:\201V\220\244"
  82      DBF6362C 
  82      E67931AA 
  82      4072548E 
  82      303A8156 
  83 0148 4934B932 		.ascii	"I4\2712x~\007oN\347e\215\376\034:\205\202\320i\024\304"
  83      787E076F 
  83      4EE7658D 
  83      FE1C3A85 
  83      82D06914 
  84 015d A1732804 		.ascii	"\241s(\004\020\024\213\316\300\344Y\230\004\342kS\265"
  84      10148BCE 
  84      C0E45998 
  84      04E26B53 
  84      B5
  85 016e 3B7D903C 		.ascii	";}\220<d\346\240\3633\004Q\011\207\217\375\270\200H"
  85      64E6A0F3 
  85      33045109 
  85      878FFDB8 
  85      8048
  86 0180 F8052494 		.ascii	"\370\005$\224\271%\200\"W\325\246n\036\254\364\303-"
  86      B9258022 
  86      57D5A66E 
  86      1EACF4C3 
  86      2D
  87 0191 8866986F 		.ascii	"\210f\230o><\356\203\333\230st\354\356\260/\356bN\341"
  87      3E3CEE83 
ARM GAS  C:\cygwin\tmp\ccvPGD1Q.s 			page 6


  87      DB987374 
  87      ECEEB02F 
  87      EE624EE1 
  88 01a5 BEFDA53E 		.ascii	"\276\375\245>\264D\276\304=RV\371%\036`K\025\226\322"
  88      B444BEC4 
  88      3D5256F9 
  88      251E604B 
  88      1596D2
  89 01b8 EB188F32 		.ascii	"\353\030\2172\347V\347\304\250\037\305\315#\356\225"
  89      E756E7C4 
  89      A81FC5CD 
  89      23EE95
  90 01c7 8193BBFC 		.ascii	"\201\223\273\374\361K\266V|lw\017\306S\314\311{y\273"
  90      F14BB656 
  90      7C6C770F 
  90      C653CCC9 
  90      7B79BB
  91 01da 819DCE22 		.ascii	"\201\235\316\"pe\231\227wv\373\241e\354\012\014\261"
  91      70659997 
  91      7776FBA1 
  91      65EC0A0C 
  91      B1
  92 01eb 409EF6CC 		.ascii	"@\236\366\314\023\3176\344\246\363\205\213\250\376\213"
  92      13CF36E4 
  92      A6F3858B 
  92      A8FE8B
  93 01fa A0BF1105 		.ascii	"\240\277\021\005\272\263~'\210\2435\200<\010\334r\250"
  93      BAB37E27 
  93      88A33580 
  93      3C08DC72 
  93      A8
  94 020b 48D2B892 		.ascii	"H\322\270\222Bk\204\320K\004\205\336uAw\271\240\027"
  94      426B84D0 
  94      4B0485DE 
  94      754177B9 
  94      A017
  95 021d 66647523 		.ascii	"fdu#\363\\\310j!\262\012\011\004\374\344\302\326\316"
  95      F35CC86A 
  95      21B20A09 
  95      04FCE4C2 
  95      D6CE
  96 022f 2CC003BB 		.ascii	",\300\003\273\307\205\255\234\231\327-!\337\005\255"
  96      C785AD9C 
  96      99D72D21 
  96      DF05AD
  97 023e 1342EBDD 		.ascii	"\023B\353\335\320\0348o\336\314\363\253M\034*\201\365"
  97      D01C386F 
  97      DECCF3AB 
  97      4D1C2A81 
  97      F5
  98 024f 937489A0 		.ascii	"\223t\211\240\341\320\321\015\350\220_\3212t\031\254"
  98      E1D0D10D 
  98      E8905FD1 
  98      327419AC 
  99 025f 01EC2AD8 		.ascii	"\001\354*\330\025\260k`\327\3212\332\014\244c\254\231"
  99      15B06B60 
  99      D7D132DA 
ARM GAS  C:\cygwin\tmp\ccvPGD1Q.s 			page 7


  99      0CA463AC 
  99      99
 100 0270 45121E91 		.ascii	"E\022\036\2210\316\321,\256\367K\224\335\264?{.\012"
 100      30CED12C 
 100      AEF74B94 
 100      DDB43F7B 
 100      2E0A
 101 0282 0C996927 		.ascii	"\014\231i't\0136\370\317\233\025'\372\242\233\020T\352"
 101      740B36F8 
 101      CF9B1527 
 101      FAA29B10 
 101      54EA
 102 0294 6E4DB2B3 		.ascii	"nM\262\263\2635\037\276jz\023\237\023\321v\261\2762"
 102      B3351FBE 
 102      6A7A139F 
 102      13D176B1 
 102      BE32
 103 02a6 57F8E02A 		.ascii	"W\370\340*\346\374p3\347+|\231=o\257?u_J\373\350=\342"
 103      E6FC7033 
 103      E72B7C99 
 103      3D6FAF3F 
 103      755F4AFB 
 104 02bd 96969AF7 		.ascii	"\226\226\232\367Kq#[\353\251}\301\213\350Z,q{\353zk"
 104      4B71235B 
 104      EBA97DC1 
 104      8BE85A2C 
 104      717BEB7A 
 105 02d2 E6E03B6C 		.ascii	"\346\340;l-\377\373\263\223\354\235\327\023\367`K\206"
 105      2DFFFBB3 
 105      93EC9DD7 
 105      13F7604B 
 105      86
 106 02e3 3F6E664B 		.ascii	"?nfK\025u\347FX\017g\020\337wpw\366E\011\012d\275\351"
 106      1575E746 
 106      580F6710 
 106      DF777077 
 106      F645090A 
 107 02fa 957E11A4 		.ascii	"\225~\021\244_L\013\335\354\310\375)\344\376\010\362"
 107      5F4C0BDD 
 107      ECC8FD29 
 107      E4FE08F2 
 108 030a 7C02D602 		.ascii	"|\002\326\002\326\012\366\007\330cG\336\026\222wM\321"
 108      D60AF607 
 108      D86347DE 
 108      1692774D 
 108      D1
 109 031b 461E8E94 		.ascii	"F\036\216\224\244~\033R'\261\256Bz\365\037o\271\375"
 109      A47E1B52 
 109      27B1AE42 
 109      7AF51F6F 
 109      B9FD
 110 032d B603F89B 		.ascii	"\266\003\370\233\020x\007y#'\234\310\007B\344C\357\346"
 110      10780779 
 110      23279CC8 
 110      0742E443 
 110      EFE6
 111 033f E32DAD4E 		.ascii	"\343-\255N\350\357B\350}\001i\243\023\331$D\326\013"
ARM GAS  C:\cygwin\tmp\ccvPGD1Q.s 			page 8


 111      E8EF42E8 
 111      7D0169A3 
 111      13D92444 
 111      D60B
 112 0351 495B9CD0 		.ascii	"I[\234\320\273B\350=\017(=\367J\332d\31534\031*\030"
 112      BB42E83D 
 112      0F283DF7 
 112      4ADA64CD 
 112      3334192A 
 113 0366 2BBD20C5 		.ascii	"+\275 \305O\351A\210Fm\345\3312\024\022H\203^C\263X"
 113      4FE94188 
 113      466DE5D9 
 113      32141248 
 113      835E43B3 
 114 037b 81B6CDDD 		.ascii	"\201\266\315\335,\315\316f\231\351LP;\034\305\277=\026"
 114      2CCDCE66 
 114      99E94C50 
 114      3B1CC5BF 
 114      3D16
 115 038d F2D97961 		.ascii	"\362\331yak\363\013t0Yfc\342\376\211\346ZV\353\023\211"
 115      6BF30B74 
 115      30596663 
 115      E2FE89E6 
 115      5A56EB13 
 116 03a2 5F96FB7F 		.ascii	"_\226\373\177\032ux\274\261\034\352D~\004IF\362\315"
 116      1A7578BC 
 116      B11CEA44 
 116      7E044946 
 116      F2CD
 117 03b4 FAB3F381 		.ascii	"\372\263\363\201x\341>\272i:?O\214b\027x`\237\241\205"
 117      78E13EBA 
 117      693A3F4F 
 117      8C621778 
 117      609FA185 
 118 03c8 70DF2266 		.ascii	"p\337\"f\314\235\365E=\001\270\207\365\350\351\234\274"
 118      CC9DF545 
 118      3D01B887 
 118      F5E8E99C 
 118      BC
 119 03d9 2269F0CF 		.ascii	"\"i\360\317\274\245\334\336\336\3773\316\343-;\370\327"
 119      BCA5DCDE 
 119      DEFF33CE 
 119      E32D3BF8 
 119      D7
 120 03ea D3D38806 		.ascii	"\323\323\210\006\241\347\256\032q\344\231jC](\030\002"
 120      A1E7AE1A 
 120      71E4996A 
 120      435D2818 
 120      02
 121 03fb 2D17768E 		.ascii	"-\027v\216\210q\026foUw\315\004\006\026+o?qjpuN\272"
 121      88711666 
 121      6F5577CD 
 121      0406162B 
 121      6F3F716A 
 122 0413 B990B74E 		.ascii	"\271\220\267NO/a,\335\036,\335N\226\036\312R\222\277"
 122      4F2F612C 
 122      DD1E2CDD 
ARM GAS  C:\cygwin\tmp\ccvPGD1Q.s 			page 9


 122      4E961ECA 
 122      5292BF
 123 0426 E7A11497 		.ascii	"\347\241\024\2271\226\222\334\256\3219\224\245|r\340"
 123      319692DC 
 123      AED13994 
 123      A57C72E0 
 124 0436 F8823CBE 		.ascii	"\370\202<\276\300S\213\315\203\305\346d\351\245,5\315"
 124      C0538BCD 
 124      83C5E664 
 124      E9A52C35 
 124      CD
 125 0447 195629EE 		.ascii	"\031V)\356c,\243\373\036O\312\030Ko\331y\221\200\245"
 125      632CA3FB 
 125      1E4FCA18 
 125      4B6FD979 
 125      9180A5
 126 045a CF83A5CF 		.ascii	"\317\203\245\317\311\322OY\216\277\274\232&\026\261"
 126      C9D24F59 
 126      8EBFBC9A 
 126      2616B1
 127 0469 92926291 		.ascii	"\222\222b\221\317S\325\324\021\337Y\313:@\313\372\002"
 127      CF53D5D4 
 127      11DF59CB 
 127      3A40CBFA 
 127      02
 128 047a 39EB5AFC 		.ascii	"9\353Z\374\250Z\212s\305T\305\025\336fv\250\310\354"
 128      A85A8A73 
 128      C554C515 
 128      DE6676A8 
 128      C8EC
 129 048c 1DC21E2A 		.ascii	"\035\302\036* \012\015z\250\030t\252\030\242*\366\230"
 129      200A0D7A 
 129      A81874AA 
 129      18A22AF6 
 129      98
 130 049d 07E05B52 		.ascii	"\007\340[R\300XZ/u\214\0040\226\2663\326\357\366z\327"
 130      C0585A2F 
 130      758C0430 
 130      96B633D6 
 130      EFF67AD7 
 131 04b1 D5EEC162 		.ascii	"\325\356\301bw\262\014S\226G=\317\3631ng,\227\352\206"
 131      77B20C53 
 131      96473DCF 
 131      F3316E67 
 131      2C97EA86 
 132 04c5 A29717F0 		.ascii	"\242\227\027\360v\336\236yc0*\227\007\022\336>\375\341"
 132      76DE9E79 
 132      63302A97 
 132      0712DE3E 
 132      FDE1
 133 04d7 12DA5123 		.ascii	"\022\332Q#\214\304\343/h\204Q\241Q\264\034\202\333\016"
 133      8CC4E32F 
 133      688451A1 
 133      51B41C82 
 133      DB0E
 134 04e9 D46789BD 		.ascii	"\324g\211\275\372\220l\355.\302\230\243\017\307h\037"
 134      FA906CED 
ARM GAS  C:\cygwin\tmp\ccvPGD1Q.s 			page 10


 134      2EC298A3 
 134      0FC7681F 
 135 04f9 F65D2D14 		.ascii	"\366]-\024\240\007\274\320\343\0164\031%\3537n\016\216"
 135      A007BCD0 
 135      E30E3419 
 135      25EB376E 
 135      0E8E
 136 050b E2E61B4D 		.ascii	"\342\346\033M)\253\"\224\211z\255Ni\324\230\322\364"
 136      29AB2294 
 136      897AAD4E 
 136      69D498D2 
 136      F4
 137 051c 4A936F9A 		.ascii	"J\223o\2326\325\004s&\271R\351|\334\022\377A\234\336"
 137      36D50473 
 137      26B952E9 
 137      7CDC12FF 
 137      419CDE
 138 052f A04B34A8 		.ascii	"\240K4\250R\202\023\264\311\032c\\b||\250\312\220\022"
 138      528213B4 
 138      C91A635C 
 138      627C7CA8 
 138      CA9012
 139 0542 9AAA4BD5 		.ascii	"\232\252K\325\204jT[\265\241\221\312\367C#V\206G\306"
 139      846A545B 
 139      B5A191CA 
 139      F7432356 
 139      8647C6
 140 0555 794DC769 		.ascii	"yM\307iS\343\223\323\324\232\270\024U|\2226U\023\247"
 140      53E393D3 
 140      D49AB814 
 140      557C9236 
 140      5513A7
 141 0568 546B1254 		.ascii	"Tk\022Ti\311&\245\351[\275\306\030\226\304}\362\377"
 141      69C926A5 
 141      E95BBDC6 
 141      1896C47D 
 141      F2FF
 142 057a B98D2635 		.ascii	"\271\215&5\010\005.\237\024\235Zc\220\350\010\267A\252"
 142      08052E9F 
 142      149D5A63 
 142      90E808B7 
 142      41AA
 143 058c 33EA351A 		.ascii	"3\3525\032\265\301G\237\246W\033\260Nm\020\253\022\014"
 143      B5C1479F 
 143      A6571BB0 
 143      4E6D10AB 
 143      120C
 144 059e C9E49614 		.ascii	"\311\344\226\024\036\026\246`?\235Q\221\244JV\350u\006"
 144      1E16A660 
 144      3F9D5191 
 144      A44A56E8 
 144      7506
 145 05b0 9351F1F9 		.ascii	"\223Q\361\371\027\237\256\212P\304\304\254U\254\217"
 145      179FAE8A 
 145      50C4C4AC 
 145      55AC8F
 146 05bf DDB0E99B 		.ascii	"\335\260\351\233\010\205^\225\254LNV\003\265$v\315Z"
ARM GAS  C:\cygwin\tmp\ccvPGD1Q.s 			page 11


 146      08855E95 
 146      AC4C4E56 
 146      03B52476 
 146      CD5A
 147 05d1 95492589 		.ascii	"\225I%\211\375\210\015QlX\313\206h6|L\006Y\354\232\230"
 147      FD880D51 
 147      6C58CB86 
 147      68367C4C 
 147      0659EC9A 
 148 05e6 285D6A82 		.ascii	"(]j\2026Q\012\314\033R\265\246 \341nFC<\031\303\342"
 148      36510ACC 
 148      1B52B5A6 
 148      20E16E46 
 148      433C19C3 
 149 05fb 3989D144 		.ascii	"9\211\321D\020o\010\021\216\324\024F\222\226l\253Ne"
 149      106F0811 
 149      8ED41446 
 149      92966CAB 
 149      4E65
 150 060d 5013DC4A 		.ascii	"P\023\334J!\216\256\020\341\312\215\233\243b\2427)\327"
 150      218EAE10 
 150      E1CA8D9B 
 150      A362A237 
 150      29D7
 151 061f 4586877F 		.ascii	"E\206\207\177\026\315\346\211l#\215[:+\277\306\240\005"
 151      16CDE689 
 151      6C238D5B 
 151      3A2BBFC6 
 151      A005
 152 0631 2149DC5C 		.ascii	"!I\334\\\245#W\245\026\360~I\036\316\3376\365,\026\275"
 152      A52357A5 
 152      16F07E49 
 152      1ECEDF36 
 152      F52C16BD 
 153 0645 AF8BDCB6 		.ascii	"\257\213\334\266M\221\344\252\325|B\345<\347xZ\212\277"
 153      4D91E4AA 
 153      D57C42E5 
 153      3CE7785A 
 153      8ABF
 154 0657 00435FBE 		.ascii	"\000C_\276|"
 154      7C
 155              		.text
 156              		.section	.gnu.lto_.symtab.9c5da16,"",%progbits
 157 0000 68616C49 		.ascii	"halInit\000\000\000\000\000\000\000\000\000\000\000"
 157      6E697400 
 157      00000000 
 157      00000000 
 157      0000
 158 0012 00E50000 		.ascii	"\000\345\000\000\000pal_default_config\000\000\002\000"
 158      0070616C 
 158      5F646566 
 158      61756C74 
 158      5F636F6E 
 159 002d 00000000 		.ascii	"\000\000\000\000\000\000\000\000\363\000\000\000stI"
 159      00000000 
 159      F3000000 
 159      737449
ARM GAS  C:\cygwin\tmp\ccvPGD1Q.s 			page 12


 160 003c 6E697400 		.ascii	"nit\000\000\002\000\000\000\000\000\000\000\000\000"
 160      00020000 
 160      00000000 
 160      000000
 161 004b E7000000 		.ascii	"\347\000\000\000boardInit\000\000\002\000\000\000\000"
 161      626F6172 
 161      64496E69 
 161      74000002 
 161      00000000 
 162 005f 00000000 		.ascii	"\000\000\000\000\000\351\000\000\000sdInit\000\000\002"
 162      00E90000 
 162      00736449 
 162      6E697400 
 162      0002
 163 0071 00000000 		.ascii	"\000\000\000\000\000\000\000\000\000\353\000\000\000"
 163      00000000 
 163      00EB0000 
 163      00
 164 007e 5F70616C 		.ascii	"_pal_lld_init\000\000\002\000\000\000\000\000\000\000"
 164      5F6C6C64 
 164      5F696E69 
 164      74000002 
 164      00000000 
 165 0095 0000EF00 		.ascii	"\000\000\357\000\000\000hal_lld_init\000\000\002\000"
 165      00006861 
 165      6C5F6C6C 
 165      645F696E 
 165      69740000 
 166 00ab 00000000 		.ascii	"\000\000\000\000\000\000\000\000\361\000\000\000"
 166      00000000 
 166      F1000000 
 167              		.text
 168              		.section	.gnu.lto_.opts,"",%progbits
 169 0000 272D666E 		.ascii	"'-fno-trapv' '-mcpu=cortex-m4' '-mno-thumb-interwor"
 169      6F2D7472 
 169      61707627 
 169      20272D6D 
 169      6370753D 
 170 0033 6B272027 		.ascii	"k' '-mthumb' '-ggdb' '-O2' '-fomit-frame-pointer' '"
 170      2D6D7468 
 170      756D6227 
 170      20272D67 
 170      67646227 
 171 0066 2D66616C 		.ascii	"-falign-functions=16' '-ffunction-sections' '-fdata"
 171      69676E2D 
 171      66756E63 
 171      74696F6E 
 171      733D3136 
 172 0099 2D736563 		.ascii	"-sections' '-fno-common' '-flto'\000"
 172      74696F6E 
 172      73272027 
 172      2D666E6F 
 172      2D636F6D 
 173              		.text
 174              		.comm	__gnu_lto_v1,1,1
 175              		.comm	__gnu_lto_slim,1,1
 176              		.ident	"GCC: (GNU Tools for ARM Embedded Processors) 4.9.3 20141119 (release) [ARM/embedded-4_9-br
ARM GAS  C:\cygwin\tmp\ccvPGD1Q.s 			page 13


ARM GAS  C:\cygwin\tmp\ccvPGD1Q.s 			page 14


DEFINED SYMBOLS
                            *ABS*:00000000 hal.c
                            *COM*:00000001 __gnu_lto_v1
                            *COM*:00000001 __gnu_lto_slim

NO UNDEFINED SYMBOLS
