ARM GAS  C:\cygwin\tmp\ccMGClgc.s 			page 1


   1              		.syntax unified
   2              		.cpu cortex-m4
   3              		.fpu softvfp
   4              		.eabi_attribute 20, 1
   5              		.eabi_attribute 21, 1
   6              		.eabi_attribute 23, 3
   7              		.eabi_attribute 24, 1
   8              		.eabi_attribute 25, 1
   9              		.eabi_attribute 26, 1
  10              		.eabi_attribute 30, 2
  11              		.eabi_attribute 34, 1
  12              		.eabi_attribute 18, 4
  13              		.thumb
  14              		.file	"hal_lld.c"
  15              		.text
  16              	.Ltext0:
  17              		.section	.gnu.lto_.profile.9c5d27f,"",%progbits
  18 0000 789C6366 		.ascii	"x\234cf```a\200\000F\206\2100\000\001z\000\267"
  18      60606061 
  18      80004686 
  18      88300001 
  18      7A00B7
  19              		.text
  20              		.section	.gnu.lto_.jmpfuncs.9c5d27f,"",%progbits
  21 0000 789C6366 		.ascii	"x\234cf\300\0168\2404\023\0203\0021\000\0014\000\017"
  21      C00E38A0 
  21      34131033 
  21      02310001 
  21      34000F
  22              		.text
  23              		.section	.gnu.lto_.inline.9c5d27f,"",%progbits
  24 0000 789C6366 		.ascii	"x\234cf\300\016\264\2414\023\003\203\274\034#\003\223"
  24      C00EB4A1 
  24      34130383 
  24      BC1C2303 
  24      93
  25 0011 C582F5CC 		.ascii	"\305\202\365\314\014l\013\344\231@\202\214\014\326k"
  25      0C6C0BE4 
  25      9940828C 
  25      0CD66B
  26 0020 99808205 		.ascii	"\231\200\202\005\027v\251\300\005\031\000\221\033\006"
  26      1776A9C0 
  26      05190091 
  26      1B06
  27 002e 95       		.ascii	"\225"
  28              		.text
  29              		.section	.gnu.lto_.pureconst.9c5d27f,"",%progbits
  30 0000 789C6366 		.ascii	"x\234cf```e\200\000&\006)F)\000\000\371\000@"
  30      60606065 
  30      80002606 
  30      29462900 
  30      00F90040 
  31              		.text
  32              		.section	.gnu.lto_hal_lld_init.9c5d27f,"",%progbits
  33 0000 789C9D95 		.ascii	"x\234\235\225ML\023Q\020\307\337\274\335.-4\320\310"
  33      4D4C1351 
  33      10C7DFBC 
ARM GAS  C:\cygwin\tmp\ccMGClgc.s 			page 2


  33      DD2E2D34 
  33      D0C8
  34 0012 5783311E 		.ascii	"W\2031\0369\025\024L\274q2\036L<\030\275\033\243\007"
  34      3915144C 
  34      BC71321E 
  34      4C3C18BD 
  34      1BA307
  35 0025 0F2410F1 		.ascii	"\017$\020\361\300\215\255T\342\001\221\217DL\220\233"
  35      C08DAD54 
  35      E201918F 
  35      444C909B 
  36 0035 A6604540 		.ascii	"\246`E@\245\240\005,\250 \202`\371\024\024\212\001\022"
  36      A5A0052C 
  36      A8208260 
  36      F914148A 
  36      0112
  37 0047 311E5A29 		.ascii	"1\036Z)BC\024\337\274\267t)^\3346t\226\356\276\375\375"
  37      424314DF 
  37      BCB77429 
  37      5EDC3674 
  37      96EEBEFD 
  38 005c FF33F376 		.ascii	"\3773\363vV\"\377~\012\331\367\234\231\220\002v\004"
  38      5622FF7E 
  38      0AD9F79C 
  38      99900276 
  38      04
  39 006d 13015A3B 		.ascii	"\023\001Z;N\210\323L\2514RD\324dy8\215\250V\011dqZ\006"
  39      4E88D34C 
  39      A9345244 
  39      D4647938 
  39      8DA85609 
  40 0085 C07F0890 		.ascii	"\300\177\010\220\012*\311P\001\3534L\241\326\357\271"
  40      0A2AC950 
  40      01EB344C 
  40      A1D6EFB9 
  41 0095 9792FB50 		.ascii	"\227\222\373PU\325\320\240\317~\323\036\245\204lP\301"
  41      55D5D0A0 
  41      CF7ED31E 
  41      A5846C50 
  41      C1
  42 00a6 0737E412 		.ascii	"\0077\344\022\266&\354\372=\227\242\270\330\032\233"
  42      B626ECFA 
  42      3D97A2B8 
  42      D81A9B
  43 00b5 B8062DA0 		.ascii	"\270\006-\240\000;\266\037\362\253\273\273+\367{\003"
  43      003BB61F 
  43      F2ABBBBB 
  43      2BF77B03 
  44 00c5 F2114AA2 		.ascii	"\362\021J\242\224\231`\301\214\301\202\301\212!\015"
  44      949960C1 
  44      8CC182C1 
  44      8A210D
  45 00d4 830D433A 		.ascii	"\203\015C:\206\014\014\231\030\2620dc\260c d\225\261"
  45      860C0C99 
  45      18B23064 
  45      63B06320 
  45      6495B1
ARM GAS  C:\cygwin\tmp\ccMGClgc.s 			page 3


  46 00e7 D1E21AA5 		.ascii	"\321\342\032\245x\224\026`\320\333\0319\216j[\024\315"
  46      78941660 
  46      D0DB1939 
  46      8E6A5B14 
  46      CD
  47 00f8 6EFB16A7 		.ascii	"n\373\026\247\344o4J\251\032\272\245\312\350-\270:\021"
  47      E46F344A 
  47      A91ABAA5 
  47      CAE82DB8 
  47      3A11
  48 010a 30F35304 		.ascii	"0\363S\004\177V\375\011FM\315\320\004Q*A+\344\300#\310"
  48      7F56FD09 
  48      464DCDD0 
  48      04512A41 
  48      2BE4C023 
  49 011f E117EAEA 		.ascii	"\341\027\352\3527\033\222\035\036\325\3454G\251\014"
  49      371B921D 
  49      1ED5E534 
  49      47A90C
  50 012e 1E68869F 		.ascii	"\036h\206\237<Mx\014\016\302\224JQ\306\000\241M'<\001"
  50      3C4D780C 
  50      0EC2944A 
  50      51C600A1 
  50      4D273C01 
  51 0142 073A698A 		.ascii	"\007:i\212>\260\240\023\330e\2374\002\355\354FC`@n\207"
  51      3EB0A013 
  51      D8659F34 
  51      02EDEC46 
  51      4360406E 
  52 0157 CEED14DC 		.ascii	"\316\355\024\334\275\014ev\352\251`z\003\021\020e1\031"
  52      BD0C6576 
  52      EAA9607A 
  52      03111065 
  52      3119
  53 0169 B0FC8CA3 		.ascii	"\260\374\214\243\261q\360<\261\244\273t\202\027\034"
  53      B171F03C 
  53      B1A4BB74 
  53      82171C
  54 0178 0966D8AD 		.ascii	"\011f\330\255Cz\030d/\245\272M-%\263\001C/8\213\357"
  54      437A1864 
  54      2FA5BA4D 
  54      2D25B301 
  54      432F388B 
  55 018d C9973CA5 		.ascii	"\311\227<\245\312\210\"(\026\001\212T\377\370\245\304"
  55      CA882228 
  55      16018A54 
  55      FFF8A5C4 
  56 019d BA924AC0 		.ascii	"\272\222J\300'\344\352\301`\352\275\272R\0378\030?\201"
  56      27E4EAC1 
  56      60EABDBA 
  56      521F3818 
  56      3F81
  57 01af CCFB75C6 		.ascii	"\314\373u\306\253}\231\007\3662\267\032\360\343\347"
  57      AB7D9907 
  57      F632B71A 
  57      F0E3E7
  58 01be 2C095903 		.ascii	",\011Y\003\2115sP'\274N\270\231ot\310\333\375\315\334"
ARM GAS  C:\cygwin\tmp\ccMGClgc.s 			page 4


  58      89357350 
  58      27BC4EB8 
  58      996F74C8 
  58      DBFDCDDC 
  59 01d2 D2524A33 		.ascii	"\322RJ3`h\210\263dd\015\3077\323&@#7V\326Rx3\331,R\201"
  59      606888B3 
  59      64640DC7 
  59      37D32640 
  59      233756D6 
  60 01ed C0BB049B 		.ascii	"\300\273\004\2339\242+\275\307f\332\270\351p\327\341"
  60      39A22BBD 
  60      C766DAB8 
  60      E970D7E1 
  61 01fd B869E7DF 		.ascii	"\270i\347\337\030\006>\3536\330n=0\007a\024\024v\367"
  61      18063EEB 
  61      36D86E3D 
  61      30076114 
  61      1476F7
  62 0210 18BA4B67 		.ascii	"\030\272Kg\327*'\247N\2413\223\272\354<0\231L\334A\333"
  62      D72A27A7 
  62      4EA13393 
  62      BAEC3C30 
  62      994CDC41 
  63 0225 7777632A 		.ascii	"wwc*\263\346\254U\231\005\005>0w\343\232\273\206\321"
  63      B3E6AC55 
  63      9905053E 
  63      3077E39A 
  63      BB86D1
  64 0238 BE9A24DD 		.ascii	"\276\232$\335\335\004wg\022\032\360Q+E\325\222W\022"
  64      DD047767 
  64      121AF051 
  64      2B45D592 
  64      5712
  65 024a 7A1942D2 		.ascii	"z\031B\3227\326\332NE5(\201@\254\024c\274\024\006\364"
  65      37D6DA4E 
  65      45352881 
  65      40AC1463 
  65      BC1406F4 
  66 025e 26E3F4A6 		.ascii	"&\343\364\246\260 \031\242\213'\205`&\273g\245\272'"
  66      B02019A2 
  66      8B278560 
  66      26BB67A5 
  66      BA27
  67 0270 6889F1E2 		.ascii	"h\211\361\342\253\353q\273g\225\330\226\230\3468E\303"
  67      ABEB71BB 
  67      6795D896 
  67      98E63845 
  67      C3
  68 0281 CD08FBDB 		.ascii	"\315\010\373\333U\323T\300\262\004oh\275\277\306*\334"
  68      55D354C0 
  68      B2046F68 
  68      BDBFC62A 
  68      DC
  69 0292 B355B38C 		.ascii	"\263U\263\2144\003\256\371\312\034m\021[q'\024\270-"
  69      3403AEF9 
  69      CA1C6D11 
  69      5B712714 
ARM GAS  C:\cygwin\tmp\ccMGClgc.s 			page 5


  69      B82D
  70 02a4 062A2B28 		.ascii	"\006*+(\314\241\026\301\227\203DF\212\360\335\020\352"
  70      CCA116C1 
  70      97834446 
  70      8AF0DD10 
  70      EA
  71 02b5 E83DAA25 		.ascii	"\350=\252%\373_\346\234~;\332\373\024go\236\317\330"
  71      FB5FE69C 
  71      7E3BDAFB 
  71      14676F9E 
  71      CFD8
  72 02c7 BB9B2DAD 		.ascii	"\273\233-\255\212\266\261\230\326\202\250e(\224\220"
  72      8AB6B198 
  72      D682A865 
  72      289490
  73 02d6 C0E73881 		.ascii	"\300\3478\201/\332S\201\316\345\330k-\2748\24053\333"
  73      2FDA5381 
  73      CEE5D86B 
  73      2DBC38A0 
  73      3533DB
  74 02e9 58AF1639 		.ascii	"X\257\0269<I\203/i\305U\004\313.p\015;\335\353\311b"
  74      3C49832F 
  74      69C55504 
  74      CB2E700D 
  74      3BDDEBC9 
  75 02fe E6EDF037 		.ascii	"\346\355\3607Q0\361\275\261\034\247\367\025\367\206"
  75      5130F1BD 
  75      B11CA7F7 
  75      15F786
  76 030d 9D2C81D3 		.ascii	"\235,\201\323\337x\006\237\014\354\310*{:X^l\254\035"
  76      DF78069F 
  76      0CECC82A 
  76      7B3A585E 
  76      6CAC1D
  77 0320 CBCBCB17 		.ascii	"\313\313\313\027\177%e\371W/\025\347\227\226\\\273^"
  77      7F2565F9 
  77      572F15E7 
  77      97965CBB 
  77      5E
  78 0331 967FFEC2 		.ascii	"\226\177\376\302\331\302\002\021O\237(/\307+\027\213"
  78      D9C20211 
  78      4F9F282F 
  78      C72B178B 
  79 0341 8BAFE45D 		.ascii	"\213\257\344]&\177\001\315\001\342Z"
  79      267F01CD 
  79      01E25A
  80              		.text
  81              		.section	.gnu.lto_stm32_clock_init.9c5d27f,"",%progbits
  82 0000 789C9D57 		.ascii	"x\234\235W[L\\E\030\236\177\316\236\275\263\027XR\002"
  82      5B4C5C45 
  82      189E7FCE 
  82      9EBDB317 
  82      585202
  83 0013 29252929 		.ascii	")%))%\345\322\324>\372 \211\361\315\027\365\335\030"
  83      25E5D2D4 
  83      3EFA2089 
  83      F1CD17F5 
ARM GAS  C:\cygwin\tmp\ccMGClgc.s 			page 6


  83      DD18
  84 0025 8DF181A4 		.ascii	"\215\361\201\244\306\372\320\267\036n\215$$\2454\030"
  84      C6FAD0B7 
  84      1E6E8D24 
  84      24A53418 
  85 0035 A3C1F0E0 		.ascii	"\243\301\360\340\255\202riE[\254\256HEj\005\201R\240"
  85      AD827269 
  85      455BACAE 
  85      48456A05 
  85      8152A0
  86 0048 CAA565B7 		.ascii	"\312\245e\267\205\026\353.\027aM\351:\377\314\234\035"
  86      8516EB2E 
  86      17614DE9 
  86      3AFFCC9C 
  86      1D
  87 0059 58A2D95D 		.ascii	"X\242\331]B\276Y\346?\373\315\367\377\337?3\007\215"
  87      42BE59E6 
  87      3FFBCDF7 
  87      FFDF3F33 
  87      078D
  88 006b ECFDC905 		.ascii	"\354\375\311\005B\216f\021r\214}\206\\\002\264y\204"
  88      428E6611 
  88      728C7D86 
  88      5C02B479 
  88      84
  89 007c 901A3B05 		.ascii	"\220\032;\005M|\320h\240i\210\020\303i\251\267\021\303"
  89      4D7CD068 
  89      A0698810 
  89      C369A9B7 
  89      11C3
  90 008e 1D10F355 		.ascii	"\035\020\363U\026\320E\\\2479\"n\345\361\0341_e\005"
  90      16D0455C 
  90      A739226E 
  90      E5F11C31 
  90      5F6505
  91 00a1 9B88DB68 		.ascii	"\233\210\333h\266\210\333y<[\314W\331\301!\342\016\352"
  91      B688DB79 
  91      3C5BCC57 
  91      D9C121E2 
  91      0EEA
  92 00b3 1771278F 		.ascii	"\027q'\217\373\305|\225\023<8\202\207\372D\330\305\303"
  92      FBC57C95 
  92      133C3882 
  92      87FA44D8 
  92      C5C3
  93 00c5 3E315DE5 		.ascii	">1]\345\002\267\370\272\233zE<\213\307\275b\276*\013"
  93      02B7F8BA 
  93      9B7A453C 
  93      8BC7BD62 
  93      BE2A0B
  94 00d8 004702E4 		.ascii	"\000G\002\3444\325\002\026=\307j\313\266;\374N\217\317"
  94      34D50216 
  94      3DC76ACB 
  94      B63BFC4E 
  94      8FCF
  95 00ea E5F666C1 		.ascii	"\345\366f\301i\233&\262\327\305`\023\203C\014\0361\270"
  95      699B26B2 
ARM GAS  C:\cygwin\tmp\ccMGClgc.s 			page 7


  95      D7C56013 
  95      83430C1E 
  95      31B8
  96 00fc C5B04CA3 		.ascii	"\305\260L\243\024\232\203\035\357\271J>6\014#20\221"
  96      149A831D 
  96      EFB94A3E 
  96      360C2332 
  96      3091
  97 010e D79017A3 		.ascii	"\327\220\027\243\204\254Q\361\000|\012%\204=\023\255"
  97      84AC51F1 
  97      007C0A25 
  97      843D13AD 
  98 011e DF9E7259 		.ascii	"\337\236rY\353\3313>\021\203\317\300\312\252K\272\262"
  98      EBD9333E 
  98      1183CFC0 
  98      CAAA4BBA 
  98      B2
  99 012f 83463CBE 		.ascii	"\203F<\276\370a\3479\275\302Bb\024t\004\033\202\035"
  99      F861E739 
  99      BDC24262 
  99      1474041B 
  99      821D
 100 0141 C181E044 		.ascii	"\301\201\340Dp#x\020\274\010>\004?B\000!\027a\037B\036"
 100      70237810 
 100      BC083E04 
 100      3F420021 
 100      17611F42 
 101 0156 423E4201 		.ascii	"B>B\001\302~\204B\204\003\010E\010\007\021\212\021\016"
 101      C27E8442 
 101      84030845 
 101      0807118A 
 101      110E
 102 0168 2194201C 		.ascii	"!\224 \034F(E8\202P\206@H\210ie\305\013S\312\006\355"
 102      46284538 
 102      82508640 
 102      48886965 
 102      C50B53CA 
 103 017e 360C44BA 		.ascii	"6\014D\272o\326\352(\236%\265\325?;aY\2421J\215\310"
 103      6FD6EA28 
 103      9E25B5D5 
 103      3F3B6159 
 103      A2314A8D 
 104 0193 3B8605F3 		.ascii	";\206\005\363\234\017\215\216\331\371\024\301?\317<"
 104      9C0F8D8E 
 104      D9F914C1 
 104      3FCF3C
 105 01a2 998FE96D 		.ascii	"\231\217\351m\360A\215a\004\2551\252\301\005\310\207"
 105      F0418D61 
 105      04AD31AA 
 105      C105C887 
 106 01b2 CF993A0C 		.ascii	"\317\231:\014\236k\3318\357,\3570\352!F-\320\001m\260"
 106      9E6BD938 
 106      EF2CEF30 
 106      EA21462D 
 106      D0016DB0 
 107 01c6 CAAB069D 		.ascii	"\312\253\006\235P\316\302\303\265\213a\027R\001\253"
 107      50CEC2C3 
ARM GAS  C:\cygwin\tmp\ccMGClgc.s 			page 8


 107      B58B6117 
 107      5201AB
 108 01d5 9A0104BE 		.ascii	"\232\001\004\276`\337\343\012n\365jRA\335\370\304\263"
 108      60DFE30A 
 108      6EF56A52 
 108      41DDF8C4 
 108      B3
 109 01e6 F8886E2C 		.ascii	"\370\210n,\324$\011\320\371\032SW\032\357X\225\000+"
 109      D42409D0 
 109      F91A5357 
 109      1AEF5895 
 109      002B
 110 01f8 7CC90474 		.ascii	"|\311\004tI\001\275\255\241I%\240\233\013@O\240\207"
 110      4901BDAD 
 110      A14925A0 
 110      9B0B404F 
 110      A087
 111 020a 0B683CFB 		.ascii	"\013h<\373\2409K\012\320\010\364\212\345\373\242\263"
 111      A0394B0A 
 111      D008F48A 
 111      E5FBA2B3 
 112 021a 62F94D6A 		.ascii	"b\371Mj\331\221!\374gv5vd\277\310\331\271\363\227\240"
 112      D99121FC 
 112      67763576 
 112      64BFC8D9 
 112      B9F397A0 
 113 022e 9C11D5AD 		.ascii	"\234\021\325\255[\005\213.\210\206\332\226zy1\201\245"
 113      5B058B2E 
 113      8886DA96 
 113      7A793181 
 113      A5
 114 023f FA9558AB 		.ascii	"\372\225X\253\005d\236\251\256\322\247V\371\032\312"
 114      05649EA9 
 114      AED2A756 
 114      F91ACA
 115 024e 37B108CC 		.ascii	"7\261\010\314;\215\260~G\363\372z\346V\245v[J\254\274"
 115      3B8DB07E 
 115      47F3FA7A 
 115      E656A576 
 115      5B4AACBC 
 116 0262 30DF28D2 		.ascii	"0\337(\322\313B\372\326\231\020\0254v\301\364\376Tx"
 116      CB42FAD6 
 116      99101534 
 116      76C1F4FE 
 116      5478
 117 0274 5DE3E229 		.ascii	"]\343\342)\201+\214e\022\352\247\353^\227\317\260\007"
 117      812B8C65 
 117      12EAA7EB 
 117      5E97CFB0 
 117      07
 118 0285 6A3EE96F 		.ascii	"j>\351o\262\361\007\030K?.C\260\271\002\204mP\010S\213"
 118      B2F10718 
 118      4B3F2E43 
 118      B0B90284 
 118      6D500853 
 119 029a ECAEBE9E 		.ascii	"\354\256\276\236\360\270\024\350H#\355o\271B\334\266"
 119      F0B814E8 
ARM GAS  C:\cygwin\tmp\ccMGClgc.s 			page 9


 119      4823ED6F 
 119      B942DCB6 
 120 02aa 70552A94 		.ascii	"pU*\224\305u\012\242\360Hm\243\260\362q<\036\367\022"
 120      C5750AA2 
 120      F0486DA3 
 120      B0F2713C 
 120      1EF712
 121 02bd F82EC302 		.ascii	"\370.\303\002\177\257V\012b\201\235\274%\306\302\262"
 121      7FAF560A 
 121      62819DBC 
 121      25C6C2B2 
 122 02cd 1CEE34A8 		.ascii	"\034\3564\250~PT\003\\t\372j~T\024\203\250\306\315\355"
 122      7E505403 
 122      5C74FA6A 
 122      7E541483 
 122      A8C6CDED 
 123 02e1 D695DDF7 		.ascii	"\326\225\335\367\356\312jzR\267\373\232\"\375\311\264"
 123      EECA6A7A 
 123      52B7FB9A 
 123      22FDC9B4 
 124 02f1 7B45E6E7 		.ascii	"{E\346\347\025L\233\015\221F'/\247\233\300\220\260{"
 124      154C9B0D 
 124      9146272F 
 124      A79BC090 
 124      B07B
 125 0303 C6B4DBBB 		.ascii	"\306\264\333\273\303\337\034\351\2575\341\357\212\271"
 125      C3DF1CE9 
 125      AF35E1EF 
 125      8AB9
 126 0311 797C69E4 		.ascii	"y|i\344\371\263\352\300\341\335\376\372\005Q\357v\367"
 126      F9B3EAC0 
 126      E1DDFEFA 
 126      0551EF76 
 126      F7
 127 0322 797156C4 		.ascii	"yqV\304\330\356\271\236\241\271\277\250en`9\375\374"
 127      D8EEB99E 
 127      A1B9BFA8 
 127      656E6039 
 127      FDFC
 128 0334 B889AC8C 		.ascii	"\270\211\254\214kID)\034g\277\252*\216\360\323$q0Y\330"
 128      6B494429 
 128      1C67BFAA 
 128      2A8EF0D3 
 128      24713059 
 129 0349 D4A83C4B 		.ascii	"\324\250<Kz\266\007d9\002i\350\374\215s[\220{l\367Y"
 129      7AB60764 
 129      390269E8 
 129      FC8D735B 
 129      907B6CF7 
 130 035e 92CB8832 		.ascii	"\222\313\2102><\306\025\355\004\246\237\313\273\311"
 130      3E3CC615 
 130      ED04A69F 
 130      CBBBC9
 131 036d 96E8A6E8 		.ascii	"\226\350\246\350\266\331M\373R\357\246\233\212t2\371"
 131      B6D94DFB 
 131      52EFA69B 
 131      8A7432F9 
ARM GAS  C:\cygwin\tmp\ccMGClgc.s 			page 10


 132 037d F0C8634C 		.ascii	"\360\310cL{N\213\274\035\355\223-\333\307n^>\221\301"
 132      7B4E8BBC 
 132      1DED932D 
 132      DBC76E5E 
 132      3E91C1
 133 0390 3A3D7D2F 		.ascii	":=}/nq\015x\026\302\024\367b\272\353\354\002?\256,\315"
 133      6E710D78 
 133      16C214F7 
 133      62BAEBEC 
 133      023FAE2C 
 134 03a5 C1866708 		.ascii	"\301\206g\010L\233G\373\265\2132\303\3744\3526\243\332"
 134      4C9B47FB 
 134      B58B32C3 
 134      FC34EA36 
 134      A3DA
 135 03b7 E6F66E3B 		.ascii	"\346\366n;\012\004Q\313\345\231&\247y\223\331\011\374"
 135      0A0451CB 
 135      E59926A7 
 135      7993D909 
 135      FC
 136 03c8 9EA1417F 		.ascii	"\236\241A\177\250\205f\321\240\002n\220C\0314\264(\345"
 136      A88566D1 
 136      A0026E90 
 136      431934B4 
 136      28E5
 137 03da EFDF71F5 		.ascii	"\357\337q\365\301\377_{s\234\324\212\244\363\311\006"
 137      C1FF5F7B 
 137      739CD48A 
 137      A4F3C906 
 138 03ea 150AA68D 		.ascii	"\025\012\246\215\253\361US?\333^\013I\216\025\356p\314"
 138      ABF15553 
 138      3FDB5E0B 
 138      498E15EE 
 138      70CC
 139 03fc CF1D0BB1 		.ascii	"\317\035\013\261s\2219\026\246\036\324\006\\\333\324"
 139      73913916 
 139      A61ED406 
 139      5CDBD4
 140 040b 9AD47620 		.ascii	"\232\324v \365\346\271\243\022\276\233\254\255H2\215"
 140      F5E6B9A3 
 140      12BE9BAC 
 140      AD48328D 
 141 041b 2E2D6B66 		.ascii	".-kfm}\004\026\223\304\025\355\020\347\223\355\344J"
 141      6D7D0416 
 141      93C415ED 
 141      10E793ED 
 141      E44A
 142 042d BCCBDC9F 		.ascii	"\274\313\334\237\310`k\207\324\326\016\363v\272\036"
 142      C8606B87 
 142      D4D60EF3 
 142      76BA1E
 143 043c 1A7EE4E6 		.ascii	"\032~\344\346\355d\264\267\007\331\253\302=\371\246"
 143      ED64B4B7 
 143      07D9ABC2 
 143      3DF9A6
 144 044b 12D95834 		.ascii	"\022\331X4\371\333/u\017\363\353\335fl%\277+\331\370"
 144      F9DB2F75 
ARM GAS  C:\cygwin\tmp\ccMGClgc.s 			page 11


 144      0FF3EBDD 
 144      666C25BF 
 144      2BD9F8
 145 045e 224FC627 		.ascii	"\"O\306'\247\251T\300\336!\355p\237)X\222\012\242m\241"
 145      A7A954C0 
 145      DE21ED70 
 145      9F295892 
 145      0AA26DA1 
 146 0472 A7130296 		.ascii	"\247\023\002\226\271\000|/\205\007\\\300\303\033\263"
 146      B9007C2F 
 146      85075CC0 
 146      C31BB3
 147 0481 17C4F556 		.ascii	"\027\304\365V\347!\360\320\354\346\307\023\262\344\007"
 147      E721F0D0 
 147      ECE6C713 
 147      B2E407
 148 0490 D368B215 		.ascii	"\323h\262\025\225\335\237\273\273\271\230\021\361\355"
 148      95DD9FBB 
 148      BBB99811 
 148      F1ED
 149 049e 9A49EF3E 		.ascii	"\232I\357>R\264\177a\357\026\363\336u\253\253j\333\354"
 149      52B47F61 
 149      EF16F3DE 
 149      75ABAB6A 
 149      DBEC
 150 04b0 DD43A9F7 		.ascii	"\335C\251\367GD\221F\223\257\252\022\306\264\347n*a"
 150      47449146 
 150      93AFAA12 
 150      C6B4E76E 
 150      2A61
 151 04c2 141FB5BE 		.ascii	"\024\037\265\276\333\251\363b\261\255\270\232h\016\257"
 151      DBA9F362 
 151      B1ADB89A 
 151      680EAF
 152 04d1 6C8E2CF3 		.ascii	"l\216,\363\252\212\016\036\027_:\234F\232k\\\221\035"
 152      AA8A0E1E 
 152      175F3A9C 
 152      469A6B5C 
 152      911D
 153 04e3 15ADEFAE 		.ascii	"\025\255\357\256^)#\342['\223\352m(\332\277\261z\245"
 153      5E2923E2 
 153      5B2793EA 
 153      6D28DABF 
 153      B17AA5
 154 04f6 DC6010CC 		.ascii	"\334`\020\314G\322 \332\344D\370\277\014l\355\326W\306"
 154      47D220DA 
 154      E444F8BF 
 154      0C6CEDD6 
 154      57C6
 155 0508 8832D617 		.ascii	"\2102\326\027S\264\377\240\27622\0075\301\326\027\220"
 155      53B4FFA0 
 155      BE323207 
 155      35C1D617 
 155      90
 156 0519 46941758 		.ascii	"F\224\027XY\331F>ZQQ)~O\234\254|\343\225\352\3127O\274"
 156      59D9463E 
 156      5A515129 
ARM GAS  C:\cygwin\tmp\ccMGClgc.s 			page 12


 156      7E4F9CAC 
 156      7CE395EA 
 157 0531 F5F6C9CA 		.ascii	"\365\366\311\312\027_z\376\251c\002\237;~\352\024F^"
 157      175F7AFE 
 157      A963029F 
 157      3B7EEA14 
 157      465E
 158 0543 AEAE7EAD 		.ascii	"\256\256~\255\342U\362/L\313\237\010"
 158      E255F22F 
 158      4CCB9F08 
 159              		.text
 160              		.section	.gnu.lto_.symbol_nodes.9c5d27f,"",%progbits
 161 0000 789C6366 		.ascii	"x\234cf``Pa\200\002\246\006\246z\006\206\011\347\030"
 161      60605061 
 161      8002A606 
 161      A67A0686 
 161      09E718
 162 0013 18EAEB19 		.ascii	"\030\352\353\031\346-\340``jd\252gD\026`\000\000\257"
 162      E62DE060 
 162      606A64AA 
 162      67441660 
 162      0000AF
 163 0026 E00974   		.ascii	"\340\011t"
 164              		.text
 165              		.section	.gnu.lto_.refs.9c5d27f,"",%progbits
 166 0000 789C6366 		.ascii	"x\234cf```d\200\002\000\000=\000\005"
 166      60606064 
 166      80020000 
 166      3D0005
 167              		.text
 168              		.section	.gnu.lto_.decls.9c5d27f,"",%progbits
 169 0000 789CCD57 		.ascii	"x\234\315WkPT\311\025\236\276\315<\031\300,)w\313\312"
 169      6B5054C9 
 169      159EBECD 
 169      3C19C02C 
 169      2977CBCA 
 170 0014 0F96AA10 		.ascii	"\017\226\252\020\023\2277I%\373'\272\343\263\326\335"
 170      13973749 
 170      25FB27BA 
 170      E3B3D6DD 
 171 0024 4CCD9864 		.ascii	"L\315\230dSK\325\204\205q\245\344a\311PE\376]\300\007"
 171      534BD584 
 171      8571A5E4 
 171      61C95045 
 171      FE5DC007 
 172 0038 28CA4354 		.ascii	"(\312CT\360\261L\026q\200\341!\350\262*\010\254\006"
 172      F0B14C16 
 172      7180E121 
 172      E8B22A08 
 172      AC06
 173 004a C4171A75 		.ascii	"\304\027\032uQX\027X\334\010\"\370V@\020r\272{\356\235"
 173      51581758 
 173      DC0822F8 
 173      56401072 
 173      BA7BEE9D 
 174 005e 99CBDD3C 		.ascii	"\231\313\335<*\177rk\316t\237>_\177}\372\364\351\276"
 174      2A7F726B 
ARM GAS  C:\cygwin\tmp\ccMGClgc.s 			page 13


 174      CE749F3E 
 174      5F7F7DFA 
 174      F4E9BE
 175 0071 7DB1021E 		.ascii	"}\261\002\036\244P\314\301cZ\240P\224p\012\005\206&"
 175      A450CCC1 
 175      635AA050 
 175      94700A05 
 175      8626
 176 0083 A3C2FD40 		.ascii	"\243\302\375@\223\242\006\244N1\377!\355j\027\376m\020"
 176      93A206A4 
 176      4E31FF21 
 176      ED6A17FE 
 176      6D10
 177 0095 7FE0D283 		.ascii	"\177\340\322\203\234\206\372B(\177\014\242\201\272\212"
 177      9C86FA42 
 177      287F0CA2 
 177      81BA8A
 178 00a4 94206350 		.ascii	"\224 cP\177\0052\001\262\000\364gP\376\010\271\307x"
 178      7F053201 
 178      B200F467 
 178      50FE08B9 
 178      C778
 179 00b6 0BCD1F83 		.ascii	"\013\315\037\203\214\253\3757c\204\202,\001\321yp\217"
 179      8CABFD37 
 179      6384822C 
 179      01D17970 
 179      8F
 180 00c7 4389A17C 		.ascii	"C\211\241|\002\345K\3278! 3P\237f\323\226\235\323\023"
 180      02E54BD7 
 180      38212033 
 180      509F66D3 
 180      969DD313 
 181 00db 0E9DAA7B 		.ascii	"\016\235\252{~\305w\204C\376\272 \242\236.\352*Q\201"
 181      7EC57784 
 181      43FEBA20 
 181      A29E2EEA 
 181      2A5181
 182 00ee AAD7F910 		.ascii	"\252\327\371\020\265yz\350\246\317\233{yx\012\262\371"
 182      B5797AE8 
 182      A6CF9B7B 
 182      79780AB2 
 182      F9
 183 00ff 053EC8B8 		.ascii	"\005>\310\270\0209\320\"T\211\026\001k\025z\023\376"
 183      1039D022 
 183      54891601 
 183      6B157A13 
 183      FE
 184 0110 3FF6614C 		.ascii	"?\366aL\371\005\343_\"\314!R//\371\356\246\356\235j"
 184      F905E35F 
 184      22CC2152 
 184      2F2FF9EE 
 184      A6EE9D6A 
 185 0124 E896C3B7 		.ascii	"\350\226\303\267O\"\367p\267*\3622\365A\237\361\366"
 185      4F22F770 
 185      B72AF232 
 185      F5419FF1 
 185      F6
ARM GAS  C:\cygwin\tmp\ccMGClgc.s 			page 14


 186 0135 638FEB4E 		.ascii	"c\217\353Nn\307\245\274=\213\237\235\233C\224\014U#"
 186      6EC7A5BC 
 186      3D8B9F9D 
 186      9B43940C 
 186      5523
 187 0147 8C9CE81D 		.ascii	"\214\234\350\035\272RP\247\235P\015\012\202\216\016"
 187      BA5250A7 
 187      9D500D0A 
 187      828E0E
 188 0156 474FAD12 		.ascii	"GO\255\022\257\242\354O\333\007\3720%\261\037\252Pu"
 188      AFA2EC4F 
 188      DB07FA30 
 188      25B11FAA 
 188      5075
 189 0168 F1ED7373 		.ascii	"\361\355ss\277\245\375k=\372\327\012\375\353h\377\241"
 189      BFA5FD6B 
 189      3DFAD70A 
 189      FDEB68FF 
 189      A1
 190 0179 E1E12C3D 		.ascii	"\341\341,=\235g\273\206p\234h;\376TO'\232C9\017t\337"
 190      9D67BB86 
 190      709C683B 
 190      FE544F27 
 190      9A43390F 
 191 018f CA55E28F 		.ascii	"\312U\342\217h=\363hs\236\032lo\353\250\317\003\007"
 191      683DF368 
 191      739E1A6C 
 191      6FEBA8CF 
 191      0307
 192 01a1 A78E68A9 		.ascii	"\247\216h\251Jr'\2004\265\265Nv\352p\002E\347\345\014"
 192      4A722780 
 192      34B5B54E 
 192      76EA7002 
 192      45E7E50C 
 193 01b5 5ED0E164 		.ascii	"^\320\341dR\347\272\356\361\345\376(Dw\004f\376x\262"
 193      52E7BAEE 
 193      F1E5FE28 
 193      44770466 
 193      FE78B2
 194 01c8 7C687536 		.ascii	"|hu6\277\024}\211t\350\013\3213\312J\236\034\236\317"
 194      BF147D89 
 194      74E80BD1 
 194      33CA4A9E 
 194      1C9ECF
 195 01db 2251D576 		.ascii	"\"Q\325v\371+\304\240\242&\024\002\010\212E\215\320"
 195      F92BC4A0 
 195      A2261402 
 195      088A458D 
 195      D0
 196 01ec 781C1A81 		.ascii	"x\034\032\201\270c\246u\213\022\351B\344;\235\222\351"
 196      B863A675 
 196      8B12E942 
 196      E43B9D92 
 196      E9
 197 01fd 445DA871 		.ascii	"D]\250q\354_\310\363>\350$\270p\302\355\002x$\256\310"
 197      EC5FC8F3 
 197      3EE824B8 
ARM GAS  C:\cygwin\tmp\ccMGClgc.s 			page 15


 197      70C2ED02 
 197      7824AEC8 
 198 0211 F8D92319 		.ascii	"\370\331#\031:\240\315\376\317h\241G\326\265\261\273"
 198      3AA0CDFE 
 198      CF68A147 
 198      D6B5B1BB 
 199 0221 01D8CE56 		.ascii	"\001\330\316V\372v\377`\273/.g\012\237?\274\005c'S\216"
 199      FA76FF60 
 199      BB2F2E67 
 199      0A9F3FBC 
 199      05632753 
 200 0236 ECDD57A3 		.ascii	"\354\335W\243\244\021\246\001\317-\312\036\326\340c"
 200      A411A601 
 200      CF2DCA1E 
 200      D6E063
 201 0245 CC56DF38 		.ascii	"\314V\3378]\246\305'\230rih\362\031[\212\005D=\334\331"
 201      5DA6C527 
 201      98726968 
 201      F2195B8A 
 201      05443DDC 
 202 025a 715D85CF 		.ascii	"q]\205\3170\333\223\236\246%\270\223\325K'.w\006P\334"
 202      30DB939E 
 202      A625B893 
 202      D54B272E 
 202      770650DC 
 203 026e 5B94FF76 		.ascii	"[\224\377v\376!\214\2572\333T\367\360\027\030\3672E"
 203      FE218CAF 
 203      32DB54F7 
 203      F01718F7 
 203      3245
 204 0280 C8693DCB 		.ascii	"\310i=\313\351\033\225\0059\032<\304l\215\345\025MZ"
 204      E91B9505 
 204      391A3CC4 
 204      6C8DE515 
 204      4D5A
 205 0292 9A074B89 		.ascii	"\232\007K\211\272cg\303\234\232L\237wM\037:yd\370E\022"
 205      BA6367C3 
 205      9C9A4C9F 
 205      774D1F3A 
 205      7964F845 
 206 02a7 28B47811 		.ascii	"(\264x\021\3729\235y\346\341\212A\374F\001E\333\371"
 206      FA399D79 
 206      E6E18A41 
 206      FC460145 
 206      DBF9
 207 02b9 201B8DEB 		.ascii	" \033\215\353\005@\267R\364%\364\206\320\207\240\273"
 207      0540B752 
 207      F425F486 
 207      D087A0BB 
 208 02c9 F992027F 		.ascii	"\371\222\002\177\374\200\215[9\324]\344G}ZL\324\352"
 208      FC808D5B 
 208      39D45DE4 
 208      477D5A4C 
 208      D4EA
 209 02db FEE96C25 		.ascii	"\376\351l%~\301l\003\023\003g\325\324\026A\324\363\025"
 209      7EC16C03 
 209      130367D5 
ARM GAS  C:\cygwin\tmp\ccMGClgc.s 			page 16


 209      D41641D4 
 209      F315
 210 02ed F5652AFC 		.ascii	"\365e*\374\232\331\316?x9\212\360V\314\022\263\275\366"
 210      9AD9CE3F 
 210      78398AF0 
 210      56CC12B3 
 210      BDF6
 211 02ff 0603FE9A 		.ascii	"\006\003\376\232\250\367j;\313\375\361.f\353ul\337\243"
 211      A8F76A3B 
 211      CBFDF12E 
 211      66EB756C 
 211      DFA3
 212 0311 C1FBB1D7 		.ascii	"\301\373\261\327,\365l\226\035\267\266\335W\3412f\233"
 212      2CF56C96 
 212      1DB7B6DD 
 212      57E13266 
 212      9B
 213 0322 6B2AB9E0 		.ascii	"k*\271\340\207\035L9\325P0\345O\201\253\351.\350\312"
 213      871D4C39 
 213      D55030E5 
 213      4F81ABE9 
 213      2EE8CA
 214 0335 EA50E206 		.ascii	"\352P\342\006f\033n\035\3439j3\022u\327\367\366r\015"
 214      661B6E1D 
 214      E3396A33 
 214      1275D7F7 
 214      F6720D
 215 0348 6E66B6D2 		.ascii	"nf\266\322\361{\371*\334\301\224\234\226\342\243l\264"
 215      F17BF92A 
 215      DCC1949C 
 215      96E2A36C 
 215      B4
 216 0359 8F883A3D 		.ascii	"\217\210:=[\365\310\017_e6\247\203_\210{Y\375X\2333"
 216      5BF5C80F 
 216      5F6536A7 
 216      835F887B 
 216      59FD589B 
 217 036e 97E1FE4C 		.ascii	"\227\341\376L\327\266\272\2772\000\337e\266\236\216"
 217      D7B6BABF 
 217      3200DF65 
 217      B69E8E
 218 037d BE3B7E78 		.ascii	"\276;~x\234)\007\013\256\227\262\214\330@\324\302\212"
 218      9C29070B 
 218      AE97B28C 
 218      D840D4C2 
 218      8A
 219 038e E26D1C9E 		.ascii	"\342m\034\236`\266\262\335\215S\354\204\332Dwbg\367"
 219      60B6B2DD 
 219      8D53EC84 
 219      DA447762 
 219      67F7
 220 03a0 E75A3CC3 		.ascii	"\347Z<\303l\257\362\216wr\030\362\235(\015_\217\334"
 220      6CAFF28E 
 220      777218F2 
 220      9D280D5F 
 220      8FDC
 221 03b2 D2516006 		.ascii	"\322Q`\006Q\3557\332\252\364x\007\263\355m9T\304<\341"
ARM GAS  C:\cygwin\tmp\ccMGClgc.s 			page 17


 221      51ED37DA 
 221      AAF47807 
 221      B3ED6D39 
 221      54C43CE1 
 222 03c6 A93E7A7C 		.ascii	"\251>z|\366\256\022\027PcP\347\363\235\315j\024\354"
 222      F6AE1217 
 222      506350E7 
 222      F39DCD6A 
 222      14EC
 223 03d8 7A028365 		.ascii	"z\002\203e\237\020;\277%\373qs\303LXU#\337\276\005\243"
 223      9F103BBF 
 223      25FB7173 
 223      C34C5855 
 223      23DFBE05 
 224 03ed D3900A9D 		.ascii	"\323\220\012\235\260\305\236\243@\367\016:O\363\342"
 224      B0C59EA3 
 224      40F70E3A 
 224      4FF3E2
 225 03fc 17F0A720 		.ascii	"\027\360\247 x\373U\247\252+\202B\233\245\320\305\336"
 225      78FB55A7 
 225      AA2B8242 
 225      9BA5D0C5 
 225      DE
 226 040d C89DB502 		.ascii	"\310\235\265\002\362\276\0249*!\235\022I{\245\320>O"
 226      F2BE1439 
 226      2A219D12 
 226      497BA5D0 
 226      3E4F
 227 041f 28CFDBE7 		.ascii	"(\317\333\347\226\000\022\322\024\015\271\220B\362\242"
 227      960012D2 
 227      140DB990 
 227      42F2A2
 228 042e BB12D25C 		.ascii	"\273\022\322\\q\374{R\322\177P\250\003\211\254;B]\254"
 228      71FC7B52 
 228      D27F50A8 
 228      0389AC3B 
 228      425DAC
 229 0441 C352D611 		.ascii	"\303R\326\021\011k\216\310\372\275<+\205\026\322\015"
 229      096B8EC8 
 229      FABD3C2B 
 229      8516D20D 
 230 0451 C6F34B6D 		.ascii	"\306\363Km\012T\017\366c\324D\320p\024\241\235\\\010"
 230      0A540FF6 
 230      63D444D0 
 230      7014A19D 
 230      5C08
 231 0463 1A47C1E8 		.ascii	"\032G\301\350%H6\027\214rA\266\201\344\200l\007\341"
 231      25483617 
 231      8C7241B6 
 231      81E4806C 
 231      07E1
 232 0475 41C6C0F6 		.ascii	"A\306\300\366\012d\026d\016d\007\264m\005\331\0022\001"
 232      0A641664 
 232      0E6407B4 
 232      6D05D902 
 232      3201
 233 0487 FA0C4826 		.ascii	"\372\014H&\324\037A\231\005\345\013(\247@^\203L\203"
ARM GAS  C:\cygwin\tmp\ccMGClgc.s 			page 18


 233      D41F4199 
 233      05E50B28 
 233      A7405E83 
 233      4C83
 234 0499 3C067906 		.ascii	"<\006y\006\362\004\344)\310C\220I\024L\317L:\221i1\346"
 234      F204E429 
 234      C8439049 
 234      144CCF4C 
 234      3A916931 
 235 04ae 77A413F9 		.ascii	"w\244\023\371V2\347\333\"\264Ev\315\205@\002\364\241"
 235      5632E7DB 
 235      22B44576 
 235      CD854002 
 235      F4A1
 236 04c0 08BD2985 		.ascii	"\010\275)\205~-a\315\023#\371@>?\304\365\311\262\317"
 236      7E2D61CD 
 236      1323F940 
 236      3E3FC4F5 
 236      C9B2CF
 237 04d3 505A7256 		.ascii	"PZrV\365\313;\353\341\302\210\350B\227|2{`gE\354wR\354"
 237      F5CB3BEB 
 237      E1C288E8 
 237      42977C32 
 237      7B606745 
 238 04eb A014FB48 		.ascii	"\240\024\373H\304\366\310O\315\003\373Z\304\016\310"
 238      C4F6C84F 
 238      CD03FB5A 
 238      C40EC8
 239 04fa F3BA13FA 		.ascii	"\363\272\023\372\276\220\320\227\245\251wE\022\260Q"
 239      BE90D097 
 239      A5A97745 
 239      12B051
 240 0509 91B45B4A 		.ascii	"\221\264[Jz\325\2134\313\336/\306\253C\012\375\2334"
 240      7AD58B34 
 240      CBDE2FC6 
 240      AB430AFD 
 240      9B34
 241 051b F7270507 		.ascii	"\367'\005\007nI\035\270-q\340\225\350\3007\362\333\324"
 241      6E491DB8 
 241      2D71E095 
 241      E8C037F2 
 241      DBD4
 242 052d 2302BD22 		.ascii	"#\002\275\"\366\214\024\333*qv\\t\366\206\024z]J;&\322"
 242      F68C14DB 
 242      2A71765C 
 242      74F68614 
 242      7A5D4A3B 
 243 0543 FE5D1EEB 		.ascii	"\376]\036\353\366\366\033\021\332.\205~%\201~+B\317"
 243      F6F61B11 
 243      DA2E857E 
 243      25817E2B 
 243      42CF
 244 0555 C987CB0D 		.ascii	"\311\207\313\015\275#B\317\312\263z8\333'b\333\344c"
 244      BD2342CF 
 244      CAB37A38 
 244      DB2762DB 
 244      E463
ARM GAS  C:\cygwin\tmp\ccMGClgc.s 			page 19


 245 0567 E0817D20 		.ascii	"\340\201} b\257\311/.\303\222;\321\340\025\247\212G"
 245      62AFC92F 
 245      2EC3923B 
 245      D1E015A7 
 245      8A47
 246 0579 04A310EE 		.ascii	"\004\243\020\356\212\302]\210\353\333~\251Z\207\002"
 246      8AC25D88 
 246      EBDB7EA9 
 246      5A8702
 247 0588 43E40E20 		.ascii	"C\344\016 \264\013\316\235\377\2273\210Ndw\262\006\345"
 247      B40BCE9D 
 247      FF973388 
 247      4E6477B2 
 247      06E5
 248 059a 7181A8C1 		.ascii	"q\201\250\301}\261#\263\022.v=\017'[\224\372\035\356"
 248      7DB123B3 
 248      122E763D 
 248      0F275B94 
 248      FA1DEE
 249 05ad 0B2305BB 		.ascii	"\013#\005\273\3576\2739=\275\037C\011\350\261s\245S"
 249      EF36BB39 
 249      3DBD1F43 
 249      09E8B173 
 249      A553
 250 05bf 189FA36F 		.ascii	"\030\237\243o@\237\271\231\314\353\276\360\006\014\244"
 250      409FB999 
 250      CCEBBEF0 
 250      060CA4
 251 05ce 6FB9C133 		.ascii	"o\271\3013\316\213z\336\343\275U\304\375\360{\253\325"
 251      CE8B7ADE 
 251      E3BD55C4 
 251      FDF07BAB 
 251      D5
 252 05df E9F9DE98 		.ascii	"\351\371\336\230\217d\013Q\350\272B\221\000\273\357"
 252      8F640B51 
 252      E8BA4291 
 252      00BBEF
 253 05ee 4F044DA2 		.ascii	"O\004M\242\273\007\242[\000\021)\344<f\333L\227\015"
 253      BB07A25B 
 253      001129E4 
 253      3C66DB4C 
 253      970D
 254 0600 20F397ED 		.ascii	" \363\227\355\336\201\251\335\356e\363fE{\201\354_\022"
 254      DE81A9DD 
 254      EE65F366 
 254      457B81EC 
 254      5F12
 255 0612 B76DD4A0 		.ascii	"\267m\324\240b\000\344sb\030\311(B\030\357~u\275F\345"
 255      6200E473 
 255      6218C928 
 255      4218EF7E 
 255      75BD46E5 
 256 0626 15C662AF 		.ascii	"\025\306b\2570\356s\205q\037\015cY\343\305\007>\370"
 256      30EE7385 
 256      711F0D63 
 256      59E3C507 
 256      3EF8
ARM GAS  C:\cygwin\tmp\ccMGClgc.s 			page 20


 257 0638 2ABB6564 		.ascii	"*\273ed\316\356\317\366\203\357\224v\370\330\271\226"
 257      CEEECFF6 
 257      83EF9476 
 257      F8D8B996 
 258 0648 2E7EEB70 		.ascii	".~\353p\364[e?\347\376V\201:\373V)\341\310\267J\363"
 258      F45B653F 
 258      E7FE5681 
 258      3AFB5629 
 258      E1C8B74A 
 259 065d 6493C39F 		.ascii	"d\223\303\237\336Q\007\331m\256e\344\005\273\370\376"
 259      DE5107D9 
 259      6DAE65E4 
 259      05BBF8FE 
 260 066d 84DEBFDB 		.ascii	"\204\336\277\333\267\276\344\360(\033cdwI\266\037\236"
 260      B7BEE4F0 
 260      281B6364 
 260      7749B61F 
 260      9E
 261 067e 64CAD9AE 		.ascii	"d\312\331\256=\365\276x\206)\275\027G\035*\234\251\244"
 261      3DF5BE78 
 261      8629BD17 
 261      471D2A9C 
 261      A9A4
 262 0690 CAD1E289 		.ascii	"\312\321\342\211\334\000\234\313\224\211\351\361wq\036"
 262      DC009CCB 
 262      9489E9F1 
 262      77711E
 263 069f ABEFBB3C 		.ascii	"\253\357\273<T\250\306ET\321n}\345,\364s\335|\002C\202"
 263      54A8C645 
 263      54D16E7D 
 263      E52CF473 
 263      DD7C0243 
 264 06b4 5D579CCA 		.ascii	"]W\234\312\237z\\q\016\203\333\225?\260\2524\001j\252"
 264      9F7A5C71 
 264      0E83DB95 
 264      3FB0AA34 
 264      016AAA
 265 06c7 84042893 		.ascii	"\204\004(\223B\347m\333:\021k\227b\347\035\007N\021"
 265      42E76DDB 
 265      3A116B97 
 265      62E71D07 
 265      4E11
 266 06d9 FB993CAF 		.ascii	"\373\231<\257;\007\253D\350!Yo\335\310z\021\371W)\322"
 266      3B07AB44 
 266      E821596F 
 266      DDC87A11 
 266      F95729D2 
 267 06ed E3E8F23C 		.ascii	"\343\350\362<\016J\271E\350\000GL\225\256\244\252\202"
 267      0E4AB945 
 267      E800474C 
 267      95AEA4AA 
 267      82
 268 06fe A43A0A49 		.ascii	"\244:\012I\3659H\005H9H5\310\021\020\207g\242\225U\221"
 268      F5394805 
 268      48394835 
 268      C8111087 
 268      67A29555 
ARM GAS  C:\cygwin\tmp\ccMGClgc.s 			page 21


 269 0713 0CAE9C97 		.ascii	"\014\256\234\227\301t\217\325Vy\3571\231`P_ \335w\325"
 269      C1748FD5 
 269      5679EF31 
 269      9960505F 
 269      20DD77D5 
 270 0727 944E6824 		.ascii	"\224Nh$\247\224\340\026\252\001o\376k\317N&j\220\023"
 270      A794E016 
 270      AA016FFE 
 270      6BCF4E26 
 270      6A9013
 271 073a 3A1D746F 		.ascii	":\035to\201J\217-P\376\360\341i_\257-\340\364\332\002"
 271      814A8F2D 
 271      50FEF0E1 
 271      695FAF2D 
 271      E0F4DA02 
 272 074e B5AE2D40 		.ascii	"\265\256-@J\375\206\270$KRR\202%1%\321\246Z\365\341"
 272      4AFD86B8 
 272      244B5252 
 272      82253125 
 272      D1A65AF5 
 273 0763 EF830C8A 		.ascii	"\357\203\014\212\210\260\260p\366KM\013\007{\370\246"
 273      88B0B070 
 273      F64B4D0B 
 273      077BF8A6 
 274 0773 D4CDB6B4 		.ascii	"\324\315\266\264p\363\272\017\242\243\330\377\312\230"
 274      70F3BA0F 
 274      A2A3D8FF 
 274      CA98
 275 0781 8C8C7057 		.ascii	"\214\214pW\317\260x\305\2024[rt\224%>)5~#%\3625\031"
 275      CFB078C5 
 275      82345B72 
 275      7494253E 
 275      29357E23 
 276 0799 0C96757F 		.ascii	"\014\226u\177\331d]n]\257IOL\261\201\325\246\263X\204"
 276      D9645D6E 
 276      5DAF494F 
 276      4CB181D5 
 276      A6B35884 
 277 07ad EAC7F1EF 		.ascii	"\352\307\361\357\306n\332\234\372\351\346\270\344\240"
 277      C66EDA9C 
 277      FAE9E6B8 
 277      E4A0
 278 07bb F58949D6 		.ascii	"\365\211I\326\264\330O\343\343C\3436'\207\246\244\246"
 278      B4D84FE3 
 278      E343E336 
 278      2787A6A4 
 278      A6
 279 07cc 5843AD71 		.ascii	"XC\255q"
 280 07d0 9F2486C6 		.ascii	"\237$\206\306X~\023\032\025\021\031\023\353\325\034"
 280      587E131A 
 280      15111913 
 280      EBD51C
 281 07df 9B98129F 		.ascii	"\233\230\022\237\224\236`\215M\216\213\337\220\230b"
 281      949E608D 
 281      4D8E8BDF 
 281      909862
 282 07ee 8DB52458 		.ascii	"\215\265$X\327\307\245'\331,6\030.-l\203\342\375\377"
ARM GAS  C:\cygwin\tmp\ccMGClgc.s 			page 22


 282      D7C7A527 
 282      D92C3618 
 282      2E2D6C83 
 282      E2FDFF
 283 0801 9D3BCD96 		.ascii	"\235;\315\226\000\216\002\027g0\251\215k\327\032V\256"
 283      008E0217 
 283      6730A98D 
 283      6BD71A56 
 283      AE
 284 0812 32F9903F 		.ascii	"2\371\220?lXc\322,[\375^\244\311\274\216V\242\204J4"
 284      6C5863D2 
 284      2C5BFD5E 
 284      A4C9BC8E 
 284      56A2844A 
 285 0827 A9684D2B 		.ascii	"\251hM+\314+L\177X\261<B\263\314(\200\214\014$\332\""
 285      CC2B4C7F 
 285      58B13C42 
 285      B3CC2880 
 285      8C0C24DA 
 286 083c D58460C5 		.ascii	"\325\204`\305\207&RF\271\312h(ED\224\232\364\246\026"
 286      87265246 
 286      B9CA6828 
 286      4544949A 
 286      F4A616
 287 084f 23458896 		.ascii	"#E\210\226h-\351\273\326H\332Ho\261\026\315j\002.FK"
 287      682DE9BB 
 287      D648DA48 
 287      6FB116CD 
 287      6A022E46 
 288 0864 185C56A3 		.ascii	"\030\\V\243\200\023\254\277\364yo\271\001\346bv7\375"
 288      8013ACBF 
 288      F4796FB9 
 288      01E66276 
 288      37FD
 289 0876 4A69361B 		.ascii	"Ji6\033V\231t0\3315Qf2\325\237y&\2015\303\026n\370\300"
 289      56997430 
 289      D9355166 
 289      32D59F79 
 289      268135C3 
 290 088e BCC60CCB 		.ascii	"\274\306\014\313\037N\027{}Ldd\206\025B\344k\374\243"
 290      1F4E177B 
 290      7D4C6464 
 290      861542E4 
 290      6BFCA3
 291 08a1 4958EA45 		.ascii	"IX\352EB2}\022\027\2771}\223%!59.1\205f\204\337\312"
 291      42327D12 
 291      17BF317D 
 291      93252135 
 291      392E3185 
 292 08b9 B5CBCCAB 		.ascii	"\265\313\314\253\005 ^f0\371\274\277\342O&\365\357\214"
 292      05205E66 
 292      30F9BCBF 
 292      E24F26F5 
 292      EF8C
 293 08cb EB48C999 		.ascii	"\353H\311\231MJ\250\032L*\372\037\371O6\021cF"
 293      4D4AA81A 
 293      4C2AFA1F 
ARM GAS  C:\cygwin\tmp\ccMGClgc.s 			page 23


 293      F94F3611 
 293      6346
 294              		.text
 295              		.section	.gnu.lto_.symtab.9c5d27f,"",%progbits
 296 0000 68616C5F 		.ascii	"hal_lld_init\000\000\000\000\000\000\000\000\000\000"
 296      6C6C645F 
 296      696E6974 
 296      00000000 
 296      00000000 
 297 0016 0000AC00 		.ascii	"\000\000\254\000\000\000stm32_clock_init\000\000\000"
 297      00007374 
 297      6D33325F 
 297      636C6F63 
 297      6B5F696E 
 298 002f 00000000 		.ascii	"\000\000\000\000\000\000\000\000\000\256\000\000\000"
 298      00000000 
 298      00AE0000 
 298      00
 299              		.text
 300              		.section	.gnu.lto_.opts,"",%progbits
 301 0000 272D666E 		.ascii	"'-fno-trapv' '-mcpu=cortex-m4' '-mno-thumb-interwor"
 301      6F2D7472 
 301      61707627 
 301      20272D6D 
 301      6370753D 
 302 0033 6B272027 		.ascii	"k' '-mthumb' '-ggdb' '-O2' '-fomit-frame-pointer' '"
 302      2D6D7468 
 302      756D6227 
 302      20272D67 
 302      67646227 
 303 0066 2D66616C 		.ascii	"-falign-functions=16' '-ffunction-sections' '-fdata"
 303      69676E2D 
 303      66756E63 
 303      74696F6E 
 303      733D3136 
 304 0099 2D736563 		.ascii	"-sections' '-fno-common' '-flto'\000"
 304      74696F6E 
 304      73272027 
 304      2D666E6F 
 304      2D636F6D 
 305              		.text
 306              		.comm	__gnu_lto_v1,1,1
 307              		.comm	__gnu_lto_slim,1,1
 308              		.ident	"GCC: (GNU Tools for ARM Embedded Processors) 4.9.3 20141119 (release) [ARM/embedded-4_9-br
ARM GAS  C:\cygwin\tmp\ccMGClgc.s 			page 24


DEFINED SYMBOLS
                            *ABS*:00000000 hal_lld.c
                            *COM*:00000001 __gnu_lto_v1
                            *COM*:00000001 __gnu_lto_slim

NO UNDEFINED SYMBOLS
