ARM GAS  C:\cygwin\tmp\ccggoDQT.s 			page 1


   1              		.syntax unified
   2              		.cpu cortex-m4
   3              		.fpu softvfp
   4              		.eabi_attribute 20, 1
   5              		.eabi_attribute 21, 1
   6              		.eabi_attribute 23, 3
   7              		.eabi_attribute 24, 1
   8              		.eabi_attribute 25, 1
   9              		.eabi_attribute 26, 1
  10              		.eabi_attribute 30, 2
  11              		.eabi_attribute 34, 1
  12              		.eabi_attribute 18, 4
  13              		.thumb
  14              		.file	"nvic.c"
  15              		.text
  16              	.Ltext0:
  17              		.section	.gnu.lto_.profile.9c5df49,"",%progbits
  18 0000 789C6366 		.ascii	"x\234cf```a\200\000F\006\021A\000\000\255\000."
  18      60606061 
  18      80004606 
  18      11410000 
  18      AD002E
  19              		.text
  20              		.section	.gnu.lto_.jmpfuncs.9c5df49,"",%progbits
  21 0000 789C6366 		.ascii	"x\234cf\300\016D\24143\003\023##s}=#\020\3243A\330\014"
  21      C00E44A1 
  21      34330313 
  21      2323737D 
  21      3D2310D4 
  22 0018 0019A502 		.ascii	"\000\031\245\002\253"
  22      AB
  23              		.text
  24              		.section	.gnu.lto_.inline.9c5df49,"",%progbits
  25 0000 789C6366 		.ascii	"x\234cf\300\016\022\24143\003\003\027'#\023##\220\015"
  25      C00E12A1 
  25      34330303 
  25      17272313 
  25      2323900D 
  26 0014 C42C6C1F 		.ascii	"\304,l\037\364\030\330\026\310310]\340ga\000\3628\200"
  26      F418D816 
  26      C8333130 
  26      5DE06761 
  26      00F23880 
  27 0028 121C4029 		.ascii	"\022\034@)\016v\240\032\240\012f\226\005\362\020\025"
  27      0E76A01A 
  27      A00A6696 
  27      05F21015 
  28 0038 404916A0 		.ascii	"@I\026\240$\013\003\023\003+\013##\310\010f\240.$\355"
  28      240B0313 
  28      032B0B23 
  28      23C80866 
  28      A02E24ED 
  29 004c 200000EE 		.ascii	" \000\000\356\271\011\364"
  29      B909F4
  30              		.text
  31              		.section	.gnu.lto_.pureconst.9c5df49,"",%progbits
  32 0000 789C6366 		.ascii	"x\234cf```g\200\000f\006)F)&)\000\001\274\000_"
ARM GAS  C:\cygwin\tmp\ccggoDQT.s 			page 2


  32      60606067 
  32      80006606 
  32      29462926 
  32      290001BC 
  33              		.text
  34              		.section	.gnu.lto_nvicEnableVector.9c5df49,"",%progbits
  35 0000 789C9552 		.ascii	"x\234\225RKk\023Q\024\276\337\235\311sJ\024\227\021"
  35      4B6B1351 
  35      14BEDF9D 
  35      C9734A14 
  35      9711
  36 0012 D185A10B 		.ascii	"\321\205\241\013i\306\205?\300\342\272 \376\003\311"
  36      69C6853F 
  36      C0E2BA20 
  36      FE03C9
  37 0021 C6824D4A 		.ascii	"\306\202MJ+\342\2567ih\026\012-\331X,\331\330\212\217"
  37      2BE2AE37 
  37      6968160A 
  37      2DD9582C 
  37      D9D88A8F 
  38 0035 D854AB51 		.ascii	"\330T\253Q\033\253\014\005\245\013\265\006#\226P\322"
  38      1BAB0C05 
  38      A50BB506 
  38      239650D2 
  39 0045 85F1DD85 		.ascii	"\205\361\335\205\251\201d\026\245\2363\023\025i\027"
  39      A9816416 
  39      A59E3313 
  39      156917
  40 0054 3ACCDC7B 		.ascii	":\314\334{\317\343;\337w\316\035M\354|\302\364\365j"
  40      CFE33BDF 
  40      77CE1D4D 
  40      EC7CC2F4 
  40      F56A
  41 0066 421CA31D 		.ascii	"B\034\243\035\232\200\234x%D\322/\001>\010\210\021\211"
  41      9A809C78 
  41      2544D22F 
  41      013E0888 
  41      1189
  42 0078 117C910D 		.ascii	"\021|\221\015\211\011+?it_SJ}\317\256$OZ\260\245\020"
  42      89092B3F 
  42      69745F53 
  42      4A7DCFAE 
  42      244F5AB0 
  43 008e 3FA45B07 		.ascii	"?\244[\007\327\321M9\225\325\367c\272\026\205\240\363"
  43      D7D14D39 
  43      95D5F763 
  43      BA1685A0 
  43      F3
  44 009f 42A1F9D2 		.ascii	"B\241\371\322\370,m\211Cl\226\262\313\223^6\245\316"
  44      F82C6D89 
  44      436C96B2 
  44      CB935E36 
  44      A5CE
  45 00b1 66F149E1 		.ascii	"f\361I\341\371\236\310\264R)ky^\035\327m\251\341\006"
  45      F99EC8B4 
  45      52296B79 
  45      5E1DD76D 
ARM GAS  C:\cygwin\tmp\ccggoDQT.s 			page 3


  45      A9E106
  46 00c4 34AA879B 		.ascii	"4\252\207\233\010\343\026\302\202\\\002yD(\373\365\225"
  46      08E316C2 
  46      825C0279 
  46      4428FBF5 
  46      95
  47 00d5 6645D78E 		.ascii	"fE\327\216:u\313\205\027\225\016r\355\027\362\366.\310"
  47      3A75CB85 
  47      17950E72 
  47      ED17F2F6 
  47      2EC8
  48 00e7 594438BD 		.ascii	"YD8\275\221\336zgx\323${\257\253\026\005xA\373\334>"
  48      91DE7A67 
  48      78D3247B 
  48      AFAB1605 
  48      7841FBDC 
  49 00fc 4B6D6F4F 		.ascii	"KmoO\0277\314\020\300\331\222p\272\306\213\007\314\353"
  49      1737CC10 
  49      C0D99270 
  49      BAC68B07 
  49      CCEB
  50 010e A3A3C74F 		.ascii	"\243\243\307O\2137\300K\220\027\203}B\324\251\020\017"
  50      8B37C04B 
  50      9017837D 
  50      42D4A910 
  50      0F
  51 011f E88394BC 		.ascii	"\350\203\224\274kU\244V3\265O\036\256\335\222\262%!"
  51      6B55A456 
  51      33B54F1E 
  51      AEDD92B2 
  51      2521
  52 0131 AA185DF3 		.ascii	"\252\030]\363\272\266F.R2S^/k<\001\237.0G2\253X\312"
  52      BAB6462E 
  52      5232535E 
  52      2F6B3C01 
  52      9F2E3047 
  53 0149 825328B8 		.ascii	"\202S(\270\371M\345t\016\372\325\322\250\012\261\362"
  53      F94DE574 
  53      0EFAD5D2 
  53      A80AB1F2 
  54 0159 F5FA4AD9 		.ascii	"\365\372J\331\357\270\004\233W\337\266\277\206r\230"
  54      EFB8049B 
  54      57DFB6BF 
  54      867298
  55 0168 4A2A65F9 		.ascii	"J*e\371l\031\300\035\352\366.\225\341\240=s\311\350"
  55      6C19C01D 
  55      EAF62E95 
  55      E1A03D73 
  55      C9E8
  56 017a C9AB345D 		.ascii	"\311\2534]J\020\363\310a\323\271\030\212\\\274\\n\373"
  56      4A10F3C8 
  56      61D3B918 
  56      8A5CBC5C 
  56      6EFB
  57 018c CD59954E 		.ascii	"\315Y\225NZ\373\211\032\367\320\323\342\026h\020\367"
  57      5AFB891A 
  57      F7D0D3E2 
ARM GAS  C:\cygwin\tmp\ccggoDQT.s 			page 4


  57      166810F7 
  58 019c 61923856 		.ascii	"a\2228VZ\033\373\230\351\210\367Q\224`\033o\246J]L\356"
  58      5A1BFB98 
  58      E988F751 
  58      94601B6F 
  58      A64A5D4C 
  59 01b1 F508141D 		.ascii	"\365\010\024\035\261\251Z\246\242\271I~.A\270v\247\303"
  59      B1A95AA6 
  59      A2B9497E 
  59      2E41B876 
  59      A7C3
  60 01c3 00B908B4 		.ascii	"\000\271\010\2648>\376\314\347\200\016\012<p@\277\207"
  60      383EFECC 
  60      E7800E0A 
  60      3C7040BF 
  60      87
  61 01d4 10C4E130 		.ascii	"\020\304\3410%\272u\232\322u\032\344\377k\014\377\332"
  61      25BA759A 
  61      D2751AE4 
  61      FF6B0CFF 
  61      DA
  62 01e5 A481874E 		.ascii	"\244\201\207N\223\330\321\344\001[v\341\0217\351s\232"
  62      93D8D1E4 
  62      015B76E1 
  62      1137E973 
  62      9A
  63 01f6 5CE0260D 		.ascii	"\\\340&\015\207\244\3614\372\3374%\207F\356N\363\370"
  63      87A4F134 
  63      FADF3425 
  63      8746EE4E 
  63      F3F8
  64 0208 0FCDA24B 		.ascii	"\017\315\242KSC\322\332r&\311\336:\351\243\337\203\320"
  64      5343D2DA 
  64      7226C9DE 
  64      3AE9A3DF 
  64      83D0
  65 021a 47A251D3 		.ascii	"G\242Q\323}\023\303\346\231\323g\315\301\304\320\271"
  65      7D13C3E6 
  65      99D367CD 
  65      C1C4D0B9 
  66 022a 61339618 		.ascii	"a3\226\030\030H\304\315\336S}'\372.\230\361\363\375"
  66      1848C4CD 
  66      DE537D27 
  66      FA2E98F1 
  66      F3FD
  67 023c B1684C20 		.ascii	"\261hL \256\017\016\365'~\002\340\355+\014"
  67      AE0F0EF5 
  67      277E02E0 
  67      ED2B0C
  68              		.text
  69              		.section	.gnu.lto_nvicDisableVector.9c5df49,"",%progbits
  70 0000 789C8D51 		.ascii	"x\234\215QMk\023Q\024}\347\276\311$v\244\212\253\022"
  70      4D6B1351 
  70      147DE7BE 
  70      C92476A4 
  70      8AAB12
  71 0013 115D58BA 		.ascii	"\021]X\272\220\346\375\005EpW\220\376\203\222\215\202"
ARM GAS  C:\cygwin\tmp\ccggoDQT.s 			page 5


  71      90E6FD05 
  71      45705790 
  71      FE83928D 
  71      82
  72 0024 49C48AB8 		.ascii	"I\304\212\270\353K\023\353B\241\245\033\003m6Vm56\375"
  72      EB4B13EB 
  72      42A1A51B 
  72      036D3656 
  72      6D3536FD 
  73 0038 88552C0A 		.ascii	"\210U,\012CAQ\360\203jE)\022\021#\370\265hk\241\231"
  73      434151F0 
  73      836A4529 
  73      121123F8 
  73      B5686BA1 
  74 004d 85ADF7CE 		.ascii	"\205\255\367\316t!t\3430s\337\273\347\235{\316\275\363"
  74      742174E3 
  74      3073DFBB 
  74      E79D7BCE 
  74      BDF3
  75 005f B4DAF924 		.ascii	"\264\332\371$\371\313\220R\206Wh\005\032z\245T>A\200"
  75      F9CB9052 
  75      86576805 
  75      1A7AA554 
  75      3E4180
  76 0072 6C14541F 		.ascii	"l\024T\037\241\017\337i\2250\344WJ^\307Mk\355\312\233"
  76      A10FDF69 
  76      9530E457 
  76      4A5EC74D 
  76      6BEDCA9B 
  77 0086 99B64B6D 		.ascii	"\231\266Km\001\227\375\246H\006\343\350`\312\322\207"
  77      0197FDA6 
  77      4806E3E8 
  77      60CAD287 
  78 0096 2F038E4E 		.ascii	"/\003\216NA\361\376au\375\245\367\215\002\302!I\347"
  78      41F1FE61 
  78      75FDA5F7 
  78      8D02C221 
  78      49E7
  79 00a8 879F955C 		.ascii	"\207\237\225\\I\311\221t\356q\365\351\236\3661k\373"
  79      49C99174 
  79      EE71F5E9 
  79      9EF6316B 
  79      FB
  80 00b9 FDE7B3F6 		.ascii	"\375\347\263\366\250\023\220\306\0044\353\3416\222\270"
  80      A81390C6 
  80      0434EBE1 
  80      3692B8
  81 00c8 83A46248 		.ascii	"\203\244bH\241\202v\241\257\026\377\274\367\334\"{\357"
  81      A18276A1 
  81      AF16FFBC 
  81      F7DC227B 
  81      EF
  82 00d9 8D3C7117 		.ascii	"\215<q\027.x\235\332\347\333\255\255\261[\2435\247\005"
  82      2E789DDA 
  82      E7DBADAD 
  82      B15BA335 
  82      A705
ARM GAS  C:\cygwin\tmp\ccggoDQT.s 			page 6


  83 00eb 103A71A1 		.ascii	"\020:q\241\2439\304\034\0111\011\256`J5\270R\306\372"
  83      A339C41C 
  83      093109AE 
  83      604A35B8 
  83      52C6FA
  84 00fe 4A24AB5E 		.ascii	"J$\253^F\241>\260Y:)b\033D\033\354C\370\365vd~\2674"
  84      46A13EB0 
  84      593A2962 
  84      1B441BEC 
  84      43F8F576 
  85 0116 CAA598E4 		.ascii	"\312\245\230\344>\226\321_\277\274\244#\222f\022#\205"
  85      3E96D15F 
  85      BFBCA423 
  85      92661223 
  85      85
  86 0127 A61BE50E 		.ascii	"\246\033\345\016C\\\364hp\360I<,:\250P\015\213\012\037"
  86      435CF468 
  86      70F0493C 
  86      2C3AA850 
  86      0D8B0A1F 
  87 013b B729311C 		.ascii	"\267)1\034N21\322Y\247\010\024\234\221\205aH\316\012"
  87      4E3231D2 
  87      59A70814 
  87      9C918561 
  87      48CE0A
  88 014e 6B3F6DD9 		.ascii	"k?m\331\021\005\327.\024l\253\014\375\251\361z1\021"
  88      1105D72E 
  88      146CAB0C 
  88      FDA9F17A 
  88      3111
  89 0160 424AD2EB 		.ascii	"BJ\322\353\357\232?Z\313\030\311[\353\307\003\212c\212"
  89      EF9A3F5A 
  89      CB18C95B 
  89      EBC7038A 
  89      638A
  90 0172 7FD4347B 		.ascii	"\177\3244{\311ap\343\252\327Y\261E\004\224\300\014\312"
  90      C96170E3 
  90      AAD759B1 
  90      450494C0 
  90      0CCA
  91 0184 580B6F86 		.ascii	"X\013o\206O\256\\[l&\314\244-\346\375\003\001\355\302"
  91      4FAE5C5B 
  91      6C26CCA4 
  91      2DE6FD03 
  91      01EDC2
  92 0197 2C3A79D6 		.ascii	",:y\326\360\322j0\334\211\264\2612\375\342sl\273\223"
  92      F0D26A30 
  92      DC89B4B1 
  92      32FDE273 
  92      6CBB93
  93 01aa FFF569C1 		.ascii	"\377\365i\301\275\320\007;|\366\007\344aN|\020\372\334"
  93      BDD0073B 
  93      7CF607E4 
  93      614E7C10 
  93      FADC
  94 01bc 87F9771C 		.ascii	"\207\371w\034\217\241\007\254WG\336\257\235\020Wa5\230"
  94      8FA107AC 
ARM GAS  C:\cygwin\tmp\ccggoDQT.s 			page 7


  94      5747DEAF 
  94      9D105761 
  94      3598
  95 01ce CC97C29D 		.ascii	"\314\227\302\235\035I\245L\364\346z\315\251\2363\346"
  95      1D49A54C 
  95      F4E67ACD 
  95      A99E33E6 
  96 01de 6CEEDCF9 		.ascii	"l\356\334\371^\223\316e2\271\2549\326\335u\274\353\242"
  96      5E93CE65 
  96      32B9AC39 
  96      D6DD75BC 
  96      EBA2
  97 01f0 C95E389D 		.ascii	"\311^8\235N\245\025\262\177\001@\014\344:"
  97      4EA515B2 
  97      7F01400C 
  97      E43A
  98              		.text
  99              		.section	.gnu.lto_nvicSetSystemHandlerPriority.9c5df49,"",%progbits
 100 0000 789C6D51 		.ascii	"x\234mQ=hSQ\024>\337\271//\321\250\025\247\022\027\227"
 100      3D685351 
 100      143EDFB9 
 100      2F2FD1A8 
 100      15A71217 
 101 0015 D0419AB7 		.ascii	"\320A\232\26798)\202[\027G\267\022\205\026\332\274\222"
 101      39382982 
 101      5B1747B7 
 101      128516DA 
 101      BC92
 102 0027 8AB8F5A6 		.ascii	"\212\270\365\246}\342\"\245d*\225\342\020\305j\332\324"
 102      7DE222A5 
 102      642A95E2 
 102      10C56ADA 
 102      D4
 103 0038 561D747A 		.ascii	"V\035tz:H)Z\015\024*\2415\024\"(\202\330\037\010\017"
 103      3A48295A 
 103      0D142AA1 
 103      35142228 
 103      82D81F08 
 104 004d 5AE33909 		.ascii	"Z\3439\011\235\364r\377\316\317\367\235\357\334k\350"
 104      9DF472FF 
 104      CECFF79D 
 104      EFDC6BE8 
 105 005d DF9192B5 		.ascii	"\337\221\222\265\015\242\213r\302\020xj\215\250\220"
 105      0DA28B72 
 105      C210786A 
 105      8DA890
 106 006c 60402F04 		.ascii	"`@/\004\032c\214\341\007\3570\246\302\362t\262\347\261"
 106      1A638CE1 
 106      07EF30A6 
 106      C2F274B2 
 106      E7B1
 107 007e B5F677F1 		.ascii	"\265\366w\361U\367\335\356\210\211\366\270C\203'\350"
 107      55F7DDEE 
 107      8889F6B8 
 107      438327E8 
 108 008e 91948773 		.ascii	"\221\224\207s\033\363]&\003\222\373\353\312\376\307"
 108      1BF35D26 
ARM GAS  C:\cygwin\tmp\ccggoDQT.s 			page 8


 108      0392FBEB 
 108      CAFEC7
 109 009d E4778E18 		.ascii	"\344w\216\030\347\324|S\\\231v\325dG\315\245\203\340"
 109      E7D47C53 
 109      5C9976D5 
 109      6447CDA5 
 109      83E0
 110 00af 00E992B5 		.ascii	"\000\351\222\265\343\341\346\262\275\344Dl0\007#|x\212"
 110      E3E1E6B2 
 110      BDE4446C 
 110      3007237C 
 110      788A
 111 00c1 149E2145 		.ascii	"\024\236!E\342\"\224\221\226\354\3173\373\353\216\271"
 111      E2229491 
 111      96ECCF33 
 111      FBEB8EB9 
 112 00d1 D0E6AD56 		.ascii	"\320\346\255V>\254wu\220\177\216\220\363\377A. \255"
 112      3EAC7775 
 112      907F8E90 
 112      F3FF412E 
 112      20AD
 113 00e3 E93BC1E1 		.ascii	"\351;\301\341F\322\015D\365\351\303#\301\250\300\225"
 113      46D20D44 
 113      F5E9C323 
 113      C1A8C095 
 114 00f3 9E69F14C 		.ascii	"\236i\361Lh[\255\322\373\267[.\342\200BX\300\216\321"
 114      685BADD2 
 114      FBB75B2E 
 114      E2804258 
 114      C08ED1
 115 0106 2D062D4E 		.ascii	"-\006-N\324\020\204\276\3057f=M\015\343_\356\375\232"
 115      D41084BE 
 115      C537663D 
 115      4D0DE35F 
 115      EEFD9A
 116 0119 B9AE244D 		.ascii	"\271\256$M\346&\203j\230\330t;\266\021\227T}T\255W\215"
 116      E626836A 
 116      98D8743B 
 116      B6119754 
 116      7D54AD57 
 117 012e 761B7308 		.ascii	"v\033s\010\213\"\251\206wEh\212\004\177\356N\326\217"
 117      8B22A986 
 117      7745688A 
 117      047FEE4E 
 117      D68F
 118 0140 6BD0B5B5 		.ascii	"k\320\265\265\011{JU\326\033\237\252\211\266\213\332"
 118      097B4A55 
 118      D61B9FAA 
 118      89B68BDA 
 119 0150 AFB3DA5A 		.ascii	"\257\263\332Z=1\213\007\005kC7\3428\236KgKB\243\301"
 119      3D318B07 
 119      056B4337 
 119      E2389E4B 
 119      674B42A3 
 120 0165 C9BD95ED 		.ascii	"\311\275\225\355c\275e\033 \342\004\2261\213\335\366"
 120      63BD651B 
 120      20E20496 
ARM GAS  C:\cygwin\tmp\ccggoDQT.s 			page 9


 120      318BDDF6 
 121 0175 2F48A8B2 		.ascii	"/H\250\262V\272\177\322[\260A!<+\265\361\002\275M\216"
 121      56BA7FD2 
 121      5BB04121 
 121      3C2BB5F1 
 121      02BD4D8E 
 122 0189 B53FE825 		.ascii	"\265?\350%<QG_Q\010\267\256\252\020\3656D\274\364$\360"
 122      3C51475F 
 122      5108B7AE 
 122      AA10F536 
 122      44BCF424 
 123 019e F3998CD7 		.ascii	"\363\231\214\327\231\376\2507\320?\344\215\370\371["
 123      99FEA837 
 123      D03FE48D 
 123      F8F95B
 124 01ad A35ED61F 		.ascii	"\243^\326\037\036\366s\336\345k}W\372\356x\271\333\203"
 124      1EF673DE 
 124      E56B7D57 
 124      FAEE78B9 
 124      DB83
 125 01bf D94C96E2 		.ascii	"\331L\226\342\003\375\271\033C7\363\316H~\320\377\013"
 125      03FDB91B 
 125      4337F3CE 
 125      487ED0FF 
 125      0B
 126 01d0 1F1BBA66 		.ascii	"\037\033\272f"
 127              		.text
 128              		.section	.gnu.lto_.symbol_nodes.9c5df49,"",%progbits
 129 0000 789C6366 		.ascii	"x\234cf``0e\200\002\246\377\214\365\014\014\023\316"
 129      60603065 
 129      8002A6FF 
 129      8CF50C0C 
 129      13CE
 130 0012 3130D4D7 		.ascii	"10\324\3273\314[\300\301\300\324\300T\317\210\"\320"
 130      33CC5BC0 
 130      C1C0D4C0 
 130      54CF8822 
 130      D0
 131 0023 C854CF84 		.ascii	"\310T\317\204,\300\000\000\232\304\016\252"
 131      2CC00000 
 131      9AC40EAA 
 132              		.text
 133              		.section	.gnu.lto_.refs.9c5df49,"",%progbits
 134 0000 789C6366 		.ascii	"x\234cf```d\200\002\000\000=\000\005"
 134      60606064 
 134      80020000 
 134      3D0005
 135              		.text
 136              		.section	.gnu.lto_.decls.9c5df49,"",%progbits
 137 0000 789CBD58 		.ascii	"x\234\275X{P\223W\026\317\315\015\257\020\240\253\273"
 137      7B509357 
 137      16CFCD0D 
 137      AF10A0AB 
 137      BB
 138 0011 DA61BAB3 		.ascii	"\332a\272\263\324\3160v[\305\266n\333\335\177*E\273"
 138      D4CE3076 
 138      5BC5B66E 
ARM GAS  C:\cygwin\tmp\ccggoDQT.s 			page 10


 138      DBDD7F2A 
 138      45BB
 139 0023 D21DBA6C 		.ascii	"\322\035\272lh\375c\353,\245\230Vv\004\034\210;\355"
 139      68FD63EB 
 139      2CA59856 
 139      76041C88 
 139      3BED
 140 0035 7F1F846A 		.ascii	"\177\037\204j\220\207\224\207\202\010F\001A\002\310"
 140      90879487 
 140      82084601 
 140      4102C8
 141 0044 AB08C85B 		.ascii	"\253\010\310[\241  \240(\"\010\361QA@\036\212\002B\311"
 141      A12020A0 
 141      282208F1 
 141      5141401E 
 141      8A0242C9 
 142 0058 9E7BEFF7 		.ascii	"\236{\357\367%\341\023\330\316\354\316f8I\316w~\367"
 142      25E113D8 
 142      CEECCE66 
 142      3849CE77 
 142      7EF7
 143 006a DCDF39F7 		.ascii	"\334\3379\367\336s\017\301\022\211d\033\222H\214\360"
 143      DE730FC1 
 143      1289641B 
 143      92488CF0 
 144 007a F25A2F91 		.ascii	"\362Z/\221\374]*\221\310\340\231\267\304\374\302 e "
 144      FC5D2A91 
 144      C8E099B7 
 144      C4FCC220 
 144      6520
 145 008c 95205592 		.ascii	"\225 U\222\027_\304\346\300\217q\004Q\200\024\202\254"
 145      175FC4E6 
 145      C08F7104 
 145      51801482 
 145      AC
 146 009d 037915E4 		.ascii	"\003y\025\344c\220Fb\203y\024 S\360\275\003\244\205"
 146      63904662 
 146      83791420 
 146      53F0BD03 
 146      A485
 147 00af F76D07CF 		.ascii	"\367m\007\317$ \213\354\203\372\023\277*y\277\3429\004"
 147      24208BEC 
 147      83FA13BF 
 147      2A79BFE2 
 147      3904
 148 00c1 FF826FC1 		.ascii	"\377\202o\301\357\024?'\204#\221#6\007\342\375\210_"
 148      EF143F27 
 148      84239123 
 148      3607E2FD 
 148      885F
 149 00d3 2426BB15 		.ascii	"$&\273\025\370\023\037\2760\360\037 .\274\017/\376\263"
 149      F8131FBE 
 149      30F01F20 
 149      2EBC0F2F 
 149      FEB3
 150 00e5 8AE71B84 		.ascii	"\212\347\033\204\226\372\233\222\242\212\202\351v\373"
 150      96FA9B92 
ARM GAS  C:\cygwin\tmp\ccggoDQT.s 			page 11


 150      A28A82E9 
 150      76FB
 151 00f3 61297294 		.ascii	"a)r\224\273\020\2652\2769\331\032T\205\\F\324\332\232"
 151      BB10B532 
 151      BE39D91A 
 151      54855C46 
 151      D4DA9A
 152 0106 D9263996 		.ascii	"\331&9\226\"\362=#\371N\267\374\315\\\216\343\264\\"
 152      22F23D23 
 152      F94EB7FC 
 152      CD5C8EE3 
 152      B45C
 153 0118 DD4D6476 		.ascii	"\335Mdv\021\2555\264\310\361\032\012\012;s!\332\006"
 153      11AD35B4 
 153      C8F11A0A 
 153      0A3B7321 
 153      DA06
 154 012a C6BF2AA7 		.ascii	"\306\277*\247\246\301\324\271L;\252\222es\202G\322\346"
 154      A6C1D4B9 
 154      4C3BAA92 
 154      65738247 
 154      D2E6
 155 013c 075C8623 		.ascii	"\007\\\206#r\225g\202\243\311\352\370\246W8N\206\316"
 155      72956782 
 155      A3C9EAF8 
 155      A657384E 
 155      86CE
 156 014e 2139D223 		.ascii	"!9\322#\214r\321\233\204*\031M^Z\216\013\347\3424\234"
 156      8C72D19B 
 156      842A194D 
 156      5E5A8E0B 
 156      E7E2349C 
 157 0162 5DB3A304 		.ascii	"]\263\243\004e#g\224\203\234%\250\000\271\002\202bQ"
 157      65236794 
 157      839C25A8 
 157      00B90282 
 157      6251
 158 0174 1E3CCC87 		.ascii	"\036<\314\207\207\340\270q\241&\302\012\311]\227\037"
 158      87E0B871 
 158      A126C20A 
 158      C95D971F 
 159 0184 54B4CC20 		.ascii	"T\264\314 Ja.\343\330:B\241\020(\2345S\000F\246\000"
 159      4A612EE3 
 159      D83A42A1 
 159      10289C35 
 159      530046A6 
 160 0199 B5F98555 		.ascii	"\265\371\205Uv2X \012\372\234f\346xg^\252\302\364\254"
 160      76325820 
 160      0AFA9C66 
 160      E678675E 
 160      AAC2F4AC 
 161 01ad 18D187F9 		.ascii	"\030\321\207\371G\236^R\254O\002\267\204\300K2\344\275"
 161      479E5E52 
 161      AC4F02B7 
 161      84C04B32 
 161      E4BD
 162 01bf CEC44082 		.ascii	"\316\304@\202J\021l[T\202d\314kq\267>]\216\033\021\315"
ARM GAS  C:\cygwin\tmp\ccggoDQT.s 			page 12


 162      4A116C5B 
 162      548264CC 
 162      6B71B73E 
 162      5D8E1B11 
 163 01d4 5B61776F 		.ascii	"[awo.vI\347t\205\223\005\331\3518\205\323\205s\213F"
 163      2E7649E7 
 163      74859305 
 163      D9E93885 
 163      D385738B 
 164 01e9 23A2A3D0 		.ascii	"#\242\243\320\017&^\022\362\235\362Be\310e\005n}%\213"
 164      0F265E12 
 164      F29DF242 
 164      65C86505 
 164      6E7D258B 
 165 01fd E34E2BD2 		.ascii	"\343N+\322(\2474\316\0134\332\242\0175*p8[\343\352\326"
 165      28A734CE 
 165      0B34DAA2 
 165      0F352A70 
 165      385BE3EA 
 166 0212 FA675694 		.ascii	"\372gV\224\206.&\303\272\231\2533\032? \003P\205\005"
 166      862E26C3 
 166      BA99AB33 
 166      1A3F2003 
 166      508505
 167 0225 830A8141 		.ascii	"\203\012\201A%e\220X^\241q\300\211\314A\341\243d\215"
 167      25659058 
 167      5EA171C0 
 167      89CC41E1 
 167      A3648D
 168 0238 0D7370D6 		.ascii	"\015sp\326\344\200\204p\301\302\301\005\301A\025u \354"
 168      E4808470 
 168      C1C2C105 
 168      C1411575 
 168      20EC
 169 024a 99756CCF 		.ascii	"\231ul\317\304\266\036\257\307T5R\227\307\272n\236\227"
 169      C4B61EAF 
 169      C7543552 
 169      97C7BA6E 
 169      9E97
 170 025c E122E6FF 		.ascii	"\341\"\346\377p\337\3316\033\\A\025i\374\275\351,$\254"
 170      70DFD936 
 170      1B5C4115 
 170      69FCBDE9 
 170      2C24AC
 171 026f F8643C87 		.ascii	"\370d<\207_\226\2407\235\321\353\260\334\015\260\334"
 171      5F96A037 
 171      9DD1EBB0 
 171      DC0DB0DC 
 172 027f EBF8E5AE 		.ascii	"\353\370\345\256\206\320k\204\345\256~n@d\271\353!["
 172      86D06B84 
 172      E5AE7E6E 
 172      4064B9EB 
 172      215B
 173 0291 75E6E55E 		.ascii	"u\346\345^gZm\251\241'\353o\313;\275\264\222\323\271"
 173      675A6DA9 
 173      A127EB6F 
 173      CB3BBDB4 
ARM GAS  C:\cygwin\tmp\ccggoDQT.s 			page 13


 173      92D3B9
 174 02a4 8CD6DF10 		.ascii	"\214\326\337\020\247\027\301i\255\331i\275\305\036\272"
 174      A717C169 
 174      ADD969BD 
 174      C51EBA
 175 02b3 111D760C 		.ascii	"\021\035v\014\313\301\251\346\0278E\215H\016c\206\242"
 175      CBC1A9E6 
 175      1738458D 
 175      480E6386 
 175      A2
 176 02c4 B869193D 		.ascii	"\270i\031=\233:\003\215\276\343\262Q\353HOg\304+D?t"
 176      9B3A038D 
 176      BEE3B251 
 176      EB484F67 
 176      C42B443F 
 177 02d9 B9A7D71A 		.ascii	"\271\247\327\032_d\251y\324\220\371\015\233\340\027"
 177      5F64A979 
 177      D490F90D 
 177      9BE017
 178 02e8 6D7E1871 		.ascii	"m~\030q\241\355\3549)\365\317I-k\201\202\325\202\231"
 178      A1EDEC39 
 178      29F5CF49 
 178      2D6B8182 
 178      D58299
 179 02fb 0CC328A2 		.ascii	"\014\303(\242\252\015Q\015\213q\234\023\231\200\343"
 179      AA0D510D 
 179      8B719C13 
 179      9980E3
 180 030a 270083C5 		.ascii	"'\000\203\305\266j'\301\242\215\316\250\2159/)\236\351"
 180      B66A27C1 
 180      A28DCEA8 
 180      8D392F29 
 180      9EE9
 181 031c 705C1347 		.ascii	"p\\\023G\341\034\347\242\246\373\3632\300[)\374\012"
 181      E11CE7A2 
 181      A6FBF332 
 181      C05B29FC 
 181      0A
 182 032d 5A230CA2 		.ascii	"Z#\014\2425ddz\301\312\022\335\262\032z \267\362\222"
 182      3564647A 
 182      C1CA12DD 
 182      B21A7A20 
 182      B7F292
 183 0340 3D6E6771 		.ascii	"=ngq7=\254\211U\260(\254\351\026\254\325G\332Q\332_"
 183      373DAC89 
 183      55B028AC 
 183      E916ACD5 
 183      47DA51DA 
 184 0355 10B5BFF3 		.ascii	"\020\265\277\363\272\236\345l=Q\027\357i\237X\255\034"
 184      BA9EE56C 
 184      3D5117EF 
 184      699F58AD 
 184      1C
 185 0366 45B710C5 		.ascii	"E\267\020\3055\026EM\341X\212\2658\212.\200_\245\360"
 185      3516454D 
 185      E1588AB5 
 185      388A2E80 
ARM GAS  C:\cygwin\tmp\ccggoDQT.s 			page 14


 185      5FA5F0
 186 0379 EB9457B7 		.ascii	"\353\224W\267\300+\363\346\221\023\030_e\274\016\235"
 186      C02BF3E6 
 186      9113185F 
 186      65BC0E9D 
 187 0389 309E76C0 		.ascii	"0\236v\300\375LI\252:\021\317HqToOO;\217\361\035f\274"
 187      FD4C49AA 
 187      3A11CF48 
 187      71546F4F 
 187      4F3B8FF1 
 188 03a0 D4D5A767 		.ascii	"\324\325\247gEWGum\343l\247\014\2170\243\260H\012~\221"
 188      45574775 
 188      6DE36CA7 
 188      0C8F30A3 
 188      B0480A7E 
 189 03b5 1EE43765 		.ascii	"\036\3447e8\342\011>\366\366\256\373l\211t\324\370\354"
 189      38E2093E 
 189      F6F6AEFB 
 189      6C8974D4 
 189      F8EC
 190 03c7 61FD191B 		.ascii	"a\375\031\033<\307\214s\011\221I\314-\207\211n,Knq\300"
 190      3CC78C73 
 190      099149CC 
 190      2D87896E 
 190      2C4B6E71 
 191 03dc 8BCCD896 		.ascii	"\213\314\330\226\222\231\251`#\251\261\257-n^\201\265"
 191      9299A960 
 191      23A9B1AF 
 191      2D6E5E81 
 191      B5
 192 03ed 981A8F4C 		.ascii	"\230\032\217Lv\305\360liAy\224\2650\3026\"\347H9\315"
 192      76C5F06C 
 192      69417994 
 192      B530C236 
 192      22E74839 
 193 0402 9665B39C 		.ascii	"\226e\263\234\262}\311=?\312\247\374=Z\033\353\216v"
 193      B27DC93D 
 193      3FCAA7FC 
 193      3D5A1BEB 
 193      8E76
 194 0414 DAAD9CE3 		.ascii	"\332\255\234\343a!\307C,\307\335W\322\023_\330)?\001"
 194      6121C743 
 194      2CC7DD57 
 194      D2135FD8 
 194      293F01
 195 0427 FC01853F 		.ascii	"\374\001\205?\2449\036\026r<\277xv\302\001\3070\242"
 195      A4391E16 
 195      723CBF78 
 195      76C201C7 
 195      30A2
 196 0439 59753351 		.ascii	"Yu3Q,9:J4\2476>\233'\352D\323\234b(eD')>\242G\333aC"
 196      2C393A4A 
 196      34A7363E 
 196      9B27EA44 
 196      D39C6228 
 197 0457 F509AA67 		.ascii	"\365\011\252g\217_+\264]\231\351\204\300t\2341\235\035"
 197      8F5F2BB4 
ARM GAS  C:\cygwin\tmp\ccggoDQT.s 			page 15


 197      5D99E984 
 197      C0749C31 
 197      9D1D
 198 0469 385FED64 		.ascii	"8_\355df\212\350\201\037\003\370#\012\237\244L'\004"
 198      668AE881 
 198      1F03F823 
 198      0A9FA44C 
 198      2704
 199 047b A68B3573 		.ascii	"\246\2135s\255\012Kt\343j\350\223\335S\251\012|\014"
 199      AD0A4B74 
 199      E36AE893 
 199      DD53A90A 
 199      7C0C
 200 048d 2FD9D30A 		.ascii	"/\331\323\012~OO\352\312\357\330\261\270NQ\2001k,\301"
 200      7E4F4FEA 
 200      CAEFD8B1 
 200      B84E5180 
 200      316B2CC1 
 201 04a1 9602E27E 		.ascii	"\226\002\342~M\364\323\341\225C\016T\327X\021]?\177"
 201      4DF4D3E1 
 201      95430E54 
 201      D758115D 
 201      3F7F
 202 04b3 6D74956D 		.ascii	"mt\225m>#\004\366\214\005\026s\253D&^\201i@?\245\350"
 202      3E2304F6 
 202      8C051673 
 202      AB44265E 
 202      8169403F 
 203 04c9 59CA7446 		.ascii	"Y\312tF`z\243\361V\277\003>\316\230\346\224^7\260\035"
 203      607AA3F1 
 203      56BF033E 
 203      CE98E694 
 203      5E37B01D 
 204 04dd 3849ABC4 		.ascii	"8I\253\304\344\354\302U;\234\311\214\232\274\20199\013"
 204      E4ECC255 
 204      3B9CC98C 
 204      9ABC8139 
 204      390B
 205 04ef 83D42BA7 		.ascii	"\203\324+\247\271\234\250\337\241\015\302k-ys\325\221"
 205      B99CA8DF 
 205      A10DC26B 
 205      2D7973D5 
 205      91
 206 0500 02DA9B3F 		.ascii	"\002\332\233?\361q<\307e\276L\346BsPB\017J\327\232\030"
 206      F1713CC7 
 206      65BE4CE6 
 206      42735042 
 206      0F4AD79A 
 207 0515 A0E794C6 		.ascii	"\240\347\224\306\357\341M\242\343\"\302t\271o4oA\035"
 207      EFE14DA2 
 207      E322C274 
 207      B96F346F 
 207      411D
 208 0527 80ECE491 		.ascii	"\200\354\344\221B\245\200\220,\200\032]\215\336\032"
 208      42A58090 
 208      2C801A5D 
 208      8DDE1A
ARM GAS  C:\cygwin\tmp\ccggoDQT.s 			page 16


 209 0536 90A496CC 		.ascii	"\220\244\226\314\363HSM\\\020\371,\027|\016\212}\032"
 209      F348534D 
 209      5C10F92C 
 209      177C0E8A 
 209      7D1A
 210 0548 2C911CA7 		.ascii	",\221\034\247\323\023$\234|t\203G\012\365\200/Vf\344"
 210      D313249C 
 210      7C748347 
 210      0AF5802F 
 210      5666E4
 211 055b 3901795B 		.ascii	"9\001y[\214\034\020!+\004\344\0351\362\256\010\231/"
 211      8C1C1021 
 211      2B04E41D 
 211      31F2AE08 
 211      992F
 212 056d 207BC5C8 		.ascii	" {\305\310[\242\210*\205\210\356\211#\272oF~\317/\372"
 212      5BA2882A 
 212      8588EE89 
 212      23BA6F46 
 212      7ECF2FFA 
 213 0581 36B50435 		.ascii	"6\265\0045\201\375Gj\"h\270-P\224\324\025-\242\015("
 213      81FD476A 
 213      2268B82D 
 213      5094D415 
 213      2DA20D28 
 214 0595 4CBA011D 		.ascii	"L\272\001\035\006\211\000\321\202\204\203p \032\220"
 214      068900D1 
 214      82848370 
 214      201A90
 215 05a4 EF400E81 		.ascii	"\357@\016\201D\202\374\014X#\332@/=\312\366\002\341"
 215      4482FC0C 
 215      5823DA40 
 215      2F3DCAF6 
 215      02E1
 216 05b6 0027188D 		.ascii	"\000'\030\215\360\034\204s\215FEl\013\004\266}b\266"
 216      F01C8473 
 216      8D46456C 
 216      0B04B67D 
 216      62B6
 217 05c8 FD2264D5 		.ascii	"\375\"d\325\033\311[\320\024 \037\363H\341L\241'\"d"
 217      1BC95BD0 
 217      14201FF3 
 217      48E14CA1 
 217      272264
 218 05db 9EE0B347 		.ascii	"\236\340\263G\354\363\246\031InpC\216\336\232C\004\""
 218      ECF3A619 
 218      496E7043 
 218      8EDE9A43 
 218      0422
 219 05ed 11BA1453 		.ascii	"\021\272\024S?0\366ta\336\021\255u].S(\006\022\364\277"
 219      3F30F674 
 219      61DE11AD 
 219      755D2E53 
 219      280612F4 
 220 0602 48162551 		.ascii	"H\026%Q\033\205lQ4xk6\367\020\204\222\320C\234\371>"
 220      1B856C51 
 220      34786B36 
ARM GAS  C:\cygwin\tmp\ccggoDQT.s 			page 17


 220      F7108492 
 220      D0439CF9 
 221 0617 4767AD38 		.ascii	"Gg\2558l\356o)\330|\252c\245\012\332V\301'\240\253\006"
 221      6CEE6F29 
 221      D87CAA63 
 221      A50ADA56 
 221      C127A0AB 
 222 062c 224758CD 		.ascii	"\"GX\3150\330\222\321\227\215\011aV\3640F\323\303Y<"
 222      30D892D1 
 222      978D0961 
 222      56F43046 
 222      D3C3593C 
 223 0640 1473D009 		.ascii	"\024s\320\011_c'\365\260\246%W.t\017\332_\324=Tw\024"
 223      5F6327F5 
 223      B0A62557 
 223      2E740FDA 
 223      5FD43D54 
 224 0656 3438E17E 		.ascii	"48\341~6\276u\272\256\320\016\337e\312\323\211\206\333"
 224      36BE75BA 
 224      AED00EDF 
 224      65CAD389 
 224      86DB
 225 0668 B6788829 		.ascii	"\266x\210)\231IG\363\330\264\224Ei\233\246\306\032\217"
 225      994947F3 
 225      D8B49445 
 225      699BA6C6 
 225      1A8F
 226 067a 315B69E4 		.ascii	"1[i\344\017\355\326\3701\357\342\356\354\023V\363^\242"
 226      0FEDD6F8 
 226      31EFE2EE 
 226      EC1356F3 
 226      5EA2
 227 068c 8C8E2636 		.ascii	"\214\216&6!\374\214\331\204;\335\221\335\3513\337MF"
 227      21FC8CD9 
 227      843BDD91 
 227      DDE933DF 
 227      4D46
 228 069e B2BAA220 		.ascii	"\262\272\242 \352P\\\31696\322\236\376\0173\225~\324"
 228      EA505CCE 
 228      3936D29E 
 228      FE0F3395 
 228      7ED4
 229 06b0 61E5DA97 		.ascii	"a\345\332\227.\345k_\232\224\306\221\326\331\223\352"
 229      2EE56B5F 
 229      9A94C691 
 229      D6D993EA 
 230 06c0 202EEAA9 		.ascii	" .\352\251RgtBJ\340'\245k\204A\264!\230\037\270j/.\352"
 230      52677442 
 230      4AE027A5 
 230      6B8441B4 
 230      21981FB8 
 231 06d8 2BA26BA7 		.ascii	"+\242k\247\037\033\355\361s\026D\312L[\223\023\245\371"
 231      1F1BEDF1 
 231      731644CA 
 231      4C5B9313 
 231      A5F9
 232 06ea 32513B9B 		.ascii	"2Q;\233.\366\331\343Ef\323r\232|9\216\220\261\232z\367"
ARM GAS  C:\cygwin\tmp\ccggoDQT.s 			page 18


 232      2EF6D9E3 
 232      4566D372 
 232      9A7C398E 
 232      90B19A7A 
 233 06ff 4A3C2BE6 		.ascii	"J<+\346\033iI\275?\232\352\200#\231m\344t\316M\005\216"
 233      1B6949BD 
 233      3F9AEA80 
 233      23996DE4 
 233      74CE4D05 
 234 0714 65CAE0CC 		.ascii	"e\312\340\314`\003\273\316\266\020\265><\255\314\036"
 234      6003BBCE 
 234      B610B53E 
 234      3CADCC1E 
 235 0724 2730DBD0 		.ascii	"'0\333\320X\374\204\014\2470%\254.\377\032\003\276O"
 235      58FC840C 
 235      A73025AC 
 235      2EFF1A03 
 235      BE4F
 236 0736 EF9AC7A7 		.ascii	"\357\232\307\247\017\332\342tf+\316\310*c\271\335F\363"
 236      0FDAE274 
 236      662BCEC8 
 236      2A63B9DD 
 236      46F3
 237 0748 1E5564B4 		.ascii	"\036Ud\264Y9{\005B\366^\247\311\013K\3132`>\035:\341"
 237      59397B05 
 237      42F65EA7 
 237      C90B4BCB 
 237      32603E1D 
 238 075e E6C88774 		.ascii	"\346\310\207t\034\245\3518G\323Q \244\243%!m\310\332"
 238      1CA5E938 
 238      47D35120 
 238      A4A32521 
 238      6DC8DA
 239 0771 121D2F5D 		.ascii	"\022\035/]\005]\321\320\263h\2173\226\262T0\226\013"
 239      055DD1D0 
 239      B3688F33 
 239      96B25430 
 239      960B
 240 0783 1AAEC40E 		.ascii	"\032\256\304\016g3[EQ\334\034\273\345w\022\265A\313"
 240      67335B45 
 240      51DC1CBB 
 240      E57712B5 
 240      41CB
 241 0795 9D5260BD 		.ascii	"\235R`\275lI\343\345\3107^\261\005\231O\330\"\320\266"
 241      6C49E3E5 
 241      C8375EB1 
 241      05994FD8 
 241      22D0B6
 242 07a8 27E7547F 		.ascii	"'\347T\177\033^9\332r!\332\363\374^\031\355\314u\022"
 242      1B5E39DA 
 242      7221DAF3 
 242      FC5E19ED 
 242      CC7512
 243 07bb 5F946510 		.ascii	"_\224e\020@\012\015\240\202\006P.\004px\256\250\026"
 243      400A0DA0 
 243      8206502E 
 243      047078AE 
ARM GAS  C:\cygwin\tmp\ccggoDQT.s 			page 19


 243      A816
 244 07cd 5BA249   		.ascii	"[\242I"
 245 07d0 B82BA227 		.ascii	"\270+\242'\212s\240\0018\307\257^\315\030\307\032\033"
 245      8A73A001 
 245      38C7AF5E 
 245      CD18C71A 
 245      1B
 246 07e1 6FCB0ED1 		.ascii	"o\313\016\321\221\357\020\223Z\313o\263\003@o\377\334"
 246      91EF1093 
 246      5ACB6FB3 
 246      03406FFF 
 246      DC
 247 07f2 FB45C3AB 		.ascii	"\373E\303\253\2641\265B\0249\354\344V\236.\335#\016"
 247      B431B542 
 247      1439ECE4 
 247      569E2EDD 
 247      230E
 248 0804 A21A68D5 		.ascii	"\242\032h\325PZu\224V\255@\353\331\274~\350\205 VD\217"
 248      505A7594 
 248      56AD40EB 
 248      D9BC7EE8 
 248      85205644 
 249 0819 DDB818A5 		.ascii	"\335\270\030\245\300\245,\210\223\261\305s\254\001\335"
 249      C0A52C88 
 249      93B1C573 
 249      AC01DD
 250 0828 4FD483C7 		.ascii	"O\324\203\307\"\332e\270\202\331JkK\036\2633\253%\372"
 250      22DA65B8 
 250      82D94A6B 
 250      4B1EB333 
 250      AB25FA
 251 083b FA82C107 		.ascii	"\372\202\301\007\245\266\346\336`\203e\227\340J\356"
 251      A5B6E6DE 
 251      60836597 
 251      E04AEE
 252 084a 72C384FE 		.ascii	"r\303\204\376\262\202\343o\363\343R\214z-os\226\321"
 252      B282E36F 
 252      F3E3528C 
 252      7A2D6F73 
 252      96D1
 253 085c 6C64BAF9 		.ascii	"ld\272\371\307M7\177\362\362Xs\223\020\233/@/\211\241"
 253      C74D377F 
 253      F2F25873 
 253      93109B2F 
 253      402F89A1 
 254 0870 8D22E898 		.ascii	"\215\"\350\230\311k\222\030z\324\022\232\030\246\323"
 254      C96B9218 
 254      7AD4129A 
 254      18A6D3
 255 087f 6E0264A1 		.ascii	"n\002d\241t\015*\342\221\302>G\305\"\247F\223\323<\261"
 255      740D2AE2 
 255      91C23E47 
 255      C522A746 
 255      93D33CB1 
 256 0893 53FD92B0 		.ascii	"S\375\222\260\0225\272\303\224+Y\202\037\304\330\322"
 256      1235BAC3 
 256      942B5982 
ARM GAS  C:\cygwin\tmp\ccggoDQT.s 			page 20


 256      1FC4D8D2 
 257 08a3 A52908D3 		.ascii	"\245)\010\323\315\222{R\007\014N\361P\241L\241\323K"
 257      CD927B52 
 257      070C4EF1 
 257      50A14CA1 
 257      D34B
 258 08b5 B86A7423 		.ascii	"\270jt#z\301k\202\330\353\306\245\310H\323\374%\313"
 258      7AC16B82 
 258      D8EBC6A5 
 258      C848D3FC 
 258      25CB
 259 08c7 CF6F0E6B 		.ascii	"\317o\016k\321\024V\356\362a\231\241\243&h\342\262\363"
 259      D11456EE 
 259      F26199A1 
 259      A32668E2 
 259      B2F3
 260 08d9 5BACEB73 		.ascii	"[\254\353s\0234S\014\315\262\364\012\275G\014Y\001\330"
 260      1334530C 
 260      CDB2F40A 
 260      BD470C59 
 260      01D8
 261 08eb 9FB44F23 		.ascii	"\237\264O#Ha\327\242\213K\323\032\246\213&\320z\200"
 261      4861D7A2 
 261      8B4BD31A 
 261      A68B26D0 
 261      7A80
 262 08fd 364845D0 		.ascii	"6HE\320\253h)\325G\246\371\217-\277\003,\270\316\233"
 262      AB6829D5 
 262      47A6F98F 
 262      2DBF032C 
 262      B8CE9B
 263 0910 B06796E7 		.ascii	"\260g\226\347j\201\375\331\204=+\306\346\210\261\013"
 263      6A81FDD9 
 263      843D2BC6 
 263      E688B10B 
 264 0920 266CF6F2 		.ascii	"&l\366\362\330\027:\273#\020N\0345\365\362\315J?4+W"
 264      D8173ABB 
 264      23104E1C 
 264      35F5F2CD 
 264      4A3F342B 
 265 0935 A009E902 		.ascii	"\240\011\351\002i\001\271\016\362#H\023H;H\037\310U"
 265      6901B90E 
 265      F2234813 
 265      483B481F 
 265      C855
 266 0947 901B2037 		.ascii	"\220\033 7Az@:AZA.\203t\200\264\201\334\002\351\006"
 266      417A403A 
 266      415A412E 
 266      837480B4 
 266      81DC02E9 
 267 095c B906D22C 		.ascii	"\271\006\322,\025:?Hi\024Ii%\244\364\002\317Q(|\250"
 267      153A3F48 
 267      69144969 
 267      25A4F402 
 267      CF51287C 
 268 0971 4AB4FA73 		.ascii	"J\264\372s\246p2\304\341\260\206\232\205N[\244a\332"
 268      A67032C4 
ARM GAS  C:\cygwin\tmp\ccggoDQT.s 			page 21


 268      E1B0869A 
 268      854E5BA4 
 268      61DA
 269 0983 A7F52ED7 		.ascii	"\247\365.\327\247E\364\246\351\254\221\353Z\212;\022"
 269      A745F4A6 
 269      E9AC91EB 
 269      5A8A3B12 
 270 0993 688B06C0 		.ascii	"h\213\006\300\323\367RS'\325+tR\313%\006\335\206|\374"
 270      D3F75253 
 270      27D52B74 
 270      52CB2506 
 270      DD867CFC 
 271 09a7 3F7203A5 		.ascii	"?r\003\245/2\361z\251\375\2226n`I\0337\310\267q\203"
 271      2F32F17A 
 271      A9FD9236 
 271      6E60491B 
 271      37C8B771 
 272 09bc B48D6BD6 		.ascii	"\264\215k\326\247}\201ki\321\224\335;QX\346\204\\\235"
 272      A77D816B 
 272      69D194DD 
 272      3B5158E6 
 272      845C9D
 273 09cf 9DE9AFA7 		.ascii	"\235\351\257\247Zn\033\272\017'\321 \305\346DH\222\341"
 273      5A6E1BBA 
 273      0F27D120 
 273      C5E64448 
 273      92E1
 274 09e1 F9EC07C4 		.ascii	"\371\354\007\304\000_m\351\3472?e\335\201\020\357\323"
 274      005F6DE9 
 274      E7323F65 
 274      DD8110EF 
 274      D3
 275 09f2 6BE11E64 		.ascii	"k\341\036d\340.\273\335\356&LE\322\177\032\011Z\373"
 275      E02EBBDD 
 275      EE264C45 
 275      D27F1A09 
 275      5AFB
 276 0a04 9FD0077B 		.ascii	"\237\320\007{\016\366`z'\015\323\212\236z\262g\234u"
 276      0EF6607A 
 276      270DD38A 
 276      9E7AB267 
 276      9C75
 277 0a16 2DBFA517 		.ascii	"-\277\245\027v\325\360Sv\321\322\237\2524\275a\341\253"
 277      76D5F053 
 277      76D1D29F 
 277      AA34BD61 
 277      E1AB
 278 0a28 FC7AF450 		.ascii	"\374z\364P\270\242\206\231\363\366\341\332\030k\313"
 278      B8A28699 
 278      F3F6E1DA 
 278      186BCB
 279 0a37 368B04FA 		.ascii	"6\213\004\372\000&\037\242\233g\204\336:\017\205['/"
 279      00261FA2 
 279      9B6784DE 
 279      3A0F855B 
 279      272F
 280 0a49 F7C9F125 		.ascii	"\367\311\361%\377\227\377\264\032\372\247\370\244I\214"
ARM GAS  C:\cygwin\tmp\ccggoDQT.s 			page 22


 280      FF97FFB4 
 280      1AFAA7F8 
 280      A4498C
 281 0a58 2FB17B68 		.ascii	"/\261{h<f\244\313\012\2673\245\245\362i\212\303k\247"
 281      3C66A4CB 
 281      0AB733A5 
 281      A5F2698A 
 281      C36BA7
 282 0a6b B84E5D61 		.ascii	"\270N]a\301\320?\303\342\014\340\216\374\200\211Fa\037"
 282      C1D03FC3 
 282      E20CE08E 
 282      FC808946 
 282      611F
 283 0a7d 8FC156AA 		.ascii	"\217\301V\252B.\026~\037\221\304\2433H*A\343\322\327"
 283      422E167E 
 283      1F91C4A3 
 283      33482A41 
 283      E3D2D7
 284 0a90 24B60702 		.ascii	"$\266\007\002\202\324\357\274\355\253\266\376\363'\237"
 284      82D4EFBC 
 284      EDABB6FE 
 284      F3279F
 285 0a9f B97848E4 		.ascii	"\271xH\344\276\276\302\223\317\375\377\264{\177H\360"
 285      BEBEC293 
 285      CFFDFFB4 
 285      7B7F48F0 
 286 0aaf D7217E81 		.ascii	"\327!~\201._\005\354S\205\356\376\332\337\177\223_H"
 286      2E5F05EC 
 286      5385EEFE 
 286      DADF7F93 
 286      5F48
 287 0ac1 E0A6A0E0 		.ascii	"\340\246\240\340 \325&\225\337\227\001\233\266\372\376"
 287      20D52695 
 287      DF97019B 
 287      B6FAFE
 288 0ad0 71D3DB5B 		.ascii	"q\323\333[\336\332\272{\311\343\335\001A\376\373\016"
 288      DEDABA7B 
 288      C9E3DD01 
 288      41FEFB0E 
 289 0ae0 EC51ED0E 		.ascii	"\354Q\355\016\364\363\337\033\020\244\332\355\273G\365"
 289      F4F3DF1B 
 289      10A4DAED 
 289      BB47F5
 290 0aef 95DF817D 		.ascii	"\225\337\201}j_\365\267\373U\241\233\367J\376\362\337"
 290      6A5FF5B7 
 290      FB55A19B 
 290      F74AFEF2 
 290      DF
 291 0b00 FB0E55EF 		.ascii	"\373\016U\357\001\242\340\353\245\240\177\005\370\357"
 291      01A2E0EB 
 291      A5A07F05 
 291      F8EF
 292 0b0e 08F2FB72 		.ascii	"\010\362\373r\237j\227\312_\035\034\362\306\346\315"
 292      9F6A97CA 
 292      5F1D1CF2 
 292      C6E6CD
 293 0b1d 6EEC2F38 		.ascii	"n\354/8\324m\257\337>\267\375\301!\352P7\377\340\300"
ARM GAS  C:\cygwin\tmp\ccggoDQT.s 			page 23


 293      D46DAFDF 
 293      3EB7FDC1 
 293      21EA5037 
 293      FFE0C0
 294 0b30 C0E02037 		.ascii	"\300\340 7w\245\227\207\3277nd\320f\177\311\257\310"
 294      77A59787 
 294      D7376E64 
 294      D0667FC9 
 294      AFC8
 295 0b42 E7F68050 		.ascii	"\347\366\200P\363\350W\310\023\037\225\332\347\333P"
 295      F3E857C8 
 295      131F95DA 
 295      E7DB50
 296 0b51 B52A70A7 		.ascii	"\265*p\247_\320\236}\252\020\357\220\200\340\220\000"
 296      5FD09E7D 
 296      AA10EF90 
 296      80E09000 
 297 0b61 F5B73624 		.ascii	"\365\2676$9\357\373\252\355X\232\310\267Ovyz\370~\012"
 297      39EFFBAA 
 297      ED589AC8 
 297      B74F7679 
 297      7AF87E0A 
 298 0b75 71C93C7D 		.ascii	"q\311<}v(\355\224;\340}\327\216\355[d\236\036;\224\266"
 298      7628ED94 
 298      3BE07DD7 
 298      8EED5B64 
 298      9E1E3B94 
 299 0b8a 4AA6BD05 		.ascii	"J\246\275\005Fo\263\361m0Z\250\357\310<\335?4\253[\245"
 299      466FB3F1 
 299      6D305AA8 
 299      EFC83CDD 
 299      3F34AB5B 
 300 0b9f 9EDE26E5 		.ascii	"\236\336&\345\0172\237O=\225\257[\206\244\372F\355\346"
 300      0F329F4F 
 300      3D95AF5B 
 300      86A4FA46 
 300      EDE6
 301 0bb1 E1E5E3E9 		.ascii	"\341\345\343\351\343\306\347\002B\013Q\371\372\007n"
 301      E3C6E702 
 301      420B51F9 
 301      FA076E
 302 0bc0 856CD8FA 		.ascii	"\205l\330\372x|H\351Xyx\177\346\271\035&\362Q\312v}"
 302      787C48E9 
 302      5879787F 
 302      E6B91D26 
 302      F251CA76 
 303 0bd5 FA57A595 		.ascii	"\372W\245\225\273\247\322C\211}@<\310\347No+\237\235"
 303      BBA7D243 
 303      897D403C 
 303      C8E74E6F 
 303      2B9F9D
 304 0be8 C4E8F111 		.ascii	"\304\350\361\021\274\355$o\333\341\315\312\313\353#"
 304      BCED246F 
 304      DBE1CDCA 
 304      CBEB23
 305 0bf7 77A5EC43 		.ascii	"w\245\354C\362\346\016:\366\376H\211\267\203\270oW\312"
 305      F2E60E3A 
ARM GAS  C:\cygwin\tmp\ccggoDQT.s 			page 24


 305      F6FE4889 
 305      B783B86F 
 305      57CA
 306 0c09 C0A68448 		.ascii	"\300\246\204H\334\225\340\334\335C)\363\337\353\027"
 306      DC95E0DC 
 306      DD4329F3 
 306      DFEB17
 307 0c18 62EBEBFB 		.ascii	"b\353\353\373\325\201 \177__\007\341\313\346w\337\333"
 307      D581207F 
 307      5F5F07E1 
 307      CBE677DF 
 307      DB
 308 0c29 F2EEBF01 		.ascii	"\362\356\277\001o\022n\010"
 308      6F126E08 
 309              		.text
 310              		.section	.gnu.lto_.symtab.9c5df49,"",%progbits
 311 0000 6E766963 		.ascii	"nvicEnableVector\000\000\000\000\000\000\000\000\000"
 311      456E6162 
 311      6C655665 
 311      63746F72 
 311      00000000 
 312 0019 000000B6 		.ascii	"\000\000\000\266\000\000\000nvicDisableVector\000\000"
 312      0000006E 
 312      76696344 
 312      69736162 
 312      6C655665 
 313 0033 00000000 		.ascii	"\000\000\000\000\000\000\000\000\000\000\272\000\000"
 313      00000000 
 313      0000BA00 
 313      00
 314 0040 006E7669 		.ascii	"\000nvicSetSystemHandlerPriority\000\000\000\000\000"
 314      63536574 
 314      53797374 
 314      656D4861 
 314      6E646C65 
 315 0062 00000000 		.ascii	"\000\000\000\000\000\000\000\274\000\000\000"
 315      000000BC 
 315      000000
 316              		.text
 317              		.section	.gnu.lto_.opts,"",%progbits
 318 0000 272D666E 		.ascii	"'-fno-trapv' '-mcpu=cortex-m4' '-mno-thumb-interwor"
 318      6F2D7472 
 318      61707627 
 318      20272D6D 
 318      6370753D 
 319 0033 6B272027 		.ascii	"k' '-mthumb' '-ggdb' '-O2' '-fomit-frame-pointer' '"
 319      2D6D7468 
 319      756D6227 
 319      20272D67 
 319      67646227 
 320 0066 2D66616C 		.ascii	"-falign-functions=16' '-ffunction-sections' '-fdata"
 320      69676E2D 
 320      66756E63 
 320      74696F6E 
 320      733D3136 
 321 0099 2D736563 		.ascii	"-sections' '-fno-common' '-flto'\000"
 321      74696F6E 
ARM GAS  C:\cygwin\tmp\ccggoDQT.s 			page 25


 321      73272027 
 321      2D666E6F 
 321      2D636F6D 
 322              		.text
 323              		.comm	__gnu_lto_v1,1,1
 324              		.comm	__gnu_lto_slim,1,1
 325              		.ident	"GCC: (GNU Tools for ARM Embedded Processors) 4.9.3 20141119 (release) [ARM/embedded-4_9-br
ARM GAS  C:\cygwin\tmp\ccggoDQT.s 			page 26


DEFINED SYMBOLS
                            *ABS*:00000000 nvic.c
                            *COM*:00000001 __gnu_lto_v1
                            *COM*:00000001 __gnu_lto_slim

NO UNDEFINED SYMBOLS
