ARM GAS  C:\cygwin\tmp\ccDw4fMp.s 			page 1


   1              		.syntax unified
   2              		.cpu cortex-m4
   3              		.fpu softvfp
   4              		.eabi_attribute 20, 1
   5              		.eabi_attribute 21, 1
   6              		.eabi_attribute 23, 3
   7              		.eabi_attribute 24, 1
   8              		.eabi_attribute 25, 1
   9              		.eabi_attribute 26, 1
  10              		.eabi_attribute 30, 2
  11              		.eabi_attribute 34, 1
  12              		.eabi_attribute 18, 4
  13              		.thumb
  14              		.file	"pal.c"
  15              		.text
  16              	.Ltext0:
  17              		.section	.gnu.lto_.profile.9c5c5ad,"",%progbits
  18 0000 789C6366 		.ascii	"x\234cf```a\200\000F\006\015\031\000\000\340\000M"
  18      60606061 
  18      80004606 
  18      0D190000 
  18      E0004D
  19              		.text
  20              		.section	.gnu.lto_.jmpfuncs.9c5c5ad,"",%progbits
  21 0000 789C6366 		.ascii	"x\234cf\300\016\344\24143\003##c=#\023##s}=\023\230"
  21      C00EE4A1 
  21      34330323 
  21      23633D23 
  21      13232373 
  22 0018 6264064B 		.ascii	"bd\006K\2243\002I\0000\362\002\265"
  22      94330249 
  22      0030F202 
  22      B5
  23              		.text
  24              		.section	.gnu.lto_.inline.9c5c5ad,"",%progbits
  25 0000 789C6366 		.ascii	"x\234cf\300\016\336Bif\006\006N\016Ff\006F\020\013H"
  25      C00EDE42 
  25      69660606 
  25      4E0E4666 
  25      0646100B 
  26 0015 38800805 		.ascii	"8\200\010\005\016\266\017z\014l\013\344\231\030\030"
  26      0EB60F7A 
  26      0C6C0BE4 
  26      991818
  27 0024 5FB0B340 		.ascii	"_\260\263@H\020\301\001fr\200\010\0010S\000d\006#\003"
  27      4810C101 
  27      66728008 
  27      01305300 
  27      64062303 
  28 0038 1F2F230B 		.ascii	"\037/#\013\330\010FF0\237Y\001l\0267\323\005~\014c\200"
  28      D8084646 
  28      309F5901 
  28      6C1637D3 
  28      057E0C63 
  29 004d 622806B0 		.ascii	"b(\006\260,\220\227\000\261\024\230\030\230w\210+0\000"
  29      2C909700 
  29      B1149818 
ARM GAS  C:\cygwin\tmp\ccDw4fMp.s 			page 2


  29      9877882B 
  29      3000
  30 005f ADB60099 		.ascii	"\255\266\000\231\312\304\300-\214\3440\210\211\234@"
  30      CAC4C02D 
  30      8CE43088 
  30      899C40
  31 006e 09E2DC05 		.ascii	"\011\342\334\005\264F\002d\014\013/\320\223\023\374"
  31      B4460264 
  31      0C0B2FD0 
  31      9313FC
  32 007d 40900100 		.ascii	"@\220\001\000\311\250\037}"
  32      C9A81F7D 
  33              		.text
  34              		.section	.gnu.lto_.pureconst.9c5c5ad,"",%progbits
  35 0000 789C6366 		.ascii	"x\234cf```g\200\000f\006)F)&I\000\001\273\000^"
  35      60606067 
  35      80006606 
  35      29462926 
  35      490001BB 
  36              		.text
  37              		.section	.gnu.lto_palReadBus.9c5c5ad,"",%progbits
  38 0000 789C8D90 		.ascii	"x\234\215\220\313/\003Q\024\306\317w\357t\036J\210e"
  38      CB2F0351 
  38      14C6CF77 
  38      EF741E4A 
  38      8865
  39 0012 43622316 		.ascii	"Cb#\026\322\366_\360\257\224\215\205\204h$vF566\202"
  39      D2F65FF0 
  39      AF948D85 
  39      84682476 
  39      46353636 
  40 0027 054110F1 		.ascii	"\005A\020\361~\266\245\011+\261\262\360\210H4\265\250"
  40      7EB6A509 
  40      2BB1B2F0 
  40      884834B5 
  40      A8
  41 0038 854A5848 		.ascii	"\205JXH\274\022\272\020\316\231!i\330\230\314\234;\347"
  41      BC12BA10 
  41      CE992169 
  41      D898CC9C 
  41      3BE7
  42 004a DE737EDF 		.ascii	"\336s~\337w\256\246\277O\210\277\230\"j\340\025\232"
  42      77AEA6BF 
  42      4F88BF98 
  42      226AE015 
  42      9A
  43 005b A0864F89 		.ascii	"\240\206O\211\372m\005\310\017\201\372\024\372p\257"
  43      FA6D05C8 
  43      0F81FA14 
  43      FA70AF
  44 006a 9E14F636 		.ascii	"\236\024\3666_O\202w\252\244\270\230\323\375\221\243"
  44      5F4F8277 
  44      AAA4B898 
  44      D3FD91A3 
  45 007a 71535218 		.ascii	"qSR\030\222\346.\307sN\323\202\353&\036\017S\275\023"
  45      92E62EC7 
  45      734ED382 
ARM GAS  C:\cygwin\tmp\ccDw4fMp.s 			page 3


  45      EB261E0F 
  45      53BD13
  46 008d 63B37CA2 		.ascii	"c\263|\242\350E\021\226\020\3022D\010+h\342\322\307"
  46      E8451196 
  46      10C23244 
  46      082B68E2 
  46      D2C7
  47 009f FE7CD1D2 		.ascii	"\376|\321\322\365\220\266\313|\376\302l\234\347\266"
  47      F590B6CB 
  47      7CFEC26C 
  47      9CE7B6
  48 00ae 83A3B4DB 		.ascii	"\203\243\264\333b\224\224\306*ty\037o\021\326\320(\345"
  48      629494C6 
  48      2A74791F 
  48      6F11D6D0 
  48      28E5
  49 00c0 4FC98F5C 		.ascii	"O\311\217\\\320L\272\256[\363\301\256\271\214\251\353"
  49      D04CBAAE 
  49      5BF3C1AE 
  49      B98CA9EB 
  50 00d0 30C1EB56 		.ascii	"0\301\353V\355\201\373\371y\2638\2251*\330?wh\3565\014"
  50      ED81FBF9 
  50      79B33895 
  50      312AD83F 
  50      7768EE35 
  51 00e5 0E810007 		.ascii	"\016\201\000\007\323\344`Y\222\332\022\034\022\207T"
  51      D3E46059 
  51      92DA121C 
  51      128754
  52 00f4 E44F66BD 		.ascii	"\344Of\275\345\204W}\205D6u<\247\005\373\2464\213^\027"
  52      E584577D 
  52      85443675 
  52      3CA705FB 
  52      A6348B5E 
  53 0109 CFCE6D99 		.ascii	"\317\316m\231T\223x\330}\237y\250\232\306$J\312~S\012"
  53      549378D8 
  53      7D9F79A8 
  53      9AC6244A 
  53      CA7E530A 
  54 011d 1B321BEF 		.ascii	"\0332\033\357O\275\216\346\253\303\315%\345`\023\323"
  54      4FBD8EE6 
  54      ABC3CD25 
  54      E56013D3 
  55 012d 78166F84 		.ascii	"x\026o\204-\204\351\012\207Y\370<\243\234\347\374\346"
  55      2D84E90A 
  55      8759F83C 
  55      A39CE7FC 
  55      E6
  56 013e 55B020B6 		.ascii	"U\260 \266\277y\305\343\241\254\035^s\223|\020D\312"
  56      BF79C5E3 
  56      A1AC1D5E 
  56      73937C10 
  56      44CA
  57 0150 43CA9C48 		.ascii	"C\312\234H{\310\304\0172\360\037O\225\310x\000\357\302"
  57      7BC8C40F 
  57      32F01F4F 
  57      95C87800 
ARM GAS  C:\cygwin\tmp\ccDw4fMp.s 			page 4


  57      EFC2
  58 0162 767C40C1 		.ascii	"v|@\301\362\001\302\340|\240`\372\271\3056y\267\\\303"
  58      F201C2E0 
  58      7CA060FA 
  58      B9C53679 
  58      B75CC3
  59 0175 FE8F0697 		.ascii	"\376\217\006\227x\032Z4\262\236\306\300\373`\235Op<"
  59      781A5A34 
  59      B29EC6C0 
  59      FB609D4F 
  59      703C
  60 0187 AE4D057C 		.ascii	"\256M\005|#yx\276{\310\235\263\251P$\022\365\337\316"
  60      237978BE 
  60      7BC89DB3 
  60      A9502412 
  60      F5DFCE
  61 019a 78B43DD6 		.ascii	"x\264=\326\021\215w\267E\273b\035\2216\322\255=\361"
  61      118D77B7 
  61      45BB621D 
  61      9136D2AD 
  61      3DF1
  62 01ac 2F2D87D3 		.ascii	"/-\207\323\005"
  62      05
  63              		.text
  64              		.section	.gnu.lto_palWriteBus.9c5c5ad,"",%progbits
  65 0000 789C8D52 		.ascii	"x\234\215R\317k\023Q\020~\337{\233\335\315n6\251\236"
  65      CF6B1351 
  65      107EDF7B 
  65      9BDDCD6E 
  65      36A99E
  66 0013 4A40D043 		.ascii	"J@\320C\350A\222\340\177 \036\364\357h{Q((F\317\335"
  66      E84192E0 
  66      7F201EF4 
  66      EF687B51 
  66      282846CF 
  67 0028 D478F252 		.ascii	"\324x\362R\"BI-\036D\332\232\332jmSS<\004O\202?J+(Q"
  67      2242492D 
  67      1E44DA9A 
  67      DA6A6D53 
  67      533C044F 
  68 0042 A9A02BE8 		.ascii	"\251\240+\350Ah\332@\022\241\324\231\267[\010\365\322"
  68      4168DA40 
  68      12A1D499 
  68      B75B08F5 
  68      D2
  69 0053 90CC7B33 		.ascii	"\220\314{3o\276o\346\233\211\022\377\177\322\364\273"
  69      6FBE6FE6 
  69      9B8912FF 
  69      7FD2F4BB 
  70 0063 A884C8D0 		.ascii	"\250\204\310\320\011% '\337\013Q\264%\300\027\0011."
  70      09252027 
  70      DF0B51B4 
  70      25C01701 
  70      312E
  71 0075 318EDFB2 		.ascii	"1\216\337\262%1\331\250N\271C\217|\337\337\331Z\033"
  71      2531D9A8 
  71      4EB9438F 
ARM GAS  C:\cygwin\tmp\ccDw4fMp.s 			page 5


  71      7CDFDFD9 
  71      5A1B
  72 0087 BC3DD893 		.ascii	"\274=\330\223B\354\311\220\006\263\030\242\224\235b"
  72      42ECC990 
  72      06B318A2 
  72      949D62
  73 0096 33B0D429 		.ascii	"3\260\324)\010\272\327\027\333\357\334_\262'q\232\335"
  73      08BAD717 
  73      DBEFDC5F 
  73      B227719A 
  73      DD
  74 00a7 F5F2EB29 		.ascii	"\365\362\353)\223]i\260\373\261\331\374`f\036\372\376"
  74      935D69B0 
  74      FBB1D9FC 
  74      60661EFA 
  74      FE
  75 00b8 44A3BEEC 		.ascii	"D\243\276\354\2377zRa\016\212\3700\2174\036#-($PE\206"
  75      9F377A52 
  75      610E8AF8 
  75      308F341E 
  75      232D2824 
  76 00cf B2976A9B 		.ascii	"\262\227j\233\025O\235\321\274/\247+\027B\340\227\020"
  76      154F9DD1 
  76      BC2FA72B 
  76      1742E097 
  76      10
  77 00e0 6860E128 		.ascii	"h`\341(\320\020x\202\014g\267J\373\237\\\263DM\017\354"
  77      D0107882 
  77      0C67B74A 
  77      FB9F5CB3 
  77      444D0FEC 
  78 00f4 1FF68B45 		.ascii	"\037\366\213E\230\240s\351d\303?8\370\261\262P7N\220"
  78      98A073E9 
  78      64C33F38 
  78      F8B1B250 
  78      374E90
  79 0107 602AA508 		.ascii	"`*\245\010\0333\300\340\030]M\223\215\305\306&c\305"
  79      1B33C0E0 
  79      185D4D93 
  79      8DC5C626 
  79      63C5
  80 0119 D938646C 		.ascii	"\3318dl\227c\0116\036\273I\276\245\330\010\021P\011"
  80      97630936 
  80      1EBB49BE 
  80      A5D80811 
  80      5009
  81 012b 9EDD4F29 		.ascii	"\236\335O)\371T\2371Qk\005\347\270hG*j\351[\260\261"
  81      F9549F31 
  81      516B05E7 
  81      B868472A 
  81      6AE95BB0 
  82 0140 69F32468 		.ascii	"i\363$h\354\344\256v\037\374\361f0\215\236\214w$i%\005"
  82      ECE4AE76 
  82      1FFCF166 
  82      308D9E8C 
  82      77246925 
  83 0155 1CBFDFBE 		.ascii	"\034\277\337\276\333Le\317\366\244\203\247\230\301\256"
ARM GAS  C:\cygwin\tmp\ccDw4fMp.s 			page 6


  83      DB4C65CF 
  83      F6A483A7 
  83      98C1AE
  84 0164 9E349E21 		.ascii	"\2364\236!+\210\361\257\031\362\305:\244\225+ \364\315"
  84      2B88F1AF 
  84      19F2C53A 
  84      A4952B20 
  84      F4CD
  85 0176 E3101A58 		.ascii	"\343\020\032X\326\204<\003<\327\204\267\272\021\241"
  85      D6843C03 
  85      3CD784B7 
  85      BA11A1
  86 0185 A539CD7E 		.ascii	"\2459\315~N\3738\234.V4\247\236\357j\310Y\2168\343!"
  86      4EFB389C 
  86      2E5634A7 
  86      9EEF6AC8 
  86      598E38E3 
  87 019a C79BEFDD 		.ascii	"\307\233\357\335\275\004\353\266\006\004jD@5\266\255"
  87      BD04EBB6 
  87      06046A44 
  87      4035B6AD 
  88 01aa 30C5A12C 		.ascii	"0\305\241,\206|\215 \256\356\304\351\357,AR\243\316"
  88      867C8D20 
  88      AEEEC4E9 
  88      EF2C4152 
  88      A3CE
  89 01bc 0E511E11 		.ascii	"\016Q\036\021\367\243\222:\313\343P;\012\2454W\222B"
  89      F7A3923A 
  89      CBE3503B 
  89      0AA53457 
  89      9242
  90 01ce AFCA5A4F 		.ascii	"\257\312ZO\377\002\234\243\013 \264\302Z\244-x{\247"
  90      FF029CA3 
  90      0B20B4C2 
  90      5AA42D78 
  90      7BA7
  91 01e0 6667AB7E 		.ascii	"fg\253~\211\036<\274\320\362he\374\2645\277QIDOI\324"
  91      891E3CBC 
  91      D0F26865 
  91      FCB435BF 
  91      5149444F 
  92 01f6 91DDA535 		.ascii	"\221\335\2455\220\360ud\251\244\330F\261q\357\022W\343"
  92      90F07564 
  92      A9A4D846 
  92      B171EF12 
  92      57E3
  93 0208 9D053468 		.ascii	"\235\0054h\372#\320d\322\271\\>\374^-\344/\017\217\345"
  93      FA23D064 
  93      D2B95C3E 
  93      FC5E2DE4 
  93      2F0F8FE5 
  94 021c 0BD747F3 		.ascii	"\013\327G\363\327\206\307r\243B\215\334,\030#Wn\024"
  94      D786C772 
  94      A3428DDC 
  94      2C182357 
  94      6E14
  95 022e FE01BBD6 		.ascii	"\376\001\273\326\033\210"
ARM GAS  C:\cygwin\tmp\ccDw4fMp.s 			page 7


  95      1B88
  96              		.text
  97              		.section	.gnu.lto_palSetBusMode.9c5c5ad,"",%progbits
  98 0000 789C8D90 		.ascii	"x\234\215\220\301KTq\020\307\347;\277\267\357\275v]"
  98      C14B5471 
  98      10C7E73B 
  98      BFB7EFBD 
  98      765D
  99 0012 8B4EB210 		.ascii	"\213N\262\020\324a\361 \356\322\177\340\255\177\241"
  99      D461F120 
  99      EED27FE0 
  99      AD7FA1
 100 0021 AB59D0C1 		.ascii	"\253Y\320\3010\\:\212\2775\003O\241y\021\\\353\020a"
 100      305C3A8A 
 100      BF35034F 
 100      A179115C 
 100      EB1061
 101 0034 69EDA6A5 		.ascii	"i\355\246\245P!.\236\272T\204P\274\020;\264R\036\002"
 101      50212E9E 
 101      BA548450 
 101      BC103BB4 
 101      521E02
 102 0047 6D057DE4 		.ascii	"m\005}\344b3\277G\207\362\342\343\367f~3\314\3673\363"
 102      6233BF47 
 102      87F2E2E3 
 102      F7667E33 
 102      CCF733F3 
 103 005b 1B43C7BF 		.ascii	"\033C\307\277\234\374\227\231(/\036\206\300\343\357"
 103      9CFC9799 
 103      282F1E86 
 103      C0E3EF
 104 006a 89CA2103 		.ascii	"\211\312!\003z!\3200c\030\333\274\313\030\257\317Oe"
 104      7A21D030 
 104      6318DBBC 
 104      CB18AFCF 
 104      4F65
 105 007c 3A1F596B 		.ascii	":\037Ykw\326V:\356t\304\"kr\202\301,:\245d\247\0345"
 105      77D6563A 
 105      EE74C422 
 105      6B7282C1 
 105      2C3AA564 
 106 0093 02730E24 		.ascii	"\002s\016$\367W\325\275w\231\037\0343\316k\370\372\336"
 106      F757D5BD 
 106      77991F1C 
 106      33CE6BF8 
 106      FADE
 107 00a5 DB295F43 		.ascii	"\333)_C\3664\374\024E\353~\376\241\265#\3657\213\266"
 107      F634FC14 
 107      45EB7EFE 
 107      A1B523F5 
 107      378BB6
 108 00b8 C78BD9E0 		.ascii	"\307\213\331\3401\214\360\360\0049\314!G\222\"\314#"
 108      318CF0F0 
 108      0439CC21 
 108      479222CC 
 108      23
 109 00c9 2FD5DFE3 		.ascii	"/\325\337\343\355\331\254\271\340\270\255\271\211J:"
ARM GAS  C:\cygwin\tmp\ccDw4fMp.s 			page 8


 109      EDD9ACB9 
 109      E0B8ADB9 
 109      894A3A
 110 00d8 514689D2 		.ascii	"QF\211\322\303\323\377\225\036\341\031\362Z\276;\332"
 110      C3D3FF95 
 110      1EE119F2 
 110      5ABE3BDA 
 111 00e8 FA9CF147 		.ascii	"\372\234\361Ge\3523\255\277\003\243\012\037\342kg\353"
 111      65EA33AD 
 111      BF03A30A 
 111      1FE26B67 
 111      EB
 112 00f9 F6E8E85B 		.ascii	"\366\350\350[\255\262\352\245\345\305\322\313\2106\345"
 112      ADB2EAA5 
 112      E5C5D2CB 
 112      8836E5
 113 0108 89F15362 		.ascii	"\211\361Sb\002_L\030h\030\302\001\251!z\335\314\026"
 113      025F4C18 
 113      6818C201 
 113      A9217ADD 
 113      CC16
 114 011a B37AF305 		.ascii	"\263z\363\005#\313\013\207\027\225\270\317F\372}m|\370"
 114      23CB0B87 
 114      1795B8CF 
 114      46FA7D6D 
 114      7CF8
 115 012c 18EA3B0D 		.ascii	"\030\352;\015i\373\245\203\007?\2633\230F\314\247\366"
 115      69FBA583 
 115      073FB333 
 115      9846CCA7 
 115      F6
 116 013d 995193F1 		.ascii	"\231Q\223\3614_\331\233\214Nww\305\234\306s\314\340"
 116      345FD99B 
 116      8C4E7777 
 116      C59CC673 
 116      CCE0
 117 014f 97DB2316 		.ascii	"\227\333#\026\320MJD\302\363N\002\310`\321\001\364A"
 117      D04D4A44 
 117      C2F34E02 
 117      C860D101 
 117      F441
 118 0161 78F12F20 		.ascii	"x\361/ u\022@\033^:\200\333\314R\002\330\014\022\200"
 118      7512401B 
 118      5E3A80DB 
 118      CC5202D8 
 118      0C1280
 119 0174 3224BEBD 		.ascii	"2$\276\275\341'q CI\2266\340\022\312\271\277~\267\312"
 119      E1277120 
 119      43499636 
 119      E012CAB9 
 119      BF7EB7CA 
 120 0188 43BFED98 		.ascii	"C\277\355\230\015c\3166u\016,c\210d\035\256^\262\355"
 120      0D63CE36 
 120      750E2C63 
 120      88641DAE 
 120      5EB2ED
 121 019b B48972BD 		.ascii	"\264\211r\275y\311IH\227\010]\2364\314\025\012\305\344"
ARM GAS  C:\cygwin\tmp\ccDw4fMp.s 			page 9


 121      79C94948 
 121      97085D9E 
 121      34CC150A 
 121      C5E4
 122 01ad 0C948AD7 		.ascii	"\014\224\212\327{\373\213\245\301\276\342\315\336\376"
 122      7BFB8BA5 
 122      C1BEE2CD 
 122      DEFE
 123 01bb 421F992B 		.ascii	"B\037\231+\267J\336\215\201\253\327\376\000\000\334"
 123      B74ADE8D 
 123      81ABD7FE 
 123      0000DC
 124 01ca D146     		.ascii	"\321F"
 125              		.text
 126              		.section	.gnu.lto_.symbol_nodes.9c5c5ad,"",%progbits
 127 0000 789C55C8 		.ascii	"x\234U\3101\021\200@\020\004\301\271\275\344\315\241"
 127      31118040 
 127      1004C1B9 
 127      BDE4CDA1 
 128 0010 69EFAB5E 		.ascii	"i\357\253^\000\012(\304\020\343\001#@\000\001t\330\011"
 128      000A28C4 
 128      10E30123 
 128      40000174 
 128      D809
 129 0022 4CBC7485 		.ascii	"L\274t\205a\336\301fY\033*9~\321e}#\206\234OP\325H%"
 129      61DEC166 
 129      591B2A39 
 129      7ED1657D 
 129      23869C4F 
 130 003a DB710637 		.ascii	"\333q\0067R\243\025\\"
 130      52A3155C 
 131              		.text
 132              		.section	.gnu.lto_.refs.9c5c5ad,"",%progbits
 133 0000 789C6366 		.ascii	"x\234cf```d\200\002\000\000=\000\005"
 133      60606064 
 133      80020000 
 133      3D0005
 134              		.text
 135              		.section	.gnu.lto_.decls.9c5c5ad,"",%progbits
 136 0000 789CA557 		.ascii	"x\234\245WyPTG\032\177\375z\006\207a\006\0225\306\242"
 136      79505447 
 136      1A7FFD7A 
 136      06876106 
 136      1235C6A2 
 137 0014 521B8255 		.ascii	"R\033\202U\224\273\253\202\232ru\377\211\353\261\301"
 137      94BBAB82 
 137      9A7275FF 
 137      89EBB1C1 
 138 0024 4403359A 		.ascii	"D\0035\232\312n\205\252\011\013\203R\313U0le\377{\034"
 138      CA6E85AA 
 138      090B8352 
 138      CB55306C 
 138      65FF7B1C 
 139 0038 0202914B 		.ascii	"\002\002\221K\024Tp@\356C\021\024\017\020\214F\004\343"
 139      14547040 
 139      EE431114 
 139      0F108C46 
ARM GAS  C:\cygwin\tmp\ccDw4fMp.s 			page 10


 139      04E3
 140 004a 15244601 		.ascii	"\025$F\001u\200\340\001\012\250\030A\224\331\257\273"
 140      7580E001 
 140      0AA81841 
 140      94D9AFBB 
 141 005a DFCC9B99 		.ascii	"\337\314\233\231\014n\252\362jz\372}\375~\375}\277\357"
 141      0C6EAAF2 
 141      6A7AFA7D 
 141      FD7EFD7D 
 141      BFEF
 142 006c E87EFD30 		.ascii	"\350~\3750\307q\351\210\343Lp\375\3606\307m\3419N\006"
 142      C771E988 
 142      E34C70FD 
 142      F036C76D 
 142      E1394E06 
 143 0080 63FE9C74 		.ascii	"c\376\234t\021\331\0310\256\320\346A{\017q\277\272\310"
 143      11D91930 
 143      AED0E641 
 143      7B0F71BF 
 143      BAC8
 144 0092 7335F4AE 		.ascii	"s5\364\256\320T\320\216B\223\303\3303\350?\200\346\013"
 144      D054D08E 
 144      4293C3D8 
 144      33E83F80 
 144      E60B
 145 00a4 ED13A20B 		.ascii	"\355\023\242\013\306\236C\377\004Z\023\264)Q\277\011"
 145      C69E43FF 
 145      045A13B4 
 145      2951BF09 
 146 00b4 DA205104 		.ascii	"\332 Q\004\317\021\242\035\325I\372?\333\331#<\334D"
 146      CF11A21D 
 146      D549FA3F 
 146      DBD9233C 
 146      DC44
 147 00c6 8E667BC4 		.ascii	"\216f{\304\026\2619\223\275)\321f\267hW.\332$\266\210"
 147      16B13993 
 147      BD29D166 
 147      B768572E 
 147      DA24B688 
 148 00da 91C7D0DD 		.ascii	"\221\307\320\335`\267T?\351}\354\354\316\233\301\356"
 148      60B7543F 
 148      E97DECEC 
 148      CE9BC1EE 
 149 00ea DB6FF0F3 		.ascii	"\333o\360\363\250h{)\310\356\320\260\235]\236\223bJ"
 149      A8687B29 
 149      C8EED0B0 
 149      9D5D9E93 
 149      624A
 150 00fc 8656D9D9 		.ascii	"\206V\331\331|\302\243\223\207\306/\273<\340\221\253"
 150      7CC2A393 
 150      87C62FBB 
 150      3CE091AB 
 151 010c D28388A7 		.ascii	"\322\203\210\247\262\333\363\234@T)eD\314\356\274\324"
 151      B2DBF39C 
 151      40542965 
 151      44CCEEBC 
 151      D4
ARM GAS  C:\cygwin\tmp\ccDw4fMp.s 			page 11


 152 011d E0827944 		.ascii	"\340\202yD\356\017\346\365u)\027U\011\202\220\"\234"
 152      EE0FE6F5 
 152      75291755 
 152      09829022 
 152      9C
 153 012e 9940928A 		.ascii	"\231@\222\212\326\226\2116%\236GA\351)\306\016%~\237"
 153      D6968936 
 153      259E4741 
 153      E929C60E 
 153      257E9F
 154 0141 DEC79535 		.ascii	"\336\307\2255\245\317\002]\037()\354\356\276\311\022"
 154      A5CF025D 
 154      1F2829EC 
 154      EEBEC912 
 155 0151 672A9272 		.ascii	"g*\222rp\203!\276\375\236p\320\025y)K@\351Xwv\333{\202"
 155      708321BE 
 155      FD9E70D0 
 155      1579294B 
 155      40E95877 
 156 0169 20437548 		.ascii	" CuH\211j\020FUh\021\361\202\314&W\212 \304\013\231"
 156      896A1046 
 156      556811F1 
 156      82CC2657 
 156      8A20C40B 
 157 017e 098273BB 		.ascii	"\011\202s\273+\207\312\221;\252@\356\034:\214\274\000"
 157      2B87CA91 
 157      3BAA40EE 
 157      1C3A8CBC 
 157      00
 158 018f 41B1A816 		.ascii	"A\261\250\026\006\017\301 (>\377\252%Q\216\224^\216"
 158      060FC120 
 158      283EFFAA 
 158      25518E94 
 158      5E8E
 159 01a1 27D53B98 		.ascii	"'\325;\230D)\354,\3353\217P8\002\024\252%\012\300\310"
 159      4429EC2C 
 159      DD338F50 
 159      380214AA 
 159      250AC0C8 
 160 01b5 EC2C7FE8 		.ascii	"\354,\177\350\304\335Q\205\231r\325\205rM\274\260\032"
 160      C4DD5185 
 160      9972D585 
 160      724DBCB0 
 160      1A
 161 01c6 1D057CA5 		.ascii	"\035\005|\245\204?\202\336\310\271\301!gT\327Z\275\303"
 161      843F82DE 
 161      C8B9C121 
 161      6754D75A 
 161      BDC3
 162 01d8 9966E22B 		.ascii	"\231f\342+\"\276\330>\266CI3\241\"\342\215\336#w\345"
 162      22BED83E 
 162      B6434933 
 162      A122E28D 
 162      DE2377E5 
 163 01ec 3891A5E2 		.ascii	"8\221\245\342\\{Q\217\234B\215<\221\273\257\036\351"
 163      5C7B518F 
 163      9C428D3C 
ARM GAS  C:\cygwin\tmp\ccDw4fMp.s 			page 12


 163      91BBAF1E 
 163      E9
 164 01fd 73A5D845 		.ascii	"s\245\330ED\334]\365 \030\2472\350\343\263%_+\201G\302"
 164      44DC5DF5 
 164      2018A732 
 164      E8E3B325 
 164      5F2B8147 
 165 0212 6F0B03CC 		.ascii	"o\013\003\314\230\356IJT\341=l\3727\015{\367*p\001\023"
 165      98EE494A 
 165      54E13D6C 
 165      FA370D7B 
 165      F72A7001 
 166 0227 26324B4B 		.ascii	"&2KKe\270\204\011%\271\273k\344\324\246\202\210ME\225"
 166      65B88409 
 166      25B9BB6B 
 166      E4D4A682 
 166      884D4595 
 167 023b A30A5CC3 		.ascii	"\243\012\\\303\236\265v\304]V\342z&|\337?\361LE\201"
 167      9EB576C4 
 167      5D56E27A 
 167      267CDF3F 
 167      F14C4581 
 168 024f 6F11B127 		.ascii	"o\021\261'\273\250\334\0257\262gW\2463\237\316\302\247"
 168      BBA8DC15 
 168      37B26757 
 168      A6339FCE 
 168      C2A7
 169 0261 6C81AE0C 		.ascii	"l\201\256\014\270\367\247\301qL\347Q\037s/\356\313\220"
 169      B8F7A7C1 
 169      714CE751 
 169      1F732FEE 
 169      CB90
 170 0273 E36606CD 		.ascii	"\343f\006\315\354\313\276.\303\347y\233:\363`u\266g"
 170      ECCBBE2E 
 170      C3E7799B 
 170      3AF36075 
 170      B667
 171 0285 78E2A882 		.ascii	"x\342\250\202\212&\023&)+\276}\255\317\331Re\215\203"
 171      8A261326 
 171      292BBE7D 
 171      ADCFD952 
 171      658D83
 172 0298 88A4F812 		.ascii	"\210\244\370\022\244\254]J\231\207u\306 X\362\012\210"
 172      A4AC5D4A 
 172      998775C6 
 172      2058F20A 
 172      88
 173 02a9 D479084A 		.ascii	"\324y\010J\033\211\324\367\020)\0171R\0350x\221UYC\377"
 173      1B89D4F7 
 173      10290F31 
 173      521D3078 
 173      91555943 
 174 02be 489AD2AC 		.ascii	"H\232\322\254xgi6\255\235+\240\370\202\244\370\022z"
 174      78676936 
 174      AD9D2BA0 
 174      F882A4F8 
 174      127A
ARM GAS  C:\cygwin\tmp\ccDw4fMp.s 			page 13


 175 02d0 A3E6CB0E 		.ascii	"\243\346\313\0165\243\343\243\031\375\010_c\376\245"
 175      35A3E3A3 
 175      19FD085F 
 175      63FEA5
 176 02df ED1AEFE0 		.ascii	"\355\032\357\340q\027\025d\251\255\315s\221\347\034"
 176      71171564 
 176      A9ADCD73 
 176      91E71C
 177 02ee 4F2F03E8 		.ascii	"O/\003\350\033\253Jn\332\220\220 \354\232O\315^\005"
 177      1BAB4A6E 
 177      DA909020 
 177      EC9A4FCD 
 177      5E05
 178 0300 B39D688E 		.ascii	"\263\235h\216\244}\241;0\370\023\374qY@Q\3104\010\253"
 178      A47DA13B 
 178      30F813FC 
 178      71594051 
 178      C83408AB 
 179 0314 A3A502E0 		.ascii	"\243\245\002\340(\030L\243.`\361\003\362D\327\221'\345"
 179      28184CA3 
 179      2E60F103 
 179      F244D791 
 179      27E5
 180 0326 4A741B1E 		.ascii	"Jt\033\036ow\252\360\241z\2579\324{\236\250\240\353"
 180      6F77AAF0 
 180      A17AAF39 
 180      D47B9EA8 
 180      A0EB
 181 0338 C6385C8A 		.ascii	"\3068\\\212\024\004\301\211^K{\303\305\241\266\307N"
 181      1404C189 
 181      5E4B7BC3 
 181      C5A1B6C7 
 181      4E
 182 0349 B89B714F 		.ascii	"\270\233qO\177~\274G\205<=\347R\362\306\241\322+*\241"
 182      7F7EBC47 
 182      853C3DE7 
 182      52F2C6A1 
 182      D22B2AA1 
 183 035d DD87AEB6 		.ascii	"\335\207\256\266\357\300\304M4W*N\211\272\201X\030\031"
 183      EFC0C44D 
 183      34572A4E 
 183      89BA8158 
 183      1819
 184 036f 949F8967 		.ascii	"\224\237\211g,~\234\031\232M\275L\020V\353\255\275$"
 184      2C7E9C19 
 184      9A4DBD4C 
 184      1056EBAD 
 184      BD24
 185 0381 60E2E52D 		.ascii	"`\342\345-\360\362\006x\371\223\350%\245\376p\373,\001"
 185      F0F20678 
 185      F993E825 
 185      A5FE70FB 
 185      2C01
 186 0393 11C8AFB9 		.ascii	"\021\310\257\271\027g\214\246\271\315\005\235q3\352"
 186      17678CA6 
 186      B9CD059D 
 186      7133EA
ARM GAS  C:\cygwin\tmp\ccDw4fMp.s 			page 14


 187 03a2 E46C14C2 		.ascii	"\344l\024\302\234\234\233\305\323J\334\313\022\227\377"
 187      9C9C9BC5 
 187      D34ADCCB 
 187      1297FF
 188 03b1 E2529B1B 		.ascii	"\342R\233\033\255\340\371D<\362]K\202\013\356c\317\204"
 188      ADE0F944 
 188      3CF25D4B 
 188      820BEE63 
 188      CF84
 189 03c3 E9F6D76A 		.ascii	"\351\366\327j|\217\011\346MX\3056\341\202\333\327\037"
 189      7C8F09E6 
 189      4D58C536 
 189      E182DBD7 
 189      1F
 190 03d4 A9F1307B 		.ascii	"\251\3610{\326\320\222\222\243\304cL\250\350\277\222"
 190      D6D09292 
 190      A3C4634C 
 190      A8E8BF92 
 191 03e4 ADA6C085 		.ascii	"\255\246\300\205 \252\213\213\237\0179\2419\236\322"
 191      20AA8B8B 
 191      9F0F39A1 
 191      399ED2
 192 03f3 E5C5122D 		.ascii	"\345\305\022-P\272'\200\356IJw@L\364(\204\340\0010\036"
 192      50BA2780 
 192      EE494A77 
 192      404CF428 
 192      84E00130 
 193 0408 81F610DA 		.ascii	"\201\366\020\332\317\320\006\241\335\207\366\030\332"
 193      CFD006A1 
 193      DD87F618 
 193      DA
 194 0415 3D6843D0 		.ascii	"=hC\320\206\241=\262\024Cb\202\361\216\230\253&\310"
 194      86A13DB2 
 194      14436282 
 194      F18E98AB 
 194      26C8
 195 0427 D5194800 		.ascii	"\325\031H\000QhI@+\265Q\216\334E\264\341n\251\223\210"
 195      51684940 
 195      2BB5518E 
 195      DC45B4E1 
 195      6EA99388 
 196 043b FDD61E7B 		.ascii	"\375\326\036{\026Y%\026\240\023\026\350m{h\257\275\332"
 196      16592516 
 196      A01316E8 
 196      6D7B68AF 
 196      BDDA
 197 044d 0716EC39 		.ascii	"\007\026\3549\307j\255\260=\026l\263=v\241-\203\333"
 197      C76AADB0 
 197      3D166CB3 
 197      3D76A12D 
 197      83DB
 198 045f 16648B63 		.ascii	"\026d\213c\307$\350\244\005z\307\036z\327\016\372\322"
 198      C724E8A4 
 198      057AC71E 
 198      7AD70EFA 
 198      D2
 199 0470 02353A86 		.ascii	"\0025:\206Zq\235\262`\373\354\261\3756j\343\214\243"
ARM GAS  C:\cygwin\tmp\ccDw4fMp.s 			page 15


 199      5A719DB2 
 199      60FBECB1 
 199      FD366AE3 
 199      8CA3
 200 0482 A5BA3389 		.ascii	"\245\2723\211\030uC\371\3658\216\227\205\202\261\327"
 200      187543F9 
 200      F5388E97 
 200      8582B1D7 
 201 0492 2A67A71D 		.ascii	"*g\247\035\006\241\\Z\302\267J\235`\035\0148X\303|a"
 201      06A15C5A 
 201      C2B74A9D 
 201      601D0C38 
 201      58C37C61 
 202 04a6 D9F8B00B 		.ascii	"\331\370\260\013\362\232Cq\257t\012\364\004\024\235"
 202      F29A4371 
 202      AF740AF4 
 202      04149D
 203 04b5 92B63832 		.ascii	"\222\26682\211^\216j\017\215A\311\375\236\362\203\252"
 203      895E8E6A 
 203      0F8D41C9 
 203      FD9EF283 
 203      AA
 204 04c6 9FBC9894 		.ascii	"\237\274\230\224\254\306\343\342\033\251\371\300SgU"
 204      ACC6E3E2 
 204      1BA9F9C0 
 204      536755
 205 04d5 AAF466A5 		.ascii	"\252\364f\245t\244\225\371\014\251Db@\375\316\366\341"
 205      74A495F9 
 205      0CA94462 
 205      40FDCEF6 
 205      E1
 206 04e6 74D8A155 		.ascii	"t\330\241U\224z\323\016Wp\3619<\177*\221\0078#?\223"
 206      947AD30E 
 206      5770F139 
 206      3C7F2A91 
 206      0738233F 
 207 04fb 46340EA4 		.ascii	"F4\016\244\255\225\242\251\364\253\365\010\233\030\235"
 207      AD95A2A9 
 207      F4ABF508 
 207      9B189D
 208 050a E2DEC117 		.ascii	"\342\336\301\027\030'a*\334xXS\355\202\323\260\315k"
 208      1827612A 
 208      DC785853 
 208      ED82D3B0 
 208      CD6B
 209 051c C9D7F6F8 		.ascii	"\311\327\366\370\343+\035\177*\013\367\277\341\224\362"
 209      E32B1D7F 
 209      2A0BF7BF 
 209      E194F2
 210 052b 0AECFA8A 		.ascii	"\012\354\372\212\257\206I\030|i9\245\014\336\373\032"
 210      AF864918 
 210      7C6939A5 
 210      0CDEFB1A 
 211 053b F6233405 		.ascii	"\366#4\005y\235\220<\361\265\034RP\315\375\206n\214"
 211      799D903C 
 211      F1B51C52 
 211      50CDFD86 
ARM GAS  C:\cygwin\tmp\ccDw4fMp.s 			page 16


 211      6E8C
 212 054d F3280F79 		.ascii	"\363(\017ym\331D\011\242\233\204\315\346p\014T6\322"
 212      6DD94409 
 212      A29B84CD 
 212      E6700C54 
 212      36D2
 213 055f 884D8BD9 		.ascii	"\210M\213\331\211\347\275\220\011\"\037\307{\"\201\227"
 213      89E7BD90 
 213      09221FC7 
 213      7B228197 
 214 056f DE0463AD 		.ascii	"\336\004c\255\265\305\033r\022\204\222\3714x\277\200"
 214      B5C51B72 
 214      128492F9 
 214      3478BF80 
 215 057f C9E999D6 		.ascii	"\311\351\231\326\023\2747\366\321j&\344^\333#m\326\023"
 215      13BC37F6 
 215      D16A26E4 
 215      5EDB236D 
 215      D613
 216 0591 40332894 		.ascii	"@3(\224\234\236^8TjU\237\257\017\222\372\234vT\237U"
 216      9C9E5E38 
 216      546A559F 
 216      AF0F92FA 
 216      9C76549F 
 217 05a6 15AF929C 		.ascii	"\025\257\222\234\315\365\271\037\3523\221\237\203\216"
 217      CDF5B91F 
 217      EA33919F 
 217      838E
 218 05b4 4B819976 		.ascii	"K\201\231vT\237f\367Q\002x\375\246\010@8\373^\017]q"
 218      549F66F7 
 218      510278FD 
 218      A6084038 
 218      FB5E0F5D 
 219 05c9 B1293962 		.ascii	"\261)9bA*\271\355\274JD^\272\275+G!\343\331\030\372"
 219      412AB9ED 
 219      BC4A445E 
 219      BABD2B47 
 219      21E3D918 
 220 05de 929EA113 		.ascii	"\222\236\241\023\2322N\253\337\315\025_Mo\311\250\277"
 220      9A324EAB 
 220      DFCD155F 
 220      4D6FC9A8 
 220      BF
 221 05ef D2E464FE 		.ascii	"\322\344d\376]\370O\342eLC\327\263\324U\270\205U\320"
 221      5DF84FE2 
 221      654C43D7 
 221      B3D455B8 
 221      8555D0
 222 0602 F5CEFA9B 		.ascii	"\365\316\372\233\310\243P0\324\215\345g\014DeA\012\004"
 222      C8A35030 
 222      D48DE567 
 222      0C446541 
 222      0A04
 223 0614 A3C9F43E 		.ascii	"\243\311\364>\235\204Rx\263\207\034\271\247d\321\016"
 223      9D845278 
 223      B3871CB9 
 223      A764D10E 
ARM GAS  C:\cygwin\tmp\ccDw4fMp.s 			page 17


 224 0624 DE0326B6 		.ascii	"\336\003&\266\365\344<`4\210-Fcd\270|@\242\226\312\323"
 224      F5E43C60 
 224      34882D46 
 224      6364B87C 
 224      40A296CA 
 225 0639 C1E1D319 		.ascii	"\301\341\323\031\205*kn\376\363\254\250\245Sjifj%\245"
 225      852A6B6E 
 225      FEF3ACA8 
 225      A5536A69 
 225      666A25A5 
 226 064d CD5D4EF8 		.ascii	"\315]N\370g\261\272;3\367()7\343\351s\260'\011\257\310"
 226      67B1BA3B 
 226      33F72829 
 226      37E3E973 
 226      B02709AF 
 227 0662 698B4C41 		.ascii	"i\213LA\337X\021\373\306Ll'%Vw\366\354;x\214j\340\223"
 227      DF5811FB 
 227      C64C6C27 
 227      255677F6 
 227      EC3B788C 
 228 0679 8A5E55AA 		.ascii	"\212^U\252-'\351\373U\364$\235\305+Q\006\377[O\322\231"
 228      2D27E9FB 
 228      55F4249D 
 228      C52B5106 
 228      FF5B4FD2 
 229 068e BCC3136C 		.ascii	"\274\303\023lW\327\313s\230\272J\3241\367\017w\336\232"
 229      57D7CB73 
 229      98BA4AD4 
 229      31F70F77 
 229      DE9A
 230 06a0 5459DCCF 		.ascii	"TY\334\317f\356\347\307\227\015\315\354\376.\352~\216"
 230      66EEE7C7 
 230      970DCDEC 
 230      FE2EEA7E 
 230      8E
 231 06b1 D9FDAC33 		.ascii	"\331\375\2543\035\225nx\222\271o\350\035\373\314\234"
 231      1D956E78 
 231      92B96FE8 
 231      1DFBCC9C 
 232 06c1 99299F7C 		.ascii	"\231)\237|\301\020/L\233L\210NB\271V\001\3105\007`7"
 232      C1102F4C 
 232      9B4C884E 
 232      42B95601 
 232      C8350760 
 233 06d6 0D80236A 		.ascii	"\015\200#j\031\031#\247gY\262\265\207Q\353\273\223V"
 233      191923A7 
 233      6759B2B5 
 233      8751EBBB 
 233      9356
 234 06e8 28A78364 		.ascii	"(\247\203d\315\345\261\301\227\215\005\327\2243\362"
 234      CDE5B1C1 
 234      978D05D7 
 234      9433F2
 235 06f7 DD4BF9E6 		.ascii	"\335K\371\346\233\371^\375\2669\327\015'\313(\337\346"
 235      9BF95EFD 
 235      B639D70D 
 235      27CB28DF 
ARM GAS  C:\cygwin\tmp\ccDw4fMp.s 			page 18


 235      E6
 236 0708 CE817115 		.ascii	"\316\201q\025\0206B\250\223\237\256\315J\3104\227\022"
 236      103642A8 
 236      939FAECD 
 236      4AC83497 
 236      12
 237 0719 CC42FBAC 		.ascii	"\314B\373\254\010\3573\023\336O\011\267W\027|\205\013"
 237      08EF3313 
 237      DE4F09B7 
 237      57177C85 
 237      0B
 238 072a A812D9C0 		.ascii	"\250\022\331\300\376\272F7\344\345\356Ns\226\002\351"
 238      FEBA4637 
 238      E4E5EE4E 
 238      739602E9 
 239 073a 2A02270A 		.ascii	"*\002'\012\304\011\354\312\203\361\211\217\310\003\270"
 239      C409ECCA 
 239      83F1898F 
 239      C803B8
 240 0749 55D09EE6 		.ascii	"U\320\236\346n,[\300\3639\264\310\035\375\021\022W\010"
 240      6E2C5BC0 
 240      F339B4C8 
 240      1DFD1112 
 240      5708
 241 075b 89238F38 		.ascii	"\211#\2178d\340\335\321\001\236\246\255?\347\311\016"
 241      64E0DDD1 
 241      019EA6AD 
 241      3FE7C90E 
 242 076b B95244A7 		.ascii	"\271RD\247\374?tJ\363\2562\366\271\364\017\"\336\317"
 242      FC3F744A 
 242      F3AE32F6 
 242      B9F40F22 
 242      DECF
 243 077d AC38CCBE 		.ascii	"\2548\314\2762\\\350[\342\345\223\313\354\213HI\003"
 243      325CE85B 
 243      E2E593CB 
 243      EC8B4849 
 243      03
 244 078e 377921CE 		.ascii	"7y!\316\211\250\026\314+Xe\275\006\313\250\362\205\356"
 244      89A816CC 
 244      2B5865BD 
 244      06CBA8F2 
 244      85EE
 245 07a0 A894E96E 		.ascii	"\250\224\351nO\254\272\252\236\235)n\027\036\210\372"
 245      4FACBAAA 
 245      9E9D296E 
 245      171E88FA 
 246 07b0 79106C97 		.ascii	"y\020l\227\360t[\342g\233'\321\017\246G\246\0167kt\361"
 246      F0745BE2 
 246      679B27D1 
 246      0FA647A6 
 246      0E376B74 
 247 07c5 9BD083D9 		.ascii	"\233\320\203\331\271c\030\027\263\264\010"
 247      B9631817 
 247      B3B408
 248 07d0 794977D4 		.ascii	"yIw\324\270Z\024\036%g\342\005E\3025\303X\376\325\201"
 248      B85A141E 
ARM GAS  C:\cygwin\tmp\ccDw4fMp.s 			page 19


 248      2567E205 
 248      45C235C3 
 248      58FED581 
 249 07e4 F9719946 		.ascii	"\371q\231F\320g2}\204P\005?\033UB\216`u[)\256\"\201"
 249      D067327D 
 249      8450053F 
 249      1B55428E 
 249      60755B29 
 250 07fb 476588E7 		.ascii	"Ge\210\347P5\277\200|\274?)\334\255\236\331\313\032"
 250      5035BF80 
 250      7CBC3F29 
 250      DCAD9ED9 
 250      CB1A
 251 080d B39725CC 		.ascii	"\263\227%\314\313\013?\306\2659\333{)\275\026j)\357"
 251      CB0B3FC6 
 251      B539DB7B 
 251      29BD166A 
 251      29EF
 252 081f 1A33EFB2 		.ascii	"\0323\357\262\316_\016\310\355\275\234\021=\3245\225"
 252      CE5F0EC8 
 252      EDBD9C11 
 252      3DD43595 
 253 082f E5824F32 		.ascii	"\345\202O2\307^4\337JC\3241C\353AA\226'$\222\322C\207"
 253      C75E34DF 
 253      4A43D431 
 253      43EB4141 
 253      96272492 
 254 0846 44AF606B 		.ascii	"D\257`k\260RtX\362\252\216z5\374\274>Ya\263\373\222"
 254      B0527458 
 254      F2AA8E7A 
 254      35FCBC3E 
 254      5961B3FB 
 255 085b 9295DC3A 		.ascii	"\222\225\334:\302v_\322\003\372\300\316\372I'Z\026Q"
 255      C2765FD2 
 255      03FAC0CE 
 255      FA49275A 
 255      1651
 256 086d F4CC5DD4 		.ascii	"\364\314]\324\363\202}D\272\022\361Q\275\241MAE5\021"
 256      F3827D44 
 256      BA12F151 
 256      BDA14D41 
 256      453511
 257 0880 AF6D9F56 		.ascii	"\257m\237V\314\034\257c\346x\035e\361*\255\331?\341"
 257      CC1CAF63 
 257      E6781D65 
 257      F12AADD9 
 257      3FE1
 258 0892 621FAF7A 		.ascii	"b\037\257zHG\003MG#\215\3001s\004v\033_\247;\331\307"
 258      4847034D 
 258      47238DC0 
 258      31730476 
 258      1B5FA73B 
 259 08a8 6B46746D 		.ascii	"kFtm*\034S/\260p\325\356|\236\340\314\3025b\025\256"
 259      2A1C532F 
 259      B070D5EE 
 259      7C9EE0CC 
 259      C2356215 
ARM GAS  C:\cygwin\tmp\ccDw4fMp.s 			page 20


 260 08bd E362B860 		.ascii	"\343b\270`#\261\322sB\012\327I~\001\247\012\215\214"
 260      23B1D273 
 260      420AD749 
 260      7E01A70A 
 260      8D8C
 261 08cf 8A8CD687 		.ascii	"\212\214\326\207\007\306\374[\253w\372\370\263\317="
 261      07C6FC5B 
 261      AB77FAF8 
 261      B3CF3D
 262 08de D6728AD8 		.ascii	"\326r\212\330\320\010\375\362eZ\275R\2535\337~\031\364"
 262      D008FDF2 
 262      655ABD52 
 262      AB35DF7E 
 262      19F4
 263 08f0 D780A8E8 		.ascii	"\327\200\250\350\310\255\321\201\341\036!\241a\272\230"
 263      C8ADD181 
 263      E11E21A1 
 263      61BA98
 264 08ff 80AD4141 		.ascii	"\200\255AA\213\003\243\303\027GDF\350\026\353\002\377"
 264      8B03A3C3 
 264      17474446 
 264      E816EB02 
 264      FF
 265 0910 15BAF843 		.ascii	"\025\272\370C\355\252\305\313|\226~\030`3\034\020\032"
 265      EDAAC5CB 
 265      7C967E18 
 265      60331C10 
 265      1A
 266 0921 1114161B 		.ascii	"\021\024\026\033\254\013\010\017\014\332\026\032\241"
 266      AC0B080F 
 266      0CDA161A 
 266      A1
 267 092e 0BD006EB 		.ascii	"\013\320\006\353B\002c\303\364Z\375\177\243t1K\266q"
 267      420263C3 
 267      F45AFD7F 
 267      A374314B 
 267      B671
 268 0940 9FFE7EDD 		.ascii	"\237\376~\3351\372` \012\272\226.Y\342\315~\2211\336"
 268      31FA6020 
 268      0ABA962E 
 268      59E2CD7E 
 268      9131DE
 269 0953 DB02C3BC 		.ascii	"\333\002\303\274\211w1\336\233\267lZ\276\314{\343\306"
 269      897731DE 
 269      9BB76C5A 
 269      BECC7BE3 
 269      C6
 270 0964 75DE1FFB 		.ascii	"u\336\037\373o\360\373\3172\357\250\3000mXX0\314\220"
 270      6FF0FBCF 
 270      32EFA8C0 
 270      306D5858 
 270      30CC90
 271 0977 6FF05B13 		.ascii	"o\360[\023\033\243\212\321\207\203\237[\243B#\265z\371"
 271      1BA38AD1 
 271      87839F5B 
 271      A34223B5 
 271      7AF9
ARM GAS  C:\cygwin\tmp\ccDw4fMp.s 			page 21


 272 0989 26BF75EB 		.ascii	"&\277u\3535N~[\376\351\277^3\313o\263\377\372\365\353"
 272      354E7E5B 
 272      FEE9BF5E 
 272      33CB6FB3 
 272      FFFAF5EB 
 273 099d 3472FFCF 		.ascii	"4r\377\317\375\327i\360\006h~\3534\350\013\032\245\245"
 273      FDD769F0 
 273      06687EEB 
 273      34E80B1A 
 273      A5A5
 274 09af 2B2C5122 		.ascii	"+,Q\"\2678F\247\227\007\205\351\002\243\221\257l\315"
 274      B73846A7 
 274      970785E9 
 274      02A391AF 
 274      6CCD
 275 09c1 668D46B6 		.ascii	"f\215F\266q\355\247\032\331\337\376\256\331H\376|\361"
 275      71EDA71A 
 275      D9DFFEAE 
 275      D948FE7C 
 275      F1
 276 09d2 1A8D46C9 		.ascii	"\032\215F\311\"\036\032\014\361f72\022}\025\321\241"
 276      221E1A0C 
 276      F1663732 
 276      127D15D1 
 276      A1
 277 09e3 0D098CD1 		.ascii	"\015\011\214\321\257\204\007\221!!\240\352\017\366\316"
 277      AF840791 
 277      2121A0EA 
 277      0FF6CE
 278 09f2 88EE12F6 		.ascii	"\210\356\022\366\300\\\011\235F\027\030\014\364\335"
 278      C05C099D 
 278      4617180C 
 278      F4DD
 279 0a00 ED9131D1 		.ascii	"\355\2211\321A\024\025\304\271@\367Et\250^\0070Ehdx"
 279      411415C4 
 279      B940F745 
 279      74A85E07 
 279      30456864 
 280 0a15 64B04EAB 		.ascii	"d\260N\253W\303\340f\235\036\2066\201\374\216V\014\207"
 280      57C3E066 
 280      9D1E8636 
 280      81FC8E56 
 280      0C87
 281 0a27 168C6E8D 		.ascii	"\026\214n\215\216\214\215\"(Y\320\266\300h\205V\033"
 281      8E8C8D22 
 281      2859D0B6 
 281      C0688556 
 281      1B
 282 0a38 121B11A4 		.ascii	"\022\033\021\244\325\252\3157KV\254X\265\322J\372\213"
 282      D5AACD37 
 282      4B56AC58 
 282      B5D24AFA 
 282      8B
 283 0a49 CF721B69 		.ascii	"\317r\033i\345\377\000\275/\365\303"
 283      E5FF00BD 
 283      2FF5C3
 284              		.text
ARM GAS  C:\cygwin\tmp\ccDw4fMp.s 			page 22


 285              		.section	.gnu.lto_.symtab.9c5c5ad,"",%progbits
 286 0000 70616C52 		.ascii	"palReadBus\000\000\000\000\000\000\000\000\000\000\000"
 286      65616442 
 286      75730000 
 286      00000000 
 286      00000000 
 287 0015 00090100 		.ascii	"\000\011\001\000\000palWriteBus\000\000\000\000\000"
 287      0070616C 
 287      57726974 
 287      65427573 
 287      00000000 
 288 002a 00000000 		.ascii	"\000\000\000\000\000\000\000\016\001\000\000palSetB"
 288      0000000E 
 288      01000070 
 288      616C5365 
 288      7442
 289 003c 75734D6F 		.ascii	"usMode\000\000\000\000\000\000\000\000\000\000\000\000"
 289      64650000 
 289      00000000 
 289      00000000 
 289      0000
 290 004e 16010000 		.ascii	"\026\001\000\000_pal_lld_setgroupmode\000\000\002\000"
 290      5F70616C 
 290      5F6C6C64 
 290      5F736574 
 290      67726F75 
 291 006b 00000000 		.ascii	"\000\000\000\000\000\000\000\000\034\001\000\000"
 291      00000000 
 291      1C010000 
 292              		.text
 293              		.section	.gnu.lto_.opts,"",%progbits
 294 0000 272D666E 		.ascii	"'-fno-trapv' '-mcpu=cortex-m4' '-mno-thumb-interwor"
 294      6F2D7472 
 294      61707627 
 294      20272D6D 
 294      6370753D 
 295 0033 6B272027 		.ascii	"k' '-mthumb' '-ggdb' '-O2' '-fomit-frame-pointer' '"
 295      2D6D7468 
 295      756D6227 
 295      20272D67 
 295      67646227 
 296 0066 2D66616C 		.ascii	"-falign-functions=16' '-ffunction-sections' '-fdata"
 296      69676E2D 
 296      66756E63 
 296      74696F6E 
 296      733D3136 
 297 0099 2D736563 		.ascii	"-sections' '-fno-common' '-flto'\000"
 297      74696F6E 
 297      73272027 
 297      2D666E6F 
 297      2D636F6D 
 298              		.text
 299              		.comm	__gnu_lto_v1,1,1
 300              		.comm	__gnu_lto_slim,1,1
 301              		.ident	"GCC: (GNU Tools for ARM Embedded Processors) 4.9.3 20141119 (release) [ARM/embedded-4_9-br
ARM GAS  C:\cygwin\tmp\ccDw4fMp.s 			page 23


DEFINED SYMBOLS
                            *ABS*:00000000 pal.c
                            *COM*:00000001 __gnu_lto_v1
                            *COM*:00000001 __gnu_lto_slim

NO UNDEFINED SYMBOLS
