ARM GAS  C:\cygwin\tmp\ccaTsV9k.s 			page 1


   1              		.syntax unified
   2              		.cpu cortex-m4
   3              		.fpu softvfp
   4              		.eabi_attribute 20, 1
   5              		.eabi_attribute 21, 1
   6              		.eabi_attribute 23, 3
   7              		.eabi_attribute 24, 1
   8              		.eabi_attribute 25, 1
   9              		.eabi_attribute 26, 1
  10              		.eabi_attribute 30, 2
  11              		.eabi_attribute 34, 1
  12              		.eabi_attribute 18, 4
  13              		.thumb
  14              		.file	"st.c"
  15              		.text
  16              	.Ltext0:
  17              		.section	.gnu.lto_.profile.9c5d802,"",%progbits
  18 0000 789C6366 		.ascii	"x\234cf```a\200\000F\006)\036\000\000\264\000/"
  18      60606061 
  18      80004606 
  18      291E0000 
  18      B4002F
  19              		.text
  20              		.section	.gnu.lto_.jmpfuncs.9c5d802,"",%progbits
  21 0000 789C6366 		.ascii	"x\234cf\300\016\304\2404+\210`\004\202z&\006\006f\020"
  21      C00EC4A0 
  21      342B8860 
  21      04827A26 
  21      06066610 
  22 0014 CD021400 		.ascii	"\315\002\024\000\000\015^\001-"
  22      000D5E01 
  22      2D
  23              		.text
  24              		.section	.gnu.lto_.inline.9c5d802,"",%progbits
  25 0000 789C6366 		.ascii	"x\234cf\300\016R\2414+\003\003\013\017#\003\023\220"
  25      C00E52A1 
  25      342B0303 
  25      0B0F2303 
  25      1390
  26 0012 C9B6401E 		.ascii	"\311\266@\036D10r\201\010\0066V\2400\333\007=\2708\023"
  26      44313072 
  26      81080636 
  26      56A030DB 
  26      073DB838 
  27 0027 030B3350 		.ascii	"\003\0133P\210\351\002?\\\210\031S\210\005S\210\001"
  27      88E9023F 
  27      5C881953 
  27      88055388 
  27      01
  28 0038 0099C708 		.ascii	"\000\231\307\010l"
  28      6C
  29              		.text
  30              		.section	.gnu.lto_.pureconst.9c5d802,"",%progbits
  31 0000 789C6366 		.ascii	"x\234cf``\340f\200\000V\006\011F)&)f)\026)\000\004\004"
  31      6060E066 
  31      80005606 
  31      09462926 
ARM GAS  C:\cygwin\tmp\ccaTsV9k.s 			page 2


  31      29662916 
  32 0018 009E     		.ascii	"\000\236"
  33              		.text
  34              		.section	.gnu.lto_stInit.9c5d802,"",%progbits
  35 0000 789C6366 		.ascii	"x\234cf\300\004R@\274\030\210\245\201\230\221\231\201"
  35      C0045240 
  35      BC1888A5 
  35      81989199 
  35      81
  36 0011 9169C239 		.ascii	"\221i\3029\006\206F\016&FF\020\203\201\221\241\236\211"
  36      0686460E 
  36      26464610 
  36      838191A1 
  36      9E89
  37 0023 B19EF125 		.ascii	"\261\236\361%\323G&\306\011\007V\317\340V_\332\320\320"
  37      D34726C6 
  37      090756CF 
  37      E0565FDA 
  37      D0D0
  38 0035 F0E1D3F9 		.ascii	"\360\341\323\371\306\200\003\214?\231\030\030>3A\314"
  38      C680038C 
  38      3F991818 
  38      3E3341CC 
  39 0045 615CCEA8 		.ascii	"a\\\316\250\316\000T\364\261\345\357un\266\026\240\""
  39      CE0054F4 
  39      B1E5EF75 
  39      6EB616A0 
  39      22
  40 0056 01881CE3 		.ascii	"\001\210\034\343\012F6F \275^\350@\303\377\377\217\247"
  40      0A463646 
  40      20BD5EE8 
  40      40C3FFFF 
  40      8FA7
  41 0068 AED9C8C2 		.ascii	"\256\331\310\302\314\300\360\004(\005\262\340)\023\023"
  41      CCC0F004 
  41      2805B2E0 
  41      291313
  42 0077 8866BEC3 		.ascii	"\210f\276\303\330|`\3621F\220b\220)\363.\367\255c\252"
  42      D87C60F2 
  42      31469062 
  42      9029F32E 
  42      F7AD63AA 
  43 008b FDDDD0D1 		.ascii	"\375\335\320\321\300\361\223\211\3613\023\320\000\306"
  43      C0F19389 
  43      F13313D0 
  43      00C6
  44 0099 958CB50C 		.ascii	"\225\214\265\014?\201\312\35716\036\230\352\006V\311"
  44      3F81CAEF 
  44      31361E98 
  44      EA0656C9 
  45 00a9 00328811 		.ascii	"\0002\210\021d\000\3208I==}\010\312/\326\317H\314\321"
  45      6400D038 
  45      493D3D7D 
  45      08CA2FD6 
  45      CF48CCD1 
  46 00bd 2F2E4AD6 		.ascii	"/.J\326/.\321Kf\000\000\313gBh"
  46      2F2ED14B 
ARM GAS  C:\cygwin\tmp\ccaTsV9k.s 			page 3


  46      660000CB 
  46      674268
  47              		.text
  48              		.section	.gnu.lto_stStartAlarm.9c5d802,"",%progbits
  49 0000 789C9D91 		.ascii	"x\234\235\221\317k\023Q\020\307\337wv\263\011\244\324"
  49      CF6B1351 
  49      10C7DF77 
  49      76B309A4 
  49      D4
  50 0011 E2290641 		.ascii	"\342)\006A!\224^L\026\365\037\360\340EhA\260w\221Z\250"
  50      21945E4C 
  50      16F51FF0 
  50      E0456841 
  50      B077915A 
  51 0026 10A934C1 		.ascii	"\020\2514\301k_b\342\301K\203\205\266 \021\213]\254"
  51      6B5F62E2 
  51      C14B8385 
  51      B620118B 
  51      5DAC
  52 0038 8D696B6A 		.ascii	"\215ikj\214-\012\253=\370\013\015\202(\250h\300\010"
  52      8C2D0AAB 
  52      3DF80B0D 
  52      8228A868 
  52      C008
  53 004a 4A40525B 		.ascii	"J@R[(+\264q\336v\005\255\036\304e\227\267\363f\346\363"
  53      282BB471 
  53      DE7605AD 
  53      1EC46597 
  53      B7F366E6 
  54 005f FDCE7B9A 		.ascii	"\375\316{\232\370\363\011\3637IB\034\345\025\232\000"
  54      F8F309F3 
  54      3749421C 
  54      E5159A00 
  55 006f E59E0B91 		.ascii	"\345\236\013\221\012\020\240~\004\3040a\030_h\205\220"
  55      0A10A07E 
  55      04C43061 
  55      185F6885 
  55      90
  56 0080 B30B13C1 		.ascii	"\263\013\023\301.KJ\331L\227C\331\220\303m\253\264\205"
  56      2E4B4AD9 
  56      4C9743D9 
  56      90C36DAB 
  56      B485
  57 0092 C1357471 		.ascii	"\3015tq\311\202\365\375\002\264\335\020\374\2778\273"
  57      C982F5FD 
  57      02B4DD10 
  57      FCBF38BB 
  58 00a2 F62CF899 		.ascii	"\366,\370\231\034\302^\025.]|4a\250\220t\025\236+\345"
  58      1CC25E15 
  58      2E5D7C34 
  58      61A89074 
  58      159E2BE5 
  59 00b6 A77C9D57 		.ascii	"\247|\235W\245L\333\367J\362\220\356\220\206ih\314\303"
  59      A54CDBF7 
  59      4AF290EE 
  59      90866968 
  59      CCC3
ARM GAS  C:\cygwin\tmp\ccaTsV9k.s 			page 4


  60 00c8 75843183 		.ascii	"u\2041\203\260\340-\201\002:U\371Jf\343u\320\310\260"
  60      B0E02D81 
  60      023A55F9 
  60      4A66E375 
  60      D0C8B0
  61 00db 76C7C64F 		.ascii	"v\307\306OY\334\200\001^\347v\332\262\325\372h\275+"
  61      59DC8001 
  61      5EE776DA 
  61      B2D5FA68 
  61      BD2B
  62 00ed EB06FB56 		.ascii	"\353\006\373V\035\242\316\005j\200ODj\325^!\335\241"
  62      1DA2CE05 
  62      6A804F44 
  62      6AD55E21 
  62      DDA1
  63 00ff 386F2B95 		.ascii	"8o+\225\315\266\310$\313\326\246\227\373\355\314\025"
  63      CDB6C824 
  63      CBD6A697 
  63      FBEDCC15 
  64 010f B9D96AE1 		.ascii	"\271\331j\341/\342\336XED\326\031\361\006\017\306\234"
  64      2FE2DE58 
  64      4544D619 
  64      F1060FC6 
  64      9C
  65 0120 A9CBD9F6 		.ascii	"\251\313\331\366\337\254\324\262\215\220\252p\235\254"
  65      DFACD4B2 
  65      8D90AA70 
  65      9DAC
  66 012e 12B61915 		.ascii	"\022\266\031\025\230\205\301\2149\030\234\370\372\364"
  66      9885C18C 
  66      39189CF8 
  66      FAF4
  67 013c E1799F9A 		.ascii	"\341y\237\232_\347\234t\317\340C\275\372\"\340n\011"
  67      5FE79C74 
  67      CFE043BD 
  67      FA22E06E 
  67      09
  68 014d 158E571B 		.ascii	"\025\216W\0333\224\307\245TN\006\034\362a\236\255\334"
  68      3394C7A5 
  68      544E061C 
  68      F2619EAD 
  68      DC
  69 015e 545638B7 		.ascii	"TV8\267>Z/\266G\0132\223j>\276\373d\207C\006J\310\343"
  69      3E5A2FB6 
  69      470B3293 
  69      6A3EBEFB 
  69      64874306 
  70 0175 1B8FE9AA 		.ascii	"\033\217\351\252p\311\375\3215\213\314\"\227\330\373"
  70      70C9FDD1 
  70      358BCC22 
  70      97D8FB
  71 0184 1CF26301 		.ascii	"\034\362c\001QD\302^\036\267`z\2034\233\325\264\337"
  71      5144C25E 
  71      1EB7607A 
  71      83349BD5 
  71      B4DF
  72 0196 33F56F92 		.ascii	"3\365o\222\366\036\305+\273z\360x\267\021\375u\002?"
ARM GAS  C:\cygwin\tmp\ccaTsV9k.s 			page 5


  72      F61EC52B 
  72      BB7AF078 
  72      B711FD75 
  72      023F
  73 01a8 EB54B851 		.ascii	"\353T\270Q\361\347_\376\027\377\216\313'\217\277\350"
  73      F1E75FFE 
  73      17FF8ECB 
  73      278FBFE8 
  74 01b8 F2ABB5E5 		.ascii	"\362\253\265\345\2216\227\317\373K\334\370\036\251\232"
  74      913697CF 
  74      FB4BDCF8 
  74      1EA99A
  75 01c7 D508A803 		.ascii	"\325\010\250\003W\367Sg?|\275|\012\273b1s\353\035L\230"
  75      57F75367 
  75      3F7CBD7C 
  75      0ABB6231 
  75      73EB1D4C 
  76 01dc 0327E266 		.ascii	"\003'\342fb\250\317L$c}BO\236:\335onO\237\031\034J&"
  76      62A8CF4C 
  76      24637D42 
  76      4F9E3ADD 
  76      6F6E4F9F 
  77 01f4 CC63BD3D 		.ascii	"\314c\275=\007\017\230\335\335\207\315\336#=g\367s\303"
  77      070F98DD 
  77      DD87CDDE 
  77      233D67F7 
  77      73C3
  78 0206 F178FC64 		.ascii	"\361x\374dl@\374\0001{\006\272"
  78      6C40FC00 
  78      317B06BA 
  79              		.text
  80              		.section	.gnu.lto_stStopAlarm.9c5d802,"",%progbits
  81 0000 789C6366 		.ascii	"x\234cf\300\004R@\254\313\310\300\340\015\244\031\231"
  81      C0045240 
  81      ACCBC8C0 
  81      E00DA419 
  81      99
  82 0011 19189926 		.ascii	"\031\030\231&\234c`h\344`bd\0041\030\030\031\352\231"
  82      9C636068 
  82      E4606264 
  82      04311818 
  82      19EA99
  83 0024 18EB195F 		.ascii	"\030\353\031_2}db\234p`\365\014n\365\245\015\015\015"
  83      327D6462 
  83      9C7060F5 
  83      0C6EF5A5 
  83      0D0D0D
  84 0037 1F1E6D97 		.ascii	"\037\036m\227h\225\370\311\304\300\360\231\011b\014"
  84      6895F8C9 
  84      C4C0F099 
  84      09620C
  85 0046 E3724675 		.ascii	"\343rFu\006\240\232\217-\177\257s\263\265\000\325\010"
  85      06A09A8F 
  85      2D7FAF73 
  85      B3B500D5 
  85      08
  86 0057 40E41857 		.ascii	"@\344\030W0\262\001\215gX/t\240\341\377\377\305s\346"
ARM GAS  C:\cygwin\tmp\ccaTsV9k.s 			page 6


  86      30B2018D 
  86      67582F74 
  86      A0E1FFFF 
  86      C573E6
  87 006a EC646166 		.ascii	"\354daf`x\002\224\002\231\377\224\211\011D3\337b<\364"
  87      60780294 
  87      0299FF94 
  87      89094433 
  87      DF623CF4 
  88 007e 61C7BC5D 		.ascii	"a\307\274]G\271Q\214x\320\372I\002l\300g&Ft\303\031"
  88      47B9518C 
  88      78D0FA49 
  88      026CC067 
  88      264674C3 
  89 0093 5732B201 		.ascii	"W2\262\001M_\305\310\006\224xw\372x\033\353\013\246"
  89      4D5FC5C8 
  89      06947877 
  89      FA781BEB 
  89      0BA6
  90 00a5 9F4C8C40 		.ascii	"\237L\214@\271\006\026\220\332\373O\316_\344\000\013"
  90      B9061690 
  90      DAFB4FCE 
  90      5FE4000B 
  91 00b5 3180B8D3 		.ascii	"1\200\270\323\317\277^\3054\227qv\343\204\006\216\237"
  91      CFBF5EC5 
  91      34977176 
  91      E384068E 
  91      9F
  92 00c6 4C4C8CAB 		.ascii	"LL\214\253\031\245\030\3270J\201\345\276O~\262\226O"
  92      19A518D7 
  92      304A81E5 
  92      BE4F7EB2 
  92      964F
  93 00d8 7775434B 		.ascii	"wuCK\343\207=_N\361\377dbf\\\3138\227\361\023\320\215"
  93      E3873D5F 
  93      4EF1FF64 
  93      62665CCB 
  93      3897F113 
  94 00ee 605B18D7 		.ascii	"`[\030\3271\352\"\233\010t?\343z\240\336{\214\215\017"
  94      31EA229B 
  94      08743FE3 
  94      7AA0DE7B 
  94      8C8D0F
  95 0101 967EE200 		.ascii	"\226~\342\0009\020\024\004O\200V\001\375\002\324%\251"
  95      39101404 
  95      4F805601 
  95      FD02D425 
  95      A9
  96 0112 A7A70F41 		.ascii	"\247\247\017A\371\305\372\031\2119\372\305E\311\372"
  96      F9C5FA19 
  96      8939FAC5 
  96      45C9FA
  97 0121 C5257AC9 		.ascii	"\305%z\311\014\372\3502\005\371E%\305\372\301!\276\306"
  97      0CFAE832 
  97      05F94525 
  97      C5FAC121 
  97      BEC6
ARM GAS  C:\cygwin\tmp\ccaTsV9k.s 			page 7


  98 0133 46FA3E3E 		.ascii	"F\372>>.\372!\236\276e\206@\265\36199)z\031\014\000"
  98      2EFA219E 
  98      BE658640 
  98      B5F13939 
  98      297A190C 
  99 0148 25BF85D4 		.ascii	"%\277\205\324"
 100              		.text
 101              		.section	.gnu.lto_stSetAlarm.9c5d802,"",%progbits
 102 0000 789C6D50 		.ascii	"x\234mPQK\223Q\030~\237\367\373\3665X\250t5\207\027"
 102      514B9351 
 102      187E9FF7 
 102      FBF63558 
 102      A8743587 
 103 0015 C2106F74 		.ascii	"\302\020ot\207\352\017t\321\215\240\020\344}\210\011"
 103      87EA0F74 
 103      D18DA010 
 103      E47D8809 
 104 0025 060BC58D 		.ascii	"\006\013\305\215n=\263\255\213\256FB\012:(\332\250\234"
 104      6E3DB3AD 
 104      8BAE4642 
 104      0A3A28DA 
 104      A89C
 105 0037 D39A8194 		.ascii	"\323\232\201\224\004_vQ!)\335\024\224\324\242\005\212"
 105      045F7651 
 105      2129DD14 
 105      94D4A205 
 105      8A
 106 0048 209A827C 		.ascii	" \232\202|\003]\357\231z\241u8\207s\336\363<\347y\237"
 106      035DEF99 
 106      7AA17538 
 106      8773DEF3 
 106      3CE7799F 
 107 005c E758F4EF 		.ascii	"\347X\364\357\010\311\372\011\242+\262\303\"pz\231("
 107      08C9FA09 
 107      A22BB2C3 
 107      22707A99 
 107      28
 108 006d E167C01C 		.ascii	"\341g\300\034\0104\314\030\306:o3\322n~<\320\232\323"
 108      0834CC18 
 108      C63A6F33 
 108      D26E7E3C 
 108      D09AD3
 109 0080 5A6F2D2E 		.ascii	"Zo-.\004SA\217\211v\370P\006\217\321*\224\271\\\345"
 109      0453418F 
 109      8976F850 
 109      068FD12A 
 109      94B95CE5 
 110 0094 2EAC2690 		.ascii	".\254&\220\234_\316\354~\014\254\261\307h6\345\253{"
 110      9C5FCEEC 
 110      7E0CACB1 
 110      C76836E5 
 110      AB7B
 111 00a6 EFC71D53 		.ascii	"\357\307\035S\262m\312\333\305L\326\327\362H\353\021"
 111      B26DCADB 
 111      C54CD6D7 
 111      F248EB11 
 112 00b6 77A1A82F 		.ascii	"w\241\250/\331\036[x\002K\364\360\024!L!DrE\310\243"
ARM GAS  C:\cygwin\tmp\ccaTsV9k.s 			page 8


 112      D91E5B78 
 112      024BF4F0 
 112      14214C21 
 112      447245C8 
 113 00cb C5D0B793 		.ascii	"\305\320\267\223\373_\002NRz7\354\037\267\3054\034q"
 113      FB5F024E 
 113      527A37EC 
 113      1FB7C534 
 113      1C71
 114 00dd 4EB3E75C 		.ascii	"N\263\347\\]\255\376\312N\276\266m\361m^PY\010&\300"
 114      5DADFECA 
 114      4EBEB66D 
 114      F16D5E50 
 114      590826C0 
 115 00f1 6F66B35B 		.ascii	"of\263[\2371\322`t\276\315\317\037\234\015?\224\266"
 115      9F31D260 
 115      74BECDCF 
 115      1F9C0D3F 
 115      94B6
 116 0103 A5D5B77D 		.ascii	"\245\325\267}n\362\201>\250V\361\237\346G\261\012\010"
 116      6EF2813E 
 116      A856F19F 
 116      E647B10A 
 116      08
 117 0114 EF89C457 		.ascii	"\357\211\304W,\336\367\262\313\251\272\023VJ\251J\320"
 117      2CDEF7B2 
 117      CBA9BA13 
 117      564AA94A 
 117      D0
 118 0125 306A4E76 		.ascii	"0jNv\030\247\214\022f\340\210\306,\034\0016\227\336"
 118      18A78C12 
 118      66E088C6 
 118      2C1C0136 
 118      97DE
 119 0137 DDF199FC 		.ascii	"\335\361\231\374\266`\272\366\007?\312+\237\374\265"
 119      B660BAF6 
 119      073FCA2B 
 119      9FFCB5
 120 0146 2B32E5D8 		.ascii	"+2\345\330\312\306\024g0\221Hk\277\307><\023+\317\215"
 120      CAC61467 
 120      3091486B 
 120      BFC73E3C 
 120      132BCF8D 
 121 015a 15C1F646 		.ascii	"\025\301\366F\313\205\272\366\274N&\266>L.\325{\354"
 121      CB85BAF6 
 121      BC4E26B6 
 121      3E4C2ED5 
 121      7BEC
 122 016c A0880CFE 		.ascii	"\240\210\014\376H\314Z\027\241\274\031\335\315\261*"
 122      48CC5A17 
 122      A1BC19DD 
 122      CDB12A
 123 017b 08C56DF3 		.ascii	"\010\305m\363\370\014\346\320\216p\350\010\307\013("
 123      F80CE6D0 
 123      8E70E808 
 123      C70B28
 124 018a 13E43B12 		.ascii	"\023\344;\022\245\\\305o\014\233|e1-\337#*\215\221\210"
ARM GAS  C:\cygwin\tmp\ccaTsV9k.s 			page 9


 124      A55CC56F 
 124      0C9B7C65 
 124      312DDF23 
 124      2A8D9188 
 125 019e 3A9C0331 		.ascii	":\234\0031\325\337\023U\261\241^\025\213Gz\311\216\337"
 125      D5DF1355 
 125      B1A15E15 
 125      8B477AC9 
 125      8EDF
 126 01b0 B8D9A74E 		.ascii	"\270\331\247N\303\203\003C\361\230\272\332\335u\361"
 126      C3830343 
 126      F198BADA 
 126      DD75F1
 127 01bf 82EAECBC 		.ascii	"\202\352\354\274\254\272;\272n\235\227\007\327\242\321"
 127      ACBA3BBA 
 127      6E9D9707 
 127      D7A2D1
 128 01ce EB917EFA 		.ascii	"\353\221~\372\013\036h\303W"
 128      0B1E68C3 
 128      57
 129              		.text
 130              		.section	.gnu.lto_stGetAlarm.9c5d802,"",%progbits
 131 0000 789C654F 		.ascii	"x\234eO\315+\304Q\024\275\347\376\306\257\321\224dg"
 131      CD2BC451 
 131      14BDE7FE 
 131      C6AFD194 
 131      6467
 132 0012 568AB29A 		.ascii	"V\212\262\232y\341_\260\021Vf/\241,~Ef\262\365F\303"
 132      79E15FB0 
 132      1156662F 
 132      A12C7E45 
 132      66B2F546 
 133 0027 7A320AF9 		.ascii	"z2\012\371H\243\311\347\370X\2222l(1)\231\262`\026\243"
 133      48A3C9E7 
 133      F8589232 
 133      6C283129 
 133      99B26016 
 134 003c 7C940C53 		.ascii	"|\224\014S\323,\304}\303\006\257\367\272\367\274s\272"
 134      D32CC47D 
 134      C306AFF7 
 134      BAF7BC73 
 134      BA
 135 004d F71C8BFE 		.ascii	"\367\034\213\376\037\257<\007D\355Ra\0218zA\024v3`\032"
 135      1FAF3C07 
 135      44ED5261 
 135      11387A41 
 135      14763360 
 136 0062 028D3246 		.ascii	"\002\2152F\361\310y\306\336V\341\334\363\300%\246:\022"
 136      F1C879C6 
 136      DE56E1DC 
 136      F3C025A6 
 136      3A12
 137 0074 B83F793A 		.ascii	"\270?y:c\033\010\227\201\231\353\231LecB\353\261\327"
 137      631B0897 
 137      8199EB99 
 137      4C656342 
 137      EBB1D7
ARM GAS  C:\cygwin\tmp\ccaTsV9k.s 			page 10


 138 0087 E3436776 		.ascii	"\343CgvjI\030\246w&\254\300\213U\230EXC\243\321\346"
 138      6A4918A6 
 138      7726ACC0 
 138      8B559845 
 138      5843A3D1 
 139 009c 231F198F 		.ascii	"#\037\031\217\035\321ZW\1770\031\221p\353\260\305\007"
 139      1DD15A57 
 139      7F301991 
 139      70EBB0C5 
 139      07
 140 00ad 6DD7A4F4 		.ascii	"m\327\244\364\347\347\362\342\374\245\313b23('\317\270"
 140      E7E7F2E2 
 140      FCA5CB62 
 140      32332827 
 140      CFB8
 141 00bf B91720D5 		.ascii	"\271\027 \325\272\301\361\376\336\342S\377\257I\331"
 141      BAC1F1FE 
 141      DEE253FF 
 141      AF49D9
 142 00ce 481CE521 		.ascii	"H\034\345!\357\214?;\010\033\260e\303&\354\"\233$/g"
 142      EF8C3F3B 
 142      081BB065 
 142      C326EC22 
 142      9B242F67 
 143 00e2 271315C6 		.ascii	"'\023\025\306\272%\264.\333\277\313\245/\335\345/2p"
 143      BA25B42E 
 143      DBBFCBA5 
 143      2FDDE52F 
 143      3270
 144 00f4 3AFDBCCE 		.ascii	":\375\274\316\013\230\013G\265\273\304.$%\303\226\311"
 144      0B980B47 
 144      B5BBC42E 
 144      2425C396 
 144      C9
 145 0105 205C3196 		.ascii	" \\1\226KV\3716t$\374zpu\326P\342\012lc\001o\342\262"
 145      4B56F936 
 145      7424FC7A 
 145      7075D650 
 145      E20A6C63 
 146 011d BC482447 		.ascii	"\274H$G\261B\202UR$)o\211m\354\300\207z\357\017\217"
 146      B1428255 
 146      5224296F 
 146      896DECC0 
 146      877AEF0F 
 147 0132 5D28BA45 		.ascii	"](\272E8;\036\2575\206\213&\243\204\204\011'm\255\337"
 147      383B1EAF 
 147      35868B26 
 147      A3848409 
 147      276DADDF 
 148 0146 AFBEEF60 		.ascii	"\257\276\357`P\015\3648*8\334\253\202!\177/\251\277"
 148      500DF438 
 148      2A38DCAB 
 148      82217F2F 
 148      A9BF
 149 0158 CCD0E070 		.ascii	"\314\320\340p(\250\272\002\235-\315\252\243\243U\005"
 149      28A8BA02 
 149      9D2DCDAA 
ARM GAS  C:\cygwin\tmp\ccaTsV9k.s 			page 11


 149      A3A35505 
 150 0168 DA3A479A 		.ascii	"\332:G\232D\333\3558}\376\001\372\002\203u\233\032"
 150      44DBED38 
 150      7DFE01FA 
 150      0283759B 
 150      1A
 151              		.text
 152              		.section	.gnu.lto_.symbol_nodes.9c5d802,"",%progbits
 153 0000 789C55C8 		.ascii	"x\234U\310;\021\2000\024D\321\3736d&n\221\260\341#\000"
 153      3B118030 
 153      1444D1FB 
 153      3664266E 
 153      91B0E123 
 154 0015 050C057A 		.ascii	"\005\014\005z\320\200\022\240\200\202\234\362$\240\347"
 154      D08012A0 
 154      80829CF2 
 154      24A0E7
 155 0024 A33B0CCB 		.ascii	"\243;\014\313\0016\353VP\225\243\211AV\023\243\234\232"
 155      0136EB56 
 155      5095A389 
 155      415613A3 
 155      9C9A
 156 0036 98E4EE1F 		.ascii	"\230\344\356\0371\313\371\015j-$2\373y\005\017\341\323"
 156      31CBF90D 
 156      6A2D2432 
 156      FB79050F 
 156      E1D3
 157 0048 1EB5     		.ascii	"\036\265"
 158              		.text
 159              		.section	.gnu.lto_.refs.9c5d802,"",%progbits
 160 0000 789C6366 		.ascii	"x\234cf```d\200\002\000\000=\000\005"
 160      60606064 
 160      80020000 
 160      3D0005
 161              		.text
 162              		.section	.gnu.lto_.decls.9c5d802,"",%progbits
 163 0000 789CB557 		.ascii	"x\234\265WyL\024Y\032\257W\257\241\241i\300\305\254"
 163      794C1459 
 163      1AAF57AF 
 163      A1A169C0 
 163      C5AC
 164 0012 E392CD2E 		.ascii	"\343\222\315.\342\206\270FlA\263W\262\031]4\216\231"
 164      E286B846 
 164      6C41B357 
 164      B2195D34 
 164      8E99
 165 0024 71D6346E 		.ascii	"q\3264n2\211$=,\266B\302\341\322\355f\347\277\342p\004"
 165      3289243D 
 165      2CB642C2 
 165      E1D2ED66 
 165      E7BFE270 
 166 0039 BC104139 		.ascii	"\274\020A9DZ9\005ApE\004\025\020\025\033\345RQ\361\002"
 166      445A3905 
 166      41704504 
 166      1510151B 
 166      E55251F1 
 167 004e C4F1C699 		.ascii	"\304\361\306\231\306c\000\017z\277\367^UuS\333\272n"
ARM GAS  C:\cygwin\tmp\ccaTsV9k.s 			page 12


 167      C663000F 
 167      7ABFF75E 
 167      557553DB 
 167      BA6E
 168 0060 365BE1A3 		.ascii	"6[\341\243\336\367\336\357\373\275\357xU\3655\3468\316"
 168      DEF7DEEF 
 168      FBBDEF78 
 168      55F535E6 
 168      38CE
 169 0072 8238CE0E 		.ascii	"\2028\316\016\327\254i\034\267\207\3478w\230[\3059."
 169      D7AC691C 
 169      B787E738 
 169      77985BC5 
 169      392E
 170 0084 A21F0239 		.ascii	"\242\037\0029\001r\012\244\005\244\015\344,\367\357"
 170      01720AA4 
 170      05A40DE4 
 170      2CF7EF
 171 0093 17C161D1 		.ascii	"\027\301a\321\376\034\310Aq\236\027\327\\\331\020^\017"
 171      FE1CC841 
 171      719E17D7 
 171      5CD9105E 
 171      0F
 172 00a4 D1C60744 		.ascii	"\321\306\007D\013\322\000\342\011~\251A\356\302\270"
 172      0BD200E2 
 172      097EA941 
 172      EEC2B8
 173 00b3 43E4E541 		.ascii	"C\344\345A\177\011\3677\"'\261\365\2029\370\343\374"
 173      7F09F737 
 173      2227B1F5 
 173      8239F8E3 
 173      FC
 174 00c4 D1545EE2 		.ascii	"\321T^\342\253J\344\225\270\010\017r\262'\230\237+\354"
 174      AB4AE495 
 174      B8080F72 
 174      B227989F 
 174      2BEC
 175 00d6 3831C68F 		.ascii	"81\306\217\361\011\211>\361\242\315/D_\202\024\234$"
 175      F109893E 
 175      F1A2CD2F 
 175      445F8214 
 175      9C24
 176 00e8 5FEAFF82 		.ascii	"_\352\377\202\213\340\347\210\\s\025\\\243<j\254y\331"
 176      8BE0E788 
 176      5C73155C 
 176      A33C6AAC 
 176      79D9
 177 00fa E5F58847 		.ascii	"\345\365\210G>\232\000\2426eYs\335A\325jTD=\361f\270"
 177      3E9A00A2 
 177      36655973 
 177      DD41D56A 
 177      54443DF1 
 178 0110 4FF5498E 		.ascii	"O\365I\216\000Wf\2120M\205V\315@\345\310\037U \177`"
 178      0057668A 
 178      304D8556 
 178      CD40E5C8 
 178      1F55207F 
ARM GAS  C:\cygwin\tmp\ccaTsV9k.s 			page 13


 179 0125 3C883E81 		.ascii	"<\210>\201\377kT\214\311\322\220\372\\\205a[\030\027"
 179      FF6B548C 
 179      C9D290FA 
 179      5C85615B 
 179      1817
 180 0137 E7DEEDD3 		.ascii	"\347\336\355\323\314\253\004\2634\241\325\212\034\333"
 180      CCAB04B3 
 180      34A1D58A 
 180      1CDB
 181 0145 3DA8B99F 		.ascii	"=\250\271\237\317\007\354\023,\265\266\212\311\033Z"
 181      CF07EC13 
 181      2CB5B68A 
 181      C91B5A
 182 0154 C12AB4DA 		.ascii	"\301*\264\332\355\237R*T\2110\252B\363\010\222\214\251"
 182      ED9F522A 
 182      548930AA 
 182      42F30892 
 182      8CA9
 183 0166 093A8402 		.ascii	"\011:\204\002\300\254{\237\345\250/\236K\271[\232\307"
 183      C0AC7B9F 
 183      E5A82F9E 
 183      4BB95B9A 
 183      C7
 184 0177 DB357811 		.ascii	"\3335x\021\035oM\033\352\320\340?\322qR\331\211\255"
 184      1D6F4D1B 
 184      EAD0E03F 
 184      D27152D9 
 184      89AD
 185 0189 6A707D96 		.ascii	"jp}\226\206\3564X0Q\342IUr\"}a\212\267>\020\212}P\220"
 185      86EE3458 
 185      3051E249 
 185      5572227D 
 185      618AB73E 
 186 01a2 A604FCB2 		.ascii	"\246\004\374\262\345\026\017\177\226\",F\377D\032tX"
 186      E5160F7F 
 186      96222C46 
 186      FF441A74 
 186      58
 187 01b3 DE995A93 		.ascii	"\336\231Z\223+M\020\222I\314\236V\037N\016\031\035A"
 187      2B4D1092 
 187      49CC9E56 
 187      1F4E0E19 
 187      1D41
 188 01c5 4180A058 		.ascii	"A\200\240XT\013\223u0\011\304\347\3366\247\272!M\220"
 188      540B9375 
 188      3009C4E7 
 188      DE36A7BA 
 188      214D90
 189 01d8 6BA37A17 		.ascii	"k\243z\027F\324\205\316\322=3\004A\205\216\202\0135"
 189      46D485CE 
 189      D23D3304 
 189      41858E82 
 189      0B35
 190 01ea 0E17C023 		.ascii	"\016\027\300#)_\374\263\232\254z$\271\374\350a\376O"
 190      295FFCB3 
 190      9AAC7A24 
 190      B9FCE861 
ARM GAS  C:\cygwin\tmp\ccaTsV9k.s 			page 14


 190      FE4F
 191 01fc 09BE01F0 		.ascii	"\011\276\001\360\325\016\374Q\364A\237\217\271\364\031"
 191      D50EFC51 
 191      F4419F8F 
 191      B9F419
 192 020b D56D1B48 		.ascii	"\325m\033HW\253\340\204P\2725\264\3347\372\323\347\274"
 192      57ABE084 
 192      50BA35B4 
 192      DC37FAD3 
 192      E7BC
 193 021d B7DA8DB4 		.ascii	"\267\332\215\264\332\307\221X\356\372\246\336\021\015"
 193      DAC79158 
 193      EEFAA6DE 
 193      110D
 194 022b CE61F5EE 		.ascii	"\316a\365\356\251k\271\356\005e\035\202\262\366~\213"
 194      A96BB9EE 
 194      05651D82 
 194      B2F67E8B 
 195 023b F3044BB2 		.ascii	"\363\004K\2620i\267#j\205\232\234\012\333$\025\366\004"
 195      3069B723 
 195      6A859A9C 
 195      0ADB2415 
 195      F604
 196 024d 2DEC8E2D 		.ascii	"-\354\216-O6\361\370\000c\271\230t&\311\235\262X\232"
 196      4F36F1F8 
 196      0063B998 
 196      7426C99D 
 196      B2589A
 197 0260 8BDDD9D1 		.ascii	"\213\335\331\321\240'\343\244\023\301I\211\340\024%"
 197      A027E3A4 
 197      13C14989 
 197      E01425
 198 026f A8ADB035 		.ascii	"\250\255\2605{\343\032Fp\273\374\372U\346\206\345\266"
 198      7BE31A46 
 198      70BBFCFA 
 198      55E686E5 
 198      B6
 199 0280 4C403C68 		.ascii	"L@<hv\"h\226\010Z(\301\361\313}cj\347\240I:\034Q\267"
 199      76226896 
 199      085A28C1 
 199      F1CB7D63 
 199      6AE7A049 
 200 0298 4E39E3D5 		.ascii	"N9\343\325C\343O\265\270\221\355\226\227W\020J7\033"
 200      43E34FB5 
 200      B891ED96 
 200      9757104A 
 200      371B
 201 02aa 7A7BAFDD 		.ascii	"z{\257\335q\224\301\002\235v\332\357\264\264_\033\335"
 201      7194C102 
 201      9D76DAEF 
 201      B4B45F1B 
 201      DD
 202 02bb EF4A7ED6 		.ascii	"\357J~\326Q\204\3172\212\206\202\211lL8\004[\305\305"
 202      5184CF32 
 202      8A868289 
 202      6C4C3804 
 202      5BC5C5
ARM GAS  C:\cygwin\tmp\ccaTsV9k.s 			page 15


 203 02ce B1C53B53 		.ascii	"\261\305;S2K\204!\273\375\227\354\2018\343\304rFb9K"
 203      324B8421 
 203      BBFD97EC 
 203      8138E3C4 
 203      72466239 
 204 02e3 5906725B 		.ascii	"Y\006r[3T\332\014G\301\251\201\303\355sHK\321p\007t"
 204      3354DA0C 
 204      47C1A981 
 204      C3ED7348 
 204      4BD17007 
 205 02f8 FBE3E6ED 		.ascii	"\373\343\346\355Z\372\220\013\356d\333\332\226\252t"
 205      5AFA900B 
 205      EE64DBDA 
 205      96AA74
 206 0307 4FFA947F 		.ascii	"O\372\224\177M\324\266\306\315\205*,`\352\322\263\266"
 206      4DD4B6C6 
 206      CD852A2C 
 206      60EAD2B3 
 206      B6
 207 0318 927F68E0 		.ascii	"\222\177h\340$\245|\334A\006\213\324<\373+\214\2672"
 207      24A57CDC 
 207      41068BD4 
 207      3CFB2B8C 
 207      B732
 208 032a F3FC89C3 		.ascii	"\363\374\211\303\007\275p\246\250\344\235\277\245\302"
 208      07BD70A6 
 208      A8E49DBF 
 208      A5C2
 209 0338 D94C29C9 		.ascii	"\331L)\311\331}\310\215n\352A\037\335\236\276\035\236"
 209      D97DC88D 
 209      6EEA411F 
 209      DD9EBE1D 
 209      9E
 210 0349 388FAD95 		.ascii	"8\217\255\225e\217\245\373\342}L\2718<\376BK\201\323"
 210      658FA5FB 
 210      E27D4CB9 
 210      383CFE42 
 210      4B81D3
 211 035c 883AF1A6 		.ascii	"\210:\361\246\357\006\217\367\263\265\013\327\356\036"
 211      EF068FF7 
 211      B3B50BD7 
 211      EE1E
 212 036a 70C3A54C 		.ascii	"p\303\245L\311\033\353l\367\245\300\231D\035+HI\361"
 212      C91BEB6C 
 212      F7A5C099 
 212      441D2B48 
 212      49F1
 213 037c C5556CCD 		.ascii	"\305Ul\315R\376\316\356\203\353\230\"\275\344\264\354"
 213      52FECEEE 
 213      83EB9822 
 213      BDE4B4EC 
 214 038c 25B7F7F4 		.ascii	"%\267\367\364\223K\336\370\030[{1\234<\211p\023S*\206"
 214      934BDEF8 
 214      185B7B31 
 214      9C3C8970 
 214      13532A86 
 215 03a0 BBB3BC29 		.ascii	"\273\263\274)p\016Q\213\262'\302p3[j\032\335\362\322"
ARM GAS  C:\cygwin\tmp\ccaTsV9k.s 			page 16


 215      700E518B 
 215      B227C270 
 215      335B6A1A 
 215      DDF2D2
 216 03b3 03B73165 		.ascii	"\003\2671epl\260MMq\013\210\232sro\226'\313/]\336^S"
 216      706CB04D 
 216      4D710B88 
 216      9A73726F 
 216      9627CB2F 
 217 03cb F2823986 		.ascii	"\362\2029\206)\353\376\333\235\230\344T\220\212\245"
 217      29EBFEDB 
 217      9D98E454 
 217      908AA5
 218 03da 753E6283 		.ascii	"u>b\203\344\371Es\374\321\000\313g\341\323\336J_\277"
 218      E4F94573 
 218      FCD100CB 
 218      67E1D3DE 
 218      4A5FBF
 219 03ed 4C0A1784 		.ascii	"L\012\027\204\0003}?\334\001x/\205\017!?\311\210\240"
 219      00337D3F 
 219      DC01782F 
 219      850F213F 
 219      C988A0
 220 0400 F75CADB0 		.ascii	"\367\\\255\260\251\235\321\035\037Bg\354\316nG\270\235"
 220      A99DD11D 
 220      1F4267EC 
 220      CE6E47B8 
 220      9D
 221 0411 457135E9 		.ascii	"Eq5\351\3015\036_`\312\221\342\322c\354L,\246!\\\277"
 221      C1351E5F 
 221      60CA91E2 
 221      D263EC4C 
 221      2CA6215C 
 222 0426 74558D7B 		.ascii	"tU\215{\304\374\325eN\370\320\265\317\210\332Q\277\255"
 222      C4FCD565 
 222      4EF8D0B5 
 222      CF88DA51 
 222      BFAD
 223 0438 5583AFB0 		.ascii	"U\203\257\260\265wU\337\215\363\270\237)\017\233G\004"
 223      B57755DF 
 223      8DF3B89F 
 223      290F9B47 
 223      04
 224 0449 9E025711 		.ascii	"\236\002W\021u\340\331\266A\017|k\352\006>l\203\214"
 224      75E0D9B6 
 224      410F7C6B 
 224      EA063E6C 
 224      838C
 225 045b 2D7576F5 		.ascii	"-uv\365\373\2232\"%\345\3274'I\205\245CX\214\322\"\345"
 225      FB933222 
 225      25E5D734 
 225      274985A5 
 225      43588CD2 
 226 0471 E429A0BB 		.ascii	"\344)\240\273(\372\031\215rD\212r\264?\265\307\313\031"
 226      28FA198D 
 226      72448A72 
 226      B43FB5C7 
ARM GAS  C:\cygwin\tmp\ccaTsV9k.s 			page 17


 226      CB19
 227 0483 DDF12174 		.ascii	"\335\361!t\327\217\025\205\356\370.\3632\355dv\031K"
 227      D78F1585 
 227      EEF82EF3 
 227      32ED6476 
 227      194B
 228 0495 C357A0CE 		.ascii	"\303W\240\316\270\325\263\371\2607\012d\327\364@\247"
 228      B8D5B3F9 
 228      B0370A64 
 228      D7F440A7 
 229 04a5 2B28D022 		.ascii	"+(\320\"\244\246\330\272w4}\276+E(\231I\367x\004O\354"
 229      A4A6D8BA 
 229      77347DBE 
 229      2B452899 
 229      49F77804 
 230 04bb 389AEE78 		.ascii	"8\232\356xd\036\323\015\347\302?\216\300-\203\325\356"
 230      641ED30D 
 230      E7C23F8E 
 230      C02D83D5 
 230      EE
 231 04cc D60514FA 		.ascii	"\326\005\024\372P\011}@\241\345H\306\366\310\330\253"
 231      50097D40 
 231      A1E548C6 
 231      F6C8D8AB 
 232 04dc 4AEC3505 		.ascii	"J\3545\005\355E\031\332\243\204\366*\2407e\350M%\364"
 232      ED4519DA 
 232      A384F62A 
 232      A03765E8 
 232      4D25F4
 233 04ef 86D2836E 		.ascii	"\206\322\203n\031\333\247\304^Qb\273d\354e\327X\352"
 233      19DBA7C4 
 233      5E5162BB 
 233      64EC65D7 
 233      58EA
 234 0501 C24EF19C 		.ascii	"\302N\361\234.6s\250\035\326\317\323%\202\206\267\012"
 234      2E3673A8 
 234      1DD6CFD3 
 234      258286B7 
 234      0A
 235 0512 DAC407A1 		.ascii	"\332\304\007\241\327(\020M\200\010| z\003\367\227 I"
 235      D728104D 
 235      80087C20 
 235      7A03F797 
 235      2049
 236 0524 301E83FB 		.ascii	"0\036\203\373\217 /@\336\201\244\302\334+\270O\202$"
 236      8F202F40 
 236      DE81A4C2 
 236      DC2BB84F 
 236      8224
 237 0536 C33805E4 		.ascii	"\3038\005\344-\214\237\203\214\202|\013\272\035\005"
 237      2D8C9F83 
 237      8C827C0B 
 237      BA1D05
 238 0545 D2972675 		.ascii	"\322\227&u\320*;xQ\351\340\034E,-2\364\202K\250#\233"
 238      D02A3B78 
 238      51E9E01C 
 238      452C2D32 
ARM GAS  C:\cygwin\tmp\ccaTsV9k.s 			page 18


 238      F4824BA8 
 239 055b 176464B7 		.ascii	"\027dd\267\022\331\245\314\320\200\214\275\357\272\366"
 239      12D9A5CC 
 239      D0808CBD 
 239      EFBAF6
 240 056a 0EDA7E19 		.ascii	"\016\332~\031z\335u\351\235ho\311\330[J\354\355)\264"
 240      7ADD75E9 
 240      9D686FC9 
 240      D85B4AEC 
 240      ED29B4
 241 057d 499627C1 		.ascii	"I\226'\301\200\374\036\371\241\037D\244\364L \233\302"
 241      80FC1EF9 
 241      A11F44A4 
 241      F44C209B 
 241      C2
 242 058e 810E99B4 		.ascii	"\201\016\231\264\323u\\\016h\247\014\275\344\372\354"
 242      D3755C0E 
 242      68A70CBD 
 242      E4FAEC
 243 059d C9BE2659 		.ascii	"\311\276&Yn\023\007\356\202\003\303\"TzQ\211\256:\205"
 243      6E1307EE 
 243      8203C322 
 243      547A5189 
 243      AE3A85
 244 05b0 7547A6BD 		.ascii	"uG\246\275\247\244\375N\211\275!c\373]\237i\352-\351"
 244      A7A4FD4E 
 244      89BD2163 
 244      FB5D9F69 
 244      EA2DE9
 245 05c3 A1869AAB 		.ascii	"\241\206\232\253\335\005D \234\364i\345\344#2\364\270"
 245      DD054420 
 245      9CF469E5 
 245      E42332F4 
 245      B8
 246 05d4 BA1BBEE3 		.ascii	"\272\033\276\343\214\351\211\353G\231\355\012\235\331"
 246      8CE989EB 
 246      4799ED0A 
 246      9DD9
 247 05e2 795BE324 		.ascii	"y[\343$F\323\203\\\235h\224\006\007\371\377}\250i8O"
 247      46D3835C 
 247      9D689406 
 247      07F9FF7D 
 247      A869384F 
 248 05f6 E33CD066 		.ascii	"\343<\320f~:\262:\332A\022\233\324n\237*j\037UOi\023"
 248      7E3AB23A 
 248      DA41129B 
 248      D46E9F2A 
 248      6A1F554F 
 249 060c 08D8F196 		.ascii	"\010\330\361\226M\347Y\233\000w@\357\256\177\030\216"
 249      4DE7599B 
 249      007740EF 
 249      AE7F188E 
 250 061c F354F43D 		.ascii	"\363T\364=\370Cro\2127t&\255\320\321m)\217\314\202W"
 250      F843726F 
 250      8A377426 
 250      ADD0D16D 
 250      298FCC82 
ARM GAS  C:\cygwin\tmp\ccaTsV9k.s 			page 19


 251 0631 1CED4C2C 		.ascii	"\034\355L,\036\264\241\312\340\035\255\011\214Yk\262"
 251      1EB4A1CA 
 251      E01DAD09 
 251      8C596BB2 
 252 0641 8527AD89 		.ascii	"\205'\255\211\265\252\360k|\210\262\250\356\355\255"
 252      B5AAF06B 
 252      7C88B2A8 
 252      EEEDAD
 253 0650 3DE68B82 		.ascii	"=\346\213\202\374\375i\003\233\006\355v&\257A[E\003"
 253      FCFD6903 
 253      9B06ED76 
 253      26AF415B 
 253      4503
 254 0662 76E5C2FC 		.ascii	"v\345\302\374\370\247d\001\206\036\364N\033Y[\226\200"
 254      F8A76401 
 254      861EF44E 
 254      1B595B96 
 254      80
 255 0673 6772681E 		.ascii	"grh\036\375\004\240m\220E\262\304\241\035\274?\332\316"
 255      FD04A06D 
 255      9045B2C4 
 255      A11DBC3F 
 255      DACE
 256 0685 D3AFC2F0 		.ascii	"\323\257\302\360\256\321t7\215\210N\373O\350\202\314"
 256      AED17437 
 256      8D884EFB 
 256      4FE882CC 
 257 0695 CB79AC0B 		.ascii	"\313y\254\013\212&\352\310\021K\273\007}\323{\323\356"
 257      8A26EAC8 
 257      114BBB07 
 257      7DD37BD3 
 257      EE
 258 06a6 61932D5D 		.ascii	"a\223-]CU-U\237W\275Q\275\377\363\224\303\213\237\247"
 258      43552D55 
 258      9F57BD51 
 258      BDFFF394 
 258      C38B9FA7 
 259 06ba 6CC6DDB9 		.ascii	"l\306\335\271\343\\\277\326\361\025F4\316,\330{\027"
 259      E35CBFD6 
 259      F1154634 
 259      CE2CD87B 
 259      17
 260 06cb 4FE0BB79 		.ascii	"O\340\273y?\311\210\240\253\036\325\037\346\235\321"
 260      3FC988A0 
 260      AB1ED51F 
 260      E69DD1
 261 06da 3B3F84BE 		.ascii	";?\204\276\237\225c\303\270\216\325\245n\267\245\324"
 261      9F9563C3 
 261      B88ED5A5 
 261      6EB7A5D4 
 262 06ea 133731A5 		.ascii	"\02371\245\366^\335\011\257\331\373\205^\213\255\242"
 262      F65EDD09 
 262      AFD9FB85 
 262      5E8BADA2 
 263 06fa AF1D2565 		.ascii	"\257\035%e\016\001\037\351y\321\036\336\017\345B\215"
 263      0E011FE9 
 263      79D11EDE 
ARM GAS  C:\cygwin\tmp\ccaTsV9k.s 			page 20


 263      0FE5428D 
 264 070a A0CB7622 		.ascii	"\240\313v\"\316#\211Ge\210\347P>?\233\374N{\325\320"
 264      CE238947 
 264      6588E750 
 264      3E3F9BFC 
 264      4E7BD5D0 
 265 071e E086AD8C 		.ascii	"\340\206\255\214\2551\277h\263\257T\362\232)%'\315e"
 265      AD31BF68 
 265      B3AF54F2 
 265      9A292527 
 265      CD65
 266 0730 8153C90B 		.ascii	"\201S\311\013\244\222\357\245%\277s\251\262\322\007"
 266      A492EFA5 
 266      25BF73A9 
 266      B2D207
 267 073f DF6434ED 		.ascii	"\337d4\355\337w_\320P\032Kg)k\302[\204Y\364\324\024"
 267      DF775FD0 
 267      501A4B67 
 267      296BC25B 
 267      8459F4D4 
 268 0754 3A51144A 		.ascii	":Q\024J\024\373(\205\364\335\365\241\337]\3640\263\342"
 268      14FB2885 
 268      F4DDF5A1 
 268      DF5DF430 
 268      B3E2
 269 0766 30EB01BD 		.ascii	"0\353\001\275\210\272\355\365h\027k@4D}=q>\311\375\375"
 269      88BAEDF5 
 269      68176B40 
 269      34447D3D 
 269      713EC9FD 
 270 077b C5392015 		.ascii	"\3059 \025g?+\2165\265\262\307[Y\234\"\310\212\205f"
 270      673F2B8E 
 270      35B5B2C7 
 270      5B599C22 
 270      C88A8566 
 271 078f A598A6FB 		.ascii	"\245\230\246\373\200\224\356\311\021{\207\257\2628\357"
 271      8094EEC9 
 271      117B87AF 
 271      B238EF
 272 079e 455767C0 		.ascii	"EWg\300\017\222\247b\344\203\307\367\370\210\3458y\336"
 272      0F92A762 
 272      E483C7F7 
 272      F888E538 
 272      79DE
 273 07b0 B91C2562 		.ascii	"\271\034%b9\340'\207\023U\251\243\034e\264\034V\313"
 273      39E02787 
 273      1355A9A3 
 273      1C65B41C 
 273      56CB
 274 07c2 D81D5F3C 		.ascii	"\330\035_<\301\330\222\233\222\312\334\244r4"
 274      C1D8929B 
 274      92CADCA4 
 274      7234
 275 07d0 ADD8E554 		.ascii	"\255\330\345T\016\362\023\243\334)\227\345R.+h.\207"
 275      0EF213A3 
 275      DC2997E5 
 275      522E2B68 
ARM GAS  C:\cygwin\tmp\ccaTsV9k.s 			page 21


 275      2E87
 276 07e2 F717FD0D 		.ascii	"\367\027\375\015g\270Q\226\201+\025Cj\321\247\267.}"
 276      67B85196 
 276      812B1543 
 276      6AD1A7B7 
 276      2E7D
 277 07f4 6A9BE2D3 		.ascii	"j\233\342\323A\207O\225\374l\316\335d^\021\037cv_\376"
 277      41874F95 
 277      FC6CCEDD 
 277      645E111F 
 277      63765FFE 
 278 0808 E55F02C2 		.ascii	"\345_\002\302\270\237\315\237\257c\177\011&]td\254\316"
 278      B89FCD9F 
 278      AF637F09 
 278      265D7464 
 278      ACCE
 279 081a 9418A533 		.ascii	"\224\030\2453\231\347Gq\236\246oL\346\2308\243\301\354"
 279      99E74771 
 279      9EA66F4C 
 279      E69838A3 
 279      C1EC
 280 082c B13126DE 		.ascii	"\2611&\336\2740\324`\326\030\014\322pM\324\037\"6$&"
 280      BC30D460 
 280      D6180CD2 
 280      704DD41F 
 280      22362426 
 281 0840 AC4F8C8C 		.ascii	"\254O\214\214\013X\027\023k4E\254\217\212\012\216L\214"
 281      0B581713 
 281      6B3445AC 
 281      8F8A0A8E 
 281      4C8C
 282 0852 0B8E4F88 		.ascii	"\013\216O\2107\006\033#\377\032\023\274\310\360\373"
 282      37061B23 
 282      FF1A13BC 
 282      C8F0FB
 283 0861 E0D00521 		.ascii	"\340\320\005!\213\"\246LG\304\304G\305n\\k\214\210\213"
 283      8B22A64C 
 283      47C4C447 
 283      C56E5C6B 
 283      8C888B
 284 0874 8C8A8E89 		.ascii	"\214\212\216\2117F\030\326\032\327En\2145\033\314\337"
 284      374618D6 
 284      1AD7456E 
 284      8C351BCC 
 284      DF
 285 0885 6C309AE6 		.ascii	"l0\232\346Gs\237\377\357\334&\363Zp\024\270~\345\034"
 285      47739FFF 
 285      EFDC26F3 
 285      5A7014B8 
 285      7EE51C
 286 0898 5FA25927 		.ascii	"_\242Y'\002tQ\321$<qC\255\311\034n\216L4/\211\0056/"
 286      027451D1 
 286      243C7143 
 286      ADC91C6E 
 286      8E4C342F 
 287 08b0 A2246CA0 		.ascii	"\242$l\240c\015\214\215fi\270\334(#\014\261\261k\015"
 287      630D8C8D 
ARM GAS  C:\cygwin\tmp\ccaTsV9k.s 			page 22


 287      6669B8DC 
 287      28230CB1 
 287      B16B0D
 288 08c3 3190469D 		.ascii	"1\220F\2352\177\033\022\022\315&]\370\352\225\013Cu"
 288      327F1B12 
 288      12CD265D 
 288      F8EA950B 
 288      4375
 289 08d5 5F7CB154 		.ascii	"_|\261T\267z\305\312\277\207\350\230\005l\005\266q$"
 289      B77AC5CA 
 289      BF87E898 
 289      056C05B6 
 289      7124
 290 08e7 7F317106 		.ascii	"\1771q\0063\016\323\207\200\204\252\302W\206\351UKW"
 290      330ED387 
 290      8084AAC2 
 290      5786E955 
 290      4B57
 291 08f9 2CD3F3E1 		.ascii	",\323\363\341z\274l\271\336-,l\245>\204\376\017U\205"
 291      7ABC6CB9 
 291      DE2D2C6C 
 291      A53E84FE 
 291      0F5585
 292 090c 852DD3E3 		.ascii	"\205-\323\343\260/W\343U\341ax\211^\217\365a\240\203"
 292      B02F57E3 
 292      55E16178 
 292      895E8FF5 
 292      61A083
 293 091f C19F96AE 		.ascii	"\301\237\226\256\326\343\245\304r\345\022=\377gf\265"
 293      D6E3A5C4 
 293      72E5123D 
 293      FF6766B5 
 294 092f 10F05FE9 		.ascii	"\020\360_\351C?\326+\321\027p\314O\014\312D\022a\210"
 294      433FD62B 
 294      D11770CC 
 294      4F0CCA44 
 294      126188
 295 0942 2471AAA2 		.ascii	"$q\252\242\242#\023=\014\206u\033\343\243\014\006oi"
 295      A223133D 
 295      0C86751B 
 295      E3A30C06 
 295      6F69
 296 0954 30FF37BF 		.ascii	"0\3777\277]\020\362\023\031\236\260\201\241\247I3F\321"
 296      5D10F213 
 296      199EB081 
 296      A1A74933 
 296      46D1
 297 0966 7C8AC1EF 		.ascii	"|\212\301\357\244\345\365\256\226CB\377\005\247J\262"
 297      A4E5F5AE 
 297      964342FF 
 297      05A74AB2 
 298 0976 FE       		.ascii	"\376"
 299              		.text
 300              		.section	.gnu.lto_.symtab.9c5d802,"",%progbits
 301 0000 7374496E 		.ascii	"stInit\000\000\000\000\000\000\000\000\000\000\000\000"
 301      69740000 
 301      00000000 
ARM GAS  C:\cygwin\tmp\ccaTsV9k.s 			page 23


 301      00000000 
 301      0000
 302 0012 AC000000 		.ascii	"\254\000\000\000stStartAlarm\000\000\000\000\000\000"
 302      73745374 
 302      61727441 
 302      6C61726D 
 302      00000000 
 303 0028 00000000 		.ascii	"\000\000\000\000\000\000\273\000\000\000stStopAlarm"
 303      0000BB00 
 303      00007374 
 303      53746F70 
 303      416C6172 
 304 003d 00000000 		.ascii	"\000\000\000\000\000\000\000\000\000\000\000\000\275"
 304      00000000 
 304      00000000 
 304      BD
 305 004a 00000073 		.ascii	"\000\000\000stSetAlarm\000\000\000\000\000\000\000\000"
 305      74536574 
 305      416C6172 
 305      6D000000 
 305      00000000 
 306 005f 00000000 		.ascii	"\000\000\000\000\277\000\000\000stGetAlarm\000\000\000"
 306      BF000000 
 306      73744765 
 306      74416C61 
 306      726D0000 
 307 0074 00000000 		.ascii	"\000\000\000\000\000\000\000\000\000\302\000\000\000"
 307      00000000 
 307      00C20000 
 307      00
 308 0081 73745F6C 		.ascii	"st_lld_init\000\000\002\000\000\000\000\000\000\000"
 308      6C645F69 
 308      6E697400 
 308      00020000 
 308      00000000 
 309 0096 0000C400 		.ascii	"\000\000\304\000\000\000"
 309      0000
 310              		.text
 311              		.section	.gnu.lto_.opts,"",%progbits
 312 0000 272D666E 		.ascii	"'-fno-trapv' '-mcpu=cortex-m4' '-mno-thumb-interwor"
 312      6F2D7472 
 312      61707627 
 312      20272D6D 
 312      6370753D 
 313 0033 6B272027 		.ascii	"k' '-mthumb' '-ggdb' '-O2' '-fomit-frame-pointer' '"
 313      2D6D7468 
 313      756D6227 
 313      20272D67 
 313      67646227 
 314 0066 2D66616C 		.ascii	"-falign-functions=16' '-ffunction-sections' '-fdata"
 314      69676E2D 
 314      66756E63 
 314      74696F6E 
 314      733D3136 
 315 0099 2D736563 		.ascii	"-sections' '-fno-common' '-flto'\000"
 315      74696F6E 
 315      73272027 
ARM GAS  C:\cygwin\tmp\ccaTsV9k.s 			page 24


 315      2D666E6F 
 315      2D636F6D 
 316              		.text
 317              		.comm	__gnu_lto_v1,1,1
 318              		.comm	__gnu_lto_slim,1,1
 319              		.ident	"GCC: (GNU Tools for ARM Embedded Processors) 4.9.3 20141119 (release) [ARM/embedded-4_9-br
ARM GAS  C:\cygwin\tmp\ccaTsV9k.s 			page 25


DEFINED SYMBOLS
                            *ABS*:00000000 st.c
                            *COM*:00000001 __gnu_lto_v1
                            *COM*:00000001 __gnu_lto_slim

NO UNDEFINED SYMBOLS
