ARM GAS  C:\cygwin\tmp\ccJhJDUe.s 			page 1


   1              		.syntax unified
   2              		.cpu cortex-m4
   3              		.fpu softvfp
   4              		.eabi_attribute 20, 1
   5              		.eabi_attribute 21, 1
   6              		.eabi_attribute 23, 3
   7              		.eabi_attribute 24, 1
   8              		.eabi_attribute 25, 1
   9              		.eabi_attribute 26, 1
  10              		.eabi_attribute 30, 2
  11              		.eabi_attribute 34, 1
  12              		.eabi_attribute 18, 4
  13              		.thumb
  14              		.file	"st_lld.c"
  15              		.text
  16              	.Ltext0:
  17              		.section	.gnu.lto_.profile.9c5cadf,"",%progbits
  18 0000 789C6366 		.ascii	"x\234cf```a\200\000F\006#Q\000\000\355\000P"
  18      60606061 
  18      80004606 
  18      23510000 
  18      ED0050
  19              		.text
  20              		.section	.gnu.lto_.jmpfuncs.9c5cadf,"",%progbits
  21 0000 789C6366 		.ascii	"x\234cf\300\016L\2414\023\230d\0042\230>21\356\370\364"
  21      C00E4CA1 
  21      34139864 
  21      0432983E 
  21      3231EEF8 
  22 0015 763ED70B 		.ascii	"v>\327\013\246\237L\0142\014\214\313\031\245\030@\202"
  22      A69F4C0C 
  22      320C8CCB 
  22      19A51840 
  22      82
  23 0026 3716BE99 		.ascii	"7\026\276\231\306\013\026\344``\\\001\024d\000\000g"
  23      C60B16E4 
  23      60605C01 
  23      14640000 
  23      67
  24 0037 480DE7   		.ascii	"H\015\347"
  25              		.text
  26              		.section	.gnu.lto_.inline.9c5cadf,"",%progbits
  27 0000 789C6366 		.ascii	"x\234cf\300\016\254\2404\023\003\003\207$#\003\023\333"
  27      C00EACA0 
  27      34130303 
  27      87242303 
  27      13DB
  28 0012 073D06B6 		.ascii	"\007=\006\266\005\362L 1F.8\301 \010\222\024\373\260"
  28      05F24C20 
  28      31462E38 
  28      C1200892 
  28      14FBB0
  29 0025 9A112ECB 		.ascii	"\232\021.\313\314\003\326\305\000\000\247\330\005\035"
  29      CC03D6C5 
  29      0000A7D8 
  29      051D
  30              		.text
ARM GAS  C:\cygwin\tmp\ccJhJDUe.s 			page 2


  31              		.section	.gnu.lto_.pureconst.9c5cadf,"",%progbits
  32 0000 789C6366 		.ascii	"x\234cf```e\200\000&\006+F)\000\001Y\000`"
  32      60606065 
  32      80002606 
  32      2B462900 
  32      01590060 
  33              		.text
  34              		.section	.gnu.lto_VectorB0.9c5cadf,"",%progbits
  35 0000 789C8D53 		.ascii	"x\234\215SmHSQ\030>\357\271ww\363\343\207\364#\304\242"
  35      6D485351 
  35      183EEFB9 
  35      7777F3E3 
  35      87F423C4 
  36 0015 0D2424D0 		.ascii	"\015$$\320\335\262\037\375\252\020#\220\334\037\347"
  36      DDB21FFD 
  36      AA102390 
  36      DC1FE7
  37 0024 7FB13950 		.ascii	"\177\2619P\330\\lS\364\207x]\232a\024bJ3\321\264\224"
  37      D85C6C53 
  37      F487785D 
  37      9A611462 
  37      4A33D1B4 
  38 0039 3E2C2DCD 		.ascii	">,-\315\322U\266V\251if\321\207\224aV\023\262Lf+qX\330"
  38      D255B656 
  38      A96966D1 
  38      87946156 
  38      13B24C66 
  39 0051 39C739E6 		.ascii	"9\3079\346\325\240\261\355\334s\236\347}\357\363>\317"
  39      D5A0B1ED 
  39      DC739EE7 
  39      7DEFF33E 
  39      CF
  40 0062 BD1C5AFF 		.ascii	"\275\034Z\377\211#\277\024\036\241\257d\005\016\001"
  40      8923BF14 
  40      1EA1AF64 
  40      050E01
  41 0071 AE7E8650 		.ascii	"\256~\206P\231\012\003\320\013\004\250\024C)\314\340"
  41      990A03D0 
  41      0B04A814 
  41      4329CCE0 
  42 0081 790CD5EE 		.ascii	"y\014\325\356vgTB\233$I\276\232q\276\"6\200\021\362"
  42      76675442 
  42      9B2449BE 
  42      9A71BE22 
  42      368011F2 
  43 0095 E3953670 		.ascii	"\343\2256p\021\022\020\341\314\227\377\031\217\022\312"
  43      111210E1 
  43      CC97FF19 
  43      8F12CA
  44 00a4 09276605 		.ascii	"\011'f\005\203K \000Y;7\271\245\345\345\013\347\236"
  44      834B2000 
  44      593B37B9 
  44      A5E5E50B 
  44      E79E
  45 00b6 BEE59508 		.ascii	"\276\345\225\010y\011D\373OcLW\356\035x|\276I\217\202"
  45      790944FB 
  45      4F634C57 
ARM GAS  C:\cygwin\tmp\ccJhJDUe.s 			page 3


  45      EE1D787C 
  45      BE498F82 
  46 00ca B24997B9 		.ascii	"\262I\227\271\221\301c\212/8\200\2014\222x\332\370\203"
  46      91C1638A 
  46      2F388081 
  46      349278DA 
  46      F883
  47 00dc 77EC858A 		.ascii	"w\354\205\212\035!\272\255\257\032\252\345\032\241\241"
  47      1D21BAAD 
  47      AF1AAAE5 
  47      1AA1A1
  48 00eb 4C92DCEA 		.ascii	"L\222\334\352\000\306p\031\342\340\012\3041\360\374"
  48      00C67019 
  48      E2E00AC4 
  48      31F0FC
  49 00fa 9C7B6B52 		.ascii	"\234{kR\273T\016\001\314A;4\302\017\246\022\256BRx'"
  49      BB540E01 
  49      CC413B34 
  49      C20FA612 
  49      AE425278 
  50 010f 8E1C5D23 		.ascii	"\216\034]#%o\300\021C\313\374\355R-\307%\003\275\356"
  50      256FC011 
  50      43CBFCED 
  50      522DC725 
  50      03BDEE
  51 0122 EBF8391A 		.ascii	"\353\3709\032EI\274\206n]5CN\201n\025L\314\267W-m\221"
  51      4549BC86 
  51      6E5D3543 
  51      4E816E15 
  51      4CCCB757 
  52 0139 F12D92E4 		.ascii	"\361-\222\344\360-.4l\256\227\232\035\325d\272\375\344"
  52      F02D2E34 
  52      6CAE979A 
  52      1DD564BA 
  52      FDE4
  53 014b 86027400 		.ascii	"\206\002t\000G&\207N\"\350:\025\264\342\317\015\210"
  53      4726874E 
  53      22E83A15 
  53      B4E2CF0D 
  53      88
  54 015c 27851F4F 		.ascii	"'\205\037O\376\352\006\332G\320 \350\"\350\0048>\325"
  54      FEEA06DA 
  54      47D020E8 
  54      22E80438 
  54      3ED5
  55 016e 554E3B85 		.ascii	"UN;\2055\336My;\2019\347\307\260\326\325\251\376\341"
  55      35DE4D79 
  55      3B8139E7 
  55      C7B0D6D5 
  55      A9FEE1
  56 0181 65014137 		.ascii	"e\001A7\205\260\034:\361Z\201\340&\2058\031\344\233"
  56      85B01C3A 
  56      F15A81E0 
  56      26853819 
  56      E49B
  57 0193 D98BA087 		.ascii	"\331\213\240\207\"\374Z\304\375{\013\225\206\340\026"
  57      22FC5AC4 
ARM GAS  C:\cygwin\tmp\ccJhJDUe.s 			page 4


  57      FD7B0B95 
  57      86E016
  58 01a2 0515F208 		.ascii	"\005\025\362\010\3416\010D|/\315\020\320\030P\373f\027"
  58      E1360844 
  58      7C2FCD10 
  58      D01850FB 
  58      6617
  59 01b4 4F73EA29 		.ascii	"Os\352)h\224\234\232\000V\322\212\272\211\245\262H\236"
  59      68949C9A 
  59      0056D28A 
  59      BA89A5B2 
  59      489E
  60 01c6 780C7DA0 		.ascii	"x\014}\240f\011\234\2558S\037MN\300\005<\233\023\301"
  60      66099CAD 
  60      38531F4D 
  60      4EC0053C 
  60      9B13C1
  61 01d9 1DE00930 		.ascii	"\035\340\0110\\\331\274\300\253?\007\253U\224\373|v"
  61      5CD9BCC0 
  61      AB3F07AB 
  61      5594FB7C 
  61      76
  62 01ea C015C1AA 		.ascii	"\300\025\301\252\357\322j\270\007<z\017G\311\244\003"
  62      EFD26AB8 
  62      073C7A0F 
  62      47C9A403 
  63 01fa B16BA728 		.ascii	"\261k\247(\357ZuEX'\264\237\011\275\017\014izy\252\003"
  63      EF5A7545 
  63      5827B49F 
  63      09BD0F0C 
  63      697A79AA 
  64 020f 972C49C7 		.ascii	"\227,I\307%U\000G\370\261\222\301\340\206\022\024\300"
  64      25550047 
  64      F8B192C1 
  64      E0861214 
  64      C0
  65 0220 91A1C0C3 		.ascii	"\221\241\300\303c\354j\372\257\030\037\260\030C\217"
  65      63EC6AFA 
  65      AF181FB0 
  65      18438F
  66 022f 10BDA7E7 		.ascii	"\020\275\247\347\3371\266\206\004\253\344YU\215*\021"
  66      DF31B686 
  66      04ABE459 
  66      558D2A11 
  67 023f 3CA450C4 		.ascii	"<\244P\304\272\030gI\214\217(\024)\217\261g\037\202"
  67      BA186749 
  67      8C8F2814 
  67      298FB167 
  67      1F82
  68 0251 C7148992 		.ascii	"\307\024\211\222\305\330\273\215JC0\260q\214\203\314"
  68      C5D8BB8D 
  68      4A4330B0 
  68      718C83CC 
  69 0261 9DA1B018 		.ascii	"\235\241\260\030[\277O\271\204\325\204<,\241',!y\034"
  69      5BBF4FB9 
  69      84D5843C 
  69      2CA1272C 
ARM GAS  C:\cygwin\tmp\ccJhJDUe.s 			page 5


  69      21791C
  70 0274 C3C138BC 		.ascii	"\303\3018\274]@G\331\310\336hB\033\011z;\011e\356\372"
  70      5D4047D9 
  70      C8DE6842 
  70      1B097A3B 
  70      0965EEFA 
  71 0288 438C89E8 		.ascii	"C\214\211\350{\016\364\375&\335D\2556\370\265\330\304"
  71      7B0EF4FD 
  71      26DD44AD 
  71      36F8B5D8 
  71      C4
  72 0299 DC6C9378 		.ascii	"\334l\223x\304b\265\333D}\246nw\262\230\236~@\314L\323"
  72      C462B5DB 
  72      447DA66E 
  72      77B2989E 
  72      7E40CC4C 
  73 02ae 15EE126D 		.ascii	"\025\356\022m\366,\223)Gk@\212\302lS\201qGx\225\325"
  73      F62C9329 
  73      476B408A 
  73      C26C5381 
  73      71477895 
  74 02c3 1E2C4AC9 		.ascii	"\036,J\311\320\245\352\212DC\256\301b5f\025\3561ksQ"
  74      D0A5EA8A 
  74      4443AEC1 
  74      62356615 
  74      EE316B73 
  75 02d8 6238D358 		.ascii	"b8\323Xd\027Su\3724\275\230\227o0\025\344\030E\3064"
  75      64175375 
  75      FA34BD98 
  75      976F3015 
  75      E41845C6 
  76 02ed 980F16E4 		.ascii	"\230\017\026\344\033\010Y-\027c\261\221?\322\237\256"
  76      1B08592D 
  76      1763B191 
  76      3FD29FAE 
  77 02fd 729C1C87 		.ascii	"r\234\034\207\272\344\332\212m\004\217\321\35134\207"
  77      BAE4DA8A 
  77      6D048FD1 
  77      E9333487 
  78 030d B36DC623 		.ascii	"\263m\306#\326\274D\315\366\235\010[\221\322l4[\254"
  78      D6BC44CD 
  78      F69D085B 
  78      91D26C34 
  78      5BAC
  79 031f C5E82F60 		.ascii	"\305\350/`N\317}"
  79      4ECF7D
  80              		.text
  81              		.section	.gnu.lto_st_lld_init.9c5cadf,"",%progbits
  82 0000 789C9D94 		.ascii	"x\234\235\224\313O\023Q\024\207\357\357\316\364a\211"
  82      CB4F1351 
  82      1487EFEF 
  82      CEF46189 
  83 0010 8FB8220D 		.ascii	"\217\270\"\015\211\013\027ll'\340\277\340F\003ndo\214"
  83      890B176C 
  83      6C27E0BF 
  83      E046036E 
  83      646F8C
ARM GAS  C:\cygwin\tmp\ccJhJDUe.s 			page 6


  84 0023 2E5C34C1 		.ascii	".\\4\301X\302\2160\245\205\020\027\006\321(D\253Qc\024"
  84      58C28E30 
  84      A5851017 
  84      06D12844 
  84      AB516314 
  85 0037 4B79A915 		.ascii	"Ky\251\025\254\217\021\321\222\230\240\2461\032\"\262"
  85      AC8F11D1 
  85      9298A0A6 
  85      311A22B2 
  86 0047 C1041325 		.ascii	"\301\004\023%\003\225\340Di=\347\266T\243\033\313df"
  86      0395E044 
  86      693DE7B6 
  86      54A31BCB 
  86      6466
  87 0059 EECC3D67 		.ascii	"\356\314=g\276\357\314\275wF\023\377n~:Zu!\352\250\205"
  87      BEEFCCBD 
  87      774613FF 
  87      6E7E3A5A 
  87      7521EAA8 
  88 006e 26207B66 		.ascii	"& {f\204\210x%\300\027\002\242]\242\035\237\345\262"
  88      84887825 
  88      C01702A2 
  88      5DA21D9F 
  88      E5B2
  89 0080 448F95E8 		.ascii	"D\217\225\350\253\252\275a\232\246\3351W\335Y\355H!"
  89      ABAABD61 
  89      9AA6DD31 
  89      57DD59ED 
  89      4821
  90 0092 72B288C1 		.ascii	"r\262\210\301M\324\012\312Y\216\255\277\253r\307(gG"
  90      4DD40ACA 
  90      598EADBF 
  90      AB72C728 
  90      6747
  91 00a4 31865B70 		.ascii	"1\206[p\203\332\341\235\226Y(\\\2774\270\252o\223\302"
  91      83DAE19D 
  91      9659285C 
  91      BF34B8AA 
  91      6F93C2
  92 00b7 91E4A293 		.ascii	"\221\344\242\223\020\013\224\304\246ORr\253\315b25\272"
  92      100B94C4 
  92      A64F5272 
  92      ABCD6232 
  92      35BA
  93 00c9 56CF8FAD 		.ascii	"V\317\217\255I\266~O\317e\365E\351Hi\332\335\246\316"
  93      49B67E4F 
  93      CF65F545 
  93      E94869DA 
  93      DDA6CE
  94 00dc 92F98557 		.ascii	"\222\371\205Wo\274\252K\360mW~\336q\305q\021\216\324"
  94      6FBCAA4B 
  94      F06D577E 
  94      DE71C571 
  94      118ED4
  95 00ef 30003F6E 		.ascii	"0\000?n\303\257\002gzW\317\372\002\0113\026\361:RG\002"
  95      C3AF0267 
  95      7A57CFFA 
ARM GAS  C:\cygwin\tmp\ccJhJDUe.s 			page 7


  95      02093316 
  95      F13A5247 
  96 0104 71ACA87A 		.ascii	"q\254\250z1\210\200\230E\364\233\273\350\321\212\252"
  96      31888098 
  96      45F49BBB 
  96      E8D18AAA 
  97 0114 4C7C714C 		.ascii	"L|qL\251\000\201$A\250\230^pJ\005\226\241\337\226a\004"
  97      A9008124 
  97      41A8985E 
  97      704A0596 
  97      A1DF9661 
  98 0129 88CD14DB 		.ascii	"\210\315\024\333\376\331\341)\201\226^f\272\\lq\321"
  98      FED9E129 
  98      81965E66 
  98      BA5C6C71 
  98      D1
  99 013a 28FDF542 		.ascii	"(\375\365B.E\354?5}N#U\3044\255]\216tc\204t\243%\335"
  99      2E45EC3F 
  99      357D4E23 
  99      55C434AD 
  99      5D8E7463 
 100 0153 B525AB86 		.ascii	"\265%\253\206m`\331\230\222\361\370\342\016\002\024"
 100      6D60D998 
 100      92F1F8E2 
 100      0E0214
 101 0162 75FA26FA 		.ascii	"u\372&\372%\223\364\302\001\201\273\305w\260G\326\313"
 101      2593F4C2 
 101      0181BBC5 
 101      77B047D6 
 101      CB
 102 0173 F6FF67DF 		.ascii	"\366\377g\337Sl5\207)\305\316G\263)\024\331\264m\027"
 102      536C3587 
 102      29C5CE47 
 102      B32914D9 
 102      B46D17
 103 0186 B85FC2DB 		.ascii	"\270_\302\333\233\301\217+\274\306\370\011\205/\017"
 103      9BC18F2B 
 103      BCC6F809 
 103      852F0F
 104 0195 02AD463C 		.ascii	"\002\255F<\330\250<_1\332\203\264B\023\206#\257\323"
 104      D8A83C5F 
 104      31DA83B4 
 104      42138623 
 104      AFD3
 105 01a7 03391849 		.ascii	"\0039\030I\232\036k\017{\037\"\200\335~5?\217`\224E"
 105      9A1E6B0F 
 105      7B1F2280 
 105      DD7E353F 
 105      8F609445 
 106 01bb 76E5221D 		.ascii	"v\345\"\035\217\225\310\305\254'\204-\027]\330\004\313"
 106      8F95C8C5 
 106      AC27842D 
 106      175DD804 
 106      CB
 107 01cc 522C37B3 		.ascii	"R,7\263\236\376\301\2627\303\232T,\017\263\236\021+"
 107      9EFEC1B2 
 107      37C39A54 
ARM GAS  C:\cygwin\tmp\ccJhJDUe.s 			page 8


 107      2C0FB39E 
 107      112B
 108 01de B951D754 		.ascii	"\271Q\327T\264r\326\224by\231\365\274\304\372\200N\353"
 108      B472D694 
 108      627999F5 
 108      BCC4FA80 
 108      4EEB
 109 01f0 C28CFA30 		.ascii	"\302\214\37208\375r\366\364\220l\373av\233\364\001x"
 109      38FD72F6 
 109      F4906CFB 
 109      61769BF4 
 109      0178
 110 0202 73BC1CF1 		.ascii	"s\274\034\361\002m\034\032_\371z\305\307s\272\245F "
 110      026D1C1A 
 110      5FF97AC5 
 110      C773BAA5 
 110      4620
 111 0214 033F75BD 		.ascii	"\003?u\275\277\372\345\374V\325\345\025\230\206\337"
 111      BFFAE5FC 
 111      56D5E515 
 111      9886DF
 112 0223 913EF111 		.ascii	"\221>\361\021\021\353\355A\305\023\374K\000\377\012"
 112      11EBED41 
 112      C513FC4B 
 112      00FF0A
 113 0232 68E519C1 		.ascii	"h\345\031\301`io\016\033\307\217\204\214\023\315'[\302"
 113      60696F0E 
 113      1BC78F84 
 113      8C13CD27 
 113      5BC2
 114 0244 C6A1A6C6 		.ascii	"\306\241\246\306\275\365FC\303>\243i\177ck\235\021n"
 114      BDF54643 
 114      C33EA369 
 114      7F636B9D 
 114      116E
 115 0256 391C0A1D 		.ascii	"9\034\012\035\013\036\025\277\000\002\003\234\263"
 115      0B1E15BF 
 115      0002039C 
 115      B3
 116              		.text
 117              		.section	.gnu.lto_.symbol_nodes.9c5cadf,"",%progbits
 118 0000 789C4D88 		.ascii	"x\234M\210\261\015\2000\020\304\374\227\024l\301\202"
 118      B10D8030 
 118      10C4FC97 
 118      146CC182 
 119 0010 ECF00122 		.ascii	"\354\360\001\"\3212\001b\"v@\242d\006 \010\212\234\213"
 119      D1320162 
 119      227640A2 
 119      64062008 
 119      8A9C8B
 120 0023 931D808E 		.ascii	"\223\035\200\216\177\272\315a\336\300\235emP\222[\035"
 120      7FBACD61 
 120      DEC09D65 
 120      6D50925B 
 120      1D
 121 0034 AC97EB0B 		.ascii	"\254\227\353\013\244T|\220\207\332Gy\254<\024\362~Y"
 121      A4547C90 
ARM GAS  C:\cygwin\tmp\ccJhJDUe.s 			page 9


 121      87DA4779 
 121      AC3C14F2 
 121      7E59
 122 0046 401CEF5B 		.ascii	"@\034\357[$Og\313\003N\007\035N"
 122      244F67CB 
 122      034E071D 
 122      4E
 123              		.text
 124              		.section	.gnu.lto_.refs.9c5cadf,"",%progbits
 125 0000 789C6366 		.ascii	"x\234cf```d\200\002\000\000=\000\005"
 125      60606064 
 125      80020000 
 125      3D0005
 126              		.text
 127              		.section	.gnu.lto_.decls.9c5cadf,"",%progbits
 128 0000 789CCD58 		.ascii	"x\234\315XyPTG\032\237~=\0343\\.fM\326\332*\217\255"
 128      79505447 
 128      1A9F7E3D 
 128      1C335C2E 
 128      664DD6DA 
 129 0017 35C94645 		.ascii	"5\311FE\320\335d\367\237\215\216\304X\221\204\032H*"
 129      D0DD64F7 
 129      9F8D8EC4 
 129      5891841A 
 129      482A
 130 0029 55B16A42 		.ascii	"U\261jBpTj9\\\300\254\376\3678\242\200\007\210\027x"
 130      70546A39 
 130      5CC0ACFE 
 130      F738A280 
 130      07881778 
 131 003d 8E828220 		.ascii	"\216\202\202 \202\240((\227\312\341\001\242\234\012"
 131      82A02828 
 131      97CAE101 
 131      A29C0A
 132 004c 029E5C82 		.ascii	"\002\236\\\202 \030A\224\331\257\273\337{\363\346eL"
 132      20184194 
 132      D9AFBBDF 
 132      7BF3E665 
 132      4C
 133 005d 6DD5D656 		.ascii	"m\325\326V\355\224?\336\373\272\177\375\353\257\277"
 133      ED943FDE 
 133      FBBA7FFD 
 133      EBAFBF
 134 006c EED7FDB5 		.ascii	"\356\327\375\265X\245R}\202T*3\374\272\336S\251\022"
 134      58A5527D 
 134      82542A33 
 134      FCBADE53 
 134      A912
 135 007e D42A1586 		.ascii	"\324*\025\2062_\000\024\253\362T\354g\0078\003(\004"
 135      325F0014 
 135      ABF254EC 
 135      67073803 
 135      2804
 136 0090 9C071403 		.ascii	"\234\007\024\003\312T\277\374\021\216\223\320\036\203"
 136      CA54BFFC 
 136      118E93D0 
 136      1E83
ARM GAS  C:\cygwin\tmp\ccJhJDUe.s 			page 10


 137 009e 00025C86 		.ascii	"\000\002\\\206wW\200\263\240\347\004eS\000\277\001\344"
 137      775780B3 
 137      A0E70465 
 137      5300BF01 
 137      E4
 138 00af 0BFD0C02 		.ascii	"\013\375\014\002\\\204\366S\241\340\267\200w\001\277"
 138      5C84F653 
 138      A1E0B780 
 138      7701BF
 139 00be 03CC00CC 		.ascii	"\003\314\000\314B\254\317?\300\363\217\200\367\001\037"
 139      42ACCF3F 
 139      C0F38F80 
 139      F7011F
 140 00cd 22E68BF2 		.ascii	"\"\346\213\362W(\363a\026 \034x\353\004?D\237\332\340"
 140      5728F361 
 140      16201C78 
 140      EB043F44 
 140      9FDAE0
 141 00e0 3D02317F 		.ascii	"=\0021\177J\000\032\300w`O\302\363\031`\030\360\032"
 141      4A001AC0 
 141      77604FC2 
 141      F3196018 
 141      F01A
 142 00f2 F0023002 		.ascii	"\360\0020\002\230\000\214\0028A\337\326\330\2079Ttj"
 142      98008C02 
 142      3841DFD6 
 142      D8873954 
 142      746A
 143 0104 B4D6A987 		.ascii	"\264\326\251\207C\256\332\231\304,N\256I\261\007\323"
 143      43AEDA99 
 143      C42C4EAE 
 143      49B107D3 
 144 0114 59AB2666 		.ascii	"Y\253&fY\351X\225\026s\210\274\247\245\334o\324\316"
 144      59E95895 
 144      167388BC 
 144      A7A5DC6F 
 144      D4CE
 145 0126 CDE2793E 		.ascii	"\315\342y>\216/oE\026\211\255q]W\265\330\235\222\242"
 145      8E2F6F45 
 145      1689AD71 
 145      5D57B5D8 
 145      9D92A2
 146 0139 8E5FD8EA 		.ascii	"\216_\330\352\000\355giiU\347\376\361t\0155\311t\271"
 146      00ED6769 
 146      6955E7FE 
 146      F1740D35 
 146      C974B9
 147 014c 411157F3 		.ascii	"A\021W\363\204OsEs\264\351 4T\222\\\365{\236W\243\\"
 147      844F7345 
 147      73B4E920 
 147      3454925C 
 147      F57B9E57 
 148 0162 A445D908 		.ascii	"\244E\331\010\243,4\227\204\227\264&\2778\236\217\346"
 148      A32C3497 
 148      8497B426 
 148      BF389E8F 
 148      E6
ARM GAS  C:\cygwin\tmp\ccJhJDUe.s 			page 11


 149 0173 9362784D 		.ascii	"\223bxM\215\253\012e\240\351(\023MW\241Sh\0160(\027"
 149      8DAB0A65 
 149      A0E92813 
 149      4D57A153 
 149      680E3028 
 150 0188 9D84C21C 		.ascii	"\235\204\302\034(\004\341\312\327\245\261vH;\307v\243"
 150      2804E1CA 
 150      D7A5B176 
 150      483BC776 
 150      A3
 151 0199 D3361A51 		.ascii	"\3236\032Q\027\306\323\366N#.\344\201\013',.\200G\314"
 151      17C6D3F6 
 151      4E232EE4 
 151      810B272C 
 151      2E8047CC 
 152 01ad 07520123 		.ascii	"\007R\001#\2710\361\240Q\375\356nhA\264\247\250\221"
 152      B930F1A0 
 152      51FDEE6E 
 152      6841B4A7 
 152      A891
 153 01bf EF34495C 		.ascii	"\3574I\\\205\362\321\273\360\367;5\013\310hy}3\306\225"
 153      85F2D1BB 
 153      F0F73B35 
 153      0BC86879 
 153      7D33C695 
 154 01d3 884624BA 		.ascii	"\210F$\272\240b\263\323\314C\274)o\350P\306)M*o\212"
 154      A062B3D3 
 154      CC43BC29 
 154      6FE850C6 
 154      294D2A6F 
 155 01e8 E627CD66 		.ascii	"\346'\315fD\033\241\002\251G\025yg=\236A3\241a\303\276"
 155      441BA102 
 155      A9471579 
 155      673D9E41 
 155      33A161C3 
 156 01fd E433084F 		.ascii	"\3443\010O2\225\013I;\357;S\225\256\236Jcy,\377\332"
 156      32950B49 
 156      3BEF3B53 
 156      95AE9E4A 
 156      63792CFF 
 157 0212 6CC64CE2 		.ascii	"l\306L\342\254L\342\254(QH%2\372\213\26348\201\315\337"
 157      AC4CE2AC 
 157      28514825 
 157      32FA8BB3 
 157      343881CD 
 158 0227 95A64C0F 		.ascii	"\225\246L\017P\350\202\250\237\030Y\262#&)\235\3572"
 158      50E882A8 
 158      9F1859B2 
 158      2326299D 
 158      EF32
 159 0239 9B673091 		.ascii	"\233g0\221s2\221s\242\310y*\022o\036<\257\305\325L$"
 159      73329173 
 159      A2C8792A 
 159      126F1E3C 
 159      AFC5D54C 
 160 024e BDA2A5CF 		.ascii	"\275\242\245\317\216\252\344\025\367\217\240T\376\210"
 160      8EAAE415 
ARM GAS  C:\cygwin\tmp\ccJhJDUe.s 			page 12


 160      F78FA054 
 160      FE88
 161 025c 7C344532 		.ascii	"|4E2\225\"Q\245\230\252\304\345\344]\324\2509\026O\022"
 161      952251A5 
 161      98AAC4E5 
 161      E45DD4A8 
 161      39164F12 
 162 0270 2928DB57 		.ascii	")(\333W\177r\277\263Tv\001\321\302\234\304\027W\234"
 162      7F72BFB3 
 162      547601D1 
 162      C29CC417 
 162      579C
 163 0282 DF1AE812 		.ascii	"\337\032\350\022\032\350\213H\210t~c\366!-~\305|k,\213"
 163      1AE88B48 
 163      88747E63 
 163      F6212D7E 
 163      C57C6B2C 
 164 0297 CAB467BE 		.ascii	"\312\264g\276\355\257]#s\015\032\241R\231k\245\242k"
 164      EDAF5D23 
 164      730D1AA1 
 164      52996BA5 
 164      A26B
 165 02a9 65D4B5AA 		.ascii	"e\324\265\252\336\322\355\316\364\023\340\355\211N^"
 165      DED2EDCE 
 165      F413E0ED 
 165      894E5E
 166 02b8 5976BC86 		.ascii	"Yv\274\206~\003\337\023\363R\321\346\203j|\016\323>"
 166      7E03DF13 
 166      F352D1E6 
 166      836A7C0E 
 166      D33E
 167 02ca 062EA56F 		.ascii	"\006.\245o\320\302\012\213\371\317V\030\264\210M5\277"
 167      D0C20A8B 
 167      F9CF5618 
 167      B4884D35 
 167      BF
 168 02db C0F8326B 		.ascii	"\300\3702k\276o<\367\204\023\256\026\214\324\35265\276"
 168      BE6F3CF7 
 168      8413AE16 
 168      8CD4EA36 
 168      35BE
 169 02ed CE8CF4DD 		.ascii	"\316\214\364\335{N\332\321N\035\3517u\2631Q\203\353"
 169      7B4EDAD1 
 169      4E1DE937 
 169      75B33151 
 169      83EB
 170 02ff 59DDF15D 		.ascii	"Y\335\361]/\343\335p\0233\256?\030\033q\246\304)\304"
 170      2FE3DD70 
 170      1333AE3F 
 170      181B71A6 
 170      C429C4
 171 0312 1C9F68BC 		.ascii	"\034\237h\274\303\341VVw\255\371\376Q;\334\316\214\324"
 171      C3E15656 
 171      77ADF9FE 
 171      513BDCCE 
 171      8CD4
 172 0324 9737AADC 		.ascii	"\2277\252\334(\361=b\276\334\037\023\343\206\037\260"
ARM GAS  C:\cygwin\tmp\ccJhJDUe.s 			page 13


 172      28F13D62 
 172      BEDC1F13 
 172      E3861FB0 
 173 0334 3A53C61B 		.ascii	":S\306\033\263+\356a\206\270\0058\263-\340@E\337-\027"
 173      B32BEE61 
 173      86B80538 
 173      B32DE040 
 173      45DF2D17 
 174 0348 3CC0EA46 		.ascii	"<\300\352F\036DO\"<\314\214\314\007u\311.\224\370\001"
 174      1E444F22 
 174      3CCC8CCC 
 174      0775C92E 
 174      94F801
 175 035b 310FEF1A 		.ascii	"1\017\357\032\327\341\027\254\252xx\313\250#\036gF\347"
 175      D7E117AC 
 175      AA7878CB 
 175      A8231E67 
 175      46E7
 176 036d CBCE4B0E 		.ascii	"\313\316K\016\224\267\200\230\273/\036H\326\260\370"
 176      94B78098 
 176      BB2F1E48 
 176      D6B0F8
 177 037c D2EAEDA7 		.ascii	"\322\352\355\247\322G\230c\230\252\036i\277\201ILy!"
 177      D2479863 
 177      98AA1E69 
 177      BF81494C 
 177      7921
 178 038e A650219B 		.ascii	"\246P!\233\361;\344CD\037LG\255,\236\007\373\353\263"
 178      F13BE443 
 178      441F4C47 
 178      AD2C9E07 
 178      FBEBB3
 179 03a1 DCDC9328 		.ascii	"\334\334\223(\235\347gF\322\265\323\002\364k\224~\027"
 179      9DE76746 
 179      D2B5D302 
 179      F46B947E 
 179      17
 180 03b2 B98B8D08 		.ascii	"\271\213\215\010{oS\346\220\203\234}\371\327\330\011"
 180      7B6F53E6 
 180      90839C7D 
 180      F9D7D809 
 181 03c2 7B765521 		.ascii	"{vU!\374\206\215\242)\352I3\207\243\324\324\310O;V\310"
 181      FC868DA2 
 181      29EA4933 
 181      87A3D4D4 
 181      C84F3B56 
 182 03d7 D6C4A774 		.ascii	"\326\304\247t\010-\267\232\034\360&VWt:i\334\225\326"
 182      082DB79A 
 182      1CF02656 
 182      57743A69 
 182      DC95D6
 183 03ea 7D4ECCAB 		.ascii	"}N\314\253g\267\225kq\002\253{\223\375h\214\303\211"
 183      67B7956B 
 183      7102AB7B 
 183      93FD688C 
 183      C389
 184 03fc CCE82E7D 		.ascii	"\314\350.}\312s\224\350K\314\216\201m\235\2168\331\272"
ARM GAS  C:\cygwin\tmp\ccJhJDUe.s 			page 14


 184      CA7394E8 
 184      4BCC8E81 
 184      6D9D8E38 
 184      D9BA
 185 040e 0357D641 		.ascii	"\003W\326A\302\226\323f\207\267\007\345\211\030\224"
 185      C296D366 
 185      87B707E5 
 185      891894
 186 041d 0F694CA2 		.ascii	"\017iL\242\016\036\353\302\302(MbL\036\003\273\232\262"
 186      0E1EEBC2 
 186      C2284D62 
 186      4C1E03BB 
 186      9AB2
 187 042f BBE9289F 		.ascii	"\273\351(\237\210\243\034n\215\275\351$g_\3765v\355"
 187      88A31C6E 
 187      8DBDE924 
 187      675FFE35 
 187      76ED
 188 0441 CF9907ED 		.ascii	"\317\231\007\355q\012\3632\356\342\256\343,\014\337"
 188      710AF332 
 188      EEE2AEE3 
 188      2C0CDF
 189 0450 8239ADED 		.ascii	"\2029\255\355\346\346\\\0274\233\375\246\316\226\375"
 189      E6E65C17 
 189      349BFDA6 
 189      CE96FD
 190 045f E6CC36F1 		.ascii	"\346\3146\361\2611C%\247M\037\027\345\363\345\261\230"
 190      B1314325 
 190      A74D1F17 
 190      E5F3E5B1 
 190      98
 191 0470 76F2003E 		.ascii	"v\362\000>\302\347h\252\345\233yH{\374\023\374Q\021"
 191      C2E768AA 
 191      E59B7948 
 191      7BFC13FC 
 191      5111
 192 0482 BEA933C7 		.ascii	"\276\2513\307\276f\001\245\336WR\273(5\003I\334\233"
 192      BE6601A5 
 192      DE5752BB 
 192      28350349 
 192      DC9B
 193 0494 12F7A692 		.ascii	"\022\367\246\222[\257\220\275.Q\257*\251\327\024\324"
 193      5BAF90BD 
 193      2E51AF2A 
 193      A9D714D4 
 194 04a4 BB12B551 		.ascii	"\273\022\265QImPzP'q\353\224\334Z%\267V\342\336\260"
 194      496D507A 
 194      502771EB 
 194      94DC5A25 
 194      B756E2DE 
 195 04b9 CDA52EEC 		.ascii	"\315\245.\354\020\026\352\247\221*T\016\365\025\264"
 195      1016EAA7 
 195      912A540E 
 195      F515B4
 196 04c8 8AB0615B 		.ascii	"\212\260a[Af\330aF\321l4\002x\005x\001\030\004L\000"
 196      4166D861 
 196      46D16C34 
ARM GAS  C:\cygwin\tmp\ccJhJDUe.s 			page 15


 196      02780578 
 196      0118044C 
 197 04dd 86014380 		.ascii	"\206\001C\200\001\300K\300$\340\031`\014\360\032\360"
 197      01C04BC0 
 197      24E01960 
 197      0CF01AF0 
 198 04ed 06F033E0 		.ascii	"\006\3603\340)\240\037\300s\263\3218\232M\367A\352`"
 198      29A01FC0 
 198      73B3D138 
 198      9A4DF741 
 198      EA60
 199 04ff 8DE460A5 		.ascii	"\215\344`\245\322\301\017\024c)\223\250WlR-\321\274"
 199      D2C10F14 
 199      632993A8 
 199      576C522D 
 199      D1BC
 200 0511 26316B94 		.ascii	"&1k\224\314je\204:$n\247\355\271\267\310\266J\324[\266"
 200      CC6A6584 
 200      3A246EA7 
 200      EDB9B7C8 
 200      B64AD45B 
 201 0526 A75E26DB 		.ascii	"\247^&\333&q\233\224\334f+\331(S\337<`\366 w\324+0\305"
 201      26719B94 
 201      DC662BD9 
 201      2853DF3C 
 201      60F62077 
 202 053e 8F02F529 		.ascii	"\217\002\365)\034\270*\211V\331\036\227\205zC\242^\267"
 202      1CB82A89 
 202      56D91E97 
 202      857A43A2 
 202      5EB7
 203 0550 BDF6245F 		.ascii	"\275\366$_\243L\355\304\2016p\240]\240\212;\225\340"
 203      A34CEDC4 
 203      813670A0 
 203      5DA08A3B 
 203      95E0
 204 0562 AA6C58F7 		.ascii	"\252lX\367$\331{J\331\016%\367\216\304\275m{MSoI6\324"
 204      24D97B4A 
 204      D90E25F7 
 204      8EC4BD6D 
 204      7B4D536F 
 205 0579 559A63CF 		.ascii	"U\232c\317#BQ\211\247\245JZ\"]\2759u\316\274\240\364"
 205      23425189 
 205      A7A54A5A 
 205      225DBD39 
 205      75CEBCA0 
 206 058e C8F6A7CC 		.ascii	"\310\366\247\314z\205l\254z\250h\022\243\251sl\255h"
 206      7A856CAC 
 206      7AA86812 
 206      A3A9736C 
 206      AD68
 207 05a0 14CDCDF9 		.ascii	"\024\315\315\371\237/j:\234\376\020G\024\305ME\227,"
 207      9F2F6A3A 
 207      9CFE1047 
 207      14C54D45 
 207      972C
 208 05b2 891D199B 		.ascii	"\211\035\031\233\230\271\226\034\256\032vpN\260$\214"
ARM GAS  C:\cygwin\tmp\ccJhJDUe.s 			page 16


 208      98B9961C 
 208      AE1A7670 
 208      4EB0248C 
 209 05c2 946CD966 		.ascii	"\224l\331fc8g\232'\300\023\3305\331\007\277\307\365"
 209      6338679A 
 209      27C013D8 
 209      35D907BF 
 209      C7F5
 210 05d4 7423543F 		.ascii	"t#T?<\220W\350\206\346L\237N\363\3308\376S\024\307i"
 210      3C9057E8 
 210      86E64C9F 
 210      4EF3D838 
 210      FE5314C7 
 211 05e9 512C8765 		.ascii	"Q,\207e\331u\012\224\217\375\235T\300\253#}\322\334"
 211      D9750A94 
 211      8FFD9D54 
 211      C0AB237D 
 211      D2DC
 212 05fb 742899C7 		.ascii	"t(\231\307\357\251\320\\\272{\243\237 \026\244J\205"
 212      EFA9D05C 
 212      BA7BA39F 
 212      2016A44A 
 212      85
 213 060c 3673D3D1 		.ascii	"6s\323\321&n\272\374\220we\207\374\276\226\307\243\230"
 213      266EBAFC 
 213      90776587 
 213      FCBE96C7 
 213      A398
 214 061e 6EBB1C31 		.ascii	"n\273\0341\017\365\354\331\247\261l\340\210\366\035"
 214      0FF5ECD9 
 214      A7B16CE0 
 214      88F61D
 215 062d 0FAD1338 		.ascii	"\017\255\0238\342\365\026\316\262\201\023\203\034\020"
 215      E2F516CE 
 215      B2811383 
 215      1C10
 216 063b E5390D0E 		.ascii	"\3459\015\016T\357\023\232\013\244u\365#\252\347@\314"
 216      54EF139A 
 216      0BA475F5 
 216      23AAE740 
 216      CC
 217 064c E49FCE9F 		.ascii	"\344\237\316\237g\007\030\315\177\322\323\207\366\270"
 217      670718CD 
 217      7FD2D387 
 217      F6B8
 218 065a BCFDEC49 		.ascii	"\274\375\354I\344\204\263g;\363u \246?\307\336r\304"
 218      E484B367 
 218      3BF37520 
 218      A63FC7DE 
 218      72C4
 219 066c 326FB682 		.ascii	"2o\266\2027\333\2507I\324\033\332\210\032\344\340K)"
 219      37DBA837 
 219      49D41BDA 
 219      881AE4E0 
 219      4B29
 220 067e 4F505B85 		.ascii	"OP[\205\235$\217\226\036v\010a\337A\303^z\250fR\213"
 220      9D248F96 
ARM GAS  C:\cygwin\tmp\ccJhJDUe.s 			page 17


 220      1E760861 
 220      DF41C35E 
 220      7AA86652 
 221 0693 9BD80174 		.ascii	"\233\330\001t\276\277'Z\0039^y\336Pk\301\350\307'\311"
 221      BEBF275A 
 221      03395E79 
 221      DE506BC1 
 221      E8C727C9 
 222 06a7 D9427261 		.ascii	"\331Bra\024\025\213\250J2g\311\363\222\205\351@;9\222"
 222      14158BA8 
 222      4A3267C9 
 222      F39285E9 
 222      403B3992 
 223 06bb E71DEBC9 		.ascii	"\347\035\353\311~\206q\234\035\025z\336\320:\346H\205"
 223      7E86719C 
 223      1D157ADE 
 223      D03AE648 
 223      85
 224 06cc F28AB7F4 		.ascii	"\362\212\267\364qRZ\276\204\252\354\222\251\354\022"
 224      71525ABE 
 224      84AAEC92 
 224      A9EC12
 225 06db 55765395 		.ascii	"UvS\225\373\215M\365Z\234\312T\322\263\262\356i\231"
 225      FB8D4DF5 
 225      5A9CCA54 
 225      D2B3B2EE 
 225      6999
 226 06ed 4A49FC20 		.ascii	"JI\374 V\250\354\221\251\354\021U\366R\225G\215\303"
 226      56A8EC91 
 226      A9EC1155 
 226      F6529547 
 226      8DC3
 227 06ff BC169F64 		.ascii	"\274\026\237d*\307\007.\366\260A\231&\340S\345\313\315"
 227      2AC7072E 
 227      F6B04199 
 227      26E053E5 
 227      CBCD
 228 0711 E6327E16 		.ascii	"\3462~\026\225H\221I\244\210\022\251\334\3332\352\266"
 228      95489149 
 228      A48812A9 
 228      DCDB32EA 
 228      B6
 229 0722 82C941B7 		.ascii	"\202\311A\267\267&\317\3739\222<\357\343\204\344y\262"
 229      B726CFFB 
 229      39923CEF 
 229      E384E479 
 229      B2
 230 0733 2B91D7E0 		.ascii	"+\221\327\340B\346\303\221\336;\211Z|\205\031\003\325"
 230      42E6C391 
 230      DE3B895A 
 230      7C851903 
 230      D5
 231 0744 93057620 		.ascii	"\223\005v \215\016\322.\241$fg\371(bq\317:g\372lG\356"
 231      8D0ED22E 
 231      A1246667 
 231      F9286271 
 231      CF3A67FA 
ARM GAS  C:\cygwin\tmp\ccJhJDUe.s 			page 18


 232 075b 269EFA89 		.ascii	"&\236\372\211\016\227'\251\2110: z\212\016A\007\304"
 232      0E9727A9 
 232      89303A20 
 232      7A8A0E41 
 232      07C4
 233 076d 64CE1EA6 		.ascii	"d\316\036\246\316\232\217>\031E\330\314\344\313\262"
 233      CE9A8F3E 
 233      1945D8CC 
 233      E4CBB2
 234 077c 6BB6D98B 		.ascii	"k\266\331\213\223xri\3051\213\330\024:j\223l\324&Q\350"
 234      93787269 
 234      C5318BD8 
 234      143A6A93 
 234      6CD42651 
 235 0791 08157A55 		.ascii	"\010\025zU]\261\205\303;\355\251\320\360\321\375\271"
 235      5DB185C3 
 235      3BEDA9D0 
 235      F0D1FDB9 
 236 07a1 6A16B894 		.ascii	"j\026\270\224\\\353\300\035\225I\034\025%\322\250\304"
 236      5CEBC01D 
 236      95491C15 
 236      25D2A8C4 
 237 07b1 A5B496BD 		.ascii	"\245\264\226\275\0168S\220x\234[\357\"\256\203\021\345"
 237      0E385390 
 237      789C5BEF 
 237      22AE8311 
 237      E5
 238 07c2 3A4897A9 		.ascii	":H\227\251\244\213*\307\250\312\336\233W\335"
 238      A48B2AC7 
 238      A8CADE9B 
 238      57DD
 239 07d0 F1052662 		.ascii	"\361\005&bj\277\375\205\260\012z\237+W\301q\231\306"
 239      6ABFFD85 
 239      B00A7A9F 
 239      2B57C171 
 239      99C6
 240 07e2 71512383 		.ascii	"qQ#\203j\034\252\277\327\253\306\365Ld2\246\276\323"
 240      6A1CAABF 
 240      D7ABC6F5 
 240      4C6432A6 
 240      BED3
 241 07f4 8E0D2655 		.ascii	"\216\015&U1\230L\231D\246(q\202J<\350\356\216f;E9\275"
 241      31984C99 
 241      44A62871 
 241      824A3CE8 
 241      EE8E663B 
 242 080b 389C292B 		.ascii	"8\234)+x\316\256\007q\354\222Q\327\022\017W\002\326"
 242      78CEAE07 
 242      71EC9251 
 242      D7120F57 
 242      02D6
 243 081d 4574FDD3 		.ascii	"Et\375\323\207n\270\207\031\255\035]\345N\270\237\031"
 243      876EB887 
 243      19AD1D5D 
 243      E54EB89F 
 243      19
 244 082e 7C62772C 		.ascii	"|bw,\306#\314\210O\216\351v\304c\314\310\315\2378\254"
ARM GAS  C:\cygwin\tmp\ccJhJDUe.s 			page 19


 244      C623CC88 
 244      4F8EE976 
 244      C463CCC8 
 244      CD9F38AC 
 245 0842 C1AF9971 		.ascii	"\301\257\231q\260\252\362\266=\376\311\201\205\256\271"
 245      B0AAF2B6 
 245      3DFEC981 
 245      85AEB9
 246 0851 F023BC9D 		.ascii	"\360#\274\235\275\247\267&\036\300x/3\306\353\272\317"
 246      BDA7B726 
 246      1EC0782F 
 246      33C6EBBA 
 246      CF
 247 0862 627C8419 		.ascii	"b|\204\031\015\231Iq\2168\213\031u|J\222+.`FV\307D\214"
 247      0D994971 
 247      8E388B19 
 247      757C4A92 
 247      2B2E6046 
 248 087a 1D2E6146 		.ascii	"\035.aF\365\261\334\303\366\270R0\372\177\356C\270\226"
 248      F5B1DCC3 
 248      F6B85230 
 248      FA7FEE43 
 248      B896
 249 088c 19E2DEE5 		.ascii	"\031\342\336\345\314\366\256'9Ui\256\270\211\325\335"
 249      CCF6AE27 
 249      395569AE 
 249      B889D5DD 
 250 089c C9D8BCD3 		.ascii	"\311\330\274\323\021w2\243\262eS\257=\356f\206\2710"
 250      117732A3 
 250      B26553AF 
 250      3DEE6686 
 250      B930
 251 08ae E5AA0B7E 		.ascii	"\345\252\013~\306\214}5\321\225vx\234\031\333\036\231"
 251      C68C7D35 
 251      D1957678 
 251      9C19DB1E 
 251      99
 252 08bf D21C718C 		.ascii	"\322\034q\214#\273$\015<I\264\307\333\23011y\342\231"
 252      23BB240D 
 252      3C49B4C7 
 252      DB983131 
 252      79E299
 253 08d2 0BDECB8C 		.ascii	"\013\336\313\214\354\014~\032>\302\336\207\263:2\335"
 253      EC0C7E1A 
 253      3EC2DE87 
 253      B33A32DD 
 254 08e2 7036339A 		.ascii	"p63\232+\357\266\273\340\263\314\330\237t;\225\205{"
 254      2BEFB6BB 
 254      E0B3CCD8 
 254      9F743B95 
 254      857B
 255 08f4 2D31771C 		.ascii	"-1w\034\333\265\211\303e\254\356\360\366\374q\366\177"
 255      DBB589C3 
 255      65ACEEF0 
 255      F6FC71F6 
 255      7F
 256 0905 29EBE8AA 		.ascii	")\353\350\252\257\252;\252\301WX\335\253\255\005U\034"
ARM GAS  C:\cygwin\tmp\ccJhJDUe.s 			page 20


 256      AFAA3BAA 
 256      C15758DD 
 256      ABAD0555 
 256      1C
 257 0916 AE61C6E9 		.ascii	"\256a\306\351\246\236\026-%n\240\253\251\241\354\204"
 257      A69E162D 
 257      256EA0AB 
 257      A9A1EC84 
 258 0926 33BECDEA 		.ascii	"3\276\315\352\304\313\223\263py\352+\230|h\207[i\345"
 258      C4CB93B3 
 258      7079EA2B 
 258      987C6887 
 258      5B69E5
 259 0939 CCAAD12D 		.ascii	"\314\252\321-\027\034\304\374\333:\001\227\245\3424"
 259      171CC4FC 
 259      DB3A0197 
 259      A5E234
 260 0948 13BFDEF0 		.ascii	"\023\277\336\360z\376\011K&~\026VT+\367+)\363\315l1"
 260      7AFE094B 
 260      267E1656 
 260      542BF72B 
 260      29F3CD6C 
 261 095d 67C85152 		.ascii	"g\310QR\0259\336\026)\273\250U2\3538k\352\270$Z\256"
 261      1539DE16 
 261      29BBA855 
 261      32EB386B 
 261      EAB8245A 
 262 0972 A45ADD04 		.ascii	"\244Z\335\004x\336d\376\010\230p\025AU\002S\312\305"
 262      78DE64FE 
 262      08987015 
 262      41550253 
 262      CAC5
 263 0984 AA15A2F1 		.ascii	"\252\025\242\361R\377\327\224\242W9y&\004\252\011\363"
 263      52FFD794 
 263      A2573979 
 263      2604AA09 
 263      F3
 264 0995 04D5EB4A 		.ascii	"\004\325\353J\325\033\012\3258K\346j[\365\027\371z\026"
 264      D51B0AD5 
 264      384BE66A 
 264      5BF517F9 
 264      7A16
 265 09a7 1C79D9B4 		.ascii	"\034y\331\264\212\260Ij\363\014\216\366[\220\222\334"
 265      8AB0496A 
 265      F30C8EF6 
 265      5B9092DC 
 266 09b7 05740306 		.ascii	"\005t\003\006\000}\200\247\200~\300#@=\240\003\360\000"
 266      007D80A7 
 266      807EC023 
 266      403DA003 
 266      F000
 267 09c9 F0103008 		.ascii	"\360\0200\010\350\005\364\000\332\000]\200\307\200\006"
 267      E805F400 
 267      DA005D80 
 267      C78006
 268 09d8 C013C01D 		.ascii	"\300\023\300\035\300=\300}@'\240\021\320\002h\0024\003"
 268      C03DC07D 
ARM GAS  C:\cygwin\tmp\ccJhJDUe.s 			page 21


 268      4027A011 
 268      D0026802 
 268      3403
 269 09ea 6E03DA39 		.ascii	"n\003\3329Y^?!\305\374\222r \312\254\266U\242\236\262"
 269      595E3F21 
 269      C5FC9272 
 269      20CAACB6 
 269      55A29EB2 
 270 09fe 39E7B294 		.ascii	"9\347\262\224rP\242\226(\251\035\012\325\255\226{\232"
 270      7250A296 
 270      28A91D0A 
 270      D5AD967B 
 270      9A
 271 0a0f EDF521CD 		.ascii	"\355\365!\315O\264\3515\225%\347\331e\333\316\312\\"
 271      4FB4E935 
 271      9525E7D9 
 271      65DBCECA 
 271      5C
 272 0a20 E8915C28 		.ascii	"\350\221\\(\264\275\230e\334I\211[\251\344V(\271\317"
 272      B4BD9865 
 272      DC49895B 
 272      A9E45628 
 272      B9CF
 273 0a32 246EA9ED 		.ascii	"$n\251\355\241\311\270o$\356\025\333\272\226\005\335"
 273      A1C9B86F 
 273      24EE15DB 
 273      BA9605DD 
 274 0a42 2B2EE873 		.ascii	"+.\350s\312\245\327\240\010X\237$z^)juc\201xuH\361:"
 274      CAA5D7A0 
 274      08589F24 
 274      7A5E296A 
 274      75638178 
 275 0a5a A3A45ADF 		.ascii	"\243\244Z\337@\301\2011\321\2012\245\003\312\353\325"
 275      40C18131 
 275      D18132A5 
 275      03CAEBD5 
 276 0a6a 2BC9810A 		.ascii	"+\311\201\012\333\237\251\374n!qs\225\334j\205\263\003"
 276      DB9FA9FC 
 276      6E217173 
 276      95DC6A85 
 276      B303
 277 0a7c 92B31795 		.ascii	"\222\263\027\225\324\013\234B\366\251$[l\233k\361\266"
 277      D40B9C42 
 277      F6A9245B 
 277      6C9B6BF1 
 277      B6
 278 0a8d 4DA29E56 		.ascii	"M\242\236VR\225\227\373{\022\265\300v\270,\324v\211"
 278      529597FB 
 278      7B12B5C0 
 278      76B82CD4 
 278      7689
 279 0a9f 9A6F5B55 		.ascii	"\232o[U\346\354]\211\233g;\0062n\277\304-\262=\271\214"
 279      E6EC5D89 
 279      9B673B06 
 279      326EBFC4 
 279      2DB23DB9 
 280 0ab4 4B6F2FB5 		.ascii	"Ko/\265\331\3442\006\034\305e\014\256Ww7_\317\322*\256"
ARM GAS  C:\cygwin\tmp\ccJhJDUe.s 			page 22


 280      D9E43206 
 280      1CC5650C 
 280      AE577737 
 280      5FCFD22A 
 281 0ac9 57E20684 		.ascii	"W\342\006\204\206a\337\371\177\331\203\350@\266\303"
 281      8661DFF9 
 281      7FD983E8 
 281      40B6C3
 282 0ad8 356C081C 		.ascii	"5l\010\034:)\3451tT\3425\254yp\354\242\235\325}`\310"
 282      3A29E531 
 282      7454E235 
 282      AC7970EC 
 282      A29DD57D 
 283 0aee EA1AF65C 		.ascii	"\352\032\366\\\270\017<\247\367\201\255\007Z\016:[\261"
 283      B80F3CA7 
 283      F781AD07 
 283      5A0E3A5B 
 283      B1
 284 0aff 4BAC6E0F 		.ascii	"K\254n\017#\002\233<\035\327\007\205F.\3642D\332/\373"
 284      23029B3C 
 284      1DD70785 
 284      462EF432 
 284      44DA2FFB 
 285 0b13 F2EB993A 		.ascii	"\362\353\231:\225\326`\020K\276\013\374\333\312u\341"
 285      95D66010 
 285      4BBE0BFC 
 285      DBCA75E1 
 286 0b23 616BC203 		.ascii	"ak\302\003Bf\256\016\0126F\254\\\023\0308/ <d^hX\250"
 286      4266AE0E 
 286      0A3646AC 
 286      5C131838 
 286      2F203C64 
 287 0b3b 719E31E0 		.ascii	"q\2361\340\207\240y\213\014\177\235\347\265\300s\321"
 287      87A0798B 
 287      0C7F9DE7 
 287      B5C073D1 
 288 0b4b 4AABE295 		.ascii	"J\253\342\225A\241\201\301\353W\031W\206\004\004\256"
 288      41A181C1 
 288      EB571957 
 288      860404AE 
 289 0b5b 0D0A35AE 		.ascii	"\015\0125\2564\2542\256\016X\037\034i\210\334\270\316"
 289      34AC32AE 
 289      0E581F1C 
 289      6988DCB8 
 289      CE
 290 0b6c 18317FAD 		.ascii	"\0301\177\255\352\213\377^;\"r\0258\012Z\216\337\030"
 290      EA8BFF5E 
 290      3B227215 
 290      380A5A8E 
 290      DF18
 291 0b7e 0323C3C2 		.ascii	"\003#\303\302\227,\360\230?_\370\027\026\341\2616 \330"
 291      972CF098 
 291      3F5FF817 
 291      16E1B136 
 291      20D8
 292 0b90 635D5878 		.ascii	"c]Xxd\204\207\237\277\317B/\217\025+\226z\370/\367\371"
 292      6484879F 
ARM GAS  C:\cygwin\tmp\ccJhJDUe.s 			page 23


 292      BFCF422F 
 292      8F152B96 
 292      7AF82FF7 
 293 0ba5 D1D32322 		.ascii	"\321\323#\"\322\020\034\274j~\240\312\211\275\031\202"
 293      D2101CBC 
 293      6A7EA0CA 
 293      89BD1982 
 294 0bb5 428322DD 		.ascii	"B\203\"\335\015\204l\010\012\377\247\301\270.(8l\315"
 294      0D846C08 
 294      0AFFA7C1 
 294      B82E2838 
 294      6CCD
 295 0bc7 7AE38772 		.ascii	"z\343\207r\271\360HAm\261\336G\347\263\301#pm`X\270"
 295      B9F04841 
 295      6DB1DE47 
 295      E7B3C123 
 295      706D6058 
 296 0bdc D1F0E3C7 		.ascii	"\321\360\343\307!\340\201{\340Z\277\215\021\376A!\306"
 296      21E0817B 
 296      E05ABF8D 
 296      11FE4121 
 296      C6
 297 0bed F0CF0342 		.ascii	"\360\317\003BW\005\033\303\227\317P4\026\274\206v\021"
 297      57051BC3 
 297      97CF5034 
 297      16BC8676 
 297      11
 298 0bfe 1B4900A6 		.ascii	"\033I\000\246\204\376\030\024\350\035\032\360C\260\221"
 298      84FE1814 
 298      E81D1AF0 
 298      43B091
 299 0c0d B9FF916D 		.ascii	"\271\377\221m\347\003\303BB\302B\305^I#h\014\216\207"
 299      E703C342 
 299      42C242C5 
 299      5E492368 
 299      0C8E87
 300 0c20 90190A0A 		.ascii	"\220\031\012\0121Db\235\336\023\340\245\366\363\321"
 300      3144629D 
 300      DE13E0A5 
 300      F6F3D1
 301 0c2f E9D54B97 		.ascii	"\351\325K\227{\3539?=\366^\246\267\323\351|\364\236"
 301      7BEB393F 
 301      3DF65EA6 
 301      B7D3E97C 
 301      F49E
 302 0c41 F4AF975A 		.ascii	"\364\257\227Z\247\363\326c\335\227\376\330\327O\207"
 302      A7F3D663 
 302      DD97FED8 
 302      D74F87
 303 0c50 17EBF558 		.ascii	"\027\353\365X\257\003\033\032,Y\352\257\307KIK\237\305"
 303      AF031B1A 
 303      2C59EAAF 
 303      C74B494B 
 303      9FC5
 304 0c62 7AEE2BD6 		.ascii	"z\356+\326j!\360\277\325{\375\247\341\024|\001\307\324"
 304      6A21F0BF 
 304      D57BFDA7 
ARM GAS  C:\cygwin\tmp\ccJhJDUe.s 			page 24


 304      E1147C01 
 304      C7D4
 305 0c74 816B03C2 		.ascii	"\201k\003\302\335\303\"\002\202!\036+\302\002\377\361"
 305      DDC32202 
 305      82211E2B 
 305      C202FFF1 
 306 0c84 597858C8 		.ascii	"YxX\310r?\375\014\245\024\241\220\260\220'\211\006\015"
 306      723FFD0C 
 306      A514A190 
 306      B0902789 
 306      060D
 307 0c96 A0AC813B 		.ascii	"\240\254\201;\235\215`(0\254\206\022CPD\270F*r1\030"
 307      9D8D6028 
 307      30AC8612 
 307      435044B8 
 307      462A7231 
 308 0cab 228C9186 		.ascii	"\"\214\221\206%\213\375\274}\365\313]\002\202\377\025"
 308      258BFDBC 
 308      7DF5CB5D 
 308      0282FF15 
 309 0cbb B0310266 		.ascii	"\2601\002f1\030\226\332\\yO\306\015\221\036:\037\277"
 309      311896DA 
 309      5C794FC6 
 309      0D911E3A 
 309      1FBF
 310 0ccd E57E96F0 		.ascii	"\345~\226\360\223I\013\014\371l}(\211\343T\322\375W"
 310      93490B0C 
 310      F96C7D28 
 310      89E354D2 
 310      FD57
 311 0cdf D613F78E 		.ascii	"\326\023\367\216\340\375\327\241\3012w\250\177VE\357"
 311      E0FDD7A1 
 311      C13277A8 
 311      7F5645EF 
 312 0cef 5077D687 		.ascii	"Pw\326\207Z\371\350$+t\322\353t\006\177X\357K\215\253"
 312      5AF9E824 
 312      2B74D2EB 
 312      74067F58 
 312      EF4B8DAB 
 313 0d03 399DDEC1 		.ascii	"9\235\336\301w\305\012\335g\313\364j\362\007\353\226"
 313      77C50ADD 
 313      67CBF46A 
 313      F207EB96 
 314 0d13 EB1D177F 		.ascii	"\353\035\027\177\276\304S\357\347O_\274\304\227\205"
 314      BEC453EF 
 314      E74F5FBC 
 314      C49785
 315 0d22 E445A3F7 		.ascii	"\344E\243\367\366\363\326\177\343\275t\201\343b_\221"
 315      F6F3D67F 
 315      E3BD7481 
 315      E3625F91 
 316 0d32 E4CB4852 		.ascii	"\344\313HR\235\247\003\021\360\376RO\236^\302s!<%\206"
 316      9DA70311 
 316      F0FE524F 
 316      9E5EC273 
 316      213C2586 
 317 0d46 9703694D 		.ascii	"\227\003iMk|)C\252Y\250!mW\370\2222\322Zz[\310\336D"
ARM GAS  C:\cygwin\tmp\ccJhJDUe.s 			page 25


 317      6B7C2943 
 317      AA59A821 
 317      6D57F892 
 317      32D25A7A 
 318 0d5e DE220D51 		.ascii	"\336\"\015Q\020j}E\236X\373gX=d\031\371Y\212\376b\347"
 318      106A7D45 
 318      9E58FB67 
 318      583D6419 
 318      F9598AFE 
 319 0d74 E7A75BA6 		.ascii	"\347\247[\246\327\302`\227{\371\221\241\276o{B\374\374"
 319      D7C26097 
 319      7BF991A1 
 319      BE6F7B42 
 319      FCFC
 320 0d86 D9C259BD 		.ascii	"\331\302Y\275\310\323s\203\021\346\342\337.i\276\223"
 320      C8D37383 
 320      11E6E2DF 
 320      2E69BE93 
 321              		.text
 322              		.section	.gnu.lto_.symtab.9c5cadf,"",%progbits
 323 0000 56656374 		.ascii	"VectorB0\000\000\000\000\000\000\000\000\000\000\000"
 323      6F724230 
 323      00000000 
 323      00000000 
 323      000000
 324 0013 00B40000 		.ascii	"\000\264\000\000\000st_lld_init\000\000\000\000\000"
 324      0073745F 
 324      6C6C645F 
 324      696E6974 
 324      00000000 
 325 0028 00000000 		.ascii	"\000\000\000\000\000\000\000\266\000\000\000_port_i"
 325      000000B6 
 325      0000005F 
 325      706F7274 
 325      5F69
 326 003a 72715F65 		.ascii	"rq_epilogue\000\000\002\000\000\000\000\000\000\000"
 326      70696C6F 
 326      67756500 
 326      00020000 
 326      00000000 
 327 004f 0000B800 		.ascii	"\000\000\270\000\000\000chSysTimerHandlerI\000\000\002"
 327      00006368 
 327      53797354 
 327      696D6572 
 327      48616E64 
 328 006a 00000000 		.ascii	"\000\000\000\000\000\000\000\000\000\272\000\000\000"
 328      00000000 
 328      00BA0000 
 328      00
 329 0077 6E766963 		.ascii	"nvicEnableVector\000\000\002\000\000\000\000\000\000"
 329      456E6162 
 329      6C655665 
 329      63746F72 
 329      00000200 
 330 0090 000000BF 		.ascii	"\000\000\000\277\000\000\000"
 330      000000
 331              		.text
ARM GAS  C:\cygwin\tmp\ccJhJDUe.s 			page 26


 332              		.section	.gnu.lto_.opts,"",%progbits
 333 0000 272D666E 		.ascii	"'-fno-trapv' '-mcpu=cortex-m4' '-mno-thumb-interwor"
 333      6F2D7472 
 333      61707627 
 333      20272D6D 
 333      6370753D 
 334 0033 6B272027 		.ascii	"k' '-mthumb' '-ggdb' '-O2' '-fomit-frame-pointer' '"
 334      2D6D7468 
 334      756D6227 
 334      20272D67 
 334      67646227 
 335 0066 2D66616C 		.ascii	"-falign-functions=16' '-ffunction-sections' '-fdata"
 335      69676E2D 
 335      66756E63 
 335      74696F6E 
 335      733D3136 
 336 0099 2D736563 		.ascii	"-sections' '-fno-common' '-flto'\000"
 336      74696F6E 
 336      73272027 
 336      2D666E6F 
 336      2D636F6D 
 337              		.text
 338              		.comm	__gnu_lto_v1,1,1
 339              		.comm	__gnu_lto_slim,1,1
 340              		.ident	"GCC: (GNU Tools for ARM Embedded Processors) 4.9.3 20141119 (release) [ARM/embedded-4_9-br
ARM GAS  C:\cygwin\tmp\ccJhJDUe.s 			page 27


DEFINED SYMBOLS
                            *ABS*:00000000 st_lld.c
                            *COM*:00000001 __gnu_lto_v1
                            *COM*:00000001 __gnu_lto_slim

NO UNDEFINED SYMBOLS
