ARM GAS  C:\Users\jo\AppData\Local\Temp\ccbentEF.s 			page 1


   1              		.syntax unified
   2              		.cpu cortex-m4
   3              		.eabi_attribute 27, 3
   4              		.eabi_attribute 28, 1
   5              		.fpu fpv4-sp-d16
   6              		.eabi_attribute 20, 1
   7              		.eabi_attribute 21, 1
   8              		.eabi_attribute 23, 3
   9              		.eabi_attribute 24, 1
  10              		.eabi_attribute 25, 1
  11              		.eabi_attribute 26, 1
  12              		.eabi_attribute 30, 2
  13              		.eabi_attribute 34, 1
  14              		.eabi_attribute 18, 4
  15              		.thumb
  16              		.file	"board.c"
  17              		.text
  18              	.Ltext0:
  19              		.cfi_sections	.debug_frame
  20              		.section	.text.__early_init,"ax",%progbits
  21              		.align	2
  22              		.p2align 4,,15
  23              		.global	__early_init
  24              		.thumb
  25              		.thumb_func
  26              		.type	__early_init, %function
  27              	__early_init:
  28              	.LFB255:
  29              		.file 1 "../../../os/hal/boards/ST_STM32F4_DISCOVERY/board.c"
  30              		.loc 1 70 0
  31              		.cfi_startproc
  32              		@ args = 0, pretend = 0, frame = 0
  33              		@ frame_needed = 0, uses_anonymous_args = 0
  34              		@ link register save eliminated.
  35              		.loc 1 72 0
  36 0000 FFF7FEBF 		b	stm32_clock_init
  37              	.LVL0:
  38              		.cfi_endproc
  39              	.LFE255:
  40              		.size	__early_init, .-__early_init
  41 0004 AFF30080 		.section	.text.boardInit,"ax",%progbits
  41      AFF30080 
  41      AFF30080 
  42              		.align	2
  43              		.p2align 4,,15
  44              		.global	boardInit
  45              		.thumb
  46              		.thumb_func
  47              		.type	boardInit, %function
  48              	boardInit:
  49              	.LFB256:
  50              		.loc 1 123 0
  51              		.cfi_startproc
  52              		@ args = 0, pretend = 0, frame = 0
  53              		@ frame_needed = 0, uses_anonymous_args = 0
  54              		@ link register save eliminated.
  55 0000 7047     		bx	lr
ARM GAS  C:\Users\jo\AppData\Local\Temp\ccbentEF.s 			page 2


  56              		.cfi_endproc
  57              	.LFE256:
  58              		.size	boardInit, .-boardInit
  59              		.global	pal_default_config
  60 0002 00BFAFF3 		.section	.rodata.pal_default_config,"a",%progbits
  60      0080AFF3 
  60      0080AFF3 
  60      0080
  61              		.align	2
  62              		.type	pal_default_config, %object
  63              		.size	pal_default_config, 252
  64              	pal_default_config:
  65 0000 28AA822A 		.word	713206312
  66 0004 28002800 		.word	2621480
  67 0008 FFFFFFFF 		.word	-1
  68 000c 54000040 		.word	1073741908
  69 0010 FFFF0000 		.word	65535
  70 0014 B00B56B5 		.word	-1252652112
  71 0018 00000000 		.word	0
  72 001c 80200800 		.word	532608
  73 0020 40020000 		.word	576
  74 0024 FFFFFFFF 		.word	-1
  75 0028 15455155 		.word	1431389461
  76 002c FFFF0000 		.word	65535
  77 0030 00000004 		.word	67108864
  78 0034 40000000 		.word	64
  79 0038 09AAA500 		.word	10856969
  80 003c 00000000 		.word	0
  81 0040 FFFFFFFF 		.word	-1
  82 0044 50000054 		.word	1409286224
  83 0048 FFFC0000 		.word	64767
  84 004c B000BB88 		.word	-2001010512
  85 0050 00770600 		.word	423680
  86 0054 00010055 		.word	1426063616
  87 0058 00000000 		.word	0
  88 005c FFFFFFFF 		.word	-1
  89 0060 55501500 		.word	1396821
  90 0064 FF0F0000 		.word	4095
  91 0068 00000000 		.word	0
  92 006c 00000000 		.word	0
  93 0070 40000000 		.word	64
  94 0074 00000000 		.word	0
  95 0078 FFFFFFFF 		.word	-1
  96 007c 00000000 		.word	0
  97 0080 FFFF0000 		.word	65535
  98 0084 00000000 		.word	0
  99 0088 00000000 		.word	0
 100 008c 00000000 		.word	0
 101 0090 00000000 		.word	0
 102 0094 FFFFFFFF 		.word	-1
 103 0098 00000000 		.word	0
 104 009c FFFF0000 		.word	65535
 105 00a0 00000000 		.word	0
 106 00a4 00000000 		.word	0
 107 00a8 00108128 		.word	679546880
 108 00ac 00000000 		.word	0
 109 00b0 FFFFFFFF 		.word	-1
ARM GAS  C:\Users\jo\AppData\Local\Temp\ccbentEF.s 			page 3


 110 00b4 00004014 		.word	339738624
 111 00b8 BFFE0000 		.word	65215
 112 00bc 00000000 		.word	0
 113 00c0 00B0B00B 		.word	196128768
 114 00c4 00000000 		.word	0
 115 00c8 00000000 		.word	0
 116 00cc FFFFFFFF 		.word	-1
 117 00d0 00000000 		.word	0
 118 00d4 FFFF0000 		.word	65535
 119 00d8 00000000 		.word	0
 120 00dc 00000000 		.word	0
 121 00e0 00000400 		.word	262144
 122 00e4 00000000 		.word	0
 123 00e8 FFFFFFFF 		.word	-1
 124 00ec 00000000 		.word	0
 125 00f0 FFFD0000 		.word	65023
 126 00f4 00000000 		.word	0
 127 00f8 00000000 		.word	0
 128              		.text
 129              	.Letext0:
 130              		.file 2 "c:\\program files\\gnu tools arm embedded\\4.9 2014q4\\lib\\gcc\\arm-none-eabi\\4.9.3\\in
 131              		.file 3 "c:\\program files\\gnu tools arm embedded\\4.9 2014q4\\arm-none-eabi\\include\\machine\\_
 132              		.file 4 "c:\\program files\\gnu tools arm embedded\\4.9 2014q4\\arm-none-eabi\\include\\stdint.h"
 133              		.file 5 "../../../os/rt/ports/ARMCMx/compilers/GCC/chtypes.h"
 134              		.file 6 "../../../os/rt/include/chsystypes.h"
 135              		.file 7 "../../../os/rt/include/chschd.h"
 136              		.file 8 "../../../os/rt/ports/ARMCMx/chcore.h"
 137              		.file 9 "../../../os/rt/ports/ARMCMx/chcore_v7m.h"
 138              		.file 10 "../../../os/rt/include/chtm.h"
 139              		.file 11 "../../../os/rt/include/chmtx.h"
 140              		.file 12 "../../../os/hal/ports/STM32/LLD/GPIOv2/pal_lld.h"
 141              		.file 13 "../../../os/ext/CMSIS/include/core_cm4.h"
 142              		.file 14 "../../../os/hal/ports/STM32/STM32F4xx/hal_lld.h"
 143              		.section	.debug_info,"",%progbits
 144              	.Ldebug_info0:
 145 0000 D1070000 		.4byte	0x7d1
 146 0004 0400     		.2byte	0x4
 147 0006 00000000 		.4byte	.Ldebug_abbrev0
 148 000a 04       		.byte	0x4
 149 000b 01       		.uleb128 0x1
 150 000c 7D030000 		.4byte	.LASF114
 151 0010 01       		.byte	0x1
 152 0011 27000000 		.4byte	.LASF115
 153 0015 F9040000 		.4byte	.LASF116
 154 0019 00000000 		.4byte	.Ldebug_ranges0+0
 155 001d 00000000 		.4byte	0
 156 0021 00000000 		.4byte	.Ldebug_line0
 157 0025 02       		.uleb128 0x2
 158 0026 04       		.byte	0x4
 159 0027 05       		.byte	0x5
 160 0028 696E7400 		.ascii	"int\000"
 161 002c 03       		.uleb128 0x3
 162 002d 20000000 		.4byte	.LASF2
 163 0031 02       		.byte	0x2
 164 0032 D4       		.byte	0xd4
 165 0033 37000000 		.4byte	0x37
 166 0037 04       		.uleb128 0x4
ARM GAS  C:\Users\jo\AppData\Local\Temp\ccbentEF.s 			page 4


 167 0038 04       		.byte	0x4
 168 0039 07       		.byte	0x7
 169 003a A6010000 		.4byte	.LASF0
 170 003e 04       		.uleb128 0x4
 171 003f 01       		.byte	0x1
 172 0040 06       		.byte	0x6
 173 0041 0A010000 		.4byte	.LASF1
 174 0045 03       		.uleb128 0x3
 175 0046 64000000 		.4byte	.LASF3
 176 004a 03       		.byte	0x3
 177 004b 1D       		.byte	0x1d
 178 004c 50000000 		.4byte	0x50
 179 0050 04       		.uleb128 0x4
 180 0051 01       		.byte	0x1
 181 0052 08       		.byte	0x8
 182 0053 28030000 		.4byte	.LASF4
 183 0057 04       		.uleb128 0x4
 184 0058 02       		.byte	0x2
 185 0059 05       		.byte	0x5
 186 005a 45030000 		.4byte	.LASF5
 187 005e 04       		.uleb128 0x4
 188 005f 02       		.byte	0x2
 189 0060 07       		.byte	0x7
 190 0061 EB010000 		.4byte	.LASF6
 191 0065 03       		.uleb128 0x3
 192 0066 43020000 		.4byte	.LASF7
 193 006a 03       		.byte	0x3
 194 006b 3F       		.byte	0x3f
 195 006c 70000000 		.4byte	0x70
 196 0070 04       		.uleb128 0x4
 197 0071 04       		.byte	0x4
 198 0072 05       		.byte	0x5
 199 0073 36010000 		.4byte	.LASF8
 200 0077 03       		.uleb128 0x3
 201 0078 6F050000 		.4byte	.LASF9
 202 007c 03       		.byte	0x3
 203 007d 41       		.byte	0x41
 204 007e 82000000 		.4byte	0x82
 205 0082 04       		.uleb128 0x4
 206 0083 04       		.byte	0x4
 207 0084 07       		.byte	0x7
 208 0085 E2040000 		.4byte	.LASF10
 209 0089 04       		.uleb128 0x4
 210 008a 08       		.byte	0x8
 211 008b 05       		.byte	0x5
 212 008c FC000000 		.4byte	.LASF11
 213 0090 03       		.uleb128 0x3
 214 0091 D2020000 		.4byte	.LASF12
 215 0095 03       		.byte	0x3
 216 0096 5B       		.byte	0x5b
 217 0097 9B000000 		.4byte	0x9b
 218 009b 04       		.uleb128 0x4
 219 009c 08       		.byte	0x8
 220 009d 07       		.byte	0x7
 221 009e 90000000 		.4byte	.LASF13
 222 00a2 03       		.uleb128 0x3
 223 00a3 C6050000 		.4byte	.LASF14
ARM GAS  C:\Users\jo\AppData\Local\Temp\ccbentEF.s 			page 5


 224 00a7 04       		.byte	0x4
 225 00a8 15       		.byte	0x15
 226 00a9 45000000 		.4byte	0x45
 227 00ad 03       		.uleb128 0x3
 228 00ae 20030000 		.4byte	.LASF15
 229 00b2 04       		.byte	0x4
 230 00b3 2C       		.byte	0x2c
 231 00b4 65000000 		.4byte	0x65
 232 00b8 03       		.uleb128 0x3
 233 00b9 C1040000 		.4byte	.LASF16
 234 00bd 04       		.byte	0x4
 235 00be 2D       		.byte	0x2d
 236 00bf 77000000 		.4byte	0x77
 237 00c3 03       		.uleb128 0x3
 238 00c4 5B000000 		.4byte	.LASF17
 239 00c8 04       		.byte	0x4
 240 00c9 39       		.byte	0x39
 241 00ca 90000000 		.4byte	0x90
 242 00ce 05       		.uleb128 0x5
 243 00cf AD000000 		.4byte	0xad
 244 00d3 03       		.uleb128 0x3
 245 00d4 93050000 		.4byte	.LASF18
 246 00d8 05       		.byte	0x5
 247 00d9 45       		.byte	0x45
 248 00da B8000000 		.4byte	0xb8
 249 00de 03       		.uleb128 0x3
 250 00df 21020000 		.4byte	.LASF19
 251 00e3 05       		.byte	0x5
 252 00e4 48       		.byte	0x48
 253 00e5 A2000000 		.4byte	0xa2
 254 00e9 03       		.uleb128 0x3
 255 00ea 46010000 		.4byte	.LASF20
 256 00ee 05       		.byte	0x5
 257 00ef 49       		.byte	0x49
 258 00f0 A2000000 		.4byte	0xa2
 259 00f4 03       		.uleb128 0x3
 260 00f5 DD020000 		.4byte	.LASF21
 261 00f9 05       		.byte	0x5
 262 00fa 4A       		.byte	0x4a
 263 00fb A2000000 		.4byte	0xa2
 264 00ff 03       		.uleb128 0x3
 265 0100 FC020000 		.4byte	.LASF22
 266 0104 05       		.byte	0x5
 267 0105 4C       		.byte	0x4c
 268 0106 B8000000 		.4byte	0xb8
 269 010a 03       		.uleb128 0x3
 270 010b 0F020000 		.4byte	.LASF23
 271 010f 05       		.byte	0x5
 272 0110 4D       		.byte	0x4d
 273 0111 AD000000 		.4byte	0xad
 274 0115 03       		.uleb128 0x3
 275 0116 37020000 		.4byte	.LASF24
 276 011a 05       		.byte	0x5
 277 011b 4F       		.byte	0x4f
 278 011c B8000000 		.4byte	0xb8
 279 0120 03       		.uleb128 0x3
 280 0121 51050000 		.4byte	.LASF25
ARM GAS  C:\Users\jo\AppData\Local\Temp\ccbentEF.s 			page 6


 281 0125 06       		.byte	0x6
 282 0126 33       		.byte	0x33
 283 0127 B8000000 		.4byte	0xb8
 284 012b 03       		.uleb128 0x3
 285 012c 41050000 		.4byte	.LASF26
 286 0130 06       		.byte	0x6
 287 0131 3F       		.byte	0x3f
 288 0132 36010000 		.4byte	0x136
 289 0136 06       		.uleb128 0x6
 290 0137 05020000 		.4byte	.LASF45
 291 013b 44       		.byte	0x44
 292 013c 07       		.byte	0x7
 293 013d BE       		.byte	0xbe
 294 013e 23020000 		.4byte	0x223
 295 0142 07       		.uleb128 0x7
 296 0143 76030000 		.4byte	.LASF27
 297 0147 07       		.byte	0x7
 298 0148 BF       		.byte	0xbf
 299 0149 DF050000 		.4byte	0x5df
 300 014d 00       		.byte	0
 301 014e 07       		.uleb128 0x7
 302 014f F5020000 		.4byte	.LASF28
 303 0153 07       		.byte	0x7
 304 0154 C1       		.byte	0xc1
 305 0155 DF050000 		.4byte	0x5df
 306 0159 04       		.byte	0x4
 307 015a 07       		.uleb128 0x7
 308 015b F5000000 		.4byte	.LASF29
 309 015f 07       		.byte	0x7
 310 0160 C3       		.byte	0xc3
 311 0161 FF000000 		.4byte	0xff
 312 0165 08       		.byte	0x8
 313 0166 07       		.uleb128 0x7
 314 0167 1D060000 		.4byte	.LASF30
 315 016b 07       		.byte	0x7
 316 016c C4       		.byte	0xc4
 317 016d 4D040000 		.4byte	0x44d
 318 0171 0C       		.byte	0xc
 319 0172 07       		.uleb128 0x7
 320 0173 4F010000 		.4byte	.LASF31
 321 0177 07       		.byte	0x7
 322 0178 C6       		.byte	0xc6
 323 0179 DF050000 		.4byte	0x5df
 324 017d 10       		.byte	0x10
 325 017e 07       		.uleb128 0x7
 326 017f 95020000 		.4byte	.LASF32
 327 0183 07       		.byte	0x7
 328 0184 C7       		.byte	0xc7
 329 0185 DF050000 		.4byte	0x5df
 330 0189 14       		.byte	0x14
 331 018a 07       		.uleb128 0x7
 332 018b D5050000 		.4byte	.LASF33
 333 018f 07       		.byte	0x7
 334 0190 CE       		.byte	0xce
 335 0191 B4050000 		.4byte	0x5b4
 336 0195 18       		.byte	0x18
 337 0196 07       		.uleb128 0x7
ARM GAS  C:\Users\jo\AppData\Local\Temp\ccbentEF.s 			page 7


 338 0197 4F030000 		.4byte	.LASF34
 339 019b 07       		.byte	0x7
 340 019c D9       		.byte	0xd9
 341 019d E9000000 		.4byte	0xe9
 342 01a1 1C       		.byte	0x1c
 343 01a2 07       		.uleb128 0x7
 344 01a3 96040000 		.4byte	.LASF35
 345 01a7 07       		.byte	0x7
 346 01a8 DD       		.byte	0xdd
 347 01a9 DE000000 		.4byte	0xde
 348 01ad 1D       		.byte	0x1d
 349 01ae 07       		.uleb128 0x7
 350 01af B9050000 		.4byte	.LASF36
 351 01b3 07       		.byte	0x7
 352 01b4 E2       		.byte	0xe2
 353 01b5 F4000000 		.4byte	0xf4
 354 01b9 1E       		.byte	0x1e
 355 01ba 08       		.uleb128 0x8
 356 01bb 705F7500 		.ascii	"p_u\000"
 357 01bf 07       		.byte	0x7
 358 01c0 1401     		.2byte	0x114
 359 01c2 E5050000 		.4byte	0x5e5
 360 01c6 20       		.byte	0x20
 361 01c7 09       		.uleb128 0x9
 362 01c8 5F020000 		.4byte	.LASF37
 363 01cc 07       		.byte	0x7
 364 01cd 1901     		.2byte	0x119
 365 01cf 23020000 		.4byte	0x223
 366 01d3 24       		.byte	0x24
 367 01d4 09       		.uleb128 0x9
 368 01d5 C4010000 		.4byte	.LASF38
 369 01d9 07       		.byte	0x7
 370 01da 1F01     		.2byte	0x11f
 371 01dc 47020000 		.4byte	0x247
 372 01e0 28       		.byte	0x28
 373 01e1 09       		.uleb128 0x9
 374 01e2 F2050000 		.4byte	.LASF39
 375 01e6 07       		.byte	0x7
 376 01e7 2301     		.2byte	0x123
 377 01e9 0A010000 		.4byte	0x10a
 378 01ed 30       		.byte	0x30
 379 01ee 09       		.uleb128 0x9
 380 01ef B6040000 		.4byte	.LASF40
 381 01f3 07       		.byte	0x7
 382 01f4 2901     		.2byte	0x129
 383 01f6 15010000 		.4byte	0x115
 384 01fa 34       		.byte	0x34
 385 01fb 09       		.uleb128 0x9
 386 01fc 3B030000 		.4byte	.LASF41
 387 0200 07       		.byte	0x7
 388 0201 3001     		.2byte	0x130
 389 0203 4E060000 		.4byte	0x64e
 390 0207 38       		.byte	0x38
 391 0208 09       		.uleb128 0x9
 392 0209 5B050000 		.4byte	.LASF42
 393 020d 07       		.byte	0x7
 394 020e 3401     		.2byte	0x134
ARM GAS  C:\Users\jo\AppData\Local\Temp\ccbentEF.s 			page 8


 395 0210 FF000000 		.4byte	0xff
 396 0214 3C       		.byte	0x3c
 397 0215 09       		.uleb128 0x9
 398 0216 16010000 		.4byte	.LASF43
 399 021a 07       		.byte	0x7
 400 021b 3A01     		.2byte	0x13a
 401 021d FA020000 		.4byte	0x2fa
 402 0221 40       		.byte	0x40
 403 0222 00       		.byte	0
 404 0223 03       		.uleb128 0x3
 405 0224 E3050000 		.4byte	.LASF44
 406 0228 06       		.byte	0x6
 407 0229 44       		.byte	0x44
 408 022a 2E020000 		.4byte	0x22e
 409 022e 06       		.uleb128 0x6
 410 022f D2040000 		.4byte	.LASF46
 411 0233 04       		.byte	0x4
 412 0234 07       		.byte	0x7
 413 0235 AC       		.byte	0xac
 414 0236 47020000 		.4byte	0x247
 415 023a 07       		.uleb128 0x7
 416 023b 76030000 		.4byte	.LASF27
 417 023f 07       		.byte	0x7
 418 0240 AD       		.byte	0xad
 419 0241 DF050000 		.4byte	0x5df
 420 0245 00       		.byte	0
 421 0246 00       		.byte	0
 422 0247 03       		.uleb128 0x3
 423 0248 A2050000 		.4byte	.LASF47
 424 024c 06       		.byte	0x6
 425 024d 4B       		.byte	0x4b
 426 024e 52020000 		.4byte	0x252
 427 0252 06       		.uleb128 0x6
 428 0253 E4000000 		.4byte	.LASF48
 429 0257 08       		.byte	0x8
 430 0258 07       		.byte	0x7
 431 0259 B3       		.byte	0xb3
 432 025a 77020000 		.4byte	0x277
 433 025e 07       		.uleb128 0x7
 434 025f 76030000 		.4byte	.LASF27
 435 0263 07       		.byte	0x7
 436 0264 B4       		.byte	0xb4
 437 0265 DF050000 		.4byte	0x5df
 438 0269 00       		.byte	0
 439 026a 07       		.uleb128 0x7
 440 026b F5020000 		.4byte	.LASF28
 441 026f 07       		.byte	0x7
 442 0270 B5       		.byte	0xb5
 443 0271 DF050000 		.4byte	0x5df
 444 0275 04       		.byte	0x4
 445 0276 00       		.byte	0
 446 0277 03       		.uleb128 0x3
 447 0278 13000000 		.4byte	.LASF49
 448 027c 06       		.byte	0x6
 449 027d 52       		.byte	0x52
 450 027e 82020000 		.4byte	0x282
 451 0282 0A       		.uleb128 0xa
ARM GAS  C:\Users\jo\AppData\Local\Temp\ccbentEF.s 			page 9


 452 0283 29020000 		.4byte	.LASF50
 453 0287 1C       		.byte	0x1c
 454 0288 07       		.byte	0x7
 455 0289 7201     		.2byte	0x172
 456 028b DE020000 		.4byte	0x2de
 457 028f 09       		.uleb128 0x9
 458 0290 CA040000 		.4byte	.LASF51
 459 0294 07       		.byte	0x7
 460 0295 7301     		.2byte	0x173
 461 0297 47020000 		.4byte	0x247
 462 029b 00       		.byte	0
 463 029c 09       		.uleb128 0x9
 464 029d 61030000 		.4byte	.LASF52
 465 02a1 07       		.byte	0x7
 466 02a2 7401     		.2byte	0x174
 467 02a4 FF000000 		.4byte	0xff
 468 02a8 08       		.byte	0x8
 469 02a9 09       		.uleb128 0x9
 470 02aa 9D020000 		.4byte	.LASF53
 471 02ae 07       		.byte	0x7
 472 02af 7601     		.2byte	0x176
 473 02b1 4D040000 		.4byte	0x44d
 474 02b5 0C       		.byte	0xc
 475 02b6 09       		.uleb128 0x9
 476 02b7 57010000 		.4byte	.LASF54
 477 02bb 07       		.byte	0x7
 478 02bc 7901     		.2byte	0x179
 479 02be DF050000 		.4byte	0x5df
 480 02c2 10       		.byte	0x10
 481 02c3 09       		.uleb128 0x9
 482 02c4 CA020000 		.4byte	.LASF55
 483 02c8 07       		.byte	0x7
 484 02c9 7A01     		.2byte	0x17a
 485 02cb DF050000 		.4byte	0x5df
 486 02cf 14       		.byte	0x14
 487 02d0 09       		.uleb128 0x9
 488 02d1 C0020000 		.4byte	.LASF56
 489 02d5 07       		.byte	0x7
 490 02d6 7D01     		.2byte	0x17d
 491 02d8 DF050000 		.4byte	0x5df
 492 02dc 18       		.byte	0x18
 493 02dd 00       		.byte	0
 494 02de 03       		.uleb128 0x3
 495 02df 66050000 		.4byte	.LASF57
 496 02e3 06       		.byte	0x6
 497 02e4 57       		.byte	0x57
 498 02e5 E9020000 		.4byte	0x2e9
 499 02e9 0B       		.uleb128 0xb
 500 02ea 04       		.byte	0x4
 501 02eb EF020000 		.4byte	0x2ef
 502 02ef 0C       		.uleb128 0xc
 503 02f0 FA020000 		.4byte	0x2fa
 504 02f4 0D       		.uleb128 0xd
 505 02f5 FA020000 		.4byte	0x2fa
 506 02f9 00       		.byte	0
 507 02fa 0E       		.uleb128 0xe
 508 02fb 04       		.byte	0x4
ARM GAS  C:\Users\jo\AppData\Local\Temp\ccbentEF.s 			page 10


 509 02fc 03       		.uleb128 0x3
 510 02fd E5020000 		.4byte	.LASF58
 511 0301 06       		.byte	0x6
 512 0302 5C       		.byte	0x5c
 513 0303 07030000 		.4byte	0x307
 514 0307 0A       		.uleb128 0xa
 515 0308 A5040000 		.4byte	.LASF59
 516 030c 14       		.byte	0x14
 517 030d 07       		.byte	0x7
 518 030e 4D01     		.2byte	0x14d
 519 0310 56030000 		.4byte	0x356
 520 0314 09       		.uleb128 0x9
 521 0315 B3010000 		.4byte	.LASF60
 522 0319 07       		.byte	0x7
 523 031a 4E01     		.2byte	0x14e
 524 031c 54060000 		.4byte	0x654
 525 0320 00       		.byte	0
 526 0321 09       		.uleb128 0x9
 527 0322 68010000 		.4byte	.LASF61
 528 0326 07       		.byte	0x7
 529 0327 4F01     		.2byte	0x14f
 530 0329 54060000 		.4byte	0x654
 531 032d 04       		.byte	0x4
 532 032e 09       		.uleb128 0x9
 533 032f BB010000 		.4byte	.LASF62
 534 0333 07       		.byte	0x7
 535 0334 5001     		.2byte	0x150
 536 0336 20010000 		.4byte	0x120
 537 033a 08       		.byte	0x8
 538 033b 09       		.uleb128 0x9
 539 033c 23060000 		.4byte	.LASF63
 540 0340 07       		.byte	0x7
 541 0341 5101     		.2byte	0x151
 542 0343 DE020000 		.4byte	0x2de
 543 0347 0C       		.byte	0xc
 544 0348 09       		.uleb128 0x9
 545 0349 9B050000 		.4byte	.LASF64
 546 034d 07       		.byte	0x7
 547 034e 5301     		.2byte	0x153
 548 0350 FA020000 		.4byte	0x2fa
 549 0354 10       		.byte	0x10
 550 0355 00       		.byte	0
 551 0356 03       		.uleb128 0x3
 552 0357 C1000000 		.4byte	.LASF65
 553 035b 06       		.byte	0x6
 554 035c 61       		.byte	0x61
 555 035d 61030000 		.4byte	0x361
 556 0361 0A       		.uleb128 0xa
 557 0362 72020000 		.4byte	.LASF66
 558 0366 10       		.byte	0x10
 559 0367 07       		.byte	0x7
 560 0368 5D01     		.2byte	0x15d
 561 036a A3030000 		.4byte	0x3a3
 562 036e 09       		.uleb128 0x9
 563 036f B3010000 		.4byte	.LASF60
 564 0373 07       		.byte	0x7
 565 0374 5E01     		.2byte	0x15e
ARM GAS  C:\Users\jo\AppData\Local\Temp\ccbentEF.s 			page 11


 566 0376 54060000 		.4byte	0x654
 567 037a 00       		.byte	0
 568 037b 09       		.uleb128 0x9
 569 037c 68010000 		.4byte	.LASF61
 570 0380 07       		.byte	0x7
 571 0381 6001     		.2byte	0x160
 572 0383 54060000 		.4byte	0x654
 573 0387 04       		.byte	0x4
 574 0388 09       		.uleb128 0x9
 575 0389 BB010000 		.4byte	.LASF62
 576 038d 07       		.byte	0x7
 577 038e 6201     		.2byte	0x162
 578 0390 20010000 		.4byte	0x120
 579 0394 08       		.byte	0x8
 580 0395 09       		.uleb128 0x9
 581 0396 89020000 		.4byte	.LASF67
 582 039a 07       		.byte	0x7
 583 039b 6A01     		.2byte	0x16a
 584 039d 20010000 		.4byte	0x120
 585 03a1 0C       		.byte	0xc
 586 03a2 00       		.byte	0
 587 03a3 03       		.uleb128 0x3
 588 03a4 7A000000 		.4byte	.LASF68
 589 03a8 06       		.byte	0x6
 590 03a9 66       		.byte	0x66
 591 03aa AE030000 		.4byte	0x3ae
 592 03ae 0A       		.uleb128 0xa
 593 03af 0A030000 		.4byte	.LASF69
 594 03b3 04       		.byte	0x4
 595 03b4 07       		.byte	0x7
 596 03b5 8401     		.2byte	0x184
 597 03b7 C9030000 		.4byte	0x3c9
 598 03bb 09       		.uleb128 0x9
 599 03bc 7A050000 		.4byte	.LASF70
 600 03c0 07       		.byte	0x7
 601 03c1 8C01     		.2byte	0x18c
 602 03c3 5A060000 		.4byte	0x65a
 603 03c7 00       		.byte	0
 604 03c8 00       		.byte	0
 605 03c9 03       		.uleb128 0x3
 606 03ca 15020000 		.4byte	.LASF71
 607 03ce 06       		.byte	0x6
 608 03cf 6B       		.byte	0x6b
 609 03d0 D4030000 		.4byte	0x3d4
 610 03d4 0F       		.uleb128 0xf
 611 03d5 2C010000 		.4byte	.LASF72
 612 03d9 D801     		.2byte	0x1d8
 613 03db 07       		.byte	0x7
 614 03dc A401     		.2byte	0x1a4
 615 03de 30040000 		.4byte	0x430
 616 03e2 09       		.uleb128 0x9
 617 03e3 C0050000 		.4byte	.LASF73
 618 03e7 07       		.byte	0x7
 619 03e8 A801     		.2byte	0x1a8
 620 03ea 77020000 		.4byte	0x277
 621 03ee 00       		.byte	0
 622 03ef 09       		.uleb128 0x9
ARM GAS  C:\Users\jo\AppData\Local\Temp\ccbentEF.s 			page 12


 623 03f0 70010000 		.4byte	.LASF74
 624 03f4 07       		.byte	0x7
 625 03f5 AC01     		.2byte	0x1ac
 626 03f7 56030000 		.4byte	0x356
 627 03fb 1C       		.byte	0x1c
 628 03fc 08       		.uleb128 0x8
 629 03fd 64626700 		.ascii	"dbg\000"
 630 0401 07       		.byte	0x7
 631 0402 B001     		.2byte	0x1b0
 632 0404 A3030000 		.4byte	0x3a3
 633 0408 2C       		.byte	0x2c
 634 0409 09       		.uleb128 0x9
 635 040a B6000000 		.4byte	.LASF75
 636 040e 07       		.byte	0x7
 637 040f B401     		.2byte	0x1b4
 638 0411 2B010000 		.4byte	0x12b
 639 0415 30       		.byte	0x30
 640 0416 08       		.uleb128 0x8
 641 0417 746D00   		.ascii	"tm\000"
 642 041a 07       		.byte	0x7
 643 041b B901     		.2byte	0x1b9
 644 041d D4050000 		.4byte	0x5d4
 645 0421 74       		.byte	0x74
 646 0422 09       		.uleb128 0x9
 647 0423 97010000 		.4byte	.LASF76
 648 0427 07       		.byte	0x7
 649 0428 C501     		.2byte	0x1c5
 650 042a 5F060000 		.4byte	0x65f
 651 042e 78       		.byte	0x78
 652 042f 00       		.byte	0
 653 0430 04       		.uleb128 0x4
 654 0431 04       		.byte	0x4
 655 0432 07       		.byte	0x7
 656 0433 69020000 		.4byte	.LASF77
 657 0437 03       		.uleb128 0x3
 658 0438 5F010000 		.4byte	.LASF78
 659 043c 08       		.byte	0x8
 660 043d 85       		.byte	0x85
 661 043e FA020000 		.4byte	0x2fa
 662 0442 03       		.uleb128 0x3
 663 0443 54020000 		.4byte	.LASF79
 664 0447 08       		.byte	0x8
 665 0448 8D       		.byte	0x8d
 666 0449 C3000000 		.4byte	0xc3
 667 044d 06       		.uleb128 0x6
 668 044e 8B050000 		.4byte	.LASF80
 669 0452 04       		.byte	0x4
 670 0453 08       		.byte	0x8
 671 0454 A9       		.byte	0xa9
 672 0455 66040000 		.4byte	0x466
 673 0459 10       		.uleb128 0x10
 674 045a 72313300 		.ascii	"r13\000"
 675 045e 08       		.byte	0x8
 676 045f AA       		.byte	0xaa
 677 0460 A7050000 		.4byte	0x5a7
 678 0464 00       		.byte	0
 679 0465 00       		.byte	0
ARM GAS  C:\Users\jo\AppData\Local\Temp\ccbentEF.s 			page 13


 680 0466 06       		.uleb128 0x6
 681 0467 6E000000 		.4byte	.LASF81
 682 046b 64       		.byte	0x64
 683 046c 09       		.byte	0x9
 684 046d F4       		.byte	0xf4
 685 046e A7050000 		.4byte	0x5a7
 686 0472 10       		.uleb128 0x10
 687 0473 73313600 		.ascii	"s16\000"
 688 0477 09       		.byte	0x9
 689 0478 F6       		.byte	0xf6
 690 0479 37040000 		.4byte	0x437
 691 047d 00       		.byte	0
 692 047e 10       		.uleb128 0x10
 693 047f 73313700 		.ascii	"s17\000"
 694 0483 09       		.byte	0x9
 695 0484 F7       		.byte	0xf7
 696 0485 37040000 		.4byte	0x437
 697 0489 04       		.byte	0x4
 698 048a 10       		.uleb128 0x10
 699 048b 73313800 		.ascii	"s18\000"
 700 048f 09       		.byte	0x9
 701 0490 F8       		.byte	0xf8
 702 0491 37040000 		.4byte	0x437
 703 0495 08       		.byte	0x8
 704 0496 10       		.uleb128 0x10
 705 0497 73313900 		.ascii	"s19\000"
 706 049b 09       		.byte	0x9
 707 049c F9       		.byte	0xf9
 708 049d 37040000 		.4byte	0x437
 709 04a1 0C       		.byte	0xc
 710 04a2 10       		.uleb128 0x10
 711 04a3 73323000 		.ascii	"s20\000"
 712 04a7 09       		.byte	0x9
 713 04a8 FA       		.byte	0xfa
 714 04a9 37040000 		.4byte	0x437
 715 04ad 10       		.byte	0x10
 716 04ae 10       		.uleb128 0x10
 717 04af 73323100 		.ascii	"s21\000"
 718 04b3 09       		.byte	0x9
 719 04b4 FB       		.byte	0xfb
 720 04b5 37040000 		.4byte	0x437
 721 04b9 14       		.byte	0x14
 722 04ba 10       		.uleb128 0x10
 723 04bb 73323200 		.ascii	"s22\000"
 724 04bf 09       		.byte	0x9
 725 04c0 FC       		.byte	0xfc
 726 04c1 37040000 		.4byte	0x437
 727 04c5 18       		.byte	0x18
 728 04c6 10       		.uleb128 0x10
 729 04c7 73323300 		.ascii	"s23\000"
 730 04cb 09       		.byte	0x9
 731 04cc FD       		.byte	0xfd
 732 04cd 37040000 		.4byte	0x437
 733 04d1 1C       		.byte	0x1c
 734 04d2 10       		.uleb128 0x10
 735 04d3 73323400 		.ascii	"s24\000"
 736 04d7 09       		.byte	0x9
ARM GAS  C:\Users\jo\AppData\Local\Temp\ccbentEF.s 			page 14


 737 04d8 FE       		.byte	0xfe
 738 04d9 37040000 		.4byte	0x437
 739 04dd 20       		.byte	0x20
 740 04de 10       		.uleb128 0x10
 741 04df 73323500 		.ascii	"s25\000"
 742 04e3 09       		.byte	0x9
 743 04e4 FF       		.byte	0xff
 744 04e5 37040000 		.4byte	0x437
 745 04e9 24       		.byte	0x24
 746 04ea 08       		.uleb128 0x8
 747 04eb 73323600 		.ascii	"s26\000"
 748 04ef 09       		.byte	0x9
 749 04f0 0001     		.2byte	0x100
 750 04f2 37040000 		.4byte	0x437
 751 04f6 28       		.byte	0x28
 752 04f7 08       		.uleb128 0x8
 753 04f8 73323700 		.ascii	"s27\000"
 754 04fc 09       		.byte	0x9
 755 04fd 0101     		.2byte	0x101
 756 04ff 37040000 		.4byte	0x437
 757 0503 2C       		.byte	0x2c
 758 0504 08       		.uleb128 0x8
 759 0505 73323800 		.ascii	"s28\000"
 760 0509 09       		.byte	0x9
 761 050a 0201     		.2byte	0x102
 762 050c 37040000 		.4byte	0x437
 763 0510 30       		.byte	0x30
 764 0511 08       		.uleb128 0x8
 765 0512 73323900 		.ascii	"s29\000"
 766 0516 09       		.byte	0x9
 767 0517 0301     		.2byte	0x103
 768 0519 37040000 		.4byte	0x437
 769 051d 34       		.byte	0x34
 770 051e 08       		.uleb128 0x8
 771 051f 73333000 		.ascii	"s30\000"
 772 0523 09       		.byte	0x9
 773 0524 0401     		.2byte	0x104
 774 0526 37040000 		.4byte	0x437
 775 052a 38       		.byte	0x38
 776 052b 08       		.uleb128 0x8
 777 052c 73333100 		.ascii	"s31\000"
 778 0530 09       		.byte	0x9
 779 0531 0501     		.2byte	0x105
 780 0533 37040000 		.4byte	0x437
 781 0537 3C       		.byte	0x3c
 782 0538 08       		.uleb128 0x8
 783 0539 723400   		.ascii	"r4\000"
 784 053c 09       		.byte	0x9
 785 053d 0701     		.2byte	0x107
 786 053f 37040000 		.4byte	0x437
 787 0543 40       		.byte	0x40
 788 0544 08       		.uleb128 0x8
 789 0545 723500   		.ascii	"r5\000"
 790 0548 09       		.byte	0x9
 791 0549 0801     		.2byte	0x108
 792 054b 37040000 		.4byte	0x437
 793 054f 44       		.byte	0x44
ARM GAS  C:\Users\jo\AppData\Local\Temp\ccbentEF.s 			page 15


 794 0550 08       		.uleb128 0x8
 795 0551 723600   		.ascii	"r6\000"
 796 0554 09       		.byte	0x9
 797 0555 0901     		.2byte	0x109
 798 0557 37040000 		.4byte	0x437
 799 055b 48       		.byte	0x48
 800 055c 08       		.uleb128 0x8
 801 055d 723700   		.ascii	"r7\000"
 802 0560 09       		.byte	0x9
 803 0561 0A01     		.2byte	0x10a
 804 0563 37040000 		.4byte	0x437
 805 0567 4C       		.byte	0x4c
 806 0568 08       		.uleb128 0x8
 807 0569 723800   		.ascii	"r8\000"
 808 056c 09       		.byte	0x9
 809 056d 0B01     		.2byte	0x10b
 810 056f 37040000 		.4byte	0x437
 811 0573 50       		.byte	0x50
 812 0574 08       		.uleb128 0x8
 813 0575 723900   		.ascii	"r9\000"
 814 0578 09       		.byte	0x9
 815 0579 0C01     		.2byte	0x10c
 816 057b 37040000 		.4byte	0x437
 817 057f 54       		.byte	0x54
 818 0580 08       		.uleb128 0x8
 819 0581 72313000 		.ascii	"r10\000"
 820 0585 09       		.byte	0x9
 821 0586 0D01     		.2byte	0x10d
 822 0588 37040000 		.4byte	0x437
 823 058c 58       		.byte	0x58
 824 058d 08       		.uleb128 0x8
 825 058e 72313100 		.ascii	"r11\000"
 826 0592 09       		.byte	0x9
 827 0593 0E01     		.2byte	0x10e
 828 0595 37040000 		.4byte	0x437
 829 0599 5C       		.byte	0x5c
 830 059a 08       		.uleb128 0x8
 831 059b 6C7200   		.ascii	"lr\000"
 832 059e 09       		.byte	0x9
 833 059f 0F01     		.2byte	0x10f
 834 05a1 37040000 		.4byte	0x437
 835 05a5 60       		.byte	0x60
 836 05a6 00       		.byte	0
 837 05a7 0B       		.uleb128 0xb
 838 05a8 04       		.byte	0x4
 839 05a9 66040000 		.4byte	0x466
 840 05ad 04       		.uleb128 0x4
 841 05ae 01       		.byte	0x1
 842 05af 08       		.byte	0x8
 843 05b0 F4040000 		.4byte	.LASF82
 844 05b4 0B       		.uleb128 0xb
 845 05b5 04       		.byte	0x4
 846 05b6 BA050000 		.4byte	0x5ba
 847 05ba 11       		.uleb128 0x11
 848 05bb AD050000 		.4byte	0x5ad
 849 05bf 12       		.uleb128 0x12
 850 05c0 04       		.byte	0x4
ARM GAS  C:\Users\jo\AppData\Local\Temp\ccbentEF.s 			page 16


 851 05c1 0A       		.byte	0xa
 852 05c2 38       		.byte	0x38
 853 05c3 D4050000 		.4byte	0x5d4
 854 05c7 07       		.uleb128 0x7
 855 05c8 84050000 		.4byte	.LASF83
 856 05cc 0A       		.byte	0xa
 857 05cd 3C       		.byte	0x3c
 858 05ce D3000000 		.4byte	0xd3
 859 05d2 00       		.byte	0
 860 05d3 00       		.byte	0
 861 05d4 03       		.uleb128 0x3
 862 05d5 A3020000 		.4byte	.LASF84
 863 05d9 0A       		.byte	0xa
 864 05da 3D       		.byte	0x3d
 865 05db BF050000 		.4byte	0x5bf
 866 05df 0B       		.uleb128 0xb
 867 05e0 04       		.byte	0x4
 868 05e1 2B010000 		.4byte	0x12b
 869 05e5 13       		.uleb128 0x13
 870 05e6 04       		.byte	0x4
 871 05e7 07       		.byte	0x7
 872 05e8 F6       		.byte	0xf6
 873 05e9 1D060000 		.4byte	0x61d
 874 05ed 14       		.uleb128 0x14
 875 05ee B2050000 		.4byte	.LASF85
 876 05f2 07       		.byte	0x7
 877 05f3 FD       		.byte	0xfd
 878 05f4 0A010000 		.4byte	0x10a
 879 05f8 15       		.uleb128 0x15
 880 05f9 AD000000 		.4byte	.LASF86
 881 05fd 07       		.byte	0x7
 882 05fe 0401     		.2byte	0x104
 883 0600 0A010000 		.4byte	0x10a
 884 0604 15       		.uleb128 0x15
 885 0605 CE050000 		.4byte	.LASF87
 886 0609 07       		.byte	0x7
 887 060a 0B01     		.2byte	0x10b
 888 060c FA020000 		.4byte	0x2fa
 889 0610 15       		.uleb128 0x15
 890 0611 6F030000 		.4byte	.LASF88
 891 0615 07       		.byte	0x7
 892 0616 1201     		.2byte	0x112
 893 0618 15010000 		.4byte	0x115
 894 061c 00       		.byte	0
 895 061d 06       		.uleb128 0x6
 896 061e 04030000 		.4byte	.LASF89
 897 0622 10       		.byte	0x10
 898 0623 0B       		.byte	0xb
 899 0624 39       		.byte	0x39
 900 0625 4E060000 		.4byte	0x64e
 901 0629 07       		.uleb128 0x7
 902 062a 1E010000 		.4byte	.LASF90
 903 062e 0B       		.byte	0xb
 904 062f 3A       		.byte	0x3a
 905 0630 47020000 		.4byte	0x247
 906 0634 00       		.byte	0
 907 0635 07       		.uleb128 0x7
ARM GAS  C:\Users\jo\AppData\Local\Temp\ccbentEF.s 			page 17


 908 0636 02060000 		.4byte	.LASF91
 909 063a 0B       		.byte	0xb
 910 063b 3C       		.byte	0x3c
 911 063c DF050000 		.4byte	0x5df
 912 0640 08       		.byte	0x8
 913 0641 07       		.uleb128 0x7
 914 0642 4A050000 		.4byte	.LASF92
 915 0646 0B       		.byte	0xb
 916 0647 3E       		.byte	0x3e
 917 0648 7A060000 		.4byte	0x67a
 918 064c 0C       		.byte	0xc
 919 064d 00       		.byte	0
 920 064e 0B       		.uleb128 0xb
 921 064f 04       		.byte	0x4
 922 0650 1D060000 		.4byte	0x61d
 923 0654 0B       		.uleb128 0xb
 924 0655 04       		.byte	0x4
 925 0656 FC020000 		.4byte	0x2fc
 926 065a 05       		.uleb128 0x5
 927 065b B4050000 		.4byte	0x5b4
 928 065f 16       		.uleb128 0x16
 929 0660 42040000 		.4byte	0x442
 930 0664 6F060000 		.4byte	0x66f
 931 0668 17       		.uleb128 0x17
 932 0669 30040000 		.4byte	0x430
 933 066d 2B       		.byte	0x2b
 934 066e 00       		.byte	0
 935 066f 03       		.uleb128 0x3
 936 0670 88010000 		.4byte	.LASF93
 937 0674 0B       		.byte	0xb
 938 0675 34       		.byte	0x34
 939 0676 1D060000 		.4byte	0x61d
 940 067a 0B       		.uleb128 0xb
 941 067b 04       		.byte	0x4
 942 067c 6F060000 		.4byte	0x66f
 943 0680 04       		.uleb128 0x4
 944 0681 01       		.byte	0x1
 945 0682 02       		.byte	0x2
 946 0683 1A030000 		.4byte	.LASF94
 947 0687 12       		.uleb128 0x12
 948 0688 1C       		.byte	0x1c
 949 0689 0C       		.byte	0xc
 950 068a C1       		.byte	0xc1
 951 068b E4060000 		.4byte	0x6e4
 952 068f 07       		.uleb128 0x7
 953 0690 26010000 		.4byte	.LASF95
 954 0694 0C       		.byte	0xc
 955 0695 C3       		.byte	0xc3
 956 0696 B8000000 		.4byte	0xb8
 957 069a 00       		.byte	0
 958 069b 07       		.uleb128 0x7
 959 069c D7010000 		.4byte	.LASF96
 960 06a0 0C       		.byte	0xc
 961 06a1 C5       		.byte	0xc5
 962 06a2 B8000000 		.4byte	0xb8
 963 06a6 04       		.byte	0x4
 964 06a7 07       		.uleb128 0x7
ARM GAS  C:\Users\jo\AppData\Local\Temp\ccbentEF.s 			page 18


 965 06a8 CF010000 		.4byte	.LASF97
 966 06ac 0C       		.byte	0xc
 967 06ad C7       		.byte	0xc7
 968 06ae B8000000 		.4byte	0xb8
 969 06b2 08       		.byte	0x8
 970 06b3 07       		.uleb128 0x7
 971 06b4 A7000000 		.4byte	.LASF98
 972 06b8 0C       		.byte	0xc
 973 06b9 C9       		.byte	0xc9
 974 06ba B8000000 		.4byte	0xb8
 975 06be 0C       		.byte	0xc
 976 06bf 10       		.uleb128 0x10
 977 06c0 6F647200 		.ascii	"odr\000"
 978 06c4 0C       		.byte	0xc
 979 06c5 CB       		.byte	0xcb
 980 06c6 B8000000 		.4byte	0xb8
 981 06ca 10       		.byte	0x10
 982 06cb 07       		.uleb128 0x7
 983 06cc 36030000 		.4byte	.LASF99
 984 06d0 0C       		.byte	0xc
 985 06d1 CD       		.byte	0xcd
 986 06d2 B8000000 		.4byte	0xb8
 987 06d6 14       		.byte	0x14
 988 06d7 07       		.uleb128 0x7
 989 06d8 B4020000 		.4byte	.LASF100
 990 06dc 0C       		.byte	0xc
 991 06dd CF       		.byte	0xcf
 992 06de B8000000 		.4byte	0xb8
 993 06e2 18       		.byte	0x18
 994 06e3 00       		.byte	0
 995 06e4 03       		.uleb128 0x3
 996 06e5 00000000 		.4byte	.LASF101
 997 06e9 0C       		.byte	0xc
 998 06ea D0       		.byte	0xd0
 999 06eb 87060000 		.4byte	0x687
 1000 06ef 12       		.uleb128 0x12
 1001 06f0 FC       		.byte	0xfc
 1002 06f1 0C       		.byte	0xc
 1003 06f2 D9       		.byte	0xd9
 1004 06f3 64070000 		.4byte	0x764
 1005 06f7 07       		.uleb128 0x7
 1006 06f8 68030000 		.4byte	.LASF102
 1007 06fc 0C       		.byte	0xc
 1008 06fd DC       		.byte	0xdc
 1009 06fe E4060000 		.4byte	0x6e4
 1010 0702 00       		.byte	0
 1011 0703 07       		.uleb128 0x7
 1012 0704 90010000 		.4byte	.LASF103
 1013 0708 0C       		.byte	0xc
 1014 0709 E0       		.byte	0xe0
 1015 070a E4060000 		.4byte	0x6e4
 1016 070e 1C       		.byte	0x1c
 1017 070f 07       		.uleb128 0x7
 1018 0710 DC050000 		.4byte	.LASF104
 1019 0714 0C       		.byte	0xc
 1020 0715 E4       		.byte	0xe4
 1021 0716 E4060000 		.4byte	0x6e4
ARM GAS  C:\Users\jo\AppData\Local\Temp\ccbentEF.s 			page 19


 1022 071a 38       		.byte	0x38
 1023 071b 07       		.uleb128 0x7
 1024 071c B9020000 		.4byte	.LASF105
 1025 0720 0C       		.byte	0xc
 1026 0721 E8       		.byte	0xe8
 1027 0722 E4060000 		.4byte	0x6e4
 1028 0726 54       		.byte	0x54
 1029 0727 07       		.uleb128 0x7
 1030 0728 3F010000 		.4byte	.LASF106
 1031 072c 0C       		.byte	0xc
 1032 072d EC       		.byte	0xec
 1033 072e E4060000 		.4byte	0x6e4
 1034 0732 70       		.byte	0x70
 1035 0733 07       		.uleb128 0x7
 1036 0734 FE010000 		.4byte	.LASF107
 1037 0738 0C       		.byte	0xc
 1038 0739 F0       		.byte	0xf0
 1039 073a E4060000 		.4byte	0x6e4
 1040 073e 8C       		.byte	0x8c
 1041 073f 07       		.uleb128 0x7
 1042 0740 4D020000 		.4byte	.LASF108
 1043 0744 0C       		.byte	0xc
 1044 0745 F4       		.byte	0xf4
 1045 0746 E4060000 		.4byte	0x6e4
 1046 074a A8       		.byte	0xa8
 1047 074b 07       		.uleb128 0x7
 1048 074c 89000000 		.4byte	.LASF109
 1049 0750 0C       		.byte	0xc
 1050 0751 F8       		.byte	0xf8
 1051 0752 E4060000 		.4byte	0x6e4
 1052 0756 C4       		.byte	0xc4
 1053 0757 07       		.uleb128 0x7
 1054 0758 9E040000 		.4byte	.LASF110
 1055 075c 0C       		.byte	0xc
 1056 075d FC       		.byte	0xfc
 1057 075e E4060000 		.4byte	0x6e4
 1058 0762 E0       		.byte	0xe0
 1059 0763 00       		.byte	0
 1060 0764 03       		.uleb128 0x3
 1061 0765 F8050000 		.4byte	.LASF111
 1062 0769 0C       		.byte	0xc
 1063 076a FE       		.byte	0xfe
 1064 076b EF060000 		.4byte	0x6ef
 1065 076f 18       		.uleb128 0x18
 1066 0770 DE010000 		.4byte	.LASF117
 1067 0774 01       		.byte	0x1
 1068 0775 46       		.byte	0x46
 1069 0776 00000000 		.4byte	.LFB255
 1070 077a 04000000 		.4byte	.LFE255-.LFB255
 1071 077e 01       		.uleb128 0x1
 1072 077f 9C       		.byte	0x9c
 1073 0780 8E070000 		.4byte	0x78e
 1074 0784 19       		.uleb128 0x19
 1075 0785 04000000 		.4byte	.LVL0
 1076 0789 CC070000 		.4byte	0x7cc
 1077 078d 00       		.byte	0
 1078 078e 1A       		.uleb128 0x1a
ARM GAS  C:\Users\jo\AppData\Local\Temp\ccbentEF.s 			page 20


 1079 078f 57030000 		.4byte	.LASF118
 1080 0793 01       		.byte	0x1
 1081 0794 7B       		.byte	0x7b
 1082 0795 00000000 		.4byte	.LFB256
 1083 0799 02000000 		.4byte	.LFE256-.LFB256
 1084 079d 01       		.uleb128 0x1
 1085 079e 9C       		.byte	0x9c
 1086 079f 1B       		.uleb128 0x1b
 1087 07a0 D7000000 		.4byte	.LASF112
 1088 07a4 0D       		.byte	0xd
 1089 07a5 A706     		.2byte	0x6a7
 1090 07a7 CE000000 		.4byte	0xce
 1091 07ab 1C       		.uleb128 0x1c
 1092 07ac 636800   		.ascii	"ch\000"
 1093 07af 07       		.byte	0x7
 1094 07b0 EB01     		.2byte	0x1eb
 1095 07b2 C9030000 		.4byte	0x3c9
 1096 07b6 1D       		.uleb128 0x1d
 1097 07b7 0A060000 		.4byte	.LASF113
 1098 07bb 01       		.byte	0x1
 1099 07bc 19       		.byte	0x19
 1100 07bd C7070000 		.4byte	0x7c7
 1101 07c1 05       		.uleb128 0x5
 1102 07c2 03       		.byte	0x3
 1103 07c3 00000000 		.4byte	pal_default_config
 1104 07c7 11       		.uleb128 0x11
 1105 07c8 64070000 		.4byte	0x764
 1106 07cc 1E       		.uleb128 0x1e
 1107 07cd 77010000 		.4byte	.LASF119
 1108 07d1 0E       		.byte	0xe
 1109 07d2 C905     		.2byte	0x5c9
 1110 07d4 00       		.byte	0
 1111              		.section	.debug_abbrev,"",%progbits
 1112              	.Ldebug_abbrev0:
 1113 0000 01       		.uleb128 0x1
 1114 0001 11       		.uleb128 0x11
 1115 0002 01       		.byte	0x1
 1116 0003 25       		.uleb128 0x25
 1117 0004 0E       		.uleb128 0xe
 1118 0005 13       		.uleb128 0x13
 1119 0006 0B       		.uleb128 0xb
 1120 0007 03       		.uleb128 0x3
 1121 0008 0E       		.uleb128 0xe
 1122 0009 1B       		.uleb128 0x1b
 1123 000a 0E       		.uleb128 0xe
 1124 000b 55       		.uleb128 0x55
 1125 000c 17       		.uleb128 0x17
 1126 000d 11       		.uleb128 0x11
 1127 000e 01       		.uleb128 0x1
 1128 000f 10       		.uleb128 0x10
 1129 0010 17       		.uleb128 0x17
 1130 0011 00       		.byte	0
 1131 0012 00       		.byte	0
 1132 0013 02       		.uleb128 0x2
 1133 0014 24       		.uleb128 0x24
 1134 0015 00       		.byte	0
 1135 0016 0B       		.uleb128 0xb
ARM GAS  C:\Users\jo\AppData\Local\Temp\ccbentEF.s 			page 21


 1136 0017 0B       		.uleb128 0xb
 1137 0018 3E       		.uleb128 0x3e
 1138 0019 0B       		.uleb128 0xb
 1139 001a 03       		.uleb128 0x3
 1140 001b 08       		.uleb128 0x8
 1141 001c 00       		.byte	0
 1142 001d 00       		.byte	0
 1143 001e 03       		.uleb128 0x3
 1144 001f 16       		.uleb128 0x16
 1145 0020 00       		.byte	0
 1146 0021 03       		.uleb128 0x3
 1147 0022 0E       		.uleb128 0xe
 1148 0023 3A       		.uleb128 0x3a
 1149 0024 0B       		.uleb128 0xb
 1150 0025 3B       		.uleb128 0x3b
 1151 0026 0B       		.uleb128 0xb
 1152 0027 49       		.uleb128 0x49
 1153 0028 13       		.uleb128 0x13
 1154 0029 00       		.byte	0
 1155 002a 00       		.byte	0
 1156 002b 04       		.uleb128 0x4
 1157 002c 24       		.uleb128 0x24
 1158 002d 00       		.byte	0
 1159 002e 0B       		.uleb128 0xb
 1160 002f 0B       		.uleb128 0xb
 1161 0030 3E       		.uleb128 0x3e
 1162 0031 0B       		.uleb128 0xb
 1163 0032 03       		.uleb128 0x3
 1164 0033 0E       		.uleb128 0xe
 1165 0034 00       		.byte	0
 1166 0035 00       		.byte	0
 1167 0036 05       		.uleb128 0x5
 1168 0037 35       		.uleb128 0x35
 1169 0038 00       		.byte	0
 1170 0039 49       		.uleb128 0x49
 1171 003a 13       		.uleb128 0x13
 1172 003b 00       		.byte	0
 1173 003c 00       		.byte	0
 1174 003d 06       		.uleb128 0x6
 1175 003e 13       		.uleb128 0x13
 1176 003f 01       		.byte	0x1
 1177 0040 03       		.uleb128 0x3
 1178 0041 0E       		.uleb128 0xe
 1179 0042 0B       		.uleb128 0xb
 1180 0043 0B       		.uleb128 0xb
 1181 0044 3A       		.uleb128 0x3a
 1182 0045 0B       		.uleb128 0xb
 1183 0046 3B       		.uleb128 0x3b
 1184 0047 0B       		.uleb128 0xb
 1185 0048 01       		.uleb128 0x1
 1186 0049 13       		.uleb128 0x13
 1187 004a 00       		.byte	0
 1188 004b 00       		.byte	0
 1189 004c 07       		.uleb128 0x7
 1190 004d 0D       		.uleb128 0xd
 1191 004e 00       		.byte	0
 1192 004f 03       		.uleb128 0x3
ARM GAS  C:\Users\jo\AppData\Local\Temp\ccbentEF.s 			page 22


 1193 0050 0E       		.uleb128 0xe
 1194 0051 3A       		.uleb128 0x3a
 1195 0052 0B       		.uleb128 0xb
 1196 0053 3B       		.uleb128 0x3b
 1197 0054 0B       		.uleb128 0xb
 1198 0055 49       		.uleb128 0x49
 1199 0056 13       		.uleb128 0x13
 1200 0057 38       		.uleb128 0x38
 1201 0058 0B       		.uleb128 0xb
 1202 0059 00       		.byte	0
 1203 005a 00       		.byte	0
 1204 005b 08       		.uleb128 0x8
 1205 005c 0D       		.uleb128 0xd
 1206 005d 00       		.byte	0
 1207 005e 03       		.uleb128 0x3
 1208 005f 08       		.uleb128 0x8
 1209 0060 3A       		.uleb128 0x3a
 1210 0061 0B       		.uleb128 0xb
 1211 0062 3B       		.uleb128 0x3b
 1212 0063 05       		.uleb128 0x5
 1213 0064 49       		.uleb128 0x49
 1214 0065 13       		.uleb128 0x13
 1215 0066 38       		.uleb128 0x38
 1216 0067 0B       		.uleb128 0xb
 1217 0068 00       		.byte	0
 1218 0069 00       		.byte	0
 1219 006a 09       		.uleb128 0x9
 1220 006b 0D       		.uleb128 0xd
 1221 006c 00       		.byte	0
 1222 006d 03       		.uleb128 0x3
 1223 006e 0E       		.uleb128 0xe
 1224 006f 3A       		.uleb128 0x3a
 1225 0070 0B       		.uleb128 0xb
 1226 0071 3B       		.uleb128 0x3b
 1227 0072 05       		.uleb128 0x5
 1228 0073 49       		.uleb128 0x49
 1229 0074 13       		.uleb128 0x13
 1230 0075 38       		.uleb128 0x38
 1231 0076 0B       		.uleb128 0xb
 1232 0077 00       		.byte	0
 1233 0078 00       		.byte	0
 1234 0079 0A       		.uleb128 0xa
 1235 007a 13       		.uleb128 0x13
 1236 007b 01       		.byte	0x1
 1237 007c 03       		.uleb128 0x3
 1238 007d 0E       		.uleb128 0xe
 1239 007e 0B       		.uleb128 0xb
 1240 007f 0B       		.uleb128 0xb
 1241 0080 3A       		.uleb128 0x3a
 1242 0081 0B       		.uleb128 0xb
 1243 0082 3B       		.uleb128 0x3b
 1244 0083 05       		.uleb128 0x5
 1245 0084 01       		.uleb128 0x1
 1246 0085 13       		.uleb128 0x13
 1247 0086 00       		.byte	0
 1248 0087 00       		.byte	0
 1249 0088 0B       		.uleb128 0xb
ARM GAS  C:\Users\jo\AppData\Local\Temp\ccbentEF.s 			page 23


 1250 0089 0F       		.uleb128 0xf
 1251 008a 00       		.byte	0
 1252 008b 0B       		.uleb128 0xb
 1253 008c 0B       		.uleb128 0xb
 1254 008d 49       		.uleb128 0x49
 1255 008e 13       		.uleb128 0x13
 1256 008f 00       		.byte	0
 1257 0090 00       		.byte	0
 1258 0091 0C       		.uleb128 0xc
 1259 0092 15       		.uleb128 0x15
 1260 0093 01       		.byte	0x1
 1261 0094 27       		.uleb128 0x27
 1262 0095 19       		.uleb128 0x19
 1263 0096 01       		.uleb128 0x1
 1264 0097 13       		.uleb128 0x13
 1265 0098 00       		.byte	0
 1266 0099 00       		.byte	0
 1267 009a 0D       		.uleb128 0xd
 1268 009b 05       		.uleb128 0x5
 1269 009c 00       		.byte	0
 1270 009d 49       		.uleb128 0x49
 1271 009e 13       		.uleb128 0x13
 1272 009f 00       		.byte	0
 1273 00a0 00       		.byte	0
 1274 00a1 0E       		.uleb128 0xe
 1275 00a2 0F       		.uleb128 0xf
 1276 00a3 00       		.byte	0
 1277 00a4 0B       		.uleb128 0xb
 1278 00a5 0B       		.uleb128 0xb
 1279 00a6 00       		.byte	0
 1280 00a7 00       		.byte	0
 1281 00a8 0F       		.uleb128 0xf
 1282 00a9 13       		.uleb128 0x13
 1283 00aa 01       		.byte	0x1
 1284 00ab 03       		.uleb128 0x3
 1285 00ac 0E       		.uleb128 0xe
 1286 00ad 0B       		.uleb128 0xb
 1287 00ae 05       		.uleb128 0x5
 1288 00af 3A       		.uleb128 0x3a
 1289 00b0 0B       		.uleb128 0xb
 1290 00b1 3B       		.uleb128 0x3b
 1291 00b2 05       		.uleb128 0x5
 1292 00b3 01       		.uleb128 0x1
 1293 00b4 13       		.uleb128 0x13
 1294 00b5 00       		.byte	0
 1295 00b6 00       		.byte	0
 1296 00b7 10       		.uleb128 0x10
 1297 00b8 0D       		.uleb128 0xd
 1298 00b9 00       		.byte	0
 1299 00ba 03       		.uleb128 0x3
 1300 00bb 08       		.uleb128 0x8
 1301 00bc 3A       		.uleb128 0x3a
 1302 00bd 0B       		.uleb128 0xb
 1303 00be 3B       		.uleb128 0x3b
 1304 00bf 0B       		.uleb128 0xb
 1305 00c0 49       		.uleb128 0x49
 1306 00c1 13       		.uleb128 0x13
ARM GAS  C:\Users\jo\AppData\Local\Temp\ccbentEF.s 			page 24


 1307 00c2 38       		.uleb128 0x38
 1308 00c3 0B       		.uleb128 0xb
 1309 00c4 00       		.byte	0
 1310 00c5 00       		.byte	0
 1311 00c6 11       		.uleb128 0x11
 1312 00c7 26       		.uleb128 0x26
 1313 00c8 00       		.byte	0
 1314 00c9 49       		.uleb128 0x49
 1315 00ca 13       		.uleb128 0x13
 1316 00cb 00       		.byte	0
 1317 00cc 00       		.byte	0
 1318 00cd 12       		.uleb128 0x12
 1319 00ce 13       		.uleb128 0x13
 1320 00cf 01       		.byte	0x1
 1321 00d0 0B       		.uleb128 0xb
 1322 00d1 0B       		.uleb128 0xb
 1323 00d2 3A       		.uleb128 0x3a
 1324 00d3 0B       		.uleb128 0xb
 1325 00d4 3B       		.uleb128 0x3b
 1326 00d5 0B       		.uleb128 0xb
 1327 00d6 01       		.uleb128 0x1
 1328 00d7 13       		.uleb128 0x13
 1329 00d8 00       		.byte	0
 1330 00d9 00       		.byte	0
 1331 00da 13       		.uleb128 0x13
 1332 00db 17       		.uleb128 0x17
 1333 00dc 01       		.byte	0x1
 1334 00dd 0B       		.uleb128 0xb
 1335 00de 0B       		.uleb128 0xb
 1336 00df 3A       		.uleb128 0x3a
 1337 00e0 0B       		.uleb128 0xb
 1338 00e1 3B       		.uleb128 0x3b
 1339 00e2 0B       		.uleb128 0xb
 1340 00e3 01       		.uleb128 0x1
 1341 00e4 13       		.uleb128 0x13
 1342 00e5 00       		.byte	0
 1343 00e6 00       		.byte	0
 1344 00e7 14       		.uleb128 0x14
 1345 00e8 0D       		.uleb128 0xd
 1346 00e9 00       		.byte	0
 1347 00ea 03       		.uleb128 0x3
 1348 00eb 0E       		.uleb128 0xe
 1349 00ec 3A       		.uleb128 0x3a
 1350 00ed 0B       		.uleb128 0xb
 1351 00ee 3B       		.uleb128 0x3b
 1352 00ef 0B       		.uleb128 0xb
 1353 00f0 49       		.uleb128 0x49
 1354 00f1 13       		.uleb128 0x13
 1355 00f2 00       		.byte	0
 1356 00f3 00       		.byte	0
 1357 00f4 15       		.uleb128 0x15
 1358 00f5 0D       		.uleb128 0xd
 1359 00f6 00       		.byte	0
 1360 00f7 03       		.uleb128 0x3
 1361 00f8 0E       		.uleb128 0xe
 1362 00f9 3A       		.uleb128 0x3a
 1363 00fa 0B       		.uleb128 0xb
ARM GAS  C:\Users\jo\AppData\Local\Temp\ccbentEF.s 			page 25


 1364 00fb 3B       		.uleb128 0x3b
 1365 00fc 05       		.uleb128 0x5
 1366 00fd 49       		.uleb128 0x49
 1367 00fe 13       		.uleb128 0x13
 1368 00ff 00       		.byte	0
 1369 0100 00       		.byte	0
 1370 0101 16       		.uleb128 0x16
 1371 0102 01       		.uleb128 0x1
 1372 0103 01       		.byte	0x1
 1373 0104 49       		.uleb128 0x49
 1374 0105 13       		.uleb128 0x13
 1375 0106 01       		.uleb128 0x1
 1376 0107 13       		.uleb128 0x13
 1377 0108 00       		.byte	0
 1378 0109 00       		.byte	0
 1379 010a 17       		.uleb128 0x17
 1380 010b 21       		.uleb128 0x21
 1381 010c 00       		.byte	0
 1382 010d 49       		.uleb128 0x49
 1383 010e 13       		.uleb128 0x13
 1384 010f 2F       		.uleb128 0x2f
 1385 0110 0B       		.uleb128 0xb
 1386 0111 00       		.byte	0
 1387 0112 00       		.byte	0
 1388 0113 18       		.uleb128 0x18
 1389 0114 2E       		.uleb128 0x2e
 1390 0115 01       		.byte	0x1
 1391 0116 3F       		.uleb128 0x3f
 1392 0117 19       		.uleb128 0x19
 1393 0118 03       		.uleb128 0x3
 1394 0119 0E       		.uleb128 0xe
 1395 011a 3A       		.uleb128 0x3a
 1396 011b 0B       		.uleb128 0xb
 1397 011c 3B       		.uleb128 0x3b
 1398 011d 0B       		.uleb128 0xb
 1399 011e 27       		.uleb128 0x27
 1400 011f 19       		.uleb128 0x19
 1401 0120 11       		.uleb128 0x11
 1402 0121 01       		.uleb128 0x1
 1403 0122 12       		.uleb128 0x12
 1404 0123 06       		.uleb128 0x6
 1405 0124 40       		.uleb128 0x40
 1406 0125 18       		.uleb128 0x18
 1407 0126 9742     		.uleb128 0x2117
 1408 0128 19       		.uleb128 0x19
 1409 0129 01       		.uleb128 0x1
 1410 012a 13       		.uleb128 0x13
 1411 012b 00       		.byte	0
 1412 012c 00       		.byte	0
 1413 012d 19       		.uleb128 0x19
 1414 012e 898201   		.uleb128 0x4109
 1415 0131 00       		.byte	0
 1416 0132 11       		.uleb128 0x11
 1417 0133 01       		.uleb128 0x1
 1418 0134 9542     		.uleb128 0x2115
 1419 0136 19       		.uleb128 0x19
 1420 0137 31       		.uleb128 0x31
ARM GAS  C:\Users\jo\AppData\Local\Temp\ccbentEF.s 			page 26


 1421 0138 13       		.uleb128 0x13
 1422 0139 00       		.byte	0
 1423 013a 00       		.byte	0
 1424 013b 1A       		.uleb128 0x1a
 1425 013c 2E       		.uleb128 0x2e
 1426 013d 00       		.byte	0
 1427 013e 3F       		.uleb128 0x3f
 1428 013f 19       		.uleb128 0x19
 1429 0140 03       		.uleb128 0x3
 1430 0141 0E       		.uleb128 0xe
 1431 0142 3A       		.uleb128 0x3a
 1432 0143 0B       		.uleb128 0xb
 1433 0144 3B       		.uleb128 0x3b
 1434 0145 0B       		.uleb128 0xb
 1435 0146 27       		.uleb128 0x27
 1436 0147 19       		.uleb128 0x19
 1437 0148 11       		.uleb128 0x11
 1438 0149 01       		.uleb128 0x1
 1439 014a 12       		.uleb128 0x12
 1440 014b 06       		.uleb128 0x6
 1441 014c 40       		.uleb128 0x40
 1442 014d 18       		.uleb128 0x18
 1443 014e 9742     		.uleb128 0x2117
 1444 0150 19       		.uleb128 0x19
 1445 0151 00       		.byte	0
 1446 0152 00       		.byte	0
 1447 0153 1B       		.uleb128 0x1b
 1448 0154 34       		.uleb128 0x34
 1449 0155 00       		.byte	0
 1450 0156 03       		.uleb128 0x3
 1451 0157 0E       		.uleb128 0xe
 1452 0158 3A       		.uleb128 0x3a
 1453 0159 0B       		.uleb128 0xb
 1454 015a 3B       		.uleb128 0x3b
 1455 015b 05       		.uleb128 0x5
 1456 015c 49       		.uleb128 0x49
 1457 015d 13       		.uleb128 0x13
 1458 015e 3F       		.uleb128 0x3f
 1459 015f 19       		.uleb128 0x19
 1460 0160 3C       		.uleb128 0x3c
 1461 0161 19       		.uleb128 0x19
 1462 0162 00       		.byte	0
 1463 0163 00       		.byte	0
 1464 0164 1C       		.uleb128 0x1c
 1465 0165 34       		.uleb128 0x34
 1466 0166 00       		.byte	0
 1467 0167 03       		.uleb128 0x3
 1468 0168 08       		.uleb128 0x8
 1469 0169 3A       		.uleb128 0x3a
 1470 016a 0B       		.uleb128 0xb
 1471 016b 3B       		.uleb128 0x3b
 1472 016c 05       		.uleb128 0x5
 1473 016d 49       		.uleb128 0x49
 1474 016e 13       		.uleb128 0x13
 1475 016f 3F       		.uleb128 0x3f
 1476 0170 19       		.uleb128 0x19
 1477 0171 3C       		.uleb128 0x3c
ARM GAS  C:\Users\jo\AppData\Local\Temp\ccbentEF.s 			page 27


 1478 0172 19       		.uleb128 0x19
 1479 0173 00       		.byte	0
 1480 0174 00       		.byte	0
 1481 0175 1D       		.uleb128 0x1d
 1482 0176 34       		.uleb128 0x34
 1483 0177 00       		.byte	0
 1484 0178 03       		.uleb128 0x3
 1485 0179 0E       		.uleb128 0xe
 1486 017a 3A       		.uleb128 0x3a
 1487 017b 0B       		.uleb128 0xb
 1488 017c 3B       		.uleb128 0x3b
 1489 017d 0B       		.uleb128 0xb
 1490 017e 49       		.uleb128 0x49
 1491 017f 13       		.uleb128 0x13
 1492 0180 3F       		.uleb128 0x3f
 1493 0181 19       		.uleb128 0x19
 1494 0182 02       		.uleb128 0x2
 1495 0183 18       		.uleb128 0x18
 1496 0184 00       		.byte	0
 1497 0185 00       		.byte	0
 1498 0186 1E       		.uleb128 0x1e
 1499 0187 2E       		.uleb128 0x2e
 1500 0188 00       		.byte	0
 1501 0189 3F       		.uleb128 0x3f
 1502 018a 19       		.uleb128 0x19
 1503 018b 03       		.uleb128 0x3
 1504 018c 0E       		.uleb128 0xe
 1505 018d 3A       		.uleb128 0x3a
 1506 018e 0B       		.uleb128 0xb
 1507 018f 3B       		.uleb128 0x3b
 1508 0190 05       		.uleb128 0x5
 1509 0191 27       		.uleb128 0x27
 1510 0192 19       		.uleb128 0x19
 1511 0193 3C       		.uleb128 0x3c
 1512 0194 19       		.uleb128 0x19
 1513 0195 00       		.byte	0
 1514 0196 00       		.byte	0
 1515 0197 00       		.byte	0
 1516              		.section	.debug_aranges,"",%progbits
 1517 0000 24000000 		.4byte	0x24
 1518 0004 0200     		.2byte	0x2
 1519 0006 00000000 		.4byte	.Ldebug_info0
 1520 000a 04       		.byte	0x4
 1521 000b 00       		.byte	0
 1522 000c 0000     		.2byte	0
 1523 000e 0000     		.2byte	0
 1524 0010 00000000 		.4byte	.LFB255
 1525 0014 04000000 		.4byte	.LFE255-.LFB255
 1526 0018 00000000 		.4byte	.LFB256
 1527 001c 02000000 		.4byte	.LFE256-.LFB256
 1528 0020 00000000 		.4byte	0
 1529 0024 00000000 		.4byte	0
 1530              		.section	.debug_ranges,"",%progbits
 1531              	.Ldebug_ranges0:
 1532 0000 00000000 		.4byte	.LFB255
 1533 0004 04000000 		.4byte	.LFE255
 1534 0008 00000000 		.4byte	.LFB256
ARM GAS  C:\Users\jo\AppData\Local\Temp\ccbentEF.s 			page 28


 1535 000c 02000000 		.4byte	.LFE256
 1536 0010 00000000 		.4byte	0
 1537 0014 00000000 		.4byte	0
 1538              		.section	.debug_line,"",%progbits
 1539              	.Ldebug_line0:
 1540 0000 D8020000 		.section	.debug_str,"MS",%progbits,1
 1540      0200B102 
 1540      00000201 
 1540      FB0E0D00 
 1540      01010101 
 1541              	.LASF101:
 1542 0000 73746D33 		.ascii	"stm32_gpio_setup_t\000"
 1542      325F6770 
 1542      696F5F73 
 1542      65747570 
 1542      5F7400
 1543              	.LASF49:
 1544 0013 72656164 		.ascii	"ready_list_t\000"
 1544      795F6C69 
 1544      73745F74 
 1544      00
 1545              	.LASF2:
 1546 0020 73697A65 		.ascii	"size_t\000"
 1546      5F7400
 1547              	.LASF115:
 1548 0027 2E2E2F2E 		.ascii	"../../../os/hal/boards/ST_STM32F4_DISCOVERY/board.c"
 1548      2E2F2E2E 
 1548      2F6F732F 
 1548      68616C2F 
 1548      626F6172 
 1549 005a 00       		.ascii	"\000"
 1550              	.LASF17:
 1551 005b 75696E74 		.ascii	"uint64_t\000"
 1551      36345F74 
 1551      00
 1552              	.LASF3:
 1553 0064 5F5F7569 		.ascii	"__uint8_t\000"
 1553      6E74385F 
 1553      7400
 1554              	.LASF81:
 1555 006e 706F7274 		.ascii	"port_intctx\000"
 1555      5F696E74 
 1555      63747800 
 1556              	.LASF68:
 1557 007a 73797374 		.ascii	"system_debug_t\000"
 1557      656D5F64 
 1557      65627567 
 1557      5F7400
 1558              	.LASF109:
 1559 0089 50484461 		.ascii	"PHData\000"
 1559      746100
 1560              	.LASF13:
 1561 0090 6C6F6E67 		.ascii	"long long unsigned int\000"
 1561      206C6F6E 
 1561      6720756E 
 1561      7369676E 
 1561      65642069 
ARM GAS  C:\Users\jo\AppData\Local\Temp\ccbentEF.s 			page 29


 1562              	.LASF98:
 1563 00a7 70757064 		.ascii	"pupdr\000"
 1563      7200
 1564              	.LASF86:
 1565 00ad 65786974 		.ascii	"exitcode\000"
 1565      636F6465 
 1565      00
 1566              	.LASF75:
 1567 00b6 6D61696E 		.ascii	"mainthread\000"
 1567      74687265 
 1567      616400
 1568              	.LASF65:
 1569 00c1 76697274 		.ascii	"virtual_timers_list_t\000"
 1569      75616C5F 
 1569      74696D65 
 1569      72735F6C 
 1569      6973745F 
 1570              	.LASF112:
 1571 00d7 49544D5F 		.ascii	"ITM_RxBuffer\000"
 1571      52784275 
 1571      66666572 
 1571      00
 1572              	.LASF48:
 1573 00e4 63685F74 		.ascii	"ch_threads_queue\000"
 1573      68726561 
 1573      64735F71 
 1573      75657565 
 1573      00
 1574              	.LASF29:
 1575 00f5 705F7072 		.ascii	"p_prio\000"
 1575      696F00
 1576              	.LASF11:
 1577 00fc 6C6F6E67 		.ascii	"long long int\000"
 1577      206C6F6E 
 1577      6720696E 
 1577      7400
 1578              	.LASF1:
 1579 010a 7369676E 		.ascii	"signed char\000"
 1579      65642063 
 1579      68617200 
 1580              	.LASF43:
 1581 0116 705F6D70 		.ascii	"p_mpool\000"
 1581      6F6F6C00 
 1582              	.LASF90:
 1583 011e 6D5F7175 		.ascii	"m_queue\000"
 1583      65756500 
 1584              	.LASF95:
 1585 0126 6D6F6465 		.ascii	"moder\000"
 1585      7200
 1586              	.LASF72:
 1587 012c 63685F73 		.ascii	"ch_system\000"
 1587      79737465 
 1587      6D00
 1588              	.LASF8:
 1589 0136 6C6F6E67 		.ascii	"long int\000"
 1589      20696E74 
 1589      00
ARM GAS  C:\Users\jo\AppData\Local\Temp\ccbentEF.s 			page 30


 1590              	.LASF106:
 1591 013f 50454461 		.ascii	"PEData\000"
 1591      746100
 1592              	.LASF20:
 1593 0146 74737461 		.ascii	"tstate_t\000"
 1593      74655F74 
 1593      00
 1594              	.LASF31:
 1595 014f 705F6E65 		.ascii	"p_newer\000"
 1595      77657200 
 1596              	.LASF54:
 1597 0157 725F6E65 		.ascii	"r_newer\000"
 1597      77657200 
 1598              	.LASF78:
 1599 015f 72656761 		.ascii	"regarm_t\000"
 1599      726D5F74 
 1599      00
 1600              	.LASF61:
 1601 0168 76745F70 		.ascii	"vt_prev\000"
 1601      72657600 
 1602              	.LASF74:
 1603 0170 76746C69 		.ascii	"vtlist\000"
 1603      737400
 1604              	.LASF119:
 1605 0177 73746D33 		.ascii	"stm32_clock_init\000"
 1605      325F636C 
 1605      6F636B5F 
 1605      696E6974 
 1605      00
 1606              	.LASF93:
 1607 0188 6D757465 		.ascii	"mutex_t\000"
 1607      785F7400 
 1608              	.LASF103:
 1609 0190 50424461 		.ascii	"PBData\000"
 1609      746100
 1610              	.LASF76:
 1611 0197 69646C65 		.ascii	"idle_thread_wa\000"
 1611      5F746872 
 1611      6561645F 
 1611      776100
 1612              	.LASF0:
 1613 01a6 756E7369 		.ascii	"unsigned int\000"
 1613      676E6564 
 1613      20696E74 
 1613      00
 1614              	.LASF60:
 1615 01b3 76745F6E 		.ascii	"vt_next\000"
 1615      65787400 
 1616              	.LASF62:
 1617 01bb 76745F64 		.ascii	"vt_delta\000"
 1617      656C7461 
 1617      00
 1618              	.LASF38:
 1619 01c4 705F6D73 		.ascii	"p_msgqueue\000"
 1619      67717565 
 1619      756500
 1620              	.LASF97:
ARM GAS  C:\Users\jo\AppData\Local\Temp\ccbentEF.s 			page 31


 1621 01cf 6F737065 		.ascii	"ospeedr\000"
 1621      65647200 
 1622              	.LASF96:
 1623 01d7 6F747970 		.ascii	"otyper\000"
 1623      657200
 1624              	.LASF117:
 1625 01de 5F5F6561 		.ascii	"__early_init\000"
 1625      726C795F 
 1625      696E6974 
 1625      00
 1626              	.LASF6:
 1627 01eb 73686F72 		.ascii	"short unsigned int\000"
 1627      7420756E 
 1627      7369676E 
 1627      65642069 
 1627      6E7400
 1628              	.LASF107:
 1629 01fe 50464461 		.ascii	"PFData\000"
 1629      746100
 1630              	.LASF45:
 1631 0205 63685F74 		.ascii	"ch_thread\000"
 1631      68726561 
 1631      6400
 1632              	.LASF23:
 1633 020f 6D73675F 		.ascii	"msg_t\000"
 1633      7400
 1634              	.LASF71:
 1635 0215 63685F73 		.ascii	"ch_system_t\000"
 1635      79737465 
 1635      6D5F7400 
 1636              	.LASF19:
 1637 0221 746D6F64 		.ascii	"tmode_t\000"
 1637      655F7400 
 1638              	.LASF50:
 1639 0229 63685F72 		.ascii	"ch_ready_list\000"
 1639      65616479 
 1639      5F6C6973 
 1639      7400
 1640              	.LASF24:
 1641 0237 6576656E 		.ascii	"eventmask_t\000"
 1641      746D6173 
 1641      6B5F7400 
 1642              	.LASF7:
 1643 0243 5F5F696E 		.ascii	"__int32_t\000"
 1643      7433325F 
 1643      7400
 1644              	.LASF108:
 1645 024d 50474461 		.ascii	"PGData\000"
 1645      746100
 1646              	.LASF79:
 1647 0254 73746B61 		.ascii	"stkalign_t\000"
 1647      6C69676E 
 1647      5F7400
 1648              	.LASF37:
 1649 025f 705F7761 		.ascii	"p_waiting\000"
 1649      6974696E 
 1649      6700
ARM GAS  C:\Users\jo\AppData\Local\Temp\ccbentEF.s 			page 32


 1650              	.LASF77:
 1651 0269 73697A65 		.ascii	"sizetype\000"
 1651      74797065 
 1651      00
 1652              	.LASF66:
 1653 0272 63685F76 		.ascii	"ch_virtual_timers_list\000"
 1653      69727475 
 1653      616C5F74 
 1653      696D6572 
 1653      735F6C69 
 1654              	.LASF67:
 1655 0289 76745F6C 		.ascii	"vt_lasttime\000"
 1655      61737474 
 1655      696D6500 
 1656              	.LASF32:
 1657 0295 705F6F6C 		.ascii	"p_older\000"
 1657      64657200 
 1658              	.LASF53:
 1659 029d 725F6374 		.ascii	"r_ctx\000"
 1659      7800
 1660              	.LASF84:
 1661 02a3 746D5F63 		.ascii	"tm_calibration_t\000"
 1661      616C6962 
 1661      72617469 
 1661      6F6E5F74 
 1661      00
 1662              	.LASF100:
 1663 02b4 61667268 		.ascii	"afrh\000"
 1663      00
 1664              	.LASF105:
 1665 02b9 50444461 		.ascii	"PDData\000"
 1665      746100
 1666              	.LASF56:
 1667 02c0 725F6375 		.ascii	"r_current\000"
 1667      7272656E 
 1667      7400
 1668              	.LASF55:
 1669 02ca 725F6F6C 		.ascii	"r_older\000"
 1669      64657200 
 1670              	.LASF12:
 1671 02d2 5F5F7569 		.ascii	"__uint64_t\000"
 1671      6E743634 
 1671      5F7400
 1672              	.LASF21:
 1673 02dd 74726566 		.ascii	"trefs_t\000"
 1673      735F7400 
 1674              	.LASF58:
 1675 02e5 76697274 		.ascii	"virtual_timer_t\000"
 1675      75616C5F 
 1675      74696D65 
 1675      725F7400 
 1676              	.LASF28:
 1677 02f5 705F7072 		.ascii	"p_prev\000"
 1677      657600
 1678              	.LASF22:
 1679 02fc 74707269 		.ascii	"tprio_t\000"
 1679      6F5F7400 
ARM GAS  C:\Users\jo\AppData\Local\Temp\ccbentEF.s 			page 33


 1680              	.LASF89:
 1681 0304 6D757465 		.ascii	"mutex\000"
 1681      7800
 1682              	.LASF69:
 1683 030a 63685F73 		.ascii	"ch_system_debug\000"
 1683      79737465 
 1683      6D5F6465 
 1683      62756700 
 1684              	.LASF94:
 1685 031a 5F426F6F 		.ascii	"_Bool\000"
 1685      6C00
 1686              	.LASF15:
 1687 0320 696E7433 		.ascii	"int32_t\000"
 1687      325F7400 
 1688              	.LASF4:
 1689 0328 756E7369 		.ascii	"unsigned char\000"
 1689      676E6564 
 1689      20636861 
 1689      7200
 1690              	.LASF99:
 1691 0336 6166726C 		.ascii	"afrl\000"
 1691      00
 1692              	.LASF41:
 1693 033b 705F6D74 		.ascii	"p_mtxlist\000"
 1693      786C6973 
 1693      7400
 1694              	.LASF5:
 1695 0345 73686F72 		.ascii	"short int\000"
 1695      7420696E 
 1695      7400
 1696              	.LASF34:
 1697 034f 705F7374 		.ascii	"p_state\000"
 1697      61746500 
 1698              	.LASF118:
 1699 0357 626F6172 		.ascii	"boardInit\000"
 1699      64496E69 
 1699      7400
 1700              	.LASF52:
 1701 0361 725F7072 		.ascii	"r_prio\000"
 1701      696F00
 1702              	.LASF102:
 1703 0368 50414461 		.ascii	"PAData\000"
 1703      746100
 1704              	.LASF88:
 1705 036f 65776D61 		.ascii	"ewmask\000"
 1705      736B00
 1706              	.LASF27:
 1707 0376 705F6E65 		.ascii	"p_next\000"
 1707      787400
 1708              	.LASF114:
 1709 037d 474E5520 		.ascii	"GNU C 4.9.3 20141119 (release) [ARM/embedded-4_9-br"
 1709      4320342E 
 1709      392E3320 
 1709      32303134 
 1709      31313139 
 1710 03b0 616E6368 		.ascii	"anch revision 218278] -mcpu=cortex-m4 -mfloat-abi=h"
 1710      20726576 
ARM GAS  C:\Users\jo\AppData\Local\Temp\ccbentEF.s 			page 34


 1710      6973696F 
 1710      6E203231 
 1710      38323738 
 1711 03e3 61726420 		.ascii	"ard -mfpu=fpv4-sp-d16 -mno-thumb-interwork -mthumb "
 1711      2D6D6670 
 1711      753D6670 
 1711      76342D73 
 1711      702D6431 
 1712 0416 2D676764 		.ascii	"-ggdb -O2 -fomit-frame-pointer -falign-functions=16"
 1712      62202D4F 
 1712      32202D66 
 1712      6F6D6974 
 1712      2D667261 
 1713 0449 202D6666 		.ascii	" -ffunction-sections -fdata-sections -fno-common -f"
 1713      756E6374 
 1713      696F6E2D 
 1713      73656374 
 1713      696F6E73 
 1714 047c 73696E67 		.ascii	"single-precision-constant\000"
 1714      6C652D70 
 1714      72656369 
 1714      73696F6E 
 1714      2D636F6E 
 1715              	.LASF35:
 1716 0496 705F666C 		.ascii	"p_flags\000"
 1716      61677300 
 1717              	.LASF110:
 1718 049e 50494461 		.ascii	"PIData\000"
 1718      746100
 1719              	.LASF59:
 1720 04a5 63685F76 		.ascii	"ch_virtual_timer\000"
 1720      69727475 
 1720      616C5F74 
 1720      696D6572 
 1720      00
 1721              	.LASF40:
 1722 04b6 705F6570 		.ascii	"p_epending\000"
 1722      656E6469 
 1722      6E6700
 1723              	.LASF16:
 1724 04c1 75696E74 		.ascii	"uint32_t\000"
 1724      33325F74 
 1724      00
 1725              	.LASF51:
 1726 04ca 725F7175 		.ascii	"r_queue\000"
 1726      65756500 
 1727              	.LASF46:
 1728 04d2 63685F74 		.ascii	"ch_threads_list\000"
 1728      68726561 
 1728      64735F6C 
 1728      69737400 
 1729              	.LASF10:
 1730 04e2 6C6F6E67 		.ascii	"long unsigned int\000"
 1730      20756E73 
 1730      69676E65 
 1730      6420696E 
 1730      7400
ARM GAS  C:\Users\jo\AppData\Local\Temp\ccbentEF.s 			page 35


 1731              	.LASF82:
 1732 04f4 63686172 		.ascii	"char\000"
 1732      00
 1733              	.LASF116:
 1734 04f9 433A5C55 		.ascii	"C:\\Users\\jo\\Documents\\GitHub\\ChibiOS\\demos\\S"
 1734      73657273 
 1734      5C6A6F5C 
 1734      446F6375 
 1734      6D656E74 
 1735 0525 544D3332 		.ascii	"TM32\\RT-STM32F407-DISCOVERY\000"
 1735      5C52542D 
 1735      53544D33 
 1735      32463430 
 1735      372D4449 
 1736              	.LASF26:
 1737 0541 74687265 		.ascii	"thread_t\000"
 1737      61645F74 
 1737      00
 1738              	.LASF92:
 1739 054a 6D5F6E65 		.ascii	"m_next\000"
 1739      787400
 1740              	.LASF25:
 1741 0551 73797374 		.ascii	"systime_t\000"
 1741      696D655F 
 1741      7400
 1742              	.LASF42:
 1743 055b 705F7265 		.ascii	"p_realprio\000"
 1743      616C7072 
 1743      696F00
 1744              	.LASF57:
 1745 0566 76746675 		.ascii	"vtfunc_t\000"
 1745      6E635F74 
 1745      00
 1746              	.LASF9:
 1747 056f 5F5F7569 		.ascii	"__uint32_t\000"
 1747      6E743332 
 1747      5F7400
 1748              	.LASF70:
 1749 057a 70616E69 		.ascii	"panic_msg\000"
 1749      635F6D73 
 1749      6700
 1750              	.LASF83:
 1751 0584 6F666673 		.ascii	"offset\000"
 1751      657400
 1752              	.LASF80:
 1753 058b 636F6E74 		.ascii	"context\000"
 1753      65787400 
 1754              	.LASF18:
 1755 0593 7274636E 		.ascii	"rtcnt_t\000"
 1755      745F7400 
 1756              	.LASF64:
 1757 059b 76745F70 		.ascii	"vt_par\000"
 1757      617200
 1758              	.LASF47:
 1759 05a2 74687265 		.ascii	"threads_queue_t\000"
 1759      6164735F 
 1759      71756575 
ARM GAS  C:\Users\jo\AppData\Local\Temp\ccbentEF.s 			page 36


 1759      655F7400 
 1760              	.LASF85:
 1761 05b2 7264796D 		.ascii	"rdymsg\000"
 1761      736700
 1762              	.LASF36:
 1763 05b9 705F7265 		.ascii	"p_refs\000"
 1763      667300
 1764              	.LASF73:
 1765 05c0 726C6973 		.ascii	"rlist\000"
 1765      7400
 1766              	.LASF14:
 1767 05c6 75696E74 		.ascii	"uint8_t\000"
 1767      385F7400 
 1768              	.LASF87:
 1769 05ce 77746F62 		.ascii	"wtobjp\000"
 1769      6A7000
 1770              	.LASF33:
 1771 05d5 705F6E61 		.ascii	"p_name\000"
 1771      6D6500
 1772              	.LASF104:
 1773 05dc 50434461 		.ascii	"PCData\000"
 1773      746100
 1774              	.LASF44:
 1775 05e3 74687265 		.ascii	"threads_list_t\000"
 1775      6164735F 
 1775      6C697374 
 1775      5F7400
 1776              	.LASF39:
 1777 05f2 705F6D73 		.ascii	"p_msg\000"
 1777      6700
 1778              	.LASF111:
 1779 05f8 50414C43 		.ascii	"PALConfig\000"
 1779      6F6E6669 
 1779      6700
 1780              	.LASF91:
 1781 0602 6D5F6F77 		.ascii	"m_owner\000"
 1781      6E657200 
 1782              	.LASF113:
 1783 060a 70616C5F 		.ascii	"pal_default_config\000"
 1783      64656661 
 1783      756C745F 
 1783      636F6E66 
 1783      696700
 1784              	.LASF30:
 1785 061d 705F6374 		.ascii	"p_ctx\000"
 1785      7800
 1786              	.LASF63:
 1787 0623 76745F66 		.ascii	"vt_func\000"
 1787      756E6300 
 1788              		.ident	"GCC: (GNU Tools for ARM Embedded Processors) 4.9.3 20141119 (release) [ARM/embedded-4_9-br
ARM GAS  C:\Users\jo\AppData\Local\Temp\ccbentEF.s 			page 37


DEFINED SYMBOLS
                            *ABS*:00000000 board.c
C:\Users\jo\AppData\Local\Temp\ccbentEF.s:21     .text.__early_init:00000000 $t
C:\Users\jo\AppData\Local\Temp\ccbentEF.s:27     .text.__early_init:00000000 __early_init
C:\Users\jo\AppData\Local\Temp\ccbentEF.s:42     .text.boardInit:00000000 $t
C:\Users\jo\AppData\Local\Temp\ccbentEF.s:48     .text.boardInit:00000000 boardInit
C:\Users\jo\AppData\Local\Temp\ccbentEF.s:64     .rodata.pal_default_config:00000000 pal_default_config
C:\Users\jo\AppData\Local\Temp\ccbentEF.s:61     .rodata.pal_default_config:00000000 $d
                     .debug_frame:00000010 $d

UNDEFINED SYMBOLS
stm32_clock_init
