ARM GAS  C:\Users\jo\AppData\Local\Temp\ccrWyxc3.s 			page 1


   1              		.syntax unified
   2              		.cpu cortex-m4
   3              		.eabi_attribute 27, 3
   4              		.eabi_attribute 28, 1
   5              		.fpu fpv4-sp-d16
   6              		.eabi_attribute 20, 1
   7              		.eabi_attribute 21, 1
   8              		.eabi_attribute 23, 3
   9              		.eabi_attribute 24, 1
  10              		.eabi_attribute 25, 1
  11              		.eabi_attribute 26, 1
  12              		.eabi_attribute 30, 2
  13              		.eabi_attribute 34, 1
  14              		.eabi_attribute 18, 4
  15              		.thumb
  16              		.file	"def.c"
  17              		.text
  18              	.Ltext0:
  19              		.cfi_sections	.debug_frame
  20              		.section	.text.lwip_htons,"ax",%progbits
  21              		.align	2
  22              		.p2align 4,,15
  23              		.global	lwip_htons
  24              		.thumb
  25              		.thumb_func
  26              		.type	lwip_htons, %function
  27              	lwip_htons:
  28              	.LFB256:
  29              		.file 1 "../../../os/ext/lwip-1.4.1/src/core/def.c"
  30              		.loc 1 65 0
  31              		.cfi_startproc
  32              		@ args = 0, pretend = 0, frame = 0
  33              		@ frame_needed = 0, uses_anonymous_args = 0
  34              		@ link register save eliminated.
  35              	.LVL0:
  36 0000 40BA     		rev16	r0, r0
  37              	.LVL1:
  38              		.loc 1 67 0
  39 0002 80B2     		uxth	r0, r0
  40 0004 7047     		bx	lr
  41              		.cfi_endproc
  42              	.LFE256:
  43              		.size	lwip_htons, .-lwip_htons
  44 0006 00BFAFF3 		.section	.text.lwip_ntohs,"ax",%progbits
  44      0080AFF3 
  44      0080
  45              		.align	2
  46              		.p2align 4,,15
  47              		.global	lwip_ntohs
  48              		.thumb
  49              		.thumb_func
  50              		.type	lwip_ntohs, %function
  51              	lwip_ntohs:
  52              	.LFB257:
  53              		.loc 1 77 0
  54              		.cfi_startproc
  55              		@ args = 0, pretend = 0, frame = 0
ARM GAS  C:\Users\jo\AppData\Local\Temp\ccrWyxc3.s 			page 2


  56              		@ frame_needed = 0, uses_anonymous_args = 0
  57              		@ link register save eliminated.
  58              	.LVL2:
  59 0000 40BA     		rev16	r0, r0
  60              	.LVL3:
  61              		.loc 1 79 0
  62 0002 80B2     		uxth	r0, r0
  63 0004 7047     		bx	lr
  64              		.cfi_endproc
  65              	.LFE257:
  66              		.size	lwip_ntohs, .-lwip_ntohs
  67 0006 00BFAFF3 		.section	.text.lwip_htonl,"ax",%progbits
  67      0080AFF3 
  67      0080
  68              		.align	2
  69              		.p2align 4,,15
  70              		.global	lwip_htonl
  71              		.thumb
  72              		.thumb_func
  73              		.type	lwip_htonl, %function
  74              	lwip_htonl:
  75              	.LFB258:
  76              		.loc 1 89 0
  77              		.cfi_startproc
  78              		@ args = 0, pretend = 0, frame = 0
  79              		@ frame_needed = 0, uses_anonymous_args = 0
  80              		@ link register save eliminated.
  81              	.LVL4:
  82              		.loc 1 94 0
  83 0000 00BA     		rev	r0, r0
  84              	.LVL5:
  85 0002 7047     		bx	lr
  86              		.cfi_endproc
  87              	.LFE258:
  88              		.size	lwip_htonl, .-lwip_htonl
  89 0004 AFF30080 		.section	.text.lwip_ntohl,"ax",%progbits
  89      AFF30080 
  89      AFF30080 
  90              		.align	2
  91              		.p2align 4,,15
  92              		.global	lwip_ntohl
  93              		.thumb
  94              		.thumb_func
  95              		.type	lwip_ntohl, %function
  96              	lwip_ntohl:
  97              	.LFB259:
  98              		.loc 1 104 0
  99              		.cfi_startproc
 100              		@ args = 0, pretend = 0, frame = 0
 101              		@ frame_needed = 0, uses_anonymous_args = 0
 102              		@ link register save eliminated.
 103              	.LVL6:
 104              		.loc 1 106 0
 105 0000 00BA     		rev	r0, r0
 106              	.LVL7:
 107 0002 7047     		bx	lr
 108              		.cfi_endproc
ARM GAS  C:\Users\jo\AppData\Local\Temp\ccrWyxc3.s 			page 3


 109              	.LFE259:
 110              		.size	lwip_ntohl, .-lwip_ntohl
 111 0004 AFF30080 		.text
 111      AFF30080 
 111      AFF30080 
 112              	.Letext0:
 113              		.file 2 "c:\\program files\\gnu tools arm embedded\\4.9 2014q4\\arm-none-eabi\\include\\machine\\_
 114              		.file 3 "c:\\program files\\gnu tools arm embedded\\4.9 2014q4\\arm-none-eabi\\include\\stdint.h"
 115              		.file 4 "../../../os/rt/ports/ARMCMx/compilers/GCC/chtypes.h"
 116              		.file 5 "../../../os/rt/include/chsystypes.h"
 117              		.file 6 "../../../os/rt/include/chschd.h"
 118              		.file 7 "../../../os/rt/ports/ARMCMx/chcore.h"
 119              		.file 8 "../../../os/rt/ports/ARMCMx/chcore_v7m.h"
 120              		.file 9 "../../../os/rt/include/chtm.h"
 121              		.file 10 "../../../os/rt/include/chmtx.h"
 122              		.file 11 "../../../os/various/lwip_bindings/arch/cc.h"
 123              		.file 12 "../../../os/ext/CMSIS/include/core_cm4.h"
 124              		.section	.debug_info,"",%progbits
 125              	.Ldebug_info0:
 126 0000 78070000 		.4byte	0x778
 127 0004 0400     		.2byte	0x4
 128 0006 00000000 		.4byte	.Ldebug_abbrev0
 129 000a 04       		.byte	0x4
 130 000b 01       		.uleb128 0x1
 131 000c F3020000 		.4byte	.LASF103
 132 0010 01       		.byte	0x1
 133 0011 0D050000 		.4byte	.LASF104
 134 0015 68040000 		.4byte	.LASF105
 135 0019 00000000 		.4byte	.Ldebug_ranges0+0
 136 001d 00000000 		.4byte	0
 137 0021 00000000 		.4byte	.Ldebug_line0
 138 0025 02       		.uleb128 0x2
 139 0026 04       		.byte	0x4
 140 0027 05       		.byte	0x5
 141 0028 696E7400 		.ascii	"int\000"
 142 002c 03       		.uleb128 0x3
 143 002d 04       		.byte	0x4
 144 002e 07       		.byte	0x7
 145 002f 2D010000 		.4byte	.LASF0
 146 0033 03       		.uleb128 0x3
 147 0034 01       		.byte	0x1
 148 0035 06       		.byte	0x6
 149 0036 B6000000 		.4byte	.LASF1
 150 003a 04       		.uleb128 0x4
 151 003b 1D000000 		.4byte	.LASF4
 152 003f 02       		.byte	0x2
 153 0040 1D       		.byte	0x1d
 154 0041 45000000 		.4byte	0x45
 155 0045 03       		.uleb128 0x3
 156 0046 01       		.byte	0x1
 157 0047 08       		.byte	0x8
 158 0048 B4020000 		.4byte	.LASF2
 159 004c 03       		.uleb128 0x3
 160 004d 02       		.byte	0x2
 161 004e 05       		.byte	0x5
 162 004f CC020000 		.4byte	.LASF3
 163 0053 04       		.uleb128 0x4
ARM GAS  C:\Users\jo\AppData\Local\Temp\ccrWyxc3.s 			page 4


 164 0054 B0040000 		.4byte	.LASF5
 165 0058 02       		.byte	0x2
 166 0059 2B       		.byte	0x2b
 167 005a 5E000000 		.4byte	0x5e
 168 005e 03       		.uleb128 0x3
 169 005f 02       		.byte	0x2
 170 0060 07       		.byte	0x7
 171 0061 65010000 		.4byte	.LASF6
 172 0065 04       		.uleb128 0x4
 173 0066 D7010000 		.4byte	.LASF7
 174 006a 02       		.byte	0x2
 175 006b 3F       		.byte	0x3f
 176 006c 70000000 		.4byte	0x70
 177 0070 03       		.uleb128 0x3
 178 0071 04       		.byte	0x4
 179 0072 05       		.byte	0x5
 180 0073 E3000000 		.4byte	.LASF8
 181 0077 04       		.uleb128 0x4
 182 0078 E9040000 		.4byte	.LASF9
 183 007c 02       		.byte	0x2
 184 007d 41       		.byte	0x41
 185 007e 82000000 		.4byte	0x82
 186 0082 03       		.uleb128 0x3
 187 0083 04       		.byte	0x4
 188 0084 07       		.byte	0x7
 189 0085 51040000 		.4byte	.LASF10
 190 0089 03       		.uleb128 0x3
 191 008a 08       		.byte	0x8
 192 008b 05       		.byte	0x5
 193 008c A8000000 		.4byte	.LASF11
 194 0090 04       		.uleb128 0x4
 195 0091 5E020000 		.4byte	.LASF12
 196 0095 02       		.byte	0x2
 197 0096 5B       		.byte	0x5b
 198 0097 9B000000 		.4byte	0x9b
 199 009b 03       		.uleb128 0x3
 200 009c 08       		.byte	0x8
 201 009d 07       		.byte	0x7
 202 009e 42000000 		.4byte	.LASF13
 203 00a2 04       		.uleb128 0x4
 204 00a3 69050000 		.4byte	.LASF14
 205 00a7 03       		.byte	0x3
 206 00a8 15       		.byte	0x15
 207 00a9 3A000000 		.4byte	0x3a
 208 00ad 04       		.uleb128 0x4
 209 00ae 42010000 		.4byte	.LASF15
 210 00b2 03       		.byte	0x3
 211 00b3 21       		.byte	0x21
 212 00b4 53000000 		.4byte	0x53
 213 00b8 04       		.uleb128 0x4
 214 00b9 AC020000 		.4byte	.LASF16
 215 00bd 03       		.byte	0x3
 216 00be 2C       		.byte	0x2c
 217 00bf 65000000 		.4byte	0x65
 218 00c3 04       		.uleb128 0x4
 219 00c4 30040000 		.4byte	.LASF17
 220 00c8 03       		.byte	0x3
ARM GAS  C:\Users\jo\AppData\Local\Temp\ccrWyxc3.s 			page 5


 221 00c9 2D       		.byte	0x2d
 222 00ca 77000000 		.4byte	0x77
 223 00ce 04       		.uleb128 0x4
 224 00cf 14000000 		.4byte	.LASF18
 225 00d3 03       		.byte	0x3
 226 00d4 39       		.byte	0x39
 227 00d5 90000000 		.4byte	0x90
 228 00d9 05       		.uleb128 0x5
 229 00da B8000000 		.4byte	0xb8
 230 00de 04       		.uleb128 0x4
 231 00df 37050000 		.4byte	.LASF19
 232 00e3 04       		.byte	0x4
 233 00e4 45       		.byte	0x45
 234 00e5 C3000000 		.4byte	0xc3
 235 00e9 04       		.uleb128 0x4
 236 00ea 9F010000 		.4byte	.LASF20
 237 00ee 04       		.byte	0x4
 238 00ef 48       		.byte	0x48
 239 00f0 A2000000 		.4byte	0xa2
 240 00f4 04       		.uleb128 0x4
 241 00f5 EC000000 		.4byte	.LASF21
 242 00f9 04       		.byte	0x4
 243 00fa 49       		.byte	0x49
 244 00fb A2000000 		.4byte	0xa2
 245 00ff 04       		.uleb128 0x4
 246 0100 69020000 		.4byte	.LASF22
 247 0104 04       		.byte	0x4
 248 0105 4A       		.byte	0x4a
 249 0106 A2000000 		.4byte	0xa2
 250 010a 04       		.uleb128 0x4
 251 010b 88020000 		.4byte	.LASF23
 252 010f 04       		.byte	0x4
 253 0110 4C       		.byte	0x4c
 254 0111 C3000000 		.4byte	0xc3
 255 0115 04       		.uleb128 0x4
 256 0116 82010000 		.4byte	.LASF24
 257 011a 04       		.byte	0x4
 258 011b 4D       		.byte	0x4d
 259 011c B8000000 		.4byte	0xb8
 260 0120 04       		.uleb128 0x4
 261 0121 CB010000 		.4byte	.LASF25
 262 0125 04       		.byte	0x4
 263 0126 4F       		.byte	0x4f
 264 0127 C3000000 		.4byte	0xc3
 265 012b 04       		.uleb128 0x4
 266 012c CB040000 		.4byte	.LASF26
 267 0130 05       		.byte	0x5
 268 0131 33       		.byte	0x33
 269 0132 C3000000 		.4byte	0xc3
 270 0136 04       		.uleb128 0x4
 271 0137 BB040000 		.4byte	.LASF27
 272 013b 05       		.byte	0x5
 273 013c 3F       		.byte	0x3f
 274 013d 41010000 		.4byte	0x141
 275 0141 06       		.uleb128 0x6
 276 0142 78010000 		.4byte	.LASF46
 277 0146 44       		.byte	0x44
ARM GAS  C:\Users\jo\AppData\Local\Temp\ccrWyxc3.s 			page 6


 278 0147 06       		.byte	0x6
 279 0148 BE       		.byte	0xbe
 280 0149 2E020000 		.4byte	0x22e
 281 014d 07       		.uleb128 0x7
 282 014e EC020000 		.4byte	.LASF28
 283 0152 06       		.byte	0x6
 284 0153 BF       		.byte	0xbf
 285 0154 EA050000 		.4byte	0x5ea
 286 0158 00       		.byte	0
 287 0159 07       		.uleb128 0x7
 288 015a 81020000 		.4byte	.LASF29
 289 015e 06       		.byte	0x6
 290 015f C1       		.byte	0xc1
 291 0160 EA050000 		.4byte	0x5ea
 292 0164 04       		.byte	0x4
 293 0165 07       		.uleb128 0x7
 294 0166 A1000000 		.4byte	.LASF30
 295 016a 06       		.byte	0x6
 296 016b C3       		.byte	0xc3
 297 016c 0A010000 		.4byte	0x10a
 298 0170 08       		.byte	0x8
 299 0171 07       		.uleb128 0x7
 300 0172 9C050000 		.4byte	.LASF31
 301 0176 06       		.byte	0x6
 302 0177 C4       		.byte	0xc4
 303 0178 58040000 		.4byte	0x458
 304 017c 0C       		.byte	0xc
 305 017d 07       		.uleb128 0x7
 306 017e F5000000 		.4byte	.LASF32
 307 0182 06       		.byte	0x6
 308 0183 C6       		.byte	0xc6
 309 0184 EA050000 		.4byte	0x5ea
 310 0188 10       		.byte	0x10
 311 0189 07       		.uleb128 0x7
 312 018a 2D020000 		.4byte	.LASF33
 313 018e 06       		.byte	0x6
 314 018f C7       		.byte	0xc7
 315 0190 EA050000 		.4byte	0x5ea
 316 0194 14       		.byte	0x14
 317 0195 07       		.uleb128 0x7
 318 0196 78050000 		.4byte	.LASF34
 319 019a 06       		.byte	0x6
 320 019b CE       		.byte	0xce
 321 019c BF050000 		.4byte	0x5bf
 322 01a0 18       		.byte	0x18
 323 01a1 07       		.uleb128 0x7
 324 01a2 D6020000 		.4byte	.LASF35
 325 01a6 06       		.byte	0x6
 326 01a7 D9       		.byte	0xd9
 327 01a8 F4000000 		.4byte	0xf4
 328 01ac 1C       		.byte	0x1c
 329 01ad 07       		.uleb128 0x7
 330 01ae 0C040000 		.4byte	.LASF36
 331 01b2 06       		.byte	0x6
 332 01b3 DD       		.byte	0xdd
 333 01b4 E9000000 		.4byte	0xe9
 334 01b8 1D       		.byte	0x1d
ARM GAS  C:\Users\jo\AppData\Local\Temp\ccrWyxc3.s 			page 7


 335 01b9 07       		.uleb128 0x7
 336 01ba 5C050000 		.4byte	.LASF37
 337 01be 06       		.byte	0x6
 338 01bf E2       		.byte	0xe2
 339 01c0 FF000000 		.4byte	0xff
 340 01c4 1E       		.byte	0x1e
 341 01c5 08       		.uleb128 0x8
 342 01c6 705F7500 		.ascii	"p_u\000"
 343 01ca 06       		.byte	0x6
 344 01cb 1401     		.2byte	0x114
 345 01cd F0050000 		.4byte	0x5f0
 346 01d1 20       		.byte	0x20
 347 01d2 09       		.uleb128 0x9
 348 01d3 F7010000 		.4byte	.LASF38
 349 01d7 06       		.byte	0x6
 350 01d8 1901     		.2byte	0x119
 351 01da 2E020000 		.4byte	0x22e
 352 01de 24       		.byte	0x24
 353 01df 09       		.uleb128 0x9
 354 01e0 54010000 		.4byte	.LASF39
 355 01e4 06       		.byte	0x6
 356 01e5 1F01     		.2byte	0x11f
 357 01e7 52020000 		.4byte	0x252
 358 01eb 28       		.byte	0x28
 359 01ec 09       		.uleb128 0x9
 360 01ed 8E050000 		.4byte	.LASF40
 361 01f1 06       		.byte	0x6
 362 01f2 2301     		.2byte	0x123
 363 01f4 15010000 		.4byte	0x115
 364 01f8 30       		.byte	0x30
 365 01f9 09       		.uleb128 0x9
 366 01fa 25040000 		.4byte	.LASF41
 367 01fe 06       		.byte	0x6
 368 01ff 2901     		.2byte	0x129
 369 0201 20010000 		.4byte	0x120
 370 0205 34       		.byte	0x34
 371 0206 09       		.uleb128 0x9
 372 0207 C2020000 		.4byte	.LASF42
 373 020b 06       		.byte	0x6
 374 020c 3001     		.2byte	0x130
 375 020e 59060000 		.4byte	0x659
 376 0212 38       		.byte	0x38
 377 0213 09       		.uleb128 0x9
 378 0214 D5040000 		.4byte	.LASF43
 379 0218 06       		.byte	0x6
 380 0219 3401     		.2byte	0x134
 381 021b 0A010000 		.4byte	0x10a
 382 021f 3C       		.byte	0x3c
 383 0220 09       		.uleb128 0x9
 384 0221 C2000000 		.4byte	.LASF44
 385 0225 06       		.byte	0x6
 386 0226 3A01     		.2byte	0x13a
 387 0228 05030000 		.4byte	0x305
 388 022c 40       		.byte	0x40
 389 022d 00       		.byte	0
 390 022e 04       		.uleb128 0x4
 391 022f 7F050000 		.4byte	.LASF45
ARM GAS  C:\Users\jo\AppData\Local\Temp\ccrWyxc3.s 			page 8


 392 0233 05       		.byte	0x5
 393 0234 44       		.byte	0x44
 394 0235 39020000 		.4byte	0x239
 395 0239 06       		.uleb128 0x6
 396 023a 41040000 		.4byte	.LASF47
 397 023e 04       		.byte	0x4
 398 023f 06       		.byte	0x6
 399 0240 AC       		.byte	0xac
 400 0241 52020000 		.4byte	0x252
 401 0245 07       		.uleb128 0x7
 402 0246 EC020000 		.4byte	.LASF28
 403 024a 06       		.byte	0x6
 404 024b AD       		.byte	0xad
 405 024c EA050000 		.4byte	0x5ea
 406 0250 00       		.byte	0
 407 0251 00       		.byte	0
 408 0252 04       		.uleb128 0x4
 409 0253 4C050000 		.4byte	.LASF48
 410 0257 05       		.byte	0x5
 411 0258 4B       		.byte	0x4b
 412 0259 5D020000 		.4byte	0x25d
 413 025d 06       		.uleb128 0x6
 414 025e 90000000 		.4byte	.LASF49
 415 0262 08       		.byte	0x8
 416 0263 06       		.byte	0x6
 417 0264 B3       		.byte	0xb3
 418 0265 82020000 		.4byte	0x282
 419 0269 07       		.uleb128 0x7
 420 026a EC020000 		.4byte	.LASF28
 421 026e 06       		.byte	0x6
 422 026f B4       		.byte	0xb4
 423 0270 EA050000 		.4byte	0x5ea
 424 0274 00       		.byte	0
 425 0275 07       		.uleb128 0x7
 426 0276 81020000 		.4byte	.LASF29
 427 027a 06       		.byte	0x6
 428 027b B5       		.byte	0xb5
 429 027c EA050000 		.4byte	0x5ea
 430 0280 04       		.byte	0x4
 431 0281 00       		.byte	0
 432 0282 04       		.uleb128 0x4
 433 0283 00000000 		.4byte	.LASF50
 434 0287 05       		.byte	0x5
 435 0288 52       		.byte	0x52
 436 0289 8D020000 		.4byte	0x28d
 437 028d 0A       		.uleb128 0xa
 438 028e BD010000 		.4byte	.LASF51
 439 0292 1C       		.byte	0x1c
 440 0293 06       		.byte	0x6
 441 0294 7201     		.2byte	0x172
 442 0296 E9020000 		.4byte	0x2e9
 443 029a 09       		.uleb128 0x9
 444 029b 39040000 		.4byte	.LASF52
 445 029f 06       		.byte	0x6
 446 02a0 7301     		.2byte	0x173
 447 02a2 52020000 		.4byte	0x252
 448 02a6 00       		.byte	0
ARM GAS  C:\Users\jo\AppData\Local\Temp\ccrWyxc3.s 			page 9


 449 02a7 09       		.uleb128 0x9
 450 02a8 DE020000 		.4byte	.LASF53
 451 02ac 06       		.byte	0x6
 452 02ad 7401     		.2byte	0x174
 453 02af 0A010000 		.4byte	0x10a
 454 02b3 08       		.byte	0x8
 455 02b4 09       		.uleb128 0x9
 456 02b5 35020000 		.4byte	.LASF54
 457 02b9 06       		.byte	0x6
 458 02ba 7601     		.2byte	0x176
 459 02bc 58040000 		.4byte	0x458
 460 02c0 0C       		.byte	0xc
 461 02c1 09       		.uleb128 0x9
 462 02c2 FD000000 		.4byte	.LASF55
 463 02c6 06       		.byte	0x6
 464 02c7 7901     		.2byte	0x179
 465 02c9 EA050000 		.4byte	0x5ea
 466 02cd 10       		.byte	0x10
 467 02ce 09       		.uleb128 0x9
 468 02cf 56020000 		.4byte	.LASF56
 469 02d3 06       		.byte	0x6
 470 02d4 7A01     		.2byte	0x17a
 471 02d6 EA050000 		.4byte	0x5ea
 472 02da 14       		.byte	0x14
 473 02db 09       		.uleb128 0x9
 474 02dc 4C020000 		.4byte	.LASF57
 475 02e0 06       		.byte	0x6
 476 02e1 7D01     		.2byte	0x17d
 477 02e3 EA050000 		.4byte	0x5ea
 478 02e7 18       		.byte	0x18
 479 02e8 00       		.byte	0
 480 02e9 04       		.uleb128 0x4
 481 02ea E0040000 		.4byte	.LASF58
 482 02ee 05       		.byte	0x5
 483 02ef 57       		.byte	0x57
 484 02f0 F4020000 		.4byte	0x2f4
 485 02f4 0B       		.uleb128 0xb
 486 02f5 04       		.byte	0x4
 487 02f6 FA020000 		.4byte	0x2fa
 488 02fa 0C       		.uleb128 0xc
 489 02fb 05030000 		.4byte	0x305
 490 02ff 0D       		.uleb128 0xd
 491 0300 05030000 		.4byte	0x305
 492 0304 00       		.byte	0
 493 0305 0E       		.uleb128 0xe
 494 0306 04       		.byte	0x4
 495 0307 04       		.uleb128 0x4
 496 0308 71020000 		.4byte	.LASF59
 497 030c 05       		.byte	0x5
 498 030d 5C       		.byte	0x5c
 499 030e 12030000 		.4byte	0x312
 500 0312 0A       		.uleb128 0xa
 501 0313 14040000 		.4byte	.LASF60
 502 0317 14       		.byte	0x14
 503 0318 06       		.byte	0x6
 504 0319 4D01     		.2byte	0x14d
 505 031b 61030000 		.4byte	0x361
ARM GAS  C:\Users\jo\AppData\Local\Temp\ccrWyxc3.s 			page 10


 506 031f 09       		.uleb128 0x9
 507 0320 3A010000 		.4byte	.LASF61
 508 0324 06       		.byte	0x6
 509 0325 4E01     		.2byte	0x14e
 510 0327 5F060000 		.4byte	0x65f
 511 032b 00       		.byte	0
 512 032c 09       		.uleb128 0x9
 513 032d 0E010000 		.4byte	.LASF62
 514 0331 06       		.byte	0x6
 515 0332 4F01     		.2byte	0x14f
 516 0334 5F060000 		.4byte	0x65f
 517 0338 04       		.byte	0x4
 518 0339 09       		.uleb128 0x9
 519 033a 4B010000 		.4byte	.LASF63
 520 033e 06       		.byte	0x6
 521 033f 5001     		.2byte	0x150
 522 0341 2B010000 		.4byte	0x12b
 523 0345 08       		.byte	0x8
 524 0346 09       		.uleb128 0x9
 525 0347 A2050000 		.4byte	.LASF64
 526 034b 06       		.byte	0x6
 527 034c 5101     		.2byte	0x151
 528 034e E9020000 		.4byte	0x2e9
 529 0352 0C       		.byte	0xc
 530 0353 09       		.uleb128 0x9
 531 0354 3F050000 		.4byte	.LASF65
 532 0358 06       		.byte	0x6
 533 0359 5301     		.2byte	0x153
 534 035b 05030000 		.4byte	0x305
 535 035f 10       		.byte	0x10
 536 0360 00       		.byte	0
 537 0361 04       		.uleb128 0x4
 538 0362 6D000000 		.4byte	.LASF66
 539 0366 05       		.byte	0x5
 540 0367 61       		.byte	0x61
 541 0368 6C030000 		.4byte	0x36c
 542 036c 0A       		.uleb128 0xa
 543 036d 0A020000 		.4byte	.LASF67
 544 0371 10       		.byte	0x10
 545 0372 06       		.byte	0x6
 546 0373 5D01     		.2byte	0x15d
 547 0375 AE030000 		.4byte	0x3ae
 548 0379 09       		.uleb128 0x9
 549 037a 3A010000 		.4byte	.LASF61
 550 037e 06       		.byte	0x6
 551 037f 5E01     		.2byte	0x15e
 552 0381 5F060000 		.4byte	0x65f
 553 0385 00       		.byte	0
 554 0386 09       		.uleb128 0x9
 555 0387 0E010000 		.4byte	.LASF62
 556 038b 06       		.byte	0x6
 557 038c 6001     		.2byte	0x160
 558 038e 5F060000 		.4byte	0x65f
 559 0392 04       		.byte	0x4
 560 0393 09       		.uleb128 0x9
 561 0394 4B010000 		.4byte	.LASF63
 562 0398 06       		.byte	0x6
ARM GAS  C:\Users\jo\AppData\Local\Temp\ccrWyxc3.s 			page 11


 563 0399 6201     		.2byte	0x162
 564 039b 2B010000 		.4byte	0x12b
 565 039f 08       		.byte	0x8
 566 03a0 09       		.uleb128 0x9
 567 03a1 21020000 		.4byte	.LASF68
 568 03a5 06       		.byte	0x6
 569 03a6 6A01     		.2byte	0x16a
 570 03a8 2B010000 		.4byte	0x12b
 571 03ac 0C       		.byte	0xc
 572 03ad 00       		.byte	0
 573 03ae 04       		.uleb128 0x4
 574 03af 33000000 		.4byte	.LASF69
 575 03b3 05       		.byte	0x5
 576 03b4 66       		.byte	0x66
 577 03b5 B9030000 		.4byte	0x3b9
 578 03b9 0A       		.uleb128 0xa
 579 03ba 96020000 		.4byte	.LASF70
 580 03be 04       		.byte	0x4
 581 03bf 06       		.byte	0x6
 582 03c0 8401     		.2byte	0x184
 583 03c2 D4030000 		.4byte	0x3d4
 584 03c6 09       		.uleb128 0x9
 585 03c7 F4040000 		.4byte	.LASF71
 586 03cb 06       		.byte	0x6
 587 03cc 8C01     		.2byte	0x18c
 588 03ce 65060000 		.4byte	0x665
 589 03d2 00       		.byte	0
 590 03d3 00       		.byte	0
 591 03d4 04       		.uleb128 0x4
 592 03d5 88010000 		.4byte	.LASF72
 593 03d9 05       		.byte	0x5
 594 03da 6B       		.byte	0x6b
 595 03db DF030000 		.4byte	0x3df
 596 03df 0F       		.uleb128 0xf
 597 03e0 D9000000 		.4byte	.LASF73
 598 03e4 D801     		.2byte	0x1d8
 599 03e6 06       		.byte	0x6
 600 03e7 A401     		.2byte	0x1a4
 601 03e9 3B040000 		.4byte	0x43b
 602 03ed 09       		.uleb128 0x9
 603 03ee 63050000 		.4byte	.LASF74
 604 03f2 06       		.byte	0x6
 605 03f3 A801     		.2byte	0x1a8
 606 03f5 82020000 		.4byte	0x282
 607 03f9 00       		.byte	0
 608 03fa 09       		.uleb128 0x9
 609 03fb D2000000 		.4byte	.LASF75
 610 03ff 06       		.byte	0x6
 611 0400 AC01     		.2byte	0x1ac
 612 0402 61030000 		.4byte	0x361
 613 0406 1C       		.byte	0x1c
 614 0407 08       		.uleb128 0x8
 615 0408 64626700 		.ascii	"dbg\000"
 616 040c 06       		.byte	0x6
 617 040d B001     		.2byte	0x1b0
 618 040f AE030000 		.4byte	0x3ae
 619 0413 2C       		.byte	0x2c
ARM GAS  C:\Users\jo\AppData\Local\Temp\ccrWyxc3.s 			page 12


 620 0414 09       		.uleb128 0x9
 621 0415 62000000 		.4byte	.LASF76
 622 0419 06       		.byte	0x6
 623 041a B401     		.2byte	0x1b4
 624 041c 36010000 		.4byte	0x136
 625 0420 30       		.byte	0x30
 626 0421 08       		.uleb128 0x8
 627 0422 746D00   		.ascii	"tm\000"
 628 0425 06       		.byte	0x6
 629 0426 B901     		.2byte	0x1b9
 630 0428 DF050000 		.4byte	0x5df
 631 042c 74       		.byte	0x74
 632 042d 09       		.uleb128 0x9
 633 042e 1E010000 		.4byte	.LASF77
 634 0432 06       		.byte	0x6
 635 0433 C501     		.2byte	0x1c5
 636 0435 6A060000 		.4byte	0x66a
 637 0439 78       		.byte	0x78
 638 043a 00       		.byte	0
 639 043b 03       		.uleb128 0x3
 640 043c 04       		.byte	0x4
 641 043d 07       		.byte	0x7
 642 043e 01020000 		.4byte	.LASF78
 643 0442 04       		.uleb128 0x4
 644 0443 05010000 		.4byte	.LASF79
 645 0447 07       		.byte	0x7
 646 0448 85       		.byte	0x85
 647 0449 05030000 		.4byte	0x305
 648 044d 04       		.uleb128 0x4
 649 044e EC010000 		.4byte	.LASF80
 650 0452 07       		.byte	0x7
 651 0453 8D       		.byte	0x8d
 652 0454 CE000000 		.4byte	0xce
 653 0458 06       		.uleb128 0x6
 654 0459 05050000 		.4byte	.LASF81
 655 045d 04       		.byte	0x4
 656 045e 07       		.byte	0x7
 657 045f A9       		.byte	0xa9
 658 0460 71040000 		.4byte	0x471
 659 0464 10       		.uleb128 0x10
 660 0465 72313300 		.ascii	"r13\000"
 661 0469 07       		.byte	0x7
 662 046a AA       		.byte	0xaa
 663 046b B2050000 		.4byte	0x5b2
 664 046f 00       		.byte	0
 665 0470 00       		.byte	0
 666 0471 06       		.uleb128 0x6
 667 0472 27000000 		.4byte	.LASF82
 668 0476 64       		.byte	0x64
 669 0477 08       		.byte	0x8
 670 0478 F4       		.byte	0xf4
 671 0479 B2050000 		.4byte	0x5b2
 672 047d 10       		.uleb128 0x10
 673 047e 73313600 		.ascii	"s16\000"
 674 0482 08       		.byte	0x8
 675 0483 F6       		.byte	0xf6
 676 0484 42040000 		.4byte	0x442
ARM GAS  C:\Users\jo\AppData\Local\Temp\ccrWyxc3.s 			page 13


 677 0488 00       		.byte	0
 678 0489 10       		.uleb128 0x10
 679 048a 73313700 		.ascii	"s17\000"
 680 048e 08       		.byte	0x8
 681 048f F7       		.byte	0xf7
 682 0490 42040000 		.4byte	0x442
 683 0494 04       		.byte	0x4
 684 0495 10       		.uleb128 0x10
 685 0496 73313800 		.ascii	"s18\000"
 686 049a 08       		.byte	0x8
 687 049b F8       		.byte	0xf8
 688 049c 42040000 		.4byte	0x442
 689 04a0 08       		.byte	0x8
 690 04a1 10       		.uleb128 0x10
 691 04a2 73313900 		.ascii	"s19\000"
 692 04a6 08       		.byte	0x8
 693 04a7 F9       		.byte	0xf9
 694 04a8 42040000 		.4byte	0x442
 695 04ac 0C       		.byte	0xc
 696 04ad 10       		.uleb128 0x10
 697 04ae 73323000 		.ascii	"s20\000"
 698 04b2 08       		.byte	0x8
 699 04b3 FA       		.byte	0xfa
 700 04b4 42040000 		.4byte	0x442
 701 04b8 10       		.byte	0x10
 702 04b9 10       		.uleb128 0x10
 703 04ba 73323100 		.ascii	"s21\000"
 704 04be 08       		.byte	0x8
 705 04bf FB       		.byte	0xfb
 706 04c0 42040000 		.4byte	0x442
 707 04c4 14       		.byte	0x14
 708 04c5 10       		.uleb128 0x10
 709 04c6 73323200 		.ascii	"s22\000"
 710 04ca 08       		.byte	0x8
 711 04cb FC       		.byte	0xfc
 712 04cc 42040000 		.4byte	0x442
 713 04d0 18       		.byte	0x18
 714 04d1 10       		.uleb128 0x10
 715 04d2 73323300 		.ascii	"s23\000"
 716 04d6 08       		.byte	0x8
 717 04d7 FD       		.byte	0xfd
 718 04d8 42040000 		.4byte	0x442
 719 04dc 1C       		.byte	0x1c
 720 04dd 10       		.uleb128 0x10
 721 04de 73323400 		.ascii	"s24\000"
 722 04e2 08       		.byte	0x8
 723 04e3 FE       		.byte	0xfe
 724 04e4 42040000 		.4byte	0x442
 725 04e8 20       		.byte	0x20
 726 04e9 10       		.uleb128 0x10
 727 04ea 73323500 		.ascii	"s25\000"
 728 04ee 08       		.byte	0x8
 729 04ef FF       		.byte	0xff
 730 04f0 42040000 		.4byte	0x442
 731 04f4 24       		.byte	0x24
 732 04f5 08       		.uleb128 0x8
 733 04f6 73323600 		.ascii	"s26\000"
ARM GAS  C:\Users\jo\AppData\Local\Temp\ccrWyxc3.s 			page 14


 734 04fa 08       		.byte	0x8
 735 04fb 0001     		.2byte	0x100
 736 04fd 42040000 		.4byte	0x442
 737 0501 28       		.byte	0x28
 738 0502 08       		.uleb128 0x8
 739 0503 73323700 		.ascii	"s27\000"
 740 0507 08       		.byte	0x8
 741 0508 0101     		.2byte	0x101
 742 050a 42040000 		.4byte	0x442
 743 050e 2C       		.byte	0x2c
 744 050f 08       		.uleb128 0x8
 745 0510 73323800 		.ascii	"s28\000"
 746 0514 08       		.byte	0x8
 747 0515 0201     		.2byte	0x102
 748 0517 42040000 		.4byte	0x442
 749 051b 30       		.byte	0x30
 750 051c 08       		.uleb128 0x8
 751 051d 73323900 		.ascii	"s29\000"
 752 0521 08       		.byte	0x8
 753 0522 0301     		.2byte	0x103
 754 0524 42040000 		.4byte	0x442
 755 0528 34       		.byte	0x34
 756 0529 08       		.uleb128 0x8
 757 052a 73333000 		.ascii	"s30\000"
 758 052e 08       		.byte	0x8
 759 052f 0401     		.2byte	0x104
 760 0531 42040000 		.4byte	0x442
 761 0535 38       		.byte	0x38
 762 0536 08       		.uleb128 0x8
 763 0537 73333100 		.ascii	"s31\000"
 764 053b 08       		.byte	0x8
 765 053c 0501     		.2byte	0x105
 766 053e 42040000 		.4byte	0x442
 767 0542 3C       		.byte	0x3c
 768 0543 08       		.uleb128 0x8
 769 0544 723400   		.ascii	"r4\000"
 770 0547 08       		.byte	0x8
 771 0548 0701     		.2byte	0x107
 772 054a 42040000 		.4byte	0x442
 773 054e 40       		.byte	0x40
 774 054f 08       		.uleb128 0x8
 775 0550 723500   		.ascii	"r5\000"
 776 0553 08       		.byte	0x8
 777 0554 0801     		.2byte	0x108
 778 0556 42040000 		.4byte	0x442
 779 055a 44       		.byte	0x44
 780 055b 08       		.uleb128 0x8
 781 055c 723600   		.ascii	"r6\000"
 782 055f 08       		.byte	0x8
 783 0560 0901     		.2byte	0x109
 784 0562 42040000 		.4byte	0x442
 785 0566 48       		.byte	0x48
 786 0567 08       		.uleb128 0x8
 787 0568 723700   		.ascii	"r7\000"
 788 056b 08       		.byte	0x8
 789 056c 0A01     		.2byte	0x10a
 790 056e 42040000 		.4byte	0x442
ARM GAS  C:\Users\jo\AppData\Local\Temp\ccrWyxc3.s 			page 15


 791 0572 4C       		.byte	0x4c
 792 0573 08       		.uleb128 0x8
 793 0574 723800   		.ascii	"r8\000"
 794 0577 08       		.byte	0x8
 795 0578 0B01     		.2byte	0x10b
 796 057a 42040000 		.4byte	0x442
 797 057e 50       		.byte	0x50
 798 057f 08       		.uleb128 0x8
 799 0580 723900   		.ascii	"r9\000"
 800 0583 08       		.byte	0x8
 801 0584 0C01     		.2byte	0x10c
 802 0586 42040000 		.4byte	0x442
 803 058a 54       		.byte	0x54
 804 058b 08       		.uleb128 0x8
 805 058c 72313000 		.ascii	"r10\000"
 806 0590 08       		.byte	0x8
 807 0591 0D01     		.2byte	0x10d
 808 0593 42040000 		.4byte	0x442
 809 0597 58       		.byte	0x58
 810 0598 08       		.uleb128 0x8
 811 0599 72313100 		.ascii	"r11\000"
 812 059d 08       		.byte	0x8
 813 059e 0E01     		.2byte	0x10e
 814 05a0 42040000 		.4byte	0x442
 815 05a4 5C       		.byte	0x5c
 816 05a5 08       		.uleb128 0x8
 817 05a6 6C7200   		.ascii	"lr\000"
 818 05a9 08       		.byte	0x8
 819 05aa 0F01     		.2byte	0x10f
 820 05ac 42040000 		.4byte	0x442
 821 05b0 60       		.byte	0x60
 822 05b1 00       		.byte	0
 823 05b2 0B       		.uleb128 0xb
 824 05b3 04       		.byte	0x4
 825 05b4 71040000 		.4byte	0x471
 826 05b8 03       		.uleb128 0x3
 827 05b9 01       		.byte	0x1
 828 05ba 08       		.byte	0x8
 829 05bb 63040000 		.4byte	.LASF83
 830 05bf 0B       		.uleb128 0xb
 831 05c0 04       		.byte	0x4
 832 05c1 C5050000 		.4byte	0x5c5
 833 05c5 11       		.uleb128 0x11
 834 05c6 B8050000 		.4byte	0x5b8
 835 05ca 12       		.uleb128 0x12
 836 05cb 04       		.byte	0x4
 837 05cc 09       		.byte	0x9
 838 05cd 38       		.byte	0x38
 839 05ce DF050000 		.4byte	0x5df
 840 05d2 07       		.uleb128 0x7
 841 05d3 FE040000 		.4byte	.LASF84
 842 05d7 09       		.byte	0x9
 843 05d8 3C       		.byte	0x3c
 844 05d9 DE000000 		.4byte	0xde
 845 05dd 00       		.byte	0
 846 05de 00       		.byte	0
 847 05df 04       		.uleb128 0x4
ARM GAS  C:\Users\jo\AppData\Local\Temp\ccrWyxc3.s 			page 16


 848 05e0 3B020000 		.4byte	.LASF85
 849 05e4 09       		.byte	0x9
 850 05e5 3D       		.byte	0x3d
 851 05e6 CA050000 		.4byte	0x5ca
 852 05ea 0B       		.uleb128 0xb
 853 05eb 04       		.byte	0x4
 854 05ec 36010000 		.4byte	0x136
 855 05f0 13       		.uleb128 0x13
 856 05f1 04       		.byte	0x4
 857 05f2 06       		.byte	0x6
 858 05f3 F6       		.byte	0xf6
 859 05f4 28060000 		.4byte	0x628
 860 05f8 14       		.uleb128 0x14
 861 05f9 0D000000 		.4byte	.LASF86
 862 05fd 06       		.byte	0x6
 863 05fe FD       		.byte	0xfd
 864 05ff 15010000 		.4byte	0x115
 865 0603 15       		.uleb128 0x15
 866 0604 59000000 		.4byte	.LASF87
 867 0608 06       		.byte	0x6
 868 0609 0401     		.2byte	0x104
 869 060b 15010000 		.4byte	0x115
 870 060f 15       		.uleb128 0x15
 871 0610 71050000 		.4byte	.LASF88
 872 0614 06       		.byte	0x6
 873 0615 0B01     		.2byte	0x10b
 874 0617 05030000 		.4byte	0x305
 875 061b 15       		.uleb128 0x15
 876 061c E5020000 		.4byte	.LASF89
 877 0620 06       		.byte	0x6
 878 0621 1201     		.2byte	0x112
 879 0623 20010000 		.4byte	0x120
 880 0627 00       		.byte	0
 881 0628 06       		.uleb128 0x6
 882 0629 90020000 		.4byte	.LASF90
 883 062d 10       		.byte	0x10
 884 062e 0A       		.byte	0xa
 885 062f 39       		.byte	0x39
 886 0630 59060000 		.4byte	0x659
 887 0634 07       		.uleb128 0x7
 888 0635 CA000000 		.4byte	.LASF91
 889 0639 0A       		.byte	0xa
 890 063a 3A       		.byte	0x3a
 891 063b 52020000 		.4byte	0x252
 892 063f 00       		.byte	0
 893 0640 07       		.uleb128 0x7
 894 0641 94050000 		.4byte	.LASF92
 895 0645 0A       		.byte	0xa
 896 0646 3C       		.byte	0x3c
 897 0647 EA050000 		.4byte	0x5ea
 898 064b 08       		.byte	0x8
 899 064c 07       		.uleb128 0x7
 900 064d C4040000 		.4byte	.LASF93
 901 0651 0A       		.byte	0xa
 902 0652 3E       		.byte	0x3e
 903 0653 85060000 		.4byte	0x685
 904 0657 0C       		.byte	0xc
ARM GAS  C:\Users\jo\AppData\Local\Temp\ccrWyxc3.s 			page 17


 905 0658 00       		.byte	0
 906 0659 0B       		.uleb128 0xb
 907 065a 04       		.byte	0x4
 908 065b 28060000 		.4byte	0x628
 909 065f 0B       		.uleb128 0xb
 910 0660 04       		.byte	0x4
 911 0661 07030000 		.4byte	0x307
 912 0665 05       		.uleb128 0x5
 913 0666 BF050000 		.4byte	0x5bf
 914 066a 16       		.uleb128 0x16
 915 066b 4D040000 		.4byte	0x44d
 916 066f 7A060000 		.4byte	0x67a
 917 0673 17       		.uleb128 0x17
 918 0674 3B040000 		.4byte	0x43b
 919 0678 2B       		.byte	0x2b
 920 0679 00       		.byte	0
 921 067a 04       		.uleb128 0x4
 922 067b 16010000 		.4byte	.LASF94
 923 067f 0A       		.byte	0xa
 924 0680 34       		.byte	0x34
 925 0681 28060000 		.4byte	0x628
 926 0685 0B       		.uleb128 0xb
 927 0686 04       		.byte	0x4
 928 0687 7A060000 		.4byte	0x67a
 929 068b 03       		.uleb128 0x3
 930 068c 01       		.byte	0x1
 931 068d 02       		.byte	0x2
 932 068e A6020000 		.4byte	.LASF95
 933 0692 04       		.uleb128 0x4
 934 0693 46050000 		.4byte	.LASF96
 935 0697 0B       		.byte	0xb
 936 0698 3F       		.byte	0x3f
 937 0699 AD000000 		.4byte	0xad
 938 069d 04       		.uleb128 0x4
 939 069e 5F010000 		.4byte	.LASF97
 940 06a2 0B       		.byte	0xb
 941 06a3 41       		.byte	0x41
 942 06a4 C3000000 		.4byte	0xc3
 943 06a8 18       		.uleb128 0x18
 944 06a9 E1010000 		.4byte	.LASF98
 945 06ad 01       		.byte	0x1
 946 06ae 40       		.byte	0x40
 947 06af 92060000 		.4byte	0x692
 948 06b3 01       		.byte	0x1
 949 06b4 C2060000 		.4byte	0x6c2
 950 06b8 19       		.uleb128 0x19
 951 06b9 6E00     		.ascii	"n\000"
 952 06bb 01       		.byte	0x1
 953 06bc 40       		.byte	0x40
 954 06bd 92060000 		.4byte	0x692
 955 06c1 00       		.byte	0
 956 06c2 18       		.uleb128 0x18
 957 06c3 B2010000 		.4byte	.LASF99
 958 06c7 01       		.byte	0x1
 959 06c8 58       		.byte	0x58
 960 06c9 9D060000 		.4byte	0x69d
 961 06cd 01       		.byte	0x1
ARM GAS  C:\Users\jo\AppData\Local\Temp\ccrWyxc3.s 			page 18


 962 06ce DC060000 		.4byte	0x6dc
 963 06d2 19       		.uleb128 0x19
 964 06d3 6E00     		.ascii	"n\000"
 965 06d5 01       		.byte	0x1
 966 06d6 58       		.byte	0x58
 967 06d7 9D060000 		.4byte	0x69d
 968 06db 00       		.byte	0
 969 06dc 1A       		.uleb128 0x1a
 970 06dd A8060000 		.4byte	0x6a8
 971 06e1 00000000 		.4byte	.LFB256
 972 06e5 06000000 		.4byte	.LFE256-.LFB256
 973 06e9 01       		.uleb128 0x1
 974 06ea 9C       		.byte	0x9c
 975 06eb F9060000 		.4byte	0x6f9
 976 06ef 1B       		.uleb128 0x1b
 977 06f0 B8060000 		.4byte	0x6b8
 978 06f4 00000000 		.4byte	.LLST0
 979 06f8 00       		.byte	0
 980 06f9 1C       		.uleb128 0x1c
 981 06fa A7010000 		.4byte	.LASF100
 982 06fe 01       		.byte	0x1
 983 06ff 4C       		.byte	0x4c
 984 0700 92060000 		.4byte	0x692
 985 0704 00000000 		.4byte	.LFB257
 986 0708 06000000 		.4byte	.LFE257-.LFB257
 987 070c 01       		.uleb128 0x1
 988 070d 9C       		.byte	0x9c
 989 070e 20070000 		.4byte	0x720
 990 0712 1D       		.uleb128 0x1d
 991 0713 6E00     		.ascii	"n\000"
 992 0715 01       		.byte	0x1
 993 0716 4C       		.byte	0x4c
 994 0717 92060000 		.4byte	0x692
 995 071b 21000000 		.4byte	.LLST1
 996 071f 00       		.byte	0
 997 0720 1A       		.uleb128 0x1a
 998 0721 C2060000 		.4byte	0x6c2
 999 0725 00000000 		.4byte	.LFB258
 1000 0729 04000000 		.4byte	.LFE258-.LFB258
 1001 072d 01       		.uleb128 0x1
 1002 072e 9C       		.byte	0x9c
 1003 072f 3D070000 		.4byte	0x73d
 1004 0733 1B       		.uleb128 0x1b
 1005 0734 D2060000 		.4byte	0x6d2
 1006 0738 42000000 		.4byte	.LLST2
 1007 073c 00       		.byte	0
 1008 073d 1C       		.uleb128 0x1c
 1009 073e 94010000 		.4byte	.LASF101
 1010 0742 01       		.byte	0x1
 1011 0743 67       		.byte	0x67
 1012 0744 9D060000 		.4byte	0x69d
 1013 0748 00000000 		.4byte	.LFB259
 1014 074c 04000000 		.4byte	.LFE259-.LFB259
 1015 0750 01       		.uleb128 0x1
 1016 0751 9C       		.byte	0x9c
 1017 0752 64070000 		.4byte	0x764
 1018 0756 1D       		.uleb128 0x1d
ARM GAS  C:\Users\jo\AppData\Local\Temp\ccrWyxc3.s 			page 19


 1019 0757 6E00     		.ascii	"n\000"
 1020 0759 01       		.byte	0x1
 1021 075a 67       		.byte	0x67
 1022 075b 9D060000 		.4byte	0x69d
 1023 075f 63000000 		.4byte	.LLST3
 1024 0763 00       		.byte	0
 1025 0764 1E       		.uleb128 0x1e
 1026 0765 83000000 		.4byte	.LASF102
 1027 0769 0C       		.byte	0xc
 1028 076a A706     		.2byte	0x6a7
 1029 076c D9000000 		.4byte	0xd9
 1030 0770 1F       		.uleb128 0x1f
 1031 0771 636800   		.ascii	"ch\000"
 1032 0774 06       		.byte	0x6
 1033 0775 EB01     		.2byte	0x1eb
 1034 0777 D4030000 		.4byte	0x3d4
 1035 077b 00       		.byte	0
 1036              		.section	.debug_abbrev,"",%progbits
 1037              	.Ldebug_abbrev0:
 1038 0000 01       		.uleb128 0x1
 1039 0001 11       		.uleb128 0x11
 1040 0002 01       		.byte	0x1
 1041 0003 25       		.uleb128 0x25
 1042 0004 0E       		.uleb128 0xe
 1043 0005 13       		.uleb128 0x13
 1044 0006 0B       		.uleb128 0xb
 1045 0007 03       		.uleb128 0x3
 1046 0008 0E       		.uleb128 0xe
 1047 0009 1B       		.uleb128 0x1b
 1048 000a 0E       		.uleb128 0xe
 1049 000b 55       		.uleb128 0x55
 1050 000c 17       		.uleb128 0x17
 1051 000d 11       		.uleb128 0x11
 1052 000e 01       		.uleb128 0x1
 1053 000f 10       		.uleb128 0x10
 1054 0010 17       		.uleb128 0x17
 1055 0011 00       		.byte	0
 1056 0012 00       		.byte	0
 1057 0013 02       		.uleb128 0x2
 1058 0014 24       		.uleb128 0x24
 1059 0015 00       		.byte	0
 1060 0016 0B       		.uleb128 0xb
 1061 0017 0B       		.uleb128 0xb
 1062 0018 3E       		.uleb128 0x3e
 1063 0019 0B       		.uleb128 0xb
 1064 001a 03       		.uleb128 0x3
 1065 001b 08       		.uleb128 0x8
 1066 001c 00       		.byte	0
 1067 001d 00       		.byte	0
 1068 001e 03       		.uleb128 0x3
 1069 001f 24       		.uleb128 0x24
 1070 0020 00       		.byte	0
 1071 0021 0B       		.uleb128 0xb
 1072 0022 0B       		.uleb128 0xb
 1073 0023 3E       		.uleb128 0x3e
 1074 0024 0B       		.uleb128 0xb
 1075 0025 03       		.uleb128 0x3
ARM GAS  C:\Users\jo\AppData\Local\Temp\ccrWyxc3.s 			page 20


 1076 0026 0E       		.uleb128 0xe
 1077 0027 00       		.byte	0
 1078 0028 00       		.byte	0
 1079 0029 04       		.uleb128 0x4
 1080 002a 16       		.uleb128 0x16
 1081 002b 00       		.byte	0
 1082 002c 03       		.uleb128 0x3
 1083 002d 0E       		.uleb128 0xe
 1084 002e 3A       		.uleb128 0x3a
 1085 002f 0B       		.uleb128 0xb
 1086 0030 3B       		.uleb128 0x3b
 1087 0031 0B       		.uleb128 0xb
 1088 0032 49       		.uleb128 0x49
 1089 0033 13       		.uleb128 0x13
 1090 0034 00       		.byte	0
 1091 0035 00       		.byte	0
 1092 0036 05       		.uleb128 0x5
 1093 0037 35       		.uleb128 0x35
 1094 0038 00       		.byte	0
 1095 0039 49       		.uleb128 0x49
 1096 003a 13       		.uleb128 0x13
 1097 003b 00       		.byte	0
 1098 003c 00       		.byte	0
 1099 003d 06       		.uleb128 0x6
 1100 003e 13       		.uleb128 0x13
 1101 003f 01       		.byte	0x1
 1102 0040 03       		.uleb128 0x3
 1103 0041 0E       		.uleb128 0xe
 1104 0042 0B       		.uleb128 0xb
 1105 0043 0B       		.uleb128 0xb
 1106 0044 3A       		.uleb128 0x3a
 1107 0045 0B       		.uleb128 0xb
 1108 0046 3B       		.uleb128 0x3b
 1109 0047 0B       		.uleb128 0xb
 1110 0048 01       		.uleb128 0x1
 1111 0049 13       		.uleb128 0x13
 1112 004a 00       		.byte	0
 1113 004b 00       		.byte	0
 1114 004c 07       		.uleb128 0x7
 1115 004d 0D       		.uleb128 0xd
 1116 004e 00       		.byte	0
 1117 004f 03       		.uleb128 0x3
 1118 0050 0E       		.uleb128 0xe
 1119 0051 3A       		.uleb128 0x3a
 1120 0052 0B       		.uleb128 0xb
 1121 0053 3B       		.uleb128 0x3b
 1122 0054 0B       		.uleb128 0xb
 1123 0055 49       		.uleb128 0x49
 1124 0056 13       		.uleb128 0x13
 1125 0057 38       		.uleb128 0x38
 1126 0058 0B       		.uleb128 0xb
 1127 0059 00       		.byte	0
 1128 005a 00       		.byte	0
 1129 005b 08       		.uleb128 0x8
 1130 005c 0D       		.uleb128 0xd
 1131 005d 00       		.byte	0
 1132 005e 03       		.uleb128 0x3
ARM GAS  C:\Users\jo\AppData\Local\Temp\ccrWyxc3.s 			page 21


 1133 005f 08       		.uleb128 0x8
 1134 0060 3A       		.uleb128 0x3a
 1135 0061 0B       		.uleb128 0xb
 1136 0062 3B       		.uleb128 0x3b
 1137 0063 05       		.uleb128 0x5
 1138 0064 49       		.uleb128 0x49
 1139 0065 13       		.uleb128 0x13
 1140 0066 38       		.uleb128 0x38
 1141 0067 0B       		.uleb128 0xb
 1142 0068 00       		.byte	0
 1143 0069 00       		.byte	0
 1144 006a 09       		.uleb128 0x9
 1145 006b 0D       		.uleb128 0xd
 1146 006c 00       		.byte	0
 1147 006d 03       		.uleb128 0x3
 1148 006e 0E       		.uleb128 0xe
 1149 006f 3A       		.uleb128 0x3a
 1150 0070 0B       		.uleb128 0xb
 1151 0071 3B       		.uleb128 0x3b
 1152 0072 05       		.uleb128 0x5
 1153 0073 49       		.uleb128 0x49
 1154 0074 13       		.uleb128 0x13
 1155 0075 38       		.uleb128 0x38
 1156 0076 0B       		.uleb128 0xb
 1157 0077 00       		.byte	0
 1158 0078 00       		.byte	0
 1159 0079 0A       		.uleb128 0xa
 1160 007a 13       		.uleb128 0x13
 1161 007b 01       		.byte	0x1
 1162 007c 03       		.uleb128 0x3
 1163 007d 0E       		.uleb128 0xe
 1164 007e 0B       		.uleb128 0xb
 1165 007f 0B       		.uleb128 0xb
 1166 0080 3A       		.uleb128 0x3a
 1167 0081 0B       		.uleb128 0xb
 1168 0082 3B       		.uleb128 0x3b
 1169 0083 05       		.uleb128 0x5
 1170 0084 01       		.uleb128 0x1
 1171 0085 13       		.uleb128 0x13
 1172 0086 00       		.byte	0
 1173 0087 00       		.byte	0
 1174 0088 0B       		.uleb128 0xb
 1175 0089 0F       		.uleb128 0xf
 1176 008a 00       		.byte	0
 1177 008b 0B       		.uleb128 0xb
 1178 008c 0B       		.uleb128 0xb
 1179 008d 49       		.uleb128 0x49
 1180 008e 13       		.uleb128 0x13
 1181 008f 00       		.byte	0
 1182 0090 00       		.byte	0
 1183 0091 0C       		.uleb128 0xc
 1184 0092 15       		.uleb128 0x15
 1185 0093 01       		.byte	0x1
 1186 0094 27       		.uleb128 0x27
 1187 0095 19       		.uleb128 0x19
 1188 0096 01       		.uleb128 0x1
 1189 0097 13       		.uleb128 0x13
ARM GAS  C:\Users\jo\AppData\Local\Temp\ccrWyxc3.s 			page 22


 1190 0098 00       		.byte	0
 1191 0099 00       		.byte	0
 1192 009a 0D       		.uleb128 0xd
 1193 009b 05       		.uleb128 0x5
 1194 009c 00       		.byte	0
 1195 009d 49       		.uleb128 0x49
 1196 009e 13       		.uleb128 0x13
 1197 009f 00       		.byte	0
 1198 00a0 00       		.byte	0
 1199 00a1 0E       		.uleb128 0xe
 1200 00a2 0F       		.uleb128 0xf
 1201 00a3 00       		.byte	0
 1202 00a4 0B       		.uleb128 0xb
 1203 00a5 0B       		.uleb128 0xb
 1204 00a6 00       		.byte	0
 1205 00a7 00       		.byte	0
 1206 00a8 0F       		.uleb128 0xf
 1207 00a9 13       		.uleb128 0x13
 1208 00aa 01       		.byte	0x1
 1209 00ab 03       		.uleb128 0x3
 1210 00ac 0E       		.uleb128 0xe
 1211 00ad 0B       		.uleb128 0xb
 1212 00ae 05       		.uleb128 0x5
 1213 00af 3A       		.uleb128 0x3a
 1214 00b0 0B       		.uleb128 0xb
 1215 00b1 3B       		.uleb128 0x3b
 1216 00b2 05       		.uleb128 0x5
 1217 00b3 01       		.uleb128 0x1
 1218 00b4 13       		.uleb128 0x13
 1219 00b5 00       		.byte	0
 1220 00b6 00       		.byte	0
 1221 00b7 10       		.uleb128 0x10
 1222 00b8 0D       		.uleb128 0xd
 1223 00b9 00       		.byte	0
 1224 00ba 03       		.uleb128 0x3
 1225 00bb 08       		.uleb128 0x8
 1226 00bc 3A       		.uleb128 0x3a
 1227 00bd 0B       		.uleb128 0xb
 1228 00be 3B       		.uleb128 0x3b
 1229 00bf 0B       		.uleb128 0xb
 1230 00c0 49       		.uleb128 0x49
 1231 00c1 13       		.uleb128 0x13
 1232 00c2 38       		.uleb128 0x38
 1233 00c3 0B       		.uleb128 0xb
 1234 00c4 00       		.byte	0
 1235 00c5 00       		.byte	0
 1236 00c6 11       		.uleb128 0x11
 1237 00c7 26       		.uleb128 0x26
 1238 00c8 00       		.byte	0
 1239 00c9 49       		.uleb128 0x49
 1240 00ca 13       		.uleb128 0x13
 1241 00cb 00       		.byte	0
 1242 00cc 00       		.byte	0
 1243 00cd 12       		.uleb128 0x12
 1244 00ce 13       		.uleb128 0x13
 1245 00cf 01       		.byte	0x1
 1246 00d0 0B       		.uleb128 0xb
ARM GAS  C:\Users\jo\AppData\Local\Temp\ccrWyxc3.s 			page 23


 1247 00d1 0B       		.uleb128 0xb
 1248 00d2 3A       		.uleb128 0x3a
 1249 00d3 0B       		.uleb128 0xb
 1250 00d4 3B       		.uleb128 0x3b
 1251 00d5 0B       		.uleb128 0xb
 1252 00d6 01       		.uleb128 0x1
 1253 00d7 13       		.uleb128 0x13
 1254 00d8 00       		.byte	0
 1255 00d9 00       		.byte	0
 1256 00da 13       		.uleb128 0x13
 1257 00db 17       		.uleb128 0x17
 1258 00dc 01       		.byte	0x1
 1259 00dd 0B       		.uleb128 0xb
 1260 00de 0B       		.uleb128 0xb
 1261 00df 3A       		.uleb128 0x3a
 1262 00e0 0B       		.uleb128 0xb
 1263 00e1 3B       		.uleb128 0x3b
 1264 00e2 0B       		.uleb128 0xb
 1265 00e3 01       		.uleb128 0x1
 1266 00e4 13       		.uleb128 0x13
 1267 00e5 00       		.byte	0
 1268 00e6 00       		.byte	0
 1269 00e7 14       		.uleb128 0x14
 1270 00e8 0D       		.uleb128 0xd
 1271 00e9 00       		.byte	0
 1272 00ea 03       		.uleb128 0x3
 1273 00eb 0E       		.uleb128 0xe
 1274 00ec 3A       		.uleb128 0x3a
 1275 00ed 0B       		.uleb128 0xb
 1276 00ee 3B       		.uleb128 0x3b
 1277 00ef 0B       		.uleb128 0xb
 1278 00f0 49       		.uleb128 0x49
 1279 00f1 13       		.uleb128 0x13
 1280 00f2 00       		.byte	0
 1281 00f3 00       		.byte	0
 1282 00f4 15       		.uleb128 0x15
 1283 00f5 0D       		.uleb128 0xd
 1284 00f6 00       		.byte	0
 1285 00f7 03       		.uleb128 0x3
 1286 00f8 0E       		.uleb128 0xe
 1287 00f9 3A       		.uleb128 0x3a
 1288 00fa 0B       		.uleb128 0xb
 1289 00fb 3B       		.uleb128 0x3b
 1290 00fc 05       		.uleb128 0x5
 1291 00fd 49       		.uleb128 0x49
 1292 00fe 13       		.uleb128 0x13
 1293 00ff 00       		.byte	0
 1294 0100 00       		.byte	0
 1295 0101 16       		.uleb128 0x16
 1296 0102 01       		.uleb128 0x1
 1297 0103 01       		.byte	0x1
 1298 0104 49       		.uleb128 0x49
 1299 0105 13       		.uleb128 0x13
 1300 0106 01       		.uleb128 0x1
 1301 0107 13       		.uleb128 0x13
 1302 0108 00       		.byte	0
 1303 0109 00       		.byte	0
ARM GAS  C:\Users\jo\AppData\Local\Temp\ccrWyxc3.s 			page 24


 1304 010a 17       		.uleb128 0x17
 1305 010b 21       		.uleb128 0x21
 1306 010c 00       		.byte	0
 1307 010d 49       		.uleb128 0x49
 1308 010e 13       		.uleb128 0x13
 1309 010f 2F       		.uleb128 0x2f
 1310 0110 0B       		.uleb128 0xb
 1311 0111 00       		.byte	0
 1312 0112 00       		.byte	0
 1313 0113 18       		.uleb128 0x18
 1314 0114 2E       		.uleb128 0x2e
 1315 0115 01       		.byte	0x1
 1316 0116 3F       		.uleb128 0x3f
 1317 0117 19       		.uleb128 0x19
 1318 0118 03       		.uleb128 0x3
 1319 0119 0E       		.uleb128 0xe
 1320 011a 3A       		.uleb128 0x3a
 1321 011b 0B       		.uleb128 0xb
 1322 011c 3B       		.uleb128 0x3b
 1323 011d 0B       		.uleb128 0xb
 1324 011e 27       		.uleb128 0x27
 1325 011f 19       		.uleb128 0x19
 1326 0120 49       		.uleb128 0x49
 1327 0121 13       		.uleb128 0x13
 1328 0122 20       		.uleb128 0x20
 1329 0123 0B       		.uleb128 0xb
 1330 0124 01       		.uleb128 0x1
 1331 0125 13       		.uleb128 0x13
 1332 0126 00       		.byte	0
 1333 0127 00       		.byte	0
 1334 0128 19       		.uleb128 0x19
 1335 0129 05       		.uleb128 0x5
 1336 012a 00       		.byte	0
 1337 012b 03       		.uleb128 0x3
 1338 012c 08       		.uleb128 0x8
 1339 012d 3A       		.uleb128 0x3a
 1340 012e 0B       		.uleb128 0xb
 1341 012f 3B       		.uleb128 0x3b
 1342 0130 0B       		.uleb128 0xb
 1343 0131 49       		.uleb128 0x49
 1344 0132 13       		.uleb128 0x13
 1345 0133 00       		.byte	0
 1346 0134 00       		.byte	0
 1347 0135 1A       		.uleb128 0x1a
 1348 0136 2E       		.uleb128 0x2e
 1349 0137 01       		.byte	0x1
 1350 0138 31       		.uleb128 0x31
 1351 0139 13       		.uleb128 0x13
 1352 013a 11       		.uleb128 0x11
 1353 013b 01       		.uleb128 0x1
 1354 013c 12       		.uleb128 0x12
 1355 013d 06       		.uleb128 0x6
 1356 013e 40       		.uleb128 0x40
 1357 013f 18       		.uleb128 0x18
 1358 0140 9742     		.uleb128 0x2117
 1359 0142 19       		.uleb128 0x19
 1360 0143 01       		.uleb128 0x1
ARM GAS  C:\Users\jo\AppData\Local\Temp\ccrWyxc3.s 			page 25


 1361 0144 13       		.uleb128 0x13
 1362 0145 00       		.byte	0
 1363 0146 00       		.byte	0
 1364 0147 1B       		.uleb128 0x1b
 1365 0148 05       		.uleb128 0x5
 1366 0149 00       		.byte	0
 1367 014a 31       		.uleb128 0x31
 1368 014b 13       		.uleb128 0x13
 1369 014c 02       		.uleb128 0x2
 1370 014d 17       		.uleb128 0x17
 1371 014e 00       		.byte	0
 1372 014f 00       		.byte	0
 1373 0150 1C       		.uleb128 0x1c
 1374 0151 2E       		.uleb128 0x2e
 1375 0152 01       		.byte	0x1
 1376 0153 3F       		.uleb128 0x3f
 1377 0154 19       		.uleb128 0x19
 1378 0155 03       		.uleb128 0x3
 1379 0156 0E       		.uleb128 0xe
 1380 0157 3A       		.uleb128 0x3a
 1381 0158 0B       		.uleb128 0xb
 1382 0159 3B       		.uleb128 0x3b
 1383 015a 0B       		.uleb128 0xb
 1384 015b 27       		.uleb128 0x27
 1385 015c 19       		.uleb128 0x19
 1386 015d 49       		.uleb128 0x49
 1387 015e 13       		.uleb128 0x13
 1388 015f 11       		.uleb128 0x11
 1389 0160 01       		.uleb128 0x1
 1390 0161 12       		.uleb128 0x12
 1391 0162 06       		.uleb128 0x6
 1392 0163 40       		.uleb128 0x40
 1393 0164 18       		.uleb128 0x18
 1394 0165 9742     		.uleb128 0x2117
 1395 0167 19       		.uleb128 0x19
 1396 0168 01       		.uleb128 0x1
 1397 0169 13       		.uleb128 0x13
 1398 016a 00       		.byte	0
 1399 016b 00       		.byte	0
 1400 016c 1D       		.uleb128 0x1d
 1401 016d 05       		.uleb128 0x5
 1402 016e 00       		.byte	0
 1403 016f 03       		.uleb128 0x3
 1404 0170 08       		.uleb128 0x8
 1405 0171 3A       		.uleb128 0x3a
 1406 0172 0B       		.uleb128 0xb
 1407 0173 3B       		.uleb128 0x3b
 1408 0174 0B       		.uleb128 0xb
 1409 0175 49       		.uleb128 0x49
 1410 0176 13       		.uleb128 0x13
 1411 0177 02       		.uleb128 0x2
 1412 0178 17       		.uleb128 0x17
 1413 0179 00       		.byte	0
 1414 017a 00       		.byte	0
 1415 017b 1E       		.uleb128 0x1e
 1416 017c 34       		.uleb128 0x34
 1417 017d 00       		.byte	0
ARM GAS  C:\Users\jo\AppData\Local\Temp\ccrWyxc3.s 			page 26


 1418 017e 03       		.uleb128 0x3
 1419 017f 0E       		.uleb128 0xe
 1420 0180 3A       		.uleb128 0x3a
 1421 0181 0B       		.uleb128 0xb
 1422 0182 3B       		.uleb128 0x3b
 1423 0183 05       		.uleb128 0x5
 1424 0184 49       		.uleb128 0x49
 1425 0185 13       		.uleb128 0x13
 1426 0186 3F       		.uleb128 0x3f
 1427 0187 19       		.uleb128 0x19
 1428 0188 3C       		.uleb128 0x3c
 1429 0189 19       		.uleb128 0x19
 1430 018a 00       		.byte	0
 1431 018b 00       		.byte	0
 1432 018c 1F       		.uleb128 0x1f
 1433 018d 34       		.uleb128 0x34
 1434 018e 00       		.byte	0
 1435 018f 03       		.uleb128 0x3
 1436 0190 08       		.uleb128 0x8
 1437 0191 3A       		.uleb128 0x3a
 1438 0192 0B       		.uleb128 0xb
 1439 0193 3B       		.uleb128 0x3b
 1440 0194 05       		.uleb128 0x5
 1441 0195 49       		.uleb128 0x49
 1442 0196 13       		.uleb128 0x13
 1443 0197 3F       		.uleb128 0x3f
 1444 0198 19       		.uleb128 0x19
 1445 0199 3C       		.uleb128 0x3c
 1446 019a 19       		.uleb128 0x19
 1447 019b 00       		.byte	0
 1448 019c 00       		.byte	0
 1449 019d 00       		.byte	0
 1450              		.section	.debug_loc,"",%progbits
 1451              	.Ldebug_loc0:
 1452              	.LLST0:
 1453 0000 00000000 		.4byte	.LVL0
 1454 0004 02000000 		.4byte	.LVL1
 1455 0008 0100     		.2byte	0x1
 1456 000a 50       		.byte	0x50
 1457 000b 02000000 		.4byte	.LVL1
 1458 000f 06000000 		.4byte	.LFE256
 1459 0013 0400     		.2byte	0x4
 1460 0015 F3       		.byte	0xf3
 1461 0016 01       		.uleb128 0x1
 1462 0017 50       		.byte	0x50
 1463 0018 9F       		.byte	0x9f
 1464 0019 00000000 		.4byte	0
 1465 001d 00000000 		.4byte	0
 1466              	.LLST1:
 1467 0021 00000000 		.4byte	.LVL2
 1468 0025 02000000 		.4byte	.LVL3
 1469 0029 0100     		.2byte	0x1
 1470 002b 50       		.byte	0x50
 1471 002c 02000000 		.4byte	.LVL3
 1472 0030 06000000 		.4byte	.LFE257
 1473 0034 0400     		.2byte	0x4
 1474 0036 F3       		.byte	0xf3
ARM GAS  C:\Users\jo\AppData\Local\Temp\ccrWyxc3.s 			page 27


 1475 0037 01       		.uleb128 0x1
 1476 0038 50       		.byte	0x50
 1477 0039 9F       		.byte	0x9f
 1478 003a 00000000 		.4byte	0
 1479 003e 00000000 		.4byte	0
 1480              	.LLST2:
 1481 0042 00000000 		.4byte	.LVL4
 1482 0046 02000000 		.4byte	.LVL5
 1483 004a 0100     		.2byte	0x1
 1484 004c 50       		.byte	0x50
 1485 004d 02000000 		.4byte	.LVL5
 1486 0051 04000000 		.4byte	.LFE258
 1487 0055 0400     		.2byte	0x4
 1488 0057 F3       		.byte	0xf3
 1489 0058 01       		.uleb128 0x1
 1490 0059 50       		.byte	0x50
 1491 005a 9F       		.byte	0x9f
 1492 005b 00000000 		.4byte	0
 1493 005f 00000000 		.4byte	0
 1494              	.LLST3:
 1495 0063 00000000 		.4byte	.LVL6
 1496 0067 02000000 		.4byte	.LVL7
 1497 006b 0100     		.2byte	0x1
 1498 006d 50       		.byte	0x50
 1499 006e 02000000 		.4byte	.LVL7
 1500 0072 04000000 		.4byte	.LFE259
 1501 0076 0400     		.2byte	0x4
 1502 0078 F3       		.byte	0xf3
 1503 0079 01       		.uleb128 0x1
 1504 007a 50       		.byte	0x50
 1505 007b 9F       		.byte	0x9f
 1506 007c 00000000 		.4byte	0
 1507 0080 00000000 		.4byte	0
 1508              		.section	.debug_aranges,"",%progbits
 1509 0000 34000000 		.4byte	0x34
 1510 0004 0200     		.2byte	0x2
 1511 0006 00000000 		.4byte	.Ldebug_info0
 1512 000a 04       		.byte	0x4
 1513 000b 00       		.byte	0
 1514 000c 0000     		.2byte	0
 1515 000e 0000     		.2byte	0
 1516 0010 00000000 		.4byte	.LFB256
 1517 0014 06000000 		.4byte	.LFE256-.LFB256
 1518 0018 00000000 		.4byte	.LFB257
 1519 001c 06000000 		.4byte	.LFE257-.LFB257
 1520 0020 00000000 		.4byte	.LFB258
 1521 0024 04000000 		.4byte	.LFE258-.LFB258
 1522 0028 00000000 		.4byte	.LFB259
 1523 002c 04000000 		.4byte	.LFE259-.LFB259
 1524 0030 00000000 		.4byte	0
 1525 0034 00000000 		.4byte	0
 1526              		.section	.debug_ranges,"",%progbits
 1527              	.Ldebug_ranges0:
 1528 0000 00000000 		.4byte	.LFB256
 1529 0004 06000000 		.4byte	.LFE256
 1530 0008 00000000 		.4byte	.LFB257
 1531 000c 06000000 		.4byte	.LFE257
ARM GAS  C:\Users\jo\AppData\Local\Temp\ccrWyxc3.s 			page 28


 1532 0010 00000000 		.4byte	.LFB258
 1533 0014 04000000 		.4byte	.LFE258
 1534 0018 00000000 		.4byte	.LFB259
 1535 001c 04000000 		.4byte	.LFE259
 1536 0020 00000000 		.4byte	0
 1537 0024 00000000 		.4byte	0
 1538              		.section	.debug_line,"",%progbits
 1539              	.Ldebug_line0:
 1540 0000 56020000 		.section	.debug_str,"MS",%progbits,1
 1540      02000C02 
 1540      00000201 
 1540      FB0E0D00 
 1540      01010101 
 1541              	.LASF50:
 1542 0000 72656164 		.ascii	"ready_list_t\000"
 1542      795F6C69 
 1542      73745F74 
 1542      00
 1543              	.LASF86:
 1544 000d 7264796D 		.ascii	"rdymsg\000"
 1544      736700
 1545              	.LASF18:
 1546 0014 75696E74 		.ascii	"uint64_t\000"
 1546      36345F74 
 1546      00
 1547              	.LASF4:
 1548 001d 5F5F7569 		.ascii	"__uint8_t\000"
 1548      6E74385F 
 1548      7400
 1549              	.LASF82:
 1550 0027 706F7274 		.ascii	"port_intctx\000"
 1550      5F696E74 
 1550      63747800 
 1551              	.LASF69:
 1552 0033 73797374 		.ascii	"system_debug_t\000"
 1552      656D5F64 
 1552      65627567 
 1552      5F7400
 1553              	.LASF13:
 1554 0042 6C6F6E67 		.ascii	"long long unsigned int\000"
 1554      206C6F6E 
 1554      6720756E 
 1554      7369676E 
 1554      65642069 
 1555              	.LASF87:
 1556 0059 65786974 		.ascii	"exitcode\000"
 1556      636F6465 
 1556      00
 1557              	.LASF76:
 1558 0062 6D61696E 		.ascii	"mainthread\000"
 1558      74687265 
 1558      616400
 1559              	.LASF66:
 1560 006d 76697274 		.ascii	"virtual_timers_list_t\000"
 1560      75616C5F 
 1560      74696D65 
 1560      72735F6C 
ARM GAS  C:\Users\jo\AppData\Local\Temp\ccrWyxc3.s 			page 29


 1560      6973745F 
 1561              	.LASF102:
 1562 0083 49544D5F 		.ascii	"ITM_RxBuffer\000"
 1562      52784275 
 1562      66666572 
 1562      00
 1563              	.LASF49:
 1564 0090 63685F74 		.ascii	"ch_threads_queue\000"
 1564      68726561 
 1564      64735F71 
 1564      75657565 
 1564      00
 1565              	.LASF30:
 1566 00a1 705F7072 		.ascii	"p_prio\000"
 1566      696F00
 1567              	.LASF11:
 1568 00a8 6C6F6E67 		.ascii	"long long int\000"
 1568      206C6F6E 
 1568      6720696E 
 1568      7400
 1569              	.LASF1:
 1570 00b6 7369676E 		.ascii	"signed char\000"
 1570      65642063 
 1570      68617200 
 1571              	.LASF44:
 1572 00c2 705F6D70 		.ascii	"p_mpool\000"
 1572      6F6F6C00 
 1573              	.LASF91:
 1574 00ca 6D5F7175 		.ascii	"m_queue\000"
 1574      65756500 
 1575              	.LASF75:
 1576 00d2 76746C69 		.ascii	"vtlist\000"
 1576      737400
 1577              	.LASF73:
 1578 00d9 63685F73 		.ascii	"ch_system\000"
 1578      79737465 
 1578      6D00
 1579              	.LASF8:
 1580 00e3 6C6F6E67 		.ascii	"long int\000"
 1580      20696E74 
 1580      00
 1581              	.LASF21:
 1582 00ec 74737461 		.ascii	"tstate_t\000"
 1582      74655F74 
 1582      00
 1583              	.LASF32:
 1584 00f5 705F6E65 		.ascii	"p_newer\000"
 1584      77657200 
 1585              	.LASF55:
 1586 00fd 725F6E65 		.ascii	"r_newer\000"
 1586      77657200 
 1587              	.LASF79:
 1588 0105 72656761 		.ascii	"regarm_t\000"
 1588      726D5F74 
 1588      00
 1589              	.LASF62:
 1590 010e 76745F70 		.ascii	"vt_prev\000"
ARM GAS  C:\Users\jo\AppData\Local\Temp\ccrWyxc3.s 			page 30


 1590      72657600 
 1591              	.LASF94:
 1592 0116 6D757465 		.ascii	"mutex_t\000"
 1592      785F7400 
 1593              	.LASF77:
 1594 011e 69646C65 		.ascii	"idle_thread_wa\000"
 1594      5F746872 
 1594      6561645F 
 1594      776100
 1595              	.LASF0:
 1596 012d 756E7369 		.ascii	"unsigned int\000"
 1596      676E6564 
 1596      20696E74 
 1596      00
 1597              	.LASF61:
 1598 013a 76745F6E 		.ascii	"vt_next\000"
 1598      65787400 
 1599              	.LASF15:
 1600 0142 75696E74 		.ascii	"uint16_t\000"
 1600      31365F74 
 1600      00
 1601              	.LASF63:
 1602 014b 76745F64 		.ascii	"vt_delta\000"
 1602      656C7461 
 1602      00
 1603              	.LASF39:
 1604 0154 705F6D73 		.ascii	"p_msgqueue\000"
 1604      67717565 
 1604      756500
 1605              	.LASF97:
 1606 015f 7533325F 		.ascii	"u32_t\000"
 1606      7400
 1607              	.LASF6:
 1608 0165 73686F72 		.ascii	"short unsigned int\000"
 1608      7420756E 
 1608      7369676E 
 1608      65642069 
 1608      6E7400
 1609              	.LASF46:
 1610 0178 63685F74 		.ascii	"ch_thread\000"
 1610      68726561 
 1610      6400
 1611              	.LASF24:
 1612 0182 6D73675F 		.ascii	"msg_t\000"
 1612      7400
 1613              	.LASF72:
 1614 0188 63685F73 		.ascii	"ch_system_t\000"
 1614      79737465 
 1614      6D5F7400 
 1615              	.LASF101:
 1616 0194 6C776970 		.ascii	"lwip_ntohl\000"
 1616      5F6E746F 
 1616      686C00
 1617              	.LASF20:
 1618 019f 746D6F64 		.ascii	"tmode_t\000"
 1618      655F7400 
 1619              	.LASF100:
ARM GAS  C:\Users\jo\AppData\Local\Temp\ccrWyxc3.s 			page 31


 1620 01a7 6C776970 		.ascii	"lwip_ntohs\000"
 1620      5F6E746F 
 1620      687300
 1621              	.LASF99:
 1622 01b2 6C776970 		.ascii	"lwip_htonl\000"
 1622      5F68746F 
 1622      6E6C00
 1623              	.LASF51:
 1624 01bd 63685F72 		.ascii	"ch_ready_list\000"
 1624      65616479 
 1624      5F6C6973 
 1624      7400
 1625              	.LASF25:
 1626 01cb 6576656E 		.ascii	"eventmask_t\000"
 1626      746D6173 
 1626      6B5F7400 
 1627              	.LASF7:
 1628 01d7 5F5F696E 		.ascii	"__int32_t\000"
 1628      7433325F 
 1628      7400
 1629              	.LASF98:
 1630 01e1 6C776970 		.ascii	"lwip_htons\000"
 1630      5F68746F 
 1630      6E7300
 1631              	.LASF80:
 1632 01ec 73746B61 		.ascii	"stkalign_t\000"
 1632      6C69676E 
 1632      5F7400
 1633              	.LASF38:
 1634 01f7 705F7761 		.ascii	"p_waiting\000"
 1634      6974696E 
 1634      6700
 1635              	.LASF78:
 1636 0201 73697A65 		.ascii	"sizetype\000"
 1636      74797065 
 1636      00
 1637              	.LASF67:
 1638 020a 63685F76 		.ascii	"ch_virtual_timers_list\000"
 1638      69727475 
 1638      616C5F74 
 1638      696D6572 
 1638      735F6C69 
 1639              	.LASF68:
 1640 0221 76745F6C 		.ascii	"vt_lasttime\000"
 1640      61737474 
 1640      696D6500 
 1641              	.LASF33:
 1642 022d 705F6F6C 		.ascii	"p_older\000"
 1642      64657200 
 1643              	.LASF54:
 1644 0235 725F6374 		.ascii	"r_ctx\000"
 1644      7800
 1645              	.LASF85:
 1646 023b 746D5F63 		.ascii	"tm_calibration_t\000"
 1646      616C6962 
 1646      72617469 
 1646      6F6E5F74 
ARM GAS  C:\Users\jo\AppData\Local\Temp\ccrWyxc3.s 			page 32


 1646      00
 1647              	.LASF57:
 1648 024c 725F6375 		.ascii	"r_current\000"
 1648      7272656E 
 1648      7400
 1649              	.LASF56:
 1650 0256 725F6F6C 		.ascii	"r_older\000"
 1650      64657200 
 1651              	.LASF12:
 1652 025e 5F5F7569 		.ascii	"__uint64_t\000"
 1652      6E743634 
 1652      5F7400
 1653              	.LASF22:
 1654 0269 74726566 		.ascii	"trefs_t\000"
 1654      735F7400 
 1655              	.LASF59:
 1656 0271 76697274 		.ascii	"virtual_timer_t\000"
 1656      75616C5F 
 1656      74696D65 
 1656      725F7400 
 1657              	.LASF29:
 1658 0281 705F7072 		.ascii	"p_prev\000"
 1658      657600
 1659              	.LASF23:
 1660 0288 74707269 		.ascii	"tprio_t\000"
 1660      6F5F7400 
 1661              	.LASF90:
 1662 0290 6D757465 		.ascii	"mutex\000"
 1662      7800
 1663              	.LASF70:
 1664 0296 63685F73 		.ascii	"ch_system_debug\000"
 1664      79737465 
 1664      6D5F6465 
 1664      62756700 
 1665              	.LASF95:
 1666 02a6 5F426F6F 		.ascii	"_Bool\000"
 1666      6C00
 1667              	.LASF16:
 1668 02ac 696E7433 		.ascii	"int32_t\000"
 1668      325F7400 
 1669              	.LASF2:
 1670 02b4 756E7369 		.ascii	"unsigned char\000"
 1670      676E6564 
 1670      20636861 
 1670      7200
 1671              	.LASF42:
 1672 02c2 705F6D74 		.ascii	"p_mtxlist\000"
 1672      786C6973 
 1672      7400
 1673              	.LASF3:
 1674 02cc 73686F72 		.ascii	"short int\000"
 1674      7420696E 
 1674      7400
 1675              	.LASF35:
 1676 02d6 705F7374 		.ascii	"p_state\000"
 1676      61746500 
 1677              	.LASF53:
ARM GAS  C:\Users\jo\AppData\Local\Temp\ccrWyxc3.s 			page 33


 1678 02de 725F7072 		.ascii	"r_prio\000"
 1678      696F00
 1679              	.LASF89:
 1680 02e5 65776D61 		.ascii	"ewmask\000"
 1680      736B00
 1681              	.LASF28:
 1682 02ec 705F6E65 		.ascii	"p_next\000"
 1682      787400
 1683              	.LASF103:
 1684 02f3 474E5520 		.ascii	"GNU C 4.9.3 20141119 (release) [ARM/embedded-4_9-br"
 1684      4320342E 
 1684      392E3320 
 1684      32303134 
 1684      31313139 
 1685 0326 616E6368 		.ascii	"anch revision 218278] -mcpu=cortex-m4 -mfloat-abi=h"
 1685      20726576 
 1685      6973696F 
 1685      6E203231 
 1685      38323738 
 1686 0359 61726420 		.ascii	"ard -mfpu=fpv4-sp-d16 -mno-thumb-interwork -mthumb "
 1686      2D6D6670 
 1686      753D6670 
 1686      76342D73 
 1686      702D6431 
 1687 038c 2D676764 		.ascii	"-ggdb -O2 -fomit-frame-pointer -falign-functions=16"
 1687      62202D4F 
 1687      32202D66 
 1687      6F6D6974 
 1687      2D667261 
 1688 03bf 202D6666 		.ascii	" -ffunction-sections -fdata-sections -fno-common -f"
 1688      756E6374 
 1688      696F6E2D 
 1688      73656374 
 1688      696F6E73 
 1689 03f2 73696E67 		.ascii	"single-precision-constant\000"
 1689      6C652D70 
 1689      72656369 
 1689      73696F6E 
 1689      2D636F6E 
 1690              	.LASF36:
 1691 040c 705F666C 		.ascii	"p_flags\000"
 1691      61677300 
 1692              	.LASF60:
 1693 0414 63685F76 		.ascii	"ch_virtual_timer\000"
 1693      69727475 
 1693      616C5F74 
 1693      696D6572 
 1693      00
 1694              	.LASF41:
 1695 0425 705F6570 		.ascii	"p_epending\000"
 1695      656E6469 
 1695      6E6700
 1696              	.LASF17:
 1697 0430 75696E74 		.ascii	"uint32_t\000"
 1697      33325F74 
 1697      00
 1698              	.LASF52:
ARM GAS  C:\Users\jo\AppData\Local\Temp\ccrWyxc3.s 			page 34


 1699 0439 725F7175 		.ascii	"r_queue\000"
 1699      65756500 
 1700              	.LASF47:
 1701 0441 63685F74 		.ascii	"ch_threads_list\000"
 1701      68726561 
 1701      64735F6C 
 1701      69737400 
 1702              	.LASF10:
 1703 0451 6C6F6E67 		.ascii	"long unsigned int\000"
 1703      20756E73 
 1703      69676E65 
 1703      6420696E 
 1703      7400
 1704              	.LASF83:
 1705 0463 63686172 		.ascii	"char\000"
 1705      00
 1706              	.LASF105:
 1707 0468 433A5C55 		.ascii	"C:\\Users\\jo\\Documents\\GitHub\\ChibiOS\\demos\\S"
 1707      73657273 
 1707      5C6A6F5C 
 1707      446F6375 
 1707      6D656E74 
 1708 0494 544D3332 		.ascii	"TM32\\RT-STM32F407-DISCOVERY\000"
 1708      5C52542D 
 1708      53544D33 
 1708      32463430 
 1708      372D4449 
 1709              	.LASF5:
 1710 04b0 5F5F7569 		.ascii	"__uint16_t\000"
 1710      6E743136 
 1710      5F7400
 1711              	.LASF27:
 1712 04bb 74687265 		.ascii	"thread_t\000"
 1712      61645F74 
 1712      00
 1713              	.LASF93:
 1714 04c4 6D5F6E65 		.ascii	"m_next\000"
 1714      787400
 1715              	.LASF26:
 1716 04cb 73797374 		.ascii	"systime_t\000"
 1716      696D655F 
 1716      7400
 1717              	.LASF43:
 1718 04d5 705F7265 		.ascii	"p_realprio\000"
 1718      616C7072 
 1718      696F00
 1719              	.LASF58:
 1720 04e0 76746675 		.ascii	"vtfunc_t\000"
 1720      6E635F74 
 1720      00
 1721              	.LASF9:
 1722 04e9 5F5F7569 		.ascii	"__uint32_t\000"
 1722      6E743332 
 1722      5F7400
 1723              	.LASF71:
 1724 04f4 70616E69 		.ascii	"panic_msg\000"
 1724      635F6D73 
ARM GAS  C:\Users\jo\AppData\Local\Temp\ccrWyxc3.s 			page 35


 1724      6700
 1725              	.LASF84:
 1726 04fe 6F666673 		.ascii	"offset\000"
 1726      657400
 1727              	.LASF81:
 1728 0505 636F6E74 		.ascii	"context\000"
 1728      65787400 
 1729              	.LASF104:
 1730 050d 2E2E2F2E 		.ascii	"../../../os/ext/lwip-1.4.1/src/core/def.c\000"
 1730      2E2F2E2E 
 1730      2F6F732F 
 1730      6578742F 
 1730      6C776970 
 1731              	.LASF19:
 1732 0537 7274636E 		.ascii	"rtcnt_t\000"
 1732      745F7400 
 1733              	.LASF65:
 1734 053f 76745F70 		.ascii	"vt_par\000"
 1734      617200
 1735              	.LASF96:
 1736 0546 7531365F 		.ascii	"u16_t\000"
 1736      7400
 1737              	.LASF48:
 1738 054c 74687265 		.ascii	"threads_queue_t\000"
 1738      6164735F 
 1738      71756575 
 1738      655F7400 
 1739              	.LASF37:
 1740 055c 705F7265 		.ascii	"p_refs\000"
 1740      667300
 1741              	.LASF74:
 1742 0563 726C6973 		.ascii	"rlist\000"
 1742      7400
 1743              	.LASF14:
 1744 0569 75696E74 		.ascii	"uint8_t\000"
 1744      385F7400 
 1745              	.LASF88:
 1746 0571 77746F62 		.ascii	"wtobjp\000"
 1746      6A7000
 1747              	.LASF34:
 1748 0578 705F6E61 		.ascii	"p_name\000"
 1748      6D6500
 1749              	.LASF45:
 1750 057f 74687265 		.ascii	"threads_list_t\000"
 1750      6164735F 
 1750      6C697374 
 1750      5F7400
 1751              	.LASF40:
 1752 058e 705F6D73 		.ascii	"p_msg\000"
 1752      6700
 1753              	.LASF92:
 1754 0594 6D5F6F77 		.ascii	"m_owner\000"
 1754      6E657200 
 1755              	.LASF31:
 1756 059c 705F6374 		.ascii	"p_ctx\000"
 1756      7800
 1757              	.LASF64:
ARM GAS  C:\Users\jo\AppData\Local\Temp\ccrWyxc3.s 			page 36


 1758 05a2 76745F66 		.ascii	"vt_func\000"
 1758      756E6300 
 1759              		.ident	"GCC: (GNU Tools for ARM Embedded Processors) 4.9.3 20141119 (release) [ARM/embedded-4_9-br
ARM GAS  C:\Users\jo\AppData\Local\Temp\ccrWyxc3.s 			page 37


DEFINED SYMBOLS
                            *ABS*:00000000 def.c
C:\Users\jo\AppData\Local\Temp\ccrWyxc3.s:21     .text.lwip_htons:00000000 $t
C:\Users\jo\AppData\Local\Temp\ccrWyxc3.s:27     .text.lwip_htons:00000000 lwip_htons
C:\Users\jo\AppData\Local\Temp\ccrWyxc3.s:45     .text.lwip_ntohs:00000000 $t
C:\Users\jo\AppData\Local\Temp\ccrWyxc3.s:51     .text.lwip_ntohs:00000000 lwip_ntohs
C:\Users\jo\AppData\Local\Temp\ccrWyxc3.s:68     .text.lwip_htonl:00000000 $t
C:\Users\jo\AppData\Local\Temp\ccrWyxc3.s:74     .text.lwip_htonl:00000000 lwip_htonl
C:\Users\jo\AppData\Local\Temp\ccrWyxc3.s:90     .text.lwip_ntohl:00000000 $t
C:\Users\jo\AppData\Local\Temp\ccrWyxc3.s:96     .text.lwip_ntohl:00000000 lwip_ntohl
                     .debug_frame:00000010 $d

NO UNDEFINED SYMBOLS
