ARM GAS  C:\Users\jo\AppData\Local\Temp\ccCiS4ab.s 			page 1


   1              		.syntax unified
   2              		.cpu cortex-m4
   3              		.eabi_attribute 27, 3
   4              		.eabi_attribute 28, 1
   5              		.fpu fpv4-sp-d16
   6              		.eabi_attribute 20, 1
   7              		.eabi_attribute 21, 1
   8              		.eabi_attribute 23, 3
   9              		.eabi_attribute 24, 1
  10              		.eabi_attribute 25, 1
  11              		.eabi_attribute 26, 1
  12              		.eabi_attribute 30, 2
  13              		.eabi_attribute 34, 1
  14              		.eabi_attribute 18, 4
  15              		.thumb
  16              		.file	"init.c"
  17              		.text
  18              	.Ltext0:
  19              		.cfi_sections	.debug_frame
  20              		.section	.text.lwip_init,"ax",%progbits
  21              		.align	2
  22              		.p2align 4,,15
  23              		.global	lwip_init
  24              		.thumb
  25              		.thumb_func
  26              		.type	lwip_init, %function
  27              	lwip_init:
  28              	.LFB256:
  29              		.file 1 "../../../os/ext/lwip-1.4.1/src/core/init.c"
  30              		.loc 1 290 0
  31              		.cfi_startproc
  32              		@ args = 0, pretend = 0, frame = 0
  33              		@ frame_needed = 0, uses_anonymous_args = 0
  34 0000 08B5     		push	{r3, lr}
  35              		.cfi_def_cfa_offset 8
  36              		.cfi_offset 3, -8
  37              		.cfi_offset 14, -4
  38              		.loc 1 292 0
  39 0002 FFF7FEFF 		bl	stats_init
  40              	.LVL0:
  41              		.loc 1 294 0
  42 0006 FFF7FEFF 		bl	sys_init
  43              	.LVL1:
  44              		.loc 1 296 0
  45 000a FFF7FEFF 		bl	mem_init
  46              	.LVL2:
  47              		.loc 1 297 0
  48 000e FFF7FEFF 		bl	memp_init
  49              	.LVL3:
  50              		.loc 1 299 0
  51 0012 FFF7FEFF 		bl	netif_init
  52              	.LVL4:
  53              		.loc 1 301 0
  54 0016 FFF7FEFF 		bl	lwip_socket_init
  55              	.LVL5:
  56              		.loc 1 311 0
  57 001a FFF7FEFF 		bl	udp_init
ARM GAS  C:\Users\jo\AppData\Local\Temp\ccCiS4ab.s 			page 2


  58              	.LVL6:
  59              		.loc 1 314 0
  60 001e FFF7FEFF 		bl	tcp_init
  61              	.LVL7:
  62              		.loc 1 332 0
  63 0022 BDE80840 		pop	{r3, lr}
  64              		.cfi_restore 14
  65              		.cfi_restore 3
  66              		.cfi_def_cfa_offset 0
  67              		.loc 1 330 0
  68 0026 FFF7FEBF 		b	sys_timeouts_init
  69              	.LVL8:
  70              		.cfi_endproc
  71              	.LFE256:
  72              		.size	lwip_init, .-lwip_init
  73 002a 00BFAFF3 		.text
  73      0080
  74              	.Letext0:
  75              		.file 2 "c:\\program files\\gnu tools arm embedded\\4.9 2014q4\\arm-none-eabi\\include\\machine\\_
  76              		.file 3 "c:\\program files\\gnu tools arm embedded\\4.9 2014q4\\arm-none-eabi\\include\\stdint.h"
  77              		.file 4 "../../../os/rt/ports/ARMCMx/compilers/GCC/chtypes.h"
  78              		.file 5 "../../../os/rt/include/chsystypes.h"
  79              		.file 6 "../../../os/rt/include/chschd.h"
  80              		.file 7 "../../../os/rt/ports/ARMCMx/chcore.h"
  81              		.file 8 "../../../os/rt/ports/ARMCMx/chcore_v7m.h"
  82              		.file 9 "../../../os/rt/include/chtm.h"
  83              		.file 10 "../../../os/rt/include/chmtx.h"
  84              		.file 11 "../../../os/ext/lwip-1.4.1/src/include/lwip/stats.h"
  85              		.file 12 "../../../os/ext/lwip-1.4.1/src/include/lwip/sys.h"
  86              		.file 13 "../../../os/ext/lwip-1.4.1/src/include/lwip/mem.h"
  87              		.file 14 "../../../os/ext/lwip-1.4.1/src/include/lwip/memp.h"
  88              		.file 15 "../../../os/ext/lwip-1.4.1/src/include/lwip/netif.h"
  89              		.file 16 "../../../os/ext/lwip-1.4.1/src/include/lwip/sockets.h"
  90              		.file 17 "../../../os/ext/lwip-1.4.1/src/include/lwip/udp.h"
  91              		.file 18 "../../../os/ext/lwip-1.4.1/src/include/lwip/tcp_impl.h"
  92              		.file 19 "../../../os/ext/lwip-1.4.1/src/include/lwip/timers.h"
  93              		.file 20 "../../../os/ext/CMSIS/include/core_cm4.h"
  94              		.section	.debug_info,"",%progbits
  95              	.Ldebug_info0:
  96 0000 39070000 		.4byte	0x739
  97 0004 0400     		.2byte	0x4
  98 0006 00000000 		.4byte	.Ldebug_abbrev0
  99 000a 04       		.byte	0x4
 100 000b 01       		.uleb128 0x1
 101 000c 05040000 		.4byte	.LASF104
 102 0010 01       		.byte	0x1
 103 0011 78000000 		.4byte	.LASF105
 104 0015 A3030000 		.4byte	.LASF106
 105 0019 00000000 		.4byte	.Ldebug_ranges0+0
 106 001d 00000000 		.4byte	0
 107 0021 00000000 		.4byte	.Ldebug_line0
 108 0025 02       		.uleb128 0x2
 109 0026 04       		.byte	0x4
 110 0027 05       		.byte	0x5
 111 0028 696E7400 		.ascii	"int\000"
 112 002c 03       		.uleb128 0x3
 113 002d 04       		.byte	0x4
ARM GAS  C:\Users\jo\AppData\Local\Temp\ccCiS4ab.s 			page 3


 114 002e 07       		.byte	0x7
 115 002f 58010000 		.4byte	.LASF0
 116 0033 03       		.uleb128 0x3
 117 0034 01       		.byte	0x1
 118 0035 06       		.byte	0x6
 119 0036 DF000000 		.4byte	.LASF1
 120 003a 04       		.uleb128 0x4
 121 003b 27000000 		.4byte	.LASF5
 122 003f 02       		.byte	0x2
 123 0040 1D       		.byte	0x1d
 124 0041 45000000 		.4byte	0x45
 125 0045 03       		.uleb128 0x3
 126 0046 01       		.byte	0x1
 127 0047 08       		.byte	0x8
 128 0048 E2020000 		.4byte	.LASF2
 129 004c 03       		.uleb128 0x3
 130 004d 02       		.byte	0x2
 131 004e 05       		.byte	0x5
 132 004f FA020000 		.4byte	.LASF3
 133 0053 03       		.uleb128 0x3
 134 0054 02       		.byte	0x2
 135 0055 07       		.byte	0x7
 136 0056 7C010000 		.4byte	.LASF4
 137 005a 04       		.uleb128 0x4
 138 005b E9010000 		.4byte	.LASF6
 139 005f 02       		.byte	0x2
 140 0060 3F       		.byte	0x3f
 141 0061 65000000 		.4byte	0x65
 142 0065 03       		.uleb128 0x3
 143 0066 04       		.byte	0x4
 144 0067 05       		.byte	0x5
 145 0068 05010000 		.4byte	.LASF7
 146 006c 04       		.uleb128 0x4
 147 006d 27050000 		.4byte	.LASF8
 148 0071 02       		.byte	0x2
 149 0072 41       		.byte	0x41
 150 0073 77000000 		.4byte	0x77
 151 0077 03       		.uleb128 0x3
 152 0078 04       		.byte	0x4
 153 0079 07       		.byte	0x7
 154 007a 8C030000 		.4byte	.LASF9
 155 007e 03       		.uleb128 0x3
 156 007f 08       		.byte	0x8
 157 0080 05       		.byte	0x5
 158 0081 D1000000 		.4byte	.LASF10
 159 0085 04       		.uleb128 0x4
 160 0086 8C020000 		.4byte	.LASF11
 161 008a 02       		.byte	0x2
 162 008b 5B       		.byte	0x5b
 163 008c 90000000 		.4byte	0x90
 164 0090 03       		.uleb128 0x3
 165 0091 08       		.byte	0x8
 166 0092 07       		.byte	0x7
 167 0093 44000000 		.4byte	.LASF12
 168 0097 04       		.uleb128 0x4
 169 0098 80050000 		.4byte	.LASF13
 170 009c 03       		.byte	0x3
ARM GAS  C:\Users\jo\AppData\Local\Temp\ccCiS4ab.s 			page 4


 171 009d 15       		.byte	0x15
 172 009e 3A000000 		.4byte	0x3a
 173 00a2 04       		.uleb128 0x4
 174 00a3 DA020000 		.4byte	.LASF14
 175 00a7 03       		.byte	0x3
 176 00a8 2C       		.byte	0x2c
 177 00a9 5A000000 		.4byte	0x5a
 178 00ad 04       		.uleb128 0x4
 179 00ae 62030000 		.4byte	.LASF15
 180 00b2 03       		.byte	0x3
 181 00b3 2D       		.byte	0x2d
 182 00b4 6C000000 		.4byte	0x6c
 183 00b8 04       		.uleb128 0x4
 184 00b9 1E000000 		.4byte	.LASF16
 185 00bd 03       		.byte	0x3
 186 00be 39       		.byte	0x39
 187 00bf 85000000 		.4byte	0x85
 188 00c3 05       		.uleb128 0x5
 189 00c4 A2000000 		.4byte	0xa2
 190 00c8 04       		.uleb128 0x4
 191 00c9 14020000 		.4byte	.LASF17
 192 00cd 04       		.byte	0x4
 193 00ce 45       		.byte	0x45
 194 00cf AD000000 		.4byte	0xad
 195 00d3 04       		.uleb128 0x4
 196 00d4 C7010000 		.4byte	.LASF18
 197 00d8 04       		.byte	0x4
 198 00d9 48       		.byte	0x48
 199 00da 97000000 		.4byte	0x97
 200 00de 04       		.uleb128 0x4
 201 00df 0E010000 		.4byte	.LASF19
 202 00e3 04       		.byte	0x4
 203 00e4 49       		.byte	0x49
 204 00e5 97000000 		.4byte	0x97
 205 00e9 04       		.uleb128 0x4
 206 00ea 97020000 		.4byte	.LASF20
 207 00ee 04       		.byte	0x4
 208 00ef 4A       		.byte	0x4a
 209 00f0 97000000 		.4byte	0x97
 210 00f4 04       		.uleb128 0x4
 211 00f5 B6020000 		.4byte	.LASF21
 212 00f9 04       		.byte	0x4
 213 00fa 4C       		.byte	0x4c
 214 00fb AD000000 		.4byte	0xad
 215 00ff 04       		.uleb128 0x4
 216 0100 AA010000 		.4byte	.LASF22
 217 0104 04       		.byte	0x4
 218 0105 4D       		.byte	0x4d
 219 0106 A2000000 		.4byte	0xa2
 220 010a 04       		.uleb128 0x4
 221 010b DD010000 		.4byte	.LASF23
 222 010f 04       		.byte	0x4
 223 0110 4F       		.byte	0x4f
 224 0111 AD000000 		.4byte	0xad
 225 0115 04       		.uleb128 0x4
 226 0116 FB030000 		.4byte	.LASF24
 227 011a 05       		.byte	0x5
ARM GAS  C:\Users\jo\AppData\Local\Temp\ccCiS4ab.s 			page 5


 228 011b 33       		.byte	0x33
 229 011c AD000000 		.4byte	0xad
 230 0120 04       		.uleb128 0x4
 231 0121 EB030000 		.4byte	.LASF25
 232 0125 05       		.byte	0x5
 233 0126 3F       		.byte	0x3f
 234 0127 2B010000 		.4byte	0x12b
 235 012b 06       		.uleb128 0x6
 236 012c 8F010000 		.4byte	.LASF44
 237 0130 44       		.byte	0x44
 238 0131 06       		.byte	0x6
 239 0132 BE       		.byte	0xbe
 240 0133 18020000 		.4byte	0x218
 241 0137 07       		.uleb128 0x7
 242 0138 25030000 		.4byte	.LASF26
 243 013c 06       		.byte	0x6
 244 013d BF       		.byte	0xbf
 245 013e D4050000 		.4byte	0x5d4
 246 0142 00       		.byte	0
 247 0143 07       		.uleb128 0x7
 248 0144 AF020000 		.4byte	.LASF27
 249 0148 06       		.byte	0x6
 250 0149 C1       		.byte	0xc1
 251 014a D4050000 		.4byte	0x5d4
 252 014e 04       		.byte	0x4
 253 014f 07       		.uleb128 0x7
 254 0150 CA000000 		.4byte	.LASF28
 255 0154 06       		.byte	0x6
 256 0155 C3       		.byte	0xc3
 257 0156 F4000000 		.4byte	0xf4
 258 015a 08       		.byte	0x8
 259 015b 07       		.uleb128 0x7
 260 015c C0050000 		.4byte	.LASF29
 261 0160 06       		.byte	0x6
 262 0161 C4       		.byte	0xc4
 263 0162 42040000 		.4byte	0x442
 264 0166 0C       		.byte	0xc
 265 0167 07       		.uleb128 0x7
 266 0168 17010000 		.4byte	.LASF30
 267 016c 06       		.byte	0x6
 268 016d C6       		.byte	0xc6
 269 016e D4050000 		.4byte	0x5d4
 270 0172 10       		.byte	0x10
 271 0173 07       		.uleb128 0x7
 272 0174 5B020000 		.4byte	.LASF31
 273 0178 06       		.byte	0x6
 274 0179 C7       		.byte	0xc7
 275 017a D4050000 		.4byte	0x5d4
 276 017e 14       		.byte	0x14
 277 017f 07       		.uleb128 0x7
 278 0180 98050000 		.4byte	.LASF32
 279 0184 06       		.byte	0x6
 280 0185 CE       		.byte	0xce
 281 0186 A9050000 		.4byte	0x5a9
 282 018a 18       		.byte	0x18
 283 018b 07       		.uleb128 0x7
 284 018c 04030000 		.4byte	.LASF33
ARM GAS  C:\Users\jo\AppData\Local\Temp\ccCiS4ab.s 			page 6


 285 0190 06       		.byte	0x6
 286 0191 D9       		.byte	0xd9
 287 0192 DE000000 		.4byte	0xde
 288 0196 1C       		.byte	0x1c
 289 0197 07       		.uleb128 0x7
 290 0198 2C030000 		.4byte	.LASF34
 291 019c 06       		.byte	0x6
 292 019d DD       		.byte	0xdd
 293 019e D3000000 		.4byte	0xd3
 294 01a2 1D       		.byte	0x1d
 295 01a3 07       		.uleb128 0x7
 296 01a4 73050000 		.4byte	.LASF35
 297 01a8 06       		.byte	0x6
 298 01a9 E2       		.byte	0xe2
 299 01aa E9000000 		.4byte	0xe9
 300 01ae 1E       		.byte	0x1e
 301 01af 08       		.uleb128 0x8
 302 01b0 705F7500 		.ascii	"p_u\000"
 303 01b4 06       		.byte	0x6
 304 01b5 1401     		.2byte	0x114
 305 01b7 DA050000 		.4byte	0x5da
 306 01bb 20       		.byte	0x20
 307 01bc 09       		.uleb128 0x9
 308 01bd C6050000 		.4byte	.LASF36
 309 01c1 06       		.byte	0x6
 310 01c2 1901     		.2byte	0x119
 311 01c4 18020000 		.4byte	0x218
 312 01c8 24       		.byte	0x24
 313 01c9 09       		.uleb128 0x9
 314 01ca 51050000 		.4byte	.LASF37
 315 01ce 06       		.byte	0x6
 316 01cf 1F01     		.2byte	0x11f
 317 01d1 3C020000 		.4byte	0x23c
 318 01d5 28       		.byte	0x28
 319 01d6 09       		.uleb128 0x9
 320 01d7 4B050000 		.4byte	.LASF38
 321 01db 06       		.byte	0x6
 322 01dc 2301     		.2byte	0x123
 323 01de FF000000 		.4byte	0xff
 324 01e2 30       		.byte	0x30
 325 01e3 09       		.uleb128 0x9
 326 01e4 4E030000 		.4byte	.LASF39
 327 01e8 06       		.byte	0x6
 328 01e9 2901     		.2byte	0x129
 329 01eb 0A010000 		.4byte	0x10a
 330 01ef 34       		.byte	0x34
 331 01f0 09       		.uleb128 0x9
 332 01f1 F0020000 		.4byte	.LASF40
 333 01f5 06       		.byte	0x6
 334 01f6 3001     		.2byte	0x130
 335 01f8 43060000 		.4byte	0x643
 336 01fc 38       		.byte	0x38
 337 01fd 09       		.uleb128 0x9
 338 01fe B0010000 		.4byte	.LASF41
 339 0202 06       		.byte	0x6
 340 0203 3401     		.2byte	0x134
 341 0205 F4000000 		.4byte	0xf4
ARM GAS  C:\Users\jo\AppData\Local\Temp\ccCiS4ab.s 			page 7


 342 0209 3C       		.byte	0x3c
 343 020a 09       		.uleb128 0x9
 344 020b EB000000 		.4byte	.LASF42
 345 020f 06       		.byte	0x6
 346 0210 3A01     		.2byte	0x13a
 347 0212 EF020000 		.4byte	0x2ef
 348 0216 40       		.byte	0x40
 349 0217 00       		.byte	0
 350 0218 04       		.uleb128 0x4
 351 0219 9F050000 		.4byte	.LASF43
 352 021d 05       		.byte	0x5
 353 021e 44       		.byte	0x44
 354 021f 23020000 		.4byte	0x223
 355 0223 06       		.uleb128 0x6
 356 0224 7C030000 		.4byte	.LASF45
 357 0228 04       		.byte	0x4
 358 0229 06       		.byte	0x6
 359 022a AC       		.byte	0xac
 360 022b 3C020000 		.4byte	0x23c
 361 022f 07       		.uleb128 0x7
 362 0230 25030000 		.4byte	.LASF26
 363 0234 06       		.byte	0x6
 364 0235 AD       		.byte	0xad
 365 0236 D4050000 		.4byte	0x5d4
 366 023a 00       		.byte	0
 367 023b 00       		.byte	0
 368 023c 04       		.uleb128 0x4
 369 023d 63050000 		.4byte	.LASF46
 370 0241 05       		.byte	0x5
 371 0242 4B       		.byte	0x4b
 372 0243 47020000 		.4byte	0x247
 373 0247 06       		.uleb128 0x6
 374 0248 B9000000 		.4byte	.LASF47
 375 024c 08       		.byte	0x8
 376 024d 06       		.byte	0x6
 377 024e B3       		.byte	0xb3
 378 024f 6C020000 		.4byte	0x26c
 379 0253 07       		.uleb128 0x7
 380 0254 25030000 		.4byte	.LASF26
 381 0258 06       		.byte	0x6
 382 0259 B4       		.byte	0xb4
 383 025a D4050000 		.4byte	0x5d4
 384 025e 00       		.byte	0
 385 025f 07       		.uleb128 0x7
 386 0260 AF020000 		.4byte	.LASF27
 387 0264 06       		.byte	0x6
 388 0265 B5       		.byte	0xb5
 389 0266 D4050000 		.4byte	0x5d4
 390 026a 04       		.byte	0x4
 391 026b 00       		.byte	0
 392 026c 04       		.uleb128 0x4
 393 026d 0A000000 		.4byte	.LASF48
 394 0271 05       		.byte	0x5
 395 0272 52       		.byte	0x52
 396 0273 77020000 		.4byte	0x277
 397 0277 0A       		.uleb128 0xa
 398 0278 CF010000 		.4byte	.LASF49
ARM GAS  C:\Users\jo\AppData\Local\Temp\ccCiS4ab.s 			page 8


 399 027c 1C       		.byte	0x1c
 400 027d 06       		.byte	0x6
 401 027e 7201     		.2byte	0x172
 402 0280 D3020000 		.4byte	0x2d3
 403 0284 09       		.uleb128 0x9
 404 0285 6B030000 		.4byte	.LASF50
 405 0289 06       		.byte	0x6
 406 028a 7301     		.2byte	0x173
 407 028c 3C020000 		.4byte	0x23c
 408 0290 00       		.byte	0
 409 0291 09       		.uleb128 0x9
 410 0292 0C030000 		.4byte	.LASF51
 411 0296 06       		.byte	0x6
 412 0297 7401     		.2byte	0x174
 413 0299 F4000000 		.4byte	0xf4
 414 029d 08       		.byte	0x8
 415 029e 09       		.uleb128 0x9
 416 029f 63020000 		.4byte	.LASF52
 417 02a3 06       		.byte	0x6
 418 02a4 7601     		.2byte	0x176
 419 02a6 42040000 		.4byte	0x442
 420 02aa 0C       		.byte	0xc
 421 02ab 09       		.uleb128 0x9
 422 02ac 28010000 		.4byte	.LASF53
 423 02b0 06       		.byte	0x6
 424 02b1 7901     		.2byte	0x179
 425 02b3 D4050000 		.4byte	0x5d4
 426 02b7 10       		.byte	0x10
 427 02b8 09       		.uleb128 0x9
 428 02b9 84020000 		.4byte	.LASF54
 429 02bd 06       		.byte	0x6
 430 02be 7A01     		.2byte	0x17a
 431 02c0 D4050000 		.4byte	0x5d4
 432 02c4 14       		.byte	0x14
 433 02c5 09       		.uleb128 0x9
 434 02c6 7A020000 		.4byte	.LASF55
 435 02ca 06       		.byte	0x6
 436 02cb 7D01     		.2byte	0x17d
 437 02cd D4050000 		.4byte	0x5d4
 438 02d1 18       		.byte	0x18
 439 02d2 00       		.byte	0
 440 02d3 04       		.uleb128 0x4
 441 02d4 1E050000 		.4byte	.LASF56
 442 02d8 05       		.byte	0x5
 443 02d9 57       		.byte	0x57
 444 02da DE020000 		.4byte	0x2de
 445 02de 0B       		.uleb128 0xb
 446 02df 04       		.byte	0x4
 447 02e0 E4020000 		.4byte	0x2e4
 448 02e4 0C       		.uleb128 0xc
 449 02e5 EF020000 		.4byte	0x2ef
 450 02e9 0D       		.uleb128 0xd
 451 02ea EF020000 		.4byte	0x2ef
 452 02ee 00       		.byte	0
 453 02ef 0E       		.uleb128 0xe
 454 02f0 04       		.byte	0x4
 455 02f1 04       		.uleb128 0x4
ARM GAS  C:\Users\jo\AppData\Local\Temp\ccCiS4ab.s 			page 9


 456 02f2 9F020000 		.4byte	.LASF57
 457 02f6 05       		.byte	0x5
 458 02f7 5C       		.byte	0x5c
 459 02f8 FC020000 		.4byte	0x2fc
 460 02fc 0A       		.uleb128 0xa
 461 02fd 3D030000 		.4byte	.LASF58
 462 0301 14       		.byte	0x14
 463 0302 06       		.byte	0x6
 464 0303 4D01     		.2byte	0x14d
 465 0305 4B030000 		.4byte	0x34b
 466 0309 09       		.uleb128 0x9
 467 030a 65010000 		.4byte	.LASF59
 468 030e 06       		.byte	0x6
 469 030f 4E01     		.2byte	0x14e
 470 0311 49060000 		.4byte	0x649
 471 0315 00       		.byte	0
 472 0316 09       		.uleb128 0x9
 473 0317 39010000 		.4byte	.LASF60
 474 031b 06       		.byte	0x6
 475 031c 4F01     		.2byte	0x14f
 476 031e 49060000 		.4byte	0x649
 477 0322 04       		.byte	0x4
 478 0323 09       		.uleb128 0x9
 479 0324 73030000 		.4byte	.LASF61
 480 0328 06       		.byte	0x6
 481 0329 5001     		.2byte	0x150
 482 032b 15010000 		.4byte	0x115
 483 032f 08       		.byte	0x8
 484 0330 09       		.uleb128 0x9
 485 0331 33020000 		.4byte	.LASF62
 486 0335 06       		.byte	0x6
 487 0336 5101     		.2byte	0x151
 488 0338 D3020000 		.4byte	0x2d3
 489 033c 0C       		.byte	0xc
 490 033d 09       		.uleb128 0x9
 491 033e 5C050000 		.4byte	.LASF63
 492 0342 06       		.byte	0x6
 493 0343 5301     		.2byte	0x153
 494 0345 EF020000 		.4byte	0x2ef
 495 0349 10       		.byte	0x10
 496 034a 00       		.byte	0
 497 034b 04       		.uleb128 0x4
 498 034c F3010000 		.4byte	.LASF64
 499 0350 05       		.byte	0x5
 500 0351 61       		.byte	0x61
 501 0352 56030000 		.4byte	0x356
 502 0356 0A       		.uleb128 0xa
 503 0357 1C020000 		.4byte	.LASF65
 504 035b 10       		.byte	0x10
 505 035c 06       		.byte	0x6
 506 035d 5D01     		.2byte	0x15d
 507 035f 98030000 		.4byte	0x398
 508 0363 09       		.uleb128 0x9
 509 0364 65010000 		.4byte	.LASF59
 510 0368 06       		.byte	0x6
 511 0369 5E01     		.2byte	0x15e
 512 036b 49060000 		.4byte	0x649
ARM GAS  C:\Users\jo\AppData\Local\Temp\ccCiS4ab.s 			page 10


 513 036f 00       		.byte	0
 514 0370 09       		.uleb128 0x9
 515 0371 39010000 		.4byte	.LASF60
 516 0375 06       		.byte	0x6
 517 0376 6001     		.2byte	0x160
 518 0378 49060000 		.4byte	0x649
 519 037c 04       		.byte	0x4
 520 037d 09       		.uleb128 0x9
 521 037e 73030000 		.4byte	.LASF61
 522 0382 06       		.byte	0x6
 523 0383 6201     		.2byte	0x162
 524 0385 15010000 		.4byte	0x115
 525 0389 08       		.byte	0x8
 526 038a 09       		.uleb128 0x9
 527 038b 44020000 		.4byte	.LASF66
 528 038f 06       		.byte	0x6
 529 0390 6A01     		.2byte	0x16a
 530 0392 15010000 		.4byte	0x115
 531 0396 0C       		.byte	0xc
 532 0397 00       		.byte	0
 533 0398 04       		.uleb128 0x4
 534 0399 6D010000 		.4byte	.LASF67
 535 039d 05       		.byte	0x5
 536 039e 66       		.byte	0x66
 537 039f A3030000 		.4byte	0x3a3
 538 03a3 0A       		.uleb128 0xa
 539 03a4 C4020000 		.4byte	.LASF68
 540 03a8 04       		.byte	0x4
 541 03a9 06       		.byte	0x6
 542 03aa 8401     		.2byte	0x184
 543 03ac BE030000 		.4byte	0x3be
 544 03b0 09       		.uleb128 0x9
 545 03b1 32050000 		.4byte	.LASF69
 546 03b5 06       		.byte	0x6
 547 03b6 8C01     		.2byte	0x18c
 548 03b8 4F060000 		.4byte	0x64f
 549 03bc 00       		.byte	0
 550 03bd 00       		.byte	0
 551 03be 04       		.uleb128 0x4
 552 03bf BB010000 		.4byte	.LASF70
 553 03c3 05       		.byte	0x5
 554 03c4 6B       		.byte	0x6b
 555 03c5 C9030000 		.4byte	0x3c9
 556 03c9 0F       		.uleb128 0xf
 557 03ca FB000000 		.4byte	.LASF71
 558 03ce D801     		.2byte	0x1d8
 559 03d0 06       		.byte	0x6
 560 03d1 A401     		.2byte	0x1a4
 561 03d3 25040000 		.4byte	0x425
 562 03d7 09       		.uleb128 0x9
 563 03d8 7A050000 		.4byte	.LASF72
 564 03dc 06       		.byte	0x6
 565 03dd A801     		.2byte	0x1a8
 566 03df 6C020000 		.4byte	0x26c
 567 03e3 00       		.byte	0
 568 03e4 09       		.uleb128 0x9
 569 03e5 3D000000 		.4byte	.LASF73
ARM GAS  C:\Users\jo\AppData\Local\Temp\ccCiS4ab.s 			page 11


 570 03e9 06       		.byte	0x6
 571 03ea AC01     		.2byte	0x1ac
 572 03ec 4B030000 		.4byte	0x34b
 573 03f0 1C       		.byte	0x1c
 574 03f1 08       		.uleb128 0x8
 575 03f2 64626700 		.ascii	"dbg\000"
 576 03f6 06       		.byte	0x6
 577 03f7 B001     		.2byte	0x1b0
 578 03f9 98030000 		.4byte	0x398
 579 03fd 2C       		.byte	0x2c
 580 03fe 09       		.uleb128 0x9
 581 03ff 5B000000 		.4byte	.LASF74
 582 0403 06       		.byte	0x6
 583 0404 B401     		.2byte	0x1b4
 584 0406 20010000 		.4byte	0x120
 585 040a 30       		.byte	0x30
 586 040b 08       		.uleb128 0x8
 587 040c 746D00   		.ascii	"tm\000"
 588 040f 06       		.byte	0x6
 589 0410 B901     		.2byte	0x1b9
 590 0412 C9050000 		.4byte	0x5c9
 591 0416 74       		.byte	0x74
 592 0417 09       		.uleb128 0x9
 593 0418 49010000 		.4byte	.LASF75
 594 041c 06       		.byte	0x6
 595 041d C501     		.2byte	0x1c5
 596 041f 54060000 		.4byte	0x654
 597 0423 78       		.byte	0x78
 598 0424 00       		.byte	0
 599 0425 03       		.uleb128 0x3
 600 0426 04       		.byte	0x4
 601 0427 07       		.byte	0x7
 602 0428 88050000 		.4byte	.LASF76
 603 042c 04       		.uleb128 0x4
 604 042d 30010000 		.4byte	.LASF77
 605 0431 07       		.byte	0x7
 606 0432 85       		.byte	0x85
 607 0433 EF020000 		.4byte	0x2ef
 608 0437 04       		.uleb128 0x4
 609 0438 09020000 		.4byte	.LASF78
 610 043c 07       		.byte	0x7
 611 043d 8D       		.byte	0x8d
 612 043e B8000000 		.4byte	0xb8
 613 0442 06       		.uleb128 0x6
 614 0443 43050000 		.4byte	.LASF79
 615 0447 04       		.byte	0x4
 616 0448 07       		.byte	0x7
 617 0449 A9       		.byte	0xa9
 618 044a 5B040000 		.4byte	0x45b
 619 044e 10       		.uleb128 0x10
 620 044f 72313300 		.ascii	"r13\000"
 621 0453 07       		.byte	0x7
 622 0454 AA       		.byte	0xaa
 623 0455 9C050000 		.4byte	0x59c
 624 0459 00       		.byte	0
 625 045a 00       		.byte	0
 626 045b 06       		.uleb128 0x6
ARM GAS  C:\Users\jo\AppData\Local\Temp\ccCiS4ab.s 			page 12


 627 045c 31000000 		.4byte	.LASF80
 628 0460 64       		.byte	0x64
 629 0461 08       		.byte	0x8
 630 0462 F4       		.byte	0xf4
 631 0463 9C050000 		.4byte	0x59c
 632 0467 10       		.uleb128 0x10
 633 0468 73313600 		.ascii	"s16\000"
 634 046c 08       		.byte	0x8
 635 046d F6       		.byte	0xf6
 636 046e 2C040000 		.4byte	0x42c
 637 0472 00       		.byte	0
 638 0473 10       		.uleb128 0x10
 639 0474 73313700 		.ascii	"s17\000"
 640 0478 08       		.byte	0x8
 641 0479 F7       		.byte	0xf7
 642 047a 2C040000 		.4byte	0x42c
 643 047e 04       		.byte	0x4
 644 047f 10       		.uleb128 0x10
 645 0480 73313800 		.ascii	"s18\000"
 646 0484 08       		.byte	0x8
 647 0485 F8       		.byte	0xf8
 648 0486 2C040000 		.4byte	0x42c
 649 048a 08       		.byte	0x8
 650 048b 10       		.uleb128 0x10
 651 048c 73313900 		.ascii	"s19\000"
 652 0490 08       		.byte	0x8
 653 0491 F9       		.byte	0xf9
 654 0492 2C040000 		.4byte	0x42c
 655 0496 0C       		.byte	0xc
 656 0497 10       		.uleb128 0x10
 657 0498 73323000 		.ascii	"s20\000"
 658 049c 08       		.byte	0x8
 659 049d FA       		.byte	0xfa
 660 049e 2C040000 		.4byte	0x42c
 661 04a2 10       		.byte	0x10
 662 04a3 10       		.uleb128 0x10
 663 04a4 73323100 		.ascii	"s21\000"
 664 04a8 08       		.byte	0x8
 665 04a9 FB       		.byte	0xfb
 666 04aa 2C040000 		.4byte	0x42c
 667 04ae 14       		.byte	0x14
 668 04af 10       		.uleb128 0x10
 669 04b0 73323200 		.ascii	"s22\000"
 670 04b4 08       		.byte	0x8
 671 04b5 FC       		.byte	0xfc
 672 04b6 2C040000 		.4byte	0x42c
 673 04ba 18       		.byte	0x18
 674 04bb 10       		.uleb128 0x10
 675 04bc 73323300 		.ascii	"s23\000"
 676 04c0 08       		.byte	0x8
 677 04c1 FD       		.byte	0xfd
 678 04c2 2C040000 		.4byte	0x42c
 679 04c6 1C       		.byte	0x1c
 680 04c7 10       		.uleb128 0x10
 681 04c8 73323400 		.ascii	"s24\000"
 682 04cc 08       		.byte	0x8
 683 04cd FE       		.byte	0xfe
ARM GAS  C:\Users\jo\AppData\Local\Temp\ccCiS4ab.s 			page 13


 684 04ce 2C040000 		.4byte	0x42c
 685 04d2 20       		.byte	0x20
 686 04d3 10       		.uleb128 0x10
 687 04d4 73323500 		.ascii	"s25\000"
 688 04d8 08       		.byte	0x8
 689 04d9 FF       		.byte	0xff
 690 04da 2C040000 		.4byte	0x42c
 691 04de 24       		.byte	0x24
 692 04df 08       		.uleb128 0x8
 693 04e0 73323600 		.ascii	"s26\000"
 694 04e4 08       		.byte	0x8
 695 04e5 0001     		.2byte	0x100
 696 04e7 2C040000 		.4byte	0x42c
 697 04eb 28       		.byte	0x28
 698 04ec 08       		.uleb128 0x8
 699 04ed 73323700 		.ascii	"s27\000"
 700 04f1 08       		.byte	0x8
 701 04f2 0101     		.2byte	0x101
 702 04f4 2C040000 		.4byte	0x42c
 703 04f8 2C       		.byte	0x2c
 704 04f9 08       		.uleb128 0x8
 705 04fa 73323800 		.ascii	"s28\000"
 706 04fe 08       		.byte	0x8
 707 04ff 0201     		.2byte	0x102
 708 0501 2C040000 		.4byte	0x42c
 709 0505 30       		.byte	0x30
 710 0506 08       		.uleb128 0x8
 711 0507 73323900 		.ascii	"s29\000"
 712 050b 08       		.byte	0x8
 713 050c 0301     		.2byte	0x103
 714 050e 2C040000 		.4byte	0x42c
 715 0512 34       		.byte	0x34
 716 0513 08       		.uleb128 0x8
 717 0514 73333000 		.ascii	"s30\000"
 718 0518 08       		.byte	0x8
 719 0519 0401     		.2byte	0x104
 720 051b 2C040000 		.4byte	0x42c
 721 051f 38       		.byte	0x38
 722 0520 08       		.uleb128 0x8
 723 0521 73333100 		.ascii	"s31\000"
 724 0525 08       		.byte	0x8
 725 0526 0501     		.2byte	0x105
 726 0528 2C040000 		.4byte	0x42c
 727 052c 3C       		.byte	0x3c
 728 052d 08       		.uleb128 0x8
 729 052e 723400   		.ascii	"r4\000"
 730 0531 08       		.byte	0x8
 731 0532 0701     		.2byte	0x107
 732 0534 2C040000 		.4byte	0x42c
 733 0538 40       		.byte	0x40
 734 0539 08       		.uleb128 0x8
 735 053a 723500   		.ascii	"r5\000"
 736 053d 08       		.byte	0x8
 737 053e 0801     		.2byte	0x108
 738 0540 2C040000 		.4byte	0x42c
 739 0544 44       		.byte	0x44
 740 0545 08       		.uleb128 0x8
ARM GAS  C:\Users\jo\AppData\Local\Temp\ccCiS4ab.s 			page 14


 741 0546 723600   		.ascii	"r6\000"
 742 0549 08       		.byte	0x8
 743 054a 0901     		.2byte	0x109
 744 054c 2C040000 		.4byte	0x42c
 745 0550 48       		.byte	0x48
 746 0551 08       		.uleb128 0x8
 747 0552 723700   		.ascii	"r7\000"
 748 0555 08       		.byte	0x8
 749 0556 0A01     		.2byte	0x10a
 750 0558 2C040000 		.4byte	0x42c
 751 055c 4C       		.byte	0x4c
 752 055d 08       		.uleb128 0x8
 753 055e 723800   		.ascii	"r8\000"
 754 0561 08       		.byte	0x8
 755 0562 0B01     		.2byte	0x10b
 756 0564 2C040000 		.4byte	0x42c
 757 0568 50       		.byte	0x50
 758 0569 08       		.uleb128 0x8
 759 056a 723900   		.ascii	"r9\000"
 760 056d 08       		.byte	0x8
 761 056e 0C01     		.2byte	0x10c
 762 0570 2C040000 		.4byte	0x42c
 763 0574 54       		.byte	0x54
 764 0575 08       		.uleb128 0x8
 765 0576 72313000 		.ascii	"r10\000"
 766 057a 08       		.byte	0x8
 767 057b 0D01     		.2byte	0x10d
 768 057d 2C040000 		.4byte	0x42c
 769 0581 58       		.byte	0x58
 770 0582 08       		.uleb128 0x8
 771 0583 72313100 		.ascii	"r11\000"
 772 0587 08       		.byte	0x8
 773 0588 0E01     		.2byte	0x10e
 774 058a 2C040000 		.4byte	0x42c
 775 058e 5C       		.byte	0x5c
 776 058f 08       		.uleb128 0x8
 777 0590 6C7200   		.ascii	"lr\000"
 778 0593 08       		.byte	0x8
 779 0594 0F01     		.2byte	0x10f
 780 0596 2C040000 		.4byte	0x42c
 781 059a 60       		.byte	0x60
 782 059b 00       		.byte	0
 783 059c 0B       		.uleb128 0xb
 784 059d 04       		.byte	0x4
 785 059e 5B040000 		.4byte	0x45b
 786 05a2 03       		.uleb128 0x3
 787 05a3 01       		.byte	0x1
 788 05a4 08       		.byte	0x8
 789 05a5 9E030000 		.4byte	.LASF81
 790 05a9 0B       		.uleb128 0xb
 791 05aa 04       		.byte	0x4
 792 05ab AF050000 		.4byte	0x5af
 793 05af 11       		.uleb128 0x11
 794 05b0 A2050000 		.4byte	0x5a2
 795 05b4 12       		.uleb128 0x12
 796 05b5 04       		.byte	0x4
 797 05b6 09       		.byte	0x9
ARM GAS  C:\Users\jo\AppData\Local\Temp\ccCiS4ab.s 			page 15


 798 05b7 38       		.byte	0x38
 799 05b8 C9050000 		.4byte	0x5c9
 800 05bc 07       		.uleb128 0x7
 801 05bd 3C050000 		.4byte	.LASF82
 802 05c1 09       		.byte	0x9
 803 05c2 3C       		.byte	0x3c
 804 05c3 C8000000 		.4byte	0xc8
 805 05c7 00       		.byte	0
 806 05c8 00       		.byte	0
 807 05c9 04       		.uleb128 0x4
 808 05ca 69020000 		.4byte	.LASF83
 809 05ce 09       		.byte	0x9
 810 05cf 3D       		.byte	0x3d
 811 05d0 B4050000 		.4byte	0x5b4
 812 05d4 0B       		.uleb128 0xb
 813 05d5 04       		.byte	0x4
 814 05d6 20010000 		.4byte	0x120
 815 05da 13       		.uleb128 0x13
 816 05db 04       		.byte	0x4
 817 05dc 06       		.byte	0x6
 818 05dd F6       		.byte	0xf6
 819 05de 12060000 		.4byte	0x612
 820 05e2 14       		.uleb128 0x14
 821 05e3 17000000 		.4byte	.LASF84
 822 05e7 06       		.byte	0x6
 823 05e8 FD       		.byte	0xfd
 824 05e9 FF000000 		.4byte	0xff
 825 05ed 15       		.uleb128 0x15
 826 05ee 1F010000 		.4byte	.LASF85
 827 05f2 06       		.byte	0x6
 828 05f3 0401     		.2byte	0x104
 829 05f5 FF000000 		.4byte	0xff
 830 05f9 15       		.uleb128 0x15
 831 05fa 91050000 		.4byte	.LASF86
 832 05fe 06       		.byte	0x6
 833 05ff 0B01     		.2byte	0x10b
 834 0601 EF020000 		.4byte	0x2ef
 835 0605 15       		.uleb128 0x15
 836 0606 1E030000 		.4byte	.LASF87
 837 060a 06       		.byte	0x6
 838 060b 1201     		.2byte	0x112
 839 060d 0A010000 		.4byte	0x10a
 840 0611 00       		.byte	0
 841 0612 06       		.uleb128 0x6
 842 0613 BE020000 		.4byte	.LASF88
 843 0617 10       		.byte	0x10
 844 0618 0A       		.byte	0xa
 845 0619 39       		.byte	0x39
 846 061a 43060000 		.4byte	0x643
 847 061e 07       		.uleb128 0x7
 848 061f F3000000 		.4byte	.LASF89
 849 0623 0A       		.byte	0xa
 850 0624 3A       		.byte	0x3a
 851 0625 3C020000 		.4byte	0x23c
 852 0629 00       		.byte	0
 853 062a 07       		.uleb128 0x7
 854 062b B8050000 		.4byte	.LASF90
ARM GAS  C:\Users\jo\AppData\Local\Temp\ccCiS4ab.s 			page 16


 855 062f 0A       		.byte	0xa
 856 0630 3C       		.byte	0x3c
 857 0631 D4050000 		.4byte	0x5d4
 858 0635 08       		.byte	0x8
 859 0636 07       		.uleb128 0x7
 860 0637 F4030000 		.4byte	.LASF91
 861 063b 0A       		.byte	0xa
 862 063c 3E       		.byte	0x3e
 863 063d 6F060000 		.4byte	0x66f
 864 0641 0C       		.byte	0xc
 865 0642 00       		.byte	0
 866 0643 0B       		.uleb128 0xb
 867 0644 04       		.byte	0x4
 868 0645 12060000 		.4byte	0x612
 869 0649 0B       		.uleb128 0xb
 870 064a 04       		.byte	0x4
 871 064b F1020000 		.4byte	0x2f1
 872 064f 05       		.uleb128 0x5
 873 0650 A9050000 		.4byte	0x5a9
 874 0654 16       		.uleb128 0x16
 875 0655 37040000 		.4byte	0x437
 876 0659 64060000 		.4byte	0x664
 877 065d 17       		.uleb128 0x17
 878 065e 25040000 		.4byte	0x425
 879 0662 2B       		.byte	0x2b
 880 0663 00       		.byte	0
 881 0664 04       		.uleb128 0x4
 882 0665 41010000 		.4byte	.LASF92
 883 0669 0A       		.byte	0xa
 884 066a 34       		.byte	0x34
 885 066b 12060000 		.4byte	0x612
 886 066f 0B       		.uleb128 0xb
 887 0670 04       		.byte	0x4
 888 0671 64060000 		.4byte	0x664
 889 0675 03       		.uleb128 0x3
 890 0676 01       		.byte	0x1
 891 0677 02       		.byte	0x2
 892 0678 D4020000 		.4byte	.LASF93
 893 067c 18       		.uleb128 0x18
 894 067d AE050000 		.4byte	.LASF107
 895 0681 01       		.byte	0x1
 896 0682 2101     		.2byte	0x121
 897 0684 00000000 		.4byte	.LFB256
 898 0688 2A000000 		.4byte	.LFE256-.LFB256
 899 068c 01       		.uleb128 0x1
 900 068d 9C       		.byte	0x9c
 901 068e E4060000 		.4byte	0x6e4
 902 0692 19       		.uleb128 0x19
 903 0693 06000000 		.4byte	.LVL0
 904 0697 FB060000 		.4byte	0x6fb
 905 069b 19       		.uleb128 0x19
 906 069c 0A000000 		.4byte	.LVL1
 907 06a0 02070000 		.4byte	0x702
 908 06a4 19       		.uleb128 0x19
 909 06a5 0E000000 		.4byte	.LVL2
 910 06a9 09070000 		.4byte	0x709
 911 06ad 19       		.uleb128 0x19
ARM GAS  C:\Users\jo\AppData\Local\Temp\ccCiS4ab.s 			page 17


 912 06ae 12000000 		.4byte	.LVL3
 913 06b2 10070000 		.4byte	0x710
 914 06b6 19       		.uleb128 0x19
 915 06b7 16000000 		.4byte	.LVL4
 916 06bb 17070000 		.4byte	0x717
 917 06bf 19       		.uleb128 0x19
 918 06c0 1A000000 		.4byte	.LVL5
 919 06c4 1F070000 		.4byte	0x71f
 920 06c8 19       		.uleb128 0x19
 921 06c9 1E000000 		.4byte	.LVL6
 922 06cd 27070000 		.4byte	0x727
 923 06d1 19       		.uleb128 0x19
 924 06d2 22000000 		.4byte	.LVL7
 925 06d6 2E070000 		.4byte	0x72e
 926 06da 1A       		.uleb128 0x1a
 927 06db 2A000000 		.4byte	.LVL8
 928 06df 35070000 		.4byte	0x735
 929 06e3 00       		.byte	0
 930 06e4 1B       		.uleb128 0x1b
 931 06e5 A3000000 		.4byte	.LASF94
 932 06e9 14       		.byte	0x14
 933 06ea A706     		.2byte	0x6a7
 934 06ec C3000000 		.4byte	0xc3
 935 06f0 1C       		.uleb128 0x1c
 936 06f1 636800   		.ascii	"ch\000"
 937 06f4 06       		.byte	0x6
 938 06f5 EB01     		.2byte	0x1eb
 939 06f7 BE030000 		.4byte	0x3be
 940 06fb 1D       		.uleb128 0x1d
 941 06fc 50020000 		.4byte	.LASF95
 942 0700 0B       		.byte	0xb
 943 0701 97       		.byte	0x97
 944 0702 1D       		.uleb128 0x1d
 945 0703 B0000000 		.4byte	.LASF96
 946 0707 0C       		.byte	0xc
 947 0708 E5       		.byte	0xe5
 948 0709 1D       		.uleb128 0x1d
 949 070a 34030000 		.4byte	.LASF97
 950 070e 0D       		.byte	0xd
 951 070f 58       		.byte	0x58
 952 0710 1D       		.uleb128 0x1d
 953 0711 00000000 		.4byte	.LASF98
 954 0715 0E       		.byte	0xe
 955 0716 64       		.byte	0x64
 956 0717 1E       		.uleb128 0x1e
 957 0718 13030000 		.4byte	.LASF99
 958 071c 0F       		.byte	0xf
 959 071d 0101     		.2byte	0x101
 960 071f 1E       		.uleb128 0x1e
 961 0720 99010000 		.4byte	.LASF100
 962 0724 10       		.byte	0x10
 963 0725 3F01     		.2byte	0x13f
 964 0727 1D       		.uleb128 0x1d
 965 0728 59030000 		.4byte	.LASF101
 966 072c 11       		.byte	0x11
 967 072d 9D       		.byte	0x9d
 968 072e 1D       		.uleb128 0x1d
ARM GAS  C:\Users\jo\AppData\Local\Temp\ccCiS4ab.s 			page 18


 969 072f 3B020000 		.4byte	.LASF102
 970 0733 12       		.byte	0x12
 971 0734 35       		.byte	0x35
 972 0735 1D       		.uleb128 0x1d
 973 0736 66000000 		.4byte	.LASF103
 974 073a 13       		.byte	0x13
 975 073b 4D       		.byte	0x4d
 976 073c 00       		.byte	0
 977              		.section	.debug_abbrev,"",%progbits
 978              	.Ldebug_abbrev0:
 979 0000 01       		.uleb128 0x1
 980 0001 11       		.uleb128 0x11
 981 0002 01       		.byte	0x1
 982 0003 25       		.uleb128 0x25
 983 0004 0E       		.uleb128 0xe
 984 0005 13       		.uleb128 0x13
 985 0006 0B       		.uleb128 0xb
 986 0007 03       		.uleb128 0x3
 987 0008 0E       		.uleb128 0xe
 988 0009 1B       		.uleb128 0x1b
 989 000a 0E       		.uleb128 0xe
 990 000b 55       		.uleb128 0x55
 991 000c 17       		.uleb128 0x17
 992 000d 11       		.uleb128 0x11
 993 000e 01       		.uleb128 0x1
 994 000f 10       		.uleb128 0x10
 995 0010 17       		.uleb128 0x17
 996 0011 00       		.byte	0
 997 0012 00       		.byte	0
 998 0013 02       		.uleb128 0x2
 999 0014 24       		.uleb128 0x24
 1000 0015 00       		.byte	0
 1001 0016 0B       		.uleb128 0xb
 1002 0017 0B       		.uleb128 0xb
 1003 0018 3E       		.uleb128 0x3e
 1004 0019 0B       		.uleb128 0xb
 1005 001a 03       		.uleb128 0x3
 1006 001b 08       		.uleb128 0x8
 1007 001c 00       		.byte	0
 1008 001d 00       		.byte	0
 1009 001e 03       		.uleb128 0x3
 1010 001f 24       		.uleb128 0x24
 1011 0020 00       		.byte	0
 1012 0021 0B       		.uleb128 0xb
 1013 0022 0B       		.uleb128 0xb
 1014 0023 3E       		.uleb128 0x3e
 1015 0024 0B       		.uleb128 0xb
 1016 0025 03       		.uleb128 0x3
 1017 0026 0E       		.uleb128 0xe
 1018 0027 00       		.byte	0
 1019 0028 00       		.byte	0
 1020 0029 04       		.uleb128 0x4
 1021 002a 16       		.uleb128 0x16
 1022 002b 00       		.byte	0
 1023 002c 03       		.uleb128 0x3
 1024 002d 0E       		.uleb128 0xe
 1025 002e 3A       		.uleb128 0x3a
ARM GAS  C:\Users\jo\AppData\Local\Temp\ccCiS4ab.s 			page 19


 1026 002f 0B       		.uleb128 0xb
 1027 0030 3B       		.uleb128 0x3b
 1028 0031 0B       		.uleb128 0xb
 1029 0032 49       		.uleb128 0x49
 1030 0033 13       		.uleb128 0x13
 1031 0034 00       		.byte	0
 1032 0035 00       		.byte	0
 1033 0036 05       		.uleb128 0x5
 1034 0037 35       		.uleb128 0x35
 1035 0038 00       		.byte	0
 1036 0039 49       		.uleb128 0x49
 1037 003a 13       		.uleb128 0x13
 1038 003b 00       		.byte	0
 1039 003c 00       		.byte	0
 1040 003d 06       		.uleb128 0x6
 1041 003e 13       		.uleb128 0x13
 1042 003f 01       		.byte	0x1
 1043 0040 03       		.uleb128 0x3
 1044 0041 0E       		.uleb128 0xe
 1045 0042 0B       		.uleb128 0xb
 1046 0043 0B       		.uleb128 0xb
 1047 0044 3A       		.uleb128 0x3a
 1048 0045 0B       		.uleb128 0xb
 1049 0046 3B       		.uleb128 0x3b
 1050 0047 0B       		.uleb128 0xb
 1051 0048 01       		.uleb128 0x1
 1052 0049 13       		.uleb128 0x13
 1053 004a 00       		.byte	0
 1054 004b 00       		.byte	0
 1055 004c 07       		.uleb128 0x7
 1056 004d 0D       		.uleb128 0xd
 1057 004e 00       		.byte	0
 1058 004f 03       		.uleb128 0x3
 1059 0050 0E       		.uleb128 0xe
 1060 0051 3A       		.uleb128 0x3a
 1061 0052 0B       		.uleb128 0xb
 1062 0053 3B       		.uleb128 0x3b
 1063 0054 0B       		.uleb128 0xb
 1064 0055 49       		.uleb128 0x49
 1065 0056 13       		.uleb128 0x13
 1066 0057 38       		.uleb128 0x38
 1067 0058 0B       		.uleb128 0xb
 1068 0059 00       		.byte	0
 1069 005a 00       		.byte	0
 1070 005b 08       		.uleb128 0x8
 1071 005c 0D       		.uleb128 0xd
 1072 005d 00       		.byte	0
 1073 005e 03       		.uleb128 0x3
 1074 005f 08       		.uleb128 0x8
 1075 0060 3A       		.uleb128 0x3a
 1076 0061 0B       		.uleb128 0xb
 1077 0062 3B       		.uleb128 0x3b
 1078 0063 05       		.uleb128 0x5
 1079 0064 49       		.uleb128 0x49
 1080 0065 13       		.uleb128 0x13
 1081 0066 38       		.uleb128 0x38
 1082 0067 0B       		.uleb128 0xb
ARM GAS  C:\Users\jo\AppData\Local\Temp\ccCiS4ab.s 			page 20


 1083 0068 00       		.byte	0
 1084 0069 00       		.byte	0
 1085 006a 09       		.uleb128 0x9
 1086 006b 0D       		.uleb128 0xd
 1087 006c 00       		.byte	0
 1088 006d 03       		.uleb128 0x3
 1089 006e 0E       		.uleb128 0xe
 1090 006f 3A       		.uleb128 0x3a
 1091 0070 0B       		.uleb128 0xb
 1092 0071 3B       		.uleb128 0x3b
 1093 0072 05       		.uleb128 0x5
 1094 0073 49       		.uleb128 0x49
 1095 0074 13       		.uleb128 0x13
 1096 0075 38       		.uleb128 0x38
 1097 0076 0B       		.uleb128 0xb
 1098 0077 00       		.byte	0
 1099 0078 00       		.byte	0
 1100 0079 0A       		.uleb128 0xa
 1101 007a 13       		.uleb128 0x13
 1102 007b 01       		.byte	0x1
 1103 007c 03       		.uleb128 0x3
 1104 007d 0E       		.uleb128 0xe
 1105 007e 0B       		.uleb128 0xb
 1106 007f 0B       		.uleb128 0xb
 1107 0080 3A       		.uleb128 0x3a
 1108 0081 0B       		.uleb128 0xb
 1109 0082 3B       		.uleb128 0x3b
 1110 0083 05       		.uleb128 0x5
 1111 0084 01       		.uleb128 0x1
 1112 0085 13       		.uleb128 0x13
 1113 0086 00       		.byte	0
 1114 0087 00       		.byte	0
 1115 0088 0B       		.uleb128 0xb
 1116 0089 0F       		.uleb128 0xf
 1117 008a 00       		.byte	0
 1118 008b 0B       		.uleb128 0xb
 1119 008c 0B       		.uleb128 0xb
 1120 008d 49       		.uleb128 0x49
 1121 008e 13       		.uleb128 0x13
 1122 008f 00       		.byte	0
 1123 0090 00       		.byte	0
 1124 0091 0C       		.uleb128 0xc
 1125 0092 15       		.uleb128 0x15
 1126 0093 01       		.byte	0x1
 1127 0094 27       		.uleb128 0x27
 1128 0095 19       		.uleb128 0x19
 1129 0096 01       		.uleb128 0x1
 1130 0097 13       		.uleb128 0x13
 1131 0098 00       		.byte	0
 1132 0099 00       		.byte	0
 1133 009a 0D       		.uleb128 0xd
 1134 009b 05       		.uleb128 0x5
 1135 009c 00       		.byte	0
 1136 009d 49       		.uleb128 0x49
 1137 009e 13       		.uleb128 0x13
 1138 009f 00       		.byte	0
 1139 00a0 00       		.byte	0
ARM GAS  C:\Users\jo\AppData\Local\Temp\ccCiS4ab.s 			page 21


 1140 00a1 0E       		.uleb128 0xe
 1141 00a2 0F       		.uleb128 0xf
 1142 00a3 00       		.byte	0
 1143 00a4 0B       		.uleb128 0xb
 1144 00a5 0B       		.uleb128 0xb
 1145 00a6 00       		.byte	0
 1146 00a7 00       		.byte	0
 1147 00a8 0F       		.uleb128 0xf
 1148 00a9 13       		.uleb128 0x13
 1149 00aa 01       		.byte	0x1
 1150 00ab 03       		.uleb128 0x3
 1151 00ac 0E       		.uleb128 0xe
 1152 00ad 0B       		.uleb128 0xb
 1153 00ae 05       		.uleb128 0x5
 1154 00af 3A       		.uleb128 0x3a
 1155 00b0 0B       		.uleb128 0xb
 1156 00b1 3B       		.uleb128 0x3b
 1157 00b2 05       		.uleb128 0x5
 1158 00b3 01       		.uleb128 0x1
 1159 00b4 13       		.uleb128 0x13
 1160 00b5 00       		.byte	0
 1161 00b6 00       		.byte	0
 1162 00b7 10       		.uleb128 0x10
 1163 00b8 0D       		.uleb128 0xd
 1164 00b9 00       		.byte	0
 1165 00ba 03       		.uleb128 0x3
 1166 00bb 08       		.uleb128 0x8
 1167 00bc 3A       		.uleb128 0x3a
 1168 00bd 0B       		.uleb128 0xb
 1169 00be 3B       		.uleb128 0x3b
 1170 00bf 0B       		.uleb128 0xb
 1171 00c0 49       		.uleb128 0x49
 1172 00c1 13       		.uleb128 0x13
 1173 00c2 38       		.uleb128 0x38
 1174 00c3 0B       		.uleb128 0xb
 1175 00c4 00       		.byte	0
 1176 00c5 00       		.byte	0
 1177 00c6 11       		.uleb128 0x11
 1178 00c7 26       		.uleb128 0x26
 1179 00c8 00       		.byte	0
 1180 00c9 49       		.uleb128 0x49
 1181 00ca 13       		.uleb128 0x13
 1182 00cb 00       		.byte	0
 1183 00cc 00       		.byte	0
 1184 00cd 12       		.uleb128 0x12
 1185 00ce 13       		.uleb128 0x13
 1186 00cf 01       		.byte	0x1
 1187 00d0 0B       		.uleb128 0xb
 1188 00d1 0B       		.uleb128 0xb
 1189 00d2 3A       		.uleb128 0x3a
 1190 00d3 0B       		.uleb128 0xb
 1191 00d4 3B       		.uleb128 0x3b
 1192 00d5 0B       		.uleb128 0xb
 1193 00d6 01       		.uleb128 0x1
 1194 00d7 13       		.uleb128 0x13
 1195 00d8 00       		.byte	0
 1196 00d9 00       		.byte	0
ARM GAS  C:\Users\jo\AppData\Local\Temp\ccCiS4ab.s 			page 22


 1197 00da 13       		.uleb128 0x13
 1198 00db 17       		.uleb128 0x17
 1199 00dc 01       		.byte	0x1
 1200 00dd 0B       		.uleb128 0xb
 1201 00de 0B       		.uleb128 0xb
 1202 00df 3A       		.uleb128 0x3a
 1203 00e0 0B       		.uleb128 0xb
 1204 00e1 3B       		.uleb128 0x3b
 1205 00e2 0B       		.uleb128 0xb
 1206 00e3 01       		.uleb128 0x1
 1207 00e4 13       		.uleb128 0x13
 1208 00e5 00       		.byte	0
 1209 00e6 00       		.byte	0
 1210 00e7 14       		.uleb128 0x14
 1211 00e8 0D       		.uleb128 0xd
 1212 00e9 00       		.byte	0
 1213 00ea 03       		.uleb128 0x3
 1214 00eb 0E       		.uleb128 0xe
 1215 00ec 3A       		.uleb128 0x3a
 1216 00ed 0B       		.uleb128 0xb
 1217 00ee 3B       		.uleb128 0x3b
 1218 00ef 0B       		.uleb128 0xb
 1219 00f0 49       		.uleb128 0x49
 1220 00f1 13       		.uleb128 0x13
 1221 00f2 00       		.byte	0
 1222 00f3 00       		.byte	0
 1223 00f4 15       		.uleb128 0x15
 1224 00f5 0D       		.uleb128 0xd
 1225 00f6 00       		.byte	0
 1226 00f7 03       		.uleb128 0x3
 1227 00f8 0E       		.uleb128 0xe
 1228 00f9 3A       		.uleb128 0x3a
 1229 00fa 0B       		.uleb128 0xb
 1230 00fb 3B       		.uleb128 0x3b
 1231 00fc 05       		.uleb128 0x5
 1232 00fd 49       		.uleb128 0x49
 1233 00fe 13       		.uleb128 0x13
 1234 00ff 00       		.byte	0
 1235 0100 00       		.byte	0
 1236 0101 16       		.uleb128 0x16
 1237 0102 01       		.uleb128 0x1
 1238 0103 01       		.byte	0x1
 1239 0104 49       		.uleb128 0x49
 1240 0105 13       		.uleb128 0x13
 1241 0106 01       		.uleb128 0x1
 1242 0107 13       		.uleb128 0x13
 1243 0108 00       		.byte	0
 1244 0109 00       		.byte	0
 1245 010a 17       		.uleb128 0x17
 1246 010b 21       		.uleb128 0x21
 1247 010c 00       		.byte	0
 1248 010d 49       		.uleb128 0x49
 1249 010e 13       		.uleb128 0x13
 1250 010f 2F       		.uleb128 0x2f
 1251 0110 0B       		.uleb128 0xb
 1252 0111 00       		.byte	0
 1253 0112 00       		.byte	0
ARM GAS  C:\Users\jo\AppData\Local\Temp\ccCiS4ab.s 			page 23


 1254 0113 18       		.uleb128 0x18
 1255 0114 2E       		.uleb128 0x2e
 1256 0115 01       		.byte	0x1
 1257 0116 3F       		.uleb128 0x3f
 1258 0117 19       		.uleb128 0x19
 1259 0118 03       		.uleb128 0x3
 1260 0119 0E       		.uleb128 0xe
 1261 011a 3A       		.uleb128 0x3a
 1262 011b 0B       		.uleb128 0xb
 1263 011c 3B       		.uleb128 0x3b
 1264 011d 05       		.uleb128 0x5
 1265 011e 27       		.uleb128 0x27
 1266 011f 19       		.uleb128 0x19
 1267 0120 11       		.uleb128 0x11
 1268 0121 01       		.uleb128 0x1
 1269 0122 12       		.uleb128 0x12
 1270 0123 06       		.uleb128 0x6
 1271 0124 40       		.uleb128 0x40
 1272 0125 18       		.uleb128 0x18
 1273 0126 9742     		.uleb128 0x2117
 1274 0128 19       		.uleb128 0x19
 1275 0129 01       		.uleb128 0x1
 1276 012a 13       		.uleb128 0x13
 1277 012b 00       		.byte	0
 1278 012c 00       		.byte	0
 1279 012d 19       		.uleb128 0x19
 1280 012e 898201   		.uleb128 0x4109
 1281 0131 00       		.byte	0
 1282 0132 11       		.uleb128 0x11
 1283 0133 01       		.uleb128 0x1
 1284 0134 31       		.uleb128 0x31
 1285 0135 13       		.uleb128 0x13
 1286 0136 00       		.byte	0
 1287 0137 00       		.byte	0
 1288 0138 1A       		.uleb128 0x1a
 1289 0139 898201   		.uleb128 0x4109
 1290 013c 00       		.byte	0
 1291 013d 11       		.uleb128 0x11
 1292 013e 01       		.uleb128 0x1
 1293 013f 9542     		.uleb128 0x2115
 1294 0141 19       		.uleb128 0x19
 1295 0142 31       		.uleb128 0x31
 1296 0143 13       		.uleb128 0x13
 1297 0144 00       		.byte	0
 1298 0145 00       		.byte	0
 1299 0146 1B       		.uleb128 0x1b
 1300 0147 34       		.uleb128 0x34
 1301 0148 00       		.byte	0
 1302 0149 03       		.uleb128 0x3
 1303 014a 0E       		.uleb128 0xe
 1304 014b 3A       		.uleb128 0x3a
 1305 014c 0B       		.uleb128 0xb
 1306 014d 3B       		.uleb128 0x3b
 1307 014e 05       		.uleb128 0x5
 1308 014f 49       		.uleb128 0x49
 1309 0150 13       		.uleb128 0x13
 1310 0151 3F       		.uleb128 0x3f
ARM GAS  C:\Users\jo\AppData\Local\Temp\ccCiS4ab.s 			page 24


 1311 0152 19       		.uleb128 0x19
 1312 0153 3C       		.uleb128 0x3c
 1313 0154 19       		.uleb128 0x19
 1314 0155 00       		.byte	0
 1315 0156 00       		.byte	0
 1316 0157 1C       		.uleb128 0x1c
 1317 0158 34       		.uleb128 0x34
 1318 0159 00       		.byte	0
 1319 015a 03       		.uleb128 0x3
 1320 015b 08       		.uleb128 0x8
 1321 015c 3A       		.uleb128 0x3a
 1322 015d 0B       		.uleb128 0xb
 1323 015e 3B       		.uleb128 0x3b
 1324 015f 05       		.uleb128 0x5
 1325 0160 49       		.uleb128 0x49
 1326 0161 13       		.uleb128 0x13
 1327 0162 3F       		.uleb128 0x3f
 1328 0163 19       		.uleb128 0x19
 1329 0164 3C       		.uleb128 0x3c
 1330 0165 19       		.uleb128 0x19
 1331 0166 00       		.byte	0
 1332 0167 00       		.byte	0
 1333 0168 1D       		.uleb128 0x1d
 1334 0169 2E       		.uleb128 0x2e
 1335 016a 00       		.byte	0
 1336 016b 3F       		.uleb128 0x3f
 1337 016c 19       		.uleb128 0x19
 1338 016d 03       		.uleb128 0x3
 1339 016e 0E       		.uleb128 0xe
 1340 016f 3A       		.uleb128 0x3a
 1341 0170 0B       		.uleb128 0xb
 1342 0171 3B       		.uleb128 0x3b
 1343 0172 0B       		.uleb128 0xb
 1344 0173 27       		.uleb128 0x27
 1345 0174 19       		.uleb128 0x19
 1346 0175 3C       		.uleb128 0x3c
 1347 0176 19       		.uleb128 0x19
 1348 0177 00       		.byte	0
 1349 0178 00       		.byte	0
 1350 0179 1E       		.uleb128 0x1e
 1351 017a 2E       		.uleb128 0x2e
 1352 017b 00       		.byte	0
 1353 017c 3F       		.uleb128 0x3f
 1354 017d 19       		.uleb128 0x19
 1355 017e 03       		.uleb128 0x3
 1356 017f 0E       		.uleb128 0xe
 1357 0180 3A       		.uleb128 0x3a
 1358 0181 0B       		.uleb128 0xb
 1359 0182 3B       		.uleb128 0x3b
 1360 0183 05       		.uleb128 0x5
 1361 0184 27       		.uleb128 0x27
 1362 0185 19       		.uleb128 0x19
 1363 0186 3C       		.uleb128 0x3c
 1364 0187 19       		.uleb128 0x19
 1365 0188 00       		.byte	0
 1366 0189 00       		.byte	0
 1367 018a 00       		.byte	0
ARM GAS  C:\Users\jo\AppData\Local\Temp\ccCiS4ab.s 			page 25


 1368              		.section	.debug_aranges,"",%progbits
 1369 0000 1C000000 		.4byte	0x1c
 1370 0004 0200     		.2byte	0x2
 1371 0006 00000000 		.4byte	.Ldebug_info0
 1372 000a 04       		.byte	0x4
 1373 000b 00       		.byte	0
 1374 000c 0000     		.2byte	0
 1375 000e 0000     		.2byte	0
 1376 0010 00000000 		.4byte	.LFB256
 1377 0014 2A000000 		.4byte	.LFE256-.LFB256
 1378 0018 00000000 		.4byte	0
 1379 001c 00000000 		.4byte	0
 1380              		.section	.debug_ranges,"",%progbits
 1381              	.Ldebug_ranges0:
 1382 0000 00000000 		.4byte	.LFB256
 1383 0004 2A000000 		.4byte	.LFE256
 1384 0008 00000000 		.4byte	0
 1385 000c 00000000 		.4byte	0
 1386              		.section	.debug_line,"",%progbits
 1387              	.Ldebug_line0:
 1388 0000 90020000 		.section	.debug_str,"MS",%progbits,1
 1388      02006C02 
 1388      00000201 
 1388      FB0E0D00 
 1388      01010101 
 1389              	.LASF98:
 1390 0000 6D656D70 		.ascii	"memp_init\000"
 1390      5F696E69 
 1390      7400
 1391              	.LASF48:
 1392 000a 72656164 		.ascii	"ready_list_t\000"
 1392      795F6C69 
 1392      73745F74 
 1392      00
 1393              	.LASF84:
 1394 0017 7264796D 		.ascii	"rdymsg\000"
 1394      736700
 1395              	.LASF16:
 1396 001e 75696E74 		.ascii	"uint64_t\000"
 1396      36345F74 
 1396      00
 1397              	.LASF5:
 1398 0027 5F5F7569 		.ascii	"__uint8_t\000"
 1398      6E74385F 
 1398      7400
 1399              	.LASF80:
 1400 0031 706F7274 		.ascii	"port_intctx\000"
 1400      5F696E74 
 1400      63747800 
 1401              	.LASF73:
 1402 003d 76746C69 		.ascii	"vtlist\000"
 1402      737400
 1403              	.LASF12:
 1404 0044 6C6F6E67 		.ascii	"long long unsigned int\000"
 1404      206C6F6E 
 1404      6720756E 
 1404      7369676E 
ARM GAS  C:\Users\jo\AppData\Local\Temp\ccCiS4ab.s 			page 26


 1404      65642069 
 1405              	.LASF74:
 1406 005b 6D61696E 		.ascii	"mainthread\000"
 1406      74687265 
 1406      616400
 1407              	.LASF103:
 1408 0066 7379735F 		.ascii	"sys_timeouts_init\000"
 1408      74696D65 
 1408      6F757473 
 1408      5F696E69 
 1408      7400
 1409              	.LASF105:
 1410 0078 2E2E2F2E 		.ascii	"../../../os/ext/lwip-1.4.1/src/core/init.c\000"
 1410      2E2F2E2E 
 1410      2F6F732F 
 1410      6578742F 
 1410      6C776970 
 1411              	.LASF94:
 1412 00a3 49544D5F 		.ascii	"ITM_RxBuffer\000"
 1412      52784275 
 1412      66666572 
 1412      00
 1413              	.LASF96:
 1414 00b0 7379735F 		.ascii	"sys_init\000"
 1414      696E6974 
 1414      00
 1415              	.LASF47:
 1416 00b9 63685F74 		.ascii	"ch_threads_queue\000"
 1416      68726561 
 1416      64735F71 
 1416      75657565 
 1416      00
 1417              	.LASF28:
 1418 00ca 705F7072 		.ascii	"p_prio\000"
 1418      696F00
 1419              	.LASF10:
 1420 00d1 6C6F6E67 		.ascii	"long long int\000"
 1420      206C6F6E 
 1420      6720696E 
 1420      7400
 1421              	.LASF1:
 1422 00df 7369676E 		.ascii	"signed char\000"
 1422      65642063 
 1422      68617200 
 1423              	.LASF42:
 1424 00eb 705F6D70 		.ascii	"p_mpool\000"
 1424      6F6F6C00 
 1425              	.LASF89:
 1426 00f3 6D5F7175 		.ascii	"m_queue\000"
 1426      65756500 
 1427              	.LASF71:
 1428 00fb 63685F73 		.ascii	"ch_system\000"
 1428      79737465 
 1428      6D00
 1429              	.LASF7:
 1430 0105 6C6F6E67 		.ascii	"long int\000"
 1430      20696E74 
ARM GAS  C:\Users\jo\AppData\Local\Temp\ccCiS4ab.s 			page 27


 1430      00
 1431              	.LASF19:
 1432 010e 74737461 		.ascii	"tstate_t\000"
 1432      74655F74 
 1432      00
 1433              	.LASF30:
 1434 0117 705F6E65 		.ascii	"p_newer\000"
 1434      77657200 
 1435              	.LASF85:
 1436 011f 65786974 		.ascii	"exitcode\000"
 1436      636F6465 
 1436      00
 1437              	.LASF53:
 1438 0128 725F6E65 		.ascii	"r_newer\000"
 1438      77657200 
 1439              	.LASF77:
 1440 0130 72656761 		.ascii	"regarm_t\000"
 1440      726D5F74 
 1440      00
 1441              	.LASF60:
 1442 0139 76745F70 		.ascii	"vt_prev\000"
 1442      72657600 
 1443              	.LASF92:
 1444 0141 6D757465 		.ascii	"mutex_t\000"
 1444      785F7400 
 1445              	.LASF75:
 1446 0149 69646C65 		.ascii	"idle_thread_wa\000"
 1446      5F746872 
 1446      6561645F 
 1446      776100
 1447              	.LASF0:
 1448 0158 756E7369 		.ascii	"unsigned int\000"
 1448      676E6564 
 1448      20696E74 
 1448      00
 1449              	.LASF59:
 1450 0165 76745F6E 		.ascii	"vt_next\000"
 1450      65787400 
 1451              	.LASF67:
 1452 016d 73797374 		.ascii	"system_debug_t\000"
 1452      656D5F64 
 1452      65627567 
 1452      5F7400
 1453              	.LASF4:
 1454 017c 73686F72 		.ascii	"short unsigned int\000"
 1454      7420756E 
 1454      7369676E 
 1454      65642069 
 1454      6E7400
 1455              	.LASF44:
 1456 018f 63685F74 		.ascii	"ch_thread\000"
 1456      68726561 
 1456      6400
 1457              	.LASF100:
 1458 0199 6C776970 		.ascii	"lwip_socket_init\000"
 1458      5F736F63 
 1458      6B65745F 
ARM GAS  C:\Users\jo\AppData\Local\Temp\ccCiS4ab.s 			page 28


 1458      696E6974 
 1458      00
 1459              	.LASF22:
 1460 01aa 6D73675F 		.ascii	"msg_t\000"
 1460      7400
 1461              	.LASF41:
 1462 01b0 705F7265 		.ascii	"p_realprio\000"
 1462      616C7072 
 1462      696F00
 1463              	.LASF70:
 1464 01bb 63685F73 		.ascii	"ch_system_t\000"
 1464      79737465 
 1464      6D5F7400 
 1465              	.LASF18:
 1466 01c7 746D6F64 		.ascii	"tmode_t\000"
 1466      655F7400 
 1467              	.LASF49:
 1468 01cf 63685F72 		.ascii	"ch_ready_list\000"
 1468      65616479 
 1468      5F6C6973 
 1468      7400
 1469              	.LASF23:
 1470 01dd 6576656E 		.ascii	"eventmask_t\000"
 1470      746D6173 
 1470      6B5F7400 
 1471              	.LASF6:
 1472 01e9 5F5F696E 		.ascii	"__int32_t\000"
 1472      7433325F 
 1472      7400
 1473              	.LASF64:
 1474 01f3 76697274 		.ascii	"virtual_timers_list_t\000"
 1474      75616C5F 
 1474      74696D65 
 1474      72735F6C 
 1474      6973745F 
 1475              	.LASF78:
 1476 0209 73746B61 		.ascii	"stkalign_t\000"
 1476      6C69676E 
 1476      5F7400
 1477              	.LASF17:
 1478 0214 7274636E 		.ascii	"rtcnt_t\000"
 1478      745F7400 
 1479              	.LASF65:
 1480 021c 63685F76 		.ascii	"ch_virtual_timers_list\000"
 1480      69727475 
 1480      616C5F74 
 1480      696D6572 
 1480      735F6C69 
 1481              	.LASF62:
 1482 0233 76745F66 		.ascii	"vt_func\000"
 1482      756E6300 
 1483              	.LASF102:
 1484 023b 7463705F 		.ascii	"tcp_init\000"
 1484      696E6974 
 1484      00
 1485              	.LASF66:
 1486 0244 76745F6C 		.ascii	"vt_lasttime\000"
ARM GAS  C:\Users\jo\AppData\Local\Temp\ccCiS4ab.s 			page 29


 1486      61737474 
 1486      696D6500 
 1487              	.LASF95:
 1488 0250 73746174 		.ascii	"stats_init\000"
 1488      735F696E 
 1488      697400
 1489              	.LASF31:
 1490 025b 705F6F6C 		.ascii	"p_older\000"
 1490      64657200 
 1491              	.LASF52:
 1492 0263 725F6374 		.ascii	"r_ctx\000"
 1492      7800
 1493              	.LASF83:
 1494 0269 746D5F63 		.ascii	"tm_calibration_t\000"
 1494      616C6962 
 1494      72617469 
 1494      6F6E5F74 
 1494      00
 1495              	.LASF55:
 1496 027a 725F6375 		.ascii	"r_current\000"
 1496      7272656E 
 1496      7400
 1497              	.LASF54:
 1498 0284 725F6F6C 		.ascii	"r_older\000"
 1498      64657200 
 1499              	.LASF11:
 1500 028c 5F5F7569 		.ascii	"__uint64_t\000"
 1500      6E743634 
 1500      5F7400
 1501              	.LASF20:
 1502 0297 74726566 		.ascii	"trefs_t\000"
 1502      735F7400 
 1503              	.LASF57:
 1504 029f 76697274 		.ascii	"virtual_timer_t\000"
 1504      75616C5F 
 1504      74696D65 
 1504      725F7400 
 1505              	.LASF27:
 1506 02af 705F7072 		.ascii	"p_prev\000"
 1506      657600
 1507              	.LASF21:
 1508 02b6 74707269 		.ascii	"tprio_t\000"
 1508      6F5F7400 
 1509              	.LASF88:
 1510 02be 6D757465 		.ascii	"mutex\000"
 1510      7800
 1511              	.LASF68:
 1512 02c4 63685F73 		.ascii	"ch_system_debug\000"
 1512      79737465 
 1512      6D5F6465 
 1512      62756700 
 1513              	.LASF93:
 1514 02d4 5F426F6F 		.ascii	"_Bool\000"
 1514      6C00
 1515              	.LASF14:
 1516 02da 696E7433 		.ascii	"int32_t\000"
 1516      325F7400 
ARM GAS  C:\Users\jo\AppData\Local\Temp\ccCiS4ab.s 			page 30


 1517              	.LASF2:
 1518 02e2 756E7369 		.ascii	"unsigned char\000"
 1518      676E6564 
 1518      20636861 
 1518      7200
 1519              	.LASF40:
 1520 02f0 705F6D74 		.ascii	"p_mtxlist\000"
 1520      786C6973 
 1520      7400
 1521              	.LASF3:
 1522 02fa 73686F72 		.ascii	"short int\000"
 1522      7420696E 
 1522      7400
 1523              	.LASF33:
 1524 0304 705F7374 		.ascii	"p_state\000"
 1524      61746500 
 1525              	.LASF51:
 1526 030c 725F7072 		.ascii	"r_prio\000"
 1526      696F00
 1527              	.LASF99:
 1528 0313 6E657469 		.ascii	"netif_init\000"
 1528      665F696E 
 1528      697400
 1529              	.LASF87:
 1530 031e 65776D61 		.ascii	"ewmask\000"
 1530      736B00
 1531              	.LASF26:
 1532 0325 705F6E65 		.ascii	"p_next\000"
 1532      787400
 1533              	.LASF34:
 1534 032c 705F666C 		.ascii	"p_flags\000"
 1534      61677300 
 1535              	.LASF97:
 1536 0334 6D656D5F 		.ascii	"mem_init\000"
 1536      696E6974 
 1536      00
 1537              	.LASF58:
 1538 033d 63685F76 		.ascii	"ch_virtual_timer\000"
 1538      69727475 
 1538      616C5F74 
 1538      696D6572 
 1538      00
 1539              	.LASF39:
 1540 034e 705F6570 		.ascii	"p_epending\000"
 1540      656E6469 
 1540      6E6700
 1541              	.LASF101:
 1542 0359 7564705F 		.ascii	"udp_init\000"
 1542      696E6974 
 1542      00
 1543              	.LASF15:
 1544 0362 75696E74 		.ascii	"uint32_t\000"
 1544      33325F74 
 1544      00
 1545              	.LASF50:
 1546 036b 725F7175 		.ascii	"r_queue\000"
 1546      65756500 
ARM GAS  C:\Users\jo\AppData\Local\Temp\ccCiS4ab.s 			page 31


 1547              	.LASF61:
 1548 0373 76745F64 		.ascii	"vt_delta\000"
 1548      656C7461 
 1548      00
 1549              	.LASF45:
 1550 037c 63685F74 		.ascii	"ch_threads_list\000"
 1550      68726561 
 1550      64735F6C 
 1550      69737400 
 1551              	.LASF9:
 1552 038c 6C6F6E67 		.ascii	"long unsigned int\000"
 1552      20756E73 
 1552      69676E65 
 1552      6420696E 
 1552      7400
 1553              	.LASF81:
 1554 039e 63686172 		.ascii	"char\000"
 1554      00
 1555              	.LASF106:
 1556 03a3 433A5C55 		.ascii	"C:\\Users\\jo\\Documents\\GitHub\\ChibiOS\\demos\\S"
 1556      73657273 
 1556      5C6A6F5C 
 1556      446F6375 
 1556      6D656E74 
 1557 03cf 544D3332 		.ascii	"TM32\\RT-STM32F407-DISCOVERY\000"
 1557      5C52542D 
 1557      53544D33 
 1557      32463430 
 1557      372D4449 
 1558              	.LASF25:
 1559 03eb 74687265 		.ascii	"thread_t\000"
 1559      61645F74 
 1559      00
 1560              	.LASF91:
 1561 03f4 6D5F6E65 		.ascii	"m_next\000"
 1561      787400
 1562              	.LASF24:
 1563 03fb 73797374 		.ascii	"systime_t\000"
 1563      696D655F 
 1563      7400
 1564              	.LASF104:
 1565 0405 474E5520 		.ascii	"GNU C 4.9.3 20141119 (release) [ARM/embedded-4_9-br"
 1565      4320342E 
 1565      392E3320 
 1565      32303134 
 1565      31313139 
 1566 0438 616E6368 		.ascii	"anch revision 218278] -mcpu=cortex-m4 -mfloat-abi=h"
 1566      20726576 
 1566      6973696F 
 1566      6E203231 
 1566      38323738 
 1567 046b 61726420 		.ascii	"ard -mfpu=fpv4-sp-d16 -mno-thumb-interwork -mthumb "
 1567      2D6D6670 
 1567      753D6670 
 1567      76342D73 
 1567      702D6431 
 1568 049e 2D676764 		.ascii	"-ggdb -O2 -fomit-frame-pointer -falign-functions=16"
ARM GAS  C:\Users\jo\AppData\Local\Temp\ccCiS4ab.s 			page 32


 1568      62202D4F 
 1568      32202D66 
 1568      6F6D6974 
 1568      2D667261 
 1569 04d1 202D6666 		.ascii	" -ffunction-sections -fdata-sections -fno-common -f"
 1569      756E6374 
 1569      696F6E2D 
 1569      73656374 
 1569      696F6E73 
 1570 0504 73696E67 		.ascii	"single-precision-constant\000"
 1570      6C652D70 
 1570      72656369 
 1570      73696F6E 
 1570      2D636F6E 
 1571              	.LASF56:
 1572 051e 76746675 		.ascii	"vtfunc_t\000"
 1572      6E635F74 
 1572      00
 1573              	.LASF8:
 1574 0527 5F5F7569 		.ascii	"__uint32_t\000"
 1574      6E743332 
 1574      5F7400
 1575              	.LASF69:
 1576 0532 70616E69 		.ascii	"panic_msg\000"
 1576      635F6D73 
 1576      6700
 1577              	.LASF82:
 1578 053c 6F666673 		.ascii	"offset\000"
 1578      657400
 1579              	.LASF79:
 1580 0543 636F6E74 		.ascii	"context\000"
 1580      65787400 
 1581              	.LASF38:
 1582 054b 705F6D73 		.ascii	"p_msg\000"
 1582      6700
 1583              	.LASF37:
 1584 0551 705F6D73 		.ascii	"p_msgqueue\000"
 1584      67717565 
 1584      756500
 1585              	.LASF63:
 1586 055c 76745F70 		.ascii	"vt_par\000"
 1586      617200
 1587              	.LASF46:
 1588 0563 74687265 		.ascii	"threads_queue_t\000"
 1588      6164735F 
 1588      71756575 
 1588      655F7400 
 1589              	.LASF35:
 1590 0573 705F7265 		.ascii	"p_refs\000"
 1590      667300
 1591              	.LASF72:
 1592 057a 726C6973 		.ascii	"rlist\000"
 1592      7400
 1593              	.LASF13:
 1594 0580 75696E74 		.ascii	"uint8_t\000"
 1594      385F7400 
 1595              	.LASF76:
ARM GAS  C:\Users\jo\AppData\Local\Temp\ccCiS4ab.s 			page 33


 1596 0588 73697A65 		.ascii	"sizetype\000"
 1596      74797065 
 1596      00
 1597              	.LASF86:
 1598 0591 77746F62 		.ascii	"wtobjp\000"
 1598      6A7000
 1599              	.LASF32:
 1600 0598 705F6E61 		.ascii	"p_name\000"
 1600      6D6500
 1601              	.LASF43:
 1602 059f 74687265 		.ascii	"threads_list_t\000"
 1602      6164735F 
 1602      6C697374 
 1602      5F7400
 1603              	.LASF107:
 1604 05ae 6C776970 		.ascii	"lwip_init\000"
 1604      5F696E69 
 1604      7400
 1605              	.LASF90:
 1606 05b8 6D5F6F77 		.ascii	"m_owner\000"
 1606      6E657200 
 1607              	.LASF29:
 1608 05c0 705F6374 		.ascii	"p_ctx\000"
 1608      7800
 1609              	.LASF36:
 1610 05c6 705F7761 		.ascii	"p_waiting\000"
 1610      6974696E 
 1610      6700
 1611              		.ident	"GCC: (GNU Tools for ARM Embedded Processors) 4.9.3 20141119 (release) [ARM/embedded-4_9-br
ARM GAS  C:\Users\jo\AppData\Local\Temp\ccCiS4ab.s 			page 34


DEFINED SYMBOLS
                            *ABS*:00000000 init.c
C:\Users\jo\AppData\Local\Temp\ccCiS4ab.s:21     .text.lwip_init:00000000 $t
C:\Users\jo\AppData\Local\Temp\ccCiS4ab.s:27     .text.lwip_init:00000000 lwip_init
                     .debug_frame:00000010 $d

UNDEFINED SYMBOLS
stats_init
sys_init
mem_init
memp_init
netif_init
lwip_socket_init
udp_init
tcp_init
sys_timeouts_init
