ARM GAS  C:\Users\jo\AppData\Local\Temp\ccr2OGBa.s 			page 1


   1              		.syntax unified
   2              		.cpu cortex-m4
   3              		.eabi_attribute 27, 3
   4              		.eabi_attribute 28, 1
   5              		.fpu fpv4-sp-d16
   6              		.eabi_attribute 20, 1
   7              		.eabi_attribute 21, 1
   8              		.eabi_attribute 23, 3
   9              		.eabi_attribute 24, 1
  10              		.eabi_attribute 25, 1
  11              		.eabi_attribute 26, 1
  12              		.eabi_attribute 30, 2
  13              		.eabi_attribute 34, 1
  14              		.eabi_attribute 18, 4
  15              		.thumb
  16              		.file	"mbfuncdiag.c"
  17              		.text
  18              	.Ltext0:
  19              		.cfi_sections	.debug_frame
  20              	.Letext0:
  21              		.section	.debug_line,"",%progbits
  22              	.Ldebug_line0:
  23              		.section	.debug_str,"MS",%progbits,1
  24              	.LASF0:
  25 0000 433A5C55 		.ascii	"C:\\Users\\jo\\Documents\\GitHub\\ChibiOS\\demos\\S"
  25      73657273 
  25      5C6A6F5C 
  25      446F6375 
  25      6D656E74 
  26 002c 544D3332 		.ascii	"TM32\\RT-STM32F407-DISCOVERY\000"
  26      5C52542D 
  26      53544D33 
  26      32463430 
  26      372D4449 
  27              	.LASF1:
  28 0048 46726565 		.ascii	"FreeModbus/modbus/functions/mbfuncdiag.c\000"
  28      4D6F6462 
  28      75732F6D 
  28      6F646275 
  28      732F6675 
  29              	.LASF2:
  30 0071 474E5520 		.ascii	"GNU C 4.9.3 20141119 (release) [ARM/embedded-4_9-br"
  30      4320342E 
  30      392E3320 
  30      32303134 
  30      31313139 
  31 00a4 616E6368 		.ascii	"anch revision 218278] -mcpu=cortex-m4 -mfloat-abi=h"
  31      20726576 
  31      6973696F 
  31      6E203231 
  31      38323738 
  32 00d7 61726420 		.ascii	"ard -mfpu=fpv4-sp-d16 -mno-thumb-interwork -mthumb "
  32      2D6D6670 
  32      753D6670 
  32      76342D73 
  32      702D6431 
  33 010a 2D676764 		.ascii	"-ggdb -O2 -fomit-frame-pointer -falign-functions=16"
ARM GAS  C:\Users\jo\AppData\Local\Temp\ccr2OGBa.s 			page 2


  33      62202D4F 
  33      32202D66 
  33      6F6D6974 
  33      2D667261 
  34 013d 202D6666 		.ascii	" -ffunction-sections -fdata-sections -fno-common -f"
  34      756E6374 
  34      696F6E2D 
  34      73656374 
  34      696F6E73 
  35 0170 73696E67 		.ascii	"single-precision-constant\000"
  35      6C652D70 
  35      72656369 
  35      73696F6E 
  35      2D636F6E 
  36              		.ident	"GCC: (GNU Tools for ARM Embedded Processors) 4.9.3 20141119 (release) [ARM/embedded-4_9-br
ARM GAS  C:\Users\jo\AppData\Local\Temp\ccr2OGBa.s 			page 3


DEFINED SYMBOLS
                            *ABS*:00000000 mbfuncdiag.c

NO UNDEFINED SYMBOLS
