ARM GAS  C:\Users\jo\AppData\Local\Temp\ccbOvXea.s 			page 1


   1              		.syntax unified
   2              		.cpu cortex-m4
   3              		.eabi_attribute 27, 3
   4              		.eabi_attribute 28, 1
   5              		.fpu fpv4-sp-d16
   6              		.eabi_attribute 20, 1
   7              		.eabi_attribute 21, 1
   8              		.eabi_attribute 23, 3
   9              		.eabi_attribute 24, 1
  10              		.eabi_attribute 25, 1
  11              		.eabi_attribute 26, 1
  12              		.eabi_attribute 30, 2
  13              		.eabi_attribute 34, 1
  14              		.eabi_attribute 18, 4
  15              		.thumb
  16              		.file	"port.c"
  17              		.text
  18              	.Ltext0:
  19              		.cfi_sections	.debug_frame
  20              		.section	.text.EnterCriticalSection,"ax",%progbits
  21              		.align	2
  22              		.p2align 4,,15
  23              		.global	EnterCriticalSection
  24              		.thumb
  25              		.thumb_func
  26              		.type	EnterCriticalSection, %function
  27              	EnterCriticalSection:
  28              	.LFB256:
  29              		.file 1 "FreeModbus/port/rtt/port.c"
  30              		.loc 1 30 0
  31              		.cfi_startproc
  32              		@ args = 0, pretend = 0, frame = 0
  33              		@ frame_needed = 0, uses_anonymous_args = 0
  34              		@ link register save eliminated.
  35 0000 7047     		bx	lr
  36              		.cfi_endproc
  37              	.LFE256:
  38              		.size	EnterCriticalSection, .-EnterCriticalSection
  39 0002 00BFAFF3 		.section	.text.ExitCriticalSection,"ax",%progbits
  39      0080AFF3 
  39      0080AFF3 
  39      0080
  40              		.align	2
  41              		.p2align 4,,15
  42              		.global	ExitCriticalSection
  43              		.thumb
  44              		.thumb_func
  45              		.type	ExitCriticalSection, %function
  46              	ExitCriticalSection:
  47              	.LFB257:
  48              		.loc 1 35 0
  49              		.cfi_startproc
  50              		@ args = 0, pretend = 0, frame = 0
  51              		@ frame_needed = 0, uses_anonymous_args = 0
  52              		@ link register save eliminated.
  53 0000 7047     		bx	lr
  54              		.cfi_endproc
ARM GAS  C:\Users\jo\AppData\Local\Temp\ccbOvXea.s 			page 2


  55              	.LFE257:
  56              		.size	ExitCriticalSection, .-ExitCriticalSection
  57 0002 00BFAFF3 		.text
  57      0080AFF3 
  57      0080AFF3 
  57      0080
  58              	.Letext0:
  59              		.file 2 "c:\\program files\\gnu tools arm embedded\\4.9 2014q4\\arm-none-eabi\\include\\machine\\_
  60              		.file 3 "c:\\program files\\gnu tools arm embedded\\4.9 2014q4\\arm-none-eabi\\include\\stdint.h"
  61              		.file 4 "../../../os/rt/ports/ARMCMx/compilers/GCC/chtypes.h"
  62              		.file 5 "../../../os/rt/include/chsystypes.h"
  63              		.file 6 "../../../os/rt/include/chschd.h"
  64              		.file 7 "../../../os/rt/ports/ARMCMx/chcore.h"
  65              		.file 8 "../../../os/rt/ports/ARMCMx/chcore_v7m.h"
  66              		.file 9 "../../../os/rt/include/chtm.h"
  67              		.file 10 "../../../os/rt/include/chmtx.h"
  68              		.file 11 "../../../os/ext/CMSIS/include/core_cm4.h"
  69              		.section	.debug_info,"",%progbits
  70              	.Ldebug_info0:
  71 0000 B2060000 		.4byte	0x6b2
  72 0004 0400     		.2byte	0x4
  73 0006 00000000 		.4byte	.Ldebug_abbrev0
  74 000a 04       		.byte	0x4
  75 000b 01       		.uleb128 0x1
  76 000c E1020000 		.4byte	.LASF97
  77 0010 01       		.byte	0x1
  78 0011 24050000 		.4byte	.LASF98
  79 0015 56040000 		.4byte	.LASF99
  80 0019 00000000 		.4byte	.Ldebug_ranges0+0
  81 001d 00000000 		.4byte	0
  82 0021 00000000 		.4byte	.Ldebug_line0
  83 0025 02       		.uleb128 0x2
  84 0026 04       		.byte	0x4
  85 0027 05       		.byte	0x5
  86 0028 696E7400 		.ascii	"int\000"
  87 002c 03       		.uleb128 0x3
  88 002d 04       		.byte	0x4
  89 002e 07       		.byte	0x7
  90 002f 2D010000 		.4byte	.LASF0
  91 0033 03       		.uleb128 0x3
  92 0034 01       		.byte	0x1
  93 0035 06       		.byte	0x6
  94 0036 B6000000 		.4byte	.LASF1
  95 003a 04       		.uleb128 0x4
  96 003b 1D000000 		.4byte	.LASF5
  97 003f 02       		.byte	0x2
  98 0040 1D       		.byte	0x1d
  99 0041 45000000 		.4byte	0x45
 100 0045 03       		.uleb128 0x3
 101 0046 01       		.byte	0x1
 102 0047 08       		.byte	0x8
 103 0048 8E020000 		.4byte	.LASF2
 104 004c 03       		.uleb128 0x3
 105 004d 02       		.byte	0x2
 106 004e 05       		.byte	0x5
 107 004f A6020000 		.4byte	.LASF3
 108 0053 03       		.uleb128 0x3
ARM GAS  C:\Users\jo\AppData\Local\Temp\ccbOvXea.s 			page 3


 109 0054 02       		.byte	0x2
 110 0055 07       		.byte	0x7
 111 0056 56010000 		.4byte	.LASF4
 112 005a 04       		.uleb128 0x4
 113 005b A7010000 		.4byte	.LASF6
 114 005f 02       		.byte	0x2
 115 0060 3F       		.byte	0x3f
 116 0061 65000000 		.4byte	0x65
 117 0065 03       		.uleb128 0x3
 118 0066 04       		.byte	0x4
 119 0067 05       		.byte	0x5
 120 0068 E3000000 		.4byte	.LASF7
 121 006c 04       		.uleb128 0x4
 122 006d CC040000 		.4byte	.LASF8
 123 0071 02       		.byte	0x2
 124 0072 41       		.byte	0x41
 125 0073 77000000 		.4byte	0x77
 126 0077 03       		.uleb128 0x3
 127 0078 04       		.byte	0x4
 128 0079 07       		.byte	0x7
 129 007a 3F040000 		.4byte	.LASF9
 130 007e 03       		.uleb128 0x3
 131 007f 08       		.byte	0x8
 132 0080 05       		.byte	0x5
 133 0081 A8000000 		.4byte	.LASF10
 134 0085 04       		.uleb128 0x4
 135 0086 23020000 		.4byte	.LASF11
 136 008a 02       		.byte	0x2
 137 008b 5B       		.byte	0x5b
 138 008c 90000000 		.4byte	0x90
 139 0090 03       		.uleb128 0x3
 140 0091 08       		.byte	0x8
 141 0092 07       		.byte	0x7
 142 0093 42000000 		.4byte	.LASF12
 143 0097 04       		.uleb128 0x4
 144 0098 1C050000 		.4byte	.LASF13
 145 009c 03       		.byte	0x3
 146 009d 15       		.byte	0x15
 147 009e 3A000000 		.4byte	0x3a
 148 00a2 04       		.uleb128 0x4
 149 00a3 86020000 		.4byte	.LASF14
 150 00a7 03       		.byte	0x3
 151 00a8 2C       		.byte	0x2c
 152 00a9 5A000000 		.4byte	0x5a
 153 00ad 04       		.uleb128 0x4
 154 00ae 1E040000 		.4byte	.LASF15
 155 00b2 03       		.byte	0x3
 156 00b3 2D       		.byte	0x2d
 157 00b4 6C000000 		.4byte	0x6c
 158 00b8 04       		.uleb128 0x4
 159 00b9 14000000 		.4byte	.LASF16
 160 00bd 03       		.byte	0x3
 161 00be 39       		.byte	0x39
 162 00bf 85000000 		.4byte	0x85
 163 00c3 05       		.uleb128 0x5
 164 00c4 A2000000 		.4byte	0xa2
 165 00c8 04       		.uleb128 0x4
ARM GAS  C:\Users\jo\AppData\Local\Temp\ccbOvXea.s 			page 4


 166 00c9 F0040000 		.4byte	.LASF17
 167 00cd 04       		.byte	0x4
 168 00ce 45       		.byte	0x45
 169 00cf AD000000 		.4byte	0xad
 170 00d3 04       		.uleb128 0x4
 171 00d4 85010000 		.4byte	.LASF18
 172 00d8 04       		.byte	0x4
 173 00d9 48       		.byte	0x48
 174 00da 97000000 		.4byte	0x97
 175 00de 04       		.uleb128 0x4
 176 00df EC000000 		.4byte	.LASF19
 177 00e3 04       		.byte	0x4
 178 00e4 49       		.byte	0x49
 179 00e5 97000000 		.4byte	0x97
 180 00e9 04       		.uleb128 0x4
 181 00ea 2E020000 		.4byte	.LASF20
 182 00ee 04       		.byte	0x4
 183 00ef 4A       		.byte	0x4a
 184 00f0 97000000 		.4byte	0x97
 185 00f4 04       		.uleb128 0x4
 186 00f5 62020000 		.4byte	.LASF21
 187 00f9 04       		.byte	0x4
 188 00fa 4C       		.byte	0x4c
 189 00fb AD000000 		.4byte	0xad
 190 00ff 04       		.uleb128 0x4
 191 0100 73010000 		.4byte	.LASF22
 192 0104 04       		.byte	0x4
 193 0105 4D       		.byte	0x4d
 194 0106 A2000000 		.4byte	0xa2
 195 010a 04       		.uleb128 0x4
 196 010b 9B010000 		.4byte	.LASF23
 197 010f 04       		.byte	0x4
 198 0110 4F       		.byte	0x4f
 199 0111 AD000000 		.4byte	0xad
 200 0115 04       		.uleb128 0x4
 201 0116 AE040000 		.4byte	.LASF24
 202 011a 05       		.byte	0x5
 203 011b 33       		.byte	0x33
 204 011c AD000000 		.4byte	0xad
 205 0120 04       		.uleb128 0x4
 206 0121 9E040000 		.4byte	.LASF25
 207 0125 05       		.byte	0x5
 208 0126 3F       		.byte	0x3f
 209 0127 2B010000 		.4byte	0x12b
 210 012b 06       		.uleb128 0x6
 211 012c 69010000 		.4byte	.LASF44
 212 0130 44       		.byte	0x44
 213 0131 06       		.byte	0x6
 214 0132 BE       		.byte	0xbe
 215 0133 18020000 		.4byte	0x218
 216 0137 07       		.uleb128 0x7
 217 0138 DA020000 		.4byte	.LASF26
 218 013c 06       		.byte	0x6
 219 013d BF       		.byte	0xbf
 220 013e D4050000 		.4byte	0x5d4
 221 0142 00       		.byte	0
 222 0143 07       		.uleb128 0x7
ARM GAS  C:\Users\jo\AppData\Local\Temp\ccbOvXea.s 			page 5


 223 0144 46020000 		.4byte	.LASF27
 224 0148 06       		.byte	0x6
 225 0149 C1       		.byte	0xc1
 226 014a D4050000 		.4byte	0x5d4
 227 014e 04       		.byte	0x4
 228 014f 07       		.uleb128 0x7
 229 0150 A1000000 		.4byte	.LASF28
 230 0154 06       		.byte	0x6
 231 0155 C3       		.byte	0xc3
 232 0156 F4000000 		.4byte	0xf4
 233 015a 08       		.byte	0x8
 234 015b 07       		.uleb128 0x7
 235 015c 6A050000 		.4byte	.LASF29
 236 0160 06       		.byte	0x6
 237 0161 C4       		.byte	0xc4
 238 0162 42040000 		.4byte	0x442
 239 0166 0C       		.byte	0xc
 240 0167 07       		.uleb128 0x7
 241 0168 F5000000 		.4byte	.LASF30
 242 016c 06       		.byte	0x6
 243 016d C6       		.byte	0xc6
 244 016e D4050000 		.4byte	0x5d4
 245 0172 10       		.byte	0x10
 246 0173 07       		.uleb128 0x7
 247 0174 F2010000 		.4byte	.LASF31
 248 0178 06       		.byte	0x6
 249 0179 C7       		.byte	0xc7
 250 017a D4050000 		.4byte	0x5d4
 251 017e 14       		.byte	0x14
 252 017f 07       		.uleb128 0x7
 253 0180 46050000 		.4byte	.LASF32
 254 0184 06       		.byte	0x6
 255 0185 CE       		.byte	0xce
 256 0186 A9050000 		.4byte	0x5a9
 257 018a 18       		.byte	0x18
 258 018b 07       		.uleb128 0x7
 259 018c B0020000 		.4byte	.LASF33
 260 0190 06       		.byte	0x6
 261 0191 D9       		.byte	0xd9
 262 0192 DE000000 		.4byte	0xde
 263 0196 1C       		.byte	0x1c
 264 0197 07       		.uleb128 0x7
 265 0198 FA030000 		.4byte	.LASF34
 266 019c 06       		.byte	0x6
 267 019d DD       		.byte	0xdd
 268 019e D3000000 		.4byte	0xd3
 269 01a2 1D       		.byte	0x1d
 270 01a3 07       		.uleb128 0x7
 271 01a4 0F050000 		.4byte	.LASF35
 272 01a8 06       		.byte	0x6
 273 01a9 E2       		.byte	0xe2
 274 01aa E9000000 		.4byte	0xe9
 275 01ae 1E       		.byte	0x1e
 276 01af 08       		.uleb128 0x8
 277 01b0 705F7500 		.ascii	"p_u\000"
 278 01b4 06       		.byte	0x6
 279 01b5 1401     		.2byte	0x114
ARM GAS  C:\Users\jo\AppData\Local\Temp\ccbOvXea.s 			page 6


 280 01b7 DA050000 		.4byte	0x5da
 281 01bb 20       		.byte	0x20
 282 01bc 09       		.uleb128 0x9
 283 01bd BC010000 		.4byte	.LASF36
 284 01c1 06       		.byte	0x6
 285 01c2 1901     		.2byte	0x119
 286 01c4 18020000 		.4byte	0x218
 287 01c8 24       		.byte	0x24
 288 01c9 09       		.uleb128 0x9
 289 01ca 4B010000 		.4byte	.LASF37
 290 01ce 06       		.byte	0x6
 291 01cf 1F01     		.2byte	0x11f
 292 01d1 3C020000 		.4byte	0x23c
 293 01d5 28       		.byte	0x28
 294 01d6 09       		.uleb128 0x9
 295 01d7 5C050000 		.4byte	.LASF38
 296 01db 06       		.byte	0x6
 297 01dc 2301     		.2byte	0x123
 298 01de FF000000 		.4byte	0xff
 299 01e2 30       		.byte	0x30
 300 01e3 09       		.uleb128 0x9
 301 01e4 13040000 		.4byte	.LASF39
 302 01e8 06       		.byte	0x6
 303 01e9 2901     		.2byte	0x129
 304 01eb 0A010000 		.4byte	0x10a
 305 01ef 34       		.byte	0x34
 306 01f0 09       		.uleb128 0x9
 307 01f1 9C020000 		.4byte	.LASF40
 308 01f5 06       		.byte	0x6
 309 01f6 3001     		.2byte	0x130
 310 01f8 43060000 		.4byte	0x643
 311 01fc 38       		.byte	0x38
 312 01fd 09       		.uleb128 0x9
 313 01fe B8040000 		.4byte	.LASF41
 314 0202 06       		.byte	0x6
 315 0203 3401     		.2byte	0x134
 316 0205 F4000000 		.4byte	0xf4
 317 0209 3C       		.byte	0x3c
 318 020a 09       		.uleb128 0x9
 319 020b C2000000 		.4byte	.LASF42
 320 020f 06       		.byte	0x6
 321 0210 3A01     		.2byte	0x13a
 322 0212 EF020000 		.4byte	0x2ef
 323 0216 40       		.byte	0x40
 324 0217 00       		.byte	0
 325 0218 04       		.uleb128 0x4
 326 0219 4D050000 		.4byte	.LASF43
 327 021d 05       		.byte	0x5
 328 021e 44       		.byte	0x44
 329 021f 23020000 		.4byte	0x223
 330 0223 06       		.uleb128 0x6
 331 0224 2F040000 		.4byte	.LASF45
 332 0228 04       		.byte	0x4
 333 0229 06       		.byte	0x6
 334 022a AC       		.byte	0xac
 335 022b 3C020000 		.4byte	0x23c
 336 022f 07       		.uleb128 0x7
ARM GAS  C:\Users\jo\AppData\Local\Temp\ccbOvXea.s 			page 7


 337 0230 DA020000 		.4byte	.LASF26
 338 0234 06       		.byte	0x6
 339 0235 AD       		.byte	0xad
 340 0236 D4050000 		.4byte	0x5d4
 341 023a 00       		.byte	0
 342 023b 00       		.byte	0
 343 023c 04       		.uleb128 0x4
 344 023d FF040000 		.4byte	.LASF46
 345 0241 05       		.byte	0x5
 346 0242 4B       		.byte	0x4b
 347 0243 47020000 		.4byte	0x247
 348 0247 06       		.uleb128 0x6
 349 0248 90000000 		.4byte	.LASF47
 350 024c 08       		.byte	0x8
 351 024d 06       		.byte	0x6
 352 024e B3       		.byte	0xb3
 353 024f 6C020000 		.4byte	0x26c
 354 0253 07       		.uleb128 0x7
 355 0254 DA020000 		.4byte	.LASF26
 356 0258 06       		.byte	0x6
 357 0259 B4       		.byte	0xb4
 358 025a D4050000 		.4byte	0x5d4
 359 025e 00       		.byte	0
 360 025f 07       		.uleb128 0x7
 361 0260 46020000 		.4byte	.LASF27
 362 0264 06       		.byte	0x6
 363 0265 B5       		.byte	0xb5
 364 0266 D4050000 		.4byte	0x5d4
 365 026a 04       		.byte	0x4
 366 026b 00       		.byte	0
 367 026c 04       		.uleb128 0x4
 368 026d 00000000 		.4byte	.LASF48
 369 0271 05       		.byte	0x5
 370 0272 52       		.byte	0x52
 371 0273 77020000 		.4byte	0x277
 372 0277 0A       		.uleb128 0xa
 373 0278 8D010000 		.4byte	.LASF49
 374 027c 1C       		.byte	0x1c
 375 027d 06       		.byte	0x6
 376 027e 7201     		.2byte	0x172
 377 0280 D3020000 		.4byte	0x2d3
 378 0284 09       		.uleb128 0x9
 379 0285 27040000 		.4byte	.LASF50
 380 0289 06       		.byte	0x6
 381 028a 7301     		.2byte	0x173
 382 028c 3C020000 		.4byte	0x23c
 383 0290 00       		.byte	0
 384 0291 09       		.uleb128 0x9
 385 0292 CC020000 		.4byte	.LASF51
 386 0296 06       		.byte	0x6
 387 0297 7401     		.2byte	0x174
 388 0299 F4000000 		.4byte	0xf4
 389 029d 08       		.byte	0x8
 390 029e 09       		.uleb128 0x9
 391 029f FA010000 		.4byte	.LASF52
 392 02a3 06       		.byte	0x6
 393 02a4 7601     		.2byte	0x176
ARM GAS  C:\Users\jo\AppData\Local\Temp\ccbOvXea.s 			page 8


 394 02a6 42040000 		.4byte	0x442
 395 02aa 0C       		.byte	0xc
 396 02ab 09       		.uleb128 0x9
 397 02ac FD000000 		.4byte	.LASF53
 398 02b0 06       		.byte	0x6
 399 02b1 7901     		.2byte	0x179
 400 02b3 D4050000 		.4byte	0x5d4
 401 02b7 10       		.byte	0x10
 402 02b8 09       		.uleb128 0x9
 403 02b9 1B020000 		.4byte	.LASF54
 404 02bd 06       		.byte	0x6
 405 02be 7A01     		.2byte	0x17a
 406 02c0 D4050000 		.4byte	0x5d4
 407 02c4 14       		.byte	0x14
 408 02c5 09       		.uleb128 0x9
 409 02c6 11020000 		.4byte	.LASF55
 410 02ca 06       		.byte	0x6
 411 02cb 7D01     		.2byte	0x17d
 412 02cd D4050000 		.4byte	0x5d4
 413 02d1 18       		.byte	0x18
 414 02d2 00       		.byte	0
 415 02d3 04       		.uleb128 0x4
 416 02d4 C3040000 		.4byte	.LASF56
 417 02d8 05       		.byte	0x5
 418 02d9 57       		.byte	0x57
 419 02da DE020000 		.4byte	0x2de
 420 02de 0B       		.uleb128 0xb
 421 02df 04       		.byte	0x4
 422 02e0 E4020000 		.4byte	0x2e4
 423 02e4 0C       		.uleb128 0xc
 424 02e5 EF020000 		.4byte	0x2ef
 425 02e9 0D       		.uleb128 0xd
 426 02ea EF020000 		.4byte	0x2ef
 427 02ee 00       		.byte	0
 428 02ef 0E       		.uleb128 0xe
 429 02f0 04       		.byte	0x4
 430 02f1 04       		.uleb128 0x4
 431 02f2 36020000 		.4byte	.LASF57
 432 02f6 05       		.byte	0x5
 433 02f7 5C       		.byte	0x5c
 434 02f8 FC020000 		.4byte	0x2fc
 435 02fc 0A       		.uleb128 0xa
 436 02fd 02040000 		.4byte	.LASF58
 437 0301 14       		.byte	0x14
 438 0302 06       		.byte	0x6
 439 0303 4D01     		.2byte	0x14d
 440 0305 4B030000 		.4byte	0x34b
 441 0309 09       		.uleb128 0x9
 442 030a 3A010000 		.4byte	.LASF59
 443 030e 06       		.byte	0x6
 444 030f 4E01     		.2byte	0x14e
 445 0311 49060000 		.4byte	0x649
 446 0315 00       		.byte	0
 447 0316 09       		.uleb128 0x9
 448 0317 0E010000 		.4byte	.LASF60
 449 031b 06       		.byte	0x6
 450 031c 4F01     		.2byte	0x14f
ARM GAS  C:\Users\jo\AppData\Local\Temp\ccbOvXea.s 			page 9


 451 031e 49060000 		.4byte	0x649
 452 0322 04       		.byte	0x4
 453 0323 09       		.uleb128 0x9
 454 0324 42010000 		.4byte	.LASF61
 455 0328 06       		.byte	0x6
 456 0329 5001     		.2byte	0x150
 457 032b 15010000 		.4byte	0x115
 458 032f 08       		.byte	0x8
 459 0330 09       		.uleb128 0x9
 460 0331 70050000 		.4byte	.LASF62
 461 0335 06       		.byte	0x6
 462 0336 5101     		.2byte	0x151
 463 0338 D3020000 		.4byte	0x2d3
 464 033c 0C       		.byte	0xc
 465 033d 09       		.uleb128 0x9
 466 033e F8040000 		.4byte	.LASF63
 467 0342 06       		.byte	0x6
 468 0343 5301     		.2byte	0x153
 469 0345 EF020000 		.4byte	0x2ef
 470 0349 10       		.byte	0x10
 471 034a 00       		.byte	0
 472 034b 04       		.uleb128 0x4
 473 034c 6D000000 		.4byte	.LASF64
 474 0350 05       		.byte	0x5
 475 0351 61       		.byte	0x61
 476 0352 56030000 		.4byte	0x356
 477 0356 0A       		.uleb128 0xa
 478 0357 CF010000 		.4byte	.LASF65
 479 035b 10       		.byte	0x10
 480 035c 06       		.byte	0x6
 481 035d 5D01     		.2byte	0x15d
 482 035f 98030000 		.4byte	0x398
 483 0363 09       		.uleb128 0x9
 484 0364 3A010000 		.4byte	.LASF59
 485 0368 06       		.byte	0x6
 486 0369 5E01     		.2byte	0x15e
 487 036b 49060000 		.4byte	0x649
 488 036f 00       		.byte	0
 489 0370 09       		.uleb128 0x9
 490 0371 0E010000 		.4byte	.LASF60
 491 0375 06       		.byte	0x6
 492 0376 6001     		.2byte	0x160
 493 0378 49060000 		.4byte	0x649
 494 037c 04       		.byte	0x4
 495 037d 09       		.uleb128 0x9
 496 037e 42010000 		.4byte	.LASF61
 497 0382 06       		.byte	0x6
 498 0383 6201     		.2byte	0x162
 499 0385 15010000 		.4byte	0x115
 500 0389 08       		.byte	0x8
 501 038a 09       		.uleb128 0x9
 502 038b E6010000 		.4byte	.LASF66
 503 038f 06       		.byte	0x6
 504 0390 6A01     		.2byte	0x16a
 505 0392 15010000 		.4byte	0x115
 506 0396 0C       		.byte	0xc
 507 0397 00       		.byte	0
ARM GAS  C:\Users\jo\AppData\Local\Temp\ccbOvXea.s 			page 10


 508 0398 04       		.uleb128 0x4
 509 0399 33000000 		.4byte	.LASF67
 510 039d 05       		.byte	0x5
 511 039e 66       		.byte	0x66
 512 039f A3030000 		.4byte	0x3a3
 513 03a3 0A       		.uleb128 0xa
 514 03a4 70020000 		.4byte	.LASF68
 515 03a8 04       		.byte	0x4
 516 03a9 06       		.byte	0x6
 517 03aa 8401     		.2byte	0x184
 518 03ac BE030000 		.4byte	0x3be
 519 03b0 09       		.uleb128 0x9
 520 03b1 D7040000 		.4byte	.LASF69
 521 03b5 06       		.byte	0x6
 522 03b6 8C01     		.2byte	0x18c
 523 03b8 4F060000 		.4byte	0x64f
 524 03bc 00       		.byte	0
 525 03bd 00       		.byte	0
 526 03be 04       		.uleb128 0x4
 527 03bf 79010000 		.4byte	.LASF70
 528 03c3 05       		.byte	0x5
 529 03c4 6B       		.byte	0x6b
 530 03c5 C9030000 		.4byte	0x3c9
 531 03c9 0F       		.uleb128 0xf
 532 03ca D9000000 		.4byte	.LASF71
 533 03ce D801     		.2byte	0x1d8
 534 03d0 06       		.byte	0x6
 535 03d1 A401     		.2byte	0x1a4
 536 03d3 25040000 		.4byte	0x425
 537 03d7 09       		.uleb128 0x9
 538 03d8 16050000 		.4byte	.LASF72
 539 03dc 06       		.byte	0x6
 540 03dd A801     		.2byte	0x1a8
 541 03df 6C020000 		.4byte	0x26c
 542 03e3 00       		.byte	0
 543 03e4 09       		.uleb128 0x9
 544 03e5 D2000000 		.4byte	.LASF73
 545 03e9 06       		.byte	0x6
 546 03ea AC01     		.2byte	0x1ac
 547 03ec 4B030000 		.4byte	0x34b
 548 03f0 1C       		.byte	0x1c
 549 03f1 08       		.uleb128 0x8
 550 03f2 64626700 		.ascii	"dbg\000"
 551 03f6 06       		.byte	0x6
 552 03f7 B001     		.2byte	0x1b0
 553 03f9 98030000 		.4byte	0x398
 554 03fd 2C       		.byte	0x2c
 555 03fe 09       		.uleb128 0x9
 556 03ff 62000000 		.4byte	.LASF74
 557 0403 06       		.byte	0x6
 558 0404 B401     		.2byte	0x1b4
 559 0406 20010000 		.4byte	0x120
 560 040a 30       		.byte	0x30
 561 040b 08       		.uleb128 0x8
 562 040c 746D00   		.ascii	"tm\000"
 563 040f 06       		.byte	0x6
 564 0410 B901     		.2byte	0x1b9
ARM GAS  C:\Users\jo\AppData\Local\Temp\ccbOvXea.s 			page 11


 565 0412 C9050000 		.4byte	0x5c9
 566 0416 74       		.byte	0x74
 567 0417 09       		.uleb128 0x9
 568 0418 1E010000 		.4byte	.LASF75
 569 041c 06       		.byte	0x6
 570 041d C501     		.2byte	0x1c5
 571 041f 54060000 		.4byte	0x654
 572 0423 78       		.byte	0x78
 573 0424 00       		.byte	0
 574 0425 03       		.uleb128 0x3
 575 0426 04       		.byte	0x4
 576 0427 07       		.byte	0x7
 577 0428 C6010000 		.4byte	.LASF76
 578 042c 04       		.uleb128 0x4
 579 042d 05010000 		.4byte	.LASF77
 580 0431 07       		.byte	0x7
 581 0432 85       		.byte	0x85
 582 0433 EF020000 		.4byte	0x2ef
 583 0437 04       		.uleb128 0x4
 584 0438 B1010000 		.4byte	.LASF78
 585 043c 07       		.byte	0x7
 586 043d 8D       		.byte	0x8d
 587 043e B8000000 		.4byte	0xb8
 588 0442 06       		.uleb128 0x6
 589 0443 E8040000 		.4byte	.LASF79
 590 0447 04       		.byte	0x4
 591 0448 07       		.byte	0x7
 592 0449 A9       		.byte	0xa9
 593 044a 5B040000 		.4byte	0x45b
 594 044e 10       		.uleb128 0x10
 595 044f 72313300 		.ascii	"r13\000"
 596 0453 07       		.byte	0x7
 597 0454 AA       		.byte	0xaa
 598 0455 9C050000 		.4byte	0x59c
 599 0459 00       		.byte	0
 600 045a 00       		.byte	0
 601 045b 06       		.uleb128 0x6
 602 045c 27000000 		.4byte	.LASF80
 603 0460 64       		.byte	0x64
 604 0461 08       		.byte	0x8
 605 0462 F4       		.byte	0xf4
 606 0463 9C050000 		.4byte	0x59c
 607 0467 10       		.uleb128 0x10
 608 0468 73313600 		.ascii	"s16\000"
 609 046c 08       		.byte	0x8
 610 046d F6       		.byte	0xf6
 611 046e 2C040000 		.4byte	0x42c
 612 0472 00       		.byte	0
 613 0473 10       		.uleb128 0x10
 614 0474 73313700 		.ascii	"s17\000"
 615 0478 08       		.byte	0x8
 616 0479 F7       		.byte	0xf7
 617 047a 2C040000 		.4byte	0x42c
 618 047e 04       		.byte	0x4
 619 047f 10       		.uleb128 0x10
 620 0480 73313800 		.ascii	"s18\000"
 621 0484 08       		.byte	0x8
ARM GAS  C:\Users\jo\AppData\Local\Temp\ccbOvXea.s 			page 12


 622 0485 F8       		.byte	0xf8
 623 0486 2C040000 		.4byte	0x42c
 624 048a 08       		.byte	0x8
 625 048b 10       		.uleb128 0x10
 626 048c 73313900 		.ascii	"s19\000"
 627 0490 08       		.byte	0x8
 628 0491 F9       		.byte	0xf9
 629 0492 2C040000 		.4byte	0x42c
 630 0496 0C       		.byte	0xc
 631 0497 10       		.uleb128 0x10
 632 0498 73323000 		.ascii	"s20\000"
 633 049c 08       		.byte	0x8
 634 049d FA       		.byte	0xfa
 635 049e 2C040000 		.4byte	0x42c
 636 04a2 10       		.byte	0x10
 637 04a3 10       		.uleb128 0x10
 638 04a4 73323100 		.ascii	"s21\000"
 639 04a8 08       		.byte	0x8
 640 04a9 FB       		.byte	0xfb
 641 04aa 2C040000 		.4byte	0x42c
 642 04ae 14       		.byte	0x14
 643 04af 10       		.uleb128 0x10
 644 04b0 73323200 		.ascii	"s22\000"
 645 04b4 08       		.byte	0x8
 646 04b5 FC       		.byte	0xfc
 647 04b6 2C040000 		.4byte	0x42c
 648 04ba 18       		.byte	0x18
 649 04bb 10       		.uleb128 0x10
 650 04bc 73323300 		.ascii	"s23\000"
 651 04c0 08       		.byte	0x8
 652 04c1 FD       		.byte	0xfd
 653 04c2 2C040000 		.4byte	0x42c
 654 04c6 1C       		.byte	0x1c
 655 04c7 10       		.uleb128 0x10
 656 04c8 73323400 		.ascii	"s24\000"
 657 04cc 08       		.byte	0x8
 658 04cd FE       		.byte	0xfe
 659 04ce 2C040000 		.4byte	0x42c
 660 04d2 20       		.byte	0x20
 661 04d3 10       		.uleb128 0x10
 662 04d4 73323500 		.ascii	"s25\000"
 663 04d8 08       		.byte	0x8
 664 04d9 FF       		.byte	0xff
 665 04da 2C040000 		.4byte	0x42c
 666 04de 24       		.byte	0x24
 667 04df 08       		.uleb128 0x8
 668 04e0 73323600 		.ascii	"s26\000"
 669 04e4 08       		.byte	0x8
 670 04e5 0001     		.2byte	0x100
 671 04e7 2C040000 		.4byte	0x42c
 672 04eb 28       		.byte	0x28
 673 04ec 08       		.uleb128 0x8
 674 04ed 73323700 		.ascii	"s27\000"
 675 04f1 08       		.byte	0x8
 676 04f2 0101     		.2byte	0x101
 677 04f4 2C040000 		.4byte	0x42c
 678 04f8 2C       		.byte	0x2c
ARM GAS  C:\Users\jo\AppData\Local\Temp\ccbOvXea.s 			page 13


 679 04f9 08       		.uleb128 0x8
 680 04fa 73323800 		.ascii	"s28\000"
 681 04fe 08       		.byte	0x8
 682 04ff 0201     		.2byte	0x102
 683 0501 2C040000 		.4byte	0x42c
 684 0505 30       		.byte	0x30
 685 0506 08       		.uleb128 0x8
 686 0507 73323900 		.ascii	"s29\000"
 687 050b 08       		.byte	0x8
 688 050c 0301     		.2byte	0x103
 689 050e 2C040000 		.4byte	0x42c
 690 0512 34       		.byte	0x34
 691 0513 08       		.uleb128 0x8
 692 0514 73333000 		.ascii	"s30\000"
 693 0518 08       		.byte	0x8
 694 0519 0401     		.2byte	0x104
 695 051b 2C040000 		.4byte	0x42c
 696 051f 38       		.byte	0x38
 697 0520 08       		.uleb128 0x8
 698 0521 73333100 		.ascii	"s31\000"
 699 0525 08       		.byte	0x8
 700 0526 0501     		.2byte	0x105
 701 0528 2C040000 		.4byte	0x42c
 702 052c 3C       		.byte	0x3c
 703 052d 08       		.uleb128 0x8
 704 052e 723400   		.ascii	"r4\000"
 705 0531 08       		.byte	0x8
 706 0532 0701     		.2byte	0x107
 707 0534 2C040000 		.4byte	0x42c
 708 0538 40       		.byte	0x40
 709 0539 08       		.uleb128 0x8
 710 053a 723500   		.ascii	"r5\000"
 711 053d 08       		.byte	0x8
 712 053e 0801     		.2byte	0x108
 713 0540 2C040000 		.4byte	0x42c
 714 0544 44       		.byte	0x44
 715 0545 08       		.uleb128 0x8
 716 0546 723600   		.ascii	"r6\000"
 717 0549 08       		.byte	0x8
 718 054a 0901     		.2byte	0x109
 719 054c 2C040000 		.4byte	0x42c
 720 0550 48       		.byte	0x48
 721 0551 08       		.uleb128 0x8
 722 0552 723700   		.ascii	"r7\000"
 723 0555 08       		.byte	0x8
 724 0556 0A01     		.2byte	0x10a
 725 0558 2C040000 		.4byte	0x42c
 726 055c 4C       		.byte	0x4c
 727 055d 08       		.uleb128 0x8
 728 055e 723800   		.ascii	"r8\000"
 729 0561 08       		.byte	0x8
 730 0562 0B01     		.2byte	0x10b
 731 0564 2C040000 		.4byte	0x42c
 732 0568 50       		.byte	0x50
 733 0569 08       		.uleb128 0x8
 734 056a 723900   		.ascii	"r9\000"
 735 056d 08       		.byte	0x8
ARM GAS  C:\Users\jo\AppData\Local\Temp\ccbOvXea.s 			page 14


 736 056e 0C01     		.2byte	0x10c
 737 0570 2C040000 		.4byte	0x42c
 738 0574 54       		.byte	0x54
 739 0575 08       		.uleb128 0x8
 740 0576 72313000 		.ascii	"r10\000"
 741 057a 08       		.byte	0x8
 742 057b 0D01     		.2byte	0x10d
 743 057d 2C040000 		.4byte	0x42c
 744 0581 58       		.byte	0x58
 745 0582 08       		.uleb128 0x8
 746 0583 72313100 		.ascii	"r11\000"
 747 0587 08       		.byte	0x8
 748 0588 0E01     		.2byte	0x10e
 749 058a 2C040000 		.4byte	0x42c
 750 058e 5C       		.byte	0x5c
 751 058f 08       		.uleb128 0x8
 752 0590 6C7200   		.ascii	"lr\000"
 753 0593 08       		.byte	0x8
 754 0594 0F01     		.2byte	0x10f
 755 0596 2C040000 		.4byte	0x42c
 756 059a 60       		.byte	0x60
 757 059b 00       		.byte	0
 758 059c 0B       		.uleb128 0xb
 759 059d 04       		.byte	0x4
 760 059e 5B040000 		.4byte	0x45b
 761 05a2 03       		.uleb128 0x3
 762 05a3 01       		.byte	0x1
 763 05a4 08       		.byte	0x8
 764 05a5 51040000 		.4byte	.LASF81
 765 05a9 0B       		.uleb128 0xb
 766 05aa 04       		.byte	0x4
 767 05ab AF050000 		.4byte	0x5af
 768 05af 11       		.uleb128 0x11
 769 05b0 A2050000 		.4byte	0x5a2
 770 05b4 12       		.uleb128 0x12
 771 05b5 04       		.byte	0x4
 772 05b6 09       		.byte	0x9
 773 05b7 38       		.byte	0x38
 774 05b8 C9050000 		.4byte	0x5c9
 775 05bc 07       		.uleb128 0x7
 776 05bd E1040000 		.4byte	.LASF82
 777 05c1 09       		.byte	0x9
 778 05c2 3C       		.byte	0x3c
 779 05c3 C8000000 		.4byte	0xc8
 780 05c7 00       		.byte	0
 781 05c8 00       		.byte	0
 782 05c9 04       		.uleb128 0x4
 783 05ca 00020000 		.4byte	.LASF83
 784 05ce 09       		.byte	0x9
 785 05cf 3D       		.byte	0x3d
 786 05d0 B4050000 		.4byte	0x5b4
 787 05d4 0B       		.uleb128 0xb
 788 05d5 04       		.byte	0x4
 789 05d6 20010000 		.4byte	0x120
 790 05da 13       		.uleb128 0x13
 791 05db 04       		.byte	0x4
 792 05dc 06       		.byte	0x6
ARM GAS  C:\Users\jo\AppData\Local\Temp\ccbOvXea.s 			page 15


 793 05dd F6       		.byte	0xf6
 794 05de 12060000 		.4byte	0x612
 795 05e2 14       		.uleb128 0x14
 796 05e3 0D000000 		.4byte	.LASF84
 797 05e7 06       		.byte	0x6
 798 05e8 FD       		.byte	0xfd
 799 05e9 FF000000 		.4byte	0xff
 800 05ed 15       		.uleb128 0x15
 801 05ee 59000000 		.4byte	.LASF85
 802 05f2 06       		.byte	0x6
 803 05f3 0401     		.2byte	0x104
 804 05f5 FF000000 		.4byte	0xff
 805 05f9 15       		.uleb128 0x15
 806 05fa 3F050000 		.4byte	.LASF86
 807 05fe 06       		.byte	0x6
 808 05ff 0B01     		.2byte	0x10b
 809 0601 EF020000 		.4byte	0x2ef
 810 0605 15       		.uleb128 0x15
 811 0606 D3020000 		.4byte	.LASF87
 812 060a 06       		.byte	0x6
 813 060b 1201     		.2byte	0x112
 814 060d 0A010000 		.4byte	0x10a
 815 0611 00       		.byte	0
 816 0612 06       		.uleb128 0x6
 817 0613 6A020000 		.4byte	.LASF88
 818 0617 10       		.byte	0x10
 819 0618 0A       		.byte	0xa
 820 0619 39       		.byte	0x39
 821 061a 43060000 		.4byte	0x643
 822 061e 07       		.uleb128 0x7
 823 061f CA000000 		.4byte	.LASF89
 824 0623 0A       		.byte	0xa
 825 0624 3A       		.byte	0x3a
 826 0625 3C020000 		.4byte	0x23c
 827 0629 00       		.byte	0
 828 062a 07       		.uleb128 0x7
 829 062b 62050000 		.4byte	.LASF90
 830 062f 0A       		.byte	0xa
 831 0630 3C       		.byte	0x3c
 832 0631 D4050000 		.4byte	0x5d4
 833 0635 08       		.byte	0x8
 834 0636 07       		.uleb128 0x7
 835 0637 A7040000 		.4byte	.LASF91
 836 063b 0A       		.byte	0xa
 837 063c 3E       		.byte	0x3e
 838 063d 6F060000 		.4byte	0x66f
 839 0641 0C       		.byte	0xc
 840 0642 00       		.byte	0
 841 0643 0B       		.uleb128 0xb
 842 0644 04       		.byte	0x4
 843 0645 12060000 		.4byte	0x612
 844 0649 0B       		.uleb128 0xb
 845 064a 04       		.byte	0x4
 846 064b F1020000 		.4byte	0x2f1
 847 064f 05       		.uleb128 0x5
 848 0650 A9050000 		.4byte	0x5a9
 849 0654 16       		.uleb128 0x16
ARM GAS  C:\Users\jo\AppData\Local\Temp\ccbOvXea.s 			page 16


 850 0655 37040000 		.4byte	0x437
 851 0659 64060000 		.4byte	0x664
 852 065d 17       		.uleb128 0x17
 853 065e 25040000 		.4byte	0x425
 854 0662 2B       		.byte	0x2b
 855 0663 00       		.byte	0
 856 0664 04       		.uleb128 0x4
 857 0665 16010000 		.4byte	.LASF92
 858 0669 0A       		.byte	0xa
 859 066a 34       		.byte	0x34
 860 066b 12060000 		.4byte	0x612
 861 066f 0B       		.uleb128 0xb
 862 0670 04       		.byte	0x4
 863 0671 64060000 		.4byte	0x664
 864 0675 03       		.uleb128 0x3
 865 0676 01       		.byte	0x1
 866 0677 02       		.byte	0x2
 867 0678 80020000 		.4byte	.LASF93
 868 067c 18       		.uleb128 0x18
 869 067d 4D020000 		.4byte	.LASF94
 870 0681 01       		.byte	0x1
 871 0682 1D       		.byte	0x1d
 872 0683 00000000 		.4byte	.LFB256
 873 0687 02000000 		.4byte	.LFE256-.LFB256
 874 068b 01       		.uleb128 0x1
 875 068c 9C       		.byte	0x9c
 876 068d 18       		.uleb128 0x18
 877 068e B8020000 		.4byte	.LASF95
 878 0692 01       		.byte	0x1
 879 0693 22       		.byte	0x22
 880 0694 00000000 		.4byte	.LFB257
 881 0698 02000000 		.4byte	.LFE257-.LFB257
 882 069c 01       		.uleb128 0x1
 883 069d 9C       		.byte	0x9c
 884 069e 19       		.uleb128 0x19
 885 069f 83000000 		.4byte	.LASF96
 886 06a3 0B       		.byte	0xb
 887 06a4 A706     		.2byte	0x6a7
 888 06a6 C3000000 		.4byte	0xc3
 889 06aa 1A       		.uleb128 0x1a
 890 06ab 636800   		.ascii	"ch\000"
 891 06ae 06       		.byte	0x6
 892 06af EB01     		.2byte	0x1eb
 893 06b1 BE030000 		.4byte	0x3be
 894 06b5 00       		.byte	0
 895              		.section	.debug_abbrev,"",%progbits
 896              	.Ldebug_abbrev0:
 897 0000 01       		.uleb128 0x1
 898 0001 11       		.uleb128 0x11
 899 0002 01       		.byte	0x1
 900 0003 25       		.uleb128 0x25
 901 0004 0E       		.uleb128 0xe
 902 0005 13       		.uleb128 0x13
 903 0006 0B       		.uleb128 0xb
 904 0007 03       		.uleb128 0x3
 905 0008 0E       		.uleb128 0xe
 906 0009 1B       		.uleb128 0x1b
ARM GAS  C:\Users\jo\AppData\Local\Temp\ccbOvXea.s 			page 17


 907 000a 0E       		.uleb128 0xe
 908 000b 55       		.uleb128 0x55
 909 000c 17       		.uleb128 0x17
 910 000d 11       		.uleb128 0x11
 911 000e 01       		.uleb128 0x1
 912 000f 10       		.uleb128 0x10
 913 0010 17       		.uleb128 0x17
 914 0011 00       		.byte	0
 915 0012 00       		.byte	0
 916 0013 02       		.uleb128 0x2
 917 0014 24       		.uleb128 0x24
 918 0015 00       		.byte	0
 919 0016 0B       		.uleb128 0xb
 920 0017 0B       		.uleb128 0xb
 921 0018 3E       		.uleb128 0x3e
 922 0019 0B       		.uleb128 0xb
 923 001a 03       		.uleb128 0x3
 924 001b 08       		.uleb128 0x8
 925 001c 00       		.byte	0
 926 001d 00       		.byte	0
 927 001e 03       		.uleb128 0x3
 928 001f 24       		.uleb128 0x24
 929 0020 00       		.byte	0
 930 0021 0B       		.uleb128 0xb
 931 0022 0B       		.uleb128 0xb
 932 0023 3E       		.uleb128 0x3e
 933 0024 0B       		.uleb128 0xb
 934 0025 03       		.uleb128 0x3
 935 0026 0E       		.uleb128 0xe
 936 0027 00       		.byte	0
 937 0028 00       		.byte	0
 938 0029 04       		.uleb128 0x4
 939 002a 16       		.uleb128 0x16
 940 002b 00       		.byte	0
 941 002c 03       		.uleb128 0x3
 942 002d 0E       		.uleb128 0xe
 943 002e 3A       		.uleb128 0x3a
 944 002f 0B       		.uleb128 0xb
 945 0030 3B       		.uleb128 0x3b
 946 0031 0B       		.uleb128 0xb
 947 0032 49       		.uleb128 0x49
 948 0033 13       		.uleb128 0x13
 949 0034 00       		.byte	0
 950 0035 00       		.byte	0
 951 0036 05       		.uleb128 0x5
 952 0037 35       		.uleb128 0x35
 953 0038 00       		.byte	0
 954 0039 49       		.uleb128 0x49
 955 003a 13       		.uleb128 0x13
 956 003b 00       		.byte	0
 957 003c 00       		.byte	0
 958 003d 06       		.uleb128 0x6
 959 003e 13       		.uleb128 0x13
 960 003f 01       		.byte	0x1
 961 0040 03       		.uleb128 0x3
 962 0041 0E       		.uleb128 0xe
 963 0042 0B       		.uleb128 0xb
ARM GAS  C:\Users\jo\AppData\Local\Temp\ccbOvXea.s 			page 18


 964 0043 0B       		.uleb128 0xb
 965 0044 3A       		.uleb128 0x3a
 966 0045 0B       		.uleb128 0xb
 967 0046 3B       		.uleb128 0x3b
 968 0047 0B       		.uleb128 0xb
 969 0048 01       		.uleb128 0x1
 970 0049 13       		.uleb128 0x13
 971 004a 00       		.byte	0
 972 004b 00       		.byte	0
 973 004c 07       		.uleb128 0x7
 974 004d 0D       		.uleb128 0xd
 975 004e 00       		.byte	0
 976 004f 03       		.uleb128 0x3
 977 0050 0E       		.uleb128 0xe
 978 0051 3A       		.uleb128 0x3a
 979 0052 0B       		.uleb128 0xb
 980 0053 3B       		.uleb128 0x3b
 981 0054 0B       		.uleb128 0xb
 982 0055 49       		.uleb128 0x49
 983 0056 13       		.uleb128 0x13
 984 0057 38       		.uleb128 0x38
 985 0058 0B       		.uleb128 0xb
 986 0059 00       		.byte	0
 987 005a 00       		.byte	0
 988 005b 08       		.uleb128 0x8
 989 005c 0D       		.uleb128 0xd
 990 005d 00       		.byte	0
 991 005e 03       		.uleb128 0x3
 992 005f 08       		.uleb128 0x8
 993 0060 3A       		.uleb128 0x3a
 994 0061 0B       		.uleb128 0xb
 995 0062 3B       		.uleb128 0x3b
 996 0063 05       		.uleb128 0x5
 997 0064 49       		.uleb128 0x49
 998 0065 13       		.uleb128 0x13
 999 0066 38       		.uleb128 0x38
 1000 0067 0B       		.uleb128 0xb
 1001 0068 00       		.byte	0
 1002 0069 00       		.byte	0
 1003 006a 09       		.uleb128 0x9
 1004 006b 0D       		.uleb128 0xd
 1005 006c 00       		.byte	0
 1006 006d 03       		.uleb128 0x3
 1007 006e 0E       		.uleb128 0xe
 1008 006f 3A       		.uleb128 0x3a
 1009 0070 0B       		.uleb128 0xb
 1010 0071 3B       		.uleb128 0x3b
 1011 0072 05       		.uleb128 0x5
 1012 0073 49       		.uleb128 0x49
 1013 0074 13       		.uleb128 0x13
 1014 0075 38       		.uleb128 0x38
 1015 0076 0B       		.uleb128 0xb
 1016 0077 00       		.byte	0
 1017 0078 00       		.byte	0
 1018 0079 0A       		.uleb128 0xa
 1019 007a 13       		.uleb128 0x13
 1020 007b 01       		.byte	0x1
ARM GAS  C:\Users\jo\AppData\Local\Temp\ccbOvXea.s 			page 19


 1021 007c 03       		.uleb128 0x3
 1022 007d 0E       		.uleb128 0xe
 1023 007e 0B       		.uleb128 0xb
 1024 007f 0B       		.uleb128 0xb
 1025 0080 3A       		.uleb128 0x3a
 1026 0081 0B       		.uleb128 0xb
 1027 0082 3B       		.uleb128 0x3b
 1028 0083 05       		.uleb128 0x5
 1029 0084 01       		.uleb128 0x1
 1030 0085 13       		.uleb128 0x13
 1031 0086 00       		.byte	0
 1032 0087 00       		.byte	0
 1033 0088 0B       		.uleb128 0xb
 1034 0089 0F       		.uleb128 0xf
 1035 008a 00       		.byte	0
 1036 008b 0B       		.uleb128 0xb
 1037 008c 0B       		.uleb128 0xb
 1038 008d 49       		.uleb128 0x49
 1039 008e 13       		.uleb128 0x13
 1040 008f 00       		.byte	0
 1041 0090 00       		.byte	0
 1042 0091 0C       		.uleb128 0xc
 1043 0092 15       		.uleb128 0x15
 1044 0093 01       		.byte	0x1
 1045 0094 27       		.uleb128 0x27
 1046 0095 19       		.uleb128 0x19
 1047 0096 01       		.uleb128 0x1
 1048 0097 13       		.uleb128 0x13
 1049 0098 00       		.byte	0
 1050 0099 00       		.byte	0
 1051 009a 0D       		.uleb128 0xd
 1052 009b 05       		.uleb128 0x5
 1053 009c 00       		.byte	0
 1054 009d 49       		.uleb128 0x49
 1055 009e 13       		.uleb128 0x13
 1056 009f 00       		.byte	0
 1057 00a0 00       		.byte	0
 1058 00a1 0E       		.uleb128 0xe
 1059 00a2 0F       		.uleb128 0xf
 1060 00a3 00       		.byte	0
 1061 00a4 0B       		.uleb128 0xb
 1062 00a5 0B       		.uleb128 0xb
 1063 00a6 00       		.byte	0
 1064 00a7 00       		.byte	0
 1065 00a8 0F       		.uleb128 0xf
 1066 00a9 13       		.uleb128 0x13
 1067 00aa 01       		.byte	0x1
 1068 00ab 03       		.uleb128 0x3
 1069 00ac 0E       		.uleb128 0xe
 1070 00ad 0B       		.uleb128 0xb
 1071 00ae 05       		.uleb128 0x5
 1072 00af 3A       		.uleb128 0x3a
 1073 00b0 0B       		.uleb128 0xb
 1074 00b1 3B       		.uleb128 0x3b
 1075 00b2 05       		.uleb128 0x5
 1076 00b3 01       		.uleb128 0x1
 1077 00b4 13       		.uleb128 0x13
ARM GAS  C:\Users\jo\AppData\Local\Temp\ccbOvXea.s 			page 20


 1078 00b5 00       		.byte	0
 1079 00b6 00       		.byte	0
 1080 00b7 10       		.uleb128 0x10
 1081 00b8 0D       		.uleb128 0xd
 1082 00b9 00       		.byte	0
 1083 00ba 03       		.uleb128 0x3
 1084 00bb 08       		.uleb128 0x8
 1085 00bc 3A       		.uleb128 0x3a
 1086 00bd 0B       		.uleb128 0xb
 1087 00be 3B       		.uleb128 0x3b
 1088 00bf 0B       		.uleb128 0xb
 1089 00c0 49       		.uleb128 0x49
 1090 00c1 13       		.uleb128 0x13
 1091 00c2 38       		.uleb128 0x38
 1092 00c3 0B       		.uleb128 0xb
 1093 00c4 00       		.byte	0
 1094 00c5 00       		.byte	0
 1095 00c6 11       		.uleb128 0x11
 1096 00c7 26       		.uleb128 0x26
 1097 00c8 00       		.byte	0
 1098 00c9 49       		.uleb128 0x49
 1099 00ca 13       		.uleb128 0x13
 1100 00cb 00       		.byte	0
 1101 00cc 00       		.byte	0
 1102 00cd 12       		.uleb128 0x12
 1103 00ce 13       		.uleb128 0x13
 1104 00cf 01       		.byte	0x1
 1105 00d0 0B       		.uleb128 0xb
 1106 00d1 0B       		.uleb128 0xb
 1107 00d2 3A       		.uleb128 0x3a
 1108 00d3 0B       		.uleb128 0xb
 1109 00d4 3B       		.uleb128 0x3b
 1110 00d5 0B       		.uleb128 0xb
 1111 00d6 01       		.uleb128 0x1
 1112 00d7 13       		.uleb128 0x13
 1113 00d8 00       		.byte	0
 1114 00d9 00       		.byte	0
 1115 00da 13       		.uleb128 0x13
 1116 00db 17       		.uleb128 0x17
 1117 00dc 01       		.byte	0x1
 1118 00dd 0B       		.uleb128 0xb
 1119 00de 0B       		.uleb128 0xb
 1120 00df 3A       		.uleb128 0x3a
 1121 00e0 0B       		.uleb128 0xb
 1122 00e1 3B       		.uleb128 0x3b
 1123 00e2 0B       		.uleb128 0xb
 1124 00e3 01       		.uleb128 0x1
 1125 00e4 13       		.uleb128 0x13
 1126 00e5 00       		.byte	0
 1127 00e6 00       		.byte	0
 1128 00e7 14       		.uleb128 0x14
 1129 00e8 0D       		.uleb128 0xd
 1130 00e9 00       		.byte	0
 1131 00ea 03       		.uleb128 0x3
 1132 00eb 0E       		.uleb128 0xe
 1133 00ec 3A       		.uleb128 0x3a
 1134 00ed 0B       		.uleb128 0xb
ARM GAS  C:\Users\jo\AppData\Local\Temp\ccbOvXea.s 			page 21


 1135 00ee 3B       		.uleb128 0x3b
 1136 00ef 0B       		.uleb128 0xb
 1137 00f0 49       		.uleb128 0x49
 1138 00f1 13       		.uleb128 0x13
 1139 00f2 00       		.byte	0
 1140 00f3 00       		.byte	0
 1141 00f4 15       		.uleb128 0x15
 1142 00f5 0D       		.uleb128 0xd
 1143 00f6 00       		.byte	0
 1144 00f7 03       		.uleb128 0x3
 1145 00f8 0E       		.uleb128 0xe
 1146 00f9 3A       		.uleb128 0x3a
 1147 00fa 0B       		.uleb128 0xb
 1148 00fb 3B       		.uleb128 0x3b
 1149 00fc 05       		.uleb128 0x5
 1150 00fd 49       		.uleb128 0x49
 1151 00fe 13       		.uleb128 0x13
 1152 00ff 00       		.byte	0
 1153 0100 00       		.byte	0
 1154 0101 16       		.uleb128 0x16
 1155 0102 01       		.uleb128 0x1
 1156 0103 01       		.byte	0x1
 1157 0104 49       		.uleb128 0x49
 1158 0105 13       		.uleb128 0x13
 1159 0106 01       		.uleb128 0x1
 1160 0107 13       		.uleb128 0x13
 1161 0108 00       		.byte	0
 1162 0109 00       		.byte	0
 1163 010a 17       		.uleb128 0x17
 1164 010b 21       		.uleb128 0x21
 1165 010c 00       		.byte	0
 1166 010d 49       		.uleb128 0x49
 1167 010e 13       		.uleb128 0x13
 1168 010f 2F       		.uleb128 0x2f
 1169 0110 0B       		.uleb128 0xb
 1170 0111 00       		.byte	0
 1171 0112 00       		.byte	0
 1172 0113 18       		.uleb128 0x18
 1173 0114 2E       		.uleb128 0x2e
 1174 0115 00       		.byte	0
 1175 0116 3F       		.uleb128 0x3f
 1176 0117 19       		.uleb128 0x19
 1177 0118 03       		.uleb128 0x3
 1178 0119 0E       		.uleb128 0xe
 1179 011a 3A       		.uleb128 0x3a
 1180 011b 0B       		.uleb128 0xb
 1181 011c 3B       		.uleb128 0x3b
 1182 011d 0B       		.uleb128 0xb
 1183 011e 27       		.uleb128 0x27
 1184 011f 19       		.uleb128 0x19
 1185 0120 11       		.uleb128 0x11
 1186 0121 01       		.uleb128 0x1
 1187 0122 12       		.uleb128 0x12
 1188 0123 06       		.uleb128 0x6
 1189 0124 40       		.uleb128 0x40
 1190 0125 18       		.uleb128 0x18
 1191 0126 9742     		.uleb128 0x2117
ARM GAS  C:\Users\jo\AppData\Local\Temp\ccbOvXea.s 			page 22


 1192 0128 19       		.uleb128 0x19
 1193 0129 00       		.byte	0
 1194 012a 00       		.byte	0
 1195 012b 19       		.uleb128 0x19
 1196 012c 34       		.uleb128 0x34
 1197 012d 00       		.byte	0
 1198 012e 03       		.uleb128 0x3
 1199 012f 0E       		.uleb128 0xe
 1200 0130 3A       		.uleb128 0x3a
 1201 0131 0B       		.uleb128 0xb
 1202 0132 3B       		.uleb128 0x3b
 1203 0133 05       		.uleb128 0x5
 1204 0134 49       		.uleb128 0x49
 1205 0135 13       		.uleb128 0x13
 1206 0136 3F       		.uleb128 0x3f
 1207 0137 19       		.uleb128 0x19
 1208 0138 3C       		.uleb128 0x3c
 1209 0139 19       		.uleb128 0x19
 1210 013a 00       		.byte	0
 1211 013b 00       		.byte	0
 1212 013c 1A       		.uleb128 0x1a
 1213 013d 34       		.uleb128 0x34
 1214 013e 00       		.byte	0
 1215 013f 03       		.uleb128 0x3
 1216 0140 08       		.uleb128 0x8
 1217 0141 3A       		.uleb128 0x3a
 1218 0142 0B       		.uleb128 0xb
 1219 0143 3B       		.uleb128 0x3b
 1220 0144 05       		.uleb128 0x5
 1221 0145 49       		.uleb128 0x49
 1222 0146 13       		.uleb128 0x13
 1223 0147 3F       		.uleb128 0x3f
 1224 0148 19       		.uleb128 0x19
 1225 0149 3C       		.uleb128 0x3c
 1226 014a 19       		.uleb128 0x19
 1227 014b 00       		.byte	0
 1228 014c 00       		.byte	0
 1229 014d 00       		.byte	0
 1230              		.section	.debug_aranges,"",%progbits
 1231 0000 24000000 		.4byte	0x24
 1232 0004 0200     		.2byte	0x2
 1233 0006 00000000 		.4byte	.Ldebug_info0
 1234 000a 04       		.byte	0x4
 1235 000b 00       		.byte	0
 1236 000c 0000     		.2byte	0
 1237 000e 0000     		.2byte	0
 1238 0010 00000000 		.4byte	.LFB256
 1239 0014 02000000 		.4byte	.LFE256-.LFB256
 1240 0018 00000000 		.4byte	.LFB257
 1241 001c 02000000 		.4byte	.LFE257-.LFB257
 1242 0020 00000000 		.4byte	0
 1243 0024 00000000 		.4byte	0
 1244              		.section	.debug_ranges,"",%progbits
 1245              	.Ldebug_ranges0:
 1246 0000 00000000 		.4byte	.LFB256
 1247 0004 02000000 		.4byte	.LFE256
 1248 0008 00000000 		.4byte	.LFB257
ARM GAS  C:\Users\jo\AppData\Local\Temp\ccbOvXea.s 			page 23


 1249 000c 02000000 		.4byte	.LFE257
 1250 0010 00000000 		.4byte	0
 1251 0014 00000000 		.4byte	0
 1252              		.section	.debug_line,"",%progbits
 1253              	.Ldebug_line0:
 1254 0000 F2010000 		.section	.debug_str,"MS",%progbits,1
 1254      0200CE01 
 1254      00000201 
 1254      FB0E0D00 
 1254      01010101 
 1255              	.LASF48:
 1256 0000 72656164 		.ascii	"ready_list_t\000"
 1256      795F6C69 
 1256      73745F74 
 1256      00
 1257              	.LASF84:
 1258 000d 7264796D 		.ascii	"rdymsg\000"
 1258      736700
 1259              	.LASF16:
 1260 0014 75696E74 		.ascii	"uint64_t\000"
 1260      36345F74 
 1260      00
 1261              	.LASF5:
 1262 001d 5F5F7569 		.ascii	"__uint8_t\000"
 1262      6E74385F 
 1262      7400
 1263              	.LASF80:
 1264 0027 706F7274 		.ascii	"port_intctx\000"
 1264      5F696E74 
 1264      63747800 
 1265              	.LASF67:
 1266 0033 73797374 		.ascii	"system_debug_t\000"
 1266      656D5F64 
 1266      65627567 
 1266      5F7400
 1267              	.LASF12:
 1268 0042 6C6F6E67 		.ascii	"long long unsigned int\000"
 1268      206C6F6E 
 1268      6720756E 
 1268      7369676E 
 1268      65642069 
 1269              	.LASF85:
 1270 0059 65786974 		.ascii	"exitcode\000"
 1270      636F6465 
 1270      00
 1271              	.LASF74:
 1272 0062 6D61696E 		.ascii	"mainthread\000"
 1272      74687265 
 1272      616400
 1273              	.LASF64:
 1274 006d 76697274 		.ascii	"virtual_timers_list_t\000"
 1274      75616C5F 
 1274      74696D65 
 1274      72735F6C 
 1274      6973745F 
 1275              	.LASF96:
 1276 0083 49544D5F 		.ascii	"ITM_RxBuffer\000"
ARM GAS  C:\Users\jo\AppData\Local\Temp\ccbOvXea.s 			page 24


 1276      52784275 
 1276      66666572 
 1276      00
 1277              	.LASF47:
 1278 0090 63685F74 		.ascii	"ch_threads_queue\000"
 1278      68726561 
 1278      64735F71 
 1278      75657565 
 1278      00
 1279              	.LASF28:
 1280 00a1 705F7072 		.ascii	"p_prio\000"
 1280      696F00
 1281              	.LASF10:
 1282 00a8 6C6F6E67 		.ascii	"long long int\000"
 1282      206C6F6E 
 1282      6720696E 
 1282      7400
 1283              	.LASF1:
 1284 00b6 7369676E 		.ascii	"signed char\000"
 1284      65642063 
 1284      68617200 
 1285              	.LASF42:
 1286 00c2 705F6D70 		.ascii	"p_mpool\000"
 1286      6F6F6C00 
 1287              	.LASF89:
 1288 00ca 6D5F7175 		.ascii	"m_queue\000"
 1288      65756500 
 1289              	.LASF73:
 1290 00d2 76746C69 		.ascii	"vtlist\000"
 1290      737400
 1291              	.LASF71:
 1292 00d9 63685F73 		.ascii	"ch_system\000"
 1292      79737465 
 1292      6D00
 1293              	.LASF7:
 1294 00e3 6C6F6E67 		.ascii	"long int\000"
 1294      20696E74 
 1294      00
 1295              	.LASF19:
 1296 00ec 74737461 		.ascii	"tstate_t\000"
 1296      74655F74 
 1296      00
 1297              	.LASF30:
 1298 00f5 705F6E65 		.ascii	"p_newer\000"
 1298      77657200 
 1299              	.LASF53:
 1300 00fd 725F6E65 		.ascii	"r_newer\000"
 1300      77657200 
 1301              	.LASF77:
 1302 0105 72656761 		.ascii	"regarm_t\000"
 1302      726D5F74 
 1302      00
 1303              	.LASF60:
 1304 010e 76745F70 		.ascii	"vt_prev\000"
 1304      72657600 
 1305              	.LASF92:
 1306 0116 6D757465 		.ascii	"mutex_t\000"
ARM GAS  C:\Users\jo\AppData\Local\Temp\ccbOvXea.s 			page 25


 1306      785F7400 
 1307              	.LASF75:
 1308 011e 69646C65 		.ascii	"idle_thread_wa\000"
 1308      5F746872 
 1308      6561645F 
 1308      776100
 1309              	.LASF0:
 1310 012d 756E7369 		.ascii	"unsigned int\000"
 1310      676E6564 
 1310      20696E74 
 1310      00
 1311              	.LASF59:
 1312 013a 76745F6E 		.ascii	"vt_next\000"
 1312      65787400 
 1313              	.LASF61:
 1314 0142 76745F64 		.ascii	"vt_delta\000"
 1314      656C7461 
 1314      00
 1315              	.LASF37:
 1316 014b 705F6D73 		.ascii	"p_msgqueue\000"
 1316      67717565 
 1316      756500
 1317              	.LASF4:
 1318 0156 73686F72 		.ascii	"short unsigned int\000"
 1318      7420756E 
 1318      7369676E 
 1318      65642069 
 1318      6E7400
 1319              	.LASF44:
 1320 0169 63685F74 		.ascii	"ch_thread\000"
 1320      68726561 
 1320      6400
 1321              	.LASF22:
 1322 0173 6D73675F 		.ascii	"msg_t\000"
 1322      7400
 1323              	.LASF70:
 1324 0179 63685F73 		.ascii	"ch_system_t\000"
 1324      79737465 
 1324      6D5F7400 
 1325              	.LASF18:
 1326 0185 746D6F64 		.ascii	"tmode_t\000"
 1326      655F7400 
 1327              	.LASF49:
 1328 018d 63685F72 		.ascii	"ch_ready_list\000"
 1328      65616479 
 1328      5F6C6973 
 1328      7400
 1329              	.LASF23:
 1330 019b 6576656E 		.ascii	"eventmask_t\000"
 1330      746D6173 
 1330      6B5F7400 
 1331              	.LASF6:
 1332 01a7 5F5F696E 		.ascii	"__int32_t\000"
 1332      7433325F 
 1332      7400
 1333              	.LASF78:
 1334 01b1 73746B61 		.ascii	"stkalign_t\000"
ARM GAS  C:\Users\jo\AppData\Local\Temp\ccbOvXea.s 			page 26


 1334      6C69676E 
 1334      5F7400
 1335              	.LASF36:
 1336 01bc 705F7761 		.ascii	"p_waiting\000"
 1336      6974696E 
 1336      6700
 1337              	.LASF76:
 1338 01c6 73697A65 		.ascii	"sizetype\000"
 1338      74797065 
 1338      00
 1339              	.LASF65:
 1340 01cf 63685F76 		.ascii	"ch_virtual_timers_list\000"
 1340      69727475 
 1340      616C5F74 
 1340      696D6572 
 1340      735F6C69 
 1341              	.LASF66:
 1342 01e6 76745F6C 		.ascii	"vt_lasttime\000"
 1342      61737474 
 1342      696D6500 
 1343              	.LASF31:
 1344 01f2 705F6F6C 		.ascii	"p_older\000"
 1344      64657200 
 1345              	.LASF52:
 1346 01fa 725F6374 		.ascii	"r_ctx\000"
 1346      7800
 1347              	.LASF83:
 1348 0200 746D5F63 		.ascii	"tm_calibration_t\000"
 1348      616C6962 
 1348      72617469 
 1348      6F6E5F74 
 1348      00
 1349              	.LASF55:
 1350 0211 725F6375 		.ascii	"r_current\000"
 1350      7272656E 
 1350      7400
 1351              	.LASF54:
 1352 021b 725F6F6C 		.ascii	"r_older\000"
 1352      64657200 
 1353              	.LASF11:
 1354 0223 5F5F7569 		.ascii	"__uint64_t\000"
 1354      6E743634 
 1354      5F7400
 1355              	.LASF20:
 1356 022e 74726566 		.ascii	"trefs_t\000"
 1356      735F7400 
 1357              	.LASF57:
 1358 0236 76697274 		.ascii	"virtual_timer_t\000"
 1358      75616C5F 
 1358      74696D65 
 1358      725F7400 
 1359              	.LASF27:
 1360 0246 705F7072 		.ascii	"p_prev\000"
 1360      657600
 1361              	.LASF94:
 1362 024d 456E7465 		.ascii	"EnterCriticalSection\000"
 1362      72437269 
ARM GAS  C:\Users\jo\AppData\Local\Temp\ccbOvXea.s 			page 27


 1362      74696361 
 1362      6C536563 
 1362      74696F6E 
 1363              	.LASF21:
 1364 0262 74707269 		.ascii	"tprio_t\000"
 1364      6F5F7400 
 1365              	.LASF88:
 1366 026a 6D757465 		.ascii	"mutex\000"
 1366      7800
 1367              	.LASF68:
 1368 0270 63685F73 		.ascii	"ch_system_debug\000"
 1368      79737465 
 1368      6D5F6465 
 1368      62756700 
 1369              	.LASF93:
 1370 0280 5F426F6F 		.ascii	"_Bool\000"
 1370      6C00
 1371              	.LASF14:
 1372 0286 696E7433 		.ascii	"int32_t\000"
 1372      325F7400 
 1373              	.LASF2:
 1374 028e 756E7369 		.ascii	"unsigned char\000"
 1374      676E6564 
 1374      20636861 
 1374      7200
 1375              	.LASF40:
 1376 029c 705F6D74 		.ascii	"p_mtxlist\000"
 1376      786C6973 
 1376      7400
 1377              	.LASF3:
 1378 02a6 73686F72 		.ascii	"short int\000"
 1378      7420696E 
 1378      7400
 1379              	.LASF33:
 1380 02b0 705F7374 		.ascii	"p_state\000"
 1380      61746500 
 1381              	.LASF95:
 1382 02b8 45786974 		.ascii	"ExitCriticalSection\000"
 1382      43726974 
 1382      6963616C 
 1382      53656374 
 1382      696F6E00 
 1383              	.LASF51:
 1384 02cc 725F7072 		.ascii	"r_prio\000"
 1384      696F00
 1385              	.LASF87:
 1386 02d3 65776D61 		.ascii	"ewmask\000"
 1386      736B00
 1387              	.LASF26:
 1388 02da 705F6E65 		.ascii	"p_next\000"
 1388      787400
 1389              	.LASF97:
 1390 02e1 474E5520 		.ascii	"GNU C 4.9.3 20141119 (release) [ARM/embedded-4_9-br"
 1390      4320342E 
 1390      392E3320 
 1390      32303134 
 1390      31313139 
ARM GAS  C:\Users\jo\AppData\Local\Temp\ccbOvXea.s 			page 28


 1391 0314 616E6368 		.ascii	"anch revision 218278] -mcpu=cortex-m4 -mfloat-abi=h"
 1391      20726576 
 1391      6973696F 
 1391      6E203231 
 1391      38323738 
 1392 0347 61726420 		.ascii	"ard -mfpu=fpv4-sp-d16 -mno-thumb-interwork -mthumb "
 1392      2D6D6670 
 1392      753D6670 
 1392      76342D73 
 1392      702D6431 
 1393 037a 2D676764 		.ascii	"-ggdb -O2 -fomit-frame-pointer -falign-functions=16"
 1393      62202D4F 
 1393      32202D66 
 1393      6F6D6974 
 1393      2D667261 
 1394 03ad 202D6666 		.ascii	" -ffunction-sections -fdata-sections -fno-common -f"
 1394      756E6374 
 1394      696F6E2D 
 1394      73656374 
 1394      696F6E73 
 1395 03e0 73696E67 		.ascii	"single-precision-constant\000"
 1395      6C652D70 
 1395      72656369 
 1395      73696F6E 
 1395      2D636F6E 
 1396              	.LASF34:
 1397 03fa 705F666C 		.ascii	"p_flags\000"
 1397      61677300 
 1398              	.LASF58:
 1399 0402 63685F76 		.ascii	"ch_virtual_timer\000"
 1399      69727475 
 1399      616C5F74 
 1399      696D6572 
 1399      00
 1400              	.LASF39:
 1401 0413 705F6570 		.ascii	"p_epending\000"
 1401      656E6469 
 1401      6E6700
 1402              	.LASF15:
 1403 041e 75696E74 		.ascii	"uint32_t\000"
 1403      33325F74 
 1403      00
 1404              	.LASF50:
 1405 0427 725F7175 		.ascii	"r_queue\000"
 1405      65756500 
 1406              	.LASF45:
 1407 042f 63685F74 		.ascii	"ch_threads_list\000"
 1407      68726561 
 1407      64735F6C 
 1407      69737400 
 1408              	.LASF9:
 1409 043f 6C6F6E67 		.ascii	"long unsigned int\000"
 1409      20756E73 
 1409      69676E65 
 1409      6420696E 
 1409      7400
 1410              	.LASF81:
ARM GAS  C:\Users\jo\AppData\Local\Temp\ccbOvXea.s 			page 29


 1411 0451 63686172 		.ascii	"char\000"
 1411      00
 1412              	.LASF99:
 1413 0456 433A5C55 		.ascii	"C:\\Users\\jo\\Documents\\GitHub\\ChibiOS\\demos\\S"
 1413      73657273 
 1413      5C6A6F5C 
 1413      446F6375 
 1413      6D656E74 
 1414 0482 544D3332 		.ascii	"TM32\\RT-STM32F407-DISCOVERY\000"
 1414      5C52542D 
 1414      53544D33 
 1414      32463430 
 1414      372D4449 
 1415              	.LASF25:
 1416 049e 74687265 		.ascii	"thread_t\000"
 1416      61645F74 
 1416      00
 1417              	.LASF91:
 1418 04a7 6D5F6E65 		.ascii	"m_next\000"
 1418      787400
 1419              	.LASF24:
 1420 04ae 73797374 		.ascii	"systime_t\000"
 1420      696D655F 
 1420      7400
 1421              	.LASF41:
 1422 04b8 705F7265 		.ascii	"p_realprio\000"
 1422      616C7072 
 1422      696F00
 1423              	.LASF56:
 1424 04c3 76746675 		.ascii	"vtfunc_t\000"
 1424      6E635F74 
 1424      00
 1425              	.LASF8:
 1426 04cc 5F5F7569 		.ascii	"__uint32_t\000"
 1426      6E743332 
 1426      5F7400
 1427              	.LASF69:
 1428 04d7 70616E69 		.ascii	"panic_msg\000"
 1428      635F6D73 
 1428      6700
 1429              	.LASF82:
 1430 04e1 6F666673 		.ascii	"offset\000"
 1430      657400
 1431              	.LASF79:
 1432 04e8 636F6E74 		.ascii	"context\000"
 1432      65787400 
 1433              	.LASF17:
 1434 04f0 7274636E 		.ascii	"rtcnt_t\000"
 1434      745F7400 
 1435              	.LASF63:
 1436 04f8 76745F70 		.ascii	"vt_par\000"
 1436      617200
 1437              	.LASF46:
 1438 04ff 74687265 		.ascii	"threads_queue_t\000"
 1438      6164735F 
 1438      71756575 
 1438      655F7400 
ARM GAS  C:\Users\jo\AppData\Local\Temp\ccbOvXea.s 			page 30


 1439              	.LASF35:
 1440 050f 705F7265 		.ascii	"p_refs\000"
 1440      667300
 1441              	.LASF72:
 1442 0516 726C6973 		.ascii	"rlist\000"
 1442      7400
 1443              	.LASF13:
 1444 051c 75696E74 		.ascii	"uint8_t\000"
 1444      385F7400 
 1445              	.LASF98:
 1446 0524 46726565 		.ascii	"FreeModbus/port/rtt/port.c\000"
 1446      4D6F6462 
 1446      75732F70 
 1446      6F72742F 
 1446      7274742F 
 1447              	.LASF86:
 1448 053f 77746F62 		.ascii	"wtobjp\000"
 1448      6A7000
 1449              	.LASF32:
 1450 0546 705F6E61 		.ascii	"p_name\000"
 1450      6D6500
 1451              	.LASF43:
 1452 054d 74687265 		.ascii	"threads_list_t\000"
 1452      6164735F 
 1452      6C697374 
 1452      5F7400
 1453              	.LASF38:
 1454 055c 705F6D73 		.ascii	"p_msg\000"
 1454      6700
 1455              	.LASF90:
 1456 0562 6D5F6F77 		.ascii	"m_owner\000"
 1456      6E657200 
 1457              	.LASF29:
 1458 056a 705F6374 		.ascii	"p_ctx\000"
 1458      7800
 1459              	.LASF62:
 1460 0570 76745F66 		.ascii	"vt_func\000"
 1460      756E6300 
 1461              		.ident	"GCC: (GNU Tools for ARM Embedded Processors) 4.9.3 20141119 (release) [ARM/embedded-4_9-br
ARM GAS  C:\Users\jo\AppData\Local\Temp\ccbOvXea.s 			page 31


DEFINED SYMBOLS
                            *ABS*:00000000 port.c
C:\Users\jo\AppData\Local\Temp\ccbOvXea.s:21     .text.EnterCriticalSection:00000000 $t
C:\Users\jo\AppData\Local\Temp\ccbOvXea.s:27     .text.EnterCriticalSection:00000000 EnterCriticalSection
C:\Users\jo\AppData\Local\Temp\ccbOvXea.s:40     .text.ExitCriticalSection:00000000 $t
C:\Users\jo\AppData\Local\Temp\ccbOvXea.s:46     .text.ExitCriticalSection:00000000 ExitCriticalSection
                     .debug_frame:00000010 $d

NO UNDEFINED SYMBOLS
