ARM GAS  C:\Users\jo\AppData\Local\Temp\cciR97B5.s 			page 1


   1              		.syntax unified
   2              		.cpu cortex-m4
   3              		.eabi_attribute 27, 3
   4              		.eabi_attribute 28, 1
   5              		.fpu fpv4-sp-d16
   6              		.eabi_attribute 20, 1
   7              		.eabi_attribute 21, 1
   8              		.eabi_attribute 23, 3
   9              		.eabi_attribute 24, 1
  10              		.eabi_attribute 25, 1
  11              		.eabi_attribute 26, 1
  12              		.eabi_attribute 30, 2
  13              		.eabi_attribute 34, 1
  14              		.eabi_attribute 18, 4
  15              		.thumb
  16              		.file	"stats.c"
  17              		.text
  18              	.Ltext0:
  19              		.cfi_sections	.debug_frame
  20              		.section	.text.stats_init,"ax",%progbits
  21              		.align	2
  22              		.p2align 4,,15
  23              		.global	stats_init
  24              		.thumb
  25              		.thumb_func
  26              		.type	stats_init, %function
  27              	stats_init:
  28              	.LFB256:
  29              		.file 1 "../../../os/ext/lwip-1.4.1/src/core/stats.c"
  30              		.loc 1 52 0
  31              		.cfi_startproc
  32              		@ args = 0, pretend = 0, frame = 0
  33              		@ frame_needed = 0, uses_anonymous_args = 0
  34              		@ link register save eliminated.
  35 0000 7047     		bx	lr
  36              		.cfi_endproc
  37              	.LFE256:
  38              		.size	stats_init, .-stats_init
  39              		.global	lwip_stats
  40 0002 00BFAFF3 		.section	.bss.lwip_stats,"aw",%nobits
  40      0080AFF3 
  40      0080AFF3 
  40      0080
  41              		.align	2
  42              		.type	lwip_stats, %object
  43              		.size	lwip_stats, 336
  44              	lwip_stats:
  45 0000 00000000 		.space	336
  45      00000000 
  45      00000000 
  45      00000000 
  45      00000000 
  46              		.text
  47              	.Letext0:
  48              		.file 2 "c:\\program files\\gnu tools arm embedded\\4.9 2014q4\\lib\\gcc\\arm-none-eabi\\4.9.3\\in
  49              		.file 3 "c:\\program files\\gnu tools arm embedded\\4.9 2014q4\\arm-none-eabi\\include\\machine\\_
  50              		.file 4 "c:\\program files\\gnu tools arm embedded\\4.9 2014q4\\arm-none-eabi\\include\\stdint.h"
ARM GAS  C:\Users\jo\AppData\Local\Temp\cciR97B5.s 			page 2


  51              		.file 5 "../../../os/rt/ports/ARMCMx/compilers/GCC/chtypes.h"
  52              		.file 6 "../../../os/rt/include/chsystypes.h"
  53              		.file 7 "../../../os/rt/include/chschd.h"
  54              		.file 8 "../../../os/rt/ports/ARMCMx/chcore.h"
  55              		.file 9 "../../../os/rt/ports/ARMCMx/chcore_v7m.h"
  56              		.file 10 "../../../os/rt/include/chtm.h"
  57              		.file 11 "../../../os/rt/include/chmtx.h"
  58              		.file 12 "../../../os/various/lwip_bindings/arch/cc.h"
  59              		.file 13 "../../../os/ext/lwip-1.4.1/src/include/lwip/mem.h"
  60              		.file 14 "../../../os/ext/lwip-1.4.1/src/include/lwip/stats.h"
  61              		.file 15 "../../../os/ext/CMSIS/include/core_cm4.h"
  62              		.file 16 "../../../os/ext/lwip-1.4.1/src/include/lwip/memp.h"
  63              		.section	.debug_info,"",%progbits
  64              	.Ldebug_info0:
  65 0000 29090000 		.4byte	0x929
  66 0004 0400     		.2byte	0x4
  67 0006 00000000 		.4byte	.Ldebug_abbrev0
  68 000a 04       		.byte	0x4
  69 000b 01       		.uleb128 0x1
  70 000c E8030000 		.4byte	.LASF140
  71 0010 01       		.byte	0x1
  72 0011 99050000 		.4byte	.LASF141
  73 0015 CA050000 		.4byte	.LASF142
  74 0019 00000000 		.4byte	.Ldebug_ranges0+0
  75 001d 00000000 		.4byte	0
  76 0021 00000000 		.4byte	.Ldebug_line0
  77 0025 02       		.uleb128 0x2
  78 0026 04       		.byte	0x4
  79 0027 05       		.byte	0x5
  80 0028 696E7400 		.ascii	"int\000"
  81 002c 03       		.uleb128 0x3
  82 002d 0D000000 		.4byte	.LASF2
  83 0031 02       		.byte	0x2
  84 0032 D4       		.byte	0xd4
  85 0033 37000000 		.4byte	0x37
  86 0037 04       		.uleb128 0x4
  87 0038 04       		.byte	0x4
  88 0039 07       		.byte	0x7
  89 003a D3010000 		.4byte	.LASF0
  90 003e 04       		.uleb128 0x4
  91 003f 01       		.byte	0x1
  92 0040 06       		.byte	0x6
  93 0041 E7000000 		.4byte	.LASF1
  94 0045 03       		.uleb128 0x3
  95 0046 2C000000 		.4byte	.LASF3
  96 004a 03       		.byte	0x3
  97 004b 1D       		.byte	0x1d
  98 004c 50000000 		.4byte	0x50
  99 0050 04       		.uleb128 0x4
 100 0051 01       		.byte	0x1
 101 0052 08       		.byte	0x8
 102 0053 97030000 		.4byte	.LASF4
 103 0057 04       		.uleb128 0x4
 104 0058 02       		.byte	0x2
 105 0059 05       		.byte	0x5
 106 005a BC030000 		.4byte	.LASF5
 107 005e 03       		.uleb128 0x3
ARM GAS  C:\Users\jo\AppData\Local\Temp\cciR97B5.s 			page 3


 108 005f 12060000 		.4byte	.LASF6
 109 0063 03       		.byte	0x3
 110 0064 2B       		.byte	0x2b
 111 0065 69000000 		.4byte	0x69
 112 0069 04       		.uleb128 0x4
 113 006a 02       		.byte	0x2
 114 006b 07       		.byte	0x7
 115 006c 17020000 		.4byte	.LASF7
 116 0070 03       		.uleb128 0x3
 117 0071 7D020000 		.4byte	.LASF8
 118 0075 03       		.byte	0x3
 119 0076 3F       		.byte	0x3f
 120 0077 7B000000 		.4byte	0x7b
 121 007b 04       		.uleb128 0x4
 122 007c 04       		.byte	0x4
 123 007d 05       		.byte	0x5
 124 007e 35010000 		.4byte	.LASF9
 125 0082 03       		.uleb128 0x3
 126 0083 5D060000 		.4byte	.LASF10
 127 0087 03       		.byte	0x3
 128 0088 41       		.byte	0x41
 129 0089 8D000000 		.4byte	0x8d
 130 008d 04       		.uleb128 0x4
 131 008e 04       		.byte	0x4
 132 008f 07       		.byte	0x7
 133 0090 F3000000 		.4byte	.LASF11
 134 0094 04       		.uleb128 0x4
 135 0095 08       		.byte	0x8
 136 0096 05       		.byte	0x5
 137 0097 D9000000 		.4byte	.LASF12
 138 009b 03       		.uleb128 0x3
 139 009c 31030000 		.4byte	.LASF13
 140 00a0 03       		.byte	0x3
 141 00a1 5B       		.byte	0x5b
 142 00a2 A6000000 		.4byte	0xa6
 143 00a6 04       		.uleb128 0x4
 144 00a7 08       		.byte	0x8
 145 00a8 07       		.byte	0x7
 146 00a9 58000000 		.4byte	.LASF14
 147 00ad 03       		.uleb128 0x3
 148 00ae CA060000 		.4byte	.LASF15
 149 00b2 04       		.byte	0x4
 150 00b3 15       		.byte	0x15
 151 00b4 45000000 		.4byte	0x45
 152 00b8 03       		.uleb128 0x3
 153 00b9 E8010000 		.4byte	.LASF16
 154 00bd 04       		.byte	0x4
 155 00be 21       		.byte	0x21
 156 00bf 5E000000 		.4byte	0x5e
 157 00c3 03       		.uleb128 0x3
 158 00c4 8F030000 		.4byte	.LASF17
 159 00c8 04       		.byte	0x4
 160 00c9 2C       		.byte	0x2c
 161 00ca 70000000 		.4byte	0x70
 162 00ce 03       		.uleb128 0x3
 163 00cf 65050000 		.4byte	.LASF18
 164 00d3 04       		.byte	0x4
ARM GAS  C:\Users\jo\AppData\Local\Temp\cciR97B5.s 			page 4


 165 00d4 2D       		.byte	0x2d
 166 00d5 82000000 		.4byte	0x82
 167 00d9 03       		.uleb128 0x3
 168 00da 1B000000 		.4byte	.LASF19
 169 00de 04       		.byte	0x4
 170 00df 39       		.byte	0x39
 171 00e0 9B000000 		.4byte	0x9b
 172 00e4 05       		.uleb128 0x5
 173 00e5 C3000000 		.4byte	0xc3
 174 00e9 03       		.uleb128 0x3
 175 00ea 89060000 		.4byte	.LASF20
 176 00ee 05       		.byte	0x5
 177 00ef 45       		.byte	0x45
 178 00f0 CE000000 		.4byte	0xce
 179 00f4 03       		.uleb128 0x3
 180 00f5 5B020000 		.4byte	.LASF21
 181 00f9 05       		.byte	0x5
 182 00fa 48       		.byte	0x48
 183 00fb AD000000 		.4byte	0xad
 184 00ff 03       		.uleb128 0x3
 185 0100 4B010000 		.4byte	.LASF22
 186 0104 05       		.byte	0x5
 187 0105 49       		.byte	0x49
 188 0106 AD000000 		.4byte	0xad
 189 010a 03       		.uleb128 0x3
 190 010b 4C030000 		.4byte	.LASF23
 191 010f 05       		.byte	0x5
 192 0110 4A       		.byte	0x4a
 193 0111 AD000000 		.4byte	0xad
 194 0115 03       		.uleb128 0x3
 195 0116 6B030000 		.4byte	.LASF24
 196 011a 05       		.byte	0x5
 197 011b 4C       		.byte	0x4c
 198 011c CE000000 		.4byte	0xce
 199 0120 03       		.uleb128 0x3
 200 0121 49020000 		.4byte	.LASF25
 201 0125 05       		.byte	0x5
 202 0126 4D       		.byte	0x4d
 203 0127 C3000000 		.4byte	0xc3
 204 012b 03       		.uleb128 0x3
 205 012c 71020000 		.4byte	.LASF26
 206 0130 05       		.byte	0x5
 207 0131 4F       		.byte	0x4f
 208 0132 CE000000 		.4byte	0xce
 209 0136 03       		.uleb128 0x3
 210 0137 3F060000 		.4byte	.LASF27
 211 013b 06       		.byte	0x6
 212 013c 33       		.byte	0x33
 213 013d CE000000 		.4byte	0xce
 214 0141 03       		.uleb128 0x3
 215 0142 2F060000 		.4byte	.LASF28
 216 0146 06       		.byte	0x6
 217 0147 3F       		.byte	0x3f
 218 0148 4C010000 		.4byte	0x14c
 219 014c 06       		.uleb128 0x6
 220 014d 2A020000 		.4byte	.LASF47
 221 0151 44       		.byte	0x44
ARM GAS  C:\Users\jo\AppData\Local\Temp\cciR97B5.s 			page 5


 222 0152 07       		.byte	0x7
 223 0153 BE       		.byte	0xbe
 224 0154 39020000 		.4byte	0x239
 225 0158 07       		.uleb128 0x7
 226 0159 E1030000 		.4byte	.LASF29
 227 015d 07       		.byte	0x7
 228 015e BF       		.byte	0xbf
 229 015f F5050000 		.4byte	0x5f5
 230 0163 00       		.byte	0
 231 0164 07       		.uleb128 0x7
 232 0165 64030000 		.4byte	.LASF30
 233 0169 07       		.byte	0x7
 234 016a C1       		.byte	0xc1
 235 016b F5050000 		.4byte	0x5f5
 236 016f 04       		.byte	0x4
 237 0170 07       		.uleb128 0x7
 238 0171 D2000000 		.4byte	.LASF31
 239 0175 07       		.byte	0x7
 240 0176 C3       		.byte	0xc3
 241 0177 15010000 		.4byte	0x115
 242 017b 08       		.byte	0x8
 243 017c 07       		.uleb128 0x7
 244 017d 1B070000 		.4byte	.LASF32
 245 0181 07       		.byte	0x7
 246 0182 C4       		.byte	0xc4
 247 0183 63040000 		.4byte	0x463
 248 0187 0C       		.byte	0xc
 249 0188 07       		.uleb128 0x7
 250 0189 68010000 		.4byte	.LASF33
 251 018d 07       		.byte	0x7
 252 018e C6       		.byte	0xc6
 253 018f F5050000 		.4byte	0x5f5
 254 0193 10       		.byte	0x10
 255 0194 07       		.uleb128 0x7
 256 0195 E6020000 		.4byte	.LASF34
 257 0199 07       		.byte	0x7
 258 019a C7       		.byte	0xc7
 259 019b F5050000 		.4byte	0x5f5
 260 019f 14       		.byte	0x14
 261 01a0 07       		.uleb128 0x7
 262 01a1 EB060000 		.4byte	.LASF35
 263 01a5 07       		.byte	0x7
 264 01a6 CE       		.byte	0xce
 265 01a7 CA050000 		.4byte	0x5ca
 266 01ab 18       		.byte	0x18
 267 01ac 07       		.uleb128 0x7
 268 01ad C6030000 		.4byte	.LASF36
 269 01b1 07       		.byte	0x7
 270 01b2 D9       		.byte	0xd9
 271 01b3 FF000000 		.4byte	0xff
 272 01b7 1C       		.byte	0x1c
 273 01b8 07       		.uleb128 0x7
 274 01b9 0C050000 		.4byte	.LASF37
 275 01bd 07       		.byte	0x7
 276 01be DD       		.byte	0xdd
 277 01bf F4000000 		.4byte	0xf4
 278 01c3 1D       		.byte	0x1d
ARM GAS  C:\Users\jo\AppData\Local\Temp\cciR97B5.s 			page 6


 279 01c4 07       		.uleb128 0x7
 280 01c5 D7060000 		.4byte	.LASF38
 281 01c9 07       		.byte	0x7
 282 01ca E2       		.byte	0xe2
 283 01cb 0A010000 		.4byte	0x10a
 284 01cf 1E       		.byte	0x1e
 285 01d0 08       		.uleb128 0x8
 286 01d1 705F7500 		.ascii	"p_u\000"
 287 01d5 07       		.byte	0x7
 288 01d6 1401     		.2byte	0x114
 289 01d8 FB050000 		.4byte	0x5fb
 290 01dc 20       		.byte	0x20
 291 01dd 09       		.uleb128 0x9
 292 01de A5020000 		.4byte	.LASF39
 293 01e2 07       		.byte	0x7
 294 01e3 1901     		.2byte	0x119
 295 01e5 39020000 		.4byte	0x239
 296 01e9 24       		.byte	0x24
 297 01ea 09       		.uleb128 0x9
 298 01eb FA010000 		.4byte	.LASF40
 299 01ef 07       		.byte	0x7
 300 01f0 1F01     		.2byte	0x11f
 301 01f2 5D020000 		.4byte	0x25d
 302 01f6 28       		.byte	0x28
 303 01f7 09       		.uleb128 0x9
 304 01f8 0D070000 		.4byte	.LASF41
 305 01fc 07       		.byte	0x7
 306 01fd 2301     		.2byte	0x123
 307 01ff 20010000 		.4byte	0x120
 308 0203 30       		.byte	0x30
 309 0204 09       		.uleb128 0x9
 310 0205 49050000 		.4byte	.LASF42
 311 0209 07       		.byte	0x7
 312 020a 2901     		.2byte	0x129
 313 020c 2B010000 		.4byte	0x12b
 314 0210 34       		.byte	0x34
 315 0211 09       		.uleb128 0x9
 316 0212 B2030000 		.4byte	.LASF43
 317 0216 07       		.byte	0x7
 318 0217 3001     		.2byte	0x130
 319 0219 64060000 		.4byte	0x664
 320 021d 38       		.byte	0x38
 321 021e 09       		.uleb128 0x9
 322 021f 49060000 		.4byte	.LASF44
 323 0223 07       		.byte	0x7
 324 0224 3401     		.2byte	0x134
 325 0226 15010000 		.4byte	0x115
 326 022a 3C       		.byte	0x3c
 327 022b 09       		.uleb128 0x9
 328 022c 05010000 		.4byte	.LASF45
 329 0230 07       		.byte	0x7
 330 0231 3A01     		.2byte	0x13a
 331 0233 10030000 		.4byte	0x310
 332 0237 40       		.byte	0x40
 333 0238 00       		.byte	0
 334 0239 03       		.uleb128 0x3
 335 023a F2060000 		.4byte	.LASF46
ARM GAS  C:\Users\jo\AppData\Local\Temp\cciR97B5.s 			page 7


 336 023e 06       		.byte	0x6
 337 023f 44       		.byte	0x44
 338 0240 44020000 		.4byte	0x244
 339 0244 06       		.uleb128 0x6
 340 0245 76050000 		.4byte	.LASF48
 341 0249 04       		.byte	0x4
 342 024a 07       		.byte	0x7
 343 024b AC       		.byte	0xac
 344 024c 5D020000 		.4byte	0x25d
 345 0250 07       		.uleb128 0x7
 346 0251 E1030000 		.4byte	.LASF29
 347 0255 07       		.byte	0x7
 348 0256 AD       		.byte	0xad
 349 0257 F5050000 		.4byte	0x5f5
 350 025b 00       		.byte	0
 351 025c 00       		.byte	0
 352 025d 03       		.uleb128 0x3
 353 025e A9060000 		.4byte	.LASF49
 354 0262 06       		.byte	0x6
 355 0263 4B       		.byte	0x4b
 356 0264 68020000 		.4byte	0x268
 357 0268 06       		.uleb128 0x6
 358 0269 BA000000 		.4byte	.LASF50
 359 026d 08       		.byte	0x8
 360 026e 07       		.byte	0x7
 361 026f B3       		.byte	0xb3
 362 0270 8D020000 		.4byte	0x28d
 363 0274 07       		.uleb128 0x7
 364 0275 E1030000 		.4byte	.LASF29
 365 0279 07       		.byte	0x7
 366 027a B4       		.byte	0xb4
 367 027b F5050000 		.4byte	0x5f5
 368 027f 00       		.byte	0
 369 0280 07       		.uleb128 0x7
 370 0281 64030000 		.4byte	.LASF30
 371 0285 07       		.byte	0x7
 372 0286 B5       		.byte	0xb5
 373 0287 F5050000 		.4byte	0x5f5
 374 028b 04       		.byte	0x4
 375 028c 00       		.byte	0
 376 028d 03       		.uleb128 0x3
 377 028e 00000000 		.4byte	.LASF51
 378 0292 06       		.byte	0x6
 379 0293 52       		.byte	0x52
 380 0294 98020000 		.4byte	0x298
 381 0298 0A       		.uleb128 0xa
 382 0299 63020000 		.4byte	.LASF52
 383 029d 1C       		.byte	0x1c
 384 029e 07       		.byte	0x7
 385 029f 7201     		.2byte	0x172
 386 02a1 F4020000 		.4byte	0x2f4
 387 02a5 09       		.uleb128 0x9
 388 02a6 6E050000 		.4byte	.LASF53
 389 02aa 07       		.byte	0x7
 390 02ab 7301     		.2byte	0x173
 391 02ad 5D020000 		.4byte	0x25d
 392 02b1 00       		.byte	0
ARM GAS  C:\Users\jo\AppData\Local\Temp\cciR97B5.s 			page 8


 393 02b2 09       		.uleb128 0x9
 394 02b3 CE030000 		.4byte	.LASF54
 395 02b7 07       		.byte	0x7
 396 02b8 7401     		.2byte	0x174
 397 02ba 15010000 		.4byte	0x115
 398 02be 08       		.byte	0x8
 399 02bf 09       		.uleb128 0x9
 400 02c0 EE020000 		.4byte	.LASF55
 401 02c4 07       		.byte	0x7
 402 02c5 7601     		.2byte	0x176
 403 02c7 63040000 		.4byte	0x463
 404 02cb 0C       		.byte	0xc
 405 02cc 09       		.uleb128 0x9
 406 02cd 70010000 		.4byte	.LASF56
 407 02d1 07       		.byte	0x7
 408 02d2 7901     		.2byte	0x179
 409 02d4 F5050000 		.4byte	0x5f5
 410 02d8 10       		.byte	0x10
 411 02d9 09       		.uleb128 0x9
 412 02da 1D030000 		.4byte	.LASF57
 413 02de 07       		.byte	0x7
 414 02df 7A01     		.2byte	0x17a
 415 02e1 F5050000 		.4byte	0x5f5
 416 02e5 14       		.byte	0x14
 417 02e6 09       		.uleb128 0x9
 418 02e7 13030000 		.4byte	.LASF58
 419 02eb 07       		.byte	0x7
 420 02ec 7D01     		.2byte	0x17d
 421 02ee F5050000 		.4byte	0x5f5
 422 02f2 18       		.byte	0x18
 423 02f3 00       		.byte	0
 424 02f4 03       		.uleb128 0x3
 425 02f5 54060000 		.4byte	.LASF59
 426 02f9 06       		.byte	0x6
 427 02fa 57       		.byte	0x57
 428 02fb FF020000 		.4byte	0x2ff
 429 02ff 0B       		.uleb128 0xb
 430 0300 04       		.byte	0x4
 431 0301 05030000 		.4byte	0x305
 432 0305 0C       		.uleb128 0xc
 433 0306 10030000 		.4byte	0x310
 434 030a 0D       		.uleb128 0xd
 435 030b 10030000 		.4byte	0x310
 436 030f 00       		.byte	0
 437 0310 0E       		.uleb128 0xe
 438 0311 04       		.byte	0x4
 439 0312 03       		.uleb128 0x3
 440 0313 54030000 		.4byte	.LASF60
 441 0317 06       		.byte	0x6
 442 0318 5C       		.byte	0x5c
 443 0319 1D030000 		.4byte	0x31d
 444 031d 0A       		.uleb128 0xa
 445 031e 29050000 		.4byte	.LASF61
 446 0322 14       		.byte	0x14
 447 0323 07       		.byte	0x7
 448 0324 4D01     		.2byte	0x14d
 449 0326 6C030000 		.4byte	0x36c
ARM GAS  C:\Users\jo\AppData\Local\Temp\cciR97B5.s 			page 9


 450 032a 09       		.uleb128 0x9
 451 032b E0010000 		.4byte	.LASF62
 452 032f 07       		.byte	0x7
 453 0330 4E01     		.2byte	0x14e
 454 0332 6A060000 		.4byte	0x66a
 455 0336 00       		.byte	0
 456 0337 09       		.uleb128 0x9
 457 0338 95010000 		.4byte	.LASF63
 458 033c 07       		.byte	0x7
 459 033d 4F01     		.2byte	0x14f
 460 033f 6A060000 		.4byte	0x66a
 461 0343 04       		.byte	0x4
 462 0344 09       		.uleb128 0x9
 463 0345 F1010000 		.4byte	.LASF64
 464 0349 07       		.byte	0x7
 465 034a 5001     		.2byte	0x150
 466 034c 36010000 		.4byte	0x136
 467 0350 08       		.byte	0x8
 468 0351 09       		.uleb128 0x9
 469 0352 21070000 		.4byte	.LASF65
 470 0356 07       		.byte	0x7
 471 0357 5101     		.2byte	0x151
 472 0359 F4020000 		.4byte	0x2f4
 473 035d 0C       		.byte	0xc
 474 035e 09       		.uleb128 0x9
 475 035f 91060000 		.4byte	.LASF66
 476 0363 07       		.byte	0x7
 477 0364 5301     		.2byte	0x153
 478 0366 10030000 		.4byte	0x310
 479 036a 10       		.byte	0x10
 480 036b 00       		.byte	0
 481 036c 03       		.uleb128 0x3
 482 036d 9B000000 		.4byte	.LASF67
 483 0371 06       		.byte	0x6
 484 0372 61       		.byte	0x61
 485 0373 77030000 		.4byte	0x377
 486 0377 0A       		.uleb128 0xa
 487 0378 B8020000 		.4byte	.LASF68
 488 037c 10       		.byte	0x10
 489 037d 07       		.byte	0x7
 490 037e 5D01     		.2byte	0x15d
 491 0380 B9030000 		.4byte	0x3b9
 492 0384 09       		.uleb128 0x9
 493 0385 E0010000 		.4byte	.LASF62
 494 0389 07       		.byte	0x7
 495 038a 5E01     		.2byte	0x15e
 496 038c 6A060000 		.4byte	0x66a
 497 0390 00       		.byte	0
 498 0391 09       		.uleb128 0x9
 499 0392 95010000 		.4byte	.LASF63
 500 0396 07       		.byte	0x7
 501 0397 6001     		.2byte	0x160
 502 0399 6A060000 		.4byte	0x66a
 503 039d 04       		.byte	0x4
 504 039e 09       		.uleb128 0x9
 505 039f F1010000 		.4byte	.LASF64
 506 03a3 07       		.byte	0x7
ARM GAS  C:\Users\jo\AppData\Local\Temp\cciR97B5.s 			page 10


 507 03a4 6201     		.2byte	0x162
 508 03a6 36010000 		.4byte	0x136
 509 03aa 08       		.byte	0x8
 510 03ab 09       		.uleb128 0x9
 511 03ac CF020000 		.4byte	.LASF69
 512 03b0 07       		.byte	0x7
 513 03b1 6A01     		.2byte	0x16a
 514 03b3 36010000 		.4byte	0x136
 515 03b7 0C       		.byte	0xc
 516 03b8 00       		.byte	0
 517 03b9 03       		.uleb128 0x3
 518 03ba 42000000 		.4byte	.LASF70
 519 03be 06       		.byte	0x6
 520 03bf 66       		.byte	0x66
 521 03c0 C4030000 		.4byte	0x3c4
 522 03c4 0A       		.uleb128 0xa
 523 03c5 79030000 		.4byte	.LASF71
 524 03c9 04       		.byte	0x4
 525 03ca 07       		.byte	0x7
 526 03cb 8401     		.2byte	0x184
 527 03cd DF030000 		.4byte	0x3df
 528 03d1 09       		.uleb128 0x9
 529 03d2 68060000 		.4byte	.LASF72
 530 03d6 07       		.byte	0x7
 531 03d7 8C01     		.2byte	0x18c
 532 03d9 70060000 		.4byte	0x670
 533 03dd 00       		.byte	0
 534 03de 00       		.byte	0
 535 03df 03       		.uleb128 0x3
 536 03e0 4F020000 		.4byte	.LASF73
 537 03e4 06       		.byte	0x6
 538 03e5 6B       		.byte	0x6b
 539 03e6 EA030000 		.4byte	0x3ea
 540 03ea 0F       		.uleb128 0xf
 541 03eb 2B010000 		.4byte	.LASF74
 542 03ef D801     		.2byte	0x1d8
 543 03f1 07       		.byte	0x7
 544 03f2 A401     		.2byte	0x1a4
 545 03f4 46040000 		.4byte	0x446
 546 03f8 09       		.uleb128 0x9
 547 03f9 A2010000 		.4byte	.LASF75
 548 03fd 07       		.byte	0x7
 549 03fe A801     		.2byte	0x1a8
 550 0400 8D020000 		.4byte	0x28d
 551 0404 00       		.byte	0
 552 0405 09       		.uleb128 0x9
 553 0406 15010000 		.4byte	.LASF76
 554 040a 07       		.byte	0x7
 555 040b AC01     		.2byte	0x1ac
 556 040d 6C030000 		.4byte	0x36c
 557 0411 1C       		.byte	0x1c
 558 0412 08       		.uleb128 0x8
 559 0413 64626700 		.ascii	"dbg\000"
 560 0417 07       		.byte	0x7
 561 0418 B001     		.2byte	0x1b0
 562 041a B9030000 		.4byte	0x3b9
 563 041e 2C       		.byte	0x2c
ARM GAS  C:\Users\jo\AppData\Local\Temp\cciR97B5.s 			page 11


 564 041f 09       		.uleb128 0x9
 565 0420 14050000 		.4byte	.LASF77
 566 0424 07       		.byte	0x7
 567 0425 B401     		.2byte	0x1b4
 568 0427 41010000 		.4byte	0x141
 569 042b 30       		.byte	0x30
 570 042c 08       		.uleb128 0x8
 571 042d 746D00   		.ascii	"tm\000"
 572 0430 07       		.byte	0x7
 573 0431 B901     		.2byte	0x1b9
 574 0433 EA050000 		.4byte	0x5ea
 575 0437 74       		.byte	0x74
 576 0438 09       		.uleb128 0x9
 577 0439 B0010000 		.4byte	.LASF78
 578 043d 07       		.byte	0x7
 579 043e C501     		.2byte	0x1c5
 580 0440 75060000 		.4byte	0x675
 581 0444 78       		.byte	0x78
 582 0445 00       		.byte	0
 583 0446 04       		.uleb128 0x4
 584 0447 04       		.byte	0x4
 585 0448 07       		.byte	0x7
 586 0449 AF020000 		.4byte	.LASF79
 587 044d 03       		.uleb128 0x3
 588 044e 8C010000 		.4byte	.LASF80
 589 0452 08       		.byte	0x8
 590 0453 85       		.byte	0x85
 591 0454 10030000 		.4byte	0x310
 592 0458 03       		.uleb128 0x3
 593 0459 91020000 		.4byte	.LASF81
 594 045d 08       		.byte	0x8
 595 045e 8D       		.byte	0x8d
 596 045f D9000000 		.4byte	0xd9
 597 0463 06       		.uleb128 0x6
 598 0464 79060000 		.4byte	.LASF82
 599 0468 04       		.byte	0x4
 600 0469 08       		.byte	0x8
 601 046a A9       		.byte	0xa9
 602 046b 7C040000 		.4byte	0x47c
 603 046f 10       		.uleb128 0x10
 604 0470 72313300 		.ascii	"r13\000"
 605 0474 08       		.byte	0x8
 606 0475 AA       		.byte	0xaa
 607 0476 BD050000 		.4byte	0x5bd
 608 047a 00       		.byte	0
 609 047b 00       		.byte	0
 610 047c 06       		.uleb128 0x6
 611 047d 36000000 		.4byte	.LASF83
 612 0481 64       		.byte	0x64
 613 0482 09       		.byte	0x9
 614 0483 F4       		.byte	0xf4
 615 0484 BD050000 		.4byte	0x5bd
 616 0488 10       		.uleb128 0x10
 617 0489 73313600 		.ascii	"s16\000"
 618 048d 09       		.byte	0x9
 619 048e F6       		.byte	0xf6
 620 048f 4D040000 		.4byte	0x44d
ARM GAS  C:\Users\jo\AppData\Local\Temp\cciR97B5.s 			page 12


 621 0493 00       		.byte	0
 622 0494 10       		.uleb128 0x10
 623 0495 73313700 		.ascii	"s17\000"
 624 0499 09       		.byte	0x9
 625 049a F7       		.byte	0xf7
 626 049b 4D040000 		.4byte	0x44d
 627 049f 04       		.byte	0x4
 628 04a0 10       		.uleb128 0x10
 629 04a1 73313800 		.ascii	"s18\000"
 630 04a5 09       		.byte	0x9
 631 04a6 F8       		.byte	0xf8
 632 04a7 4D040000 		.4byte	0x44d
 633 04ab 08       		.byte	0x8
 634 04ac 10       		.uleb128 0x10
 635 04ad 73313900 		.ascii	"s19\000"
 636 04b1 09       		.byte	0x9
 637 04b2 F9       		.byte	0xf9
 638 04b3 4D040000 		.4byte	0x44d
 639 04b7 0C       		.byte	0xc
 640 04b8 10       		.uleb128 0x10
 641 04b9 73323000 		.ascii	"s20\000"
 642 04bd 09       		.byte	0x9
 643 04be FA       		.byte	0xfa
 644 04bf 4D040000 		.4byte	0x44d
 645 04c3 10       		.byte	0x10
 646 04c4 10       		.uleb128 0x10
 647 04c5 73323100 		.ascii	"s21\000"
 648 04c9 09       		.byte	0x9
 649 04ca FB       		.byte	0xfb
 650 04cb 4D040000 		.4byte	0x44d
 651 04cf 14       		.byte	0x14
 652 04d0 10       		.uleb128 0x10
 653 04d1 73323200 		.ascii	"s22\000"
 654 04d5 09       		.byte	0x9
 655 04d6 FC       		.byte	0xfc
 656 04d7 4D040000 		.4byte	0x44d
 657 04db 18       		.byte	0x18
 658 04dc 10       		.uleb128 0x10
 659 04dd 73323300 		.ascii	"s23\000"
 660 04e1 09       		.byte	0x9
 661 04e2 FD       		.byte	0xfd
 662 04e3 4D040000 		.4byte	0x44d
 663 04e7 1C       		.byte	0x1c
 664 04e8 10       		.uleb128 0x10
 665 04e9 73323400 		.ascii	"s24\000"
 666 04ed 09       		.byte	0x9
 667 04ee FE       		.byte	0xfe
 668 04ef 4D040000 		.4byte	0x44d
 669 04f3 20       		.byte	0x20
 670 04f4 10       		.uleb128 0x10
 671 04f5 73323500 		.ascii	"s25\000"
 672 04f9 09       		.byte	0x9
 673 04fa FF       		.byte	0xff
 674 04fb 4D040000 		.4byte	0x44d
 675 04ff 24       		.byte	0x24
 676 0500 08       		.uleb128 0x8
 677 0501 73323600 		.ascii	"s26\000"
ARM GAS  C:\Users\jo\AppData\Local\Temp\cciR97B5.s 			page 13


 678 0505 09       		.byte	0x9
 679 0506 0001     		.2byte	0x100
 680 0508 4D040000 		.4byte	0x44d
 681 050c 28       		.byte	0x28
 682 050d 08       		.uleb128 0x8
 683 050e 73323700 		.ascii	"s27\000"
 684 0512 09       		.byte	0x9
 685 0513 0101     		.2byte	0x101
 686 0515 4D040000 		.4byte	0x44d
 687 0519 2C       		.byte	0x2c
 688 051a 08       		.uleb128 0x8
 689 051b 73323800 		.ascii	"s28\000"
 690 051f 09       		.byte	0x9
 691 0520 0201     		.2byte	0x102
 692 0522 4D040000 		.4byte	0x44d
 693 0526 30       		.byte	0x30
 694 0527 08       		.uleb128 0x8
 695 0528 73323900 		.ascii	"s29\000"
 696 052c 09       		.byte	0x9
 697 052d 0301     		.2byte	0x103
 698 052f 4D040000 		.4byte	0x44d
 699 0533 34       		.byte	0x34
 700 0534 08       		.uleb128 0x8
 701 0535 73333000 		.ascii	"s30\000"
 702 0539 09       		.byte	0x9
 703 053a 0401     		.2byte	0x104
 704 053c 4D040000 		.4byte	0x44d
 705 0540 38       		.byte	0x38
 706 0541 08       		.uleb128 0x8
 707 0542 73333100 		.ascii	"s31\000"
 708 0546 09       		.byte	0x9
 709 0547 0501     		.2byte	0x105
 710 0549 4D040000 		.4byte	0x44d
 711 054d 3C       		.byte	0x3c
 712 054e 08       		.uleb128 0x8
 713 054f 723400   		.ascii	"r4\000"
 714 0552 09       		.byte	0x9
 715 0553 0701     		.2byte	0x107
 716 0555 4D040000 		.4byte	0x44d
 717 0559 40       		.byte	0x40
 718 055a 08       		.uleb128 0x8
 719 055b 723500   		.ascii	"r5\000"
 720 055e 09       		.byte	0x9
 721 055f 0801     		.2byte	0x108
 722 0561 4D040000 		.4byte	0x44d
 723 0565 44       		.byte	0x44
 724 0566 08       		.uleb128 0x8
 725 0567 723600   		.ascii	"r6\000"
 726 056a 09       		.byte	0x9
 727 056b 0901     		.2byte	0x109
 728 056d 4D040000 		.4byte	0x44d
 729 0571 48       		.byte	0x48
 730 0572 08       		.uleb128 0x8
 731 0573 723700   		.ascii	"r7\000"
 732 0576 09       		.byte	0x9
 733 0577 0A01     		.2byte	0x10a
 734 0579 4D040000 		.4byte	0x44d
ARM GAS  C:\Users\jo\AppData\Local\Temp\cciR97B5.s 			page 14


 735 057d 4C       		.byte	0x4c
 736 057e 08       		.uleb128 0x8
 737 057f 723800   		.ascii	"r8\000"
 738 0582 09       		.byte	0x9
 739 0583 0B01     		.2byte	0x10b
 740 0585 4D040000 		.4byte	0x44d
 741 0589 50       		.byte	0x50
 742 058a 08       		.uleb128 0x8
 743 058b 723900   		.ascii	"r9\000"
 744 058e 09       		.byte	0x9
 745 058f 0C01     		.2byte	0x10c
 746 0591 4D040000 		.4byte	0x44d
 747 0595 54       		.byte	0x54
 748 0596 08       		.uleb128 0x8
 749 0597 72313000 		.ascii	"r10\000"
 750 059b 09       		.byte	0x9
 751 059c 0D01     		.2byte	0x10d
 752 059e 4D040000 		.4byte	0x44d
 753 05a2 58       		.byte	0x58
 754 05a3 08       		.uleb128 0x8
 755 05a4 72313100 		.ascii	"r11\000"
 756 05a8 09       		.byte	0x9
 757 05a9 0E01     		.2byte	0x10e
 758 05ab 4D040000 		.4byte	0x44d
 759 05af 5C       		.byte	0x5c
 760 05b0 08       		.uleb128 0x8
 761 05b1 6C7200   		.ascii	"lr\000"
 762 05b4 09       		.byte	0x9
 763 05b5 0F01     		.2byte	0x10f
 764 05b7 4D040000 		.4byte	0x44d
 765 05bb 60       		.byte	0x60
 766 05bc 00       		.byte	0
 767 05bd 0B       		.uleb128 0xb
 768 05be 04       		.byte	0x4
 769 05bf 7C040000 		.4byte	0x47c
 770 05c3 04       		.uleb128 0x4
 771 05c4 01       		.byte	0x1
 772 05c5 08       		.byte	0x8
 773 05c6 C5050000 		.4byte	.LASF84
 774 05ca 0B       		.uleb128 0xb
 775 05cb 04       		.byte	0x4
 776 05cc D0050000 		.4byte	0x5d0
 777 05d0 11       		.uleb128 0x11
 778 05d1 C3050000 		.4byte	0x5c3
 779 05d5 12       		.uleb128 0x12
 780 05d6 04       		.byte	0x4
 781 05d7 0A       		.byte	0xa
 782 05d8 38       		.byte	0x38
 783 05d9 EA050000 		.4byte	0x5ea
 784 05dd 07       		.uleb128 0x7
 785 05de 72060000 		.4byte	.LASF85
 786 05e2 0A       		.byte	0xa
 787 05e3 3C       		.byte	0x3c
 788 05e4 E9000000 		.4byte	0xe9
 789 05e8 00       		.byte	0
 790 05e9 00       		.byte	0
 791 05ea 03       		.uleb128 0x3
ARM GAS  C:\Users\jo\AppData\Local\Temp\cciR97B5.s 			page 15


 792 05eb F4020000 		.4byte	.LASF86
 793 05ef 0A       		.byte	0xa
 794 05f0 3D       		.byte	0x3d
 795 05f1 D5050000 		.4byte	0x5d5
 796 05f5 0B       		.uleb128 0xb
 797 05f6 04       		.byte	0x4
 798 05f7 41010000 		.4byte	0x141
 799 05fb 13       		.uleb128 0x13
 800 05fc 04       		.byte	0x4
 801 05fd 07       		.byte	0x7
 802 05fe F6       		.byte	0xf6
 803 05ff 33060000 		.4byte	0x633
 804 0603 14       		.uleb128 0x14
 805 0604 14000000 		.4byte	.LASF87
 806 0608 07       		.byte	0x7
 807 0609 FD       		.byte	0xfd
 808 060a 20010000 		.4byte	0x120
 809 060e 15       		.uleb128 0x15
 810 060f 6F000000 		.4byte	.LASF88
 811 0613 07       		.byte	0x7
 812 0614 0401     		.2byte	0x104
 813 0616 20010000 		.4byte	0x120
 814 061a 15       		.uleb128 0x15
 815 061b E4060000 		.4byte	.LASF89
 816 061f 07       		.byte	0x7
 817 0620 0B01     		.2byte	0x10b
 818 0622 10030000 		.4byte	0x310
 819 0626 15       		.uleb128 0x15
 820 0627 DA030000 		.4byte	.LASF90
 821 062b 07       		.byte	0x7
 822 062c 1201     		.2byte	0x112
 823 062e 2B010000 		.4byte	0x12b
 824 0632 00       		.byte	0
 825 0633 06       		.uleb128 0x6
 826 0634 73030000 		.4byte	.LASF91
 827 0638 10       		.byte	0x10
 828 0639 0B       		.byte	0xb
 829 063a 39       		.byte	0x39
 830 063b 64060000 		.4byte	0x664
 831 063f 07       		.uleb128 0x7
 832 0640 0D010000 		.4byte	.LASF92
 833 0644 0B       		.byte	0xb
 834 0645 3A       		.byte	0x3a
 835 0646 5D020000 		.4byte	0x25d
 836 064a 00       		.byte	0
 837 064b 07       		.uleb128 0x7
 838 064c 13070000 		.4byte	.LASF93
 839 0650 0B       		.byte	0xb
 840 0651 3C       		.byte	0x3c
 841 0652 F5050000 		.4byte	0x5f5
 842 0656 08       		.byte	0x8
 843 0657 07       		.uleb128 0x7
 844 0658 38060000 		.4byte	.LASF94
 845 065c 0B       		.byte	0xb
 846 065d 3E       		.byte	0x3e
 847 065e 90060000 		.4byte	0x690
 848 0662 0C       		.byte	0xc
ARM GAS  C:\Users\jo\AppData\Local\Temp\cciR97B5.s 			page 16


 849 0663 00       		.byte	0
 850 0664 0B       		.uleb128 0xb
 851 0665 04       		.byte	0x4
 852 0666 33060000 		.4byte	0x633
 853 066a 0B       		.uleb128 0xb
 854 066b 04       		.byte	0x4
 855 066c 12030000 		.4byte	0x312
 856 0670 05       		.uleb128 0x5
 857 0671 CA050000 		.4byte	0x5ca
 858 0675 16       		.uleb128 0x16
 859 0676 58040000 		.4byte	0x458
 860 067a 85060000 		.4byte	0x685
 861 067e 17       		.uleb128 0x17
 862 067f 46040000 		.4byte	0x446
 863 0683 2B       		.byte	0x2b
 864 0684 00       		.byte	0
 865 0685 03       		.uleb128 0x3
 866 0686 A8010000 		.4byte	.LASF95
 867 068a 0B       		.byte	0xb
 868 068b 34       		.byte	0x34
 869 068c 33060000 		.4byte	0x633
 870 0690 0B       		.uleb128 0xb
 871 0691 04       		.byte	0x4
 872 0692 85060000 		.4byte	0x685
 873 0696 04       		.uleb128 0x4
 874 0697 01       		.byte	0x1
 875 0698 02       		.byte	0x2
 876 0699 89030000 		.4byte	.LASF96
 877 069d 03       		.uleb128 0x3
 878 069e 98060000 		.4byte	.LASF97
 879 06a2 0C       		.byte	0xc
 880 06a3 3F       		.byte	0x3f
 881 06a4 B8000000 		.4byte	0xb8
 882 06a8 03       		.uleb128 0x3
 883 06a9 9E060000 		.4byte	.LASF98
 884 06ad 0D       		.byte	0xd
 885 06ae 4C       		.byte	0x4c
 886 06af 9D060000 		.4byte	0x69d
 887 06b3 18       		.uleb128 0x18
 888 06b4 01       		.byte	0x1
 889 06b5 10       		.byte	0x10
 890 06b6 2B       		.byte	0x2b
 891 06b7 16070000 		.4byte	0x716
 892 06bb 19       		.uleb128 0x19
 893 06bc 3E010000 		.4byte	.LASF99
 894 06c0 00       		.sleb128 0
 895 06c1 19       		.uleb128 0x19
 896 06c2 5B010000 		.4byte	.LASF100
 897 06c6 01       		.sleb128 1
 898 06c7 19       		.uleb128 0x19
 899 06c8 0A020000 		.4byte	.LASF101
 900 06cc 02       		.sleb128 2
 901 06cd 19       		.uleb128 0x19
 902 06ce 78010000 		.4byte	.LASF102
 903 06d2 03       		.sleb128 3
 904 06d3 19       		.uleb128 0x19
 905 06d4 8E000000 		.4byte	.LASF103
ARM GAS  C:\Users\jo\AppData\Local\Temp\cciR97B5.s 			page 17


 906 06d8 04       		.sleb128 4
 907 06d9 19       		.uleb128 0x19
 908 06da 1C010000 		.4byte	.LASF104
 909 06de 05       		.sleb128 5
 910 06df 19       		.uleb128 0x19
 911 06e0 3A050000 		.4byte	.LASF105
 912 06e4 06       		.sleb128 6
 913 06e5 19       		.uleb128 0x19
 914 06e6 BF010000 		.4byte	.LASF106
 915 06ea 07       		.sleb128 7
 916 06eb 19       		.uleb128 0x19
 917 06ec 22060000 		.4byte	.LASF107
 918 06f0 08       		.sleb128 8
 919 06f1 19       		.uleb128 0x19
 920 06f2 86050000 		.4byte	.LASF108
 921 06f6 09       		.sleb128 9
 922 06f7 19       		.uleb128 0x19
 923 06f8 34020000 		.4byte	.LASF109
 924 06fc 0A       		.sleb128 10
 925 06fd 19       		.uleb128 0x19
 926 06fe 54050000 		.4byte	.LASF110
 927 0702 0B       		.sleb128 11
 928 0703 19       		.uleb128 0x19
 929 0704 1F050000 		.4byte	.LASF111
 930 0708 0C       		.sleb128 12
 931 0709 19       		.uleb128 0x19
 932 070a 78000000 		.4byte	.LASF112
 933 070e 0D       		.sleb128 13
 934 070f 19       		.uleb128 0x19
 935 0710 9C020000 		.4byte	.LASF113
 936 0714 0E       		.sleb128 14
 937 0715 00       		.byte	0
 938 0716 06       		.uleb128 0x6
 939 0717 01070000 		.4byte	.LASF114
 940 071b 18       		.byte	0x18
 941 071c 0E       		.byte	0xe
 942 071d 3A       		.byte	0x3a
 943 071e B2070000 		.4byte	0x7b2
 944 0722 07       		.uleb128 0x7
 945 0723 D2060000 		.4byte	.LASF115
 946 0727 0E       		.byte	0xe
 947 0728 3B       		.byte	0x3b
 948 0729 9D060000 		.4byte	0x69d
 949 072d 00       		.byte	0
 950 072e 07       		.uleb128 0x7
 951 072f 05020000 		.4byte	.LASF116
 952 0733 0E       		.byte	0xe
 953 0734 3C       		.byte	0x3c
 954 0735 9D060000 		.4byte	0x69d
 955 0739 02       		.byte	0x2
 956 073a 10       		.uleb128 0x10
 957 073b 667700   		.ascii	"fw\000"
 958 073e 0E       		.byte	0xe
 959 073f 3D       		.byte	0x3d
 960 0740 9D060000 		.4byte	0x69d
 961 0744 04       		.byte	0x4
 962 0745 07       		.uleb128 0x7
ARM GAS  C:\Users\jo\AppData\Local\Temp\cciR97B5.s 			page 18


 963 0746 D5030000 		.4byte	.LASF117
 964 074a 0E       		.byte	0xe
 965 074b 3E       		.byte	0x3e
 966 074c 9D060000 		.4byte	0x69d
 967 0750 06       		.byte	0x6
 968 0751 07       		.uleb128 0x7
 969 0752 51000000 		.4byte	.LASF118
 970 0756 0E       		.byte	0xe
 971 0757 3F       		.byte	0x3f
 972 0758 9D060000 		.4byte	0x69d
 973 075c 08       		.byte	0x8
 974 075d 07       		.uleb128 0x7
 975 075e B9060000 		.4byte	.LASF119
 976 0762 0E       		.byte	0xe
 977 0763 40       		.byte	0x40
 978 0764 9D060000 		.4byte	0x69d
 979 0768 0A       		.byte	0xa
 980 0769 07       		.uleb128 0x7
 981 076a 87000000 		.4byte	.LASF120
 982 076e 0E       		.byte	0xe
 983 076f 41       		.byte	0x41
 984 0770 9D060000 		.4byte	0x69d
 985 0774 0C       		.byte	0xc
 986 0775 07       		.uleb128 0x7
 987 0776 46030000 		.4byte	.LASF121
 988 077a 0E       		.byte	0xe
 989 077b 42       		.byte	0x42
 990 077c 9D060000 		.4byte	0x69d
 991 0780 0E       		.byte	0xe
 992 0781 07       		.uleb128 0x7
 993 0782 CB010000 		.4byte	.LASF122
 994 0786 0E       		.byte	0xe
 995 0787 43       		.byte	0x43
 996 0788 9D060000 		.4byte	0x69d
 997 078c 10       		.byte	0x10
 998 078d 07       		.uleb128 0x7
 999 078e CB000000 		.4byte	.LASF123
 1000 0792 0E       		.byte	0xe
 1001 0793 44       		.byte	0x44
 1002 0794 9D060000 		.4byte	0x69d
 1003 0798 12       		.byte	0x12
 1004 0799 10       		.uleb128 0x10
 1005 079a 65727200 		.ascii	"err\000"
 1006 079e 0E       		.byte	0xe
 1007 079f 45       		.byte	0x45
 1008 07a0 9D060000 		.4byte	0x69d
 1009 07a4 14       		.byte	0x14
 1010 07a5 07       		.uleb128 0x7
 1011 07a6 B1000000 		.4byte	.LASF124
 1012 07aa 0E       		.byte	0xe
 1013 07ab 46       		.byte	0x46
 1014 07ac 9D060000 		.4byte	0x69d
 1015 07b0 16       		.byte	0x16
 1016 07b1 00       		.byte	0
 1017 07b2 06       		.uleb128 0x6
 1018 07b3 C0060000 		.4byte	.LASF125
 1019 07b7 0A       		.byte	0xa
ARM GAS  C:\Users\jo\AppData\Local\Temp\cciR97B5.s 			page 19


 1020 07b8 0E       		.byte	0xe
 1021 07b9 5A       		.byte	0x5a
 1022 07ba FB070000 		.4byte	0x7fb
 1023 07be 07       		.uleb128 0x7
 1024 07bf DE060000 		.4byte	.LASF126
 1025 07c3 0E       		.byte	0xe
 1026 07c4 5E       		.byte	0x5e
 1027 07c5 A8060000 		.4byte	0x6a8
 1028 07c9 00       		.byte	0
 1029 07ca 07       		.uleb128 0x7
 1030 07cb 3C030000 		.4byte	.LASF127
 1031 07cf 0E       		.byte	0xe
 1032 07d0 5F       		.byte	0x5f
 1033 07d1 A8060000 		.4byte	0x6a8
 1034 07d5 02       		.byte	0x2
 1035 07d6 10       		.uleb128 0x10
 1036 07d7 6D617800 		.ascii	"max\000"
 1037 07db 0E       		.byte	0xe
 1038 07dc 60       		.byte	0x60
 1039 07dd A8060000 		.4byte	0x6a8
 1040 07e1 04       		.byte	0x4
 1041 07e2 10       		.uleb128 0x10
 1042 07e3 65727200 		.ascii	"err\000"
 1043 07e7 0E       		.byte	0xe
 1044 07e8 61       		.byte	0x61
 1045 07e9 9D060000 		.4byte	0x69d
 1046 07ed 06       		.byte	0x6
 1047 07ee 07       		.uleb128 0x7
 1048 07ef 81060000 		.4byte	.LASF128
 1049 07f3 0E       		.byte	0xe
 1050 07f4 62       		.byte	0x62
 1051 07f5 9D060000 		.4byte	0x69d
 1052 07f9 08       		.byte	0x8
 1053 07fa 00       		.byte	0
 1054 07fb 06       		.uleb128 0x6
 1055 07fc 05030000 		.4byte	.LASF129
 1056 0800 06       		.byte	0x6
 1057 0801 0E       		.byte	0xe
 1058 0802 65       		.byte	0x65
 1059 0803 2C080000 		.4byte	0x82c
 1060 0807 07       		.uleb128 0x7
 1061 0808 3C030000 		.4byte	.LASF127
 1062 080c 0E       		.byte	0xe
 1063 080d 66       		.byte	0x66
 1064 080e 9D060000 		.4byte	0x69d
 1065 0812 00       		.byte	0
 1066 0813 10       		.uleb128 0x10
 1067 0814 6D617800 		.ascii	"max\000"
 1068 0818 0E       		.byte	0xe
 1069 0819 67       		.byte	0x67
 1070 081a 9D060000 		.4byte	0x69d
 1071 081e 02       		.byte	0x2
 1072 081f 10       		.uleb128 0x10
 1073 0820 65727200 		.ascii	"err\000"
 1074 0824 0E       		.byte	0xe
 1075 0825 68       		.byte	0x68
 1076 0826 9D060000 		.4byte	0x69d
ARM GAS  C:\Users\jo\AppData\Local\Temp\cciR97B5.s 			page 20


 1077 082a 04       		.byte	0x4
 1078 082b 00       		.byte	0
 1079 082c 06       		.uleb128 0x6
 1080 082d 87020000 		.4byte	.LASF130
 1081 0831 12       		.byte	0x12
 1082 0832 0E       		.byte	0xe
 1083 0833 6B       		.byte	0x6b
 1084 0834 5D080000 		.4byte	0x85d
 1085 0838 10       		.uleb128 0x10
 1086 0839 73656D00 		.ascii	"sem\000"
 1087 083d 0E       		.byte	0xe
 1088 083e 6C       		.byte	0x6c
 1089 083f FB070000 		.4byte	0x7fb
 1090 0843 00       		.byte	0
 1091 0844 07       		.uleb128 0x7
 1092 0845 73030000 		.4byte	.LASF91
 1093 0849 0E       		.byte	0xe
 1094 084a 6D       		.byte	0x6d
 1095 084b FB070000 		.4byte	0x7fb
 1096 084f 06       		.byte	0x6
 1097 0850 07       		.uleb128 0x7
 1098 0851 41030000 		.4byte	.LASF131
 1099 0855 0E       		.byte	0xe
 1100 0856 6E       		.byte	0x6e
 1101 0857 FB070000 		.4byte	0x7fb
 1102 085b 0C       		.byte	0xc
 1103 085c 00       		.byte	0
 1104 085d 1A       		.uleb128 0x1a
 1105 085e 25030000 		.4byte	.LASF132
 1106 0862 5001     		.2byte	0x150
 1107 0864 0E       		.byte	0xe
 1108 0865 71       		.byte	0x71
 1109 0866 E3080000 		.4byte	0x8e3
 1110 086a 07       		.uleb128 0x7
 1111 086b 9D010000 		.4byte	.LASF133
 1112 086f 0E       		.byte	0xe
 1113 0870 73       		.byte	0x73
 1114 0871 16070000 		.4byte	0x716
 1115 0875 00       		.byte	0
 1116 0876 07       		.uleb128 0x7
 1117 0877 54010000 		.4byte	.LASF134
 1118 087b 0E       		.byte	0xe
 1119 087c 76       		.byte	0x76
 1120 087d 16070000 		.4byte	0x716
 1121 0881 18       		.byte	0x18
 1122 0882 07       		.uleb128 0x7
 1123 0883 24000000 		.4byte	.LASF135
 1124 0887 0E       		.byte	0xe
 1125 0888 79       		.byte	0x79
 1126 0889 16070000 		.4byte	0x716
 1127 088d 30       		.byte	0x30
 1128 088e 10       		.uleb128 0x10
 1129 088f 697000   		.ascii	"ip\000"
 1130 0892 0E       		.byte	0xe
 1131 0893 7C       		.byte	0x7c
 1132 0894 16070000 		.4byte	0x716
 1133 0898 48       		.byte	0x48
ARM GAS  C:\Users\jo\AppData\Local\Temp\cciR97B5.s 			page 21


 1134 0899 07       		.uleb128 0x7
 1135 089a 2C030000 		.4byte	.LASF136
 1136 089e 0E       		.byte	0xe
 1137 089f 7F       		.byte	0x7f
 1138 08a0 16070000 		.4byte	0x716
 1139 08a4 60       		.byte	0x60
 1140 08a5 10       		.uleb128 0x10
 1141 08a6 75647000 		.ascii	"udp\000"
 1142 08aa 0E       		.byte	0xe
 1143 08ab 85       		.byte	0x85
 1144 08ac 16070000 		.4byte	0x716
 1145 08b0 78       		.byte	0x78
 1146 08b1 10       		.uleb128 0x10
 1147 08b2 74637000 		.ascii	"tcp\000"
 1148 08b6 0E       		.byte	0xe
 1149 08b7 88       		.byte	0x88
 1150 08b8 16070000 		.4byte	0x716
 1151 08bc 90       		.byte	0x90
 1152 08bd 10       		.uleb128 0x10
 1153 08be 6D656D00 		.ascii	"mem\000"
 1154 08c2 0E       		.byte	0xe
 1155 08c3 8B       		.byte	0x8b
 1156 08c4 B2070000 		.4byte	0x7b2
 1157 08c8 A8       		.byte	0xa8
 1158 08c9 07       		.uleb128 0x7
 1159 08ca 1D060000 		.4byte	.LASF137
 1160 08ce 0E       		.byte	0xe
 1161 08cf 8E       		.byte	0x8e
 1162 08d0 E3080000 		.4byte	0x8e3
 1163 08d4 B2       		.byte	0xb2
 1164 08d5 1B       		.uleb128 0x1b
 1165 08d6 73797300 		.ascii	"sys\000"
 1166 08da 0E       		.byte	0xe
 1167 08db 91       		.byte	0x91
 1168 08dc 2C080000 		.4byte	0x82c
 1169 08e0 3E01     		.2byte	0x13e
 1170 08e2 00       		.byte	0
 1171 08e3 16       		.uleb128 0x16
 1172 08e4 B2070000 		.4byte	0x7b2
 1173 08e8 F3080000 		.4byte	0x8f3
 1174 08ec 17       		.uleb128 0x17
 1175 08ed 46040000 		.4byte	0x446
 1176 08f1 0D       		.byte	0xd
 1177 08f2 00       		.byte	0
 1178 08f3 1C       		.uleb128 0x1c
 1179 08f4 DB020000 		.4byte	.LASF143
 1180 08f8 01       		.byte	0x1
 1181 08f9 33       		.byte	0x33
 1182 08fa 00000000 		.4byte	.LFB256
 1183 08fe 02000000 		.4byte	.LFE256-.LFB256
 1184 0902 01       		.uleb128 0x1
 1185 0903 9C       		.byte	0x9c
 1186 0904 1D       		.uleb128 0x1d
 1187 0905 A5030000 		.4byte	.LASF138
 1188 0909 0F       		.byte	0xf
 1189 090a A706     		.2byte	0x6a7
 1190 090c E4000000 		.4byte	0xe4
ARM GAS  C:\Users\jo\AppData\Local\Temp\cciR97B5.s 			page 22


 1191 0910 1E       		.uleb128 0x1e
 1192 0911 636800   		.ascii	"ch\000"
 1193 0914 07       		.byte	0x7
 1194 0915 EB01     		.2byte	0x1eb
 1195 0917 DF030000 		.4byte	0x3df
 1196 091b 1F       		.uleb128 0x1f
 1197 091c 01050000 		.4byte	.LASF139
 1198 0920 01       		.byte	0x1
 1199 0921 31       		.byte	0x31
 1200 0922 5D080000 		.4byte	0x85d
 1201 0926 05       		.uleb128 0x5
 1202 0927 03       		.byte	0x3
 1203 0928 00000000 		.4byte	lwip_stats
 1204 092c 00       		.byte	0
 1205              		.section	.debug_abbrev,"",%progbits
 1206              	.Ldebug_abbrev0:
 1207 0000 01       		.uleb128 0x1
 1208 0001 11       		.uleb128 0x11
 1209 0002 01       		.byte	0x1
 1210 0003 25       		.uleb128 0x25
 1211 0004 0E       		.uleb128 0xe
 1212 0005 13       		.uleb128 0x13
 1213 0006 0B       		.uleb128 0xb
 1214 0007 03       		.uleb128 0x3
 1215 0008 0E       		.uleb128 0xe
 1216 0009 1B       		.uleb128 0x1b
 1217 000a 0E       		.uleb128 0xe
 1218 000b 55       		.uleb128 0x55
 1219 000c 17       		.uleb128 0x17
 1220 000d 11       		.uleb128 0x11
 1221 000e 01       		.uleb128 0x1
 1222 000f 10       		.uleb128 0x10
 1223 0010 17       		.uleb128 0x17
 1224 0011 00       		.byte	0
 1225 0012 00       		.byte	0
 1226 0013 02       		.uleb128 0x2
 1227 0014 24       		.uleb128 0x24
 1228 0015 00       		.byte	0
 1229 0016 0B       		.uleb128 0xb
 1230 0017 0B       		.uleb128 0xb
 1231 0018 3E       		.uleb128 0x3e
 1232 0019 0B       		.uleb128 0xb
 1233 001a 03       		.uleb128 0x3
 1234 001b 08       		.uleb128 0x8
 1235 001c 00       		.byte	0
 1236 001d 00       		.byte	0
 1237 001e 03       		.uleb128 0x3
 1238 001f 16       		.uleb128 0x16
 1239 0020 00       		.byte	0
 1240 0021 03       		.uleb128 0x3
 1241 0022 0E       		.uleb128 0xe
 1242 0023 3A       		.uleb128 0x3a
 1243 0024 0B       		.uleb128 0xb
 1244 0025 3B       		.uleb128 0x3b
 1245 0026 0B       		.uleb128 0xb
 1246 0027 49       		.uleb128 0x49
 1247 0028 13       		.uleb128 0x13
ARM GAS  C:\Users\jo\AppData\Local\Temp\cciR97B5.s 			page 23


 1248 0029 00       		.byte	0
 1249 002a 00       		.byte	0
 1250 002b 04       		.uleb128 0x4
 1251 002c 24       		.uleb128 0x24
 1252 002d 00       		.byte	0
 1253 002e 0B       		.uleb128 0xb
 1254 002f 0B       		.uleb128 0xb
 1255 0030 3E       		.uleb128 0x3e
 1256 0031 0B       		.uleb128 0xb
 1257 0032 03       		.uleb128 0x3
 1258 0033 0E       		.uleb128 0xe
 1259 0034 00       		.byte	0
 1260 0035 00       		.byte	0
 1261 0036 05       		.uleb128 0x5
 1262 0037 35       		.uleb128 0x35
 1263 0038 00       		.byte	0
 1264 0039 49       		.uleb128 0x49
 1265 003a 13       		.uleb128 0x13
 1266 003b 00       		.byte	0
 1267 003c 00       		.byte	0
 1268 003d 06       		.uleb128 0x6
 1269 003e 13       		.uleb128 0x13
 1270 003f 01       		.byte	0x1
 1271 0040 03       		.uleb128 0x3
 1272 0041 0E       		.uleb128 0xe
 1273 0042 0B       		.uleb128 0xb
 1274 0043 0B       		.uleb128 0xb
 1275 0044 3A       		.uleb128 0x3a
 1276 0045 0B       		.uleb128 0xb
 1277 0046 3B       		.uleb128 0x3b
 1278 0047 0B       		.uleb128 0xb
 1279 0048 01       		.uleb128 0x1
 1280 0049 13       		.uleb128 0x13
 1281 004a 00       		.byte	0
 1282 004b 00       		.byte	0
 1283 004c 07       		.uleb128 0x7
 1284 004d 0D       		.uleb128 0xd
 1285 004e 00       		.byte	0
 1286 004f 03       		.uleb128 0x3
 1287 0050 0E       		.uleb128 0xe
 1288 0051 3A       		.uleb128 0x3a
 1289 0052 0B       		.uleb128 0xb
 1290 0053 3B       		.uleb128 0x3b
 1291 0054 0B       		.uleb128 0xb
 1292 0055 49       		.uleb128 0x49
 1293 0056 13       		.uleb128 0x13
 1294 0057 38       		.uleb128 0x38
 1295 0058 0B       		.uleb128 0xb
 1296 0059 00       		.byte	0
 1297 005a 00       		.byte	0
 1298 005b 08       		.uleb128 0x8
 1299 005c 0D       		.uleb128 0xd
 1300 005d 00       		.byte	0
 1301 005e 03       		.uleb128 0x3
 1302 005f 08       		.uleb128 0x8
 1303 0060 3A       		.uleb128 0x3a
 1304 0061 0B       		.uleb128 0xb
ARM GAS  C:\Users\jo\AppData\Local\Temp\cciR97B5.s 			page 24


 1305 0062 3B       		.uleb128 0x3b
 1306 0063 05       		.uleb128 0x5
 1307 0064 49       		.uleb128 0x49
 1308 0065 13       		.uleb128 0x13
 1309 0066 38       		.uleb128 0x38
 1310 0067 0B       		.uleb128 0xb
 1311 0068 00       		.byte	0
 1312 0069 00       		.byte	0
 1313 006a 09       		.uleb128 0x9
 1314 006b 0D       		.uleb128 0xd
 1315 006c 00       		.byte	0
 1316 006d 03       		.uleb128 0x3
 1317 006e 0E       		.uleb128 0xe
 1318 006f 3A       		.uleb128 0x3a
 1319 0070 0B       		.uleb128 0xb
 1320 0071 3B       		.uleb128 0x3b
 1321 0072 05       		.uleb128 0x5
 1322 0073 49       		.uleb128 0x49
 1323 0074 13       		.uleb128 0x13
 1324 0075 38       		.uleb128 0x38
 1325 0076 0B       		.uleb128 0xb
 1326 0077 00       		.byte	0
 1327 0078 00       		.byte	0
 1328 0079 0A       		.uleb128 0xa
 1329 007a 13       		.uleb128 0x13
 1330 007b 01       		.byte	0x1
 1331 007c 03       		.uleb128 0x3
 1332 007d 0E       		.uleb128 0xe
 1333 007e 0B       		.uleb128 0xb
 1334 007f 0B       		.uleb128 0xb
 1335 0080 3A       		.uleb128 0x3a
 1336 0081 0B       		.uleb128 0xb
 1337 0082 3B       		.uleb128 0x3b
 1338 0083 05       		.uleb128 0x5
 1339 0084 01       		.uleb128 0x1
 1340 0085 13       		.uleb128 0x13
 1341 0086 00       		.byte	0
 1342 0087 00       		.byte	0
 1343 0088 0B       		.uleb128 0xb
 1344 0089 0F       		.uleb128 0xf
 1345 008a 00       		.byte	0
 1346 008b 0B       		.uleb128 0xb
 1347 008c 0B       		.uleb128 0xb
 1348 008d 49       		.uleb128 0x49
 1349 008e 13       		.uleb128 0x13
 1350 008f 00       		.byte	0
 1351 0090 00       		.byte	0
 1352 0091 0C       		.uleb128 0xc
 1353 0092 15       		.uleb128 0x15
 1354 0093 01       		.byte	0x1
 1355 0094 27       		.uleb128 0x27
 1356 0095 19       		.uleb128 0x19
 1357 0096 01       		.uleb128 0x1
 1358 0097 13       		.uleb128 0x13
 1359 0098 00       		.byte	0
 1360 0099 00       		.byte	0
 1361 009a 0D       		.uleb128 0xd
ARM GAS  C:\Users\jo\AppData\Local\Temp\cciR97B5.s 			page 25


 1362 009b 05       		.uleb128 0x5
 1363 009c 00       		.byte	0
 1364 009d 49       		.uleb128 0x49
 1365 009e 13       		.uleb128 0x13
 1366 009f 00       		.byte	0
 1367 00a0 00       		.byte	0
 1368 00a1 0E       		.uleb128 0xe
 1369 00a2 0F       		.uleb128 0xf
 1370 00a3 00       		.byte	0
 1371 00a4 0B       		.uleb128 0xb
 1372 00a5 0B       		.uleb128 0xb
 1373 00a6 00       		.byte	0
 1374 00a7 00       		.byte	0
 1375 00a8 0F       		.uleb128 0xf
 1376 00a9 13       		.uleb128 0x13
 1377 00aa 01       		.byte	0x1
 1378 00ab 03       		.uleb128 0x3
 1379 00ac 0E       		.uleb128 0xe
 1380 00ad 0B       		.uleb128 0xb
 1381 00ae 05       		.uleb128 0x5
 1382 00af 3A       		.uleb128 0x3a
 1383 00b0 0B       		.uleb128 0xb
 1384 00b1 3B       		.uleb128 0x3b
 1385 00b2 05       		.uleb128 0x5
 1386 00b3 01       		.uleb128 0x1
 1387 00b4 13       		.uleb128 0x13
 1388 00b5 00       		.byte	0
 1389 00b6 00       		.byte	0
 1390 00b7 10       		.uleb128 0x10
 1391 00b8 0D       		.uleb128 0xd
 1392 00b9 00       		.byte	0
 1393 00ba 03       		.uleb128 0x3
 1394 00bb 08       		.uleb128 0x8
 1395 00bc 3A       		.uleb128 0x3a
 1396 00bd 0B       		.uleb128 0xb
 1397 00be 3B       		.uleb128 0x3b
 1398 00bf 0B       		.uleb128 0xb
 1399 00c0 49       		.uleb128 0x49
 1400 00c1 13       		.uleb128 0x13
 1401 00c2 38       		.uleb128 0x38
 1402 00c3 0B       		.uleb128 0xb
 1403 00c4 00       		.byte	0
 1404 00c5 00       		.byte	0
 1405 00c6 11       		.uleb128 0x11
 1406 00c7 26       		.uleb128 0x26
 1407 00c8 00       		.byte	0
 1408 00c9 49       		.uleb128 0x49
 1409 00ca 13       		.uleb128 0x13
 1410 00cb 00       		.byte	0
 1411 00cc 00       		.byte	0
 1412 00cd 12       		.uleb128 0x12
 1413 00ce 13       		.uleb128 0x13
 1414 00cf 01       		.byte	0x1
 1415 00d0 0B       		.uleb128 0xb
 1416 00d1 0B       		.uleb128 0xb
 1417 00d2 3A       		.uleb128 0x3a
 1418 00d3 0B       		.uleb128 0xb
ARM GAS  C:\Users\jo\AppData\Local\Temp\cciR97B5.s 			page 26


 1419 00d4 3B       		.uleb128 0x3b
 1420 00d5 0B       		.uleb128 0xb
 1421 00d6 01       		.uleb128 0x1
 1422 00d7 13       		.uleb128 0x13
 1423 00d8 00       		.byte	0
 1424 00d9 00       		.byte	0
 1425 00da 13       		.uleb128 0x13
 1426 00db 17       		.uleb128 0x17
 1427 00dc 01       		.byte	0x1
 1428 00dd 0B       		.uleb128 0xb
 1429 00de 0B       		.uleb128 0xb
 1430 00df 3A       		.uleb128 0x3a
 1431 00e0 0B       		.uleb128 0xb
 1432 00e1 3B       		.uleb128 0x3b
 1433 00e2 0B       		.uleb128 0xb
 1434 00e3 01       		.uleb128 0x1
 1435 00e4 13       		.uleb128 0x13
 1436 00e5 00       		.byte	0
 1437 00e6 00       		.byte	0
 1438 00e7 14       		.uleb128 0x14
 1439 00e8 0D       		.uleb128 0xd
 1440 00e9 00       		.byte	0
 1441 00ea 03       		.uleb128 0x3
 1442 00eb 0E       		.uleb128 0xe
 1443 00ec 3A       		.uleb128 0x3a
 1444 00ed 0B       		.uleb128 0xb
 1445 00ee 3B       		.uleb128 0x3b
 1446 00ef 0B       		.uleb128 0xb
 1447 00f0 49       		.uleb128 0x49
 1448 00f1 13       		.uleb128 0x13
 1449 00f2 00       		.byte	0
 1450 00f3 00       		.byte	0
 1451 00f4 15       		.uleb128 0x15
 1452 00f5 0D       		.uleb128 0xd
 1453 00f6 00       		.byte	0
 1454 00f7 03       		.uleb128 0x3
 1455 00f8 0E       		.uleb128 0xe
 1456 00f9 3A       		.uleb128 0x3a
 1457 00fa 0B       		.uleb128 0xb
 1458 00fb 3B       		.uleb128 0x3b
 1459 00fc 05       		.uleb128 0x5
 1460 00fd 49       		.uleb128 0x49
 1461 00fe 13       		.uleb128 0x13
 1462 00ff 00       		.byte	0
 1463 0100 00       		.byte	0
 1464 0101 16       		.uleb128 0x16
 1465 0102 01       		.uleb128 0x1
 1466 0103 01       		.byte	0x1
 1467 0104 49       		.uleb128 0x49
 1468 0105 13       		.uleb128 0x13
 1469 0106 01       		.uleb128 0x1
 1470 0107 13       		.uleb128 0x13
 1471 0108 00       		.byte	0
 1472 0109 00       		.byte	0
 1473 010a 17       		.uleb128 0x17
 1474 010b 21       		.uleb128 0x21
 1475 010c 00       		.byte	0
ARM GAS  C:\Users\jo\AppData\Local\Temp\cciR97B5.s 			page 27


 1476 010d 49       		.uleb128 0x49
 1477 010e 13       		.uleb128 0x13
 1478 010f 2F       		.uleb128 0x2f
 1479 0110 0B       		.uleb128 0xb
 1480 0111 00       		.byte	0
 1481 0112 00       		.byte	0
 1482 0113 18       		.uleb128 0x18
 1483 0114 04       		.uleb128 0x4
 1484 0115 01       		.byte	0x1
 1485 0116 0B       		.uleb128 0xb
 1486 0117 0B       		.uleb128 0xb
 1487 0118 3A       		.uleb128 0x3a
 1488 0119 0B       		.uleb128 0xb
 1489 011a 3B       		.uleb128 0x3b
 1490 011b 0B       		.uleb128 0xb
 1491 011c 01       		.uleb128 0x1
 1492 011d 13       		.uleb128 0x13
 1493 011e 00       		.byte	0
 1494 011f 00       		.byte	0
 1495 0120 19       		.uleb128 0x19
 1496 0121 28       		.uleb128 0x28
 1497 0122 00       		.byte	0
 1498 0123 03       		.uleb128 0x3
 1499 0124 0E       		.uleb128 0xe
 1500 0125 1C       		.uleb128 0x1c
 1501 0126 0D       		.uleb128 0xd
 1502 0127 00       		.byte	0
 1503 0128 00       		.byte	0
 1504 0129 1A       		.uleb128 0x1a
 1505 012a 13       		.uleb128 0x13
 1506 012b 01       		.byte	0x1
 1507 012c 03       		.uleb128 0x3
 1508 012d 0E       		.uleb128 0xe
 1509 012e 0B       		.uleb128 0xb
 1510 012f 05       		.uleb128 0x5
 1511 0130 3A       		.uleb128 0x3a
 1512 0131 0B       		.uleb128 0xb
 1513 0132 3B       		.uleb128 0x3b
 1514 0133 0B       		.uleb128 0xb
 1515 0134 01       		.uleb128 0x1
 1516 0135 13       		.uleb128 0x13
 1517 0136 00       		.byte	0
 1518 0137 00       		.byte	0
 1519 0138 1B       		.uleb128 0x1b
 1520 0139 0D       		.uleb128 0xd
 1521 013a 00       		.byte	0
 1522 013b 03       		.uleb128 0x3
 1523 013c 08       		.uleb128 0x8
 1524 013d 3A       		.uleb128 0x3a
 1525 013e 0B       		.uleb128 0xb
 1526 013f 3B       		.uleb128 0x3b
 1527 0140 0B       		.uleb128 0xb
 1528 0141 49       		.uleb128 0x49
 1529 0142 13       		.uleb128 0x13
 1530 0143 38       		.uleb128 0x38
 1531 0144 05       		.uleb128 0x5
 1532 0145 00       		.byte	0
ARM GAS  C:\Users\jo\AppData\Local\Temp\cciR97B5.s 			page 28


 1533 0146 00       		.byte	0
 1534 0147 1C       		.uleb128 0x1c
 1535 0148 2E       		.uleb128 0x2e
 1536 0149 00       		.byte	0
 1537 014a 3F       		.uleb128 0x3f
 1538 014b 19       		.uleb128 0x19
 1539 014c 03       		.uleb128 0x3
 1540 014d 0E       		.uleb128 0xe
 1541 014e 3A       		.uleb128 0x3a
 1542 014f 0B       		.uleb128 0xb
 1543 0150 3B       		.uleb128 0x3b
 1544 0151 0B       		.uleb128 0xb
 1545 0152 27       		.uleb128 0x27
 1546 0153 19       		.uleb128 0x19
 1547 0154 11       		.uleb128 0x11
 1548 0155 01       		.uleb128 0x1
 1549 0156 12       		.uleb128 0x12
 1550 0157 06       		.uleb128 0x6
 1551 0158 40       		.uleb128 0x40
 1552 0159 18       		.uleb128 0x18
 1553 015a 9742     		.uleb128 0x2117
 1554 015c 19       		.uleb128 0x19
 1555 015d 00       		.byte	0
 1556 015e 00       		.byte	0
 1557 015f 1D       		.uleb128 0x1d
 1558 0160 34       		.uleb128 0x34
 1559 0161 00       		.byte	0
 1560 0162 03       		.uleb128 0x3
 1561 0163 0E       		.uleb128 0xe
 1562 0164 3A       		.uleb128 0x3a
 1563 0165 0B       		.uleb128 0xb
 1564 0166 3B       		.uleb128 0x3b
 1565 0167 05       		.uleb128 0x5
 1566 0168 49       		.uleb128 0x49
 1567 0169 13       		.uleb128 0x13
 1568 016a 3F       		.uleb128 0x3f
 1569 016b 19       		.uleb128 0x19
 1570 016c 3C       		.uleb128 0x3c
 1571 016d 19       		.uleb128 0x19
 1572 016e 00       		.byte	0
 1573 016f 00       		.byte	0
 1574 0170 1E       		.uleb128 0x1e
 1575 0171 34       		.uleb128 0x34
 1576 0172 00       		.byte	0
 1577 0173 03       		.uleb128 0x3
 1578 0174 08       		.uleb128 0x8
 1579 0175 3A       		.uleb128 0x3a
 1580 0176 0B       		.uleb128 0xb
 1581 0177 3B       		.uleb128 0x3b
 1582 0178 05       		.uleb128 0x5
 1583 0179 49       		.uleb128 0x49
 1584 017a 13       		.uleb128 0x13
 1585 017b 3F       		.uleb128 0x3f
 1586 017c 19       		.uleb128 0x19
 1587 017d 3C       		.uleb128 0x3c
 1588 017e 19       		.uleb128 0x19
 1589 017f 00       		.byte	0
ARM GAS  C:\Users\jo\AppData\Local\Temp\cciR97B5.s 			page 29


 1590 0180 00       		.byte	0
 1591 0181 1F       		.uleb128 0x1f
 1592 0182 34       		.uleb128 0x34
 1593 0183 00       		.byte	0
 1594 0184 03       		.uleb128 0x3
 1595 0185 0E       		.uleb128 0xe
 1596 0186 3A       		.uleb128 0x3a
 1597 0187 0B       		.uleb128 0xb
 1598 0188 3B       		.uleb128 0x3b
 1599 0189 0B       		.uleb128 0xb
 1600 018a 49       		.uleb128 0x49
 1601 018b 13       		.uleb128 0x13
 1602 018c 3F       		.uleb128 0x3f
 1603 018d 19       		.uleb128 0x19
 1604 018e 02       		.uleb128 0x2
 1605 018f 18       		.uleb128 0x18
 1606 0190 00       		.byte	0
 1607 0191 00       		.byte	0
 1608 0192 00       		.byte	0
 1609              		.section	.debug_aranges,"",%progbits
 1610 0000 1C000000 		.4byte	0x1c
 1611 0004 0200     		.2byte	0x2
 1612 0006 00000000 		.4byte	.Ldebug_info0
 1613 000a 04       		.byte	0x4
 1614 000b 00       		.byte	0
 1615 000c 0000     		.2byte	0
 1616 000e 0000     		.2byte	0
 1617 0010 00000000 		.4byte	.LFB256
 1618 0014 02000000 		.4byte	.LFE256-.LFB256
 1619 0018 00000000 		.4byte	0
 1620 001c 00000000 		.4byte	0
 1621              		.section	.debug_ranges,"",%progbits
 1622              	.Ldebug_ranges0:
 1623 0000 00000000 		.4byte	.LFB256
 1624 0004 02000000 		.4byte	.LFE256
 1625 0008 00000000 		.4byte	0
 1626 000c 00000000 		.4byte	0
 1627              		.section	.debug_line,"",%progbits
 1628              	.Ldebug_line0:
 1629 0000 D0020000 		.section	.debug_str,"MS",%progbits,1
 1629      0200BB02 
 1629      00000201 
 1629      FB0E0D00 
 1629      01010101 
 1630              	.LASF51:
 1631 0000 72656164 		.ascii	"ready_list_t\000"
 1631      795F6C69 
 1631      73745F74 
 1631      00
 1632              	.LASF2:
 1633 000d 73697A65 		.ascii	"size_t\000"
 1633      5F7400
 1634              	.LASF87:
 1635 0014 7264796D 		.ascii	"rdymsg\000"
 1635      736700
 1636              	.LASF19:
 1637 001b 75696E74 		.ascii	"uint64_t\000"
ARM GAS  C:\Users\jo\AppData\Local\Temp\cciR97B5.s 			page 30


 1637      36345F74 
 1637      00
 1638              	.LASF135:
 1639 0024 69705F66 		.ascii	"ip_frag\000"
 1639      72616700 
 1640              	.LASF3:
 1641 002c 5F5F7569 		.ascii	"__uint8_t\000"
 1641      6E74385F 
 1641      7400
 1642              	.LASF83:
 1643 0036 706F7274 		.ascii	"port_intctx\000"
 1643      5F696E74 
 1643      63747800 
 1644              	.LASF70:
 1645 0042 73797374 		.ascii	"system_debug_t\000"
 1645      656D5F64 
 1645      65627567 
 1645      5F7400
 1646              	.LASF118:
 1647 0051 63686B65 		.ascii	"chkerr\000"
 1647      727200
 1648              	.LASF14:
 1649 0058 6C6F6E67 		.ascii	"long long unsigned int\000"
 1649      206C6F6E 
 1649      6720756E 
 1649      7369676E 
 1649      65642069 
 1650              	.LASF88:
 1651 006f 65786974 		.ascii	"exitcode\000"
 1651      636F6465 
 1651      00
 1652              	.LASF112:
 1653 0078 4D454D50 		.ascii	"MEMP_PBUF_POOL\000"
 1653      5F504255 
 1653      465F504F 
 1653      4F4C00
 1654              	.LASF120:
 1655 0087 6D656D65 		.ascii	"memerr\000"
 1655      727200
 1656              	.LASF103:
 1657 008e 4D454D50 		.ascii	"MEMP_TCP_SEG\000"
 1657      5F544350 
 1657      5F534547 
 1657      00
 1658              	.LASF67:
 1659 009b 76697274 		.ascii	"virtual_timers_list_t\000"
 1659      75616C5F 
 1659      74696D65 
 1659      72735F6C 
 1659      6973745F 
 1660              	.LASF124:
 1661 00b1 63616368 		.ascii	"cachehit\000"
 1661      65686974 
 1661      00
 1662              	.LASF50:
 1663 00ba 63685F74 		.ascii	"ch_threads_queue\000"
 1663      68726561 
ARM GAS  C:\Users\jo\AppData\Local\Temp\cciR97B5.s 			page 31


 1663      64735F71 
 1663      75657565 
 1663      00
 1664              	.LASF123:
 1665 00cb 6F707465 		.ascii	"opterr\000"
 1665      727200
 1666              	.LASF31:
 1667 00d2 705F7072 		.ascii	"p_prio\000"
 1667      696F00
 1668              	.LASF12:
 1669 00d9 6C6F6E67 		.ascii	"long long int\000"
 1669      206C6F6E 
 1669      6720696E 
 1669      7400
 1670              	.LASF1:
 1671 00e7 7369676E 		.ascii	"signed char\000"
 1671      65642063 
 1671      68617200 
 1672              	.LASF11:
 1673 00f3 6C6F6E67 		.ascii	"long unsigned int\000"
 1673      20756E73 
 1673      69676E65 
 1673      6420696E 
 1673      7400
 1674              	.LASF45:
 1675 0105 705F6D70 		.ascii	"p_mpool\000"
 1675      6F6F6C00 
 1676              	.LASF92:
 1677 010d 6D5F7175 		.ascii	"m_queue\000"
 1677      65756500 
 1678              	.LASF76:
 1679 0115 76746C69 		.ascii	"vtlist\000"
 1679      737400
 1680              	.LASF104:
 1681 011c 4D454D50 		.ascii	"MEMP_REASSDATA\000"
 1681      5F524541 
 1681      53534441 
 1681      544100
 1682              	.LASF74:
 1683 012b 63685F73 		.ascii	"ch_system\000"
 1683      79737465 
 1683      6D00
 1684              	.LASF9:
 1685 0135 6C6F6E67 		.ascii	"long int\000"
 1685      20696E74 
 1685      00
 1686              	.LASF99:
 1687 013e 4D454D50 		.ascii	"MEMP_RAW_PCB\000"
 1687      5F524157 
 1687      5F504342 
 1687      00
 1688              	.LASF22:
 1689 014b 74737461 		.ascii	"tstate_t\000"
 1689      74655F74 
 1689      00
 1690              	.LASF134:
 1691 0154 65746861 		.ascii	"etharp\000"
ARM GAS  C:\Users\jo\AppData\Local\Temp\cciR97B5.s 			page 32


 1691      727000
 1692              	.LASF100:
 1693 015b 4D454D50 		.ascii	"MEMP_UDP_PCB\000"
 1693      5F554450 
 1693      5F504342 
 1693      00
 1694              	.LASF33:
 1695 0168 705F6E65 		.ascii	"p_newer\000"
 1695      77657200 
 1696              	.LASF56:
 1697 0170 725F6E65 		.ascii	"r_newer\000"
 1697      77657200 
 1698              	.LASF102:
 1699 0178 4D454D50 		.ascii	"MEMP_TCP_PCB_LISTEN\000"
 1699      5F544350 
 1699      5F504342 
 1699      5F4C4953 
 1699      54454E00 
 1700              	.LASF80:
 1701 018c 72656761 		.ascii	"regarm_t\000"
 1701      726D5F74 
 1701      00
 1702              	.LASF63:
 1703 0195 76745F70 		.ascii	"vt_prev\000"
 1703      72657600 
 1704              	.LASF133:
 1705 019d 6C696E6B 		.ascii	"link\000"
 1705      00
 1706              	.LASF75:
 1707 01a2 726C6973 		.ascii	"rlist\000"
 1707      7400
 1708              	.LASF95:
 1709 01a8 6D757465 		.ascii	"mutex_t\000"
 1709      785F7400 
 1710              	.LASF78:
 1711 01b0 69646C65 		.ascii	"idle_thread_wa\000"
 1711      5F746872 
 1711      6561645F 
 1711      776100
 1712              	.LASF106:
 1713 01bf 4D454D50 		.ascii	"MEMP_NETBUF\000"
 1713      5F4E4554 
 1713      42554600 
 1714              	.LASF122:
 1715 01cb 70726F74 		.ascii	"proterr\000"
 1715      65727200 
 1716              	.LASF0:
 1717 01d3 756E7369 		.ascii	"unsigned int\000"
 1717      676E6564 
 1717      20696E74 
 1717      00
 1718              	.LASF62:
 1719 01e0 76745F6E 		.ascii	"vt_next\000"
 1719      65787400 
 1720              	.LASF16:
 1721 01e8 75696E74 		.ascii	"uint16_t\000"
 1721      31365F74 
ARM GAS  C:\Users\jo\AppData\Local\Temp\cciR97B5.s 			page 33


 1721      00
 1722              	.LASF64:
 1723 01f1 76745F64 		.ascii	"vt_delta\000"
 1723      656C7461 
 1723      00
 1724              	.LASF40:
 1725 01fa 705F6D73 		.ascii	"p_msgqueue\000"
 1725      67717565 
 1725      756500
 1726              	.LASF116:
 1727 0205 72656376 		.ascii	"recv\000"
 1727      00
 1728              	.LASF101:
 1729 020a 4D454D50 		.ascii	"MEMP_TCP_PCB\000"
 1729      5F544350 
 1729      5F504342 
 1729      00
 1730              	.LASF7:
 1731 0217 73686F72 		.ascii	"short unsigned int\000"
 1731      7420756E 
 1731      7369676E 
 1731      65642069 
 1731      6E7400
 1732              	.LASF47:
 1733 022a 63685F74 		.ascii	"ch_thread\000"
 1733      68726561 
 1733      6400
 1734              	.LASF109:
 1735 0234 4D454D50 		.ascii	"MEMP_TCPIP_MSG_INPKT\000"
 1735      5F544350 
 1735      49505F4D 
 1735      53475F49 
 1735      4E504B54 
 1736              	.LASF25:
 1737 0249 6D73675F 		.ascii	"msg_t\000"
 1737      7400
 1738              	.LASF73:
 1739 024f 63685F73 		.ascii	"ch_system_t\000"
 1739      79737465 
 1739      6D5F7400 
 1740              	.LASF21:
 1741 025b 746D6F64 		.ascii	"tmode_t\000"
 1741      655F7400 
 1742              	.LASF52:
 1743 0263 63685F72 		.ascii	"ch_ready_list\000"
 1743      65616479 
 1743      5F6C6973 
 1743      7400
 1744              	.LASF26:
 1745 0271 6576656E 		.ascii	"eventmask_t\000"
 1745      746D6173 
 1745      6B5F7400 
 1746              	.LASF8:
 1747 027d 5F5F696E 		.ascii	"__int32_t\000"
 1747      7433325F 
 1747      7400
 1748              	.LASF130:
ARM GAS  C:\Users\jo\AppData\Local\Temp\cciR97B5.s 			page 34


 1749 0287 73746174 		.ascii	"stats_sys\000"
 1749      735F7379 
 1749      7300
 1750              	.LASF81:
 1751 0291 73746B61 		.ascii	"stkalign_t\000"
 1751      6C69676E 
 1751      5F7400
 1752              	.LASF113:
 1753 029c 4D454D50 		.ascii	"MEMP_MAX\000"
 1753      5F4D4158 
 1753      00
 1754              	.LASF39:
 1755 02a5 705F7761 		.ascii	"p_waiting\000"
 1755      6974696E 
 1755      6700
 1756              	.LASF79:
 1757 02af 73697A65 		.ascii	"sizetype\000"
 1757      74797065 
 1757      00
 1758              	.LASF68:
 1759 02b8 63685F76 		.ascii	"ch_virtual_timers_list\000"
 1759      69727475 
 1759      616C5F74 
 1759      696D6572 
 1759      735F6C69 
 1760              	.LASF69:
 1761 02cf 76745F6C 		.ascii	"vt_lasttime\000"
 1761      61737474 
 1761      696D6500 
 1762              	.LASF143:
 1763 02db 73746174 		.ascii	"stats_init\000"
 1763      735F696E 
 1763      697400
 1764              	.LASF34:
 1765 02e6 705F6F6C 		.ascii	"p_older\000"
 1765      64657200 
 1766              	.LASF55:
 1767 02ee 725F6374 		.ascii	"r_ctx\000"
 1767      7800
 1768              	.LASF86:
 1769 02f4 746D5F63 		.ascii	"tm_calibration_t\000"
 1769      616C6962 
 1769      72617469 
 1769      6F6E5F74 
 1769      00
 1770              	.LASF129:
 1771 0305 73746174 		.ascii	"stats_syselem\000"
 1771      735F7379 
 1771      73656C65 
 1771      6D00
 1772              	.LASF58:
 1773 0313 725F6375 		.ascii	"r_current\000"
 1773      7272656E 
 1773      7400
 1774              	.LASF57:
 1775 031d 725F6F6C 		.ascii	"r_older\000"
 1775      64657200 
ARM GAS  C:\Users\jo\AppData\Local\Temp\cciR97B5.s 			page 35


 1776              	.LASF132:
 1777 0325 73746174 		.ascii	"stats_\000"
 1777      735F00
 1778              	.LASF136:
 1779 032c 69636D70 		.ascii	"icmp\000"
 1779      00
 1780              	.LASF13:
 1781 0331 5F5F7569 		.ascii	"__uint64_t\000"
 1781      6E743634 
 1781      5F7400
 1782              	.LASF127:
 1783 033c 75736564 		.ascii	"used\000"
 1783      00
 1784              	.LASF131:
 1785 0341 6D626F78 		.ascii	"mbox\000"
 1785      00
 1786              	.LASF121:
 1787 0346 72746572 		.ascii	"rterr\000"
 1787      7200
 1788              	.LASF23:
 1789 034c 74726566 		.ascii	"trefs_t\000"
 1789      735F7400 
 1790              	.LASF60:
 1791 0354 76697274 		.ascii	"virtual_timer_t\000"
 1791      75616C5F 
 1791      74696D65 
 1791      725F7400 
 1792              	.LASF30:
 1793 0364 705F7072 		.ascii	"p_prev\000"
 1793      657600
 1794              	.LASF24:
 1795 036b 74707269 		.ascii	"tprio_t\000"
 1795      6F5F7400 
 1796              	.LASF91:
 1797 0373 6D757465 		.ascii	"mutex\000"
 1797      7800
 1798              	.LASF71:
 1799 0379 63685F73 		.ascii	"ch_system_debug\000"
 1799      79737465 
 1799      6D5F6465 
 1799      62756700 
 1800              	.LASF96:
 1801 0389 5F426F6F 		.ascii	"_Bool\000"
 1801      6C00
 1802              	.LASF17:
 1803 038f 696E7433 		.ascii	"int32_t\000"
 1803      325F7400 
 1804              	.LASF4:
 1805 0397 756E7369 		.ascii	"unsigned char\000"
 1805      676E6564 
 1805      20636861 
 1805      7200
 1806              	.LASF138:
 1807 03a5 49544D5F 		.ascii	"ITM_RxBuffer\000"
 1807      52784275 
 1807      66666572 
 1807      00
ARM GAS  C:\Users\jo\AppData\Local\Temp\cciR97B5.s 			page 36


 1808              	.LASF43:
 1809 03b2 705F6D74 		.ascii	"p_mtxlist\000"
 1809      786C6973 
 1809      7400
 1810              	.LASF5:
 1811 03bc 73686F72 		.ascii	"short int\000"
 1811      7420696E 
 1811      7400
 1812              	.LASF36:
 1813 03c6 705F7374 		.ascii	"p_state\000"
 1813      61746500 
 1814              	.LASF54:
 1815 03ce 725F7072 		.ascii	"r_prio\000"
 1815      696F00
 1816              	.LASF117:
 1817 03d5 64726F70 		.ascii	"drop\000"
 1817      00
 1818              	.LASF90:
 1819 03da 65776D61 		.ascii	"ewmask\000"
 1819      736B00
 1820              	.LASF29:
 1821 03e1 705F6E65 		.ascii	"p_next\000"
 1821      787400
 1822              	.LASF140:
 1823 03e8 474E5520 		.ascii	"GNU C 4.9.3 20141119 (release) [ARM/embedded-4_9-br"
 1823      4320342E 
 1823      392E3320 
 1823      32303134 
 1823      31313139 
 1824 041b 616E6368 		.ascii	"anch revision 218278] -mcpu=cortex-m4 -mfloat-abi=h"
 1824      20726576 
 1824      6973696F 
 1824      6E203231 
 1824      38323738 
 1825 044e 61726420 		.ascii	"ard -mfpu=fpv4-sp-d16 -mno-thumb-interwork -mthumb "
 1825      2D6D6670 
 1825      753D6670 
 1825      76342D73 
 1825      702D6431 
 1826 0481 2D676764 		.ascii	"-ggdb -O2 -fomit-frame-pointer -falign-functions=16"
 1826      62202D4F 
 1826      32202D66 
 1826      6F6D6974 
 1826      2D667261 
 1827 04b4 202D6666 		.ascii	" -ffunction-sections -fdata-sections -fno-common -f"
 1827      756E6374 
 1827      696F6E2D 
 1827      73656374 
 1827      696F6E73 
 1828 04e7 73696E67 		.ascii	"single-precision-constant\000"
 1828      6C652D70 
 1828      72656369 
 1828      73696F6E 
 1828      2D636F6E 
 1829              	.LASF139:
 1830 0501 6C776970 		.ascii	"lwip_stats\000"
 1830      5F737461 
ARM GAS  C:\Users\jo\AppData\Local\Temp\cciR97B5.s 			page 37


 1830      747300
 1831              	.LASF37:
 1832 050c 705F666C 		.ascii	"p_flags\000"
 1832      61677300 
 1833              	.LASF77:
 1834 0514 6D61696E 		.ascii	"mainthread\000"
 1834      74687265 
 1834      616400
 1835              	.LASF111:
 1836 051f 4D454D50 		.ascii	"MEMP_PBUF\000"
 1836      5F504255 
 1836      4600
 1837              	.LASF61:
 1838 0529 63685F76 		.ascii	"ch_virtual_timer\000"
 1838      69727475 
 1838      616C5F74 
 1838      696D6572 
 1838      00
 1839              	.LASF105:
 1840 053a 4D454D50 		.ascii	"MEMP_FRAG_PBUF\000"
 1840      5F465241 
 1840      475F5042 
 1840      554600
 1841              	.LASF42:
 1842 0549 705F6570 		.ascii	"p_epending\000"
 1842      656E6469 
 1842      6E6700
 1843              	.LASF110:
 1844 0554 4D454D50 		.ascii	"MEMP_SYS_TIMEOUT\000"
 1844      5F535953 
 1844      5F54494D 
 1844      454F5554 
 1844      00
 1845              	.LASF18:
 1846 0565 75696E74 		.ascii	"uint32_t\000"
 1846      33325F74 
 1846      00
 1847              	.LASF53:
 1848 056e 725F7175 		.ascii	"r_queue\000"
 1848      65756500 
 1849              	.LASF48:
 1850 0576 63685F74 		.ascii	"ch_threads_list\000"
 1850      68726561 
 1850      64735F6C 
 1850      69737400 
 1851              	.LASF108:
 1852 0586 4D454D50 		.ascii	"MEMP_TCPIP_MSG_API\000"
 1852      5F544350 
 1852      49505F4D 
 1852      53475F41 
 1852      504900
 1853              	.LASF141:
 1854 0599 2E2E2F2E 		.ascii	"../../../os/ext/lwip-1.4.1/src/core/stats.c\000"
 1854      2E2F2E2E 
 1854      2F6F732F 
 1854      6578742F 
 1854      6C776970 
ARM GAS  C:\Users\jo\AppData\Local\Temp\cciR97B5.s 			page 38


 1855              	.LASF84:
 1856 05c5 63686172 		.ascii	"char\000"
 1856      00
 1857              	.LASF142:
 1858 05ca 433A5C55 		.ascii	"C:\\Users\\jo\\Documents\\GitHub\\ChibiOS\\demos\\S"
 1858      73657273 
 1858      5C6A6F5C 
 1858      446F6375 
 1858      6D656E74 
 1859 05f6 544D3332 		.ascii	"TM32\\RT-STM32F407-DISCOVERY\000"
 1859      5C52542D 
 1859      53544D33 
 1859      32463430 
 1859      372D4449 
 1860              	.LASF6:
 1861 0612 5F5F7569 		.ascii	"__uint16_t\000"
 1861      6E743136 
 1861      5F7400
 1862              	.LASF137:
 1863 061d 6D656D70 		.ascii	"memp\000"
 1863      00
 1864              	.LASF107:
 1865 0622 4D454D50 		.ascii	"MEMP_NETCONN\000"
 1865      5F4E4554 
 1865      434F4E4E 
 1865      00
 1866              	.LASF28:
 1867 062f 74687265 		.ascii	"thread_t\000"
 1867      61645F74 
 1867      00
 1868              	.LASF94:
 1869 0638 6D5F6E65 		.ascii	"m_next\000"
 1869      787400
 1870              	.LASF27:
 1871 063f 73797374 		.ascii	"systime_t\000"
 1871      696D655F 
 1871      7400
 1872              	.LASF44:
 1873 0649 705F7265 		.ascii	"p_realprio\000"
 1873      616C7072 
 1873      696F00
 1874              	.LASF59:
 1875 0654 76746675 		.ascii	"vtfunc_t\000"
 1875      6E635F74 
 1875      00
 1876              	.LASF10:
 1877 065d 5F5F7569 		.ascii	"__uint32_t\000"
 1877      6E743332 
 1877      5F7400
 1878              	.LASF72:
 1879 0668 70616E69 		.ascii	"panic_msg\000"
 1879      635F6D73 
 1879      6700
 1880              	.LASF85:
 1881 0672 6F666673 		.ascii	"offset\000"
 1881      657400
 1882              	.LASF82:
ARM GAS  C:\Users\jo\AppData\Local\Temp\cciR97B5.s 			page 39


 1883 0679 636F6E74 		.ascii	"context\000"
 1883      65787400 
 1884              	.LASF128:
 1885 0681 696C6C65 		.ascii	"illegal\000"
 1885      67616C00 
 1886              	.LASF20:
 1887 0689 7274636E 		.ascii	"rtcnt_t\000"
 1887      745F7400 
 1888              	.LASF66:
 1889 0691 76745F70 		.ascii	"vt_par\000"
 1889      617200
 1890              	.LASF97:
 1891 0698 7531365F 		.ascii	"u16_t\000"
 1891      7400
 1892              	.LASF98:
 1893 069e 6D656D5F 		.ascii	"mem_size_t\000"
 1893      73697A65 
 1893      5F7400
 1894              	.LASF49:
 1895 06a9 74687265 		.ascii	"threads_queue_t\000"
 1895      6164735F 
 1895      71756575 
 1895      655F7400 
 1896              	.LASF119:
 1897 06b9 6C656E65 		.ascii	"lenerr\000"
 1897      727200
 1898              	.LASF125:
 1899 06c0 73746174 		.ascii	"stats_mem\000"
 1899      735F6D65 
 1899      6D00
 1900              	.LASF15:
 1901 06ca 75696E74 		.ascii	"uint8_t\000"
 1901      385F7400 
 1902              	.LASF115:
 1903 06d2 786D6974 		.ascii	"xmit\000"
 1903      00
 1904              	.LASF38:
 1905 06d7 705F7265 		.ascii	"p_refs\000"
 1905      667300
 1906              	.LASF126:
 1907 06de 61766169 		.ascii	"avail\000"
 1907      6C00
 1908              	.LASF89:
 1909 06e4 77746F62 		.ascii	"wtobjp\000"
 1909      6A7000
 1910              	.LASF35:
 1911 06eb 705F6E61 		.ascii	"p_name\000"
 1911      6D6500
 1912              	.LASF46:
 1913 06f2 74687265 		.ascii	"threads_list_t\000"
 1913      6164735F 
 1913      6C697374 
 1913      5F7400
 1914              	.LASF114:
 1915 0701 73746174 		.ascii	"stats_proto\000"
 1915      735F7072 
 1915      6F746F00 
ARM GAS  C:\Users\jo\AppData\Local\Temp\cciR97B5.s 			page 40


 1916              	.LASF41:
 1917 070d 705F6D73 		.ascii	"p_msg\000"
 1917      6700
 1918              	.LASF93:
 1919 0713 6D5F6F77 		.ascii	"m_owner\000"
 1919      6E657200 
 1920              	.LASF32:
 1921 071b 705F6374 		.ascii	"p_ctx\000"
 1921      7800
 1922              	.LASF65:
 1923 0721 76745F66 		.ascii	"vt_func\000"
 1923      756E6300 
 1924              		.ident	"GCC: (GNU Tools for ARM Embedded Processors) 4.9.3 20141119 (release) [ARM/embedded-4_9-br
ARM GAS  C:\Users\jo\AppData\Local\Temp\cciR97B5.s 			page 41


DEFINED SYMBOLS
                            *ABS*:00000000 stats.c
C:\Users\jo\AppData\Local\Temp\cciR97B5.s:21     .text.stats_init:00000000 $t
C:\Users\jo\AppData\Local\Temp\cciR97B5.s:27     .text.stats_init:00000000 stats_init
C:\Users\jo\AppData\Local\Temp\cciR97B5.s:44     .bss.lwip_stats:00000000 lwip_stats
C:\Users\jo\AppData\Local\Temp\cciR97B5.s:41     .bss.lwip_stats:00000000 $d
                     .debug_frame:00000010 $d

NO UNDEFINED SYMBOLS
